[2023-05-26 22:03:45,395] {processor.py:153} INFO - Started process (PID=26103) to work on /home/raf/pipeline-transform/.venv/lib/python3.9/site-packages/airflow/example_dags/example_latest_only_with_trigger.py
[2023-05-26 22:03:45,396] {processor.py:641} INFO - Processing file /home/raf/pipeline-transform/.venv/lib/python3.9/site-packages/airflow/example_dags/example_latest_only_with_trigger.py for tasks to queue
[2023-05-26 22:03:45,396] {logging_mixin.py:115} INFO - [2023-05-26 22:03:45,396] {dagbag.py:507} INFO - Filling up the DagBag from /home/raf/pipeline-transform/.venv/lib/python3.9/site-packages/airflow/example_dags/example_latest_only_with_trigger.py
[2023-05-26 22:03:45,401] {processor.py:651} INFO - DAG(s) dict_keys(['latest_only_with_trigger']) retrieved from /home/raf/pipeline-transform/.venv/lib/python3.9/site-packages/airflow/example_dags/example_latest_only_with_trigger.py
[2023-05-26 22:03:45,438] {logging_mixin.py:115} INFO - [2023-05-26 22:03:45,437] {dag.py:2379} INFO - Sync 1 DAGs
[2023-05-26 22:03:45,450] {logging_mixin.py:115} INFO - [2023-05-26 22:03:45,450] {dag.py:2927} INFO - Setting next_dagrun for latest_only_with_trigger to 2023-05-26T21:03:45.450375+00:00, run_after=2023-05-27T01:03:45.450375+00:00
[2023-05-26 22:03:45,488] {processor.py:161} INFO - Processing /home/raf/pipeline-transform/.venv/lib/python3.9/site-packages/airflow/example_dags/example_latest_only_with_trigger.py took 0.095 seconds
[2023-05-26 22:04:19,732] {processor.py:153} INFO - Started process (PID=26291) to work on /home/raf/pipeline-transform/.venv/lib/python3.9/site-packages/airflow/example_dags/example_latest_only_with_trigger.py
[2023-05-26 22:04:19,733] {processor.py:641} INFO - Processing file /home/raf/pipeline-transform/.venv/lib/python3.9/site-packages/airflow/example_dags/example_latest_only_with_trigger.py for tasks to queue
[2023-05-26 22:04:19,734] {logging_mixin.py:115} INFO - [2023-05-26 22:04:19,733] {dagbag.py:507} INFO - Filling up the DagBag from /home/raf/pipeline-transform/.venv/lib/python3.9/site-packages/airflow/example_dags/example_latest_only_with_trigger.py
[2023-05-26 22:04:19,739] {processor.py:651} INFO - DAG(s) dict_keys(['latest_only_with_trigger']) retrieved from /home/raf/pipeline-transform/.venv/lib/python3.9/site-packages/airflow/example_dags/example_latest_only_with_trigger.py
[2023-05-26 22:04:19,754] {logging_mixin.py:115} INFO - [2023-05-26 22:04:19,753] {dag.py:2379} INFO - Sync 1 DAGs
[2023-05-26 22:04:19,770] {logging_mixin.py:115} INFO - [2023-05-26 22:04:19,770] {dag.py:2927} INFO - Setting next_dagrun for latest_only_with_trigger to 2023-05-26T21:04:19.770040+00:00, run_after=2023-05-27T01:04:19.770040+00:00
[2023-05-26 22:04:19,789] {processor.py:161} INFO - Processing /home/raf/pipeline-transform/.venv/lib/python3.9/site-packages/airflow/example_dags/example_latest_only_with_trigger.py took 0.059 seconds
[2023-05-26 22:04:54,855] {processor.py:153} INFO - Started process (PID=26581) to work on /home/raf/pipeline-transform/.venv/lib/python3.9/site-packages/airflow/example_dags/example_latest_only_with_trigger.py
[2023-05-26 22:04:54,863] {processor.py:641} INFO - Processing file /home/raf/pipeline-transform/.venv/lib/python3.9/site-packages/airflow/example_dags/example_latest_only_with_trigger.py for tasks to queue
[2023-05-26 22:04:54,863] {logging_mixin.py:115} INFO - [2023-05-26 22:04:54,863] {dagbag.py:507} INFO - Filling up the DagBag from /home/raf/pipeline-transform/.venv/lib/python3.9/site-packages/airflow/example_dags/example_latest_only_with_trigger.py
[2023-05-26 22:04:54,870] {processor.py:651} INFO - DAG(s) dict_keys(['latest_only_with_trigger']) retrieved from /home/raf/pipeline-transform/.venv/lib/python3.9/site-packages/airflow/example_dags/example_latest_only_with_trigger.py
[2023-05-26 22:04:54,887] {logging_mixin.py:115} INFO - [2023-05-26 22:04:54,887] {dag.py:2379} INFO - Sync 1 DAGs
[2023-05-26 22:04:54,903] {logging_mixin.py:115} INFO - [2023-05-26 22:04:54,903] {dag.py:2927} INFO - Setting next_dagrun for latest_only_with_trigger to 2023-05-26T21:04:54.903080+00:00, run_after=2023-05-27T01:04:54.903080+00:00
[2023-05-26 22:04:54,924] {processor.py:161} INFO - Processing /home/raf/pipeline-transform/.venv/lib/python3.9/site-packages/airflow/example_dags/example_latest_only_with_trigger.py took 0.071 seconds
[2023-05-26 22:05:31,505] {processor.py:153} INFO - Started process (PID=26836) to work on /home/raf/pipeline-transform/.venv/lib/python3.9/site-packages/airflow/example_dags/example_latest_only_with_trigger.py
[2023-05-26 22:05:31,514] {processor.py:641} INFO - Processing file /home/raf/pipeline-transform/.venv/lib/python3.9/site-packages/airflow/example_dags/example_latest_only_with_trigger.py for tasks to queue
[2023-05-26 22:05:31,514] {logging_mixin.py:115} INFO - [2023-05-26 22:05:31,514] {dagbag.py:507} INFO - Filling up the DagBag from /home/raf/pipeline-transform/.venv/lib/python3.9/site-packages/airflow/example_dags/example_latest_only_with_trigger.py
[2023-05-26 22:05:31,521] {processor.py:651} INFO - DAG(s) dict_keys(['latest_only_with_trigger']) retrieved from /home/raf/pipeline-transform/.venv/lib/python3.9/site-packages/airflow/example_dags/example_latest_only_with_trigger.py
[2023-05-26 22:05:31,537] {logging_mixin.py:115} INFO - [2023-05-26 22:05:31,537] {dag.py:2379} INFO - Sync 1 DAGs
[2023-05-26 22:05:31,552] {logging_mixin.py:115} INFO - [2023-05-26 22:05:31,552] {dag.py:2927} INFO - Setting next_dagrun for latest_only_with_trigger to 2023-05-26T21:05:31.551893+00:00, run_after=2023-05-27T01:05:31.551893+00:00
[2023-05-26 22:05:31,570] {processor.py:161} INFO - Processing /home/raf/pipeline-transform/.venv/lib/python3.9/site-packages/airflow/example_dags/example_latest_only_with_trigger.py took 0.068 seconds
[2023-05-26 22:06:07,247] {processor.py:153} INFO - Started process (PID=26980) to work on /home/raf/pipeline-transform/.venv/lib/python3.9/site-packages/airflow/example_dags/example_latest_only_with_trigger.py
[2023-05-26 22:06:07,248] {processor.py:641} INFO - Processing file /home/raf/pipeline-transform/.venv/lib/python3.9/site-packages/airflow/example_dags/example_latest_only_with_trigger.py for tasks to queue
[2023-05-26 22:06:07,249] {logging_mixin.py:115} INFO - [2023-05-26 22:06:07,249] {dagbag.py:507} INFO - Filling up the DagBag from /home/raf/pipeline-transform/.venv/lib/python3.9/site-packages/airflow/example_dags/example_latest_only_with_trigger.py
[2023-05-26 22:06:07,255] {processor.py:651} INFO - DAG(s) dict_keys(['latest_only_with_trigger']) retrieved from /home/raf/pipeline-transform/.venv/lib/python3.9/site-packages/airflow/example_dags/example_latest_only_with_trigger.py
[2023-05-26 22:06:07,272] {logging_mixin.py:115} INFO - [2023-05-26 22:06:07,272] {dag.py:2379} INFO - Sync 1 DAGs
[2023-05-26 22:06:07,291] {logging_mixin.py:115} INFO - [2023-05-26 22:06:07,291] {dag.py:2927} INFO - Setting next_dagrun for latest_only_with_trigger to 2023-05-26T21:06:07.291265+00:00, run_after=2023-05-27T01:06:07.291265+00:00
[2023-05-26 22:06:07,315] {processor.py:161} INFO - Processing /home/raf/pipeline-transform/.venv/lib/python3.9/site-packages/airflow/example_dags/example_latest_only_with_trigger.py took 0.070 seconds
[2023-05-26 22:06:44,560] {processor.py:153} INFO - Started process (PID=27181) to work on /home/raf/pipeline-transform/.venv/lib/python3.9/site-packages/airflow/example_dags/example_latest_only_with_trigger.py
[2023-05-26 22:06:44,571] {processor.py:641} INFO - Processing file /home/raf/pipeline-transform/.venv/lib/python3.9/site-packages/airflow/example_dags/example_latest_only_with_trigger.py for tasks to queue
[2023-05-26 22:06:44,572] {logging_mixin.py:115} INFO - [2023-05-26 22:06:44,572] {dagbag.py:507} INFO - Filling up the DagBag from /home/raf/pipeline-transform/.venv/lib/python3.9/site-packages/airflow/example_dags/example_latest_only_with_trigger.py
[2023-05-26 22:06:44,576] {processor.py:651} INFO - DAG(s) dict_keys(['latest_only_with_trigger']) retrieved from /home/raf/pipeline-transform/.venv/lib/python3.9/site-packages/airflow/example_dags/example_latest_only_with_trigger.py
[2023-05-26 22:06:44,589] {logging_mixin.py:115} INFO - [2023-05-26 22:06:44,589] {dag.py:2379} INFO - Sync 1 DAGs
[2023-05-26 22:06:44,603] {logging_mixin.py:115} INFO - [2023-05-26 22:06:44,603] {dag.py:2927} INFO - Setting next_dagrun for latest_only_with_trigger to 2023-05-26T21:06:44.603494+00:00, run_after=2023-05-27T01:06:44.603494+00:00
[2023-05-26 22:06:44,622] {processor.py:161} INFO - Processing /home/raf/pipeline-transform/.venv/lib/python3.9/site-packages/airflow/example_dags/example_latest_only_with_trigger.py took 0.064 seconds
[2023-05-26 22:07:19,506] {processor.py:153} INFO - Started process (PID=27272) to work on /home/raf/pipeline-transform/.venv/lib/python3.9/site-packages/airflow/example_dags/example_latest_only_with_trigger.py
[2023-05-26 22:07:19,518] {processor.py:641} INFO - Processing file /home/raf/pipeline-transform/.venv/lib/python3.9/site-packages/airflow/example_dags/example_latest_only_with_trigger.py for tasks to queue
[2023-05-26 22:07:19,518] {logging_mixin.py:115} INFO - [2023-05-26 22:07:19,518] {dagbag.py:507} INFO - Filling up the DagBag from /home/raf/pipeline-transform/.venv/lib/python3.9/site-packages/airflow/example_dags/example_latest_only_with_trigger.py
[2023-05-26 22:07:19,523] {processor.py:651} INFO - DAG(s) dict_keys(['latest_only_with_trigger']) retrieved from /home/raf/pipeline-transform/.venv/lib/python3.9/site-packages/airflow/example_dags/example_latest_only_with_trigger.py
[2023-05-26 22:07:19,536] {logging_mixin.py:115} INFO - [2023-05-26 22:07:19,536] {dag.py:2379} INFO - Sync 1 DAGs
[2023-05-26 22:07:19,550] {logging_mixin.py:115} INFO - [2023-05-26 22:07:19,550] {dag.py:2927} INFO - Setting next_dagrun for latest_only_with_trigger to 2023-05-26T21:07:19.550053+00:00, run_after=2023-05-27T01:07:19.550053+00:00
[2023-05-26 22:07:19,568] {processor.py:161} INFO - Processing /home/raf/pipeline-transform/.venv/lib/python3.9/site-packages/airflow/example_dags/example_latest_only_with_trigger.py took 0.064 seconds
[2023-05-26 22:07:53,706] {processor.py:153} INFO - Started process (PID=27355) to work on /home/raf/pipeline-transform/.venv/lib/python3.9/site-packages/airflow/example_dags/example_latest_only_with_trigger.py
[2023-05-26 22:07:53,720] {processor.py:641} INFO - Processing file /home/raf/pipeline-transform/.venv/lib/python3.9/site-packages/airflow/example_dags/example_latest_only_with_trigger.py for tasks to queue
[2023-05-26 22:07:53,720] {logging_mixin.py:115} INFO - [2023-05-26 22:07:53,720] {dagbag.py:507} INFO - Filling up the DagBag from /home/raf/pipeline-transform/.venv/lib/python3.9/site-packages/airflow/example_dags/example_latest_only_with_trigger.py
[2023-05-26 22:07:53,725] {processor.py:651} INFO - DAG(s) dict_keys(['latest_only_with_trigger']) retrieved from /home/raf/pipeline-transform/.venv/lib/python3.9/site-packages/airflow/example_dags/example_latest_only_with_trigger.py
[2023-05-26 22:07:53,739] {logging_mixin.py:115} INFO - [2023-05-26 22:07:53,739] {dag.py:2379} INFO - Sync 1 DAGs
[2023-05-26 22:07:53,754] {logging_mixin.py:115} INFO - [2023-05-26 22:07:53,754] {dag.py:2927} INFO - Setting next_dagrun for latest_only_with_trigger to 2023-05-26T21:07:53.754424+00:00, run_after=2023-05-27T01:07:53.754424+00:00
[2023-05-26 22:07:53,773] {processor.py:161} INFO - Processing /home/raf/pipeline-transform/.venv/lib/python3.9/site-packages/airflow/example_dags/example_latest_only_with_trigger.py took 0.069 seconds
[2023-05-26 22:08:27,922] {processor.py:153} INFO - Started process (PID=27494) to work on /home/raf/pipeline-transform/.venv/lib/python3.9/site-packages/airflow/example_dags/example_latest_only_with_trigger.py
[2023-05-26 22:08:27,936] {processor.py:641} INFO - Processing file /home/raf/pipeline-transform/.venv/lib/python3.9/site-packages/airflow/example_dags/example_latest_only_with_trigger.py for tasks to queue
[2023-05-26 22:08:27,937] {logging_mixin.py:115} INFO - [2023-05-26 22:08:27,937] {dagbag.py:507} INFO - Filling up the DagBag from /home/raf/pipeline-transform/.venv/lib/python3.9/site-packages/airflow/example_dags/example_latest_only_with_trigger.py
[2023-05-26 22:08:27,942] {processor.py:651} INFO - DAG(s) dict_keys(['latest_only_with_trigger']) retrieved from /home/raf/pipeline-transform/.venv/lib/python3.9/site-packages/airflow/example_dags/example_latest_only_with_trigger.py
[2023-05-26 22:08:27,961] {logging_mixin.py:115} INFO - [2023-05-26 22:08:27,960] {dag.py:2379} INFO - Sync 1 DAGs
[2023-05-26 22:08:27,975] {logging_mixin.py:115} INFO - [2023-05-26 22:08:27,975] {dag.py:2927} INFO - Setting next_dagrun for latest_only_with_trigger to 2023-05-26T21:08:27.975308+00:00, run_after=2023-05-27T01:08:27.975308+00:00
[2023-05-26 22:08:27,993] {processor.py:161} INFO - Processing /home/raf/pipeline-transform/.venv/lib/python3.9/site-packages/airflow/example_dags/example_latest_only_with_trigger.py took 0.074 seconds
[2023-05-26 22:09:05,641] {processor.py:153} INFO - Started process (PID=27590) to work on /home/raf/pipeline-transform/.venv/lib/python3.9/site-packages/airflow/example_dags/example_latest_only_with_trigger.py
[2023-05-26 22:09:05,660] {processor.py:641} INFO - Processing file /home/raf/pipeline-transform/.venv/lib/python3.9/site-packages/airflow/example_dags/example_latest_only_with_trigger.py for tasks to queue
[2023-05-26 22:09:05,661] {logging_mixin.py:115} INFO - [2023-05-26 22:09:05,661] {dagbag.py:507} INFO - Filling up the DagBag from /home/raf/pipeline-transform/.venv/lib/python3.9/site-packages/airflow/example_dags/example_latest_only_with_trigger.py
[2023-05-26 22:09:05,665] {processor.py:651} INFO - DAG(s) dict_keys(['latest_only_with_trigger']) retrieved from /home/raf/pipeline-transform/.venv/lib/python3.9/site-packages/airflow/example_dags/example_latest_only_with_trigger.py
[2023-05-26 22:09:05,680] {logging_mixin.py:115} INFO - [2023-05-26 22:09:05,680] {dag.py:2379} INFO - Sync 1 DAGs
[2023-05-26 22:09:05,696] {logging_mixin.py:115} INFO - [2023-05-26 22:09:05,696] {dag.py:2927} INFO - Setting next_dagrun for latest_only_with_trigger to 2023-05-26T21:09:05.696255+00:00, run_after=2023-05-27T01:09:05.696255+00:00
[2023-05-26 22:09:05,714] {processor.py:161} INFO - Processing /home/raf/pipeline-transform/.venv/lib/python3.9/site-packages/airflow/example_dags/example_latest_only_with_trigger.py took 0.076 seconds
[2023-05-26 22:09:40,331] {processor.py:153} INFO - Started process (PID=27780) to work on /home/raf/pipeline-transform/.venv/lib/python3.9/site-packages/airflow/example_dags/example_latest_only_with_trigger.py
[2023-05-26 22:09:40,351] {processor.py:641} INFO - Processing file /home/raf/pipeline-transform/.venv/lib/python3.9/site-packages/airflow/example_dags/example_latest_only_with_trigger.py for tasks to queue
[2023-05-26 22:09:40,352] {logging_mixin.py:115} INFO - [2023-05-26 22:09:40,352] {dagbag.py:507} INFO - Filling up the DagBag from /home/raf/pipeline-transform/.venv/lib/python3.9/site-packages/airflow/example_dags/example_latest_only_with_trigger.py
[2023-05-26 22:09:40,356] {processor.py:651} INFO - DAG(s) dict_keys(['latest_only_with_trigger']) retrieved from /home/raf/pipeline-transform/.venv/lib/python3.9/site-packages/airflow/example_dags/example_latest_only_with_trigger.py
[2023-05-26 22:09:40,370] {logging_mixin.py:115} INFO - [2023-05-26 22:09:40,370] {dag.py:2379} INFO - Sync 1 DAGs
[2023-05-26 22:09:40,385] {logging_mixin.py:115} INFO - [2023-05-26 22:09:40,385] {dag.py:2927} INFO - Setting next_dagrun for latest_only_with_trigger to 2023-05-26T21:09:40.385079+00:00, run_after=2023-05-27T01:09:40.385079+00:00
[2023-05-26 22:09:40,402] {processor.py:161} INFO - Processing /home/raf/pipeline-transform/.venv/lib/python3.9/site-packages/airflow/example_dags/example_latest_only_with_trigger.py took 0.074 seconds
[2023-05-26 22:10:17,177] {processor.py:153} INFO - Started process (PID=27871) to work on /home/raf/pipeline-transform/.venv/lib/python3.9/site-packages/airflow/example_dags/example_latest_only_with_trigger.py
[2023-05-26 22:10:17,198] {processor.py:641} INFO - Processing file /home/raf/pipeline-transform/.venv/lib/python3.9/site-packages/airflow/example_dags/example_latest_only_with_trigger.py for tasks to queue
[2023-05-26 22:10:17,199] {logging_mixin.py:115} INFO - [2023-05-26 22:10:17,199] {dagbag.py:507} INFO - Filling up the DagBag from /home/raf/pipeline-transform/.venv/lib/python3.9/site-packages/airflow/example_dags/example_latest_only_with_trigger.py
[2023-05-26 22:10:17,204] {processor.py:651} INFO - DAG(s) dict_keys(['latest_only_with_trigger']) retrieved from /home/raf/pipeline-transform/.venv/lib/python3.9/site-packages/airflow/example_dags/example_latest_only_with_trigger.py
[2023-05-26 22:10:17,402] {logging_mixin.py:115} INFO - [2023-05-26 22:10:17,402] {dag.py:2379} INFO - Sync 1 DAGs
[2023-05-26 22:10:17,416] {logging_mixin.py:115} INFO - [2023-05-26 22:10:17,416] {dag.py:2927} INFO - Setting next_dagrun for latest_only_with_trigger to 2023-05-26T21:10:17.416571+00:00, run_after=2023-05-27T01:10:17.416571+00:00
[2023-05-26 22:10:17,435] {processor.py:161} INFO - Processing /home/raf/pipeline-transform/.venv/lib/python3.9/site-packages/airflow/example_dags/example_latest_only_with_trigger.py took 0.261 seconds
[2023-05-26 22:10:52,483] {processor.py:153} INFO - Started process (PID=27959) to work on /home/raf/pipeline-transform/.venv/lib/python3.9/site-packages/airflow/example_dags/example_latest_only_with_trigger.py
[2023-05-26 22:10:52,505] {processor.py:641} INFO - Processing file /home/raf/pipeline-transform/.venv/lib/python3.9/site-packages/airflow/example_dags/example_latest_only_with_trigger.py for tasks to queue
[2023-05-26 22:10:52,506] {logging_mixin.py:115} INFO - [2023-05-26 22:10:52,506] {dagbag.py:507} INFO - Filling up the DagBag from /home/raf/pipeline-transform/.venv/lib/python3.9/site-packages/airflow/example_dags/example_latest_only_with_trigger.py
[2023-05-26 22:10:52,511] {processor.py:651} INFO - DAG(s) dict_keys(['latest_only_with_trigger']) retrieved from /home/raf/pipeline-transform/.venv/lib/python3.9/site-packages/airflow/example_dags/example_latest_only_with_trigger.py
[2023-05-26 22:10:52,524] {logging_mixin.py:115} INFO - [2023-05-26 22:10:52,524] {dag.py:2379} INFO - Sync 1 DAGs
[2023-05-26 22:10:52,539] {logging_mixin.py:115} INFO - [2023-05-26 22:10:52,539] {dag.py:2927} INFO - Setting next_dagrun for latest_only_with_trigger to 2023-05-26T21:10:52.538770+00:00, run_after=2023-05-27T01:10:52.538770+00:00
[2023-05-26 22:10:52,556] {processor.py:161} INFO - Processing /home/raf/pipeline-transform/.venv/lib/python3.9/site-packages/airflow/example_dags/example_latest_only_with_trigger.py took 0.075 seconds
[2023-05-26 22:11:30,371] {processor.py:153} INFO - Started process (PID=28054) to work on /home/raf/pipeline-transform/.venv/lib/python3.9/site-packages/airflow/example_dags/example_latest_only_with_trigger.py
[2023-05-26 22:11:30,397] {processor.py:641} INFO - Processing file /home/raf/pipeline-transform/.venv/lib/python3.9/site-packages/airflow/example_dags/example_latest_only_with_trigger.py for tasks to queue
[2023-05-26 22:11:30,398] {logging_mixin.py:115} INFO - [2023-05-26 22:11:30,398] {dagbag.py:507} INFO - Filling up the DagBag from /home/raf/pipeline-transform/.venv/lib/python3.9/site-packages/airflow/example_dags/example_latest_only_with_trigger.py
[2023-05-26 22:11:30,403] {processor.py:651} INFO - DAG(s) dict_keys(['latest_only_with_trigger']) retrieved from /home/raf/pipeline-transform/.venv/lib/python3.9/site-packages/airflow/example_dags/example_latest_only_with_trigger.py
[2023-05-26 22:11:30,419] {logging_mixin.py:115} INFO - [2023-05-26 22:11:30,419] {dag.py:2379} INFO - Sync 1 DAGs
[2023-05-26 22:11:30,447] {logging_mixin.py:115} INFO - [2023-05-26 22:11:30,447] {dag.py:2927} INFO - Setting next_dagrun for latest_only_with_trigger to 2023-05-26T21:11:30.446853+00:00, run_after=2023-05-27T01:11:30.446853+00:00
[2023-05-26 22:11:30,482] {processor.py:161} INFO - Processing /home/raf/pipeline-transform/.venv/lib/python3.9/site-packages/airflow/example_dags/example_latest_only_with_trigger.py took 0.114 seconds
[2023-05-26 22:12:08,581] {processor.py:153} INFO - Started process (PID=28161) to work on /home/raf/pipeline-transform/.venv/lib/python3.9/site-packages/airflow/example_dags/example_latest_only_with_trigger.py
[2023-05-26 22:12:08,582] {processor.py:641} INFO - Processing file /home/raf/pipeline-transform/.venv/lib/python3.9/site-packages/airflow/example_dags/example_latest_only_with_trigger.py for tasks to queue
[2023-05-26 22:12:08,583] {logging_mixin.py:115} INFO - [2023-05-26 22:12:08,583] {dagbag.py:507} INFO - Filling up the DagBag from /home/raf/pipeline-transform/.venv/lib/python3.9/site-packages/airflow/example_dags/example_latest_only_with_trigger.py
[2023-05-26 22:12:08,588] {processor.py:651} INFO - DAG(s) dict_keys(['latest_only_with_trigger']) retrieved from /home/raf/pipeline-transform/.venv/lib/python3.9/site-packages/airflow/example_dags/example_latest_only_with_trigger.py
[2023-05-26 22:12:08,605] {logging_mixin.py:115} INFO - [2023-05-26 22:12:08,605] {dag.py:2379} INFO - Sync 1 DAGs
[2023-05-26 22:12:08,623] {logging_mixin.py:115} INFO - [2023-05-26 22:12:08,622] {dag.py:2927} INFO - Setting next_dagrun for latest_only_with_trigger to 2023-05-26T21:12:08.622756+00:00, run_after=2023-05-27T01:12:08.622756+00:00
[2023-05-26 22:12:08,643] {processor.py:161} INFO - Processing /home/raf/pipeline-transform/.venv/lib/python3.9/site-packages/airflow/example_dags/example_latest_only_with_trigger.py took 0.066 seconds
[2023-05-26 22:12:47,163] {processor.py:153} INFO - Started process (PID=28411) to work on /home/raf/pipeline-transform/.venv/lib/python3.9/site-packages/airflow/example_dags/example_latest_only_with_trigger.py
[2023-05-26 22:12:47,168] {processor.py:641} INFO - Processing file /home/raf/pipeline-transform/.venv/lib/python3.9/site-packages/airflow/example_dags/example_latest_only_with_trigger.py for tasks to queue
[2023-05-26 22:12:47,168] {logging_mixin.py:115} INFO - [2023-05-26 22:12:47,168] {dagbag.py:507} INFO - Filling up the DagBag from /home/raf/pipeline-transform/.venv/lib/python3.9/site-packages/airflow/example_dags/example_latest_only_with_trigger.py
[2023-05-26 22:12:47,173] {processor.py:651} INFO - DAG(s) dict_keys(['latest_only_with_trigger']) retrieved from /home/raf/pipeline-transform/.venv/lib/python3.9/site-packages/airflow/example_dags/example_latest_only_with_trigger.py
[2023-05-26 22:12:47,187] {logging_mixin.py:115} INFO - [2023-05-26 22:12:47,186] {dag.py:2379} INFO - Sync 1 DAGs
[2023-05-26 22:12:47,201] {logging_mixin.py:115} INFO - [2023-05-26 22:12:47,201] {dag.py:2927} INFO - Setting next_dagrun for latest_only_with_trigger to 2023-05-26T21:12:47.201619+00:00, run_after=2023-05-27T01:12:47.201619+00:00
[2023-05-26 22:12:47,219] {processor.py:161} INFO - Processing /home/raf/pipeline-transform/.venv/lib/python3.9/site-packages/airflow/example_dags/example_latest_only_with_trigger.py took 0.058 seconds
[2023-05-26 22:13:21,324] {processor.py:153} INFO - Started process (PID=28546) to work on /home/raf/pipeline-transform/.venv/lib/python3.9/site-packages/airflow/example_dags/example_latest_only_with_trigger.py
[2023-05-26 22:13:21,328] {processor.py:641} INFO - Processing file /home/raf/pipeline-transform/.venv/lib/python3.9/site-packages/airflow/example_dags/example_latest_only_with_trigger.py for tasks to queue
[2023-05-26 22:13:21,328] {logging_mixin.py:115} INFO - [2023-05-26 22:13:21,328] {dagbag.py:507} INFO - Filling up the DagBag from /home/raf/pipeline-transform/.venv/lib/python3.9/site-packages/airflow/example_dags/example_latest_only_with_trigger.py
[2023-05-26 22:13:21,333] {processor.py:651} INFO - DAG(s) dict_keys(['latest_only_with_trigger']) retrieved from /home/raf/pipeline-transform/.venv/lib/python3.9/site-packages/airflow/example_dags/example_latest_only_with_trigger.py
[2023-05-26 22:13:21,347] {logging_mixin.py:115} INFO - [2023-05-26 22:13:21,347] {dag.py:2379} INFO - Sync 1 DAGs
[2023-05-26 22:13:21,361] {logging_mixin.py:115} INFO - [2023-05-26 22:13:21,361] {dag.py:2927} INFO - Setting next_dagrun for latest_only_with_trigger to 2023-05-26T21:13:21.361622+00:00, run_after=2023-05-27T01:13:21.361622+00:00
[2023-05-26 22:13:21,383] {processor.py:161} INFO - Processing /home/raf/pipeline-transform/.venv/lib/python3.9/site-packages/airflow/example_dags/example_latest_only_with_trigger.py took 0.061 seconds
[2023-05-26 22:13:57,512] {processor.py:153} INFO - Started process (PID=28640) to work on /home/raf/pipeline-transform/.venv/lib/python3.9/site-packages/airflow/example_dags/example_latest_only_with_trigger.py
[2023-05-26 22:13:57,531] {processor.py:641} INFO - Processing file /home/raf/pipeline-transform/.venv/lib/python3.9/site-packages/airflow/example_dags/example_latest_only_with_trigger.py for tasks to queue
[2023-05-26 22:13:57,531] {logging_mixin.py:115} INFO - [2023-05-26 22:13:57,531] {dagbag.py:507} INFO - Filling up the DagBag from /home/raf/pipeline-transform/.venv/lib/python3.9/site-packages/airflow/example_dags/example_latest_only_with_trigger.py
[2023-05-26 22:13:57,536] {processor.py:651} INFO - DAG(s) dict_keys(['latest_only_with_trigger']) retrieved from /home/raf/pipeline-transform/.venv/lib/python3.9/site-packages/airflow/example_dags/example_latest_only_with_trigger.py
[2023-05-26 22:13:57,550] {logging_mixin.py:115} INFO - [2023-05-26 22:13:57,550] {dag.py:2379} INFO - Sync 1 DAGs
[2023-05-26 22:13:57,565] {logging_mixin.py:115} INFO - [2023-05-26 22:13:57,565] {dag.py:2927} INFO - Setting next_dagrun for latest_only_with_trigger to 2023-05-26T21:13:57.565060+00:00, run_after=2023-05-27T01:13:57.565060+00:00
[2023-05-26 22:13:57,587] {processor.py:161} INFO - Processing /home/raf/pipeline-transform/.venv/lib/python3.9/site-packages/airflow/example_dags/example_latest_only_with_trigger.py took 0.077 seconds
[2023-05-26 22:14:34,745] {processor.py:153} INFO - Started process (PID=28731) to work on /home/raf/pipeline-transform/.venv/lib/python3.9/site-packages/airflow/example_dags/example_latest_only_with_trigger.py
[2023-05-26 22:14:34,764] {processor.py:641} INFO - Processing file /home/raf/pipeline-transform/.venv/lib/python3.9/site-packages/airflow/example_dags/example_latest_only_with_trigger.py for tasks to queue
[2023-05-26 22:14:34,766] {logging_mixin.py:115} INFO - [2023-05-26 22:14:34,765] {dagbag.py:507} INFO - Filling up the DagBag from /home/raf/pipeline-transform/.venv/lib/python3.9/site-packages/airflow/example_dags/example_latest_only_with_trigger.py
[2023-05-26 22:14:34,770] {processor.py:651} INFO - DAG(s) dict_keys(['latest_only_with_trigger']) retrieved from /home/raf/pipeline-transform/.venv/lib/python3.9/site-packages/airflow/example_dags/example_latest_only_with_trigger.py
[2023-05-26 22:14:34,786] {logging_mixin.py:115} INFO - [2023-05-26 22:14:34,786] {dag.py:2379} INFO - Sync 1 DAGs
[2023-05-26 22:14:34,802] {logging_mixin.py:115} INFO - [2023-05-26 22:14:34,802] {dag.py:2927} INFO - Setting next_dagrun for latest_only_with_trigger to 2023-05-26T21:14:34.802304+00:00, run_after=2023-05-27T01:14:34.802304+00:00
[2023-05-26 22:14:34,823] {processor.py:161} INFO - Processing /home/raf/pipeline-transform/.venv/lib/python3.9/site-packages/airflow/example_dags/example_latest_only_with_trigger.py took 0.081 seconds
[2023-05-26 22:15:09,752] {processor.py:153} INFO - Started process (PID=28818) to work on /home/raf/pipeline-transform/.venv/lib/python3.9/site-packages/airflow/example_dags/example_latest_only_with_trigger.py
[2023-05-26 22:15:09,773] {processor.py:641} INFO - Processing file /home/raf/pipeline-transform/.venv/lib/python3.9/site-packages/airflow/example_dags/example_latest_only_with_trigger.py for tasks to queue
[2023-05-26 22:15:09,773] {logging_mixin.py:115} INFO - [2023-05-26 22:15:09,773] {dagbag.py:507} INFO - Filling up the DagBag from /home/raf/pipeline-transform/.venv/lib/python3.9/site-packages/airflow/example_dags/example_latest_only_with_trigger.py
[2023-05-26 22:15:09,778] {processor.py:651} INFO - DAG(s) dict_keys(['latest_only_with_trigger']) retrieved from /home/raf/pipeline-transform/.venv/lib/python3.9/site-packages/airflow/example_dags/example_latest_only_with_trigger.py
[2023-05-26 22:15:09,792] {logging_mixin.py:115} INFO - [2023-05-26 22:15:09,792] {dag.py:2379} INFO - Sync 1 DAGs
[2023-05-26 22:15:09,806] {logging_mixin.py:115} INFO - [2023-05-26 22:15:09,806] {dag.py:2927} INFO - Setting next_dagrun for latest_only_with_trigger to 2023-05-26T21:15:09.806572+00:00, run_after=2023-05-27T01:15:09.806572+00:00
[2023-05-26 22:15:09,826] {processor.py:161} INFO - Processing /home/raf/pipeline-transform/.venv/lib/python3.9/site-packages/airflow/example_dags/example_latest_only_with_trigger.py took 0.076 seconds
[2023-05-26 22:15:46,073] {processor.py:153} INFO - Started process (PID=28906) to work on /home/raf/pipeline-transform/.venv/lib/python3.9/site-packages/airflow/example_dags/example_latest_only_with_trigger.py
[2023-05-26 22:15:46,097] {processor.py:641} INFO - Processing file /home/raf/pipeline-transform/.venv/lib/python3.9/site-packages/airflow/example_dags/example_latest_only_with_trigger.py for tasks to queue
[2023-05-26 22:15:46,097] {logging_mixin.py:115} INFO - [2023-05-26 22:15:46,097] {dagbag.py:507} INFO - Filling up the DagBag from /home/raf/pipeline-transform/.venv/lib/python3.9/site-packages/airflow/example_dags/example_latest_only_with_trigger.py
[2023-05-26 22:15:46,102] {processor.py:651} INFO - DAG(s) dict_keys(['latest_only_with_trigger']) retrieved from /home/raf/pipeline-transform/.venv/lib/python3.9/site-packages/airflow/example_dags/example_latest_only_with_trigger.py
[2023-05-26 22:15:46,115] {logging_mixin.py:115} INFO - [2023-05-26 22:15:46,115] {dag.py:2379} INFO - Sync 1 DAGs
[2023-05-26 22:15:46,130] {logging_mixin.py:115} INFO - [2023-05-26 22:15:46,130] {dag.py:2927} INFO - Setting next_dagrun for latest_only_with_trigger to 2023-05-26T21:15:46.130603+00:00, run_after=2023-05-27T01:15:46.130603+00:00
[2023-05-26 22:15:46,149] {processor.py:161} INFO - Processing /home/raf/pipeline-transform/.venv/lib/python3.9/site-packages/airflow/example_dags/example_latest_only_with_trigger.py took 0.078 seconds
[2023-05-26 22:16:23,448] {processor.py:153} INFO - Started process (PID=29000) to work on /home/raf/pipeline-transform/.venv/lib/python3.9/site-packages/airflow/example_dags/example_latest_only_with_trigger.py
[2023-05-26 22:16:23,473] {processor.py:641} INFO - Processing file /home/raf/pipeline-transform/.venv/lib/python3.9/site-packages/airflow/example_dags/example_latest_only_with_trigger.py for tasks to queue
[2023-05-26 22:16:23,473] {logging_mixin.py:115} INFO - [2023-05-26 22:16:23,473] {dagbag.py:507} INFO - Filling up the DagBag from /home/raf/pipeline-transform/.venv/lib/python3.9/site-packages/airflow/example_dags/example_latest_only_with_trigger.py
[2023-05-26 22:16:23,478] {processor.py:651} INFO - DAG(s) dict_keys(['latest_only_with_trigger']) retrieved from /home/raf/pipeline-transform/.venv/lib/python3.9/site-packages/airflow/example_dags/example_latest_only_with_trigger.py
[2023-05-26 22:16:23,492] {logging_mixin.py:115} INFO - [2023-05-26 22:16:23,492] {dag.py:2379} INFO - Sync 1 DAGs
[2023-05-26 22:16:23,507] {logging_mixin.py:115} INFO - [2023-05-26 22:16:23,507] {dag.py:2927} INFO - Setting next_dagrun for latest_only_with_trigger to 2023-05-26T21:16:23.506869+00:00, run_after=2023-05-27T01:16:23.506869+00:00
[2023-05-26 22:16:23,528] {processor.py:161} INFO - Processing /home/raf/pipeline-transform/.venv/lib/python3.9/site-packages/airflow/example_dags/example_latest_only_with_trigger.py took 0.082 seconds
[2023-05-26 22:16:58,750] {processor.py:153} INFO - Started process (PID=29088) to work on /home/raf/pipeline-transform/.venv/lib/python3.9/site-packages/airflow/example_dags/example_latest_only_with_trigger.py
[2023-05-26 22:16:58,761] {processor.py:641} INFO - Processing file /home/raf/pipeline-transform/.venv/lib/python3.9/site-packages/airflow/example_dags/example_latest_only_with_trigger.py for tasks to queue
[2023-05-26 22:16:58,762] {logging_mixin.py:115} INFO - [2023-05-26 22:16:58,762] {dagbag.py:507} INFO - Filling up the DagBag from /home/raf/pipeline-transform/.venv/lib/python3.9/site-packages/airflow/example_dags/example_latest_only_with_trigger.py
[2023-05-26 22:16:58,767] {processor.py:651} INFO - DAG(s) dict_keys(['latest_only_with_trigger']) retrieved from /home/raf/pipeline-transform/.venv/lib/python3.9/site-packages/airflow/example_dags/example_latest_only_with_trigger.py
[2023-05-26 22:16:58,780] {logging_mixin.py:115} INFO - [2023-05-26 22:16:58,780] {dag.py:2379} INFO - Sync 1 DAGs
[2023-05-26 22:16:58,795] {logging_mixin.py:115} INFO - [2023-05-26 22:16:58,795] {dag.py:2927} INFO - Setting next_dagrun for latest_only_with_trigger to 2023-05-26T21:16:58.795497+00:00, run_after=2023-05-27T01:16:58.795497+00:00
[2023-05-26 22:16:58,817] {processor.py:161} INFO - Processing /home/raf/pipeline-transform/.venv/lib/python3.9/site-packages/airflow/example_dags/example_latest_only_with_trigger.py took 0.070 seconds
[2023-05-26 22:17:35,982] {processor.py:153} INFO - Started process (PID=29179) to work on /home/raf/pipeline-transform/.venv/lib/python3.9/site-packages/airflow/example_dags/example_latest_only_with_trigger.py
[2023-05-26 22:17:36,009] {processor.py:641} INFO - Processing file /home/raf/pipeline-transform/.venv/lib/python3.9/site-packages/airflow/example_dags/example_latest_only_with_trigger.py for tasks to queue
[2023-05-26 22:17:36,009] {logging_mixin.py:115} INFO - [2023-05-26 22:17:36,009] {dagbag.py:507} INFO - Filling up the DagBag from /home/raf/pipeline-transform/.venv/lib/python3.9/site-packages/airflow/example_dags/example_latest_only_with_trigger.py
[2023-05-26 22:17:36,014] {processor.py:651} INFO - DAG(s) dict_keys(['latest_only_with_trigger']) retrieved from /home/raf/pipeline-transform/.venv/lib/python3.9/site-packages/airflow/example_dags/example_latest_only_with_trigger.py
[2023-05-26 22:17:36,028] {logging_mixin.py:115} INFO - [2023-05-26 22:17:36,028] {dag.py:2379} INFO - Sync 1 DAGs
[2023-05-26 22:17:36,043] {logging_mixin.py:115} INFO - [2023-05-26 22:17:36,043] {dag.py:2927} INFO - Setting next_dagrun for latest_only_with_trigger to 2023-05-26T21:17:36.043432+00:00, run_after=2023-05-27T01:17:36.043432+00:00
[2023-05-26 22:17:36,063] {processor.py:161} INFO - Processing /home/raf/pipeline-transform/.venv/lib/python3.9/site-packages/airflow/example_dags/example_latest_only_with_trigger.py took 0.083 seconds
[2023-05-26 22:18:11,155] {processor.py:153} INFO - Started process (PID=29265) to work on /home/raf/pipeline-transform/.venv/lib/python3.9/site-packages/airflow/example_dags/example_latest_only_with_trigger.py
[2023-05-26 22:18:11,159] {processor.py:641} INFO - Processing file /home/raf/pipeline-transform/.venv/lib/python3.9/site-packages/airflow/example_dags/example_latest_only_with_trigger.py for tasks to queue
[2023-05-26 22:18:11,159] {logging_mixin.py:115} INFO - [2023-05-26 22:18:11,159] {dagbag.py:507} INFO - Filling up the DagBag from /home/raf/pipeline-transform/.venv/lib/python3.9/site-packages/airflow/example_dags/example_latest_only_with_trigger.py
[2023-05-26 22:18:11,164] {processor.py:651} INFO - DAG(s) dict_keys(['latest_only_with_trigger']) retrieved from /home/raf/pipeline-transform/.venv/lib/python3.9/site-packages/airflow/example_dags/example_latest_only_with_trigger.py
[2023-05-26 22:18:11,177] {logging_mixin.py:115} INFO - [2023-05-26 22:18:11,177] {dag.py:2379} INFO - Sync 1 DAGs
[2023-05-26 22:18:11,192] {logging_mixin.py:115} INFO - [2023-05-26 22:18:11,192] {dag.py:2927} INFO - Setting next_dagrun for latest_only_with_trigger to 2023-05-26T21:18:11.192353+00:00, run_after=2023-05-27T01:18:11.192353+00:00
[2023-05-26 22:18:11,213] {processor.py:161} INFO - Processing /home/raf/pipeline-transform/.venv/lib/python3.9/site-packages/airflow/example_dags/example_latest_only_with_trigger.py took 0.061 seconds
[2023-05-26 22:18:48,488] {processor.py:153} INFO - Started process (PID=29407) to work on /home/raf/pipeline-transform/.venv/lib/python3.9/site-packages/airflow/example_dags/example_latest_only_with_trigger.py
[2023-05-26 22:18:48,489] {processor.py:641} INFO - Processing file /home/raf/pipeline-transform/.venv/lib/python3.9/site-packages/airflow/example_dags/example_latest_only_with_trigger.py for tasks to queue
[2023-05-26 22:18:48,490] {logging_mixin.py:115} INFO - [2023-05-26 22:18:48,490] {dagbag.py:507} INFO - Filling up the DagBag from /home/raf/pipeline-transform/.venv/lib/python3.9/site-packages/airflow/example_dags/example_latest_only_with_trigger.py
[2023-05-26 22:18:48,495] {processor.py:651} INFO - DAG(s) dict_keys(['latest_only_with_trigger']) retrieved from /home/raf/pipeline-transform/.venv/lib/python3.9/site-packages/airflow/example_dags/example_latest_only_with_trigger.py
[2023-05-26 22:18:48,513] {logging_mixin.py:115} INFO - [2023-05-26 22:18:48,513] {dag.py:2379} INFO - Sync 1 DAGs
[2023-05-26 22:18:48,535] {logging_mixin.py:115} INFO - [2023-05-26 22:18:48,535] {dag.py:2927} INFO - Setting next_dagrun for latest_only_with_trigger to 2023-05-26T21:18:48.535610+00:00, run_after=2023-05-27T01:18:48.535610+00:00
[2023-05-26 22:18:48,555] {processor.py:161} INFO - Processing /home/raf/pipeline-transform/.venv/lib/python3.9/site-packages/airflow/example_dags/example_latest_only_with_trigger.py took 0.071 seconds
[2023-05-26 22:19:27,319] {processor.py:153} INFO - Started process (PID=29669) to work on /home/raf/pipeline-transform/.venv/lib/python3.9/site-packages/airflow/example_dags/example_latest_only_with_trigger.py
[2023-05-26 22:19:27,322] {processor.py:641} INFO - Processing file /home/raf/pipeline-transform/.venv/lib/python3.9/site-packages/airflow/example_dags/example_latest_only_with_trigger.py for tasks to queue
[2023-05-26 22:19:27,322] {logging_mixin.py:115} INFO - [2023-05-26 22:19:27,322] {dagbag.py:507} INFO - Filling up the DagBag from /home/raf/pipeline-transform/.venv/lib/python3.9/site-packages/airflow/example_dags/example_latest_only_with_trigger.py
[2023-05-26 22:19:27,327] {processor.py:651} INFO - DAG(s) dict_keys(['latest_only_with_trigger']) retrieved from /home/raf/pipeline-transform/.venv/lib/python3.9/site-packages/airflow/example_dags/example_latest_only_with_trigger.py
[2023-05-26 22:19:27,340] {logging_mixin.py:115} INFO - [2023-05-26 22:19:27,340] {dag.py:2379} INFO - Sync 1 DAGs
[2023-05-26 22:19:27,359] {logging_mixin.py:115} INFO - [2023-05-26 22:19:27,359] {dag.py:2927} INFO - Setting next_dagrun for latest_only_with_trigger to 2023-05-26T21:19:27.359607+00:00, run_after=2023-05-27T01:19:27.359607+00:00
[2023-05-26 22:19:27,379] {processor.py:161} INFO - Processing /home/raf/pipeline-transform/.venv/lib/python3.9/site-packages/airflow/example_dags/example_latest_only_with_trigger.py took 0.062 seconds
[2023-05-26 22:20:02,552] {processor.py:153} INFO - Started process (PID=29872) to work on /home/raf/pipeline-transform/.venv/lib/python3.9/site-packages/airflow/example_dags/example_latest_only_with_trigger.py
[2023-05-26 22:20:02,563] {processor.py:641} INFO - Processing file /home/raf/pipeline-transform/.venv/lib/python3.9/site-packages/airflow/example_dags/example_latest_only_with_trigger.py for tasks to queue
[2023-05-26 22:20:02,563] {logging_mixin.py:115} INFO - [2023-05-26 22:20:02,563] {dagbag.py:507} INFO - Filling up the DagBag from /home/raf/pipeline-transform/.venv/lib/python3.9/site-packages/airflow/example_dags/example_latest_only_with_trigger.py
[2023-05-26 22:20:02,568] {processor.py:651} INFO - DAG(s) dict_keys(['latest_only_with_trigger']) retrieved from /home/raf/pipeline-transform/.venv/lib/python3.9/site-packages/airflow/example_dags/example_latest_only_with_trigger.py
[2023-05-26 22:20:02,581] {logging_mixin.py:115} INFO - [2023-05-26 22:20:02,581] {dag.py:2379} INFO - Sync 1 DAGs
[2023-05-26 22:20:02,598] {logging_mixin.py:115} INFO - [2023-05-26 22:20:02,598] {dag.py:2927} INFO - Setting next_dagrun for latest_only_with_trigger to 2023-05-26T21:20:02.597783+00:00, run_after=2023-05-27T01:20:02.597783+00:00
[2023-05-26 22:20:02,621] {processor.py:161} INFO - Processing /home/raf/pipeline-transform/.venv/lib/python3.9/site-packages/airflow/example_dags/example_latest_only_with_trigger.py took 0.071 seconds
[2023-05-26 22:20:46,507] {processor.py:153} INFO - Started process (PID=30268) to work on /home/raf/pipeline-transform/.venv/lib/python3.9/site-packages/airflow/example_dags/example_latest_only_with_trigger.py
[2023-05-26 22:20:46,524] {processor.py:641} INFO - Processing file /home/raf/pipeline-transform/.venv/lib/python3.9/site-packages/airflow/example_dags/example_latest_only_with_trigger.py for tasks to queue
[2023-05-26 22:20:46,525] {logging_mixin.py:115} INFO - [2023-05-26 22:20:46,525] {dagbag.py:507} INFO - Filling up the DagBag from /home/raf/pipeline-transform/.venv/lib/python3.9/site-packages/airflow/example_dags/example_latest_only_with_trigger.py
[2023-05-26 22:20:46,545] {processor.py:651} INFO - DAG(s) dict_keys(['latest_only_with_trigger']) retrieved from /home/raf/pipeline-transform/.venv/lib/python3.9/site-packages/airflow/example_dags/example_latest_only_with_trigger.py
[2023-05-26 22:20:46,609] {logging_mixin.py:115} INFO - [2023-05-26 22:20:46,609] {dag.py:2379} INFO - Sync 1 DAGs
[2023-05-26 22:20:46,636] {logging_mixin.py:115} INFO - [2023-05-26 22:20:46,635] {dag.py:2927} INFO - Setting next_dagrun for latest_only_with_trigger to 2023-05-26T21:20:46.635543+00:00, run_after=2023-05-27T01:20:46.635543+00:00
[2023-05-26 22:20:46,706] {processor.py:161} INFO - Processing /home/raf/pipeline-transform/.venv/lib/python3.9/site-packages/airflow/example_dags/example_latest_only_with_trigger.py took 0.204 seconds
[2023-05-26 22:21:21,254] {processor.py:153} INFO - Started process (PID=30561) to work on /home/raf/pipeline-transform/.venv/lib/python3.9/site-packages/airflow/example_dags/example_latest_only_with_trigger.py
[2023-05-26 22:21:21,267] {processor.py:641} INFO - Processing file /home/raf/pipeline-transform/.venv/lib/python3.9/site-packages/airflow/example_dags/example_latest_only_with_trigger.py for tasks to queue
[2023-05-26 22:21:21,268] {logging_mixin.py:115} INFO - [2023-05-26 22:21:21,268] {dagbag.py:507} INFO - Filling up the DagBag from /home/raf/pipeline-transform/.venv/lib/python3.9/site-packages/airflow/example_dags/example_latest_only_with_trigger.py
[2023-05-26 22:21:21,275] {processor.py:651} INFO - DAG(s) dict_keys(['latest_only_with_trigger']) retrieved from /home/raf/pipeline-transform/.venv/lib/python3.9/site-packages/airflow/example_dags/example_latest_only_with_trigger.py
[2023-05-26 22:21:21,294] {logging_mixin.py:115} INFO - [2023-05-26 22:21:21,294] {dag.py:2379} INFO - Sync 1 DAGs
[2023-05-26 22:21:21,312] {logging_mixin.py:115} INFO - [2023-05-26 22:21:21,311] {dag.py:2927} INFO - Setting next_dagrun for latest_only_with_trigger to 2023-05-26T21:21:21.311691+00:00, run_after=2023-05-27T01:21:21.311691+00:00
[2023-05-26 22:21:21,329] {processor.py:161} INFO - Processing /home/raf/pipeline-transform/.venv/lib/python3.9/site-packages/airflow/example_dags/example_latest_only_with_trigger.py took 0.080 seconds
[2023-05-26 22:21:59,298] {processor.py:153} INFO - Started process (PID=30814) to work on /home/raf/pipeline-transform/.venv/lib/python3.9/site-packages/airflow/example_dags/example_latest_only_with_trigger.py
[2023-05-26 22:21:59,313] {processor.py:641} INFO - Processing file /home/raf/pipeline-transform/.venv/lib/python3.9/site-packages/airflow/example_dags/example_latest_only_with_trigger.py for tasks to queue
[2023-05-26 22:21:59,313] {logging_mixin.py:115} INFO - [2023-05-26 22:21:59,313] {dagbag.py:507} INFO - Filling up the DagBag from /home/raf/pipeline-transform/.venv/lib/python3.9/site-packages/airflow/example_dags/example_latest_only_with_trigger.py
[2023-05-26 22:21:59,318] {processor.py:651} INFO - DAG(s) dict_keys(['latest_only_with_trigger']) retrieved from /home/raf/pipeline-transform/.venv/lib/python3.9/site-packages/airflow/example_dags/example_latest_only_with_trigger.py
[2023-05-26 22:21:59,332] {logging_mixin.py:115} INFO - [2023-05-26 22:21:59,332] {dag.py:2379} INFO - Sync 1 DAGs
[2023-05-26 22:21:59,347] {logging_mixin.py:115} INFO - [2023-05-26 22:21:59,347] {dag.py:2927} INFO - Setting next_dagrun for latest_only_with_trigger to 2023-05-26T21:21:59.347017+00:00, run_after=2023-05-27T01:21:59.347017+00:00
[2023-05-26 22:21:59,368] {processor.py:161} INFO - Processing /home/raf/pipeline-transform/.venv/lib/python3.9/site-packages/airflow/example_dags/example_latest_only_with_trigger.py took 0.072 seconds
[2023-05-26 22:22:37,501] {processor.py:153} INFO - Started process (PID=31063) to work on /home/raf/pipeline-transform/.venv/lib/python3.9/site-packages/airflow/example_dags/example_latest_only_with_trigger.py
[2023-05-26 22:22:37,517] {processor.py:641} INFO - Processing file /home/raf/pipeline-transform/.venv/lib/python3.9/site-packages/airflow/example_dags/example_latest_only_with_trigger.py for tasks to queue
[2023-05-26 22:22:37,518] {logging_mixin.py:115} INFO - [2023-05-26 22:22:37,518] {dagbag.py:507} INFO - Filling up the DagBag from /home/raf/pipeline-transform/.venv/lib/python3.9/site-packages/airflow/example_dags/example_latest_only_with_trigger.py
[2023-05-26 22:22:37,523] {processor.py:651} INFO - DAG(s) dict_keys(['latest_only_with_trigger']) retrieved from /home/raf/pipeline-transform/.venv/lib/python3.9/site-packages/airflow/example_dags/example_latest_only_with_trigger.py
[2023-05-26 22:22:37,536] {logging_mixin.py:115} INFO - [2023-05-26 22:22:37,536] {dag.py:2379} INFO - Sync 1 DAGs
[2023-05-26 22:22:37,550] {logging_mixin.py:115} INFO - [2023-05-26 22:22:37,550] {dag.py:2927} INFO - Setting next_dagrun for latest_only_with_trigger to 2023-05-26T21:22:37.550404+00:00, run_after=2023-05-27T01:22:37.550404+00:00
[2023-05-26 22:22:37,569] {processor.py:161} INFO - Processing /home/raf/pipeline-transform/.venv/lib/python3.9/site-packages/airflow/example_dags/example_latest_only_with_trigger.py took 0.070 seconds
[2023-05-26 22:23:13,678] {processor.py:153} INFO - Started process (PID=31156) to work on /home/raf/pipeline-transform/.venv/lib/python3.9/site-packages/airflow/example_dags/example_latest_only_with_trigger.py
[2023-05-26 22:23:13,695] {processor.py:641} INFO - Processing file /home/raf/pipeline-transform/.venv/lib/python3.9/site-packages/airflow/example_dags/example_latest_only_with_trigger.py for tasks to queue
[2023-05-26 22:23:13,696] {logging_mixin.py:115} INFO - [2023-05-26 22:23:13,695] {dagbag.py:507} INFO - Filling up the DagBag from /home/raf/pipeline-transform/.venv/lib/python3.9/site-packages/airflow/example_dags/example_latest_only_with_trigger.py
[2023-05-26 22:23:13,701] {processor.py:651} INFO - DAG(s) dict_keys(['latest_only_with_trigger']) retrieved from /home/raf/pipeline-transform/.venv/lib/python3.9/site-packages/airflow/example_dags/example_latest_only_with_trigger.py
[2023-05-26 22:23:13,717] {logging_mixin.py:115} INFO - [2023-05-26 22:23:13,717] {dag.py:2379} INFO - Sync 1 DAGs
[2023-05-26 22:23:13,735] {logging_mixin.py:115} INFO - [2023-05-26 22:23:13,735] {dag.py:2927} INFO - Setting next_dagrun for latest_only_with_trigger to 2023-05-26T21:23:13.735018+00:00, run_after=2023-05-27T01:23:13.735018+00:00
[2023-05-26 22:23:13,757] {processor.py:161} INFO - Processing /home/raf/pipeline-transform/.venv/lib/python3.9/site-packages/airflow/example_dags/example_latest_only_with_trigger.py took 0.082 seconds
[2023-05-26 22:23:48,094] {processor.py:153} INFO - Started process (PID=31246) to work on /home/raf/pipeline-transform/.venv/lib/python3.9/site-packages/airflow/example_dags/example_latest_only_with_trigger.py
[2023-05-26 22:23:48,116] {processor.py:641} INFO - Processing file /home/raf/pipeline-transform/.venv/lib/python3.9/site-packages/airflow/example_dags/example_latest_only_with_trigger.py for tasks to queue
[2023-05-26 22:23:48,116] {logging_mixin.py:115} INFO - [2023-05-26 22:23:48,116] {dagbag.py:507} INFO - Filling up the DagBag from /home/raf/pipeline-transform/.venv/lib/python3.9/site-packages/airflow/example_dags/example_latest_only_with_trigger.py
[2023-05-26 22:23:48,122] {processor.py:651} INFO - DAG(s) dict_keys(['latest_only_with_trigger']) retrieved from /home/raf/pipeline-transform/.venv/lib/python3.9/site-packages/airflow/example_dags/example_latest_only_with_trigger.py
[2023-05-26 22:23:48,137] {logging_mixin.py:115} INFO - [2023-05-26 22:23:48,137] {dag.py:2379} INFO - Sync 1 DAGs
[2023-05-26 22:23:48,153] {logging_mixin.py:115} INFO - [2023-05-26 22:23:48,153] {dag.py:2927} INFO - Setting next_dagrun for latest_only_with_trigger to 2023-05-26T21:23:48.153372+00:00, run_after=2023-05-27T01:23:48.153372+00:00
[2023-05-26 22:23:48,174] {processor.py:161} INFO - Processing /home/raf/pipeline-transform/.venv/lib/python3.9/site-packages/airflow/example_dags/example_latest_only_with_trigger.py took 0.083 seconds
[2023-05-26 22:24:25,234] {processor.py:153} INFO - Started process (PID=31340) to work on /home/raf/pipeline-transform/.venv/lib/python3.9/site-packages/airflow/example_dags/example_latest_only_with_trigger.py
[2023-05-26 22:24:25,257] {processor.py:641} INFO - Processing file /home/raf/pipeline-transform/.venv/lib/python3.9/site-packages/airflow/example_dags/example_latest_only_with_trigger.py for tasks to queue
[2023-05-26 22:24:25,258] {logging_mixin.py:115} INFO - [2023-05-26 22:24:25,258] {dagbag.py:507} INFO - Filling up the DagBag from /home/raf/pipeline-transform/.venv/lib/python3.9/site-packages/airflow/example_dags/example_latest_only_with_trigger.py
[2023-05-26 22:24:25,262] {processor.py:651} INFO - DAG(s) dict_keys(['latest_only_with_trigger']) retrieved from /home/raf/pipeline-transform/.venv/lib/python3.9/site-packages/airflow/example_dags/example_latest_only_with_trigger.py
[2023-05-26 22:24:25,276] {logging_mixin.py:115} INFO - [2023-05-26 22:24:25,276] {dag.py:2379} INFO - Sync 1 DAGs
[2023-05-26 22:24:25,290] {logging_mixin.py:115} INFO - [2023-05-26 22:24:25,290] {dag.py:2927} INFO - Setting next_dagrun for latest_only_with_trigger to 2023-05-26T21:24:25.290179+00:00, run_after=2023-05-27T01:24:25.290179+00:00
[2023-05-26 22:24:25,310] {processor.py:161} INFO - Processing /home/raf/pipeline-transform/.venv/lib/python3.9/site-packages/airflow/example_dags/example_latest_only_with_trigger.py took 0.078 seconds
[2023-05-26 22:25:02,435] {processor.py:153} INFO - Started process (PID=31432) to work on /home/raf/pipeline-transform/.venv/lib/python3.9/site-packages/airflow/example_dags/example_latest_only_with_trigger.py
[2023-05-26 22:25:02,460] {processor.py:641} INFO - Processing file /home/raf/pipeline-transform/.venv/lib/python3.9/site-packages/airflow/example_dags/example_latest_only_with_trigger.py for tasks to queue
[2023-05-26 22:25:02,461] {logging_mixin.py:115} INFO - [2023-05-26 22:25:02,461] {dagbag.py:507} INFO - Filling up the DagBag from /home/raf/pipeline-transform/.venv/lib/python3.9/site-packages/airflow/example_dags/example_latest_only_with_trigger.py
[2023-05-26 22:25:02,465] {processor.py:651} INFO - DAG(s) dict_keys(['latest_only_with_trigger']) retrieved from /home/raf/pipeline-transform/.venv/lib/python3.9/site-packages/airflow/example_dags/example_latest_only_with_trigger.py
[2023-05-26 22:25:02,479] {logging_mixin.py:115} INFO - [2023-05-26 22:25:02,479] {dag.py:2379} INFO - Sync 1 DAGs
[2023-05-26 22:25:02,494] {logging_mixin.py:115} INFO - [2023-05-26 22:25:02,493] {dag.py:2927} INFO - Setting next_dagrun for latest_only_with_trigger to 2023-05-26T21:25:02.493706+00:00, run_after=2023-05-27T01:25:02.493706+00:00
[2023-05-26 22:25:02,513] {processor.py:161} INFO - Processing /home/raf/pipeline-transform/.venv/lib/python3.9/site-packages/airflow/example_dags/example_latest_only_with_trigger.py took 0.080 seconds
[2023-05-26 22:25:38,997] {processor.py:153} INFO - Started process (PID=31671) to work on /home/raf/pipeline-transform/.venv/lib/python3.9/site-packages/airflow/example_dags/example_latest_only_with_trigger.py
[2023-05-26 22:25:39,002] {processor.py:641} INFO - Processing file /home/raf/pipeline-transform/.venv/lib/python3.9/site-packages/airflow/example_dags/example_latest_only_with_trigger.py for tasks to queue
[2023-05-26 22:25:39,003] {logging_mixin.py:115} INFO - [2023-05-26 22:25:39,003] {dagbag.py:507} INFO - Filling up the DagBag from /home/raf/pipeline-transform/.venv/lib/python3.9/site-packages/airflow/example_dags/example_latest_only_with_trigger.py
[2023-05-26 22:25:39,008] {processor.py:651} INFO - DAG(s) dict_keys(['latest_only_with_trigger']) retrieved from /home/raf/pipeline-transform/.venv/lib/python3.9/site-packages/airflow/example_dags/example_latest_only_with_trigger.py
[2023-05-26 22:25:39,024] {logging_mixin.py:115} INFO - [2023-05-26 22:25:39,024] {dag.py:2379} INFO - Sync 1 DAGs
[2023-05-26 22:25:39,047] {logging_mixin.py:115} INFO - [2023-05-26 22:25:39,047] {dag.py:2927} INFO - Setting next_dagrun for latest_only_with_trigger to 2023-05-26T21:25:39.046905+00:00, run_after=2023-05-27T01:25:39.046905+00:00
[2023-05-26 22:25:39,069] {processor.py:161} INFO - Processing /home/raf/pipeline-transform/.venv/lib/python3.9/site-packages/airflow/example_dags/example_latest_only_with_trigger.py took 0.075 seconds
[2023-05-26 22:26:19,909] {processor.py:153} INFO - Started process (PID=31882) to work on /home/raf/pipeline-transform/.venv/lib/python3.9/site-packages/airflow/example_dags/example_latest_only_with_trigger.py
[2023-05-26 22:26:19,926] {processor.py:641} INFO - Processing file /home/raf/pipeline-transform/.venv/lib/python3.9/site-packages/airflow/example_dags/example_latest_only_with_trigger.py for tasks to queue
[2023-05-26 22:26:19,926] {logging_mixin.py:115} INFO - [2023-05-26 22:26:19,926] {dagbag.py:507} INFO - Filling up the DagBag from /home/raf/pipeline-transform/.venv/lib/python3.9/site-packages/airflow/example_dags/example_latest_only_with_trigger.py
[2023-05-26 22:26:19,931] {processor.py:651} INFO - DAG(s) dict_keys(['latest_only_with_trigger']) retrieved from /home/raf/pipeline-transform/.venv/lib/python3.9/site-packages/airflow/example_dags/example_latest_only_with_trigger.py
[2023-05-26 22:26:19,946] {logging_mixin.py:115} INFO - [2023-05-26 22:26:19,945] {dag.py:2379} INFO - Sync 1 DAGs
[2023-05-26 22:26:19,962] {logging_mixin.py:115} INFO - [2023-05-26 22:26:19,961] {dag.py:2927} INFO - Setting next_dagrun for latest_only_with_trigger to 2023-05-26T21:26:19.961713+00:00, run_after=2023-05-27T01:26:19.961713+00:00
[2023-05-26 22:26:19,984] {processor.py:161} INFO - Processing /home/raf/pipeline-transform/.venv/lib/python3.9/site-packages/airflow/example_dags/example_latest_only_with_trigger.py took 0.077 seconds
[2023-05-26 22:26:58,677] {processor.py:153} INFO - Started process (PID=31992) to work on /home/raf/pipeline-transform/.venv/lib/python3.9/site-packages/airflow/example_dags/example_latest_only_with_trigger.py
[2023-05-26 22:26:58,695] {processor.py:641} INFO - Processing file /home/raf/pipeline-transform/.venv/lib/python3.9/site-packages/airflow/example_dags/example_latest_only_with_trigger.py for tasks to queue
[2023-05-26 22:26:58,701] {logging_mixin.py:115} INFO - [2023-05-26 22:26:58,700] {dagbag.py:507} INFO - Filling up the DagBag from /home/raf/pipeline-transform/.venv/lib/python3.9/site-packages/airflow/example_dags/example_latest_only_with_trigger.py
[2023-05-26 22:26:58,725] {processor.py:651} INFO - DAG(s) dict_keys(['latest_only_with_trigger']) retrieved from /home/raf/pipeline-transform/.venv/lib/python3.9/site-packages/airflow/example_dags/example_latest_only_with_trigger.py
[2023-05-26 22:26:58,745] {logging_mixin.py:115} INFO - [2023-05-26 22:26:58,745] {dag.py:2379} INFO - Sync 1 DAGs
[2023-05-26 22:26:58,786] {logging_mixin.py:115} INFO - [2023-05-26 22:26:58,786] {dag.py:2927} INFO - Setting next_dagrun for latest_only_with_trigger to 2023-05-26T21:26:58.786192+00:00, run_after=2023-05-27T01:26:58.786192+00:00
[2023-05-26 22:26:58,810] {processor.py:161} INFO - Processing /home/raf/pipeline-transform/.venv/lib/python3.9/site-packages/airflow/example_dags/example_latest_only_with_trigger.py took 0.139 seconds
[2023-05-26 22:27:35,552] {processor.py:153} INFO - Started process (PID=32120) to work on /home/raf/pipeline-transform/.venv/lib/python3.9/site-packages/airflow/example_dags/example_latest_only_with_trigger.py
[2023-05-26 22:27:35,571] {processor.py:641} INFO - Processing file /home/raf/pipeline-transform/.venv/lib/python3.9/site-packages/airflow/example_dags/example_latest_only_with_trigger.py for tasks to queue
[2023-05-26 22:27:35,572] {logging_mixin.py:115} INFO - [2023-05-26 22:27:35,572] {dagbag.py:507} INFO - Filling up the DagBag from /home/raf/pipeline-transform/.venv/lib/python3.9/site-packages/airflow/example_dags/example_latest_only_with_trigger.py
[2023-05-26 22:27:35,581] {processor.py:651} INFO - DAG(s) dict_keys(['latest_only_with_trigger']) retrieved from /home/raf/pipeline-transform/.venv/lib/python3.9/site-packages/airflow/example_dags/example_latest_only_with_trigger.py
[2023-05-26 22:27:35,601] {logging_mixin.py:115} INFO - [2023-05-26 22:27:35,601] {dag.py:2379} INFO - Sync 1 DAGs
[2023-05-26 22:27:35,622] {logging_mixin.py:115} INFO - [2023-05-26 22:27:35,622] {dag.py:2927} INFO - Setting next_dagrun for latest_only_with_trigger to 2023-05-26T21:27:35.622298+00:00, run_after=2023-05-27T01:27:35.622298+00:00
[2023-05-26 22:27:35,651] {processor.py:161} INFO - Processing /home/raf/pipeline-transform/.venv/lib/python3.9/site-packages/airflow/example_dags/example_latest_only_with_trigger.py took 0.102 seconds
[2023-05-26 22:28:16,318] {processor.py:153} INFO - Started process (PID=32264) to work on /home/raf/pipeline-transform/.venv/lib/python3.9/site-packages/airflow/example_dags/example_latest_only_with_trigger.py
[2023-05-26 22:28:16,339] {processor.py:641} INFO - Processing file /home/raf/pipeline-transform/.venv/lib/python3.9/site-packages/airflow/example_dags/example_latest_only_with_trigger.py for tasks to queue
[2023-05-26 22:28:16,340] {logging_mixin.py:115} INFO - [2023-05-26 22:28:16,340] {dagbag.py:507} INFO - Filling up the DagBag from /home/raf/pipeline-transform/.venv/lib/python3.9/site-packages/airflow/example_dags/example_latest_only_with_trigger.py
[2023-05-26 22:28:16,345] {processor.py:651} INFO - DAG(s) dict_keys(['latest_only_with_trigger']) retrieved from /home/raf/pipeline-transform/.venv/lib/python3.9/site-packages/airflow/example_dags/example_latest_only_with_trigger.py
[2023-05-26 22:28:16,360] {logging_mixin.py:115} INFO - [2023-05-26 22:28:16,360] {dag.py:2379} INFO - Sync 1 DAGs
[2023-05-26 22:28:16,375] {logging_mixin.py:115} INFO - [2023-05-26 22:28:16,375] {dag.py:2927} INFO - Setting next_dagrun for latest_only_with_trigger to 2023-05-26T21:28:16.375408+00:00, run_after=2023-05-27T01:28:16.375408+00:00
[2023-05-26 22:28:16,397] {processor.py:161} INFO - Processing /home/raf/pipeline-transform/.venv/lib/python3.9/site-packages/airflow/example_dags/example_latest_only_with_trigger.py took 0.081 seconds
[2023-05-26 22:28:53,982] {processor.py:153} INFO - Started process (PID=32359) to work on /home/raf/pipeline-transform/.venv/lib/python3.9/site-packages/airflow/example_dags/example_latest_only_with_trigger.py
[2023-05-26 22:28:54,004] {processor.py:641} INFO - Processing file /home/raf/pipeline-transform/.venv/lib/python3.9/site-packages/airflow/example_dags/example_latest_only_with_trigger.py for tasks to queue
[2023-05-26 22:28:54,005] {logging_mixin.py:115} INFO - [2023-05-26 22:28:54,005] {dagbag.py:507} INFO - Filling up the DagBag from /home/raf/pipeline-transform/.venv/lib/python3.9/site-packages/airflow/example_dags/example_latest_only_with_trigger.py
[2023-05-26 22:28:54,011] {processor.py:651} INFO - DAG(s) dict_keys(['latest_only_with_trigger']) retrieved from /home/raf/pipeline-transform/.venv/lib/python3.9/site-packages/airflow/example_dags/example_latest_only_with_trigger.py
[2023-05-26 22:28:54,030] {logging_mixin.py:115} INFO - [2023-05-26 22:28:54,030] {dag.py:2379} INFO - Sync 1 DAGs
[2023-05-26 22:28:54,050] {logging_mixin.py:115} INFO - [2023-05-26 22:28:54,050] {dag.py:2927} INFO - Setting next_dagrun for latest_only_with_trigger to 2023-05-26T21:28:54.050534+00:00, run_after=2023-05-27T01:28:54.050534+00:00
[2023-05-26 22:28:54,078] {processor.py:161} INFO - Processing /home/raf/pipeline-transform/.venv/lib/python3.9/site-packages/airflow/example_dags/example_latest_only_with_trigger.py took 0.098 seconds
[2023-05-26 22:29:33,865] {processor.py:153} INFO - Started process (PID=32458) to work on /home/raf/pipeline-transform/.venv/lib/python3.9/site-packages/airflow/example_dags/example_latest_only_with_trigger.py
[2023-05-26 22:29:33,889] {processor.py:641} INFO - Processing file /home/raf/pipeline-transform/.venv/lib/python3.9/site-packages/airflow/example_dags/example_latest_only_with_trigger.py for tasks to queue
[2023-05-26 22:29:33,890] {logging_mixin.py:115} INFO - [2023-05-26 22:29:33,890] {dagbag.py:507} INFO - Filling up the DagBag from /home/raf/pipeline-transform/.venv/lib/python3.9/site-packages/airflow/example_dags/example_latest_only_with_trigger.py
[2023-05-26 22:29:33,895] {processor.py:651} INFO - DAG(s) dict_keys(['latest_only_with_trigger']) retrieved from /home/raf/pipeline-transform/.venv/lib/python3.9/site-packages/airflow/example_dags/example_latest_only_with_trigger.py
[2023-05-26 22:29:33,909] {logging_mixin.py:115} INFO - [2023-05-26 22:29:33,909] {dag.py:2379} INFO - Sync 1 DAGs
[2023-05-26 22:29:33,924] {logging_mixin.py:115} INFO - [2023-05-26 22:29:33,924] {dag.py:2927} INFO - Setting next_dagrun for latest_only_with_trigger to 2023-05-26T21:29:33.924077+00:00, run_after=2023-05-27T01:29:33.924077+00:00
[2023-05-26 22:29:33,945] {processor.py:161} INFO - Processing /home/raf/pipeline-transform/.venv/lib/python3.9/site-packages/airflow/example_dags/example_latest_only_with_trigger.py took 0.083 seconds
[2023-05-26 22:30:10,708] {processor.py:153} INFO - Started process (PID=32551) to work on /home/raf/pipeline-transform/.venv/lib/python3.9/site-packages/airflow/example_dags/example_latest_only_with_trigger.py
[2023-05-26 22:30:10,733] {processor.py:641} INFO - Processing file /home/raf/pipeline-transform/.venv/lib/python3.9/site-packages/airflow/example_dags/example_latest_only_with_trigger.py for tasks to queue
[2023-05-26 22:30:10,733] {logging_mixin.py:115} INFO - [2023-05-26 22:30:10,733] {dagbag.py:507} INFO - Filling up the DagBag from /home/raf/pipeline-transform/.venv/lib/python3.9/site-packages/airflow/example_dags/example_latest_only_with_trigger.py
[2023-05-26 22:30:10,738] {processor.py:651} INFO - DAG(s) dict_keys(['latest_only_with_trigger']) retrieved from /home/raf/pipeline-transform/.venv/lib/python3.9/site-packages/airflow/example_dags/example_latest_only_with_trigger.py
[2023-05-26 22:30:10,755] {logging_mixin.py:115} INFO - [2023-05-26 22:30:10,755] {dag.py:2379} INFO - Sync 1 DAGs
[2023-05-26 22:30:10,772] {logging_mixin.py:115} INFO - [2023-05-26 22:30:10,772] {dag.py:2927} INFO - Setting next_dagrun for latest_only_with_trigger to 2023-05-26T21:30:10.772417+00:00, run_after=2023-05-27T01:30:10.772417+00:00
[2023-05-26 22:30:10,801] {processor.py:161} INFO - Processing /home/raf/pipeline-transform/.venv/lib/python3.9/site-packages/airflow/example_dags/example_latest_only_with_trigger.py took 0.096 seconds
[2023-05-26 22:30:48,327] {processor.py:153} INFO - Started process (PID=302) to work on /home/raf/pipeline-transform/.venv/lib/python3.9/site-packages/airflow/example_dags/example_latest_only_with_trigger.py
[2023-05-26 22:30:48,332] {processor.py:641} INFO - Processing file /home/raf/pipeline-transform/.venv/lib/python3.9/site-packages/airflow/example_dags/example_latest_only_with_trigger.py for tasks to queue
[2023-05-26 22:30:48,332] {logging_mixin.py:115} INFO - [2023-05-26 22:30:48,332] {dagbag.py:507} INFO - Filling up the DagBag from /home/raf/pipeline-transform/.venv/lib/python3.9/site-packages/airflow/example_dags/example_latest_only_with_trigger.py
[2023-05-26 22:30:48,337] {processor.py:651} INFO - DAG(s) dict_keys(['latest_only_with_trigger']) retrieved from /home/raf/pipeline-transform/.venv/lib/python3.9/site-packages/airflow/example_dags/example_latest_only_with_trigger.py
[2023-05-26 22:30:48,351] {logging_mixin.py:115} INFO - [2023-05-26 22:30:48,351] {dag.py:2379} INFO - Sync 1 DAGs
[2023-05-26 22:30:48,368] {logging_mixin.py:115} INFO - [2023-05-26 22:30:48,368] {dag.py:2927} INFO - Setting next_dagrun for latest_only_with_trigger to 2023-05-26T21:30:48.367950+00:00, run_after=2023-05-27T01:30:48.367950+00:00
[2023-05-26 22:30:48,387] {processor.py:161} INFO - Processing /home/raf/pipeline-transform/.venv/lib/python3.9/site-packages/airflow/example_dags/example_latest_only_with_trigger.py took 0.062 seconds
[2023-05-26 22:31:29,596] {processor.py:153} INFO - Started process (PID=435) to work on /home/raf/pipeline-transform/.venv/lib/python3.9/site-packages/airflow/example_dags/example_latest_only_with_trigger.py
[2023-05-26 22:31:29,600] {processor.py:641} INFO - Processing file /home/raf/pipeline-transform/.venv/lib/python3.9/site-packages/airflow/example_dags/example_latest_only_with_trigger.py for tasks to queue
[2023-05-26 22:31:29,600] {logging_mixin.py:115} INFO - [2023-05-26 22:31:29,600] {dagbag.py:507} INFO - Filling up the DagBag from /home/raf/pipeline-transform/.venv/lib/python3.9/site-packages/airflow/example_dags/example_latest_only_with_trigger.py
[2023-05-26 22:31:29,605] {processor.py:651} INFO - DAG(s) dict_keys(['latest_only_with_trigger']) retrieved from /home/raf/pipeline-transform/.venv/lib/python3.9/site-packages/airflow/example_dags/example_latest_only_with_trigger.py
[2023-05-26 22:31:29,619] {logging_mixin.py:115} INFO - [2023-05-26 22:31:29,619] {dag.py:2379} INFO - Sync 1 DAGs
[2023-05-26 22:31:29,636] {logging_mixin.py:115} INFO - [2023-05-26 22:31:29,636] {dag.py:2927} INFO - Setting next_dagrun for latest_only_with_trigger to 2023-05-26T21:31:29.635985+00:00, run_after=2023-05-27T01:31:29.635985+00:00
[2023-05-26 22:31:29,656] {processor.py:161} INFO - Processing /home/raf/pipeline-transform/.venv/lib/python3.9/site-packages/airflow/example_dags/example_latest_only_with_trigger.py took 0.063 seconds
[2023-05-26 22:32:04,102] {processor.py:153} INFO - Started process (PID=624) to work on /home/raf/pipeline-transform/.venv/lib/python3.9/site-packages/airflow/example_dags/example_latest_only_with_trigger.py
[2023-05-26 22:32:04,106] {processor.py:641} INFO - Processing file /home/raf/pipeline-transform/.venv/lib/python3.9/site-packages/airflow/example_dags/example_latest_only_with_trigger.py for tasks to queue
[2023-05-26 22:32:04,107] {logging_mixin.py:115} INFO - [2023-05-26 22:32:04,107] {dagbag.py:507} INFO - Filling up the DagBag from /home/raf/pipeline-transform/.venv/lib/python3.9/site-packages/airflow/example_dags/example_latest_only_with_trigger.py
[2023-05-26 22:32:04,112] {processor.py:651} INFO - DAG(s) dict_keys(['latest_only_with_trigger']) retrieved from /home/raf/pipeline-transform/.venv/lib/python3.9/site-packages/airflow/example_dags/example_latest_only_with_trigger.py
[2023-05-26 22:32:04,126] {logging_mixin.py:115} INFO - [2023-05-26 22:32:04,125] {dag.py:2379} INFO - Sync 1 DAGs
[2023-05-26 22:32:04,142] {logging_mixin.py:115} INFO - [2023-05-26 22:32:04,142] {dag.py:2927} INFO - Setting next_dagrun for latest_only_with_trigger to 2023-05-26T21:32:04.142495+00:00, run_after=2023-05-27T01:32:04.142495+00:00
[2023-05-26 22:32:04,160] {processor.py:161} INFO - Processing /home/raf/pipeline-transform/.venv/lib/python3.9/site-packages/airflow/example_dags/example_latest_only_with_trigger.py took 0.061 seconds
