[2023-05-26 22:03:39,831] {processor.py:153} INFO - Started process (PID=26087) to work on /home/raf/pipeline-transform/.venv/lib/python3.9/site-packages/airflow/example_dags/example_time_delta_sensor_async.py
[2023-05-26 22:03:39,831] {processor.py:641} INFO - Processing file /home/raf/pipeline-transform/.venv/lib/python3.9/site-packages/airflow/example_dags/example_time_delta_sensor_async.py for tasks to queue
[2023-05-26 22:03:39,832] {logging_mixin.py:115} INFO - [2023-05-26 22:03:39,832] {dagbag.py:507} INFO - Filling up the DagBag from /home/raf/pipeline-transform/.venv/lib/python3.9/site-packages/airflow/example_dags/example_time_delta_sensor_async.py
[2023-05-26 22:03:39,837] {processor.py:651} INFO - DAG(s) dict_keys(['example_time_delta_sensor_async']) retrieved from /home/raf/pipeline-transform/.venv/lib/python3.9/site-packages/airflow/example_dags/example_time_delta_sensor_async.py
[2023-05-26 22:03:39,885] {logging_mixin.py:115} INFO - [2023-05-26 22:03:39,885] {dag.py:2379} INFO - Sync 1 DAGs
[2023-05-26 22:03:39,899] {logging_mixin.py:115} INFO - [2023-05-26 22:03:39,899] {dag.py:2927} INFO - Setting next_dagrun for example_time_delta_sensor_async to None, run_after=None
[2023-05-26 22:03:39,938] {processor.py:161} INFO - Processing /home/raf/pipeline-transform/.venv/lib/python3.9/site-packages/airflow/example_dags/example_time_delta_sensor_async.py took 0.110 seconds
[2023-05-26 22:04:13,434] {processor.py:153} INFO - Started process (PID=26275) to work on /home/raf/pipeline-transform/.venv/lib/python3.9/site-packages/airflow/example_dags/example_time_delta_sensor_async.py
[2023-05-26 22:04:13,435] {processor.py:641} INFO - Processing file /home/raf/pipeline-transform/.venv/lib/python3.9/site-packages/airflow/example_dags/example_time_delta_sensor_async.py for tasks to queue
[2023-05-26 22:04:13,436] {logging_mixin.py:115} INFO - [2023-05-26 22:04:13,435] {dagbag.py:507} INFO - Filling up the DagBag from /home/raf/pipeline-transform/.venv/lib/python3.9/site-packages/airflow/example_dags/example_time_delta_sensor_async.py
[2023-05-26 22:04:13,440] {processor.py:651} INFO - DAG(s) dict_keys(['example_time_delta_sensor_async']) retrieved from /home/raf/pipeline-transform/.venv/lib/python3.9/site-packages/airflow/example_dags/example_time_delta_sensor_async.py
[2023-05-26 22:04:13,461] {logging_mixin.py:115} INFO - [2023-05-26 22:04:13,461] {dag.py:2379} INFO - Sync 1 DAGs
[2023-05-26 22:04:13,477] {logging_mixin.py:115} INFO - [2023-05-26 22:04:13,477] {dag.py:2927} INFO - Setting next_dagrun for example_time_delta_sensor_async to None, run_after=None
[2023-05-26 22:04:13,496] {processor.py:161} INFO - Processing /home/raf/pipeline-transform/.venv/lib/python3.9/site-packages/airflow/example_dags/example_time_delta_sensor_async.py took 0.064 seconds
[2023-05-26 22:04:47,399] {processor.py:153} INFO - Started process (PID=26511) to work on /home/raf/pipeline-transform/.venv/lib/python3.9/site-packages/airflow/example_dags/example_time_delta_sensor_async.py
[2023-05-26 22:04:47,406] {processor.py:641} INFO - Processing file /home/raf/pipeline-transform/.venv/lib/python3.9/site-packages/airflow/example_dags/example_time_delta_sensor_async.py for tasks to queue
[2023-05-26 22:04:47,406] {logging_mixin.py:115} INFO - [2023-05-26 22:04:47,406] {dagbag.py:507} INFO - Filling up the DagBag from /home/raf/pipeline-transform/.venv/lib/python3.9/site-packages/airflow/example_dags/example_time_delta_sensor_async.py
[2023-05-26 22:04:47,410] {processor.py:651} INFO - DAG(s) dict_keys(['example_time_delta_sensor_async']) retrieved from /home/raf/pipeline-transform/.venv/lib/python3.9/site-packages/airflow/example_dags/example_time_delta_sensor_async.py
[2023-05-26 22:04:47,428] {logging_mixin.py:115} INFO - [2023-05-26 22:04:47,428] {dag.py:2379} INFO - Sync 1 DAGs
[2023-05-26 22:04:47,444] {logging_mixin.py:115} INFO - [2023-05-26 22:04:47,444] {dag.py:2927} INFO - Setting next_dagrun for example_time_delta_sensor_async to None, run_after=None
[2023-05-26 22:04:47,465] {processor.py:161} INFO - Processing /home/raf/pipeline-transform/.venv/lib/python3.9/site-packages/airflow/example_dags/example_time_delta_sensor_async.py took 0.068 seconds
[2023-05-26 22:05:23,025] {processor.py:153} INFO - Started process (PID=26752) to work on /home/raf/pipeline-transform/.venv/lib/python3.9/site-packages/airflow/example_dags/example_time_delta_sensor_async.py
[2023-05-26 22:05:23,033] {processor.py:641} INFO - Processing file /home/raf/pipeline-transform/.venv/lib/python3.9/site-packages/airflow/example_dags/example_time_delta_sensor_async.py for tasks to queue
[2023-05-26 22:05:23,034] {logging_mixin.py:115} INFO - [2023-05-26 22:05:23,034] {dagbag.py:507} INFO - Filling up the DagBag from /home/raf/pipeline-transform/.venv/lib/python3.9/site-packages/airflow/example_dags/example_time_delta_sensor_async.py
[2023-05-26 22:05:23,038] {processor.py:651} INFO - DAG(s) dict_keys(['example_time_delta_sensor_async']) retrieved from /home/raf/pipeline-transform/.venv/lib/python3.9/site-packages/airflow/example_dags/example_time_delta_sensor_async.py
[2023-05-26 22:05:23,055] {logging_mixin.py:115} INFO - [2023-05-26 22:05:23,055] {dag.py:2379} INFO - Sync 1 DAGs
[2023-05-26 22:05:23,070] {logging_mixin.py:115} INFO - [2023-05-26 22:05:23,070] {dag.py:2927} INFO - Setting next_dagrun for example_time_delta_sensor_async to None, run_after=None
[2023-05-26 22:05:23,088] {processor.py:161} INFO - Processing /home/raf/pipeline-transform/.venv/lib/python3.9/site-packages/airflow/example_dags/example_time_delta_sensor_async.py took 0.066 seconds
[2023-05-26 22:05:58,246] {processor.py:153} INFO - Started process (PID=26956) to work on /home/raf/pipeline-transform/.venv/lib/python3.9/site-packages/airflow/example_dags/example_time_delta_sensor_async.py
[2023-05-26 22:05:58,247] {processor.py:641} INFO - Processing file /home/raf/pipeline-transform/.venv/lib/python3.9/site-packages/airflow/example_dags/example_time_delta_sensor_async.py for tasks to queue
[2023-05-26 22:05:58,248] {logging_mixin.py:115} INFO - [2023-05-26 22:05:58,248] {dagbag.py:507} INFO - Filling up the DagBag from /home/raf/pipeline-transform/.venv/lib/python3.9/site-packages/airflow/example_dags/example_time_delta_sensor_async.py
[2023-05-26 22:05:58,252] {processor.py:651} INFO - DAG(s) dict_keys(['example_time_delta_sensor_async']) retrieved from /home/raf/pipeline-transform/.venv/lib/python3.9/site-packages/airflow/example_dags/example_time_delta_sensor_async.py
[2023-05-26 22:05:58,270] {logging_mixin.py:115} INFO - [2023-05-26 22:05:58,270] {dag.py:2379} INFO - Sync 1 DAGs
[2023-05-26 22:05:58,285] {logging_mixin.py:115} INFO - [2023-05-26 22:05:58,285] {dag.py:2927} INFO - Setting next_dagrun for example_time_delta_sensor_async to None, run_after=None
[2023-05-26 22:05:58,304] {processor.py:161} INFO - Processing /home/raf/pipeline-transform/.venv/lib/python3.9/site-packages/airflow/example_dags/example_time_delta_sensor_async.py took 0.060 seconds
[2023-05-26 22:06:33,315] {processor.py:153} INFO - Started process (PID=27099) to work on /home/raf/pipeline-transform/.venv/lib/python3.9/site-packages/airflow/example_dags/example_time_delta_sensor_async.py
[2023-05-26 22:06:33,316] {processor.py:641} INFO - Processing file /home/raf/pipeline-transform/.venv/lib/python3.9/site-packages/airflow/example_dags/example_time_delta_sensor_async.py for tasks to queue
[2023-05-26 22:06:33,316] {logging_mixin.py:115} INFO - [2023-05-26 22:06:33,316] {dagbag.py:507} INFO - Filling up the DagBag from /home/raf/pipeline-transform/.venv/lib/python3.9/site-packages/airflow/example_dags/example_time_delta_sensor_async.py
[2023-05-26 22:06:33,321] {processor.py:651} INFO - DAG(s) dict_keys(['example_time_delta_sensor_async']) retrieved from /home/raf/pipeline-transform/.venv/lib/python3.9/site-packages/airflow/example_dags/example_time_delta_sensor_async.py
[2023-05-26 22:06:33,340] {logging_mixin.py:115} INFO - [2023-05-26 22:06:33,340] {dag.py:2379} INFO - Sync 1 DAGs
[2023-05-26 22:06:33,357] {logging_mixin.py:115} INFO - [2023-05-26 22:06:33,357] {dag.py:2927} INFO - Setting next_dagrun for example_time_delta_sensor_async to None, run_after=None
[2023-05-26 22:06:33,377] {processor.py:161} INFO - Processing /home/raf/pipeline-transform/.venv/lib/python3.9/site-packages/airflow/example_dags/example_time_delta_sensor_async.py took 0.064 seconds
[2023-05-26 22:07:08,224] {processor.py:153} INFO - Started process (PID=27242) to work on /home/raf/pipeline-transform/.venv/lib/python3.9/site-packages/airflow/example_dags/example_time_delta_sensor_async.py
[2023-05-26 22:07:08,234] {processor.py:641} INFO - Processing file /home/raf/pipeline-transform/.venv/lib/python3.9/site-packages/airflow/example_dags/example_time_delta_sensor_async.py for tasks to queue
[2023-05-26 22:07:08,235] {logging_mixin.py:115} INFO - [2023-05-26 22:07:08,235] {dagbag.py:507} INFO - Filling up the DagBag from /home/raf/pipeline-transform/.venv/lib/python3.9/site-packages/airflow/example_dags/example_time_delta_sensor_async.py
[2023-05-26 22:07:08,239] {processor.py:651} INFO - DAG(s) dict_keys(['example_time_delta_sensor_async']) retrieved from /home/raf/pipeline-transform/.venv/lib/python3.9/site-packages/airflow/example_dags/example_time_delta_sensor_async.py
[2023-05-26 22:07:08,257] {logging_mixin.py:115} INFO - [2023-05-26 22:07:08,257] {dag.py:2379} INFO - Sync 1 DAGs
[2023-05-26 22:07:08,271] {logging_mixin.py:115} INFO - [2023-05-26 22:07:08,271] {dag.py:2927} INFO - Setting next_dagrun for example_time_delta_sensor_async to None, run_after=None
[2023-05-26 22:07:08,289] {processor.py:161} INFO - Processing /home/raf/pipeline-transform/.venv/lib/python3.9/site-packages/airflow/example_dags/example_time_delta_sensor_async.py took 0.067 seconds
[2023-05-26 22:07:44,434] {processor.py:153} INFO - Started process (PID=27332) to work on /home/raf/pipeline-transform/.venv/lib/python3.9/site-packages/airflow/example_dags/example_time_delta_sensor_async.py
[2023-05-26 22:07:44,447] {processor.py:641} INFO - Processing file /home/raf/pipeline-transform/.venv/lib/python3.9/site-packages/airflow/example_dags/example_time_delta_sensor_async.py for tasks to queue
[2023-05-26 22:07:44,448] {logging_mixin.py:115} INFO - [2023-05-26 22:07:44,448] {dagbag.py:507} INFO - Filling up the DagBag from /home/raf/pipeline-transform/.venv/lib/python3.9/site-packages/airflow/example_dags/example_time_delta_sensor_async.py
[2023-05-26 22:07:44,452] {processor.py:651} INFO - DAG(s) dict_keys(['example_time_delta_sensor_async']) retrieved from /home/raf/pipeline-transform/.venv/lib/python3.9/site-packages/airflow/example_dags/example_time_delta_sensor_async.py
[2023-05-26 22:07:44,469] {logging_mixin.py:115} INFO - [2023-05-26 22:07:44,469] {dag.py:2379} INFO - Sync 1 DAGs
[2023-05-26 22:07:44,483] {logging_mixin.py:115} INFO - [2023-05-26 22:07:44,483] {dag.py:2927} INFO - Setting next_dagrun for example_time_delta_sensor_async to None, run_after=None
[2023-05-26 22:07:44,502] {processor.py:161} INFO - Processing /home/raf/pipeline-transform/.venv/lib/python3.9/site-packages/airflow/example_dags/example_time_delta_sensor_async.py took 0.070 seconds
[2023-05-26 22:08:18,256] {processor.py:153} INFO - Started process (PID=27469) to work on /home/raf/pipeline-transform/.venv/lib/python3.9/site-packages/airflow/example_dags/example_time_delta_sensor_async.py
[2023-05-26 22:08:18,270] {processor.py:641} INFO - Processing file /home/raf/pipeline-transform/.venv/lib/python3.9/site-packages/airflow/example_dags/example_time_delta_sensor_async.py for tasks to queue
[2023-05-26 22:08:18,271] {logging_mixin.py:115} INFO - [2023-05-26 22:08:18,271] {dagbag.py:507} INFO - Filling up the DagBag from /home/raf/pipeline-transform/.venv/lib/python3.9/site-packages/airflow/example_dags/example_time_delta_sensor_async.py
[2023-05-26 22:08:18,275] {processor.py:651} INFO - DAG(s) dict_keys(['example_time_delta_sensor_async']) retrieved from /home/raf/pipeline-transform/.venv/lib/python3.9/site-packages/airflow/example_dags/example_time_delta_sensor_async.py
[2023-05-26 22:08:18,292] {logging_mixin.py:115} INFO - [2023-05-26 22:08:18,292] {dag.py:2379} INFO - Sync 1 DAGs
[2023-05-26 22:08:18,306] {logging_mixin.py:115} INFO - [2023-05-26 22:08:18,306] {dag.py:2927} INFO - Setting next_dagrun for example_time_delta_sensor_async to None, run_after=None
[2023-05-26 22:08:18,324] {processor.py:161} INFO - Processing /home/raf/pipeline-transform/.venv/lib/python3.9/site-packages/airflow/example_dags/example_time_delta_sensor_async.py took 0.071 seconds
[2023-05-26 22:08:53,671] {processor.py:153} INFO - Started process (PID=27563) to work on /home/raf/pipeline-transform/.venv/lib/python3.9/site-packages/airflow/example_dags/example_time_delta_sensor_async.py
[2023-05-26 22:08:53,690] {processor.py:641} INFO - Processing file /home/raf/pipeline-transform/.venv/lib/python3.9/site-packages/airflow/example_dags/example_time_delta_sensor_async.py for tasks to queue
[2023-05-26 22:08:53,691] {logging_mixin.py:115} INFO - [2023-05-26 22:08:53,691] {dagbag.py:507} INFO - Filling up the DagBag from /home/raf/pipeline-transform/.venv/lib/python3.9/site-packages/airflow/example_dags/example_time_delta_sensor_async.py
[2023-05-26 22:08:53,697] {processor.py:651} INFO - DAG(s) dict_keys(['example_time_delta_sensor_async']) retrieved from /home/raf/pipeline-transform/.venv/lib/python3.9/site-packages/airflow/example_dags/example_time_delta_sensor_async.py
[2023-05-26 22:08:53,719] {logging_mixin.py:115} INFO - [2023-05-26 22:08:53,719] {dag.py:2379} INFO - Sync 1 DAGs
[2023-05-26 22:08:53,734] {logging_mixin.py:115} INFO - [2023-05-26 22:08:53,734] {dag.py:2927} INFO - Setting next_dagrun for example_time_delta_sensor_async to None, run_after=None
[2023-05-26 22:08:53,753] {processor.py:161} INFO - Processing /home/raf/pipeline-transform/.venv/lib/python3.9/site-packages/airflow/example_dags/example_time_delta_sensor_async.py took 0.086 seconds
[2023-05-26 22:09:30,201] {processor.py:153} INFO - Started process (PID=27754) to work on /home/raf/pipeline-transform/.venv/lib/python3.9/site-packages/airflow/example_dags/example_time_delta_sensor_async.py
[2023-05-26 22:09:30,221] {processor.py:641} INFO - Processing file /home/raf/pipeline-transform/.venv/lib/python3.9/site-packages/airflow/example_dags/example_time_delta_sensor_async.py for tasks to queue
[2023-05-26 22:09:30,222] {logging_mixin.py:115} INFO - [2023-05-26 22:09:30,222] {dagbag.py:507} INFO - Filling up the DagBag from /home/raf/pipeline-transform/.venv/lib/python3.9/site-packages/airflow/example_dags/example_time_delta_sensor_async.py
[2023-05-26 22:09:30,226] {processor.py:651} INFO - DAG(s) dict_keys(['example_time_delta_sensor_async']) retrieved from /home/raf/pipeline-transform/.venv/lib/python3.9/site-packages/airflow/example_dags/example_time_delta_sensor_async.py
[2023-05-26 22:09:30,243] {logging_mixin.py:115} INFO - [2023-05-26 22:09:30,243] {dag.py:2379} INFO - Sync 1 DAGs
[2023-05-26 22:09:30,257] {logging_mixin.py:115} INFO - [2023-05-26 22:09:30,257] {dag.py:2927} INFO - Setting next_dagrun for example_time_delta_sensor_async to None, run_after=None
[2023-05-26 22:09:30,276] {processor.py:161} INFO - Processing /home/raf/pipeline-transform/.venv/lib/python3.9/site-packages/airflow/example_dags/example_time_delta_sensor_async.py took 0.078 seconds
[2023-05-26 22:10:02,977] {processor.py:153} INFO - Started process (PID=27837) to work on /home/raf/pipeline-transform/.venv/lib/python3.9/site-packages/airflow/example_dags/example_time_delta_sensor_async.py
[2023-05-26 22:10:02,978] {processor.py:641} INFO - Processing file /home/raf/pipeline-transform/.venv/lib/python3.9/site-packages/airflow/example_dags/example_time_delta_sensor_async.py for tasks to queue
[2023-05-26 22:10:02,978] {logging_mixin.py:115} INFO - [2023-05-26 22:10:02,978] {dagbag.py:507} INFO - Filling up the DagBag from /home/raf/pipeline-transform/.venv/lib/python3.9/site-packages/airflow/example_dags/example_time_delta_sensor_async.py
[2023-05-26 22:10:02,983] {processor.py:651} INFO - DAG(s) dict_keys(['example_time_delta_sensor_async']) retrieved from /home/raf/pipeline-transform/.venv/lib/python3.9/site-packages/airflow/example_dags/example_time_delta_sensor_async.py
[2023-05-26 22:10:03,003] {logging_mixin.py:115} INFO - [2023-05-26 22:10:03,003] {dag.py:2379} INFO - Sync 1 DAGs
[2023-05-26 22:10:03,020] {logging_mixin.py:115} INFO - [2023-05-26 22:10:03,020] {dag.py:2927} INFO - Setting next_dagrun for example_time_delta_sensor_async to None, run_after=None
[2023-05-26 22:10:03,067] {processor.py:161} INFO - Processing /home/raf/pipeline-transform/.venv/lib/python3.9/site-packages/airflow/example_dags/example_time_delta_sensor_async.py took 0.093 seconds
[2023-05-26 22:10:38,428] {processor.py:153} INFO - Started process (PID=27923) to work on /home/raf/pipeline-transform/.venv/lib/python3.9/site-packages/airflow/example_dags/example_time_delta_sensor_async.py
[2023-05-26 22:10:38,451] {processor.py:641} INFO - Processing file /home/raf/pipeline-transform/.venv/lib/python3.9/site-packages/airflow/example_dags/example_time_delta_sensor_async.py for tasks to queue
[2023-05-26 22:10:38,452] {logging_mixin.py:115} INFO - [2023-05-26 22:10:38,452] {dagbag.py:507} INFO - Filling up the DagBag from /home/raf/pipeline-transform/.venv/lib/python3.9/site-packages/airflow/example_dags/example_time_delta_sensor_async.py
[2023-05-26 22:10:38,457] {processor.py:651} INFO - DAG(s) dict_keys(['example_time_delta_sensor_async']) retrieved from /home/raf/pipeline-transform/.venv/lib/python3.9/site-packages/airflow/example_dags/example_time_delta_sensor_async.py
[2023-05-26 22:10:38,476] {logging_mixin.py:115} INFO - [2023-05-26 22:10:38,476] {dag.py:2379} INFO - Sync 1 DAGs
[2023-05-26 22:10:38,492] {logging_mixin.py:115} INFO - [2023-05-26 22:10:38,492] {dag.py:2927} INFO - Setting next_dagrun for example_time_delta_sensor_async to None, run_after=None
[2023-05-26 22:10:38,511] {processor.py:161} INFO - Processing /home/raf/pipeline-transform/.venv/lib/python3.9/site-packages/airflow/example_dags/example_time_delta_sensor_async.py took 0.085 seconds
[2023-05-26 22:11:12,765] {processor.py:153} INFO - Started process (PID=28009) to work on /home/raf/pipeline-transform/.venv/lib/python3.9/site-packages/airflow/example_dags/example_time_delta_sensor_async.py
[2023-05-26 22:11:12,766] {processor.py:641} INFO - Processing file /home/raf/pipeline-transform/.venv/lib/python3.9/site-packages/airflow/example_dags/example_time_delta_sensor_async.py for tasks to queue
[2023-05-26 22:11:12,766] {logging_mixin.py:115} INFO - [2023-05-26 22:11:12,766] {dagbag.py:507} INFO - Filling up the DagBag from /home/raf/pipeline-transform/.venv/lib/python3.9/site-packages/airflow/example_dags/example_time_delta_sensor_async.py
[2023-05-26 22:11:12,771] {processor.py:651} INFO - DAG(s) dict_keys(['example_time_delta_sensor_async']) retrieved from /home/raf/pipeline-transform/.venv/lib/python3.9/site-packages/airflow/example_dags/example_time_delta_sensor_async.py
[2023-05-26 22:11:12,790] {logging_mixin.py:115} INFO - [2023-05-26 22:11:12,790] {dag.py:2379} INFO - Sync 1 DAGs
[2023-05-26 22:11:12,804] {logging_mixin.py:115} INFO - [2023-05-26 22:11:12,804] {dag.py:2927} INFO - Setting next_dagrun for example_time_delta_sensor_async to None, run_after=None
[2023-05-26 22:11:12,822] {processor.py:161} INFO - Processing /home/raf/pipeline-transform/.venv/lib/python3.9/site-packages/airflow/example_dags/example_time_delta_sensor_async.py took 0.059 seconds
[2023-05-26 22:11:50,290] {processor.py:153} INFO - Started process (PID=28109) to work on /home/raf/pipeline-transform/.venv/lib/python3.9/site-packages/airflow/example_dags/example_time_delta_sensor_async.py
[2023-05-26 22:11:50,463] {processor.py:641} INFO - Processing file /home/raf/pipeline-transform/.venv/lib/python3.9/site-packages/airflow/example_dags/example_time_delta_sensor_async.py for tasks to queue
[2023-05-26 22:11:50,464] {logging_mixin.py:115} INFO - [2023-05-26 22:11:50,464] {dagbag.py:507} INFO - Filling up the DagBag from /home/raf/pipeline-transform/.venv/lib/python3.9/site-packages/airflow/example_dags/example_time_delta_sensor_async.py
[2023-05-26 22:11:50,468] {processor.py:651} INFO - DAG(s) dict_keys(['example_time_delta_sensor_async']) retrieved from /home/raf/pipeline-transform/.venv/lib/python3.9/site-packages/airflow/example_dags/example_time_delta_sensor_async.py
[2023-05-26 22:11:50,485] {logging_mixin.py:115} INFO - [2023-05-26 22:11:50,485] {dag.py:2379} INFO - Sync 1 DAGs
[2023-05-26 22:11:50,500] {logging_mixin.py:115} INFO - [2023-05-26 22:11:50,500] {dag.py:2927} INFO - Setting next_dagrun for example_time_delta_sensor_async to None, run_after=None
[2023-05-26 22:11:50,517] {processor.py:161} INFO - Processing /home/raf/pipeline-transform/.venv/lib/python3.9/site-packages/airflow/example_dags/example_time_delta_sensor_async.py took 0.229 seconds
[2023-05-26 22:12:25,316] {processor.py:153} INFO - Started process (PID=28306) to work on /home/raf/pipeline-transform/.venv/lib/python3.9/site-packages/airflow/example_dags/example_time_delta_sensor_async.py
[2023-05-26 22:12:25,323] {processor.py:641} INFO - Processing file /home/raf/pipeline-transform/.venv/lib/python3.9/site-packages/airflow/example_dags/example_time_delta_sensor_async.py for tasks to queue
[2023-05-26 22:12:25,324] {logging_mixin.py:115} INFO - [2023-05-26 22:12:25,323] {dagbag.py:507} INFO - Filling up the DagBag from /home/raf/pipeline-transform/.venv/lib/python3.9/site-packages/airflow/example_dags/example_time_delta_sensor_async.py
[2023-05-26 22:12:25,332] {processor.py:651} INFO - DAG(s) dict_keys(['example_time_delta_sensor_async']) retrieved from /home/raf/pipeline-transform/.venv/lib/python3.9/site-packages/airflow/example_dags/example_time_delta_sensor_async.py
[2023-05-26 22:12:25,358] {logging_mixin.py:115} INFO - [2023-05-26 22:12:25,358] {dag.py:2379} INFO - Sync 1 DAGs
[2023-05-26 22:12:25,377] {logging_mixin.py:115} INFO - [2023-05-26 22:12:25,377] {dag.py:2927} INFO - Setting next_dagrun for example_time_delta_sensor_async to None, run_after=None
[2023-05-26 22:12:25,394] {processor.py:161} INFO - Processing /home/raf/pipeline-transform/.venv/lib/python3.9/site-packages/airflow/example_dags/example_time_delta_sensor_async.py took 0.082 seconds
[2023-05-26 22:13:03,779] {processor.py:153} INFO - Started process (PID=28452) to work on /home/raf/pipeline-transform/.venv/lib/python3.9/site-packages/airflow/example_dags/example_time_delta_sensor_async.py
[2023-05-26 22:13:03,782] {processor.py:641} INFO - Processing file /home/raf/pipeline-transform/.venv/lib/python3.9/site-packages/airflow/example_dags/example_time_delta_sensor_async.py for tasks to queue
[2023-05-26 22:13:03,782] {logging_mixin.py:115} INFO - [2023-05-26 22:13:03,782] {dagbag.py:507} INFO - Filling up the DagBag from /home/raf/pipeline-transform/.venv/lib/python3.9/site-packages/airflow/example_dags/example_time_delta_sensor_async.py
[2023-05-26 22:13:03,786] {processor.py:651} INFO - DAG(s) dict_keys(['example_time_delta_sensor_async']) retrieved from /home/raf/pipeline-transform/.venv/lib/python3.9/site-packages/airflow/example_dags/example_time_delta_sensor_async.py
[2023-05-26 22:13:03,805] {logging_mixin.py:115} INFO - [2023-05-26 22:13:03,805] {dag.py:2379} INFO - Sync 1 DAGs
[2023-05-26 22:13:03,819] {logging_mixin.py:115} INFO - [2023-05-26 22:13:03,819] {dag.py:2927} INFO - Setting next_dagrun for example_time_delta_sensor_async to None, run_after=None
[2023-05-26 22:13:03,838] {processor.py:161} INFO - Processing /home/raf/pipeline-transform/.venv/lib/python3.9/site-packages/airflow/example_dags/example_time_delta_sensor_async.py took 0.062 seconds
[2023-05-26 22:13:39,025] {processor.py:153} INFO - Started process (PID=28591) to work on /home/raf/pipeline-transform/.venv/lib/python3.9/site-packages/airflow/example_dags/example_time_delta_sensor_async.py
[2023-05-26 22:13:39,028] {processor.py:641} INFO - Processing file /home/raf/pipeline-transform/.venv/lib/python3.9/site-packages/airflow/example_dags/example_time_delta_sensor_async.py for tasks to queue
[2023-05-26 22:13:39,028] {logging_mixin.py:115} INFO - [2023-05-26 22:13:39,028] {dagbag.py:507} INFO - Filling up the DagBag from /home/raf/pipeline-transform/.venv/lib/python3.9/site-packages/airflow/example_dags/example_time_delta_sensor_async.py
[2023-05-26 22:13:39,033] {processor.py:651} INFO - DAG(s) dict_keys(['example_time_delta_sensor_async']) retrieved from /home/raf/pipeline-transform/.venv/lib/python3.9/site-packages/airflow/example_dags/example_time_delta_sensor_async.py
[2023-05-26 22:13:39,054] {logging_mixin.py:115} INFO - [2023-05-26 22:13:39,054] {dag.py:2379} INFO - Sync 1 DAGs
[2023-05-26 22:13:39,070] {logging_mixin.py:115} INFO - [2023-05-26 22:13:39,070] {dag.py:2927} INFO - Setting next_dagrun for example_time_delta_sensor_async to None, run_after=None
[2023-05-26 22:13:39,088] {processor.py:161} INFO - Processing /home/raf/pipeline-transform/.venv/lib/python3.9/site-packages/airflow/example_dags/example_time_delta_sensor_async.py took 0.066 seconds
[2023-05-26 22:14:16,024] {processor.py:153} INFO - Started process (PID=28685) to work on /home/raf/pipeline-transform/.venv/lib/python3.9/site-packages/airflow/example_dags/example_time_delta_sensor_async.py
[2023-05-26 22:14:16,044] {processor.py:641} INFO - Processing file /home/raf/pipeline-transform/.venv/lib/python3.9/site-packages/airflow/example_dags/example_time_delta_sensor_async.py for tasks to queue
[2023-05-26 22:14:16,044] {logging_mixin.py:115} INFO - [2023-05-26 22:14:16,044] {dagbag.py:507} INFO - Filling up the DagBag from /home/raf/pipeline-transform/.venv/lib/python3.9/site-packages/airflow/example_dags/example_time_delta_sensor_async.py
[2023-05-26 22:14:16,048] {processor.py:651} INFO - DAG(s) dict_keys(['example_time_delta_sensor_async']) retrieved from /home/raf/pipeline-transform/.venv/lib/python3.9/site-packages/airflow/example_dags/example_time_delta_sensor_async.py
[2023-05-26 22:14:16,067] {logging_mixin.py:115} INFO - [2023-05-26 22:14:16,066] {dag.py:2379} INFO - Sync 1 DAGs
[2023-05-26 22:14:16,083] {logging_mixin.py:115} INFO - [2023-05-26 22:14:16,083] {dag.py:2927} INFO - Setting next_dagrun for example_time_delta_sensor_async to None, run_after=None
[2023-05-26 22:14:16,102] {processor.py:161} INFO - Processing /home/raf/pipeline-transform/.venv/lib/python3.9/site-packages/airflow/example_dags/example_time_delta_sensor_async.py took 0.080 seconds
[2023-05-26 22:14:49,124] {processor.py:153} INFO - Started process (PID=28768) to work on /home/raf/pipeline-transform/.venv/lib/python3.9/site-packages/airflow/example_dags/example_time_delta_sensor_async.py
[2023-05-26 22:14:49,124] {processor.py:641} INFO - Processing file /home/raf/pipeline-transform/.venv/lib/python3.9/site-packages/airflow/example_dags/example_time_delta_sensor_async.py for tasks to queue
[2023-05-26 22:14:49,125] {logging_mixin.py:115} INFO - [2023-05-26 22:14:49,124] {dagbag.py:507} INFO - Filling up the DagBag from /home/raf/pipeline-transform/.venv/lib/python3.9/site-packages/airflow/example_dags/example_time_delta_sensor_async.py
[2023-05-26 22:14:49,129] {processor.py:651} INFO - DAG(s) dict_keys(['example_time_delta_sensor_async']) retrieved from /home/raf/pipeline-transform/.venv/lib/python3.9/site-packages/airflow/example_dags/example_time_delta_sensor_async.py
[2023-05-26 22:14:49,148] {logging_mixin.py:115} INFO - [2023-05-26 22:14:49,148] {dag.py:2379} INFO - Sync 1 DAGs
[2023-05-26 22:14:49,165] {logging_mixin.py:115} INFO - [2023-05-26 22:14:49,165] {dag.py:2927} INFO - Setting next_dagrun for example_time_delta_sensor_async to None, run_after=None
[2023-05-26 22:14:49,198] {processor.py:161} INFO - Processing /home/raf/pipeline-transform/.venv/lib/python3.9/site-packages/airflow/example_dags/example_time_delta_sensor_async.py took 0.077 seconds
[2023-05-26 22:15:28,075] {processor.py:153} INFO - Started process (PID=28864) to work on /home/raf/pipeline-transform/.venv/lib/python3.9/site-packages/airflow/example_dags/example_time_delta_sensor_async.py
[2023-05-26 22:15:28,076] {processor.py:641} INFO - Processing file /home/raf/pipeline-transform/.venv/lib/python3.9/site-packages/airflow/example_dags/example_time_delta_sensor_async.py for tasks to queue
[2023-05-26 22:15:28,077] {logging_mixin.py:115} INFO - [2023-05-26 22:15:28,077] {dagbag.py:507} INFO - Filling up the DagBag from /home/raf/pipeline-transform/.venv/lib/python3.9/site-packages/airflow/example_dags/example_time_delta_sensor_async.py
[2023-05-26 22:15:28,082] {processor.py:651} INFO - DAG(s) dict_keys(['example_time_delta_sensor_async']) retrieved from /home/raf/pipeline-transform/.venv/lib/python3.9/site-packages/airflow/example_dags/example_time_delta_sensor_async.py
[2023-05-26 22:15:28,102] {logging_mixin.py:115} INFO - [2023-05-26 22:15:28,102] {dag.py:2379} INFO - Sync 1 DAGs
[2023-05-26 22:15:28,118] {logging_mixin.py:115} INFO - [2023-05-26 22:15:28,117] {dag.py:2927} INFO - Setting next_dagrun for example_time_delta_sensor_async to None, run_after=None
[2023-05-26 22:15:28,136] {processor.py:161} INFO - Processing /home/raf/pipeline-transform/.venv/lib/python3.9/site-packages/airflow/example_dags/example_time_delta_sensor_async.py took 0.064 seconds
[2023-05-26 22:16:05,069] {processor.py:153} INFO - Started process (PID=28954) to work on /home/raf/pipeline-transform/.venv/lib/python3.9/site-packages/airflow/example_dags/example_time_delta_sensor_async.py
[2023-05-26 22:16:05,093] {processor.py:641} INFO - Processing file /home/raf/pipeline-transform/.venv/lib/python3.9/site-packages/airflow/example_dags/example_time_delta_sensor_async.py for tasks to queue
[2023-05-26 22:16:05,094] {logging_mixin.py:115} INFO - [2023-05-26 22:16:05,094] {dagbag.py:507} INFO - Filling up the DagBag from /home/raf/pipeline-transform/.venv/lib/python3.9/site-packages/airflow/example_dags/example_time_delta_sensor_async.py
[2023-05-26 22:16:05,098] {processor.py:651} INFO - DAG(s) dict_keys(['example_time_delta_sensor_async']) retrieved from /home/raf/pipeline-transform/.venv/lib/python3.9/site-packages/airflow/example_dags/example_time_delta_sensor_async.py
[2023-05-26 22:16:05,116] {logging_mixin.py:115} INFO - [2023-05-26 22:16:05,116] {dag.py:2379} INFO - Sync 1 DAGs
[2023-05-26 22:16:05,130] {logging_mixin.py:115} INFO - [2023-05-26 22:16:05,130] {dag.py:2927} INFO - Setting next_dagrun for example_time_delta_sensor_async to None, run_after=None
[2023-05-26 22:16:05,149] {processor.py:161} INFO - Processing /home/raf/pipeline-transform/.venv/lib/python3.9/site-packages/airflow/example_dags/example_time_delta_sensor_async.py took 0.082 seconds
[2023-05-26 22:16:38,580] {processor.py:153} INFO - Started process (PID=29038) to work on /home/raf/pipeline-transform/.venv/lib/python3.9/site-packages/airflow/example_dags/example_time_delta_sensor_async.py
[2023-05-26 22:16:38,605] {processor.py:641} INFO - Processing file /home/raf/pipeline-transform/.venv/lib/python3.9/site-packages/airflow/example_dags/example_time_delta_sensor_async.py for tasks to queue
[2023-05-26 22:16:38,606] {logging_mixin.py:115} INFO - [2023-05-26 22:16:38,606] {dagbag.py:507} INFO - Filling up the DagBag from /home/raf/pipeline-transform/.venv/lib/python3.9/site-packages/airflow/example_dags/example_time_delta_sensor_async.py
[2023-05-26 22:16:38,611] {processor.py:651} INFO - DAG(s) dict_keys(['example_time_delta_sensor_async']) retrieved from /home/raf/pipeline-transform/.venv/lib/python3.9/site-packages/airflow/example_dags/example_time_delta_sensor_async.py
[2023-05-26 22:16:38,632] {logging_mixin.py:115} INFO - [2023-05-26 22:16:38,632] {dag.py:2379} INFO - Sync 1 DAGs
[2023-05-26 22:16:38,649] {logging_mixin.py:115} INFO - [2023-05-26 22:16:38,649] {dag.py:2927} INFO - Setting next_dagrun for example_time_delta_sensor_async to None, run_after=None
[2023-05-26 22:16:38,667] {processor.py:161} INFO - Processing /home/raf/pipeline-transform/.venv/lib/python3.9/site-packages/airflow/example_dags/example_time_delta_sensor_async.py took 0.090 seconds
[2023-05-26 22:17:16,459] {processor.py:153} INFO - Started process (PID=29129) to work on /home/raf/pipeline-transform/.venv/lib/python3.9/site-packages/airflow/example_dags/example_time_delta_sensor_async.py
[2023-05-26 22:17:16,462] {processor.py:641} INFO - Processing file /home/raf/pipeline-transform/.venv/lib/python3.9/site-packages/airflow/example_dags/example_time_delta_sensor_async.py for tasks to queue
[2023-05-26 22:17:16,462] {logging_mixin.py:115} INFO - [2023-05-26 22:17:16,462] {dagbag.py:507} INFO - Filling up the DagBag from /home/raf/pipeline-transform/.venv/lib/python3.9/site-packages/airflow/example_dags/example_time_delta_sensor_async.py
[2023-05-26 22:17:16,473] {processor.py:651} INFO - DAG(s) dict_keys(['example_time_delta_sensor_async']) retrieved from /home/raf/pipeline-transform/.venv/lib/python3.9/site-packages/airflow/example_dags/example_time_delta_sensor_async.py
[2023-05-26 22:17:16,493] {logging_mixin.py:115} INFO - [2023-05-26 22:17:16,493] {dag.py:2379} INFO - Sync 1 DAGs
[2023-05-26 22:17:16,508] {logging_mixin.py:115} INFO - [2023-05-26 22:17:16,508] {dag.py:2927} INFO - Setting next_dagrun for example_time_delta_sensor_async to None, run_after=None
[2023-05-26 22:17:16,526] {processor.py:161} INFO - Processing /home/raf/pipeline-transform/.venv/lib/python3.9/site-packages/airflow/example_dags/example_time_delta_sensor_async.py took 0.069 seconds
[2023-05-26 22:17:52,817] {processor.py:153} INFO - Started process (PID=29219) to work on /home/raf/pipeline-transform/.venv/lib/python3.9/site-packages/airflow/example_dags/example_time_delta_sensor_async.py
[2023-05-26 22:17:52,820] {processor.py:641} INFO - Processing file /home/raf/pipeline-transform/.venv/lib/python3.9/site-packages/airflow/example_dags/example_time_delta_sensor_async.py for tasks to queue
[2023-05-26 22:17:52,820] {logging_mixin.py:115} INFO - [2023-05-26 22:17:52,820] {dagbag.py:507} INFO - Filling up the DagBag from /home/raf/pipeline-transform/.venv/lib/python3.9/site-packages/airflow/example_dags/example_time_delta_sensor_async.py
[2023-05-26 22:17:52,825] {processor.py:651} INFO - DAG(s) dict_keys(['example_time_delta_sensor_async']) retrieved from /home/raf/pipeline-transform/.venv/lib/python3.9/site-packages/airflow/example_dags/example_time_delta_sensor_async.py
[2023-05-26 22:17:52,844] {logging_mixin.py:115} INFO - [2023-05-26 22:17:52,844] {dag.py:2379} INFO - Sync 1 DAGs
[2023-05-26 22:17:52,861] {logging_mixin.py:115} INFO - [2023-05-26 22:17:52,861] {dag.py:2927} INFO - Setting next_dagrun for example_time_delta_sensor_async to None, run_after=None
[2023-05-26 22:17:52,887] {processor.py:161} INFO - Processing /home/raf/pipeline-transform/.venv/lib/python3.9/site-packages/airflow/example_dags/example_time_delta_sensor_async.py took 0.074 seconds
[2023-05-26 22:18:29,925] {processor.py:153} INFO - Started process (PID=29361) to work on /home/raf/pipeline-transform/.venv/lib/python3.9/site-packages/airflow/example_dags/example_time_delta_sensor_async.py
[2023-05-26 22:18:29,929] {processor.py:641} INFO - Processing file /home/raf/pipeline-transform/.venv/lib/python3.9/site-packages/airflow/example_dags/example_time_delta_sensor_async.py for tasks to queue
[2023-05-26 22:18:29,930] {logging_mixin.py:115} INFO - [2023-05-26 22:18:29,930] {dagbag.py:507} INFO - Filling up the DagBag from /home/raf/pipeline-transform/.venv/lib/python3.9/site-packages/airflow/example_dags/example_time_delta_sensor_async.py
[2023-05-26 22:18:29,934] {processor.py:651} INFO - DAG(s) dict_keys(['example_time_delta_sensor_async']) retrieved from /home/raf/pipeline-transform/.venv/lib/python3.9/site-packages/airflow/example_dags/example_time_delta_sensor_async.py
[2023-05-26 22:18:29,952] {logging_mixin.py:115} INFO - [2023-05-26 22:18:29,952] {dag.py:2379} INFO - Sync 1 DAGs
[2023-05-26 22:18:29,966] {logging_mixin.py:115} INFO - [2023-05-26 22:18:29,966] {dag.py:2927} INFO - Setting next_dagrun for example_time_delta_sensor_async to None, run_after=None
[2023-05-26 22:18:29,985] {processor.py:161} INFO - Processing /home/raf/pipeline-transform/.venv/lib/python3.9/site-packages/airflow/example_dags/example_time_delta_sensor_async.py took 0.062 seconds
[2023-05-26 22:19:05,093] {processor.py:153} INFO - Started process (PID=29459) to work on /home/raf/pipeline-transform/.venv/lib/python3.9/site-packages/airflow/example_dags/example_time_delta_sensor_async.py
[2023-05-26 22:19:05,101] {processor.py:641} INFO - Processing file /home/raf/pipeline-transform/.venv/lib/python3.9/site-packages/airflow/example_dags/example_time_delta_sensor_async.py for tasks to queue
[2023-05-26 22:19:05,102] {logging_mixin.py:115} INFO - [2023-05-26 22:19:05,102] {dagbag.py:507} INFO - Filling up the DagBag from /home/raf/pipeline-transform/.venv/lib/python3.9/site-packages/airflow/example_dags/example_time_delta_sensor_async.py
[2023-05-26 22:19:05,106] {processor.py:651} INFO - DAG(s) dict_keys(['example_time_delta_sensor_async']) retrieved from /home/raf/pipeline-transform/.venv/lib/python3.9/site-packages/airflow/example_dags/example_time_delta_sensor_async.py
[2023-05-26 22:19:05,125] {logging_mixin.py:115} INFO - [2023-05-26 22:19:05,125] {dag.py:2379} INFO - Sync 1 DAGs
[2023-05-26 22:19:05,139] {logging_mixin.py:115} INFO - [2023-05-26 22:19:05,139] {dag.py:2927} INFO - Setting next_dagrun for example_time_delta_sensor_async to None, run_after=None
[2023-05-26 22:19:05,159] {processor.py:161} INFO - Processing /home/raf/pipeline-transform/.venv/lib/python3.9/site-packages/airflow/example_dags/example_time_delta_sensor_async.py took 0.069 seconds
[2023-05-26 22:19:39,059] {processor.py:153} INFO - Started process (PID=29696) to work on /home/raf/pipeline-transform/.venv/lib/python3.9/site-packages/airflow/example_dags/example_time_delta_sensor_async.py
[2023-05-26 22:19:39,068] {processor.py:641} INFO - Processing file /home/raf/pipeline-transform/.venv/lib/python3.9/site-packages/airflow/example_dags/example_time_delta_sensor_async.py for tasks to queue
[2023-05-26 22:19:39,069] {logging_mixin.py:115} INFO - [2023-05-26 22:19:39,069] {dagbag.py:507} INFO - Filling up the DagBag from /home/raf/pipeline-transform/.venv/lib/python3.9/site-packages/airflow/example_dags/example_time_delta_sensor_async.py
[2023-05-26 22:19:39,073] {processor.py:651} INFO - DAG(s) dict_keys(['example_time_delta_sensor_async']) retrieved from /home/raf/pipeline-transform/.venv/lib/python3.9/site-packages/airflow/example_dags/example_time_delta_sensor_async.py
[2023-05-26 22:19:39,095] {logging_mixin.py:115} INFO - [2023-05-26 22:19:39,095] {dag.py:2379} INFO - Sync 1 DAGs
[2023-05-26 22:19:39,116] {logging_mixin.py:115} INFO - [2023-05-26 22:19:39,116] {dag.py:2927} INFO - Setting next_dagrun for example_time_delta_sensor_async to None, run_after=None
[2023-05-26 22:19:39,142] {processor.py:161} INFO - Processing /home/raf/pipeline-transform/.venv/lib/python3.9/site-packages/airflow/example_dags/example_time_delta_sensor_async.py took 0.086 seconds
[2023-05-26 22:20:39,768] {processor.py:153} INFO - Started process (PID=30247) to work on /home/raf/pipeline-transform/.venv/lib/python3.9/site-packages/airflow/example_dags/example_time_delta_sensor_async.py
[2023-05-26 22:20:39,773] {processor.py:641} INFO - Processing file /home/raf/pipeline-transform/.venv/lib/python3.9/site-packages/airflow/example_dags/example_time_delta_sensor_async.py for tasks to queue
[2023-05-26 22:20:39,774] {logging_mixin.py:115} INFO - [2023-05-26 22:20:39,774] {dagbag.py:507} INFO - Filling up the DagBag from /home/raf/pipeline-transform/.venv/lib/python3.9/site-packages/airflow/example_dags/example_time_delta_sensor_async.py
[2023-05-26 22:20:39,779] {processor.py:651} INFO - DAG(s) dict_keys(['example_time_delta_sensor_async']) retrieved from /home/raf/pipeline-transform/.venv/lib/python3.9/site-packages/airflow/example_dags/example_time_delta_sensor_async.py
[2023-05-26 22:20:39,815] {logging_mixin.py:115} INFO - [2023-05-26 22:20:39,814] {dag.py:2379} INFO - Sync 1 DAGs
[2023-05-26 22:20:39,849] {logging_mixin.py:115} INFO - [2023-05-26 22:20:39,849] {dag.py:2927} INFO - Setting next_dagrun for example_time_delta_sensor_async to None, run_after=None
[2023-05-26 22:20:39,896] {processor.py:161} INFO - Processing /home/raf/pipeline-transform/.venv/lib/python3.9/site-packages/airflow/example_dags/example_time_delta_sensor_async.py took 0.133 seconds
[2023-05-26 22:21:15,050] {processor.py:153} INFO - Started process (PID=30494) to work on /home/raf/pipeline-transform/.venv/lib/python3.9/site-packages/airflow/example_dags/example_time_delta_sensor_async.py
[2023-05-26 22:21:15,062] {processor.py:641} INFO - Processing file /home/raf/pipeline-transform/.venv/lib/python3.9/site-packages/airflow/example_dags/example_time_delta_sensor_async.py for tasks to queue
[2023-05-26 22:21:15,063] {logging_mixin.py:115} INFO - [2023-05-26 22:21:15,063] {dagbag.py:507} INFO - Filling up the DagBag from /home/raf/pipeline-transform/.venv/lib/python3.9/site-packages/airflow/example_dags/example_time_delta_sensor_async.py
[2023-05-26 22:21:15,068] {processor.py:651} INFO - DAG(s) dict_keys(['example_time_delta_sensor_async']) retrieved from /home/raf/pipeline-transform/.venv/lib/python3.9/site-packages/airflow/example_dags/example_time_delta_sensor_async.py
[2023-05-26 22:21:15,088] {logging_mixin.py:115} INFO - [2023-05-26 22:21:15,088] {dag.py:2379} INFO - Sync 1 DAGs
[2023-05-26 22:21:15,103] {logging_mixin.py:115} INFO - [2023-05-26 22:21:15,103] {dag.py:2927} INFO - Setting next_dagrun for example_time_delta_sensor_async to None, run_after=None
[2023-05-26 22:21:15,124] {processor.py:161} INFO - Processing /home/raf/pipeline-transform/.venv/lib/python3.9/site-packages/airflow/example_dags/example_time_delta_sensor_async.py took 0.077 seconds
[2023-05-26 22:21:49,308] {processor.py:153} INFO - Started process (PID=30686) to work on /home/raf/pipeline-transform/.venv/lib/python3.9/site-packages/airflow/example_dags/example_time_delta_sensor_async.py
[2023-05-26 22:21:49,323] {processor.py:641} INFO - Processing file /home/raf/pipeline-transform/.venv/lib/python3.9/site-packages/airflow/example_dags/example_time_delta_sensor_async.py for tasks to queue
[2023-05-26 22:21:49,324] {logging_mixin.py:115} INFO - [2023-05-26 22:21:49,324] {dagbag.py:507} INFO - Filling up the DagBag from /home/raf/pipeline-transform/.venv/lib/python3.9/site-packages/airflow/example_dags/example_time_delta_sensor_async.py
[2023-05-26 22:21:49,329] {processor.py:651} INFO - DAG(s) dict_keys(['example_time_delta_sensor_async']) retrieved from /home/raf/pipeline-transform/.venv/lib/python3.9/site-packages/airflow/example_dags/example_time_delta_sensor_async.py
[2023-05-26 22:21:49,351] {logging_mixin.py:115} INFO - [2023-05-26 22:21:49,351] {dag.py:2379} INFO - Sync 1 DAGs
[2023-05-26 22:21:49,367] {logging_mixin.py:115} INFO - [2023-05-26 22:21:49,367] {dag.py:2927} INFO - Setting next_dagrun for example_time_delta_sensor_async to None, run_after=None
[2023-05-26 22:21:49,387] {processor.py:161} INFO - Processing /home/raf/pipeline-transform/.venv/lib/python3.9/site-packages/airflow/example_dags/example_time_delta_sensor_async.py took 0.082 seconds
[2023-05-26 22:22:28,285] {processor.py:153} INFO - Started process (PID=31039) to work on /home/raf/pipeline-transform/.venv/lib/python3.9/site-packages/airflow/example_dags/example_time_delta_sensor_async.py
[2023-05-26 22:22:28,304] {processor.py:641} INFO - Processing file /home/raf/pipeline-transform/.venv/lib/python3.9/site-packages/airflow/example_dags/example_time_delta_sensor_async.py for tasks to queue
[2023-05-26 22:22:28,305] {logging_mixin.py:115} INFO - [2023-05-26 22:22:28,304] {dagbag.py:507} INFO - Filling up the DagBag from /home/raf/pipeline-transform/.venv/lib/python3.9/site-packages/airflow/example_dags/example_time_delta_sensor_async.py
[2023-05-26 22:22:28,309] {processor.py:651} INFO - DAG(s) dict_keys(['example_time_delta_sensor_async']) retrieved from /home/raf/pipeline-transform/.venv/lib/python3.9/site-packages/airflow/example_dags/example_time_delta_sensor_async.py
[2023-05-26 22:22:28,328] {logging_mixin.py:115} INFO - [2023-05-26 22:22:28,327] {dag.py:2379} INFO - Sync 1 DAGs
[2023-05-26 22:22:28,342] {logging_mixin.py:115} INFO - [2023-05-26 22:22:28,342] {dag.py:2927} INFO - Setting next_dagrun for example_time_delta_sensor_async to None, run_after=None
[2023-05-26 22:22:28,363] {processor.py:161} INFO - Processing /home/raf/pipeline-transform/.venv/lib/python3.9/site-packages/airflow/example_dags/example_time_delta_sensor_async.py took 0.080 seconds
[2023-05-26 22:23:02,280] {processor.py:153} INFO - Started process (PID=31130) to work on /home/raf/pipeline-transform/.venv/lib/python3.9/site-packages/airflow/example_dags/example_time_delta_sensor_async.py
[2023-05-26 22:23:02,300] {processor.py:641} INFO - Processing file /home/raf/pipeline-transform/.venv/lib/python3.9/site-packages/airflow/example_dags/example_time_delta_sensor_async.py for tasks to queue
[2023-05-26 22:23:02,301] {logging_mixin.py:115} INFO - [2023-05-26 22:23:02,301] {dagbag.py:507} INFO - Filling up the DagBag from /home/raf/pipeline-transform/.venv/lib/python3.9/site-packages/airflow/example_dags/example_time_delta_sensor_async.py
[2023-05-26 22:23:02,305] {processor.py:651} INFO - DAG(s) dict_keys(['example_time_delta_sensor_async']) retrieved from /home/raf/pipeline-transform/.venv/lib/python3.9/site-packages/airflow/example_dags/example_time_delta_sensor_async.py
[2023-05-26 22:23:02,323] {logging_mixin.py:115} INFO - [2023-05-26 22:23:02,323] {dag.py:2379} INFO - Sync 1 DAGs
[2023-05-26 22:23:02,342] {logging_mixin.py:115} INFO - [2023-05-26 22:23:02,342] {dag.py:2927} INFO - Setting next_dagrun for example_time_delta_sensor_async to None, run_after=None
[2023-05-26 22:23:02,361] {processor.py:161} INFO - Processing /home/raf/pipeline-transform/.venv/lib/python3.9/site-packages/airflow/example_dags/example_time_delta_sensor_async.py took 0.083 seconds
[2023-05-26 22:23:37,732] {processor.py:153} INFO - Started process (PID=31220) to work on /home/raf/pipeline-transform/.venv/lib/python3.9/site-packages/airflow/example_dags/example_time_delta_sensor_async.py
[2023-05-26 22:23:37,754] {processor.py:641} INFO - Processing file /home/raf/pipeline-transform/.venv/lib/python3.9/site-packages/airflow/example_dags/example_time_delta_sensor_async.py for tasks to queue
[2023-05-26 22:23:37,754] {logging_mixin.py:115} INFO - [2023-05-26 22:23:37,754] {dagbag.py:507} INFO - Filling up the DagBag from /home/raf/pipeline-transform/.venv/lib/python3.9/site-packages/airflow/example_dags/example_time_delta_sensor_async.py
[2023-05-26 22:23:37,759] {processor.py:651} INFO - DAG(s) dict_keys(['example_time_delta_sensor_async']) retrieved from /home/raf/pipeline-transform/.venv/lib/python3.9/site-packages/airflow/example_dags/example_time_delta_sensor_async.py
[2023-05-26 22:23:37,777] {logging_mixin.py:115} INFO - [2023-05-26 22:23:37,777] {dag.py:2379} INFO - Sync 1 DAGs
[2023-05-26 22:23:37,791] {logging_mixin.py:115} INFO - [2023-05-26 22:23:37,791] {dag.py:2927} INFO - Setting next_dagrun for example_time_delta_sensor_async to None, run_after=None
[2023-05-26 22:23:37,809] {processor.py:161} INFO - Processing /home/raf/pipeline-transform/.venv/lib/python3.9/site-packages/airflow/example_dags/example_time_delta_sensor_async.py took 0.081 seconds
[2023-05-26 22:24:12,564] {processor.py:153} INFO - Started process (PID=31306) to work on /home/raf/pipeline-transform/.venv/lib/python3.9/site-packages/airflow/example_dags/example_time_delta_sensor_async.py
[2023-05-26 22:24:12,568] {processor.py:641} INFO - Processing file /home/raf/pipeline-transform/.venv/lib/python3.9/site-packages/airflow/example_dags/example_time_delta_sensor_async.py for tasks to queue
[2023-05-26 22:24:12,569] {logging_mixin.py:115} INFO - [2023-05-26 22:24:12,569] {dagbag.py:507} INFO - Filling up the DagBag from /home/raf/pipeline-transform/.venv/lib/python3.9/site-packages/airflow/example_dags/example_time_delta_sensor_async.py
[2023-05-26 22:24:12,573] {processor.py:651} INFO - DAG(s) dict_keys(['example_time_delta_sensor_async']) retrieved from /home/raf/pipeline-transform/.venv/lib/python3.9/site-packages/airflow/example_dags/example_time_delta_sensor_async.py
[2023-05-26 22:24:12,591] {logging_mixin.py:115} INFO - [2023-05-26 22:24:12,591] {dag.py:2379} INFO - Sync 1 DAGs
[2023-05-26 22:24:12,605] {logging_mixin.py:115} INFO - [2023-05-26 22:24:12,605] {dag.py:2927} INFO - Setting next_dagrun for example_time_delta_sensor_async to None, run_after=None
[2023-05-26 22:24:12,624] {processor.py:161} INFO - Processing /home/raf/pipeline-transform/.venv/lib/python3.9/site-packages/airflow/example_dags/example_time_delta_sensor_async.py took 0.062 seconds
[2023-05-26 22:24:48,204] {processor.py:153} INFO - Started process (PID=31396) to work on /home/raf/pipeline-transform/.venv/lib/python3.9/site-packages/airflow/example_dags/example_time_delta_sensor_async.py
[2023-05-26 22:24:48,206] {processor.py:641} INFO - Processing file /home/raf/pipeline-transform/.venv/lib/python3.9/site-packages/airflow/example_dags/example_time_delta_sensor_async.py for tasks to queue
[2023-05-26 22:24:48,206] {logging_mixin.py:115} INFO - [2023-05-26 22:24:48,206] {dagbag.py:507} INFO - Filling up the DagBag from /home/raf/pipeline-transform/.venv/lib/python3.9/site-packages/airflow/example_dags/example_time_delta_sensor_async.py
[2023-05-26 22:24:48,211] {processor.py:651} INFO - DAG(s) dict_keys(['example_time_delta_sensor_async']) retrieved from /home/raf/pipeline-transform/.venv/lib/python3.9/site-packages/airflow/example_dags/example_time_delta_sensor_async.py
[2023-05-26 22:24:48,234] {logging_mixin.py:115} INFO - [2023-05-26 22:24:48,234] {dag.py:2379} INFO - Sync 1 DAGs
[2023-05-26 22:24:48,248] {logging_mixin.py:115} INFO - [2023-05-26 22:24:48,248] {dag.py:2927} INFO - Setting next_dagrun for example_time_delta_sensor_async to None, run_after=None
[2023-05-26 22:24:48,266] {processor.py:161} INFO - Processing /home/raf/pipeline-transform/.venv/lib/python3.9/site-packages/airflow/example_dags/example_time_delta_sensor_async.py took 0.065 seconds
[2023-05-26 22:25:25,335] {processor.py:153} INFO - Started process (PID=31593) to work on /home/raf/pipeline-transform/.venv/lib/python3.9/site-packages/airflow/example_dags/example_time_delta_sensor_async.py
[2023-05-26 22:25:25,336] {processor.py:641} INFO - Processing file /home/raf/pipeline-transform/.venv/lib/python3.9/site-packages/airflow/example_dags/example_time_delta_sensor_async.py for tasks to queue
[2023-05-26 22:25:25,337] {logging_mixin.py:115} INFO - [2023-05-26 22:25:25,337] {dagbag.py:507} INFO - Filling up the DagBag from /home/raf/pipeline-transform/.venv/lib/python3.9/site-packages/airflow/example_dags/example_time_delta_sensor_async.py
[2023-05-26 22:25:25,342] {processor.py:651} INFO - DAG(s) dict_keys(['example_time_delta_sensor_async']) retrieved from /home/raf/pipeline-transform/.venv/lib/python3.9/site-packages/airflow/example_dags/example_time_delta_sensor_async.py
[2023-05-26 22:25:25,363] {logging_mixin.py:115} INFO - [2023-05-26 22:25:25,363] {dag.py:2379} INFO - Sync 1 DAGs
[2023-05-26 22:25:25,386] {logging_mixin.py:115} INFO - [2023-05-26 22:25:25,386] {dag.py:2927} INFO - Setting next_dagrun for example_time_delta_sensor_async to None, run_after=None
[2023-05-26 22:25:25,414] {processor.py:161} INFO - Processing /home/raf/pipeline-transform/.venv/lib/python3.9/site-packages/airflow/example_dags/example_time_delta_sensor_async.py took 0.081 seconds
[2023-05-26 22:26:03,613] {processor.py:153} INFO - Started process (PID=31835) to work on /home/raf/pipeline-transform/.venv/lib/python3.9/site-packages/airflow/example_dags/example_time_delta_sensor_async.py
[2023-05-26 22:26:03,619] {processor.py:641} INFO - Processing file /home/raf/pipeline-transform/.venv/lib/python3.9/site-packages/airflow/example_dags/example_time_delta_sensor_async.py for tasks to queue
[2023-05-26 22:26:03,620] {logging_mixin.py:115} INFO - [2023-05-26 22:26:03,619] {dagbag.py:507} INFO - Filling up the DagBag from /home/raf/pipeline-transform/.venv/lib/python3.9/site-packages/airflow/example_dags/example_time_delta_sensor_async.py
[2023-05-26 22:26:03,624] {processor.py:651} INFO - DAG(s) dict_keys(['example_time_delta_sensor_async']) retrieved from /home/raf/pipeline-transform/.venv/lib/python3.9/site-packages/airflow/example_dags/example_time_delta_sensor_async.py
[2023-05-26 22:26:03,646] {logging_mixin.py:115} INFO - [2023-05-26 22:26:03,646] {dag.py:2379} INFO - Sync 1 DAGs
[2023-05-26 22:26:03,660] {logging_mixin.py:115} INFO - [2023-05-26 22:26:03,660] {dag.py:2927} INFO - Setting next_dagrun for example_time_delta_sensor_async to None, run_after=None
[2023-05-26 22:26:03,682] {processor.py:161} INFO - Processing /home/raf/pipeline-transform/.venv/lib/python3.9/site-packages/airflow/example_dags/example_time_delta_sensor_async.py took 0.073 seconds
[2023-05-26 22:26:43,771] {processor.py:153} INFO - Started process (PID=31953) to work on /home/raf/pipeline-transform/.venv/lib/python3.9/site-packages/airflow/example_dags/example_time_delta_sensor_async.py
[2023-05-26 22:26:43,789] {processor.py:641} INFO - Processing file /home/raf/pipeline-transform/.venv/lib/python3.9/site-packages/airflow/example_dags/example_time_delta_sensor_async.py for tasks to queue
[2023-05-26 22:26:43,789] {logging_mixin.py:115} INFO - [2023-05-26 22:26:43,789] {dagbag.py:507} INFO - Filling up the DagBag from /home/raf/pipeline-transform/.venv/lib/python3.9/site-packages/airflow/example_dags/example_time_delta_sensor_async.py
[2023-05-26 22:26:43,794] {processor.py:651} INFO - DAG(s) dict_keys(['example_time_delta_sensor_async']) retrieved from /home/raf/pipeline-transform/.venv/lib/python3.9/site-packages/airflow/example_dags/example_time_delta_sensor_async.py
[2023-05-26 22:26:43,815] {logging_mixin.py:115} INFO - [2023-05-26 22:26:43,815] {dag.py:2379} INFO - Sync 1 DAGs
[2023-05-26 22:26:43,830] {logging_mixin.py:115} INFO - [2023-05-26 22:26:43,830] {dag.py:2927} INFO - Setting next_dagrun for example_time_delta_sensor_async to None, run_after=None
[2023-05-26 22:26:43,851] {processor.py:161} INFO - Processing /home/raf/pipeline-transform/.venv/lib/python3.9/site-packages/airflow/example_dags/example_time_delta_sensor_async.py took 0.082 seconds
[2023-05-26 22:27:22,334] {processor.py:153} INFO - Started process (PID=32089) to work on /home/raf/pipeline-transform/.venv/lib/python3.9/site-packages/airflow/example_dags/example_time_delta_sensor_async.py
[2023-05-26 22:27:22,353] {processor.py:641} INFO - Processing file /home/raf/pipeline-transform/.venv/lib/python3.9/site-packages/airflow/example_dags/example_time_delta_sensor_async.py for tasks to queue
[2023-05-26 22:27:22,355] {logging_mixin.py:115} INFO - [2023-05-26 22:27:22,354] {dagbag.py:507} INFO - Filling up the DagBag from /home/raf/pipeline-transform/.venv/lib/python3.9/site-packages/airflow/example_dags/example_time_delta_sensor_async.py
[2023-05-26 22:27:22,362] {processor.py:651} INFO - DAG(s) dict_keys(['example_time_delta_sensor_async']) retrieved from /home/raf/pipeline-transform/.venv/lib/python3.9/site-packages/airflow/example_dags/example_time_delta_sensor_async.py
[2023-05-26 22:27:22,398] {logging_mixin.py:115} INFO - [2023-05-26 22:27:22,397] {dag.py:2379} INFO - Sync 1 DAGs
[2023-05-26 22:27:22,416] {logging_mixin.py:115} INFO - [2023-05-26 22:27:22,416] {dag.py:2927} INFO - Setting next_dagrun for example_time_delta_sensor_async to None, run_after=None
[2023-05-26 22:27:22,446] {processor.py:161} INFO - Processing /home/raf/pipeline-transform/.venv/lib/python3.9/site-packages/airflow/example_dags/example_time_delta_sensor_async.py took 0.114 seconds
[2023-05-26 22:27:59,756] {processor.py:153} INFO - Started process (PID=32220) to work on /home/raf/pipeline-transform/.venv/lib/python3.9/site-packages/airflow/example_dags/example_time_delta_sensor_async.py
[2023-05-26 22:27:59,777] {processor.py:641} INFO - Processing file /home/raf/pipeline-transform/.venv/lib/python3.9/site-packages/airflow/example_dags/example_time_delta_sensor_async.py for tasks to queue
[2023-05-26 22:27:59,777] {logging_mixin.py:115} INFO - [2023-05-26 22:27:59,777] {dagbag.py:507} INFO - Filling up the DagBag from /home/raf/pipeline-transform/.venv/lib/python3.9/site-packages/airflow/example_dags/example_time_delta_sensor_async.py
[2023-05-26 22:27:59,783] {processor.py:651} INFO - DAG(s) dict_keys(['example_time_delta_sensor_async']) retrieved from /home/raf/pipeline-transform/.venv/lib/python3.9/site-packages/airflow/example_dags/example_time_delta_sensor_async.py
[2023-05-26 22:27:59,807] {logging_mixin.py:115} INFO - [2023-05-26 22:27:59,807] {dag.py:2379} INFO - Sync 1 DAGs
[2023-05-26 22:27:59,822] {logging_mixin.py:115} INFO - [2023-05-26 22:27:59,822] {dag.py:2927} INFO - Setting next_dagrun for example_time_delta_sensor_async to None, run_after=None
[2023-05-26 22:27:59,844] {processor.py:161} INFO - Processing /home/raf/pipeline-transform/.venv/lib/python3.9/site-packages/airflow/example_dags/example_time_delta_sensor_async.py took 0.091 seconds
[2023-05-26 22:28:39,165] {processor.py:153} INFO - Started process (PID=32322) to work on /home/raf/pipeline-transform/.venv/lib/python3.9/site-packages/airflow/example_dags/example_time_delta_sensor_async.py
[2023-05-26 22:28:39,188] {processor.py:641} INFO - Processing file /home/raf/pipeline-transform/.venv/lib/python3.9/site-packages/airflow/example_dags/example_time_delta_sensor_async.py for tasks to queue
[2023-05-26 22:28:39,189] {logging_mixin.py:115} INFO - [2023-05-26 22:28:39,189] {dagbag.py:507} INFO - Filling up the DagBag from /home/raf/pipeline-transform/.venv/lib/python3.9/site-packages/airflow/example_dags/example_time_delta_sensor_async.py
[2023-05-26 22:28:39,197] {processor.py:651} INFO - DAG(s) dict_keys(['example_time_delta_sensor_async']) retrieved from /home/raf/pipeline-transform/.venv/lib/python3.9/site-packages/airflow/example_dags/example_time_delta_sensor_async.py
[2023-05-26 22:28:39,246] {logging_mixin.py:115} INFO - [2023-05-26 22:28:39,245] {dag.py:2379} INFO - Sync 1 DAGs
[2023-05-26 22:28:39,279] {logging_mixin.py:115} INFO - [2023-05-26 22:28:39,278] {dag.py:2927} INFO - Setting next_dagrun for example_time_delta_sensor_async to None, run_after=None
[2023-05-26 22:28:39,355] {processor.py:161} INFO - Processing /home/raf/pipeline-transform/.venv/lib/python3.9/site-packages/airflow/example_dags/example_time_delta_sensor_async.py took 0.195 seconds
[2023-05-26 22:29:19,303] {processor.py:153} INFO - Started process (PID=32423) to work on /home/raf/pipeline-transform/.venv/lib/python3.9/site-packages/airflow/example_dags/example_time_delta_sensor_async.py
[2023-05-26 22:29:19,326] {processor.py:641} INFO - Processing file /home/raf/pipeline-transform/.venv/lib/python3.9/site-packages/airflow/example_dags/example_time_delta_sensor_async.py for tasks to queue
[2023-05-26 22:29:19,327] {logging_mixin.py:115} INFO - [2023-05-26 22:29:19,327] {dagbag.py:507} INFO - Filling up the DagBag from /home/raf/pipeline-transform/.venv/lib/python3.9/site-packages/airflow/example_dags/example_time_delta_sensor_async.py
[2023-05-26 22:29:19,335] {processor.py:651} INFO - DAG(s) dict_keys(['example_time_delta_sensor_async']) retrieved from /home/raf/pipeline-transform/.venv/lib/python3.9/site-packages/airflow/example_dags/example_time_delta_sensor_async.py
[2023-05-26 22:29:19,382] {logging_mixin.py:115} INFO - [2023-05-26 22:29:19,382] {dag.py:2379} INFO - Sync 1 DAGs
[2023-05-26 22:29:19,418] {logging_mixin.py:115} INFO - [2023-05-26 22:29:19,418] {dag.py:2927} INFO - Setting next_dagrun for example_time_delta_sensor_async to None, run_after=None
[2023-05-26 22:29:19,451] {processor.py:161} INFO - Processing /home/raf/pipeline-transform/.venv/lib/python3.9/site-packages/airflow/example_dags/example_time_delta_sensor_async.py took 0.152 seconds
[2023-05-26 22:29:55,843] {processor.py:153} INFO - Started process (PID=32516) to work on /home/raf/pipeline-transform/.venv/lib/python3.9/site-packages/airflow/example_dags/example_time_delta_sensor_async.py
[2023-05-26 22:29:55,855] {processor.py:641} INFO - Processing file /home/raf/pipeline-transform/.venv/lib/python3.9/site-packages/airflow/example_dags/example_time_delta_sensor_async.py for tasks to queue
[2023-05-26 22:29:55,855] {logging_mixin.py:115} INFO - [2023-05-26 22:29:55,855] {dagbag.py:507} INFO - Filling up the DagBag from /home/raf/pipeline-transform/.venv/lib/python3.9/site-packages/airflow/example_dags/example_time_delta_sensor_async.py
[2023-05-26 22:29:55,862] {processor.py:651} INFO - DAG(s) dict_keys(['example_time_delta_sensor_async']) retrieved from /home/raf/pipeline-transform/.venv/lib/python3.9/site-packages/airflow/example_dags/example_time_delta_sensor_async.py
[2023-05-26 22:29:55,888] {logging_mixin.py:115} INFO - [2023-05-26 22:29:55,888] {dag.py:2379} INFO - Sync 1 DAGs
[2023-05-26 22:29:55,905] {logging_mixin.py:115} INFO - [2023-05-26 22:29:55,905] {dag.py:2927} INFO - Setting next_dagrun for example_time_delta_sensor_async to None, run_after=None
[2023-05-26 22:29:55,969] {processor.py:161} INFO - Processing /home/raf/pipeline-transform/.venv/lib/python3.9/site-packages/airflow/example_dags/example_time_delta_sensor_async.py took 0.130 seconds
[2023-05-26 22:30:31,474] {processor.py:153} INFO - Started process (PID=32728) to work on /home/raf/pipeline-transform/.venv/lib/python3.9/site-packages/airflow/example_dags/example_time_delta_sensor_async.py
[2023-05-26 22:30:31,478] {processor.py:641} INFO - Processing file /home/raf/pipeline-transform/.venv/lib/python3.9/site-packages/airflow/example_dags/example_time_delta_sensor_async.py for tasks to queue
[2023-05-26 22:30:31,478] {logging_mixin.py:115} INFO - [2023-05-26 22:30:31,478] {dagbag.py:507} INFO - Filling up the DagBag from /home/raf/pipeline-transform/.venv/lib/python3.9/site-packages/airflow/example_dags/example_time_delta_sensor_async.py
[2023-05-26 22:30:31,482] {processor.py:651} INFO - DAG(s) dict_keys(['example_time_delta_sensor_async']) retrieved from /home/raf/pipeline-transform/.venv/lib/python3.9/site-packages/airflow/example_dags/example_time_delta_sensor_async.py
[2023-05-26 22:30:31,510] {logging_mixin.py:115} INFO - [2023-05-26 22:30:31,510] {dag.py:2379} INFO - Sync 1 DAGs
[2023-05-26 22:30:31,528] {logging_mixin.py:115} INFO - [2023-05-26 22:30:31,528] {dag.py:2927} INFO - Setting next_dagrun for example_time_delta_sensor_async to None, run_after=None
[2023-05-26 22:30:31,582] {processor.py:161} INFO - Processing /home/raf/pipeline-transform/.venv/lib/python3.9/site-packages/airflow/example_dags/example_time_delta_sensor_async.py took 0.110 seconds
[2023-05-26 22:31:10,374] {processor.py:153} INFO - Started process (PID=390) to work on /home/raf/pipeline-transform/.venv/lib/python3.9/site-packages/airflow/example_dags/example_time_delta_sensor_async.py
[2023-05-26 22:31:10,402] {processor.py:641} INFO - Processing file /home/raf/pipeline-transform/.venv/lib/python3.9/site-packages/airflow/example_dags/example_time_delta_sensor_async.py for tasks to queue
[2023-05-26 22:31:10,402] {logging_mixin.py:115} INFO - [2023-05-26 22:31:10,402] {dagbag.py:507} INFO - Filling up the DagBag from /home/raf/pipeline-transform/.venv/lib/python3.9/site-packages/airflow/example_dags/example_time_delta_sensor_async.py
[2023-05-26 22:31:10,409] {processor.py:651} INFO - DAG(s) dict_keys(['example_time_delta_sensor_async']) retrieved from /home/raf/pipeline-transform/.venv/lib/python3.9/site-packages/airflow/example_dags/example_time_delta_sensor_async.py
[2023-05-26 22:31:10,534] {logging_mixin.py:115} INFO - [2023-05-26 22:31:10,534] {dag.py:2379} INFO - Sync 1 DAGs
[2023-05-26 22:31:10,612] {logging_mixin.py:115} INFO - [2023-05-26 22:31:10,612] {dag.py:2927} INFO - Setting next_dagrun for example_time_delta_sensor_async to None, run_after=None
[2023-05-26 22:31:10,657] {processor.py:161} INFO - Processing /home/raf/pipeline-transform/.venv/lib/python3.9/site-packages/airflow/example_dags/example_time_delta_sensor_async.py took 0.296 seconds
[2023-05-26 22:31:48,513] {processor.py:153} INFO - Started process (PID=485) to work on /home/raf/pipeline-transform/.venv/lib/python3.9/site-packages/airflow/example_dags/example_time_delta_sensor_async.py
[2023-05-26 22:31:48,516] {processor.py:641} INFO - Processing file /home/raf/pipeline-transform/.venv/lib/python3.9/site-packages/airflow/example_dags/example_time_delta_sensor_async.py for tasks to queue
[2023-05-26 22:31:48,517] {logging_mixin.py:115} INFO - [2023-05-26 22:31:48,517] {dagbag.py:507} INFO - Filling up the DagBag from /home/raf/pipeline-transform/.venv/lib/python3.9/site-packages/airflow/example_dags/example_time_delta_sensor_async.py
[2023-05-26 22:31:48,521] {processor.py:651} INFO - DAG(s) dict_keys(['example_time_delta_sensor_async']) retrieved from /home/raf/pipeline-transform/.venv/lib/python3.9/site-packages/airflow/example_dags/example_time_delta_sensor_async.py
[2023-05-26 22:31:48,542] {logging_mixin.py:115} INFO - [2023-05-26 22:31:48,542] {dag.py:2379} INFO - Sync 1 DAGs
[2023-05-26 22:31:48,558] {logging_mixin.py:115} INFO - [2023-05-26 22:31:48,558] {dag.py:2927} INFO - Setting next_dagrun for example_time_delta_sensor_async to None, run_after=None
[2023-05-26 22:31:48,579] {processor.py:161} INFO - Processing /home/raf/pipeline-transform/.venv/lib/python3.9/site-packages/airflow/example_dags/example_time_delta_sensor_async.py took 0.068 seconds
