[2023-05-26 22:03:24,115] {processor.py:153} INFO - Started process (PID=25869) to work on /home/raf/pipeline-transform/.venv/lib/python3.9/site-packages/airflow/example_dags/example_task_group.py
[2023-05-26 22:03:24,115] {processor.py:641} INFO - Processing file /home/raf/pipeline-transform/.venv/lib/python3.9/site-packages/airflow/example_dags/example_task_group.py for tasks to queue
[2023-05-26 22:03:24,116] {logging_mixin.py:115} INFO - [2023-05-26 22:03:24,116] {dagbag.py:507} INFO - Filling up the DagBag from /home/raf/pipeline-transform/.venv/lib/python3.9/site-packages/airflow/example_dags/example_task_group.py
[2023-05-26 22:03:24,128] {processor.py:651} INFO - DAG(s) dict_keys(['example_task_group']) retrieved from /home/raf/pipeline-transform/.venv/lib/python3.9/site-packages/airflow/example_dags/example_task_group.py
[2023-05-26 22:03:24,262] {logging_mixin.py:115} INFO - [2023-05-26 22:03:24,261] {dag.py:2379} INFO - Sync 1 DAGs
[2023-05-26 22:03:24,281] {logging_mixin.py:115} INFO - [2023-05-26 22:03:24,281] {dag.py:2927} INFO - Setting next_dagrun for example_task_group to 2023-05-26T01:03:24.281067+00:00, run_after=2023-05-27T01:03:24.281067+00:00
[2023-05-26 22:03:24,341] {processor.py:161} INFO - Processing /home/raf/pipeline-transform/.venv/lib/python3.9/site-packages/airflow/example_dags/example_task_group.py took 0.228 seconds
[2023-05-26 22:04:00,711] {processor.py:153} INFO - Started process (PID=26241) to work on /home/raf/pipeline-transform/.venv/lib/python3.9/site-packages/airflow/example_dags/example_task_group.py
[2023-05-26 22:04:00,717] {processor.py:641} INFO - Processing file /home/raf/pipeline-transform/.venv/lib/python3.9/site-packages/airflow/example_dags/example_task_group.py for tasks to queue
[2023-05-26 22:04:00,718] {logging_mixin.py:115} INFO - [2023-05-26 22:04:00,718] {dagbag.py:507} INFO - Filling up the DagBag from /home/raf/pipeline-transform/.venv/lib/python3.9/site-packages/airflow/example_dags/example_task_group.py
[2023-05-26 22:04:00,724] {processor.py:651} INFO - DAG(s) dict_keys(['example_task_group']) retrieved from /home/raf/pipeline-transform/.venv/lib/python3.9/site-packages/airflow/example_dags/example_task_group.py
[2023-05-26 22:04:00,739] {logging_mixin.py:115} INFO - [2023-05-26 22:04:00,739] {dag.py:2379} INFO - Sync 1 DAGs
[2023-05-26 22:04:00,756] {logging_mixin.py:115} INFO - [2023-05-26 22:04:00,756] {dag.py:2927} INFO - Setting next_dagrun for example_task_group to 2023-05-26T01:04:00.755856+00:00, run_after=2023-05-27T01:04:00.755856+00:00
[2023-05-26 22:04:00,775] {processor.py:161} INFO - Processing /home/raf/pipeline-transform/.venv/lib/python3.9/site-packages/airflow/example_dags/example_task_group.py took 0.066 seconds
[2023-05-26 22:04:35,310] {processor.py:153} INFO - Started process (PID=26327) to work on /home/raf/pipeline-transform/.venv/lib/python3.9/site-packages/airflow/example_dags/example_task_group.py
[2023-05-26 22:04:35,314] {processor.py:641} INFO - Processing file /home/raf/pipeline-transform/.venv/lib/python3.9/site-packages/airflow/example_dags/example_task_group.py for tasks to queue
[2023-05-26 22:04:35,314] {logging_mixin.py:115} INFO - [2023-05-26 22:04:35,314] {dagbag.py:507} INFO - Filling up the DagBag from /home/raf/pipeline-transform/.venv/lib/python3.9/site-packages/airflow/example_dags/example_task_group.py
[2023-05-26 22:04:35,320] {processor.py:651} INFO - DAG(s) dict_keys(['example_task_group']) retrieved from /home/raf/pipeline-transform/.venv/lib/python3.9/site-packages/airflow/example_dags/example_task_group.py
[2023-05-26 22:04:35,334] {logging_mixin.py:115} INFO - [2023-05-26 22:04:35,334] {dag.py:2379} INFO - Sync 1 DAGs
[2023-05-26 22:04:35,349] {logging_mixin.py:115} INFO - [2023-05-26 22:04:35,348] {dag.py:2927} INFO - Setting next_dagrun for example_task_group to 2023-05-26T01:04:35.348758+00:00, run_after=2023-05-27T01:04:35.348758+00:00
[2023-05-26 22:04:35,367] {processor.py:161} INFO - Processing /home/raf/pipeline-transform/.venv/lib/python3.9/site-packages/airflow/example_dags/example_task_group.py took 0.060 seconds
[2023-05-26 22:05:09,309] {processor.py:153} INFO - Started process (PID=26668) to work on /home/raf/pipeline-transform/.venv/lib/python3.9/site-packages/airflow/example_dags/example_task_group.py
[2023-05-26 22:05:09,318] {processor.py:641} INFO - Processing file /home/raf/pipeline-transform/.venv/lib/python3.9/site-packages/airflow/example_dags/example_task_group.py for tasks to queue
[2023-05-26 22:05:09,319] {logging_mixin.py:115} INFO - [2023-05-26 22:05:09,318] {dagbag.py:507} INFO - Filling up the DagBag from /home/raf/pipeline-transform/.venv/lib/python3.9/site-packages/airflow/example_dags/example_task_group.py
[2023-05-26 22:05:09,324] {processor.py:651} INFO - DAG(s) dict_keys(['example_task_group']) retrieved from /home/raf/pipeline-transform/.venv/lib/python3.9/site-packages/airflow/example_dags/example_task_group.py
[2023-05-26 22:05:09,338] {logging_mixin.py:115} INFO - [2023-05-26 22:05:09,338] {dag.py:2379} INFO - Sync 1 DAGs
[2023-05-26 22:05:09,352] {logging_mixin.py:115} INFO - [2023-05-26 22:05:09,352] {dag.py:2927} INFO - Setting next_dagrun for example_task_group to 2023-05-26T01:05:09.352463+00:00, run_after=2023-05-27T01:05:09.352463+00:00
[2023-05-26 22:05:09,370] {processor.py:161} INFO - Processing /home/raf/pipeline-transform/.venv/lib/python3.9/site-packages/airflow/example_dags/example_task_group.py took 0.063 seconds
[2023-05-26 22:05:44,379] {processor.py:153} INFO - Started process (PID=26921) to work on /home/raf/pipeline-transform/.venv/lib/python3.9/site-packages/airflow/example_dags/example_task_group.py
[2023-05-26 22:05:44,388] {processor.py:641} INFO - Processing file /home/raf/pipeline-transform/.venv/lib/python3.9/site-packages/airflow/example_dags/example_task_group.py for tasks to queue
[2023-05-26 22:05:44,389] {logging_mixin.py:115} INFO - [2023-05-26 22:05:44,389] {dagbag.py:507} INFO - Filling up the DagBag from /home/raf/pipeline-transform/.venv/lib/python3.9/site-packages/airflow/example_dags/example_task_group.py
[2023-05-26 22:05:44,394] {processor.py:651} INFO - DAG(s) dict_keys(['example_task_group']) retrieved from /home/raf/pipeline-transform/.venv/lib/python3.9/site-packages/airflow/example_dags/example_task_group.py
[2023-05-26 22:05:44,408] {logging_mixin.py:115} INFO - [2023-05-26 22:05:44,408] {dag.py:2379} INFO - Sync 1 DAGs
[2023-05-26 22:05:44,423] {logging_mixin.py:115} INFO - [2023-05-26 22:05:44,423] {dag.py:2927} INFO - Setting next_dagrun for example_task_group to 2023-05-26T01:05:44.422905+00:00, run_after=2023-05-27T01:05:44.422905+00:00
[2023-05-26 22:05:44,443] {processor.py:161} INFO - Processing /home/raf/pipeline-transform/.venv/lib/python3.9/site-packages/airflow/example_dags/example_task_group.py took 0.066 seconds
[2023-05-26 22:06:19,761] {processor.py:153} INFO - Started process (PID=27016) to work on /home/raf/pipeline-transform/.venv/lib/python3.9/site-packages/airflow/example_dags/example_task_group.py
[2023-05-26 22:06:19,764] {processor.py:641} INFO - Processing file /home/raf/pipeline-transform/.venv/lib/python3.9/site-packages/airflow/example_dags/example_task_group.py for tasks to queue
[2023-05-26 22:06:19,765] {logging_mixin.py:115} INFO - [2023-05-26 22:06:19,765] {dagbag.py:507} INFO - Filling up the DagBag from /home/raf/pipeline-transform/.venv/lib/python3.9/site-packages/airflow/example_dags/example_task_group.py
[2023-05-26 22:06:19,772] {processor.py:651} INFO - DAG(s) dict_keys(['example_task_group']) retrieved from /home/raf/pipeline-transform/.venv/lib/python3.9/site-packages/airflow/example_dags/example_task_group.py
[2023-05-26 22:06:19,787] {logging_mixin.py:115} INFO - [2023-05-26 22:06:19,787] {dag.py:2379} INFO - Sync 1 DAGs
[2023-05-26 22:06:19,804] {logging_mixin.py:115} INFO - [2023-05-26 22:06:19,804] {dag.py:2927} INFO - Setting next_dagrun for example_task_group to 2023-05-26T01:06:19.804098+00:00, run_after=2023-05-27T01:06:19.804098+00:00
[2023-05-26 22:06:19,823] {processor.py:161} INFO - Processing /home/raf/pipeline-transform/.venv/lib/python3.9/site-packages/airflow/example_dags/example_task_group.py took 0.064 seconds
[2023-05-26 22:06:56,011] {processor.py:153} INFO - Started process (PID=27211) to work on /home/raf/pipeline-transform/.venv/lib/python3.9/site-packages/airflow/example_dags/example_task_group.py
[2023-05-26 22:06:56,014] {processor.py:641} INFO - Processing file /home/raf/pipeline-transform/.venv/lib/python3.9/site-packages/airflow/example_dags/example_task_group.py for tasks to queue
[2023-05-26 22:06:56,014] {logging_mixin.py:115} INFO - [2023-05-26 22:06:56,014] {dagbag.py:507} INFO - Filling up the DagBag from /home/raf/pipeline-transform/.venv/lib/python3.9/site-packages/airflow/example_dags/example_task_group.py
[2023-05-26 22:06:56,020] {processor.py:651} INFO - DAG(s) dict_keys(['example_task_group']) retrieved from /home/raf/pipeline-transform/.venv/lib/python3.9/site-packages/airflow/example_dags/example_task_group.py
[2023-05-26 22:06:56,033] {logging_mixin.py:115} INFO - [2023-05-26 22:06:56,033] {dag.py:2379} INFO - Sync 1 DAGs
[2023-05-26 22:06:56,047] {logging_mixin.py:115} INFO - [2023-05-26 22:06:56,047] {dag.py:2927} INFO - Setting next_dagrun for example_task_group to 2023-05-26T01:06:56.047348+00:00, run_after=2023-05-27T01:06:56.047348+00:00
[2023-05-26 22:06:56,065] {processor.py:161} INFO - Processing /home/raf/pipeline-transform/.venv/lib/python3.9/site-packages/airflow/example_dags/example_task_group.py took 0.057 seconds
[2023-05-26 22:07:30,865] {processor.py:153} INFO - Started process (PID=27298) to work on /home/raf/pipeline-transform/.venv/lib/python3.9/site-packages/airflow/example_dags/example_task_group.py
[2023-05-26 22:07:30,879] {processor.py:641} INFO - Processing file /home/raf/pipeline-transform/.venv/lib/python3.9/site-packages/airflow/example_dags/example_task_group.py for tasks to queue
[2023-05-26 22:07:30,880] {logging_mixin.py:115} INFO - [2023-05-26 22:07:30,880] {dagbag.py:507} INFO - Filling up the DagBag from /home/raf/pipeline-transform/.venv/lib/python3.9/site-packages/airflow/example_dags/example_task_group.py
[2023-05-26 22:07:30,888] {processor.py:651} INFO - DAG(s) dict_keys(['example_task_group']) retrieved from /home/raf/pipeline-transform/.venv/lib/python3.9/site-packages/airflow/example_dags/example_task_group.py
[2023-05-26 22:07:30,901] {logging_mixin.py:115} INFO - [2023-05-26 22:07:30,901] {dag.py:2379} INFO - Sync 1 DAGs
[2023-05-26 22:07:30,916] {logging_mixin.py:115} INFO - [2023-05-26 22:07:30,916] {dag.py:2927} INFO - Setting next_dagrun for example_task_group to 2023-05-26T01:07:30.916046+00:00, run_after=2023-05-27T01:07:30.916046+00:00
[2023-05-26 22:07:30,934] {processor.py:161} INFO - Processing /home/raf/pipeline-transform/.venv/lib/python3.9/site-packages/airflow/example_dags/example_task_group.py took 0.072 seconds
[2023-05-26 22:08:05,191] {processor.py:153} INFO - Started process (PID=27384) to work on /home/raf/pipeline-transform/.venv/lib/python3.9/site-packages/airflow/example_dags/example_task_group.py
[2023-05-26 22:08:05,206] {processor.py:641} INFO - Processing file /home/raf/pipeline-transform/.venv/lib/python3.9/site-packages/airflow/example_dags/example_task_group.py for tasks to queue
[2023-05-26 22:08:05,206] {logging_mixin.py:115} INFO - [2023-05-26 22:08:05,206] {dagbag.py:507} INFO - Filling up the DagBag from /home/raf/pipeline-transform/.venv/lib/python3.9/site-packages/airflow/example_dags/example_task_group.py
[2023-05-26 22:08:05,212] {processor.py:651} INFO - DAG(s) dict_keys(['example_task_group']) retrieved from /home/raf/pipeline-transform/.venv/lib/python3.9/site-packages/airflow/example_dags/example_task_group.py
[2023-05-26 22:08:05,225] {logging_mixin.py:115} INFO - [2023-05-26 22:08:05,225] {dag.py:2379} INFO - Sync 1 DAGs
[2023-05-26 22:08:05,239] {logging_mixin.py:115} INFO - [2023-05-26 22:08:05,239] {dag.py:2927} INFO - Setting next_dagrun for example_task_group to 2023-05-26T01:08:05.239516+00:00, run_after=2023-05-27T01:08:05.239516+00:00
[2023-05-26 22:08:05,268] {processor.py:161} INFO - Processing /home/raf/pipeline-transform/.venv/lib/python3.9/site-packages/airflow/example_dags/example_task_group.py took 0.079 seconds
[2023-05-26 22:08:37,165] {processor.py:153} INFO - Started process (PID=27522) to work on /home/raf/pipeline-transform/.venv/lib/python3.9/site-packages/airflow/example_dags/example_task_group.py
[2023-05-26 22:08:37,165] {processor.py:641} INFO - Processing file /home/raf/pipeline-transform/.venv/lib/python3.9/site-packages/airflow/example_dags/example_task_group.py for tasks to queue
[2023-05-26 22:08:37,168] {logging_mixin.py:115} INFO - [2023-05-26 22:08:37,167] {dagbag.py:507} INFO - Filling up the DagBag from /home/raf/pipeline-transform/.venv/lib/python3.9/site-packages/airflow/example_dags/example_task_group.py
[2023-05-26 22:08:37,177] {processor.py:651} INFO - DAG(s) dict_keys(['example_task_group']) retrieved from /home/raf/pipeline-transform/.venv/lib/python3.9/site-packages/airflow/example_dags/example_task_group.py
[2023-05-26 22:08:37,201] {logging_mixin.py:115} INFO - [2023-05-26 22:08:37,201] {dag.py:2379} INFO - Sync 1 DAGs
[2023-05-26 22:08:37,239] {logging_mixin.py:115} INFO - [2023-05-26 22:08:37,239] {dag.py:2927} INFO - Setting next_dagrun for example_task_group to 2023-05-26T01:08:37.238761+00:00, run_after=2023-05-27T01:08:37.238761+00:00
[2023-05-26 22:08:37,284] {processor.py:161} INFO - Processing /home/raf/pipeline-transform/.venv/lib/python3.9/site-packages/airflow/example_dags/example_task_group.py took 0.122 seconds
[2023-05-26 22:09:13,415] {processor.py:153} INFO - Started process (PID=27611) to work on /home/raf/pipeline-transform/.venv/lib/python3.9/site-packages/airflow/example_dags/example_task_group.py
[2023-05-26 22:09:13,434] {processor.py:641} INFO - Processing file /home/raf/pipeline-transform/.venv/lib/python3.9/site-packages/airflow/example_dags/example_task_group.py for tasks to queue
[2023-05-26 22:09:13,435] {logging_mixin.py:115} INFO - [2023-05-26 22:09:13,435] {dagbag.py:507} INFO - Filling up the DagBag from /home/raf/pipeline-transform/.venv/lib/python3.9/site-packages/airflow/example_dags/example_task_group.py
[2023-05-26 22:09:13,442] {processor.py:651} INFO - DAG(s) dict_keys(['example_task_group']) retrieved from /home/raf/pipeline-transform/.venv/lib/python3.9/site-packages/airflow/example_dags/example_task_group.py
[2023-05-26 22:09:13,457] {logging_mixin.py:115} INFO - [2023-05-26 22:09:13,457] {dag.py:2379} INFO - Sync 1 DAGs
[2023-05-26 22:09:13,473] {logging_mixin.py:115} INFO - [2023-05-26 22:09:13,473] {dag.py:2927} INFO - Setting next_dagrun for example_task_group to 2023-05-26T01:09:13.473517+00:00, run_after=2023-05-27T01:09:13.473517+00:00
[2023-05-26 22:09:13,497] {processor.py:161} INFO - Processing /home/raf/pipeline-transform/.venv/lib/python3.9/site-packages/airflow/example_dags/example_task_group.py took 0.085 seconds
[2023-05-26 22:09:46,463] {processor.py:153} INFO - Started process (PID=27795) to work on /home/raf/pipeline-transform/.venv/lib/python3.9/site-packages/airflow/example_dags/example_task_group.py
[2023-05-26 22:09:46,464] {processor.py:641} INFO - Processing file /home/raf/pipeline-transform/.venv/lib/python3.9/site-packages/airflow/example_dags/example_task_group.py for tasks to queue
[2023-05-26 22:09:46,464] {logging_mixin.py:115} INFO - [2023-05-26 22:09:46,464] {dagbag.py:507} INFO - Filling up the DagBag from /home/raf/pipeline-transform/.venv/lib/python3.9/site-packages/airflow/example_dags/example_task_group.py
[2023-05-26 22:09:46,470] {processor.py:651} INFO - DAG(s) dict_keys(['example_task_group']) retrieved from /home/raf/pipeline-transform/.venv/lib/python3.9/site-packages/airflow/example_dags/example_task_group.py
[2023-05-26 22:09:46,483] {logging_mixin.py:115} INFO - [2023-05-26 22:09:46,483] {dag.py:2379} INFO - Sync 1 DAGs
[2023-05-26 22:09:46,497] {logging_mixin.py:115} INFO - [2023-05-26 22:09:46,497] {dag.py:2927} INFO - Setting next_dagrun for example_task_group to 2023-05-26T01:09:46.497552+00:00, run_after=2023-05-27T01:09:46.497552+00:00
[2023-05-26 22:09:46,518] {processor.py:161} INFO - Processing /home/raf/pipeline-transform/.venv/lib/python3.9/site-packages/airflow/example_dags/example_task_group.py took 0.057 seconds
[2023-05-26 22:10:17,782] {processor.py:153} INFO - Started process (PID=27872) to work on /home/raf/pipeline-transform/.venv/lib/python3.9/site-packages/airflow/example_dags/example_task_group.py
[2023-05-26 22:10:17,804] {processor.py:641} INFO - Processing file /home/raf/pipeline-transform/.venv/lib/python3.9/site-packages/airflow/example_dags/example_task_group.py for tasks to queue
[2023-05-26 22:10:17,805] {logging_mixin.py:115} INFO - [2023-05-26 22:10:17,805] {dagbag.py:507} INFO - Filling up the DagBag from /home/raf/pipeline-transform/.venv/lib/python3.9/site-packages/airflow/example_dags/example_task_group.py
[2023-05-26 22:10:17,812] {processor.py:651} INFO - DAG(s) dict_keys(['example_task_group']) retrieved from /home/raf/pipeline-transform/.venv/lib/python3.9/site-packages/airflow/example_dags/example_task_group.py
[2023-05-26 22:10:17,828] {logging_mixin.py:115} INFO - [2023-05-26 22:10:17,828] {dag.py:2379} INFO - Sync 1 DAGs
[2023-05-26 22:10:17,846] {logging_mixin.py:115} INFO - [2023-05-26 22:10:17,846] {dag.py:2927} INFO - Setting next_dagrun for example_task_group to 2023-05-26T01:10:17.846607+00:00, run_after=2023-05-27T01:10:17.846607+00:00
[2023-05-26 22:10:17,868] {processor.py:161} INFO - Processing /home/raf/pipeline-transform/.venv/lib/python3.9/site-packages/airflow/example_dags/example_task_group.py took 0.088 seconds
[2023-05-26 22:10:48,631] {processor.py:153} INFO - Started process (PID=27949) to work on /home/raf/pipeline-transform/.venv/lib/python3.9/site-packages/airflow/example_dags/example_task_group.py
[2023-05-26 22:10:48,632] {processor.py:641} INFO - Processing file /home/raf/pipeline-transform/.venv/lib/python3.9/site-packages/airflow/example_dags/example_task_group.py for tasks to queue
[2023-05-26 22:10:48,632] {logging_mixin.py:115} INFO - [2023-05-26 22:10:48,632] {dagbag.py:507} INFO - Filling up the DagBag from /home/raf/pipeline-transform/.venv/lib/python3.9/site-packages/airflow/example_dags/example_task_group.py
[2023-05-26 22:10:48,639] {processor.py:651} INFO - DAG(s) dict_keys(['example_task_group']) retrieved from /home/raf/pipeline-transform/.venv/lib/python3.9/site-packages/airflow/example_dags/example_task_group.py
[2023-05-26 22:10:48,654] {logging_mixin.py:115} INFO - [2023-05-26 22:10:48,654] {dag.py:2379} INFO - Sync 1 DAGs
[2023-05-26 22:10:48,668] {logging_mixin.py:115} INFO - [2023-05-26 22:10:48,668] {dag.py:2927} INFO - Setting next_dagrun for example_task_group to 2023-05-26T01:10:48.668173+00:00, run_after=2023-05-27T01:10:48.668173+00:00
[2023-05-26 22:10:48,689] {processor.py:161} INFO - Processing /home/raf/pipeline-transform/.venv/lib/python3.9/site-packages/airflow/example_dags/example_task_group.py took 0.060 seconds
[2023-05-26 22:11:24,129] {processor.py:153} INFO - Started process (PID=28039) to work on /home/raf/pipeline-transform/.venv/lib/python3.9/site-packages/airflow/example_dags/example_task_group.py
[2023-05-26 22:11:24,154] {processor.py:641} INFO - Processing file /home/raf/pipeline-transform/.venv/lib/python3.9/site-packages/airflow/example_dags/example_task_group.py for tasks to queue
[2023-05-26 22:11:24,155] {logging_mixin.py:115} INFO - [2023-05-26 22:11:24,155] {dagbag.py:507} INFO - Filling up the DagBag from /home/raf/pipeline-transform/.venv/lib/python3.9/site-packages/airflow/example_dags/example_task_group.py
[2023-05-26 22:11:24,161] {processor.py:651} INFO - DAG(s) dict_keys(['example_task_group']) retrieved from /home/raf/pipeline-transform/.venv/lib/python3.9/site-packages/airflow/example_dags/example_task_group.py
[2023-05-26 22:11:24,177] {logging_mixin.py:115} INFO - [2023-05-26 22:11:24,177] {dag.py:2379} INFO - Sync 1 DAGs
[2023-05-26 22:11:24,193] {logging_mixin.py:115} INFO - [2023-05-26 22:11:24,193] {dag.py:2927} INFO - Setting next_dagrun for example_task_group to 2023-05-26T01:11:24.193007+00:00, run_after=2023-05-27T01:11:24.193007+00:00
[2023-05-26 22:11:24,212] {processor.py:161} INFO - Processing /home/raf/pipeline-transform/.venv/lib/python3.9/site-packages/airflow/example_dags/example_task_group.py took 0.087 seconds
[2023-05-26 22:11:58,060] {processor.py:153} INFO - Started process (PID=28132) to work on /home/raf/pipeline-transform/.venv/lib/python3.9/site-packages/airflow/example_dags/example_task_group.py
[2023-05-26 22:11:58,063] {processor.py:641} INFO - Processing file /home/raf/pipeline-transform/.venv/lib/python3.9/site-packages/airflow/example_dags/example_task_group.py for tasks to queue
[2023-05-26 22:11:58,063] {logging_mixin.py:115} INFO - [2023-05-26 22:11:58,063] {dagbag.py:507} INFO - Filling up the DagBag from /home/raf/pipeline-transform/.venv/lib/python3.9/site-packages/airflow/example_dags/example_task_group.py
[2023-05-26 22:11:58,068] {processor.py:651} INFO - DAG(s) dict_keys(['example_task_group']) retrieved from /home/raf/pipeline-transform/.venv/lib/python3.9/site-packages/airflow/example_dags/example_task_group.py
[2023-05-26 22:11:58,082] {logging_mixin.py:115} INFO - [2023-05-26 22:11:58,082] {dag.py:2379} INFO - Sync 1 DAGs
[2023-05-26 22:11:58,097] {logging_mixin.py:115} INFO - [2023-05-26 22:11:58,097] {dag.py:2927} INFO - Setting next_dagrun for example_task_group to 2023-05-26T01:11:58.096888+00:00, run_after=2023-05-27T01:11:58.096888+00:00
[2023-05-26 22:11:58,117] {processor.py:161} INFO - Processing /home/raf/pipeline-transform/.venv/lib/python3.9/site-packages/airflow/example_dags/example_task_group.py took 0.060 seconds
[2023-05-26 22:12:31,706] {processor.py:153} INFO - Started process (PID=28372) to work on /home/raf/pipeline-transform/.venv/lib/python3.9/site-packages/airflow/example_dags/example_task_group.py
[2023-05-26 22:12:31,710] {processor.py:641} INFO - Processing file /home/raf/pipeline-transform/.venv/lib/python3.9/site-packages/airflow/example_dags/example_task_group.py for tasks to queue
[2023-05-26 22:12:31,711] {logging_mixin.py:115} INFO - [2023-05-26 22:12:31,710] {dagbag.py:507} INFO - Filling up the DagBag from /home/raf/pipeline-transform/.venv/lib/python3.9/site-packages/airflow/example_dags/example_task_group.py
[2023-05-26 22:12:31,717] {processor.py:651} INFO - DAG(s) dict_keys(['example_task_group']) retrieved from /home/raf/pipeline-transform/.venv/lib/python3.9/site-packages/airflow/example_dags/example_task_group.py
[2023-05-26 22:12:31,737] {logging_mixin.py:115} INFO - [2023-05-26 22:12:31,737] {dag.py:2379} INFO - Sync 1 DAGs
[2023-05-26 22:12:31,764] {logging_mixin.py:115} INFO - [2023-05-26 22:12:31,764] {dag.py:2927} INFO - Setting next_dagrun for example_task_group to 2023-05-26T01:12:31.763855+00:00, run_after=2023-05-27T01:12:31.763855+00:00
[2023-05-26 22:12:31,785] {processor.py:161} INFO - Processing /home/raf/pipeline-transform/.venv/lib/python3.9/site-packages/airflow/example_dags/example_task_group.py took 0.083 seconds
[2023-05-26 22:13:04,960] {processor.py:153} INFO - Started process (PID=28454) to work on /home/raf/pipeline-transform/.venv/lib/python3.9/site-packages/airflow/example_dags/example_task_group.py
[2023-05-26 22:13:04,961] {processor.py:641} INFO - Processing file /home/raf/pipeline-transform/.venv/lib/python3.9/site-packages/airflow/example_dags/example_task_group.py for tasks to queue
[2023-05-26 22:13:04,962] {logging_mixin.py:115} INFO - [2023-05-26 22:13:04,962] {dagbag.py:507} INFO - Filling up the DagBag from /home/raf/pipeline-transform/.venv/lib/python3.9/site-packages/airflow/example_dags/example_task_group.py
[2023-05-26 22:13:04,977] {processor.py:651} INFO - DAG(s) dict_keys(['example_task_group']) retrieved from /home/raf/pipeline-transform/.venv/lib/python3.9/site-packages/airflow/example_dags/example_task_group.py
[2023-05-26 22:13:04,998] {logging_mixin.py:115} INFO - [2023-05-26 22:13:04,998] {dag.py:2379} INFO - Sync 1 DAGs
[2023-05-26 22:13:05,020] {logging_mixin.py:115} INFO - [2023-05-26 22:13:05,020] {dag.py:2927} INFO - Setting next_dagrun for example_task_group to 2023-05-26T01:13:05.019978+00:00, run_after=2023-05-27T01:13:05.019978+00:00
[2023-05-26 22:13:05,061] {processor.py:161} INFO - Processing /home/raf/pipeline-transform/.venv/lib/python3.9/site-packages/airflow/example_dags/example_task_group.py took 0.104 seconds
[2023-05-26 22:13:36,767] {processor.py:153} INFO - Started process (PID=28586) to work on /home/raf/pipeline-transform/.venv/lib/python3.9/site-packages/airflow/example_dags/example_task_group.py
[2023-05-26 22:13:36,768] {processor.py:641} INFO - Processing file /home/raf/pipeline-transform/.venv/lib/python3.9/site-packages/airflow/example_dags/example_task_group.py for tasks to queue
[2023-05-26 22:13:36,768] {logging_mixin.py:115} INFO - [2023-05-26 22:13:36,768] {dagbag.py:507} INFO - Filling up the DagBag from /home/raf/pipeline-transform/.venv/lib/python3.9/site-packages/airflow/example_dags/example_task_group.py
[2023-05-26 22:13:36,774] {processor.py:651} INFO - DAG(s) dict_keys(['example_task_group']) retrieved from /home/raf/pipeline-transform/.venv/lib/python3.9/site-packages/airflow/example_dags/example_task_group.py
[2023-05-26 22:13:36,788] {logging_mixin.py:115} INFO - [2023-05-26 22:13:36,788] {dag.py:2379} INFO - Sync 1 DAGs
[2023-05-26 22:13:36,803] {logging_mixin.py:115} INFO - [2023-05-26 22:13:36,802] {dag.py:2927} INFO - Setting next_dagrun for example_task_group to 2023-05-26T01:13:36.802696+00:00, run_after=2023-05-27T01:13:36.802696+00:00
[2023-05-26 22:13:36,837] {processor.py:161} INFO - Processing /home/raf/pipeline-transform/.venv/lib/python3.9/site-packages/airflow/example_dags/example_task_group.py took 0.072 seconds
[2023-05-26 22:14:13,029] {processor.py:153} INFO - Started process (PID=28676) to work on /home/raf/pipeline-transform/.venv/lib/python3.9/site-packages/airflow/example_dags/example_task_group.py
[2023-05-26 22:14:13,048] {processor.py:641} INFO - Processing file /home/raf/pipeline-transform/.venv/lib/python3.9/site-packages/airflow/example_dags/example_task_group.py for tasks to queue
[2023-05-26 22:14:13,049] {logging_mixin.py:115} INFO - [2023-05-26 22:14:13,049] {dagbag.py:507} INFO - Filling up the DagBag from /home/raf/pipeline-transform/.venv/lib/python3.9/site-packages/airflow/example_dags/example_task_group.py
[2023-05-26 22:14:13,058] {processor.py:651} INFO - DAG(s) dict_keys(['example_task_group']) retrieved from /home/raf/pipeline-transform/.venv/lib/python3.9/site-packages/airflow/example_dags/example_task_group.py
[2023-05-26 22:14:13,082] {logging_mixin.py:115} INFO - [2023-05-26 22:14:13,082] {dag.py:2379} INFO - Sync 1 DAGs
[2023-05-26 22:14:13,111] {logging_mixin.py:115} INFO - [2023-05-26 22:14:13,111] {dag.py:2927} INFO - Setting next_dagrun for example_task_group to 2023-05-26T01:14:13.110838+00:00, run_after=2023-05-27T01:14:13.110838+00:00
[2023-05-26 22:14:13,143] {processor.py:161} INFO - Processing /home/raf/pipeline-transform/.venv/lib/python3.9/site-packages/airflow/example_dags/example_task_group.py took 0.117 seconds
[2023-05-26 22:14:46,415] {processor.py:153} INFO - Started process (PID=28759) to work on /home/raf/pipeline-transform/.venv/lib/python3.9/site-packages/airflow/example_dags/example_task_group.py
[2023-05-26 22:14:46,436] {processor.py:641} INFO - Processing file /home/raf/pipeline-transform/.venv/lib/python3.9/site-packages/airflow/example_dags/example_task_group.py for tasks to queue
[2023-05-26 22:14:46,437] {logging_mixin.py:115} INFO - [2023-05-26 22:14:46,436] {dagbag.py:507} INFO - Filling up the DagBag from /home/raf/pipeline-transform/.venv/lib/python3.9/site-packages/airflow/example_dags/example_task_group.py
[2023-05-26 22:14:46,445] {processor.py:651} INFO - DAG(s) dict_keys(['example_task_group']) retrieved from /home/raf/pipeline-transform/.venv/lib/python3.9/site-packages/airflow/example_dags/example_task_group.py
[2023-05-26 22:14:46,464] {logging_mixin.py:115} INFO - [2023-05-26 22:14:46,464] {dag.py:2379} INFO - Sync 1 DAGs
[2023-05-26 22:14:46,478] {logging_mixin.py:115} INFO - [2023-05-26 22:14:46,478] {dag.py:2927} INFO - Setting next_dagrun for example_task_group to 2023-05-26T01:14:46.478396+00:00, run_after=2023-05-27T01:14:46.478396+00:00
[2023-05-26 22:14:46,498] {processor.py:161} INFO - Processing /home/raf/pipeline-transform/.venv/lib/python3.9/site-packages/airflow/example_dags/example_task_group.py took 0.086 seconds
[2023-05-26 22:15:20,051] {processor.py:153} INFO - Started process (PID=28843) to work on /home/raf/pipeline-transform/.venv/lib/python3.9/site-packages/airflow/example_dags/example_task_group.py
[2023-05-26 22:15:20,051] {processor.py:641} INFO - Processing file /home/raf/pipeline-transform/.venv/lib/python3.9/site-packages/airflow/example_dags/example_task_group.py for tasks to queue
[2023-05-26 22:15:20,052] {logging_mixin.py:115} INFO - [2023-05-26 22:15:20,052] {dagbag.py:507} INFO - Filling up the DagBag from /home/raf/pipeline-transform/.venv/lib/python3.9/site-packages/airflow/example_dags/example_task_group.py
[2023-05-26 22:15:20,057] {processor.py:651} INFO - DAG(s) dict_keys(['example_task_group']) retrieved from /home/raf/pipeline-transform/.venv/lib/python3.9/site-packages/airflow/example_dags/example_task_group.py
[2023-05-26 22:15:20,070] {logging_mixin.py:115} INFO - [2023-05-26 22:15:20,070] {dag.py:2379} INFO - Sync 1 DAGs
[2023-05-26 22:15:20,085] {logging_mixin.py:115} INFO - [2023-05-26 22:15:20,085] {dag.py:2927} INFO - Setting next_dagrun for example_task_group to 2023-05-26T01:15:20.085448+00:00, run_after=2023-05-27T01:15:20.085448+00:00
[2023-05-26 22:15:20,117] {processor.py:161} INFO - Processing /home/raf/pipeline-transform/.venv/lib/python3.9/site-packages/airflow/example_dags/example_task_group.py took 0.068 seconds
[2023-05-26 22:15:55,346] {processor.py:153} INFO - Started process (PID=28930) to work on /home/raf/pipeline-transform/.venv/lib/python3.9/site-packages/airflow/example_dags/example_task_group.py
[2023-05-26 22:15:55,366] {processor.py:641} INFO - Processing file /home/raf/pipeline-transform/.venv/lib/python3.9/site-packages/airflow/example_dags/example_task_group.py for tasks to queue
[2023-05-26 22:15:55,366] {logging_mixin.py:115} INFO - [2023-05-26 22:15:55,366] {dagbag.py:507} INFO - Filling up the DagBag from /home/raf/pipeline-transform/.venv/lib/python3.9/site-packages/airflow/example_dags/example_task_group.py
[2023-05-26 22:15:55,372] {processor.py:651} INFO - DAG(s) dict_keys(['example_task_group']) retrieved from /home/raf/pipeline-transform/.venv/lib/python3.9/site-packages/airflow/example_dags/example_task_group.py
[2023-05-26 22:15:55,386] {logging_mixin.py:115} INFO - [2023-05-26 22:15:55,386] {dag.py:2379} INFO - Sync 1 DAGs
[2023-05-26 22:15:55,400] {logging_mixin.py:115} INFO - [2023-05-26 22:15:55,400] {dag.py:2927} INFO - Setting next_dagrun for example_task_group to 2023-05-26T01:15:55.400616+00:00, run_after=2023-05-27T01:15:55.400616+00:00
[2023-05-26 22:15:55,422] {processor.py:161} INFO - Processing /home/raf/pipeline-transform/.venv/lib/python3.9/site-packages/airflow/example_dags/example_task_group.py took 0.078 seconds
[2023-05-26 22:16:26,597] {processor.py:153} INFO - Started process (PID=29007) to work on /home/raf/pipeline-transform/.venv/lib/python3.9/site-packages/airflow/example_dags/example_task_group.py
[2023-05-26 22:16:26,621] {processor.py:641} INFO - Processing file /home/raf/pipeline-transform/.venv/lib/python3.9/site-packages/airflow/example_dags/example_task_group.py for tasks to queue
[2023-05-26 22:16:26,622] {logging_mixin.py:115} INFO - [2023-05-26 22:16:26,622] {dagbag.py:507} INFO - Filling up the DagBag from /home/raf/pipeline-transform/.venv/lib/python3.9/site-packages/airflow/example_dags/example_task_group.py
[2023-05-26 22:16:26,627] {processor.py:651} INFO - DAG(s) dict_keys(['example_task_group']) retrieved from /home/raf/pipeline-transform/.venv/lib/python3.9/site-packages/airflow/example_dags/example_task_group.py
[2023-05-26 22:16:26,641] {logging_mixin.py:115} INFO - [2023-05-26 22:16:26,641] {dag.py:2379} INFO - Sync 1 DAGs
[2023-05-26 22:16:26,656] {logging_mixin.py:115} INFO - [2023-05-26 22:16:26,656] {dag.py:2927} INFO - Setting next_dagrun for example_task_group to 2023-05-26T01:16:26.656336+00:00, run_after=2023-05-27T01:16:26.656336+00:00
[2023-05-26 22:16:26,806] {processor.py:161} INFO - Processing /home/raf/pipeline-transform/.venv/lib/python3.9/site-packages/airflow/example_dags/example_task_group.py took 0.211 seconds
[2023-05-26 22:16:57,570] {processor.py:153} INFO - Started process (PID=29084) to work on /home/raf/pipeline-transform/.venv/lib/python3.9/site-packages/airflow/example_dags/example_task_group.py
[2023-05-26 22:16:57,570] {processor.py:641} INFO - Processing file /home/raf/pipeline-transform/.venv/lib/python3.9/site-packages/airflow/example_dags/example_task_group.py for tasks to queue
[2023-05-26 22:16:57,571] {logging_mixin.py:115} INFO - [2023-05-26 22:16:57,571] {dagbag.py:507} INFO - Filling up the DagBag from /home/raf/pipeline-transform/.venv/lib/python3.9/site-packages/airflow/example_dags/example_task_group.py
[2023-05-26 22:16:57,577] {processor.py:651} INFO - DAG(s) dict_keys(['example_task_group']) retrieved from /home/raf/pipeline-transform/.venv/lib/python3.9/site-packages/airflow/example_dags/example_task_group.py
[2023-05-26 22:16:57,591] {logging_mixin.py:115} INFO - [2023-05-26 22:16:57,590] {dag.py:2379} INFO - Sync 1 DAGs
[2023-05-26 22:16:57,606] {logging_mixin.py:115} INFO - [2023-05-26 22:16:57,606] {dag.py:2927} INFO - Setting next_dagrun for example_task_group to 2023-05-26T01:16:57.605867+00:00, run_after=2023-05-27T01:16:57.605867+00:00
[2023-05-26 22:16:57,626] {processor.py:161} INFO - Processing /home/raf/pipeline-transform/.venv/lib/python3.9/site-packages/airflow/example_dags/example_task_group.py took 0.058 seconds
[2023-05-26 22:17:30,704] {processor.py:153} INFO - Started process (PID=29165) to work on /home/raf/pipeline-transform/.venv/lib/python3.9/site-packages/airflow/example_dags/example_task_group.py
[2023-05-26 22:17:30,730] {processor.py:641} INFO - Processing file /home/raf/pipeline-transform/.venv/lib/python3.9/site-packages/airflow/example_dags/example_task_group.py for tasks to queue
[2023-05-26 22:17:30,731] {logging_mixin.py:115} INFO - [2023-05-26 22:17:30,730] {dagbag.py:507} INFO - Filling up the DagBag from /home/raf/pipeline-transform/.venv/lib/python3.9/site-packages/airflow/example_dags/example_task_group.py
[2023-05-26 22:17:30,736] {processor.py:651} INFO - DAG(s) dict_keys(['example_task_group']) retrieved from /home/raf/pipeline-transform/.venv/lib/python3.9/site-packages/airflow/example_dags/example_task_group.py
[2023-05-26 22:17:30,752] {logging_mixin.py:115} INFO - [2023-05-26 22:17:30,752] {dag.py:2379} INFO - Sync 1 DAGs
[2023-05-26 22:17:30,768] {logging_mixin.py:115} INFO - [2023-05-26 22:17:30,768] {dag.py:2927} INFO - Setting next_dagrun for example_task_group to 2023-05-26T01:17:30.767918+00:00, run_after=2023-05-27T01:17:30.767918+00:00
[2023-05-26 22:17:30,791] {processor.py:161} INFO - Processing /home/raf/pipeline-transform/.venv/lib/python3.9/site-packages/airflow/example_dags/example_task_group.py took 0.089 seconds
[2023-05-26 22:18:04,225] {processor.py:153} INFO - Started process (PID=29248) to work on /home/raf/pipeline-transform/.venv/lib/python3.9/site-packages/airflow/example_dags/example_task_group.py
[2023-05-26 22:18:04,230] {processor.py:641} INFO - Processing file /home/raf/pipeline-transform/.venv/lib/python3.9/site-packages/airflow/example_dags/example_task_group.py for tasks to queue
[2023-05-26 22:18:04,231] {logging_mixin.py:115} INFO - [2023-05-26 22:18:04,231] {dagbag.py:507} INFO - Filling up the DagBag from /home/raf/pipeline-transform/.venv/lib/python3.9/site-packages/airflow/example_dags/example_task_group.py
[2023-05-26 22:18:04,240] {processor.py:651} INFO - DAG(s) dict_keys(['example_task_group']) retrieved from /home/raf/pipeline-transform/.venv/lib/python3.9/site-packages/airflow/example_dags/example_task_group.py
[2023-05-26 22:18:04,267] {logging_mixin.py:115} INFO - [2023-05-26 22:18:04,267] {dag.py:2379} INFO - Sync 1 DAGs
[2023-05-26 22:18:04,292] {logging_mixin.py:115} INFO - [2023-05-26 22:18:04,292] {dag.py:2927} INFO - Setting next_dagrun for example_task_group to 2023-05-26T01:18:04.291828+00:00, run_after=2023-05-27T01:18:04.291828+00:00
[2023-05-26 22:18:04,345] {processor.py:161} INFO - Processing /home/raf/pipeline-transform/.venv/lib/python3.9/site-packages/airflow/example_dags/example_task_group.py took 0.122 seconds
[2023-05-26 22:18:38,617] {processor.py:153} INFO - Started process (PID=29382) to work on /home/raf/pipeline-transform/.venv/lib/python3.9/site-packages/airflow/example_dags/example_task_group.py
[2023-05-26 22:18:38,625] {processor.py:641} INFO - Processing file /home/raf/pipeline-transform/.venv/lib/python3.9/site-packages/airflow/example_dags/example_task_group.py for tasks to queue
[2023-05-26 22:18:38,625] {logging_mixin.py:115} INFO - [2023-05-26 22:18:38,625] {dagbag.py:507} INFO - Filling up the DagBag from /home/raf/pipeline-transform/.venv/lib/python3.9/site-packages/airflow/example_dags/example_task_group.py
[2023-05-26 22:18:38,631] {processor.py:651} INFO - DAG(s) dict_keys(['example_task_group']) retrieved from /home/raf/pipeline-transform/.venv/lib/python3.9/site-packages/airflow/example_dags/example_task_group.py
[2023-05-26 22:18:38,646] {logging_mixin.py:115} INFO - [2023-05-26 22:18:38,646] {dag.py:2379} INFO - Sync 1 DAGs
[2023-05-26 22:18:38,662] {logging_mixin.py:115} INFO - [2023-05-26 22:18:38,662] {dag.py:2927} INFO - Setting next_dagrun for example_task_group to 2023-05-26T01:18:38.662341+00:00, run_after=2023-05-27T01:18:38.662341+00:00
[2023-05-26 22:18:38,679] {processor.py:161} INFO - Processing /home/raf/pipeline-transform/.venv/lib/python3.9/site-packages/airflow/example_dags/example_task_group.py took 0.064 seconds
[2023-05-26 22:19:15,439] {processor.py:153} INFO - Started process (PID=29523) to work on /home/raf/pipeline-transform/.venv/lib/python3.9/site-packages/airflow/example_dags/example_task_group.py
[2023-05-26 22:19:15,448] {processor.py:641} INFO - Processing file /home/raf/pipeline-transform/.venv/lib/python3.9/site-packages/airflow/example_dags/example_task_group.py for tasks to queue
[2023-05-26 22:19:15,448] {logging_mixin.py:115} INFO - [2023-05-26 22:19:15,448] {dagbag.py:507} INFO - Filling up the DagBag from /home/raf/pipeline-transform/.venv/lib/python3.9/site-packages/airflow/example_dags/example_task_group.py
[2023-05-26 22:19:15,454] {processor.py:651} INFO - DAG(s) dict_keys(['example_task_group']) retrieved from /home/raf/pipeline-transform/.venv/lib/python3.9/site-packages/airflow/example_dags/example_task_group.py
[2023-05-26 22:19:15,470] {logging_mixin.py:115} INFO - [2023-05-26 22:19:15,470] {dag.py:2379} INFO - Sync 1 DAGs
[2023-05-26 22:19:15,487] {logging_mixin.py:115} INFO - [2023-05-26 22:19:15,487] {dag.py:2927} INFO - Setting next_dagrun for example_task_group to 2023-05-26T01:19:15.487624+00:00, run_after=2023-05-27T01:19:15.487624+00:00
[2023-05-26 22:19:15,506] {processor.py:161} INFO - Processing /home/raf/pipeline-transform/.venv/lib/python3.9/site-packages/airflow/example_dags/example_task_group.py took 0.069 seconds
[2023-05-26 22:19:50,061] {processor.py:153} INFO - Started process (PID=29725) to work on /home/raf/pipeline-transform/.venv/lib/python3.9/site-packages/airflow/example_dags/example_task_group.py
[2023-05-26 22:19:50,071] {processor.py:641} INFO - Processing file /home/raf/pipeline-transform/.venv/lib/python3.9/site-packages/airflow/example_dags/example_task_group.py for tasks to queue
[2023-05-26 22:19:50,071] {logging_mixin.py:115} INFO - [2023-05-26 22:19:50,071] {dagbag.py:507} INFO - Filling up the DagBag from /home/raf/pipeline-transform/.venv/lib/python3.9/site-packages/airflow/example_dags/example_task_group.py
[2023-05-26 22:19:50,077] {processor.py:651} INFO - DAG(s) dict_keys(['example_task_group']) retrieved from /home/raf/pipeline-transform/.venv/lib/python3.9/site-packages/airflow/example_dags/example_task_group.py
[2023-05-26 22:19:50,091] {logging_mixin.py:115} INFO - [2023-05-26 22:19:50,091] {dag.py:2379} INFO - Sync 1 DAGs
[2023-05-26 22:19:50,107] {logging_mixin.py:115} INFO - [2023-05-26 22:19:50,107] {dag.py:2927} INFO - Setting next_dagrun for example_task_group to 2023-05-26T01:19:50.107467+00:00, run_after=2023-05-27T01:19:50.107467+00:00
[2023-05-26 22:19:50,126] {processor.py:161} INFO - Processing /home/raf/pipeline-transform/.venv/lib/python3.9/site-packages/airflow/example_dags/example_task_group.py took 0.068 seconds
[2023-05-26 22:20:25,956] {processor.py:153} INFO - Started process (PID=30111) to work on /home/raf/pipeline-transform/.venv/lib/python3.9/site-packages/airflow/example_dags/example_task_group.py
[2023-05-26 22:20:25,974] {processor.py:641} INFO - Processing file /home/raf/pipeline-transform/.venv/lib/python3.9/site-packages/airflow/example_dags/example_task_group.py for tasks to queue
[2023-05-26 22:20:25,981] {logging_mixin.py:115} INFO - [2023-05-26 22:20:25,981] {dagbag.py:507} INFO - Filling up the DagBag from /home/raf/pipeline-transform/.venv/lib/python3.9/site-packages/airflow/example_dags/example_task_group.py
[2023-05-26 22:20:25,989] {processor.py:651} INFO - DAG(s) dict_keys(['example_task_group']) retrieved from /home/raf/pipeline-transform/.venv/lib/python3.9/site-packages/airflow/example_dags/example_task_group.py
[2023-05-26 22:20:26,019] {logging_mixin.py:115} INFO - [2023-05-26 22:20:26,019] {dag.py:2379} INFO - Sync 1 DAGs
[2023-05-26 22:20:26,070] {logging_mixin.py:115} INFO - [2023-05-26 22:20:26,070] {dag.py:2927} INFO - Setting next_dagrun for example_task_group to 2023-05-26T01:20:26.070369+00:00, run_after=2023-05-27T01:20:26.070369+00:00
[2023-05-26 22:20:26,102] {processor.py:161} INFO - Processing /home/raf/pipeline-transform/.venv/lib/python3.9/site-packages/airflow/example_dags/example_task_group.py took 0.149 seconds
[2023-05-26 22:21:02,169] {processor.py:153} INFO - Started process (PID=30359) to work on /home/raf/pipeline-transform/.venv/lib/python3.9/site-packages/airflow/example_dags/example_task_group.py
[2023-05-26 22:21:02,181] {processor.py:641} INFO - Processing file /home/raf/pipeline-transform/.venv/lib/python3.9/site-packages/airflow/example_dags/example_task_group.py for tasks to queue
[2023-05-26 22:21:02,182] {logging_mixin.py:115} INFO - [2023-05-26 22:21:02,182] {dagbag.py:507} INFO - Filling up the DagBag from /home/raf/pipeline-transform/.venv/lib/python3.9/site-packages/airflow/example_dags/example_task_group.py
[2023-05-26 22:21:02,187] {processor.py:651} INFO - DAG(s) dict_keys(['example_task_group']) retrieved from /home/raf/pipeline-transform/.venv/lib/python3.9/site-packages/airflow/example_dags/example_task_group.py
[2023-05-26 22:21:02,201] {logging_mixin.py:115} INFO - [2023-05-26 22:21:02,201] {dag.py:2379} INFO - Sync 1 DAGs
[2023-05-26 22:21:02,215] {logging_mixin.py:115} INFO - [2023-05-26 22:21:02,215] {dag.py:2927} INFO - Setting next_dagrun for example_task_group to 2023-05-26T01:21:02.215168+00:00, run_after=2023-05-27T01:21:02.215168+00:00
[2023-05-26 22:21:02,234] {processor.py:161} INFO - Processing /home/raf/pipeline-transform/.venv/lib/python3.9/site-packages/airflow/example_dags/example_task_group.py took 0.068 seconds
[2023-05-26 22:21:37,448] {processor.py:153} INFO - Started process (PID=30607) to work on /home/raf/pipeline-transform/.venv/lib/python3.9/site-packages/airflow/example_dags/example_task_group.py
[2023-05-26 22:21:37,462] {processor.py:641} INFO - Processing file /home/raf/pipeline-transform/.venv/lib/python3.9/site-packages/airflow/example_dags/example_task_group.py for tasks to queue
[2023-05-26 22:21:37,462] {logging_mixin.py:115} INFO - [2023-05-26 22:21:37,462] {dagbag.py:507} INFO - Filling up the DagBag from /home/raf/pipeline-transform/.venv/lib/python3.9/site-packages/airflow/example_dags/example_task_group.py
[2023-05-26 22:21:37,468] {processor.py:651} INFO - DAG(s) dict_keys(['example_task_group']) retrieved from /home/raf/pipeline-transform/.venv/lib/python3.9/site-packages/airflow/example_dags/example_task_group.py
[2023-05-26 22:21:37,484] {logging_mixin.py:115} INFO - [2023-05-26 22:21:37,484] {dag.py:2379} INFO - Sync 1 DAGs
[2023-05-26 22:21:37,501] {logging_mixin.py:115} INFO - [2023-05-26 22:21:37,501] {dag.py:2927} INFO - Setting next_dagrun for example_task_group to 2023-05-26T01:21:37.501234+00:00, run_after=2023-05-27T01:21:37.501234+00:00
[2023-05-26 22:21:37,525] {processor.py:161} INFO - Processing /home/raf/pipeline-transform/.venv/lib/python3.9/site-packages/airflow/example_dags/example_task_group.py took 0.079 seconds
[2023-05-26 22:22:15,149] {processor.py:153} INFO - Started process (PID=31006) to work on /home/raf/pipeline-transform/.venv/lib/python3.9/site-packages/airflow/example_dags/example_task_group.py
[2023-05-26 22:22:15,168] {processor.py:641} INFO - Processing file /home/raf/pipeline-transform/.venv/lib/python3.9/site-packages/airflow/example_dags/example_task_group.py for tasks to queue
[2023-05-26 22:22:15,168] {logging_mixin.py:115} INFO - [2023-05-26 22:22:15,168] {dagbag.py:507} INFO - Filling up the DagBag from /home/raf/pipeline-transform/.venv/lib/python3.9/site-packages/airflow/example_dags/example_task_group.py
[2023-05-26 22:22:15,174] {processor.py:651} INFO - DAG(s) dict_keys(['example_task_group']) retrieved from /home/raf/pipeline-transform/.venv/lib/python3.9/site-packages/airflow/example_dags/example_task_group.py
[2023-05-26 22:22:15,188] {logging_mixin.py:115} INFO - [2023-05-26 22:22:15,188] {dag.py:2379} INFO - Sync 1 DAGs
[2023-05-26 22:22:15,202] {logging_mixin.py:115} INFO - [2023-05-26 22:22:15,202] {dag.py:2927} INFO - Setting next_dagrun for example_task_group to 2023-05-26T01:22:15.202618+00:00, run_after=2023-05-27T01:22:15.202618+00:00
[2023-05-26 22:22:15,223] {processor.py:161} INFO - Processing /home/raf/pipeline-transform/.venv/lib/python3.9/site-packages/airflow/example_dags/example_task_group.py took 0.076 seconds
[2023-05-26 22:22:49,023] {processor.py:153} INFO - Started process (PID=31091) to work on /home/raf/pipeline-transform/.venv/lib/python3.9/site-packages/airflow/example_dags/example_task_group.py
[2023-05-26 22:22:49,043] {processor.py:641} INFO - Processing file /home/raf/pipeline-transform/.venv/lib/python3.9/site-packages/airflow/example_dags/example_task_group.py for tasks to queue
[2023-05-26 22:22:49,044] {logging_mixin.py:115} INFO - [2023-05-26 22:22:49,043] {dagbag.py:507} INFO - Filling up the DagBag from /home/raf/pipeline-transform/.venv/lib/python3.9/site-packages/airflow/example_dags/example_task_group.py
[2023-05-26 22:22:49,050] {processor.py:651} INFO - DAG(s) dict_keys(['example_task_group']) retrieved from /home/raf/pipeline-transform/.venv/lib/python3.9/site-packages/airflow/example_dags/example_task_group.py
[2023-05-26 22:22:49,066] {logging_mixin.py:115} INFO - [2023-05-26 22:22:49,065] {dag.py:2379} INFO - Sync 1 DAGs
[2023-05-26 22:22:49,082] {logging_mixin.py:115} INFO - [2023-05-26 22:22:49,082] {dag.py:2927} INFO - Setting next_dagrun for example_task_group to 2023-05-26T01:22:49.082173+00:00, run_after=2023-05-27T01:22:49.082173+00:00
[2023-05-26 22:22:49,100] {processor.py:161} INFO - Processing /home/raf/pipeline-transform/.venv/lib/python3.9/site-packages/airflow/example_dags/example_task_group.py took 0.079 seconds
[2023-05-26 22:23:25,248] {processor.py:153} INFO - Started process (PID=31189) to work on /home/raf/pipeline-transform/.venv/lib/python3.9/site-packages/airflow/example_dags/example_task_group.py
[2023-05-26 22:23:25,269] {processor.py:641} INFO - Processing file /home/raf/pipeline-transform/.venv/lib/python3.9/site-packages/airflow/example_dags/example_task_group.py for tasks to queue
[2023-05-26 22:23:25,269] {logging_mixin.py:115} INFO - [2023-05-26 22:23:25,269] {dagbag.py:507} INFO - Filling up the DagBag from /home/raf/pipeline-transform/.venv/lib/python3.9/site-packages/airflow/example_dags/example_task_group.py
[2023-05-26 22:23:25,277] {processor.py:651} INFO - DAG(s) dict_keys(['example_task_group']) retrieved from /home/raf/pipeline-transform/.venv/lib/python3.9/site-packages/airflow/example_dags/example_task_group.py
[2023-05-26 22:23:25,290] {logging_mixin.py:115} INFO - [2023-05-26 22:23:25,290] {dag.py:2379} INFO - Sync 1 DAGs
[2023-05-26 22:23:25,306] {logging_mixin.py:115} INFO - [2023-05-26 22:23:25,306] {dag.py:2927} INFO - Setting next_dagrun for example_task_group to 2023-05-26T01:23:25.306278+00:00, run_after=2023-05-27T01:23:25.306278+00:00
[2023-05-26 22:23:25,330] {processor.py:161} INFO - Processing /home/raf/pipeline-transform/.venv/lib/python3.9/site-packages/airflow/example_dags/example_task_group.py took 0.084 seconds
[2023-05-26 22:23:59,112] {processor.py:153} INFO - Started process (PID=31272) to work on /home/raf/pipeline-transform/.venv/lib/python3.9/site-packages/airflow/example_dags/example_task_group.py
[2023-05-26 22:23:59,134] {processor.py:641} INFO - Processing file /home/raf/pipeline-transform/.venv/lib/python3.9/site-packages/airflow/example_dags/example_task_group.py for tasks to queue
[2023-05-26 22:23:59,135] {logging_mixin.py:115} INFO - [2023-05-26 22:23:59,135] {dagbag.py:507} INFO - Filling up the DagBag from /home/raf/pipeline-transform/.venv/lib/python3.9/site-packages/airflow/example_dags/example_task_group.py
[2023-05-26 22:23:59,141] {processor.py:651} INFO - DAG(s) dict_keys(['example_task_group']) retrieved from /home/raf/pipeline-transform/.venv/lib/python3.9/site-packages/airflow/example_dags/example_task_group.py
[2023-05-26 22:23:59,154] {logging_mixin.py:115} INFO - [2023-05-26 22:23:59,154] {dag.py:2379} INFO - Sync 1 DAGs
[2023-05-26 22:23:59,168] {logging_mixin.py:115} INFO - [2023-05-26 22:23:59,168] {dag.py:2927} INFO - Setting next_dagrun for example_task_group to 2023-05-26T01:23:59.168319+00:00, run_after=2023-05-27T01:23:59.168319+00:00
[2023-05-26 22:23:59,188] {processor.py:161} INFO - Processing /home/raf/pipeline-transform/.venv/lib/python3.9/site-packages/airflow/example_dags/example_task_group.py took 0.079 seconds
[2023-05-26 22:24:33,580] {processor.py:153} INFO - Started process (PID=31361) to work on /home/raf/pipeline-transform/.venv/lib/python3.9/site-packages/airflow/example_dags/example_task_group.py
[2023-05-26 22:24:33,603] {processor.py:641} INFO - Processing file /home/raf/pipeline-transform/.venv/lib/python3.9/site-packages/airflow/example_dags/example_task_group.py for tasks to queue
[2023-05-26 22:24:33,604] {logging_mixin.py:115} INFO - [2023-05-26 22:24:33,604] {dagbag.py:507} INFO - Filling up the DagBag from /home/raf/pipeline-transform/.venv/lib/python3.9/site-packages/airflow/example_dags/example_task_group.py
[2023-05-26 22:24:33,612] {processor.py:651} INFO - DAG(s) dict_keys(['example_task_group']) retrieved from /home/raf/pipeline-transform/.venv/lib/python3.9/site-packages/airflow/example_dags/example_task_group.py
[2023-05-26 22:24:33,637] {logging_mixin.py:115} INFO - [2023-05-26 22:24:33,637] {dag.py:2379} INFO - Sync 1 DAGs
[2023-05-26 22:24:33,655] {logging_mixin.py:115} INFO - [2023-05-26 22:24:33,655] {dag.py:2927} INFO - Setting next_dagrun for example_task_group to 2023-05-26T01:24:33.654958+00:00, run_after=2023-05-27T01:24:33.654958+00:00
[2023-05-26 22:24:33,678] {processor.py:161} INFO - Processing /home/raf/pipeline-transform/.venv/lib/python3.9/site-packages/airflow/example_dags/example_task_group.py took 0.101 seconds
[2023-05-26 22:25:06,315] {processor.py:153} INFO - Started process (PID=31442) to work on /home/raf/pipeline-transform/.venv/lib/python3.9/site-packages/airflow/example_dags/example_task_group.py
[2023-05-26 22:25:06,339] {processor.py:641} INFO - Processing file /home/raf/pipeline-transform/.venv/lib/python3.9/site-packages/airflow/example_dags/example_task_group.py for tasks to queue
[2023-05-26 22:25:06,340] {logging_mixin.py:115} INFO - [2023-05-26 22:25:06,340] {dagbag.py:507} INFO - Filling up the DagBag from /home/raf/pipeline-transform/.venv/lib/python3.9/site-packages/airflow/example_dags/example_task_group.py
[2023-05-26 22:25:06,346] {processor.py:651} INFO - DAG(s) dict_keys(['example_task_group']) retrieved from /home/raf/pipeline-transform/.venv/lib/python3.9/site-packages/airflow/example_dags/example_task_group.py
[2023-05-26 22:25:06,359] {logging_mixin.py:115} INFO - [2023-05-26 22:25:06,359] {dag.py:2379} INFO - Sync 1 DAGs
[2023-05-26 22:25:06,374] {logging_mixin.py:115} INFO - [2023-05-26 22:25:06,373] {dag.py:2927} INFO - Setting next_dagrun for example_task_group to 2023-05-26T01:25:06.373704+00:00, run_after=2023-05-27T01:25:06.373704+00:00
[2023-05-26 22:25:06,393] {processor.py:161} INFO - Processing /home/raf/pipeline-transform/.venv/lib/python3.9/site-packages/airflow/example_dags/example_task_group.py took 0.081 seconds
[2023-05-26 22:25:41,929] {processor.py:153} INFO - Started process (PID=31681) to work on /home/raf/pipeline-transform/.venv/lib/python3.9/site-packages/airflow/example_dags/example_task_group.py
[2023-05-26 22:25:41,938] {processor.py:641} INFO - Processing file /home/raf/pipeline-transform/.venv/lib/python3.9/site-packages/airflow/example_dags/example_task_group.py for tasks to queue
[2023-05-26 22:25:41,939] {logging_mixin.py:115} INFO - [2023-05-26 22:25:41,939] {dagbag.py:507} INFO - Filling up the DagBag from /home/raf/pipeline-transform/.venv/lib/python3.9/site-packages/airflow/example_dags/example_task_group.py
[2023-05-26 22:25:41,944] {processor.py:651} INFO - DAG(s) dict_keys(['example_task_group']) retrieved from /home/raf/pipeline-transform/.venv/lib/python3.9/site-packages/airflow/example_dags/example_task_group.py
[2023-05-26 22:25:41,959] {logging_mixin.py:115} INFO - [2023-05-26 22:25:41,959] {dag.py:2379} INFO - Sync 1 DAGs
[2023-05-26 22:25:41,980] {logging_mixin.py:115} INFO - [2023-05-26 22:25:41,980] {dag.py:2927} INFO - Setting next_dagrun for example_task_group to 2023-05-26T01:25:41.980307+00:00, run_after=2023-05-27T01:25:41.980307+00:00
[2023-05-26 22:25:42,001] {processor.py:161} INFO - Processing /home/raf/pipeline-transform/.venv/lib/python3.9/site-packages/airflow/example_dags/example_task_group.py took 0.075 seconds
[2023-05-26 22:26:16,350] {processor.py:153} INFO - Started process (PID=31872) to work on /home/raf/pipeline-transform/.venv/lib/python3.9/site-packages/airflow/example_dags/example_task_group.py
[2023-05-26 22:26:16,366] {processor.py:641} INFO - Processing file /home/raf/pipeline-transform/.venv/lib/python3.9/site-packages/airflow/example_dags/example_task_group.py for tasks to queue
[2023-05-26 22:26:16,366] {logging_mixin.py:115} INFO - [2023-05-26 22:26:16,366] {dagbag.py:507} INFO - Filling up the DagBag from /home/raf/pipeline-transform/.venv/lib/python3.9/site-packages/airflow/example_dags/example_task_group.py
[2023-05-26 22:26:16,372] {processor.py:651} INFO - DAG(s) dict_keys(['example_task_group']) retrieved from /home/raf/pipeline-transform/.venv/lib/python3.9/site-packages/airflow/example_dags/example_task_group.py
[2023-05-26 22:26:16,386] {logging_mixin.py:115} INFO - [2023-05-26 22:26:16,386] {dag.py:2379} INFO - Sync 1 DAGs
[2023-05-26 22:26:16,400] {logging_mixin.py:115} INFO - [2023-05-26 22:26:16,400] {dag.py:2927} INFO - Setting next_dagrun for example_task_group to 2023-05-26T01:26:16.400646+00:00, run_after=2023-05-27T01:26:16.400646+00:00
[2023-05-26 22:26:16,421] {processor.py:161} INFO - Processing /home/raf/pipeline-transform/.venv/lib/python3.9/site-packages/airflow/example_dags/example_task_group.py took 0.074 seconds
[2023-05-26 22:26:55,033] {processor.py:153} INFO - Started process (PID=31982) to work on /home/raf/pipeline-transform/.venv/lib/python3.9/site-packages/airflow/example_dags/example_task_group.py
[2023-05-26 22:26:55,037] {processor.py:641} INFO - Processing file /home/raf/pipeline-transform/.venv/lib/python3.9/site-packages/airflow/example_dags/example_task_group.py for tasks to queue
[2023-05-26 22:26:55,038] {logging_mixin.py:115} INFO - [2023-05-26 22:26:55,038] {dagbag.py:507} INFO - Filling up the DagBag from /home/raf/pipeline-transform/.venv/lib/python3.9/site-packages/airflow/example_dags/example_task_group.py
[2023-05-26 22:26:55,043] {processor.py:651} INFO - DAG(s) dict_keys(['example_task_group']) retrieved from /home/raf/pipeline-transform/.venv/lib/python3.9/site-packages/airflow/example_dags/example_task_group.py
[2023-05-26 22:26:55,059] {logging_mixin.py:115} INFO - [2023-05-26 22:26:55,059] {dag.py:2379} INFO - Sync 1 DAGs
[2023-05-26 22:26:55,074] {logging_mixin.py:115} INFO - [2023-05-26 22:26:55,074] {dag.py:2927} INFO - Setting next_dagrun for example_task_group to 2023-05-26T01:26:55.073947+00:00, run_after=2023-05-27T01:26:55.073947+00:00
[2023-05-26 22:26:55,098] {processor.py:161} INFO - Processing /home/raf/pipeline-transform/.venv/lib/python3.9/site-packages/airflow/example_dags/example_task_group.py took 0.067 seconds
[2023-05-26 22:27:31,618] {processor.py:153} INFO - Started process (PID=32110) to work on /home/raf/pipeline-transform/.venv/lib/python3.9/site-packages/airflow/example_dags/example_task_group.py
[2023-05-26 22:27:31,637] {processor.py:641} INFO - Processing file /home/raf/pipeline-transform/.venv/lib/python3.9/site-packages/airflow/example_dags/example_task_group.py for tasks to queue
[2023-05-26 22:27:31,637] {logging_mixin.py:115} INFO - [2023-05-26 22:27:31,637] {dagbag.py:507} INFO - Filling up the DagBag from /home/raf/pipeline-transform/.venv/lib/python3.9/site-packages/airflow/example_dags/example_task_group.py
[2023-05-26 22:27:31,643] {processor.py:651} INFO - DAG(s) dict_keys(['example_task_group']) retrieved from /home/raf/pipeline-transform/.venv/lib/python3.9/site-packages/airflow/example_dags/example_task_group.py
[2023-05-26 22:27:31,658] {logging_mixin.py:115} INFO - [2023-05-26 22:27:31,658] {dag.py:2379} INFO - Sync 1 DAGs
[2023-05-26 22:27:31,673] {logging_mixin.py:115} INFO - [2023-05-26 22:27:31,673] {dag.py:2927} INFO - Setting next_dagrun for example_task_group to 2023-05-26T01:27:31.672830+00:00, run_after=2023-05-27T01:27:31.672830+00:00
[2023-05-26 22:27:31,695] {processor.py:161} INFO - Processing /home/raf/pipeline-transform/.venv/lib/python3.9/site-packages/airflow/example_dags/example_task_group.py took 0.080 seconds
[2023-05-26 22:28:07,341] {processor.py:153} INFO - Started process (PID=32243) to work on /home/raf/pipeline-transform/.venv/lib/python3.9/site-packages/airflow/example_dags/example_task_group.py
[2023-05-26 22:28:07,349] {processor.py:641} INFO - Processing file /home/raf/pipeline-transform/.venv/lib/python3.9/site-packages/airflow/example_dags/example_task_group.py for tasks to queue
[2023-05-26 22:28:07,350] {logging_mixin.py:115} INFO - [2023-05-26 22:28:07,349] {dagbag.py:507} INFO - Filling up the DagBag from /home/raf/pipeline-transform/.venv/lib/python3.9/site-packages/airflow/example_dags/example_task_group.py
[2023-05-26 22:28:07,373] {processor.py:651} INFO - DAG(s) dict_keys(['example_task_group']) retrieved from /home/raf/pipeline-transform/.venv/lib/python3.9/site-packages/airflow/example_dags/example_task_group.py
[2023-05-26 22:28:07,483] {logging_mixin.py:115} INFO - [2023-05-26 22:28:07,483] {dag.py:2379} INFO - Sync 1 DAGs
[2023-05-26 22:28:07,595] {logging_mixin.py:115} INFO - [2023-05-26 22:28:07,595] {dag.py:2927} INFO - Setting next_dagrun for example_task_group to 2023-05-26T01:28:07.595305+00:00, run_after=2023-05-27T01:28:07.595305+00:00
[2023-05-26 22:28:07,657] {processor.py:161} INFO - Processing /home/raf/pipeline-transform/.venv/lib/python3.9/site-packages/airflow/example_dags/example_task_group.py took 0.330 seconds
[2023-05-26 22:28:44,018] {processor.py:153} INFO - Started process (PID=32334) to work on /home/raf/pipeline-transform/.venv/lib/python3.9/site-packages/airflow/example_dags/example_task_group.py
[2023-05-26 22:28:44,041] {processor.py:641} INFO - Processing file /home/raf/pipeline-transform/.venv/lib/python3.9/site-packages/airflow/example_dags/example_task_group.py for tasks to queue
[2023-05-26 22:28:44,041] {logging_mixin.py:115} INFO - [2023-05-26 22:28:44,041] {dagbag.py:507} INFO - Filling up the DagBag from /home/raf/pipeline-transform/.venv/lib/python3.9/site-packages/airflow/example_dags/example_task_group.py
[2023-05-26 22:28:44,047] {processor.py:651} INFO - DAG(s) dict_keys(['example_task_group']) retrieved from /home/raf/pipeline-transform/.venv/lib/python3.9/site-packages/airflow/example_dags/example_task_group.py
[2023-05-26 22:28:44,067] {logging_mixin.py:115} INFO - [2023-05-26 22:28:44,067] {dag.py:2379} INFO - Sync 1 DAGs
[2023-05-26 22:28:44,087] {logging_mixin.py:115} INFO - [2023-05-26 22:28:44,087] {dag.py:2927} INFO - Setting next_dagrun for example_task_group to 2023-05-26T01:28:44.087051+00:00, run_after=2023-05-27T01:28:44.087051+00:00
[2023-05-26 22:28:44,110] {processor.py:161} INFO - Processing /home/raf/pipeline-transform/.venv/lib/python3.9/site-packages/airflow/example_dags/example_task_group.py took 0.097 seconds
[2023-05-26 22:29:17,027] {processor.py:153} INFO - Started process (PID=32418) to work on /home/raf/pipeline-transform/.venv/lib/python3.9/site-packages/airflow/example_dags/example_task_group.py
[2023-05-26 22:29:17,051] {processor.py:641} INFO - Processing file /home/raf/pipeline-transform/.venv/lib/python3.9/site-packages/airflow/example_dags/example_task_group.py for tasks to queue
[2023-05-26 22:29:17,052] {logging_mixin.py:115} INFO - [2023-05-26 22:29:17,052] {dagbag.py:507} INFO - Filling up the DagBag from /home/raf/pipeline-transform/.venv/lib/python3.9/site-packages/airflow/example_dags/example_task_group.py
[2023-05-26 22:29:17,057] {processor.py:651} INFO - DAG(s) dict_keys(['example_task_group']) retrieved from /home/raf/pipeline-transform/.venv/lib/python3.9/site-packages/airflow/example_dags/example_task_group.py
[2023-05-26 22:29:17,073] {logging_mixin.py:115} INFO - [2023-05-26 22:29:17,073] {dag.py:2379} INFO - Sync 1 DAGs
[2023-05-26 22:29:17,087] {logging_mixin.py:115} INFO - [2023-05-26 22:29:17,087] {dag.py:2927} INFO - Setting next_dagrun for example_task_group to 2023-05-26T01:29:17.087630+00:00, run_after=2023-05-27T01:29:17.087630+00:00
[2023-05-26 22:29:17,112] {processor.py:161} INFO - Processing /home/raf/pipeline-transform/.venv/lib/python3.9/site-packages/airflow/example_dags/example_task_group.py took 0.088 seconds
[2023-05-26 22:29:52,023] {processor.py:153} INFO - Started process (PID=32503) to work on /home/raf/pipeline-transform/.venv/lib/python3.9/site-packages/airflow/example_dags/example_task_group.py
[2023-05-26 22:29:52,047] {processor.py:641} INFO - Processing file /home/raf/pipeline-transform/.venv/lib/python3.9/site-packages/airflow/example_dags/example_task_group.py for tasks to queue
[2023-05-26 22:29:52,047] {logging_mixin.py:115} INFO - [2023-05-26 22:29:52,047] {dagbag.py:507} INFO - Filling up the DagBag from /home/raf/pipeline-transform/.venv/lib/python3.9/site-packages/airflow/example_dags/example_task_group.py
[2023-05-26 22:29:52,056] {processor.py:651} INFO - DAG(s) dict_keys(['example_task_group']) retrieved from /home/raf/pipeline-transform/.venv/lib/python3.9/site-packages/airflow/example_dags/example_task_group.py
[2023-05-26 22:29:52,092] {logging_mixin.py:115} INFO - [2023-05-26 22:29:52,092] {dag.py:2379} INFO - Sync 1 DAGs
[2023-05-26 22:29:52,119] {logging_mixin.py:115} INFO - [2023-05-26 22:29:52,119] {dag.py:2927} INFO - Setting next_dagrun for example_task_group to 2023-05-26T01:29:52.119351+00:00, run_after=2023-05-27T01:29:52.119351+00:00
[2023-05-26 22:29:52,145] {processor.py:161} INFO - Processing /home/raf/pipeline-transform/.venv/lib/python3.9/site-packages/airflow/example_dags/example_task_group.py took 0.126 seconds
[2023-05-26 22:30:26,590] {processor.py:153} INFO - Started process (PID=32643) to work on /home/raf/pipeline-transform/.venv/lib/python3.9/site-packages/airflow/example_dags/example_task_group.py
[2023-05-26 22:30:26,623] {processor.py:641} INFO - Processing file /home/raf/pipeline-transform/.venv/lib/python3.9/site-packages/airflow/example_dags/example_task_group.py for tasks to queue
[2023-05-26 22:30:26,623] {logging_mixin.py:115} INFO - [2023-05-26 22:30:26,623] {dagbag.py:507} INFO - Filling up the DagBag from /home/raf/pipeline-transform/.venv/lib/python3.9/site-packages/airflow/example_dags/example_task_group.py
[2023-05-26 22:30:26,663] {processor.py:651} INFO - DAG(s) dict_keys(['example_task_group']) retrieved from /home/raf/pipeline-transform/.venv/lib/python3.9/site-packages/airflow/example_dags/example_task_group.py
[2023-05-26 22:30:26,729] {logging_mixin.py:115} INFO - [2023-05-26 22:30:26,729] {dag.py:2379} INFO - Sync 1 DAGs
[2023-05-26 22:30:26,804] {logging_mixin.py:115} INFO - [2023-05-26 22:30:26,804] {dag.py:2927} INFO - Setting next_dagrun for example_task_group to 2023-05-26T01:30:26.804063+00:00, run_after=2023-05-27T01:30:26.804063+00:00
[2023-05-26 22:30:26,978] {processor.py:161} INFO - Processing /home/raf/pipeline-transform/.venv/lib/python3.9/site-packages/airflow/example_dags/example_task_group.py took 0.391 seconds
[2023-05-26 22:31:02,507] {processor.py:153} INFO - Started process (PID=373) to work on /home/raf/pipeline-transform/.venv/lib/python3.9/site-packages/airflow/example_dags/example_task_group.py
[2023-05-26 22:31:02,534] {processor.py:641} INFO - Processing file /home/raf/pipeline-transform/.venv/lib/python3.9/site-packages/airflow/example_dags/example_task_group.py for tasks to queue
[2023-05-26 22:31:02,535] {logging_mixin.py:115} INFO - [2023-05-26 22:31:02,534] {dagbag.py:507} INFO - Filling up the DagBag from /home/raf/pipeline-transform/.venv/lib/python3.9/site-packages/airflow/example_dags/example_task_group.py
[2023-05-26 22:31:02,542] {processor.py:651} INFO - DAG(s) dict_keys(['example_task_group']) retrieved from /home/raf/pipeline-transform/.venv/lib/python3.9/site-packages/airflow/example_dags/example_task_group.py
[2023-05-26 22:31:02,561] {logging_mixin.py:115} INFO - [2023-05-26 22:31:02,561] {dag.py:2379} INFO - Sync 1 DAGs
[2023-05-26 22:31:02,582] {logging_mixin.py:115} INFO - [2023-05-26 22:31:02,582] {dag.py:2927} INFO - Setting next_dagrun for example_task_group to 2023-05-26T01:31:02.582455+00:00, run_after=2023-05-27T01:31:02.582455+00:00
[2023-05-26 22:31:02,601] {processor.py:161} INFO - Processing /home/raf/pipeline-transform/.venv/lib/python3.9/site-packages/airflow/example_dags/example_task_group.py took 0.096 seconds
[2023-05-26 22:31:37,048] {processor.py:153} INFO - Started process (PID=454) to work on /home/raf/pipeline-transform/.venv/lib/python3.9/site-packages/airflow/example_dags/example_task_group.py
[2023-05-26 22:31:37,052] {processor.py:641} INFO - Processing file /home/raf/pipeline-transform/.venv/lib/python3.9/site-packages/airflow/example_dags/example_task_group.py for tasks to queue
[2023-05-26 22:31:37,053] {logging_mixin.py:115} INFO - [2023-05-26 22:31:37,052] {dagbag.py:507} INFO - Filling up the DagBag from /home/raf/pipeline-transform/.venv/lib/python3.9/site-packages/airflow/example_dags/example_task_group.py
[2023-05-26 22:31:37,059] {processor.py:651} INFO - DAG(s) dict_keys(['example_task_group']) retrieved from /home/raf/pipeline-transform/.venv/lib/python3.9/site-packages/airflow/example_dags/example_task_group.py
[2023-05-26 22:31:37,074] {logging_mixin.py:115} INFO - [2023-05-26 22:31:37,074] {dag.py:2379} INFO - Sync 1 DAGs
[2023-05-26 22:31:37,091] {logging_mixin.py:115} INFO - [2023-05-26 22:31:37,091] {dag.py:2927} INFO - Setting next_dagrun for example_task_group to 2023-05-26T01:31:37.090958+00:00, run_after=2023-05-27T01:31:37.090958+00:00
[2023-05-26 22:31:37,110] {processor.py:161} INFO - Processing /home/raf/pipeline-transform/.venv/lib/python3.9/site-packages/airflow/example_dags/example_task_group.py took 0.065 seconds
[2023-05-26 22:32:10,130] {processor.py:153} INFO - Started process (PID=640) to work on /home/raf/pipeline-transform/.venv/lib/python3.9/site-packages/airflow/example_dags/example_task_group.py
[2023-05-26 22:32:10,135] {processor.py:641} INFO - Processing file /home/raf/pipeline-transform/.venv/lib/python3.9/site-packages/airflow/example_dags/example_task_group.py for tasks to queue
[2023-05-26 22:32:10,136] {logging_mixin.py:115} INFO - [2023-05-26 22:32:10,136] {dagbag.py:507} INFO - Filling up the DagBag from /home/raf/pipeline-transform/.venv/lib/python3.9/site-packages/airflow/example_dags/example_task_group.py
[2023-05-26 22:32:10,143] {processor.py:651} INFO - DAG(s) dict_keys(['example_task_group']) retrieved from /home/raf/pipeline-transform/.venv/lib/python3.9/site-packages/airflow/example_dags/example_task_group.py
[2023-05-26 22:32:10,160] {logging_mixin.py:115} INFO - [2023-05-26 22:32:10,160] {dag.py:2379} INFO - Sync 1 DAGs
[2023-05-26 22:32:10,179] {logging_mixin.py:115} INFO - [2023-05-26 22:32:10,179] {dag.py:2927} INFO - Setting next_dagrun for example_task_group to 2023-05-26T01:32:10.179549+00:00, run_after=2023-05-27T01:32:10.179549+00:00
[2023-05-26 22:32:10,200] {processor.py:161} INFO - Processing /home/raf/pipeline-transform/.venv/lib/python3.9/site-packages/airflow/example_dags/example_task_group.py took 0.073 seconds
