[2023-05-26 22:03:21,479] {processor.py:153} INFO - Started process (PID=25841) to work on /home/raf/pipeline-transform/.venv/lib/python3.9/site-packages/airflow/example_dags/example_branch_labels.py
[2023-05-26 22:03:21,479] {processor.py:641} INFO - Processing file /home/raf/pipeline-transform/.venv/lib/python3.9/site-packages/airflow/example_dags/example_branch_labels.py for tasks to queue
[2023-05-26 22:03:21,480] {logging_mixin.py:115} INFO - [2023-05-26 22:03:21,480] {dagbag.py:507} INFO - Filling up the DagBag from /home/raf/pipeline-transform/.venv/lib/python3.9/site-packages/airflow/example_dags/example_branch_labels.py
[2023-05-26 22:03:21,484] {processor.py:651} INFO - DAG(s) dict_keys(['example_branch_labels']) retrieved from /home/raf/pipeline-transform/.venv/lib/python3.9/site-packages/airflow/example_dags/example_branch_labels.py
[2023-05-26 22:03:21,522] {logging_mixin.py:115} INFO - [2023-05-26 22:03:21,521] {dag.py:2379} INFO - Sync 1 DAGs
[2023-05-26 22:03:21,535] {logging_mixin.py:115} INFO - [2023-05-26 22:03:21,535] {dag.py:2927} INFO - Setting next_dagrun for example_branch_labels to 2023-05-26T00:00:00+00:00, run_after=2023-05-27T00:00:00+00:00
[2023-05-26 22:03:21,590] {processor.py:161} INFO - Processing /home/raf/pipeline-transform/.venv/lib/python3.9/site-packages/airflow/example_dags/example_branch_labels.py took 0.114 seconds
[2023-05-26 22:03:57,899] {processor.py:153} INFO - Started process (PID=26235) to work on /home/raf/pipeline-transform/.venv/lib/python3.9/site-packages/airflow/example_dags/example_branch_labels.py
[2023-05-26 22:03:57,905] {processor.py:641} INFO - Processing file /home/raf/pipeline-transform/.venv/lib/python3.9/site-packages/airflow/example_dags/example_branch_labels.py for tasks to queue
[2023-05-26 22:03:57,905] {logging_mixin.py:115} INFO - [2023-05-26 22:03:57,905] {dagbag.py:507} INFO - Filling up the DagBag from /home/raf/pipeline-transform/.venv/lib/python3.9/site-packages/airflow/example_dags/example_branch_labels.py
[2023-05-26 22:03:57,910] {processor.py:651} INFO - DAG(s) dict_keys(['example_branch_labels']) retrieved from /home/raf/pipeline-transform/.venv/lib/python3.9/site-packages/airflow/example_dags/example_branch_labels.py
[2023-05-26 22:03:57,923] {logging_mixin.py:115} INFO - [2023-05-26 22:03:57,923] {dag.py:2379} INFO - Sync 1 DAGs
[2023-05-26 22:03:57,938] {logging_mixin.py:115} INFO - [2023-05-26 22:03:57,938] {dag.py:2927} INFO - Setting next_dagrun for example_branch_labels to 2023-05-26T00:00:00+00:00, run_after=2023-05-27T00:00:00+00:00
[2023-05-26 22:03:57,956] {processor.py:161} INFO - Processing /home/raf/pipeline-transform/.venv/lib/python3.9/site-packages/airflow/example_dags/example_branch_labels.py took 0.060 seconds
[2023-05-26 22:04:31,788] {processor.py:153} INFO - Started process (PID=26321) to work on /home/raf/pipeline-transform/.venv/lib/python3.9/site-packages/airflow/example_dags/example_branch_labels.py
[2023-05-26 22:04:31,791] {processor.py:641} INFO - Processing file /home/raf/pipeline-transform/.venv/lib/python3.9/site-packages/airflow/example_dags/example_branch_labels.py for tasks to queue
[2023-05-26 22:04:31,791] {logging_mixin.py:115} INFO - [2023-05-26 22:04:31,791] {dagbag.py:507} INFO - Filling up the DagBag from /home/raf/pipeline-transform/.venv/lib/python3.9/site-packages/airflow/example_dags/example_branch_labels.py
[2023-05-26 22:04:31,799] {processor.py:651} INFO - DAG(s) dict_keys(['example_branch_labels']) retrieved from /home/raf/pipeline-transform/.venv/lib/python3.9/site-packages/airflow/example_dags/example_branch_labels.py
[2023-05-26 22:04:31,817] {logging_mixin.py:115} INFO - [2023-05-26 22:04:31,817] {dag.py:2379} INFO - Sync 1 DAGs
[2023-05-26 22:04:31,836] {logging_mixin.py:115} INFO - [2023-05-26 22:04:31,836] {dag.py:2927} INFO - Setting next_dagrun for example_branch_labels to 2023-05-26T00:00:00+00:00, run_after=2023-05-27T00:00:00+00:00
[2023-05-26 22:04:31,854] {processor.py:161} INFO - Processing /home/raf/pipeline-transform/.venv/lib/python3.9/site-packages/airflow/example_dags/example_branch_labels.py took 0.069 seconds
[2023-05-26 22:05:06,293] {processor.py:153} INFO - Started process (PID=26659) to work on /home/raf/pipeline-transform/.venv/lib/python3.9/site-packages/airflow/example_dags/example_branch_labels.py
[2023-05-26 22:05:06,301] {processor.py:641} INFO - Processing file /home/raf/pipeline-transform/.venv/lib/python3.9/site-packages/airflow/example_dags/example_branch_labels.py for tasks to queue
[2023-05-26 22:05:06,302] {logging_mixin.py:115} INFO - [2023-05-26 22:05:06,302] {dagbag.py:507} INFO - Filling up the DagBag from /home/raf/pipeline-transform/.venv/lib/python3.9/site-packages/airflow/example_dags/example_branch_labels.py
[2023-05-26 22:05:06,307] {processor.py:651} INFO - DAG(s) dict_keys(['example_branch_labels']) retrieved from /home/raf/pipeline-transform/.venv/lib/python3.9/site-packages/airflow/example_dags/example_branch_labels.py
[2023-05-26 22:05:06,320] {logging_mixin.py:115} INFO - [2023-05-26 22:05:06,320] {dag.py:2379} INFO - Sync 1 DAGs
[2023-05-26 22:05:06,335] {logging_mixin.py:115} INFO - [2023-05-26 22:05:06,335] {dag.py:2927} INFO - Setting next_dagrun for example_branch_labels to 2023-05-26T00:00:00+00:00, run_after=2023-05-27T00:00:00+00:00
[2023-05-26 22:05:06,354] {processor.py:161} INFO - Processing /home/raf/pipeline-transform/.venv/lib/python3.9/site-packages/airflow/example_dags/example_branch_labels.py took 0.063 seconds
[2023-05-26 22:05:41,510] {processor.py:153} INFO - Started process (PID=26912) to work on /home/raf/pipeline-transform/.venv/lib/python3.9/site-packages/airflow/example_dags/example_branch_labels.py
[2023-05-26 22:05:41,514] {processor.py:641} INFO - Processing file /home/raf/pipeline-transform/.venv/lib/python3.9/site-packages/airflow/example_dags/example_branch_labels.py for tasks to queue
[2023-05-26 22:05:41,515] {logging_mixin.py:115} INFO - [2023-05-26 22:05:41,515] {dagbag.py:507} INFO - Filling up the DagBag from /home/raf/pipeline-transform/.venv/lib/python3.9/site-packages/airflow/example_dags/example_branch_labels.py
[2023-05-26 22:05:41,520] {processor.py:651} INFO - DAG(s) dict_keys(['example_branch_labels']) retrieved from /home/raf/pipeline-transform/.venv/lib/python3.9/site-packages/airflow/example_dags/example_branch_labels.py
[2023-05-26 22:05:41,535] {logging_mixin.py:115} INFO - [2023-05-26 22:05:41,535] {dag.py:2379} INFO - Sync 1 DAGs
[2023-05-26 22:05:41,551] {logging_mixin.py:115} INFO - [2023-05-26 22:05:41,551] {dag.py:2927} INFO - Setting next_dagrun for example_branch_labels to 2023-05-26T00:00:00+00:00, run_after=2023-05-27T00:00:00+00:00
[2023-05-26 22:05:41,570] {processor.py:161} INFO - Processing /home/raf/pipeline-transform/.venv/lib/python3.9/site-packages/airflow/example_dags/example_branch_labels.py took 0.061 seconds
[2023-05-26 22:06:17,019] {processor.py:153} INFO - Started process (PID=27009) to work on /home/raf/pipeline-transform/.venv/lib/python3.9/site-packages/airflow/example_dags/example_branch_labels.py
[2023-05-26 22:06:17,030] {processor.py:641} INFO - Processing file /home/raf/pipeline-transform/.venv/lib/python3.9/site-packages/airflow/example_dags/example_branch_labels.py for tasks to queue
[2023-05-26 22:06:17,030] {logging_mixin.py:115} INFO - [2023-05-26 22:06:17,030] {dagbag.py:507} INFO - Filling up the DagBag from /home/raf/pipeline-transform/.venv/lib/python3.9/site-packages/airflow/example_dags/example_branch_labels.py
[2023-05-26 22:06:17,036] {processor.py:651} INFO - DAG(s) dict_keys(['example_branch_labels']) retrieved from /home/raf/pipeline-transform/.venv/lib/python3.9/site-packages/airflow/example_dags/example_branch_labels.py
[2023-05-26 22:06:17,055] {logging_mixin.py:115} INFO - [2023-05-26 22:06:17,055] {dag.py:2379} INFO - Sync 1 DAGs
[2023-05-26 22:06:17,074] {logging_mixin.py:115} INFO - [2023-05-26 22:06:17,074] {dag.py:2927} INFO - Setting next_dagrun for example_branch_labels to 2023-05-26T00:00:00+00:00, run_after=2023-05-27T00:00:00+00:00
[2023-05-26 22:06:17,091] {processor.py:161} INFO - Processing /home/raf/pipeline-transform/.venv/lib/python3.9/site-packages/airflow/example_dags/example_branch_labels.py took 0.074 seconds
[2023-05-26 22:06:52,527] {processor.py:153} INFO - Started process (PID=27205) to work on /home/raf/pipeline-transform/.venv/lib/python3.9/site-packages/airflow/example_dags/example_branch_labels.py
[2023-05-26 22:06:52,538] {processor.py:641} INFO - Processing file /home/raf/pipeline-transform/.venv/lib/python3.9/site-packages/airflow/example_dags/example_branch_labels.py for tasks to queue
[2023-05-26 22:06:52,539] {logging_mixin.py:115} INFO - [2023-05-26 22:06:52,539] {dagbag.py:507} INFO - Filling up the DagBag from /home/raf/pipeline-transform/.venv/lib/python3.9/site-packages/airflow/example_dags/example_branch_labels.py
[2023-05-26 22:06:52,544] {processor.py:651} INFO - DAG(s) dict_keys(['example_branch_labels']) retrieved from /home/raf/pipeline-transform/.venv/lib/python3.9/site-packages/airflow/example_dags/example_branch_labels.py
[2023-05-26 22:06:52,557] {logging_mixin.py:115} INFO - [2023-05-26 22:06:52,556] {dag.py:2379} INFO - Sync 1 DAGs
[2023-05-26 22:06:52,572] {logging_mixin.py:115} INFO - [2023-05-26 22:06:52,571] {dag.py:2927} INFO - Setting next_dagrun for example_branch_labels to 2023-05-26T00:00:00+00:00, run_after=2023-05-27T00:00:00+00:00
[2023-05-26 22:06:52,589] {processor.py:161} INFO - Processing /home/raf/pipeline-transform/.venv/lib/python3.9/site-packages/airflow/example_dags/example_branch_labels.py took 0.064 seconds
[2023-05-26 22:07:27,704] {processor.py:153} INFO - Started process (PID=27292) to work on /home/raf/pipeline-transform/.venv/lib/python3.9/site-packages/airflow/example_dags/example_branch_labels.py
[2023-05-26 22:07:27,717] {processor.py:641} INFO - Processing file /home/raf/pipeline-transform/.venv/lib/python3.9/site-packages/airflow/example_dags/example_branch_labels.py for tasks to queue
[2023-05-26 22:07:27,718] {logging_mixin.py:115} INFO - [2023-05-26 22:07:27,718] {dagbag.py:507} INFO - Filling up the DagBag from /home/raf/pipeline-transform/.venv/lib/python3.9/site-packages/airflow/example_dags/example_branch_labels.py
[2023-05-26 22:07:27,723] {processor.py:651} INFO - DAG(s) dict_keys(['example_branch_labels']) retrieved from /home/raf/pipeline-transform/.venv/lib/python3.9/site-packages/airflow/example_dags/example_branch_labels.py
[2023-05-26 22:07:27,736] {logging_mixin.py:115} INFO - [2023-05-26 22:07:27,736] {dag.py:2379} INFO - Sync 1 DAGs
[2023-05-26 22:07:27,752] {logging_mixin.py:115} INFO - [2023-05-26 22:07:27,752] {dag.py:2927} INFO - Setting next_dagrun for example_branch_labels to 2023-05-26T00:00:00+00:00, run_after=2023-05-27T00:00:00+00:00
[2023-05-26 22:07:27,770] {processor.py:161} INFO - Processing /home/raf/pipeline-transform/.venv/lib/python3.9/site-packages/airflow/example_dags/example_branch_labels.py took 0.069 seconds
[2023-05-26 22:07:58,876] {processor.py:153} INFO - Started process (PID=27369) to work on /home/raf/pipeline-transform/.venv/lib/python3.9/site-packages/airflow/example_dags/example_branch_labels.py
[2023-05-26 22:07:58,876] {processor.py:641} INFO - Processing file /home/raf/pipeline-transform/.venv/lib/python3.9/site-packages/airflow/example_dags/example_branch_labels.py for tasks to queue
[2023-05-26 22:07:58,877] {logging_mixin.py:115} INFO - [2023-05-26 22:07:58,877] {dagbag.py:507} INFO - Filling up the DagBag from /home/raf/pipeline-transform/.venv/lib/python3.9/site-packages/airflow/example_dags/example_branch_labels.py
[2023-05-26 22:07:58,884] {processor.py:651} INFO - DAG(s) dict_keys(['example_branch_labels']) retrieved from /home/raf/pipeline-transform/.venv/lib/python3.9/site-packages/airflow/example_dags/example_branch_labels.py
[2023-05-26 22:07:58,897] {logging_mixin.py:115} INFO - [2023-05-26 22:07:58,897] {dag.py:2379} INFO - Sync 1 DAGs
[2023-05-26 22:07:58,912] {logging_mixin.py:115} INFO - [2023-05-26 22:07:58,912] {dag.py:2927} INFO - Setting next_dagrun for example_branch_labels to 2023-05-26T00:00:00+00:00, run_after=2023-05-27T00:00:00+00:00
[2023-05-26 22:07:58,943] {processor.py:161} INFO - Processing /home/raf/pipeline-transform/.venv/lib/python3.9/site-packages/airflow/example_dags/example_branch_labels.py took 0.070 seconds
[2023-05-26 22:08:29,622] {processor.py:153} INFO - Started process (PID=27500) to work on /home/raf/pipeline-transform/.venv/lib/python3.9/site-packages/airflow/example_dags/example_branch_labels.py
[2023-05-26 22:08:29,636] {processor.py:641} INFO - Processing file /home/raf/pipeline-transform/.venv/lib/python3.9/site-packages/airflow/example_dags/example_branch_labels.py for tasks to queue
[2023-05-26 22:08:29,637] {logging_mixin.py:115} INFO - [2023-05-26 22:08:29,637] {dagbag.py:507} INFO - Filling up the DagBag from /home/raf/pipeline-transform/.venv/lib/python3.9/site-packages/airflow/example_dags/example_branch_labels.py
[2023-05-26 22:08:29,642] {processor.py:651} INFO - DAG(s) dict_keys(['example_branch_labels']) retrieved from /home/raf/pipeline-transform/.venv/lib/python3.9/site-packages/airflow/example_dags/example_branch_labels.py
[2023-05-26 22:08:29,656] {logging_mixin.py:115} INFO - [2023-05-26 22:08:29,656] {dag.py:2379} INFO - Sync 1 DAGs
[2023-05-26 22:08:29,672] {logging_mixin.py:115} INFO - [2023-05-26 22:08:29,672] {dag.py:2927} INFO - Setting next_dagrun for example_branch_labels to 2023-05-26T00:00:00+00:00, run_after=2023-05-27T00:00:00+00:00
[2023-05-26 22:08:29,691] {processor.py:161} INFO - Processing /home/raf/pipeline-transform/.venv/lib/python3.9/site-packages/airflow/example_dags/example_branch_labels.py took 0.072 seconds
[2023-05-26 22:09:02,541] {processor.py:153} INFO - Started process (PID=27584) to work on /home/raf/pipeline-transform/.venv/lib/python3.9/site-packages/airflow/example_dags/example_branch_labels.py
[2023-05-26 22:09:02,541] {processor.py:641} INFO - Processing file /home/raf/pipeline-transform/.venv/lib/python3.9/site-packages/airflow/example_dags/example_branch_labels.py for tasks to queue
[2023-05-26 22:09:02,542] {logging_mixin.py:115} INFO - [2023-05-26 22:09:02,542] {dagbag.py:507} INFO - Filling up the DagBag from /home/raf/pipeline-transform/.venv/lib/python3.9/site-packages/airflow/example_dags/example_branch_labels.py
[2023-05-26 22:09:02,547] {processor.py:651} INFO - DAG(s) dict_keys(['example_branch_labels']) retrieved from /home/raf/pipeline-transform/.venv/lib/python3.9/site-packages/airflow/example_dags/example_branch_labels.py
[2023-05-26 22:09:02,563] {logging_mixin.py:115} INFO - [2023-05-26 22:09:02,563] {dag.py:2379} INFO - Sync 1 DAGs
[2023-05-26 22:09:02,581] {logging_mixin.py:115} INFO - [2023-05-26 22:09:02,581] {dag.py:2927} INFO - Setting next_dagrun for example_branch_labels to 2023-05-26T00:00:00+00:00, run_after=2023-05-27T00:00:00+00:00
[2023-05-26 22:09:02,615] {processor.py:161} INFO - Processing /home/raf/pipeline-transform/.venv/lib/python3.9/site-packages/airflow/example_dags/example_branch_labels.py took 0.077 seconds
[2023-05-26 22:09:37,828] {processor.py:153} INFO - Started process (PID=27774) to work on /home/raf/pipeline-transform/.venv/lib/python3.9/site-packages/airflow/example_dags/example_branch_labels.py
[2023-05-26 22:09:37,849] {processor.py:641} INFO - Processing file /home/raf/pipeline-transform/.venv/lib/python3.9/site-packages/airflow/example_dags/example_branch_labels.py for tasks to queue
[2023-05-26 22:09:37,850] {logging_mixin.py:115} INFO - [2023-05-26 22:09:37,850] {dagbag.py:507} INFO - Filling up the DagBag from /home/raf/pipeline-transform/.venv/lib/python3.9/site-packages/airflow/example_dags/example_branch_labels.py
[2023-05-26 22:09:37,854] {processor.py:651} INFO - DAG(s) dict_keys(['example_branch_labels']) retrieved from /home/raf/pipeline-transform/.venv/lib/python3.9/site-packages/airflow/example_dags/example_branch_labels.py
[2023-05-26 22:09:37,868] {logging_mixin.py:115} INFO - [2023-05-26 22:09:37,868] {dag.py:2379} INFO - Sync 1 DAGs
[2023-05-26 22:09:37,884] {logging_mixin.py:115} INFO - [2023-05-26 22:09:37,884] {dag.py:2927} INFO - Setting next_dagrun for example_branch_labels to 2023-05-26T00:00:00+00:00, run_after=2023-05-27T00:00:00+00:00
[2023-05-26 22:09:37,903] {processor.py:161} INFO - Processing /home/raf/pipeline-transform/.venv/lib/python3.9/site-packages/airflow/example_dags/example_branch_labels.py took 0.077 seconds
[2023-05-26 22:10:09,767] {processor.py:153} INFO - Started process (PID=27852) to work on /home/raf/pipeline-transform/.venv/lib/python3.9/site-packages/airflow/example_dags/example_branch_labels.py
[2023-05-26 22:10:09,788] {processor.py:641} INFO - Processing file /home/raf/pipeline-transform/.venv/lib/python3.9/site-packages/airflow/example_dags/example_branch_labels.py for tasks to queue
[2023-05-26 22:10:09,789] {logging_mixin.py:115} INFO - [2023-05-26 22:10:09,789] {dagbag.py:507} INFO - Filling up the DagBag from /home/raf/pipeline-transform/.venv/lib/python3.9/site-packages/airflow/example_dags/example_branch_labels.py
[2023-05-26 22:10:09,796] {processor.py:651} INFO - DAG(s) dict_keys(['example_branch_labels']) retrieved from /home/raf/pipeline-transform/.venv/lib/python3.9/site-packages/airflow/example_dags/example_branch_labels.py
[2023-05-26 22:10:09,812] {logging_mixin.py:115} INFO - [2023-05-26 22:10:09,812] {dag.py:2379} INFO - Sync 1 DAGs
[2023-05-26 22:10:09,829] {logging_mixin.py:115} INFO - [2023-05-26 22:10:09,829] {dag.py:2927} INFO - Setting next_dagrun for example_branch_labels to 2023-05-26T00:00:00+00:00, run_after=2023-05-27T00:00:00+00:00
[2023-05-26 22:10:09,848] {processor.py:161} INFO - Processing /home/raf/pipeline-transform/.venv/lib/python3.9/site-packages/airflow/example_dags/example_branch_labels.py took 0.084 seconds
[2023-05-26 22:10:44,632] {processor.py:153} INFO - Started process (PID=27938) to work on /home/raf/pipeline-transform/.venv/lib/python3.9/site-packages/airflow/example_dags/example_branch_labels.py
[2023-05-26 22:10:44,654] {processor.py:641} INFO - Processing file /home/raf/pipeline-transform/.venv/lib/python3.9/site-packages/airflow/example_dags/example_branch_labels.py for tasks to queue
[2023-05-26 22:10:44,655] {logging_mixin.py:115} INFO - [2023-05-26 22:10:44,654] {dagbag.py:507} INFO - Filling up the DagBag from /home/raf/pipeline-transform/.venv/lib/python3.9/site-packages/airflow/example_dags/example_branch_labels.py
[2023-05-26 22:10:44,659] {processor.py:651} INFO - DAG(s) dict_keys(['example_branch_labels']) retrieved from /home/raf/pipeline-transform/.venv/lib/python3.9/site-packages/airflow/example_dags/example_branch_labels.py
[2023-05-26 22:10:44,672] {logging_mixin.py:115} INFO - [2023-05-26 22:10:44,672] {dag.py:2379} INFO - Sync 1 DAGs
[2023-05-26 22:10:44,688] {logging_mixin.py:115} INFO - [2023-05-26 22:10:44,688] {dag.py:2927} INFO - Setting next_dagrun for example_branch_labels to 2023-05-26T00:00:00+00:00, run_after=2023-05-27T00:00:00+00:00
[2023-05-26 22:10:44,708] {processor.py:161} INFO - Processing /home/raf/pipeline-transform/.venv/lib/python3.9/site-packages/airflow/example_dags/example_branch_labels.py took 0.078 seconds
[2023-05-26 22:11:18,697] {processor.py:153} INFO - Started process (PID=28024) to work on /home/raf/pipeline-transform/.venv/lib/python3.9/site-packages/airflow/example_dags/example_branch_labels.py
[2023-05-26 22:11:18,697] {processor.py:641} INFO - Processing file /home/raf/pipeline-transform/.venv/lib/python3.9/site-packages/airflow/example_dags/example_branch_labels.py for tasks to queue
[2023-05-26 22:11:18,698] {logging_mixin.py:115} INFO - [2023-05-26 22:11:18,698] {dagbag.py:507} INFO - Filling up the DagBag from /home/raf/pipeline-transform/.venv/lib/python3.9/site-packages/airflow/example_dags/example_branch_labels.py
[2023-05-26 22:11:18,703] {processor.py:651} INFO - DAG(s) dict_keys(['example_branch_labels']) retrieved from /home/raf/pipeline-transform/.venv/lib/python3.9/site-packages/airflow/example_dags/example_branch_labels.py
[2023-05-26 22:11:18,717] {logging_mixin.py:115} INFO - [2023-05-26 22:11:18,717] {dag.py:2379} INFO - Sync 1 DAGs
[2023-05-26 22:11:18,733] {logging_mixin.py:115} INFO - [2023-05-26 22:11:18,733] {dag.py:2927} INFO - Setting next_dagrun for example_branch_labels to 2023-05-26T00:00:00+00:00, run_after=2023-05-27T00:00:00+00:00
[2023-05-26 22:11:18,762] {processor.py:161} INFO - Processing /home/raf/pipeline-transform/.venv/lib/python3.9/site-packages/airflow/example_dags/example_branch_labels.py took 0.068 seconds
[2023-05-26 22:11:52,404] {processor.py:153} INFO - Started process (PID=28115) to work on /home/raf/pipeline-transform/.venv/lib/python3.9/site-packages/airflow/example_dags/example_branch_labels.py
[2023-05-26 22:11:52,409] {processor.py:641} INFO - Processing file /home/raf/pipeline-transform/.venv/lib/python3.9/site-packages/airflow/example_dags/example_branch_labels.py for tasks to queue
[2023-05-26 22:11:52,409] {logging_mixin.py:115} INFO - [2023-05-26 22:11:52,409] {dagbag.py:507} INFO - Filling up the DagBag from /home/raf/pipeline-transform/.venv/lib/python3.9/site-packages/airflow/example_dags/example_branch_labels.py
[2023-05-26 22:11:52,414] {processor.py:651} INFO - DAG(s) dict_keys(['example_branch_labels']) retrieved from /home/raf/pipeline-transform/.venv/lib/python3.9/site-packages/airflow/example_dags/example_branch_labels.py
[2023-05-26 22:11:52,428] {logging_mixin.py:115} INFO - [2023-05-26 22:11:52,428] {dag.py:2379} INFO - Sync 1 DAGs
[2023-05-26 22:11:52,444] {logging_mixin.py:115} INFO - [2023-05-26 22:11:52,444] {dag.py:2927} INFO - Setting next_dagrun for example_branch_labels to 2023-05-26T00:00:00+00:00, run_after=2023-05-27T00:00:00+00:00
[2023-05-26 22:11:52,462] {processor.py:161} INFO - Processing /home/raf/pipeline-transform/.venv/lib/python3.9/site-packages/airflow/example_dags/example_branch_labels.py took 0.061 seconds
[2023-05-26 22:12:27,568] {processor.py:153} INFO - Started process (PID=28333) to work on /home/raf/pipeline-transform/.venv/lib/python3.9/site-packages/airflow/example_dags/example_branch_labels.py
[2023-05-26 22:12:27,573] {processor.py:641} INFO - Processing file /home/raf/pipeline-transform/.venv/lib/python3.9/site-packages/airflow/example_dags/example_branch_labels.py for tasks to queue
[2023-05-26 22:12:27,574] {logging_mixin.py:115} INFO - [2023-05-26 22:12:27,573] {dagbag.py:507} INFO - Filling up the DagBag from /home/raf/pipeline-transform/.venv/lib/python3.9/site-packages/airflow/example_dags/example_branch_labels.py
[2023-05-26 22:12:27,579] {processor.py:651} INFO - DAG(s) dict_keys(['example_branch_labels']) retrieved from /home/raf/pipeline-transform/.venv/lib/python3.9/site-packages/airflow/example_dags/example_branch_labels.py
[2023-05-26 22:12:27,596] {logging_mixin.py:115} INFO - [2023-05-26 22:12:27,596] {dag.py:2379} INFO - Sync 1 DAGs
[2023-05-26 22:12:27,616] {logging_mixin.py:115} INFO - [2023-05-26 22:12:27,616] {dag.py:2927} INFO - Setting next_dagrun for example_branch_labels to 2023-05-26T00:00:00+00:00, run_after=2023-05-27T00:00:00+00:00
[2023-05-26 22:12:27,634] {processor.py:161} INFO - Processing /home/raf/pipeline-transform/.venv/lib/python3.9/site-packages/airflow/example_dags/example_branch_labels.py took 0.069 seconds
[2023-05-26 22:13:00,395] {processor.py:153} INFO - Started process (PID=28443) to work on /home/raf/pipeline-transform/.venv/lib/python3.9/site-packages/airflow/example_dags/example_branch_labels.py
[2023-05-26 22:13:00,402] {processor.py:641} INFO - Processing file /home/raf/pipeline-transform/.venv/lib/python3.9/site-packages/airflow/example_dags/example_branch_labels.py for tasks to queue
[2023-05-26 22:13:00,402] {logging_mixin.py:115} INFO - [2023-05-26 22:13:00,402] {dagbag.py:507} INFO - Filling up the DagBag from /home/raf/pipeline-transform/.venv/lib/python3.9/site-packages/airflow/example_dags/example_branch_labels.py
[2023-05-26 22:13:00,407] {processor.py:651} INFO - DAG(s) dict_keys(['example_branch_labels']) retrieved from /home/raf/pipeline-transform/.venv/lib/python3.9/site-packages/airflow/example_dags/example_branch_labels.py
[2023-05-26 22:13:00,422] {logging_mixin.py:115} INFO - [2023-05-26 22:13:00,422] {dag.py:2379} INFO - Sync 1 DAGs
[2023-05-26 22:13:00,440] {logging_mixin.py:115} INFO - [2023-05-26 22:13:00,439] {dag.py:2927} INFO - Setting next_dagrun for example_branch_labels to 2023-05-26T00:00:00+00:00, run_after=2023-05-27T00:00:00+00:00
[2023-05-26 22:13:00,460] {processor.py:161} INFO - Processing /home/raf/pipeline-transform/.venv/lib/python3.9/site-packages/airflow/example_dags/example_branch_labels.py took 0.067 seconds
[2023-05-26 22:13:32,622] {processor.py:153} INFO - Started process (PID=28575) to work on /home/raf/pipeline-transform/.venv/lib/python3.9/site-packages/airflow/example_dags/example_branch_labels.py
[2023-05-26 22:13:32,623] {processor.py:641} INFO - Processing file /home/raf/pipeline-transform/.venv/lib/python3.9/site-packages/airflow/example_dags/example_branch_labels.py for tasks to queue
[2023-05-26 22:13:32,623] {logging_mixin.py:115} INFO - [2023-05-26 22:13:32,623] {dagbag.py:507} INFO - Filling up the DagBag from /home/raf/pipeline-transform/.venv/lib/python3.9/site-packages/airflow/example_dags/example_branch_labels.py
[2023-05-26 22:13:32,630] {processor.py:651} INFO - DAG(s) dict_keys(['example_branch_labels']) retrieved from /home/raf/pipeline-transform/.venv/lib/python3.9/site-packages/airflow/example_dags/example_branch_labels.py
[2023-05-26 22:13:32,645] {logging_mixin.py:115} INFO - [2023-05-26 22:13:32,645] {dag.py:2379} INFO - Sync 1 DAGs
[2023-05-26 22:13:32,663] {logging_mixin.py:115} INFO - [2023-05-26 22:13:32,663] {dag.py:2927} INFO - Setting next_dagrun for example_branch_labels to 2023-05-26T00:00:00+00:00, run_after=2023-05-27T00:00:00+00:00
[2023-05-26 22:13:32,696] {processor.py:161} INFO - Processing /home/raf/pipeline-transform/.venv/lib/python3.9/site-packages/airflow/example_dags/example_branch_labels.py took 0.077 seconds
[2023-05-26 22:14:06,678] {processor.py:153} INFO - Started process (PID=28661) to work on /home/raf/pipeline-transform/.venv/lib/python3.9/site-packages/airflow/example_dags/example_branch_labels.py
[2023-05-26 22:14:06,681] {processor.py:641} INFO - Processing file /home/raf/pipeline-transform/.venv/lib/python3.9/site-packages/airflow/example_dags/example_branch_labels.py for tasks to queue
[2023-05-26 22:14:06,681] {logging_mixin.py:115} INFO - [2023-05-26 22:14:06,681] {dagbag.py:507} INFO - Filling up the DagBag from /home/raf/pipeline-transform/.venv/lib/python3.9/site-packages/airflow/example_dags/example_branch_labels.py
[2023-05-26 22:14:06,686] {processor.py:651} INFO - DAG(s) dict_keys(['example_branch_labels']) retrieved from /home/raf/pipeline-transform/.venv/lib/python3.9/site-packages/airflow/example_dags/example_branch_labels.py
[2023-05-26 22:14:06,701] {logging_mixin.py:115} INFO - [2023-05-26 22:14:06,701] {dag.py:2379} INFO - Sync 1 DAGs
[2023-05-26 22:14:06,722] {logging_mixin.py:115} INFO - [2023-05-26 22:14:06,722] {dag.py:2927} INFO - Setting next_dagrun for example_branch_labels to 2023-05-26T00:00:00+00:00, run_after=2023-05-27T00:00:00+00:00
[2023-05-26 22:14:06,741] {processor.py:161} INFO - Processing /home/raf/pipeline-transform/.venv/lib/python3.9/site-packages/airflow/example_dags/example_branch_labels.py took 0.065 seconds
[2023-05-26 22:14:37,615] {processor.py:153} INFO - Started process (PID=28738) to work on /home/raf/pipeline-transform/.venv/lib/python3.9/site-packages/airflow/example_dags/example_branch_labels.py
[2023-05-26 22:14:37,615] {processor.py:641} INFO - Processing file /home/raf/pipeline-transform/.venv/lib/python3.9/site-packages/airflow/example_dags/example_branch_labels.py for tasks to queue
[2023-05-26 22:14:37,616] {logging_mixin.py:115} INFO - [2023-05-26 22:14:37,616] {dagbag.py:507} INFO - Filling up the DagBag from /home/raf/pipeline-transform/.venv/lib/python3.9/site-packages/airflow/example_dags/example_branch_labels.py
[2023-05-26 22:14:37,620] {processor.py:651} INFO - DAG(s) dict_keys(['example_branch_labels']) retrieved from /home/raf/pipeline-transform/.venv/lib/python3.9/site-packages/airflow/example_dags/example_branch_labels.py
[2023-05-26 22:14:37,634] {logging_mixin.py:115} INFO - [2023-05-26 22:14:37,634] {dag.py:2379} INFO - Sync 1 DAGs
[2023-05-26 22:14:37,650] {logging_mixin.py:115} INFO - [2023-05-26 22:14:37,650] {dag.py:2927} INFO - Setting next_dagrun for example_branch_labels to 2023-05-26T00:00:00+00:00, run_after=2023-05-27T00:00:00+00:00
[2023-05-26 22:14:37,679] {processor.py:161} INFO - Processing /home/raf/pipeline-transform/.venv/lib/python3.9/site-packages/airflow/example_dags/example_branch_labels.py took 0.067 seconds
[2023-05-26 22:15:13,754] {processor.py:153} INFO - Started process (PID=28828) to work on /home/raf/pipeline-transform/.venv/lib/python3.9/site-packages/airflow/example_dags/example_branch_labels.py
[2023-05-26 22:15:13,775] {processor.py:641} INFO - Processing file /home/raf/pipeline-transform/.venv/lib/python3.9/site-packages/airflow/example_dags/example_branch_labels.py for tasks to queue
[2023-05-26 22:15:13,775] {logging_mixin.py:115} INFO - [2023-05-26 22:15:13,775] {dagbag.py:507} INFO - Filling up the DagBag from /home/raf/pipeline-transform/.venv/lib/python3.9/site-packages/airflow/example_dags/example_branch_labels.py
[2023-05-26 22:15:13,782] {processor.py:651} INFO - DAG(s) dict_keys(['example_branch_labels']) retrieved from /home/raf/pipeline-transform/.venv/lib/python3.9/site-packages/airflow/example_dags/example_branch_labels.py
[2023-05-26 22:15:13,800] {logging_mixin.py:115} INFO - [2023-05-26 22:15:13,800] {dag.py:2379} INFO - Sync 1 DAGs
[2023-05-26 22:15:13,824] {logging_mixin.py:115} INFO - [2023-05-26 22:15:13,824] {dag.py:2927} INFO - Setting next_dagrun for example_branch_labels to 2023-05-26T00:00:00+00:00, run_after=2023-05-27T00:00:00+00:00
[2023-05-26 22:15:13,841] {processor.py:161} INFO - Processing /home/raf/pipeline-transform/.venv/lib/python3.9/site-packages/airflow/example_dags/example_branch_labels.py took 0.090 seconds
[2023-05-26 22:15:45,030] {processor.py:153} INFO - Started process (PID=28905) to work on /home/raf/pipeline-transform/.venv/lib/python3.9/site-packages/airflow/example_dags/example_branch_labels.py
[2023-05-26 22:15:45,030] {processor.py:641} INFO - Processing file /home/raf/pipeline-transform/.venv/lib/python3.9/site-packages/airflow/example_dags/example_branch_labels.py for tasks to queue
[2023-05-26 22:15:45,030] {logging_mixin.py:115} INFO - [2023-05-26 22:15:45,030] {dagbag.py:507} INFO - Filling up the DagBag from /home/raf/pipeline-transform/.venv/lib/python3.9/site-packages/airflow/example_dags/example_branch_labels.py
[2023-05-26 22:15:45,035] {processor.py:651} INFO - DAG(s) dict_keys(['example_branch_labels']) retrieved from /home/raf/pipeline-transform/.venv/lib/python3.9/site-packages/airflow/example_dags/example_branch_labels.py
[2023-05-26 22:15:45,049] {logging_mixin.py:115} INFO - [2023-05-26 22:15:45,048] {dag.py:2379} INFO - Sync 1 DAGs
[2023-05-26 22:15:45,064] {logging_mixin.py:115} INFO - [2023-05-26 22:15:45,064] {dag.py:2927} INFO - Setting next_dagrun for example_branch_labels to 2023-05-26T00:00:00+00:00, run_after=2023-05-27T00:00:00+00:00
[2023-05-26 22:15:45,082] {processor.py:161} INFO - Processing /home/raf/pipeline-transform/.venv/lib/python3.9/site-packages/airflow/example_dags/example_branch_labels.py took 0.055 seconds
[2023-05-26 22:16:16,468] {processor.py:153} INFO - Started process (PID=28982) to work on /home/raf/pipeline-transform/.venv/lib/python3.9/site-packages/airflow/example_dags/example_branch_labels.py
[2023-05-26 22:16:16,492] {processor.py:641} INFO - Processing file /home/raf/pipeline-transform/.venv/lib/python3.9/site-packages/airflow/example_dags/example_branch_labels.py for tasks to queue
[2023-05-26 22:16:16,492] {logging_mixin.py:115} INFO - [2023-05-26 22:16:16,492] {dagbag.py:507} INFO - Filling up the DagBag from /home/raf/pipeline-transform/.venv/lib/python3.9/site-packages/airflow/example_dags/example_branch_labels.py
[2023-05-26 22:16:16,497] {processor.py:651} INFO - DAG(s) dict_keys(['example_branch_labels']) retrieved from /home/raf/pipeline-transform/.venv/lib/python3.9/site-packages/airflow/example_dags/example_branch_labels.py
[2023-05-26 22:16:16,511] {logging_mixin.py:115} INFO - [2023-05-26 22:16:16,511] {dag.py:2379} INFO - Sync 1 DAGs
[2023-05-26 22:16:16,527] {logging_mixin.py:115} INFO - [2023-05-26 22:16:16,527] {dag.py:2927} INFO - Setting next_dagrun for example_branch_labels to 2023-05-26T00:00:00+00:00, run_after=2023-05-27T00:00:00+00:00
[2023-05-26 22:16:16,545] {processor.py:161} INFO - Processing /home/raf/pipeline-transform/.venv/lib/python3.9/site-packages/airflow/example_dags/example_branch_labels.py took 0.079 seconds
[2023-05-26 22:16:49,553] {processor.py:153} INFO - Started process (PID=29063) to work on /home/raf/pipeline-transform/.venv/lib/python3.9/site-packages/airflow/example_dags/example_branch_labels.py
[2023-05-26 22:16:49,554] {processor.py:641} INFO - Processing file /home/raf/pipeline-transform/.venv/lib/python3.9/site-packages/airflow/example_dags/example_branch_labels.py for tasks to queue
[2023-05-26 22:16:49,554] {logging_mixin.py:115} INFO - [2023-05-26 22:16:49,554] {dagbag.py:507} INFO - Filling up the DagBag from /home/raf/pipeline-transform/.venv/lib/python3.9/site-packages/airflow/example_dags/example_branch_labels.py
[2023-05-26 22:16:49,559] {processor.py:651} INFO - DAG(s) dict_keys(['example_branch_labels']) retrieved from /home/raf/pipeline-transform/.venv/lib/python3.9/site-packages/airflow/example_dags/example_branch_labels.py
[2023-05-26 22:16:49,573] {logging_mixin.py:115} INFO - [2023-05-26 22:16:49,573] {dag.py:2379} INFO - Sync 1 DAGs
[2023-05-26 22:16:49,588] {logging_mixin.py:115} INFO - [2023-05-26 22:16:49,588] {dag.py:2927} INFO - Setting next_dagrun for example_branch_labels to 2023-05-26T00:00:00+00:00, run_after=2023-05-27T00:00:00+00:00
[2023-05-26 22:16:49,604] {processor.py:161} INFO - Processing /home/raf/pipeline-transform/.venv/lib/python3.9/site-packages/airflow/example_dags/example_branch_labels.py took 0.054 seconds
[2023-05-26 22:17:23,248] {processor.py:153} INFO - Started process (PID=29149) to work on /home/raf/pipeline-transform/.venv/lib/python3.9/site-packages/airflow/example_dags/example_branch_labels.py
[2023-05-26 22:17:23,274] {processor.py:641} INFO - Processing file /home/raf/pipeline-transform/.venv/lib/python3.9/site-packages/airflow/example_dags/example_branch_labels.py for tasks to queue
[2023-05-26 22:17:23,274] {logging_mixin.py:115} INFO - [2023-05-26 22:17:23,274] {dagbag.py:507} INFO - Filling up the DagBag from /home/raf/pipeline-transform/.venv/lib/python3.9/site-packages/airflow/example_dags/example_branch_labels.py
[2023-05-26 22:17:23,279] {processor.py:651} INFO - DAG(s) dict_keys(['example_branch_labels']) retrieved from /home/raf/pipeline-transform/.venv/lib/python3.9/site-packages/airflow/example_dags/example_branch_labels.py
[2023-05-26 22:17:23,293] {logging_mixin.py:115} INFO - [2023-05-26 22:17:23,293] {dag.py:2379} INFO - Sync 1 DAGs
[2023-05-26 22:17:23,309] {logging_mixin.py:115} INFO - [2023-05-26 22:17:23,309] {dag.py:2927} INFO - Setting next_dagrun for example_branch_labels to 2023-05-26T00:00:00+00:00, run_after=2023-05-27T00:00:00+00:00
[2023-05-26 22:17:23,328] {processor.py:161} INFO - Processing /home/raf/pipeline-transform/.venv/lib/python3.9/site-packages/airflow/example_dags/example_branch_labels.py took 0.082 seconds
[2023-05-26 22:17:54,435] {processor.py:153} INFO - Started process (PID=29225) to work on /home/raf/pipeline-transform/.venv/lib/python3.9/site-packages/airflow/example_dags/example_branch_labels.py
[2023-05-26 22:17:54,436] {processor.py:641} INFO - Processing file /home/raf/pipeline-transform/.venv/lib/python3.9/site-packages/airflow/example_dags/example_branch_labels.py for tasks to queue
[2023-05-26 22:17:54,437] {logging_mixin.py:115} INFO - [2023-05-26 22:17:54,436] {dagbag.py:507} INFO - Filling up the DagBag from /home/raf/pipeline-transform/.venv/lib/python3.9/site-packages/airflow/example_dags/example_branch_labels.py
[2023-05-26 22:17:54,443] {processor.py:651} INFO - DAG(s) dict_keys(['example_branch_labels']) retrieved from /home/raf/pipeline-transform/.venv/lib/python3.9/site-packages/airflow/example_dags/example_branch_labels.py
[2023-05-26 22:17:54,457] {logging_mixin.py:115} INFO - [2023-05-26 22:17:54,457] {dag.py:2379} INFO - Sync 1 DAGs
[2023-05-26 22:17:54,473] {logging_mixin.py:115} INFO - [2023-05-26 22:17:54,473] {dag.py:2927} INFO - Setting next_dagrun for example_branch_labels to 2023-05-26T00:00:00+00:00, run_after=2023-05-27T00:00:00+00:00
[2023-05-26 22:17:54,611] {processor.py:161} INFO - Processing /home/raf/pipeline-transform/.venv/lib/python3.9/site-packages/airflow/example_dags/example_branch_labels.py took 0.179 seconds
[2023-05-26 22:18:26,617] {processor.py:153} INFO - Started process (PID=29352) to work on /home/raf/pipeline-transform/.venv/lib/python3.9/site-packages/airflow/example_dags/example_branch_labels.py
[2023-05-26 22:18:26,622] {processor.py:641} INFO - Processing file /home/raf/pipeline-transform/.venv/lib/python3.9/site-packages/airflow/example_dags/example_branch_labels.py for tasks to queue
[2023-05-26 22:18:26,623] {logging_mixin.py:115} INFO - [2023-05-26 22:18:26,622] {dagbag.py:507} INFO - Filling up the DagBag from /home/raf/pipeline-transform/.venv/lib/python3.9/site-packages/airflow/example_dags/example_branch_labels.py
[2023-05-26 22:18:26,628] {processor.py:651} INFO - DAG(s) dict_keys(['example_branch_labels']) retrieved from /home/raf/pipeline-transform/.venv/lib/python3.9/site-packages/airflow/example_dags/example_branch_labels.py
[2023-05-26 22:18:26,643] {logging_mixin.py:115} INFO - [2023-05-26 22:18:26,643] {dag.py:2379} INFO - Sync 1 DAGs
[2023-05-26 22:18:26,661] {logging_mixin.py:115} INFO - [2023-05-26 22:18:26,661] {dag.py:2927} INFO - Setting next_dagrun for example_branch_labels to 2023-05-26T00:00:00+00:00, run_after=2023-05-27T00:00:00+00:00
[2023-05-26 22:18:26,683] {processor.py:161} INFO - Processing /home/raf/pipeline-transform/.venv/lib/python3.9/site-packages/airflow/example_dags/example_branch_labels.py took 0.069 seconds
[2023-05-26 22:19:01,560] {processor.py:153} INFO - Started process (PID=29450) to work on /home/raf/pipeline-transform/.venv/lib/python3.9/site-packages/airflow/example_dags/example_branch_labels.py
[2023-05-26 22:19:01,568] {processor.py:641} INFO - Processing file /home/raf/pipeline-transform/.venv/lib/python3.9/site-packages/airflow/example_dags/example_branch_labels.py for tasks to queue
[2023-05-26 22:19:01,569] {logging_mixin.py:115} INFO - [2023-05-26 22:19:01,569] {dagbag.py:507} INFO - Filling up the DagBag from /home/raf/pipeline-transform/.venv/lib/python3.9/site-packages/airflow/example_dags/example_branch_labels.py
[2023-05-26 22:19:01,574] {processor.py:651} INFO - DAG(s) dict_keys(['example_branch_labels']) retrieved from /home/raf/pipeline-transform/.venv/lib/python3.9/site-packages/airflow/example_dags/example_branch_labels.py
[2023-05-26 22:19:01,595] {logging_mixin.py:115} INFO - [2023-05-26 22:19:01,595] {dag.py:2379} INFO - Sync 1 DAGs
[2023-05-26 22:19:01,617] {logging_mixin.py:115} INFO - [2023-05-26 22:19:01,617] {dag.py:2927} INFO - Setting next_dagrun for example_branch_labels to 2023-05-26T00:00:00+00:00, run_after=2023-05-27T00:00:00+00:00
[2023-05-26 22:19:01,645] {processor.py:161} INFO - Processing /home/raf/pipeline-transform/.venv/lib/python3.9/site-packages/airflow/example_dags/example_branch_labels.py took 0.087 seconds
[2023-05-26 22:19:36,279] {processor.py:153} INFO - Started process (PID=29690) to work on /home/raf/pipeline-transform/.venv/lib/python3.9/site-packages/airflow/example_dags/example_branch_labels.py
[2023-05-26 22:19:36,288] {processor.py:641} INFO - Processing file /home/raf/pipeline-transform/.venv/lib/python3.9/site-packages/airflow/example_dags/example_branch_labels.py for tasks to queue
[2023-05-26 22:19:36,289] {logging_mixin.py:115} INFO - [2023-05-26 22:19:36,289] {dagbag.py:507} INFO - Filling up the DagBag from /home/raf/pipeline-transform/.venv/lib/python3.9/site-packages/airflow/example_dags/example_branch_labels.py
[2023-05-26 22:19:36,293] {processor.py:651} INFO - DAG(s) dict_keys(['example_branch_labels']) retrieved from /home/raf/pipeline-transform/.venv/lib/python3.9/site-packages/airflow/example_dags/example_branch_labels.py
[2023-05-26 22:19:36,307] {logging_mixin.py:115} INFO - [2023-05-26 22:19:36,307] {dag.py:2379} INFO - Sync 1 DAGs
[2023-05-26 22:19:36,323] {logging_mixin.py:115} INFO - [2023-05-26 22:19:36,323] {dag.py:2927} INFO - Setting next_dagrun for example_branch_labels to 2023-05-26T00:00:00+00:00, run_after=2023-05-27T00:00:00+00:00
[2023-05-26 22:19:36,344] {processor.py:161} INFO - Processing /home/raf/pipeline-transform/.venv/lib/python3.9/site-packages/airflow/example_dags/example_branch_labels.py took 0.067 seconds
[2023-05-26 22:20:23,196] {processor.py:153} INFO - Started process (PID=30054) to work on /home/raf/pipeline-transform/.venv/lib/python3.9/site-packages/airflow/example_dags/example_branch_labels.py
[2023-05-26 22:20:23,221] {processor.py:641} INFO - Processing file /home/raf/pipeline-transform/.venv/lib/python3.9/site-packages/airflow/example_dags/example_branch_labels.py for tasks to queue
[2023-05-26 22:20:23,221] {logging_mixin.py:115} INFO - [2023-05-26 22:20:23,221] {dagbag.py:507} INFO - Filling up the DagBag from /home/raf/pipeline-transform/.venv/lib/python3.9/site-packages/airflow/example_dags/example_branch_labels.py
[2023-05-26 22:20:23,226] {processor.py:651} INFO - DAG(s) dict_keys(['example_branch_labels']) retrieved from /home/raf/pipeline-transform/.venv/lib/python3.9/site-packages/airflow/example_dags/example_branch_labels.py
[2023-05-26 22:20:23,243] {logging_mixin.py:115} INFO - [2023-05-26 22:20:23,243] {dag.py:2379} INFO - Sync 1 DAGs
[2023-05-26 22:20:23,266] {logging_mixin.py:115} INFO - [2023-05-26 22:20:23,266] {dag.py:2927} INFO - Setting next_dagrun for example_branch_labels to 2023-05-26T00:00:00+00:00, run_after=2023-05-27T00:00:00+00:00
[2023-05-26 22:20:23,286] {processor.py:161} INFO - Processing /home/raf/pipeline-transform/.venv/lib/python3.9/site-packages/airflow/example_dags/example_branch_labels.py took 0.092 seconds
[2023-05-26 22:20:59,313] {processor.py:153} INFO - Started process (PID=30321) to work on /home/raf/pipeline-transform/.venv/lib/python3.9/site-packages/airflow/example_dags/example_branch_labels.py
[2023-05-26 22:20:59,326] {processor.py:641} INFO - Processing file /home/raf/pipeline-transform/.venv/lib/python3.9/site-packages/airflow/example_dags/example_branch_labels.py for tasks to queue
[2023-05-26 22:20:59,327] {logging_mixin.py:115} INFO - [2023-05-26 22:20:59,327] {dagbag.py:507} INFO - Filling up the DagBag from /home/raf/pipeline-transform/.venv/lib/python3.9/site-packages/airflow/example_dags/example_branch_labels.py
[2023-05-26 22:20:59,332] {processor.py:651} INFO - DAG(s) dict_keys(['example_branch_labels']) retrieved from /home/raf/pipeline-transform/.venv/lib/python3.9/site-packages/airflow/example_dags/example_branch_labels.py
[2023-05-26 22:20:59,349] {logging_mixin.py:115} INFO - [2023-05-26 22:20:59,349] {dag.py:2379} INFO - Sync 1 DAGs
[2023-05-26 22:20:59,371] {logging_mixin.py:115} INFO - [2023-05-26 22:20:59,371] {dag.py:2927} INFO - Setting next_dagrun for example_branch_labels to 2023-05-26T00:00:00+00:00, run_after=2023-05-27T00:00:00+00:00
[2023-05-26 22:20:59,393] {processor.py:161} INFO - Processing /home/raf/pipeline-transform/.venv/lib/python3.9/site-packages/airflow/example_dags/example_branch_labels.py took 0.083 seconds
[2023-05-26 22:21:33,736] {processor.py:153} INFO - Started process (PID=30597) to work on /home/raf/pipeline-transform/.venv/lib/python3.9/site-packages/airflow/example_dags/example_branch_labels.py
[2023-05-26 22:21:33,736] {processor.py:641} INFO - Processing file /home/raf/pipeline-transform/.venv/lib/python3.9/site-packages/airflow/example_dags/example_branch_labels.py for tasks to queue
[2023-05-26 22:21:33,738] {logging_mixin.py:115} INFO - [2023-05-26 22:21:33,738] {dagbag.py:507} INFO - Filling up the DagBag from /home/raf/pipeline-transform/.venv/lib/python3.9/site-packages/airflow/example_dags/example_branch_labels.py
[2023-05-26 22:21:33,744] {processor.py:651} INFO - DAG(s) dict_keys(['example_branch_labels']) retrieved from /home/raf/pipeline-transform/.venv/lib/python3.9/site-packages/airflow/example_dags/example_branch_labels.py
[2023-05-26 22:21:33,761] {logging_mixin.py:115} INFO - [2023-05-26 22:21:33,761] {dag.py:2379} INFO - Sync 1 DAGs
[2023-05-26 22:21:33,782] {logging_mixin.py:115} INFO - [2023-05-26 22:21:33,781] {dag.py:2927} INFO - Setting next_dagrun for example_branch_labels to 2023-05-26T00:00:00+00:00, run_after=2023-05-27T00:00:00+00:00
[2023-05-26 22:21:33,813] {processor.py:161} INFO - Processing /home/raf/pipeline-transform/.venv/lib/python3.9/site-packages/airflow/example_dags/example_branch_labels.py took 0.080 seconds
[2023-05-26 22:22:11,756] {processor.py:153} INFO - Started process (PID=30946) to work on /home/raf/pipeline-transform/.venv/lib/python3.9/site-packages/airflow/example_dags/example_branch_labels.py
[2023-05-26 22:22:11,774] {processor.py:641} INFO - Processing file /home/raf/pipeline-transform/.venv/lib/python3.9/site-packages/airflow/example_dags/example_branch_labels.py for tasks to queue
[2023-05-26 22:22:11,775] {logging_mixin.py:115} INFO - [2023-05-26 22:22:11,775] {dagbag.py:507} INFO - Filling up the DagBag from /home/raf/pipeline-transform/.venv/lib/python3.9/site-packages/airflow/example_dags/example_branch_labels.py
[2023-05-26 22:22:11,780] {processor.py:651} INFO - DAG(s) dict_keys(['example_branch_labels']) retrieved from /home/raf/pipeline-transform/.venv/lib/python3.9/site-packages/airflow/example_dags/example_branch_labels.py
[2023-05-26 22:22:11,793] {logging_mixin.py:115} INFO - [2023-05-26 22:22:11,793] {dag.py:2379} INFO - Sync 1 DAGs
[2023-05-26 22:22:11,808] {logging_mixin.py:115} INFO - [2023-05-26 22:22:11,808] {dag.py:2927} INFO - Setting next_dagrun for example_branch_labels to 2023-05-26T00:00:00+00:00, run_after=2023-05-27T00:00:00+00:00
[2023-05-26 22:22:11,827] {processor.py:161} INFO - Processing /home/raf/pipeline-transform/.venv/lib/python3.9/site-packages/airflow/example_dags/example_branch_labels.py took 0.074 seconds
[2023-05-26 22:22:46,645] {processor.py:153} INFO - Started process (PID=31085) to work on /home/raf/pipeline-transform/.venv/lib/python3.9/site-packages/airflow/example_dags/example_branch_labels.py
[2023-05-26 22:22:46,647] {processor.py:641} INFO - Processing file /home/raf/pipeline-transform/.venv/lib/python3.9/site-packages/airflow/example_dags/example_branch_labels.py for tasks to queue
[2023-05-26 22:22:46,647] {logging_mixin.py:115} INFO - [2023-05-26 22:22:46,647] {dagbag.py:507} INFO - Filling up the DagBag from /home/raf/pipeline-transform/.venv/lib/python3.9/site-packages/airflow/example_dags/example_branch_labels.py
[2023-05-26 22:22:46,652] {processor.py:651} INFO - DAG(s) dict_keys(['example_branch_labels']) retrieved from /home/raf/pipeline-transform/.venv/lib/python3.9/site-packages/airflow/example_dags/example_branch_labels.py
[2023-05-26 22:22:46,666] {logging_mixin.py:115} INFO - [2023-05-26 22:22:46,666] {dag.py:2379} INFO - Sync 1 DAGs
[2023-05-26 22:22:46,682] {logging_mixin.py:115} INFO - [2023-05-26 22:22:46,682] {dag.py:2927} INFO - Setting next_dagrun for example_branch_labels to 2023-05-26T00:00:00+00:00, run_after=2023-05-27T00:00:00+00:00
[2023-05-26 22:22:46,702] {processor.py:161} INFO - Processing /home/raf/pipeline-transform/.venv/lib/python3.9/site-packages/airflow/example_dags/example_branch_labels.py took 0.060 seconds
[2023-05-26 22:23:21,880] {processor.py:153} INFO - Started process (PID=31180) to work on /home/raf/pipeline-transform/.venv/lib/python3.9/site-packages/airflow/example_dags/example_branch_labels.py
[2023-05-26 22:23:21,901] {processor.py:641} INFO - Processing file /home/raf/pipeline-transform/.venv/lib/python3.9/site-packages/airflow/example_dags/example_branch_labels.py for tasks to queue
[2023-05-26 22:23:21,902] {logging_mixin.py:115} INFO - [2023-05-26 22:23:21,902] {dagbag.py:507} INFO - Filling up the DagBag from /home/raf/pipeline-transform/.venv/lib/python3.9/site-packages/airflow/example_dags/example_branch_labels.py
[2023-05-26 22:23:21,913] {processor.py:651} INFO - DAG(s) dict_keys(['example_branch_labels']) retrieved from /home/raf/pipeline-transform/.venv/lib/python3.9/site-packages/airflow/example_dags/example_branch_labels.py
[2023-05-26 22:23:21,932] {logging_mixin.py:115} INFO - [2023-05-26 22:23:21,931] {dag.py:2379} INFO - Sync 1 DAGs
[2023-05-26 22:23:21,953] {logging_mixin.py:115} INFO - [2023-05-26 22:23:21,953] {dag.py:2927} INFO - Setting next_dagrun for example_branch_labels to 2023-05-26T00:00:00+00:00, run_after=2023-05-27T00:00:00+00:00
[2023-05-26 22:23:21,975] {processor.py:161} INFO - Processing /home/raf/pipeline-transform/.venv/lib/python3.9/site-packages/airflow/example_dags/example_branch_labels.py took 0.099 seconds
[2023-05-26 22:23:53,934] {processor.py:153} INFO - Started process (PID=31261) to work on /home/raf/pipeline-transform/.venv/lib/python3.9/site-packages/airflow/example_dags/example_branch_labels.py
[2023-05-26 22:23:53,934] {processor.py:641} INFO - Processing file /home/raf/pipeline-transform/.venv/lib/python3.9/site-packages/airflow/example_dags/example_branch_labels.py for tasks to queue
[2023-05-26 22:23:53,934] {logging_mixin.py:115} INFO - [2023-05-26 22:23:53,934] {dagbag.py:507} INFO - Filling up the DagBag from /home/raf/pipeline-transform/.venv/lib/python3.9/site-packages/airflow/example_dags/example_branch_labels.py
[2023-05-26 22:23:53,939] {processor.py:651} INFO - DAG(s) dict_keys(['example_branch_labels']) retrieved from /home/raf/pipeline-transform/.venv/lib/python3.9/site-packages/airflow/example_dags/example_branch_labels.py
[2023-05-26 22:23:53,953] {logging_mixin.py:115} INFO - [2023-05-26 22:23:53,953] {dag.py:2379} INFO - Sync 1 DAGs
[2023-05-26 22:23:53,968] {logging_mixin.py:115} INFO - [2023-05-26 22:23:53,968] {dag.py:2927} INFO - Setting next_dagrun for example_branch_labels to 2023-05-26T00:00:00+00:00, run_after=2023-05-27T00:00:00+00:00
[2023-05-26 22:23:53,997] {processor.py:161} INFO - Processing /home/raf/pipeline-transform/.venv/lib/python3.9/site-packages/airflow/example_dags/example_branch_labels.py took 0.065 seconds
[2023-05-26 22:24:28,701] {processor.py:153} INFO - Started process (PID=31346) to work on /home/raf/pipeline-transform/.venv/lib/python3.9/site-packages/airflow/example_dags/example_branch_labels.py
[2023-05-26 22:24:28,723] {processor.py:641} INFO - Processing file /home/raf/pipeline-transform/.venv/lib/python3.9/site-packages/airflow/example_dags/example_branch_labels.py for tasks to queue
[2023-05-26 22:24:28,724] {logging_mixin.py:115} INFO - [2023-05-26 22:24:28,724] {dagbag.py:507} INFO - Filling up the DagBag from /home/raf/pipeline-transform/.venv/lib/python3.9/site-packages/airflow/example_dags/example_branch_labels.py
[2023-05-26 22:24:28,731] {processor.py:651} INFO - DAG(s) dict_keys(['example_branch_labels']) retrieved from /home/raf/pipeline-transform/.venv/lib/python3.9/site-packages/airflow/example_dags/example_branch_labels.py
[2023-05-26 22:24:28,751] {logging_mixin.py:115} INFO - [2023-05-26 22:24:28,751] {dag.py:2379} INFO - Sync 1 DAGs
[2023-05-26 22:24:28,775] {logging_mixin.py:115} INFO - [2023-05-26 22:24:28,775] {dag.py:2927} INFO - Setting next_dagrun for example_branch_labels to 2023-05-26T00:00:00+00:00, run_after=2023-05-27T00:00:00+00:00
[2023-05-26 22:24:28,810] {processor.py:161} INFO - Processing /home/raf/pipeline-transform/.venv/lib/python3.9/site-packages/airflow/example_dags/example_branch_labels.py took 0.112 seconds
[2023-05-26 22:25:01,109] {processor.py:153} INFO - Started process (PID=31427) to work on /home/raf/pipeline-transform/.venv/lib/python3.9/site-packages/airflow/example_dags/example_branch_labels.py
[2023-05-26 22:25:01,110] {processor.py:641} INFO - Processing file /home/raf/pipeline-transform/.venv/lib/python3.9/site-packages/airflow/example_dags/example_branch_labels.py for tasks to queue
[2023-05-26 22:25:01,110] {logging_mixin.py:115} INFO - [2023-05-26 22:25:01,110] {dagbag.py:507} INFO - Filling up the DagBag from /home/raf/pipeline-transform/.venv/lib/python3.9/site-packages/airflow/example_dags/example_branch_labels.py
[2023-05-26 22:25:01,115] {processor.py:651} INFO - DAG(s) dict_keys(['example_branch_labels']) retrieved from /home/raf/pipeline-transform/.venv/lib/python3.9/site-packages/airflow/example_dags/example_branch_labels.py
[2023-05-26 22:25:01,128] {logging_mixin.py:115} INFO - [2023-05-26 22:25:01,128] {dag.py:2379} INFO - Sync 1 DAGs
[2023-05-26 22:25:01,143] {logging_mixin.py:115} INFO - [2023-05-26 22:25:01,143] {dag.py:2927} INFO - Setting next_dagrun for example_branch_labels to 2023-05-26T00:00:00+00:00, run_after=2023-05-27T00:00:00+00:00
[2023-05-26 22:25:01,172] {processor.py:161} INFO - Processing /home/raf/pipeline-transform/.venv/lib/python3.9/site-packages/airflow/example_dags/example_branch_labels.py took 0.065 seconds
[2023-05-26 22:25:34,418] {processor.py:153} INFO - Started process (PID=31649) to work on /home/raf/pipeline-transform/.venv/lib/python3.9/site-packages/airflow/example_dags/example_branch_labels.py
[2023-05-26 22:25:34,419] {processor.py:641} INFO - Processing file /home/raf/pipeline-transform/.venv/lib/python3.9/site-packages/airflow/example_dags/example_branch_labels.py for tasks to queue
[2023-05-26 22:25:34,420] {logging_mixin.py:115} INFO - [2023-05-26 22:25:34,420] {dagbag.py:507} INFO - Filling up the DagBag from /home/raf/pipeline-transform/.venv/lib/python3.9/site-packages/airflow/example_dags/example_branch_labels.py
[2023-05-26 22:25:34,426] {processor.py:651} INFO - DAG(s) dict_keys(['example_branch_labels']) retrieved from /home/raf/pipeline-transform/.venv/lib/python3.9/site-packages/airflow/example_dags/example_branch_labels.py
[2023-05-26 22:25:34,443] {logging_mixin.py:115} INFO - [2023-05-26 22:25:34,442] {dag.py:2379} INFO - Sync 1 DAGs
[2023-05-26 22:25:34,460] {logging_mixin.py:115} INFO - [2023-05-26 22:25:34,460] {dag.py:2927} INFO - Setting next_dagrun for example_branch_labels to 2023-05-26T00:00:00+00:00, run_after=2023-05-27T00:00:00+00:00
[2023-05-26 22:25:34,484] {processor.py:161} INFO - Processing /home/raf/pipeline-transform/.venv/lib/python3.9/site-packages/airflow/example_dags/example_branch_labels.py took 0.070 seconds
[2023-05-26 22:26:09,933] {processor.py:153} INFO - Started process (PID=31853) to work on /home/raf/pipeline-transform/.venv/lib/python3.9/site-packages/airflow/example_dags/example_branch_labels.py
[2023-05-26 22:26:09,937] {processor.py:641} INFO - Processing file /home/raf/pipeline-transform/.venv/lib/python3.9/site-packages/airflow/example_dags/example_branch_labels.py for tasks to queue
[2023-05-26 22:26:09,938] {logging_mixin.py:115} INFO - [2023-05-26 22:26:09,937] {dagbag.py:507} INFO - Filling up the DagBag from /home/raf/pipeline-transform/.venv/lib/python3.9/site-packages/airflow/example_dags/example_branch_labels.py
[2023-05-26 22:26:09,942] {processor.py:651} INFO - DAG(s) dict_keys(['example_branch_labels']) retrieved from /home/raf/pipeline-transform/.venv/lib/python3.9/site-packages/airflow/example_dags/example_branch_labels.py
[2023-05-26 22:26:09,957] {logging_mixin.py:115} INFO - [2023-05-26 22:26:09,957] {dag.py:2379} INFO - Sync 1 DAGs
[2023-05-26 22:26:09,973] {logging_mixin.py:115} INFO - [2023-05-26 22:26:09,973] {dag.py:2927} INFO - Setting next_dagrun for example_branch_labels to 2023-05-26T00:00:00+00:00, run_after=2023-05-27T00:00:00+00:00
[2023-05-26 22:26:09,990] {processor.py:161} INFO - Processing /home/raf/pipeline-transform/.venv/lib/python3.9/site-packages/airflow/example_dags/example_branch_labels.py took 0.060 seconds
[2023-05-26 22:26:47,341] {processor.py:153} INFO - Started process (PID=31963) to work on /home/raf/pipeline-transform/.venv/lib/python3.9/site-packages/airflow/example_dags/example_branch_labels.py
[2023-05-26 22:26:47,358] {processor.py:641} INFO - Processing file /home/raf/pipeline-transform/.venv/lib/python3.9/site-packages/airflow/example_dags/example_branch_labels.py for tasks to queue
[2023-05-26 22:26:47,359] {logging_mixin.py:115} INFO - [2023-05-26 22:26:47,359] {dagbag.py:507} INFO - Filling up the DagBag from /home/raf/pipeline-transform/.venv/lib/python3.9/site-packages/airflow/example_dags/example_branch_labels.py
[2023-05-26 22:26:47,364] {processor.py:651} INFO - DAG(s) dict_keys(['example_branch_labels']) retrieved from /home/raf/pipeline-transform/.venv/lib/python3.9/site-packages/airflow/example_dags/example_branch_labels.py
[2023-05-26 22:26:47,381] {logging_mixin.py:115} INFO - [2023-05-26 22:26:47,380] {dag.py:2379} INFO - Sync 1 DAGs
[2023-05-26 22:26:47,399] {logging_mixin.py:115} INFO - [2023-05-26 22:26:47,399] {dag.py:2927} INFO - Setting next_dagrun for example_branch_labels to 2023-05-26T00:00:00+00:00, run_after=2023-05-27T00:00:00+00:00
[2023-05-26 22:26:47,419] {processor.py:161} INFO - Processing /home/raf/pipeline-transform/.venv/lib/python3.9/site-packages/airflow/example_dags/example_branch_labels.py took 0.081 seconds
[2023-05-26 22:27:25,537] {processor.py:153} INFO - Started process (PID=32095) to work on /home/raf/pipeline-transform/.venv/lib/python3.9/site-packages/airflow/example_dags/example_branch_labels.py
[2023-05-26 22:27:25,559] {processor.py:641} INFO - Processing file /home/raf/pipeline-transform/.venv/lib/python3.9/site-packages/airflow/example_dags/example_branch_labels.py for tasks to queue
[2023-05-26 22:27:25,560] {logging_mixin.py:115} INFO - [2023-05-26 22:27:25,559] {dagbag.py:507} INFO - Filling up the DagBag from /home/raf/pipeline-transform/.venv/lib/python3.9/site-packages/airflow/example_dags/example_branch_labels.py
[2023-05-26 22:27:25,565] {processor.py:651} INFO - DAG(s) dict_keys(['example_branch_labels']) retrieved from /home/raf/pipeline-transform/.venv/lib/python3.9/site-packages/airflow/example_dags/example_branch_labels.py
[2023-05-26 22:27:25,585] {logging_mixin.py:115} INFO - [2023-05-26 22:27:25,585] {dag.py:2379} INFO - Sync 1 DAGs
[2023-05-26 22:27:25,613] {logging_mixin.py:115} INFO - [2023-05-26 22:27:25,613] {dag.py:2927} INFO - Setting next_dagrun for example_branch_labels to 2023-05-26T00:00:00+00:00, run_after=2023-05-27T00:00:00+00:00
[2023-05-26 22:27:25,638] {processor.py:161} INFO - Processing /home/raf/pipeline-transform/.venv/lib/python3.9/site-packages/airflow/example_dags/example_branch_labels.py took 0.104 seconds
[2023-05-26 22:28:03,809] {processor.py:153} INFO - Started process (PID=32230) to work on /home/raf/pipeline-transform/.venv/lib/python3.9/site-packages/airflow/example_dags/example_branch_labels.py
[2023-05-26 22:28:03,830] {processor.py:641} INFO - Processing file /home/raf/pipeline-transform/.venv/lib/python3.9/site-packages/airflow/example_dags/example_branch_labels.py for tasks to queue
[2023-05-26 22:28:03,830] {logging_mixin.py:115} INFO - [2023-05-26 22:28:03,830] {dagbag.py:507} INFO - Filling up the DagBag from /home/raf/pipeline-transform/.venv/lib/python3.9/site-packages/airflow/example_dags/example_branch_labels.py
[2023-05-26 22:28:03,836] {processor.py:651} INFO - DAG(s) dict_keys(['example_branch_labels']) retrieved from /home/raf/pipeline-transform/.venv/lib/python3.9/site-packages/airflow/example_dags/example_branch_labels.py
[2023-05-26 22:28:03,855] {logging_mixin.py:115} INFO - [2023-05-26 22:28:03,855] {dag.py:2379} INFO - Sync 1 DAGs
[2023-05-26 22:28:03,897] {logging_mixin.py:115} INFO - [2023-05-26 22:28:03,897] {dag.py:2927} INFO - Setting next_dagrun for example_branch_labels to 2023-05-26T00:00:00+00:00, run_after=2023-05-27T00:00:00+00:00
[2023-05-26 22:28:03,964] {processor.py:161} INFO - Processing /home/raf/pipeline-transform/.venv/lib/python3.9/site-packages/airflow/example_dags/example_branch_labels.py took 0.158 seconds
[2023-05-26 22:28:36,481] {processor.py:153} INFO - Started process (PID=32313) to work on /home/raf/pipeline-transform/.venv/lib/python3.9/site-packages/airflow/example_dags/example_branch_labels.py
[2023-05-26 22:28:36,503] {processor.py:641} INFO - Processing file /home/raf/pipeline-transform/.venv/lib/python3.9/site-packages/airflow/example_dags/example_branch_labels.py for tasks to queue
[2023-05-26 22:28:36,504] {logging_mixin.py:115} INFO - [2023-05-26 22:28:36,504] {dagbag.py:507} INFO - Filling up the DagBag from /home/raf/pipeline-transform/.venv/lib/python3.9/site-packages/airflow/example_dags/example_branch_labels.py
[2023-05-26 22:28:36,509] {processor.py:651} INFO - DAG(s) dict_keys(['example_branch_labels']) retrieved from /home/raf/pipeline-transform/.venv/lib/python3.9/site-packages/airflow/example_dags/example_branch_labels.py
[2023-05-26 22:28:36,532] {logging_mixin.py:115} INFO - [2023-05-26 22:28:36,532] {dag.py:2379} INFO - Sync 1 DAGs
[2023-05-26 22:28:36,558] {logging_mixin.py:115} INFO - [2023-05-26 22:28:36,558] {dag.py:2927} INFO - Setting next_dagrun for example_branch_labels to 2023-05-26T00:00:00+00:00, run_after=2023-05-27T00:00:00+00:00
[2023-05-26 22:28:36,576] {processor.py:161} INFO - Processing /home/raf/pipeline-transform/.venv/lib/python3.9/site-packages/airflow/example_dags/example_branch_labels.py took 0.097 seconds
[2023-05-26 22:29:10,316] {processor.py:153} INFO - Started process (PID=32401) to work on /home/raf/pipeline-transform/.venv/lib/python3.9/site-packages/airflow/example_dags/example_branch_labels.py
[2023-05-26 22:29:10,339] {processor.py:641} INFO - Processing file /home/raf/pipeline-transform/.venv/lib/python3.9/site-packages/airflow/example_dags/example_branch_labels.py for tasks to queue
[2023-05-26 22:29:10,340] {logging_mixin.py:115} INFO - [2023-05-26 22:29:10,340] {dagbag.py:507} INFO - Filling up the DagBag from /home/raf/pipeline-transform/.venv/lib/python3.9/site-packages/airflow/example_dags/example_branch_labels.py
[2023-05-26 22:29:10,347] {processor.py:651} INFO - DAG(s) dict_keys(['example_branch_labels']) retrieved from /home/raf/pipeline-transform/.venv/lib/python3.9/site-packages/airflow/example_dags/example_branch_labels.py
[2023-05-26 22:29:10,363] {logging_mixin.py:115} INFO - [2023-05-26 22:29:10,363] {dag.py:2379} INFO - Sync 1 DAGs
[2023-05-26 22:29:10,380] {logging_mixin.py:115} INFO - [2023-05-26 22:29:10,380] {dag.py:2927} INFO - Setting next_dagrun for example_branch_labels to 2023-05-26T00:00:00+00:00, run_after=2023-05-27T00:00:00+00:00
[2023-05-26 22:29:10,400] {processor.py:161} INFO - Processing /home/raf/pipeline-transform/.venv/lib/python3.9/site-packages/airflow/example_dags/example_branch_labels.py took 0.086 seconds
[2023-05-26 22:29:44,469] {processor.py:153} INFO - Started process (PID=32484) to work on /home/raf/pipeline-transform/.venv/lib/python3.9/site-packages/airflow/example_dags/example_branch_labels.py
[2023-05-26 22:29:44,482] {processor.py:641} INFO - Processing file /home/raf/pipeline-transform/.venv/lib/python3.9/site-packages/airflow/example_dags/example_branch_labels.py for tasks to queue
[2023-05-26 22:29:44,483] {logging_mixin.py:115} INFO - [2023-05-26 22:29:44,483] {dagbag.py:507} INFO - Filling up the DagBag from /home/raf/pipeline-transform/.venv/lib/python3.9/site-packages/airflow/example_dags/example_branch_labels.py
[2023-05-26 22:29:44,489] {processor.py:651} INFO - DAG(s) dict_keys(['example_branch_labels']) retrieved from /home/raf/pipeline-transform/.venv/lib/python3.9/site-packages/airflow/example_dags/example_branch_labels.py
[2023-05-26 22:29:44,505] {logging_mixin.py:115} INFO - [2023-05-26 22:29:44,505] {dag.py:2379} INFO - Sync 1 DAGs
[2023-05-26 22:29:44,522] {logging_mixin.py:115} INFO - [2023-05-26 22:29:44,522] {dag.py:2927} INFO - Setting next_dagrun for example_branch_labels to 2023-05-26T00:00:00+00:00, run_after=2023-05-27T00:00:00+00:00
[2023-05-26 22:29:44,542] {processor.py:161} INFO - Processing /home/raf/pipeline-transform/.venv/lib/python3.9/site-packages/airflow/example_dags/example_branch_labels.py took 0.076 seconds
[2023-05-26 22:30:20,929] {processor.py:153} INFO - Started process (PID=32631) to work on /home/raf/pipeline-transform/.venv/lib/python3.9/site-packages/airflow/example_dags/example_branch_labels.py
[2023-05-26 22:30:20,954] {processor.py:641} INFO - Processing file /home/raf/pipeline-transform/.venv/lib/python3.9/site-packages/airflow/example_dags/example_branch_labels.py for tasks to queue
[2023-05-26 22:30:20,955] {logging_mixin.py:115} INFO - [2023-05-26 22:30:20,954] {dagbag.py:507} INFO - Filling up the DagBag from /home/raf/pipeline-transform/.venv/lib/python3.9/site-packages/airflow/example_dags/example_branch_labels.py
[2023-05-26 22:30:20,961] {processor.py:651} INFO - DAG(s) dict_keys(['example_branch_labels']) retrieved from /home/raf/pipeline-transform/.venv/lib/python3.9/site-packages/airflow/example_dags/example_branch_labels.py
[2023-05-26 22:30:20,978] {logging_mixin.py:115} INFO - [2023-05-26 22:30:20,978] {dag.py:2379} INFO - Sync 1 DAGs
[2023-05-26 22:30:21,002] {logging_mixin.py:115} INFO - [2023-05-26 22:30:21,002] {dag.py:2927} INFO - Setting next_dagrun for example_branch_labels to 2023-05-26T00:00:00+00:00, run_after=2023-05-27T00:00:00+00:00
[2023-05-26 22:30:21,021] {processor.py:161} INFO - Processing /home/raf/pipeline-transform/.venv/lib/python3.9/site-packages/airflow/example_dags/example_branch_labels.py took 0.095 seconds
[2023-05-26 22:30:56,111] {processor.py:153} INFO - Started process (PID=322) to work on /home/raf/pipeline-transform/.venv/lib/python3.9/site-packages/airflow/example_dags/example_branch_labels.py
[2023-05-26 22:30:56,138] {processor.py:641} INFO - Processing file /home/raf/pipeline-transform/.venv/lib/python3.9/site-packages/airflow/example_dags/example_branch_labels.py for tasks to queue
[2023-05-26 22:30:56,138] {logging_mixin.py:115} INFO - [2023-05-26 22:30:56,138] {dagbag.py:507} INFO - Filling up the DagBag from /home/raf/pipeline-transform/.venv/lib/python3.9/site-packages/airflow/example_dags/example_branch_labels.py
[2023-05-26 22:30:56,145] {processor.py:651} INFO - DAG(s) dict_keys(['example_branch_labels']) retrieved from /home/raf/pipeline-transform/.venv/lib/python3.9/site-packages/airflow/example_dags/example_branch_labels.py
[2023-05-26 22:30:56,163] {logging_mixin.py:115} INFO - [2023-05-26 22:30:56,163] {dag.py:2379} INFO - Sync 1 DAGs
[2023-05-26 22:30:56,188] {logging_mixin.py:115} INFO - [2023-05-26 22:30:56,188] {dag.py:2927} INFO - Setting next_dagrun for example_branch_labels to 2023-05-26T00:00:00+00:00, run_after=2023-05-27T00:00:00+00:00
[2023-05-26 22:30:56,209] {processor.py:161} INFO - Processing /home/raf/pipeline-transform/.venv/lib/python3.9/site-packages/airflow/example_dags/example_branch_labels.py took 0.101 seconds
[2023-05-26 22:31:34,177] {processor.py:153} INFO - Started process (PID=448) to work on /home/raf/pipeline-transform/.venv/lib/python3.9/site-packages/airflow/example_dags/example_branch_labels.py
[2023-05-26 22:31:34,181] {processor.py:641} INFO - Processing file /home/raf/pipeline-transform/.venv/lib/python3.9/site-packages/airflow/example_dags/example_branch_labels.py for tasks to queue
[2023-05-26 22:31:34,182] {logging_mixin.py:115} INFO - [2023-05-26 22:31:34,182] {dagbag.py:507} INFO - Filling up the DagBag from /home/raf/pipeline-transform/.venv/lib/python3.9/site-packages/airflow/example_dags/example_branch_labels.py
[2023-05-26 22:31:34,187] {processor.py:651} INFO - DAG(s) dict_keys(['example_branch_labels']) retrieved from /home/raf/pipeline-transform/.venv/lib/python3.9/site-packages/airflow/example_dags/example_branch_labels.py
[2023-05-26 22:31:34,201] {logging_mixin.py:115} INFO - [2023-05-26 22:31:34,201] {dag.py:2379} INFO - Sync 1 DAGs
[2023-05-26 22:31:34,220] {logging_mixin.py:115} INFO - [2023-05-26 22:31:34,220] {dag.py:2927} INFO - Setting next_dagrun for example_branch_labels to 2023-05-26T00:00:00+00:00, run_after=2023-05-27T00:00:00+00:00
[2023-05-26 22:31:34,238] {processor.py:161} INFO - Processing /home/raf/pipeline-transform/.venv/lib/python3.9/site-packages/airflow/example_dags/example_branch_labels.py took 0.063 seconds
[2023-05-26 22:32:08,103] {processor.py:153} INFO - Started process (PID=634) to work on /home/raf/pipeline-transform/.venv/lib/python3.9/site-packages/airflow/example_dags/example_branch_labels.py
[2023-05-26 22:32:08,109] {processor.py:641} INFO - Processing file /home/raf/pipeline-transform/.venv/lib/python3.9/site-packages/airflow/example_dags/example_branch_labels.py for tasks to queue
[2023-05-26 22:32:08,109] {logging_mixin.py:115} INFO - [2023-05-26 22:32:08,109] {dagbag.py:507} INFO - Filling up the DagBag from /home/raf/pipeline-transform/.venv/lib/python3.9/site-packages/airflow/example_dags/example_branch_labels.py
[2023-05-26 22:32:08,116] {processor.py:651} INFO - DAG(s) dict_keys(['example_branch_labels']) retrieved from /home/raf/pipeline-transform/.venv/lib/python3.9/site-packages/airflow/example_dags/example_branch_labels.py
[2023-05-26 22:32:08,137] {logging_mixin.py:115} INFO - [2023-05-26 22:32:08,137] {dag.py:2379} INFO - Sync 1 DAGs
[2023-05-26 22:32:08,161] {logging_mixin.py:115} INFO - [2023-05-26 22:32:08,161] {dag.py:2927} INFO - Setting next_dagrun for example_branch_labels to 2023-05-26T00:00:00+00:00, run_after=2023-05-27T00:00:00+00:00
[2023-05-26 22:32:08,180] {processor.py:161} INFO - Processing /home/raf/pipeline-transform/.venv/lib/python3.9/site-packages/airflow/example_dags/example_branch_labels.py took 0.080 seconds
