[2023-05-26 22:03:34,506] {processor.py:153} INFO - Started process (PID=26026) to work on /home/raf/pipeline-transform/.venv/lib/python3.9/site-packages/airflow/example_dags/example_sla_dag.py
[2023-05-26 22:03:34,507] {processor.py:641} INFO - Processing file /home/raf/pipeline-transform/.venv/lib/python3.9/site-packages/airflow/example_dags/example_sla_dag.py for tasks to queue
[2023-05-26 22:03:34,508] {logging_mixin.py:115} INFO - [2023-05-26 22:03:34,508] {dagbag.py:507} INFO - Filling up the DagBag from /home/raf/pipeline-transform/.venv/lib/python3.9/site-packages/airflow/example_dags/example_sla_dag.py
[2023-05-26 22:03:34,524] {processor.py:651} INFO - DAG(s) dict_keys(['example_sla_dag']) retrieved from /home/raf/pipeline-transform/.venv/lib/python3.9/site-packages/airflow/example_dags/example_sla_dag.py
[2023-05-26 22:03:34,573] {logging_mixin.py:115} INFO - [2023-05-26 22:03:34,573] {dag.py:2379} INFO - Sync 1 DAGs
[2023-05-26 22:03:34,595] {logging_mixin.py:115} INFO - [2023-05-26 22:03:34,595] {dag.py:2927} INFO - Setting next_dagrun for example_sla_dag to 2023-05-27T01:00:00+00:00, run_after=2023-05-27T01:02:00+00:00
[2023-05-26 22:03:34,790] {processor.py:161} INFO - Processing /home/raf/pipeline-transform/.venv/lib/python3.9/site-packages/airflow/example_dags/example_sla_dag.py took 0.286 seconds
[2023-05-26 22:04:09,305] {processor.py:153} INFO - Started process (PID=26265) to work on /home/raf/pipeline-transform/.venv/lib/python3.9/site-packages/airflow/example_dags/example_sla_dag.py
[2023-05-26 22:04:09,305] {processor.py:641} INFO - Processing file /home/raf/pipeline-transform/.venv/lib/python3.9/site-packages/airflow/example_dags/example_sla_dag.py for tasks to queue
[2023-05-26 22:04:09,306] {logging_mixin.py:115} INFO - [2023-05-26 22:04:09,306] {dagbag.py:507} INFO - Filling up the DagBag from /home/raf/pipeline-transform/.venv/lib/python3.9/site-packages/airflow/example_dags/example_sla_dag.py
[2023-05-26 22:04:09,322] {processor.py:651} INFO - DAG(s) dict_keys(['example_sla_dag']) retrieved from /home/raf/pipeline-transform/.venv/lib/python3.9/site-packages/airflow/example_dags/example_sla_dag.py
[2023-05-26 22:04:09,336] {logging_mixin.py:115} INFO - [2023-05-26 22:04:09,336] {dag.py:2379} INFO - Sync 1 DAGs
[2023-05-26 22:04:09,357] {logging_mixin.py:115} INFO - [2023-05-26 22:04:09,357] {dag.py:2927} INFO - Setting next_dagrun for example_sla_dag to 2023-05-27T01:02:00+00:00, run_after=2023-05-27T01:04:00+00:00
[2023-05-26 22:04:09,383] {processor.py:161} INFO - Processing /home/raf/pipeline-transform/.venv/lib/python3.9/site-packages/airflow/example_dags/example_sla_dag.py took 0.081 seconds
[2023-05-26 22:04:44,529] {processor.py:153} INFO - Started process (PID=26453) to work on /home/raf/pipeline-transform/.venv/lib/python3.9/site-packages/airflow/example_dags/example_sla_dag.py
[2023-05-26 22:04:44,537] {processor.py:641} INFO - Processing file /home/raf/pipeline-transform/.venv/lib/python3.9/site-packages/airflow/example_dags/example_sla_dag.py for tasks to queue
[2023-05-26 22:04:44,537] {logging_mixin.py:115} INFO - [2023-05-26 22:04:44,537] {dagbag.py:507} INFO - Filling up the DagBag from /home/raf/pipeline-transform/.venv/lib/python3.9/site-packages/airflow/example_dags/example_sla_dag.py
[2023-05-26 22:04:44,551] {processor.py:651} INFO - DAG(s) dict_keys(['example_sla_dag']) retrieved from /home/raf/pipeline-transform/.venv/lib/python3.9/site-packages/airflow/example_dags/example_sla_dag.py
[2023-05-26 22:04:44,564] {logging_mixin.py:115} INFO - [2023-05-26 22:04:44,564] {dag.py:2379} INFO - Sync 1 DAGs
[2023-05-26 22:04:44,583] {logging_mixin.py:115} INFO - [2023-05-26 22:04:44,583] {dag.py:2927} INFO - Setting next_dagrun for example_sla_dag to 2023-05-27T01:02:00+00:00, run_after=2023-05-27T01:04:00+00:00
[2023-05-26 22:04:44,601] {processor.py:161} INFO - Processing /home/raf/pipeline-transform/.venv/lib/python3.9/site-packages/airflow/example_dags/example_sla_dag.py took 0.074 seconds
[2023-05-26 22:05:18,480] {processor.py:153} INFO - Started process (PID=26725) to work on /home/raf/pipeline-transform/.venv/lib/python3.9/site-packages/airflow/example_dags/example_sla_dag.py
[2023-05-26 22:05:18,489] {processor.py:641} INFO - Processing file /home/raf/pipeline-transform/.venv/lib/python3.9/site-packages/airflow/example_dags/example_sla_dag.py for tasks to queue
[2023-05-26 22:05:18,489] {logging_mixin.py:115} INFO - [2023-05-26 22:05:18,489] {dagbag.py:507} INFO - Filling up the DagBag from /home/raf/pipeline-transform/.venv/lib/python3.9/site-packages/airflow/example_dags/example_sla_dag.py
[2023-05-26 22:05:18,511] {processor.py:651} INFO - DAG(s) dict_keys(['example_sla_dag']) retrieved from /home/raf/pipeline-transform/.venv/lib/python3.9/site-packages/airflow/example_dags/example_sla_dag.py
[2023-05-26 22:05:18,528] {logging_mixin.py:115} INFO - [2023-05-26 22:05:18,528] {dag.py:2379} INFO - Sync 1 DAGs
[2023-05-26 22:05:18,550] {logging_mixin.py:115} INFO - [2023-05-26 22:05:18,550] {dag.py:2927} INFO - Setting next_dagrun for example_sla_dag to 2023-05-27T01:02:00+00:00, run_after=2023-05-27T01:04:00+00:00
[2023-05-26 22:05:18,570] {processor.py:161} INFO - Processing /home/raf/pipeline-transform/.venv/lib/python3.9/site-packages/airflow/example_dags/example_sla_dag.py took 0.094 seconds
[2023-05-26 22:05:54,643] {processor.py:153} INFO - Started process (PID=26949) to work on /home/raf/pipeline-transform/.venv/lib/python3.9/site-packages/airflow/example_dags/example_sla_dag.py
[2023-05-26 22:05:54,653] {processor.py:641} INFO - Processing file /home/raf/pipeline-transform/.venv/lib/python3.9/site-packages/airflow/example_dags/example_sla_dag.py for tasks to queue
[2023-05-26 22:05:54,653] {logging_mixin.py:115} INFO - [2023-05-26 22:05:54,653] {dagbag.py:507} INFO - Filling up the DagBag from /home/raf/pipeline-transform/.venv/lib/python3.9/site-packages/airflow/example_dags/example_sla_dag.py
[2023-05-26 22:05:54,667] {processor.py:651} INFO - DAG(s) dict_keys(['example_sla_dag']) retrieved from /home/raf/pipeline-transform/.venv/lib/python3.9/site-packages/airflow/example_dags/example_sla_dag.py
[2023-05-26 22:05:54,679] {logging_mixin.py:115} INFO - [2023-05-26 22:05:54,679] {dag.py:2379} INFO - Sync 1 DAGs
[2023-05-26 22:05:54,698] {logging_mixin.py:115} INFO - [2023-05-26 22:05:54,698] {dag.py:2927} INFO - Setting next_dagrun for example_sla_dag to 2023-05-27T01:02:00+00:00, run_after=2023-05-27T01:04:00+00:00
[2023-05-26 22:05:54,715] {processor.py:161} INFO - Processing /home/raf/pipeline-transform/.venv/lib/python3.9/site-packages/airflow/example_dags/example_sla_dag.py took 0.075 seconds
[2023-05-26 22:06:28,662] {processor.py:153} INFO - Started process (PID=27038) to work on /home/raf/pipeline-transform/.venv/lib/python3.9/site-packages/airflow/example_dags/example_sla_dag.py
[2023-05-26 22:06:28,672] {processor.py:641} INFO - Processing file /home/raf/pipeline-transform/.venv/lib/python3.9/site-packages/airflow/example_dags/example_sla_dag.py for tasks to queue
[2023-05-26 22:06:28,673] {logging_mixin.py:115} INFO - [2023-05-26 22:06:28,673] {dagbag.py:507} INFO - Filling up the DagBag from /home/raf/pipeline-transform/.venv/lib/python3.9/site-packages/airflow/example_dags/example_sla_dag.py
[2023-05-26 22:06:28,690] {processor.py:651} INFO - DAG(s) dict_keys(['example_sla_dag']) retrieved from /home/raf/pipeline-transform/.venv/lib/python3.9/site-packages/airflow/example_dags/example_sla_dag.py
[2023-05-26 22:06:28,706] {logging_mixin.py:115} INFO - [2023-05-26 22:06:28,706] {dag.py:2379} INFO - Sync 1 DAGs
[2023-05-26 22:06:28,729] {logging_mixin.py:115} INFO - [2023-05-26 22:06:28,729] {dag.py:2927} INFO - Setting next_dagrun for example_sla_dag to 2023-05-27T01:04:00+00:00, run_after=2023-05-27T01:06:00+00:00
[2023-05-26 22:06:28,753] {processor.py:161} INFO - Processing /home/raf/pipeline-transform/.venv/lib/python3.9/site-packages/airflow/example_dags/example_sla_dag.py took 0.094 seconds
[2023-05-26 22:07:03,985] {processor.py:153} INFO - Started process (PID=27232) to work on /home/raf/pipeline-transform/.venv/lib/python3.9/site-packages/airflow/example_dags/example_sla_dag.py
[2023-05-26 22:07:03,988] {processor.py:641} INFO - Processing file /home/raf/pipeline-transform/.venv/lib/python3.9/site-packages/airflow/example_dags/example_sla_dag.py for tasks to queue
[2023-05-26 22:07:03,988] {logging_mixin.py:115} INFO - [2023-05-26 22:07:03,988] {dagbag.py:507} INFO - Filling up the DagBag from /home/raf/pipeline-transform/.venv/lib/python3.9/site-packages/airflow/example_dags/example_sla_dag.py
[2023-05-26 22:07:04,002] {processor.py:651} INFO - DAG(s) dict_keys(['example_sla_dag']) retrieved from /home/raf/pipeline-transform/.venv/lib/python3.9/site-packages/airflow/example_dags/example_sla_dag.py
[2023-05-26 22:07:04,014] {logging_mixin.py:115} INFO - [2023-05-26 22:07:04,014] {dag.py:2379} INFO - Sync 1 DAGs
[2023-05-26 22:07:04,033] {logging_mixin.py:115} INFO - [2023-05-26 22:07:04,033] {dag.py:2927} INFO - Setting next_dagrun for example_sla_dag to 2023-05-27T01:04:00+00:00, run_after=2023-05-27T01:06:00+00:00
[2023-05-26 22:07:04,051] {processor.py:161} INFO - Processing /home/raf/pipeline-transform/.venv/lib/python3.9/site-packages/airflow/example_dags/example_sla_dag.py took 0.069 seconds
[2023-05-26 22:07:39,769] {processor.py:153} INFO - Started process (PID=27322) to work on /home/raf/pipeline-transform/.venv/lib/python3.9/site-packages/airflow/example_dags/example_sla_dag.py
[2023-05-26 22:07:39,782] {processor.py:641} INFO - Processing file /home/raf/pipeline-transform/.venv/lib/python3.9/site-packages/airflow/example_dags/example_sla_dag.py for tasks to queue
[2023-05-26 22:07:39,783] {logging_mixin.py:115} INFO - [2023-05-26 22:07:39,783] {dagbag.py:507} INFO - Filling up the DagBag from /home/raf/pipeline-transform/.venv/lib/python3.9/site-packages/airflow/example_dags/example_sla_dag.py
[2023-05-26 22:07:39,796] {processor.py:651} INFO - DAG(s) dict_keys(['example_sla_dag']) retrieved from /home/raf/pipeline-transform/.venv/lib/python3.9/site-packages/airflow/example_dags/example_sla_dag.py
[2023-05-26 22:07:39,809] {logging_mixin.py:115} INFO - [2023-05-26 22:07:39,809] {dag.py:2379} INFO - Sync 1 DAGs
[2023-05-26 22:07:39,830] {logging_mixin.py:115} INFO - [2023-05-26 22:07:39,830] {dag.py:2927} INFO - Setting next_dagrun for example_sla_dag to 2023-05-27T01:04:00+00:00, run_after=2023-05-27T01:06:00+00:00
[2023-05-26 22:07:39,849] {processor.py:161} INFO - Processing /home/raf/pipeline-transform/.venv/lib/python3.9/site-packages/airflow/example_dags/example_sla_dag.py took 0.082 seconds
[2023-05-26 22:08:13,746] {processor.py:153} INFO - Started process (PID=27405) to work on /home/raf/pipeline-transform/.venv/lib/python3.9/site-packages/airflow/example_dags/example_sla_dag.py
[2023-05-26 22:08:13,750] {processor.py:641} INFO - Processing file /home/raf/pipeline-transform/.venv/lib/python3.9/site-packages/airflow/example_dags/example_sla_dag.py for tasks to queue
[2023-05-26 22:08:13,751] {logging_mixin.py:115} INFO - [2023-05-26 22:08:13,751] {dagbag.py:507} INFO - Filling up the DagBag from /home/raf/pipeline-transform/.venv/lib/python3.9/site-packages/airflow/example_dags/example_sla_dag.py
[2023-05-26 22:08:13,765] {processor.py:651} INFO - DAG(s) dict_keys(['example_sla_dag']) retrieved from /home/raf/pipeline-transform/.venv/lib/python3.9/site-packages/airflow/example_dags/example_sla_dag.py
[2023-05-26 22:08:13,777] {logging_mixin.py:115} INFO - [2023-05-26 22:08:13,777] {dag.py:2379} INFO - Sync 1 DAGs
[2023-05-26 22:08:13,796] {logging_mixin.py:115} INFO - [2023-05-26 22:08:13,796] {dag.py:2927} INFO - Setting next_dagrun for example_sla_dag to 2023-05-27T01:06:00+00:00, run_after=2023-05-27T01:08:00+00:00
[2023-05-26 22:08:13,815] {processor.py:161} INFO - Processing /home/raf/pipeline-transform/.venv/lib/python3.9/site-packages/airflow/example_dags/example_sla_dag.py took 0.071 seconds
[2023-05-26 22:08:47,393] {processor.py:153} INFO - Started process (PID=27545) to work on /home/raf/pipeline-transform/.venv/lib/python3.9/site-packages/airflow/example_dags/example_sla_dag.py
[2023-05-26 22:08:47,393] {processor.py:641} INFO - Processing file /home/raf/pipeline-transform/.venv/lib/python3.9/site-packages/airflow/example_dags/example_sla_dag.py for tasks to queue
[2023-05-26 22:08:47,394] {logging_mixin.py:115} INFO - [2023-05-26 22:08:47,394] {dagbag.py:507} INFO - Filling up the DagBag from /home/raf/pipeline-transform/.venv/lib/python3.9/site-packages/airflow/example_dags/example_sla_dag.py
[2023-05-26 22:08:47,409] {processor.py:651} INFO - DAG(s) dict_keys(['example_sla_dag']) retrieved from /home/raf/pipeline-transform/.venv/lib/python3.9/site-packages/airflow/example_dags/example_sla_dag.py
[2023-05-26 22:08:47,422] {logging_mixin.py:115} INFO - [2023-05-26 22:08:47,422] {dag.py:2379} INFO - Sync 1 DAGs
[2023-05-26 22:08:47,441] {logging_mixin.py:115} INFO - [2023-05-26 22:08:47,441] {dag.py:2927} INFO - Setting next_dagrun for example_sla_dag to 2023-05-27T01:06:00+00:00, run_after=2023-05-27T01:08:00+00:00
[2023-05-26 22:08:47,470] {processor.py:161} INFO - Processing /home/raf/pipeline-transform/.venv/lib/python3.9/site-packages/airflow/example_dags/example_sla_dag.py took 0.079 seconds
[2023-05-26 22:09:23,568] {processor.py:153} INFO - Started process (PID=27709) to work on /home/raf/pipeline-transform/.venv/lib/python3.9/site-packages/airflow/example_dags/example_sla_dag.py
[2023-05-26 22:09:23,588] {processor.py:641} INFO - Processing file /home/raf/pipeline-transform/.venv/lib/python3.9/site-packages/airflow/example_dags/example_sla_dag.py for tasks to queue
[2023-05-26 22:09:23,588] {logging_mixin.py:115} INFO - [2023-05-26 22:09:23,588] {dagbag.py:507} INFO - Filling up the DagBag from /home/raf/pipeline-transform/.venv/lib/python3.9/site-packages/airflow/example_dags/example_sla_dag.py
[2023-05-26 22:09:23,602] {processor.py:651} INFO - DAG(s) dict_keys(['example_sla_dag']) retrieved from /home/raf/pipeline-transform/.venv/lib/python3.9/site-packages/airflow/example_dags/example_sla_dag.py
[2023-05-26 22:09:23,614] {logging_mixin.py:115} INFO - [2023-05-26 22:09:23,614] {dag.py:2379} INFO - Sync 1 DAGs
[2023-05-26 22:09:23,633] {logging_mixin.py:115} INFO - [2023-05-26 22:09:23,632] {dag.py:2927} INFO - Setting next_dagrun for example_sla_dag to 2023-05-27T01:06:00+00:00, run_after=2023-05-27T01:08:00+00:00
[2023-05-26 22:09:23,650] {processor.py:161} INFO - Processing /home/raf/pipeline-transform/.venv/lib/python3.9/site-packages/airflow/example_dags/example_sla_dag.py took 0.085 seconds
[2023-05-26 22:09:56,792] {processor.py:153} INFO - Started process (PID=27821) to work on /home/raf/pipeline-transform/.venv/lib/python3.9/site-packages/airflow/example_dags/example_sla_dag.py
[2023-05-26 22:09:56,793] {processor.py:641} INFO - Processing file /home/raf/pipeline-transform/.venv/lib/python3.9/site-packages/airflow/example_dags/example_sla_dag.py for tasks to queue
[2023-05-26 22:09:56,793] {logging_mixin.py:115} INFO - [2023-05-26 22:09:56,793] {dagbag.py:507} INFO - Filling up the DagBag from /home/raf/pipeline-transform/.venv/lib/python3.9/site-packages/airflow/example_dags/example_sla_dag.py
[2023-05-26 22:09:56,809] {processor.py:651} INFO - DAG(s) dict_keys(['example_sla_dag']) retrieved from /home/raf/pipeline-transform/.venv/lib/python3.9/site-packages/airflow/example_dags/example_sla_dag.py
[2023-05-26 22:09:56,823] {logging_mixin.py:115} INFO - [2023-05-26 22:09:56,823] {dag.py:2379} INFO - Sync 1 DAGs
[2023-05-26 22:09:56,881] {logging_mixin.py:115} INFO - [2023-05-26 22:09:56,881] {dag.py:2927} INFO - Setting next_dagrun for example_sla_dag to 2023-05-27T01:06:00+00:00, run_after=2023-05-27T01:08:00+00:00
[2023-05-26 22:09:56,897] {processor.py:161} INFO - Processing /home/raf/pipeline-transform/.venv/lib/python3.9/site-packages/airflow/example_dags/example_sla_dag.py took 0.107 seconds
[2023-05-26 22:10:31,090] {processor.py:153} INFO - Started process (PID=27907) to work on /home/raf/pipeline-transform/.venv/lib/python3.9/site-packages/airflow/example_dags/example_sla_dag.py
[2023-05-26 22:10:31,091] {processor.py:641} INFO - Processing file /home/raf/pipeline-transform/.venv/lib/python3.9/site-packages/airflow/example_dags/example_sla_dag.py for tasks to queue
[2023-05-26 22:10:31,091] {logging_mixin.py:115} INFO - [2023-05-26 22:10:31,091] {dagbag.py:507} INFO - Filling up the DagBag from /home/raf/pipeline-transform/.venv/lib/python3.9/site-packages/airflow/example_dags/example_sla_dag.py
[2023-05-26 22:10:31,107] {processor.py:651} INFO - DAG(s) dict_keys(['example_sla_dag']) retrieved from /home/raf/pipeline-transform/.venv/lib/python3.9/site-packages/airflow/example_dags/example_sla_dag.py
[2023-05-26 22:10:31,121] {logging_mixin.py:115} INFO - [2023-05-26 22:10:31,121] {dag.py:2379} INFO - Sync 1 DAGs
[2023-05-26 22:10:31,141] {logging_mixin.py:115} INFO - [2023-05-26 22:10:31,141] {dag.py:2927} INFO - Setting next_dagrun for example_sla_dag to 2023-05-27T01:08:00+00:00, run_after=2023-05-27T01:10:00+00:00
[2023-05-26 22:10:31,159] {processor.py:161} INFO - Processing /home/raf/pipeline-transform/.venv/lib/python3.9/site-packages/airflow/example_dags/example_sla_dag.py took 0.071 seconds
[2023-05-26 22:11:06,587] {processor.py:153} INFO - Started process (PID=27994) to work on /home/raf/pipeline-transform/.venv/lib/python3.9/site-packages/airflow/example_dags/example_sla_dag.py
[2023-05-26 22:11:06,609] {processor.py:641} INFO - Processing file /home/raf/pipeline-transform/.venv/lib/python3.9/site-packages/airflow/example_dags/example_sla_dag.py for tasks to queue
[2023-05-26 22:11:06,610] {logging_mixin.py:115} INFO - [2023-05-26 22:11:06,610] {dagbag.py:507} INFO - Filling up the DagBag from /home/raf/pipeline-transform/.venv/lib/python3.9/site-packages/airflow/example_dags/example_sla_dag.py
[2023-05-26 22:11:06,624] {processor.py:651} INFO - DAG(s) dict_keys(['example_sla_dag']) retrieved from /home/raf/pipeline-transform/.venv/lib/python3.9/site-packages/airflow/example_dags/example_sla_dag.py
[2023-05-26 22:11:06,636] {logging_mixin.py:115} INFO - [2023-05-26 22:11:06,636] {dag.py:2379} INFO - Sync 1 DAGs
[2023-05-26 22:11:06,655] {logging_mixin.py:115} INFO - [2023-05-26 22:11:06,655] {dag.py:2927} INFO - Setting next_dagrun for example_sla_dag to 2023-05-27T01:08:00+00:00, run_after=2023-05-27T01:10:00+00:00
[2023-05-26 22:11:06,673] {processor.py:161} INFO - Processing /home/raf/pipeline-transform/.venv/lib/python3.9/site-packages/airflow/example_dags/example_sla_dag.py took 0.089 seconds
[2023-05-26 22:11:40,807] {processor.py:153} INFO - Started process (PID=28086) to work on /home/raf/pipeline-transform/.venv/lib/python3.9/site-packages/airflow/example_dags/example_sla_dag.py
[2023-05-26 22:11:40,824] {processor.py:641} INFO - Processing file /home/raf/pipeline-transform/.venv/lib/python3.9/site-packages/airflow/example_dags/example_sla_dag.py for tasks to queue
[2023-05-26 22:11:40,825] {logging_mixin.py:115} INFO - [2023-05-26 22:11:40,825] {dagbag.py:507} INFO - Filling up the DagBag from /home/raf/pipeline-transform/.venv/lib/python3.9/site-packages/airflow/example_dags/example_sla_dag.py
[2023-05-26 22:11:40,845] {processor.py:651} INFO - DAG(s) dict_keys(['example_sla_dag']) retrieved from /home/raf/pipeline-transform/.venv/lib/python3.9/site-packages/airflow/example_dags/example_sla_dag.py
[2023-05-26 22:11:40,860] {logging_mixin.py:115} INFO - [2023-05-26 22:11:40,860] {dag.py:2379} INFO - Sync 1 DAGs
[2023-05-26 22:11:40,885] {logging_mixin.py:115} INFO - [2023-05-26 22:11:40,885] {dag.py:2927} INFO - Setting next_dagrun for example_sla_dag to 2023-05-27T01:08:00+00:00, run_after=2023-05-27T01:10:00+00:00
[2023-05-26 22:11:40,918] {processor.py:161} INFO - Processing /home/raf/pipeline-transform/.venv/lib/python3.9/site-packages/airflow/example_dags/example_sla_dag.py took 0.119 seconds
[2023-05-26 22:12:19,029] {processor.py:153} INFO - Started process (PID=28239) to work on /home/raf/pipeline-transform/.venv/lib/python3.9/site-packages/airflow/example_dags/example_sla_dag.py
[2023-05-26 22:12:19,034] {processor.py:641} INFO - Processing file /home/raf/pipeline-transform/.venv/lib/python3.9/site-packages/airflow/example_dags/example_sla_dag.py for tasks to queue
[2023-05-26 22:12:19,035] {logging_mixin.py:115} INFO - [2023-05-26 22:12:19,035] {dagbag.py:507} INFO - Filling up the DagBag from /home/raf/pipeline-transform/.venv/lib/python3.9/site-packages/airflow/example_dags/example_sla_dag.py
[2023-05-26 22:12:19,049] {processor.py:651} INFO - DAG(s) dict_keys(['example_sla_dag']) retrieved from /home/raf/pipeline-transform/.venv/lib/python3.9/site-packages/airflow/example_dags/example_sla_dag.py
[2023-05-26 22:12:19,061] {logging_mixin.py:115} INFO - [2023-05-26 22:12:19,061] {dag.py:2379} INFO - Sync 1 DAGs
[2023-05-26 22:12:19,080] {logging_mixin.py:115} INFO - [2023-05-26 22:12:19,079] {dag.py:2927} INFO - Setting next_dagrun for example_sla_dag to 2023-05-27T01:10:00+00:00, run_after=2023-05-27T01:12:00+00:00
[2023-05-26 22:12:19,099] {processor.py:161} INFO - Processing /home/raf/pipeline-transform/.venv/lib/python3.9/site-packages/airflow/example_dags/example_sla_dag.py took 0.072 seconds
[2023-05-26 22:12:54,061] {processor.py:153} INFO - Started process (PID=28428) to work on /home/raf/pipeline-transform/.venv/lib/python3.9/site-packages/airflow/example_dags/example_sla_dag.py
[2023-05-26 22:12:54,063] {processor.py:641} INFO - Processing file /home/raf/pipeline-transform/.venv/lib/python3.9/site-packages/airflow/example_dags/example_sla_dag.py for tasks to queue
[2023-05-26 22:12:54,063] {logging_mixin.py:115} INFO - [2023-05-26 22:12:54,063] {dagbag.py:507} INFO - Filling up the DagBag from /home/raf/pipeline-transform/.venv/lib/python3.9/site-packages/airflow/example_dags/example_sla_dag.py
[2023-05-26 22:12:54,077] {processor.py:651} INFO - DAG(s) dict_keys(['example_sla_dag']) retrieved from /home/raf/pipeline-transform/.venv/lib/python3.9/site-packages/airflow/example_dags/example_sla_dag.py
[2023-05-26 22:12:54,090] {logging_mixin.py:115} INFO - [2023-05-26 22:12:54,090] {dag.py:2379} INFO - Sync 1 DAGs
[2023-05-26 22:12:54,109] {logging_mixin.py:115} INFO - [2023-05-26 22:12:54,109] {dag.py:2927} INFO - Setting next_dagrun for example_sla_dag to 2023-05-27T01:10:00+00:00, run_after=2023-05-27T01:12:00+00:00
[2023-05-26 22:12:54,129] {processor.py:161} INFO - Processing /home/raf/pipeline-transform/.venv/lib/python3.9/site-packages/airflow/example_dags/example_sla_dag.py took 0.070 seconds
[2023-05-26 22:13:28,586] {processor.py:153} INFO - Started process (PID=28565) to work on /home/raf/pipeline-transform/.venv/lib/python3.9/site-packages/airflow/example_dags/example_sla_dag.py
[2023-05-26 22:13:28,594] {processor.py:641} INFO - Processing file /home/raf/pipeline-transform/.venv/lib/python3.9/site-packages/airflow/example_dags/example_sla_dag.py for tasks to queue
[2023-05-26 22:13:28,595] {logging_mixin.py:115} INFO - [2023-05-26 22:13:28,595] {dagbag.py:507} INFO - Filling up the DagBag from /home/raf/pipeline-transform/.venv/lib/python3.9/site-packages/airflow/example_dags/example_sla_dag.py
[2023-05-26 22:13:28,609] {processor.py:651} INFO - DAG(s) dict_keys(['example_sla_dag']) retrieved from /home/raf/pipeline-transform/.venv/lib/python3.9/site-packages/airflow/example_dags/example_sla_dag.py
[2023-05-26 22:13:28,621] {logging_mixin.py:115} INFO - [2023-05-26 22:13:28,621] {dag.py:2379} INFO - Sync 1 DAGs
[2023-05-26 22:13:28,640] {logging_mixin.py:115} INFO - [2023-05-26 22:13:28,640] {dag.py:2927} INFO - Setting next_dagrun for example_sla_dag to 2023-05-27T01:10:00+00:00, run_after=2023-05-27T01:12:00+00:00
[2023-05-26 22:13:28,658] {processor.py:161} INFO - Processing /home/raf/pipeline-transform/.venv/lib/python3.9/site-packages/airflow/example_dags/example_sla_dag.py took 0.074 seconds
[2023-05-26 22:14:01,512] {processor.py:153} INFO - Started process (PID=28650) to work on /home/raf/pipeline-transform/.venv/lib/python3.9/site-packages/airflow/example_dags/example_sla_dag.py
[2023-05-26 22:14:01,531] {processor.py:641} INFO - Processing file /home/raf/pipeline-transform/.venv/lib/python3.9/site-packages/airflow/example_dags/example_sla_dag.py for tasks to queue
[2023-05-26 22:14:01,531] {logging_mixin.py:115} INFO - [2023-05-26 22:14:01,531] {dagbag.py:507} INFO - Filling up the DagBag from /home/raf/pipeline-transform/.venv/lib/python3.9/site-packages/airflow/example_dags/example_sla_dag.py
[2023-05-26 22:14:01,545] {processor.py:651} INFO - DAG(s) dict_keys(['example_sla_dag']) retrieved from /home/raf/pipeline-transform/.venv/lib/python3.9/site-packages/airflow/example_dags/example_sla_dag.py
[2023-05-26 22:14:01,557] {logging_mixin.py:115} INFO - [2023-05-26 22:14:01,557] {dag.py:2379} INFO - Sync 1 DAGs
[2023-05-26 22:14:01,576] {logging_mixin.py:115} INFO - [2023-05-26 22:14:01,576] {dag.py:2927} INFO - Setting next_dagrun for example_sla_dag to 2023-05-27T01:12:00+00:00, run_after=2023-05-27T01:14:00+00:00
[2023-05-26 22:14:01,594] {processor.py:161} INFO - Processing /home/raf/pipeline-transform/.venv/lib/python3.9/site-packages/airflow/example_dags/example_sla_dag.py took 0.085 seconds
[2023-05-26 22:14:33,617] {processor.py:153} INFO - Started process (PID=28727) to work on /home/raf/pipeline-transform/.venv/lib/python3.9/site-packages/airflow/example_dags/example_sla_dag.py
[2023-05-26 22:14:33,618] {processor.py:641} INFO - Processing file /home/raf/pipeline-transform/.venv/lib/python3.9/site-packages/airflow/example_dags/example_sla_dag.py for tasks to queue
[2023-05-26 22:14:33,618] {logging_mixin.py:115} INFO - [2023-05-26 22:14:33,618] {dagbag.py:507} INFO - Filling up the DagBag from /home/raf/pipeline-transform/.venv/lib/python3.9/site-packages/airflow/example_dags/example_sla_dag.py
[2023-05-26 22:14:33,634] {processor.py:651} INFO - DAG(s) dict_keys(['example_sla_dag']) retrieved from /home/raf/pipeline-transform/.venv/lib/python3.9/site-packages/airflow/example_dags/example_sla_dag.py
[2023-05-26 22:14:33,649] {logging_mixin.py:115} INFO - [2023-05-26 22:14:33,649] {dag.py:2379} INFO - Sync 1 DAGs
[2023-05-26 22:14:33,670] {logging_mixin.py:115} INFO - [2023-05-26 22:14:33,670] {dag.py:2927} INFO - Setting next_dagrun for example_sla_dag to 2023-05-27T01:12:00+00:00, run_after=2023-05-27T01:14:00+00:00
[2023-05-26 22:14:33,701] {processor.py:161} INFO - Processing /home/raf/pipeline-transform/.venv/lib/python3.9/site-packages/airflow/example_dags/example_sla_dag.py took 0.087 seconds
[2023-05-26 22:15:08,608] {processor.py:153} INFO - Started process (PID=28814) to work on /home/raf/pipeline-transform/.venv/lib/python3.9/site-packages/airflow/example_dags/example_sla_dag.py
[2023-05-26 22:15:08,624] {processor.py:641} INFO - Processing file /home/raf/pipeline-transform/.venv/lib/python3.9/site-packages/airflow/example_dags/example_sla_dag.py for tasks to queue
[2023-05-26 22:15:08,625] {logging_mixin.py:115} INFO - [2023-05-26 22:15:08,625] {dagbag.py:507} INFO - Filling up the DagBag from /home/raf/pipeline-transform/.venv/lib/python3.9/site-packages/airflow/example_dags/example_sla_dag.py
[2023-05-26 22:15:08,641] {processor.py:651} INFO - DAG(s) dict_keys(['example_sla_dag']) retrieved from /home/raf/pipeline-transform/.venv/lib/python3.9/site-packages/airflow/example_dags/example_sla_dag.py
[2023-05-26 22:15:08,653] {logging_mixin.py:115} INFO - [2023-05-26 22:15:08,653] {dag.py:2379} INFO - Sync 1 DAGs
[2023-05-26 22:15:08,671] {logging_mixin.py:115} INFO - [2023-05-26 22:15:08,671] {dag.py:2927} INFO - Setting next_dagrun for example_sla_dag to 2023-05-27T01:12:00+00:00, run_after=2023-05-27T01:14:00+00:00
[2023-05-26 22:15:08,690] {processor.py:161} INFO - Processing /home/raf/pipeline-transform/.venv/lib/python3.9/site-packages/airflow/example_dags/example_sla_dag.py took 0.084 seconds
[2023-05-26 22:15:41,031] {processor.py:153} INFO - Started process (PID=28895) to work on /home/raf/pipeline-transform/.venv/lib/python3.9/site-packages/airflow/example_dags/example_sla_dag.py
[2023-05-26 22:15:41,052] {processor.py:641} INFO - Processing file /home/raf/pipeline-transform/.venv/lib/python3.9/site-packages/airflow/example_dags/example_sla_dag.py for tasks to queue
[2023-05-26 22:15:41,053] {logging_mixin.py:115} INFO - [2023-05-26 22:15:41,053] {dagbag.py:507} INFO - Filling up the DagBag from /home/raf/pipeline-transform/.venv/lib/python3.9/site-packages/airflow/example_dags/example_sla_dag.py
[2023-05-26 22:15:41,067] {processor.py:651} INFO - DAG(s) dict_keys(['example_sla_dag']) retrieved from /home/raf/pipeline-transform/.venv/lib/python3.9/site-packages/airflow/example_dags/example_sla_dag.py
[2023-05-26 22:15:41,080] {logging_mixin.py:115} INFO - [2023-05-26 22:15:41,080] {dag.py:2379} INFO - Sync 1 DAGs
[2023-05-26 22:15:41,099] {logging_mixin.py:115} INFO - [2023-05-26 22:15:41,099] {dag.py:2927} INFO - Setting next_dagrun for example_sla_dag to 2023-05-27T01:12:00+00:00, run_after=2023-05-27T01:14:00+00:00
[2023-05-26 22:15:41,117] {processor.py:161} INFO - Processing /home/raf/pipeline-transform/.venv/lib/python3.9/site-packages/airflow/example_dags/example_sla_dag.py took 0.089 seconds
[2023-05-26 22:16:17,598] {processor.py:153} INFO - Started process (PID=28986) to work on /home/raf/pipeline-transform/.venv/lib/python3.9/site-packages/airflow/example_dags/example_sla_dag.py
[2023-05-26 22:16:17,602] {processor.py:641} INFO - Processing file /home/raf/pipeline-transform/.venv/lib/python3.9/site-packages/airflow/example_dags/example_sla_dag.py for tasks to queue
[2023-05-26 22:16:17,602] {logging_mixin.py:115} INFO - [2023-05-26 22:16:17,602] {dagbag.py:507} INFO - Filling up the DagBag from /home/raf/pipeline-transform/.venv/lib/python3.9/site-packages/airflow/example_dags/example_sla_dag.py
[2023-05-26 22:16:17,616] {processor.py:651} INFO - DAG(s) dict_keys(['example_sla_dag']) retrieved from /home/raf/pipeline-transform/.venv/lib/python3.9/site-packages/airflow/example_dags/example_sla_dag.py
[2023-05-26 22:16:17,629] {logging_mixin.py:115} INFO - [2023-05-26 22:16:17,629] {dag.py:2379} INFO - Sync 1 DAGs
[2023-05-26 22:16:17,648] {logging_mixin.py:115} INFO - [2023-05-26 22:16:17,647] {dag.py:2927} INFO - Setting next_dagrun for example_sla_dag to 2023-05-27T01:14:00+00:00, run_after=2023-05-27T01:16:00+00:00
[2023-05-26 22:16:17,666] {processor.py:161} INFO - Processing /home/raf/pipeline-transform/.venv/lib/python3.9/site-packages/airflow/example_dags/example_sla_dag.py took 0.070 seconds
[2023-05-26 22:16:50,682] {processor.py:153} INFO - Started process (PID=29067) to work on /home/raf/pipeline-transform/.venv/lib/python3.9/site-packages/airflow/example_dags/example_sla_dag.py
[2023-05-26 22:16:50,683] {processor.py:641} INFO - Processing file /home/raf/pipeline-transform/.venv/lib/python3.9/site-packages/airflow/example_dags/example_sla_dag.py for tasks to queue
[2023-05-26 22:16:50,683] {logging_mixin.py:115} INFO - [2023-05-26 22:16:50,683] {dagbag.py:507} INFO - Filling up the DagBag from /home/raf/pipeline-transform/.venv/lib/python3.9/site-packages/airflow/example_dags/example_sla_dag.py
[2023-05-26 22:16:50,698] {processor.py:651} INFO - DAG(s) dict_keys(['example_sla_dag']) retrieved from /home/raf/pipeline-transform/.venv/lib/python3.9/site-packages/airflow/example_dags/example_sla_dag.py
[2023-05-26 22:16:50,710] {logging_mixin.py:115} INFO - [2023-05-26 22:16:50,710] {dag.py:2379} INFO - Sync 1 DAGs
[2023-05-26 22:16:50,729] {logging_mixin.py:115} INFO - [2023-05-26 22:16:50,729] {dag.py:2927} INFO - Setting next_dagrun for example_sla_dag to 2023-05-27T01:14:00+00:00, run_after=2023-05-27T01:16:00+00:00
[2023-05-26 22:16:50,757] {processor.py:161} INFO - Processing /home/raf/pipeline-transform/.venv/lib/python3.9/site-packages/airflow/example_dags/example_sla_dag.py took 0.078 seconds
[2023-05-26 22:17:25,520] {processor.py:153} INFO - Started process (PID=29154) to work on /home/raf/pipeline-transform/.venv/lib/python3.9/site-packages/airflow/example_dags/example_sla_dag.py
[2023-05-26 22:17:25,546] {processor.py:641} INFO - Processing file /home/raf/pipeline-transform/.venv/lib/python3.9/site-packages/airflow/example_dags/example_sla_dag.py for tasks to queue
[2023-05-26 22:17:25,547] {logging_mixin.py:115} INFO - [2023-05-26 22:17:25,547] {dagbag.py:507} INFO - Filling up the DagBag from /home/raf/pipeline-transform/.venv/lib/python3.9/site-packages/airflow/example_dags/example_sla_dag.py
[2023-05-26 22:17:25,562] {processor.py:651} INFO - DAG(s) dict_keys(['example_sla_dag']) retrieved from /home/raf/pipeline-transform/.venv/lib/python3.9/site-packages/airflow/example_dags/example_sla_dag.py
[2023-05-26 22:17:25,576] {logging_mixin.py:115} INFO - [2023-05-26 22:17:25,576] {dag.py:2379} INFO - Sync 1 DAGs
[2023-05-26 22:17:25,601] {logging_mixin.py:115} INFO - [2023-05-26 22:17:25,601] {dag.py:2927} INFO - Setting next_dagrun for example_sla_dag to 2023-05-27T01:14:00+00:00, run_after=2023-05-27T01:16:00+00:00
[2023-05-26 22:17:25,621] {processor.py:161} INFO - Processing /home/raf/pipeline-transform/.venv/lib/python3.9/site-packages/airflow/example_dags/example_sla_dag.py took 0.103 seconds
[2023-05-26 22:18:04,835] {processor.py:153} INFO - Started process (PID=29249) to work on /home/raf/pipeline-transform/.venv/lib/python3.9/site-packages/airflow/example_dags/example_sla_dag.py
[2023-05-26 22:18:04,839] {processor.py:641} INFO - Processing file /home/raf/pipeline-transform/.venv/lib/python3.9/site-packages/airflow/example_dags/example_sla_dag.py for tasks to queue
[2023-05-26 22:18:04,839] {logging_mixin.py:115} INFO - [2023-05-26 22:18:04,839] {dagbag.py:507} INFO - Filling up the DagBag from /home/raf/pipeline-transform/.venv/lib/python3.9/site-packages/airflow/example_dags/example_sla_dag.py
[2023-05-26 22:18:04,854] {processor.py:651} INFO - DAG(s) dict_keys(['example_sla_dag']) retrieved from /home/raf/pipeline-transform/.venv/lib/python3.9/site-packages/airflow/example_dags/example_sla_dag.py
[2023-05-26 22:18:04,866] {logging_mixin.py:115} INFO - [2023-05-26 22:18:04,866] {dag.py:2379} INFO - Sync 1 DAGs
[2023-05-26 22:18:04,885] {logging_mixin.py:115} INFO - [2023-05-26 22:18:04,885] {dag.py:2927} INFO - Setting next_dagrun for example_sla_dag to 2023-05-27T01:16:00+00:00, run_after=2023-05-27T01:18:00+00:00
[2023-05-26 22:18:04,904] {processor.py:161} INFO - Processing /home/raf/pipeline-transform/.venv/lib/python3.9/site-packages/airflow/example_dags/example_sla_dag.py took 0.070 seconds
[2023-05-26 22:18:38,925] {processor.py:153} INFO - Started process (PID=29383) to work on /home/raf/pipeline-transform/.venv/lib/python3.9/site-packages/airflow/example_dags/example_sla_dag.py
[2023-05-26 22:18:38,933] {processor.py:641} INFO - Processing file /home/raf/pipeline-transform/.venv/lib/python3.9/site-packages/airflow/example_dags/example_sla_dag.py for tasks to queue
[2023-05-26 22:18:38,933] {logging_mixin.py:115} INFO - [2023-05-26 22:18:38,933] {dagbag.py:507} INFO - Filling up the DagBag from /home/raf/pipeline-transform/.venv/lib/python3.9/site-packages/airflow/example_dags/example_sla_dag.py
[2023-05-26 22:18:38,948] {processor.py:651} INFO - DAG(s) dict_keys(['example_sla_dag']) retrieved from /home/raf/pipeline-transform/.venv/lib/python3.9/site-packages/airflow/example_dags/example_sla_dag.py
[2023-05-26 22:18:38,960] {logging_mixin.py:115} INFO - [2023-05-26 22:18:38,960] {dag.py:2379} INFO - Sync 1 DAGs
[2023-05-26 22:18:38,979] {logging_mixin.py:115} INFO - [2023-05-26 22:18:38,979] {dag.py:2927} INFO - Setting next_dagrun for example_sla_dag to 2023-05-27T01:16:00+00:00, run_after=2023-05-27T01:18:00+00:00
[2023-05-26 22:18:38,998] {processor.py:161} INFO - Processing /home/raf/pipeline-transform/.venv/lib/python3.9/site-packages/airflow/example_dags/example_sla_dag.py took 0.076 seconds
[2023-05-26 22:19:16,570] {processor.py:153} INFO - Started process (PID=29536) to work on /home/raf/pipeline-transform/.venv/lib/python3.9/site-packages/airflow/example_dags/example_sla_dag.py
[2023-05-26 22:19:16,573] {processor.py:641} INFO - Processing file /home/raf/pipeline-transform/.venv/lib/python3.9/site-packages/airflow/example_dags/example_sla_dag.py for tasks to queue
[2023-05-26 22:19:16,574] {logging_mixin.py:115} INFO - [2023-05-26 22:19:16,574] {dagbag.py:507} INFO - Filling up the DagBag from /home/raf/pipeline-transform/.venv/lib/python3.9/site-packages/airflow/example_dags/example_sla_dag.py
[2023-05-26 22:19:16,596] {processor.py:651} INFO - DAG(s) dict_keys(['example_sla_dag']) retrieved from /home/raf/pipeline-transform/.venv/lib/python3.9/site-packages/airflow/example_dags/example_sla_dag.py
[2023-05-26 22:19:16,617] {logging_mixin.py:115} INFO - [2023-05-26 22:19:16,617] {dag.py:2379} INFO - Sync 1 DAGs
[2023-05-26 22:19:16,651] {logging_mixin.py:115} INFO - [2023-05-26 22:19:16,650] {dag.py:2927} INFO - Setting next_dagrun for example_sla_dag to 2023-05-27T01:16:00+00:00, run_after=2023-05-27T01:18:00+00:00
[2023-05-26 22:19:16,700] {processor.py:161} INFO - Processing /home/raf/pipeline-transform/.venv/lib/python3.9/site-packages/airflow/example_dags/example_sla_dag.py took 0.133 seconds
[2023-05-26 22:19:51,193] {processor.py:153} INFO - Started process (PID=29726) to work on /home/raf/pipeline-transform/.venv/lib/python3.9/site-packages/airflow/example_dags/example_sla_dag.py
[2023-05-26 22:19:51,195] {processor.py:641} INFO - Processing file /home/raf/pipeline-transform/.venv/lib/python3.9/site-packages/airflow/example_dags/example_sla_dag.py for tasks to queue
[2023-05-26 22:19:51,195] {logging_mixin.py:115} INFO - [2023-05-26 22:19:51,195] {dagbag.py:507} INFO - Filling up the DagBag from /home/raf/pipeline-transform/.venv/lib/python3.9/site-packages/airflow/example_dags/example_sla_dag.py
[2023-05-26 22:19:51,213] {processor.py:651} INFO - DAG(s) dict_keys(['example_sla_dag']) retrieved from /home/raf/pipeline-transform/.venv/lib/python3.9/site-packages/airflow/example_dags/example_sla_dag.py
[2023-05-26 22:19:51,227] {logging_mixin.py:115} INFO - [2023-05-26 22:19:51,227] {dag.py:2379} INFO - Sync 1 DAGs
[2023-05-26 22:19:51,250] {logging_mixin.py:115} INFO - [2023-05-26 22:19:51,250] {dag.py:2927} INFO - Setting next_dagrun for example_sla_dag to 2023-05-27T01:16:00+00:00, run_after=2023-05-27T01:18:00+00:00
[2023-05-26 22:19:51,293] {processor.py:161} INFO - Processing /home/raf/pipeline-transform/.venv/lib/python3.9/site-packages/airflow/example_dags/example_sla_dag.py took 0.103 seconds
[2023-05-26 22:20:35,940] {processor.py:153} INFO - Started process (PID=30237) to work on /home/raf/pipeline-transform/.venv/lib/python3.9/site-packages/airflow/example_dags/example_sla_dag.py
[2023-05-26 22:20:35,952] {processor.py:641} INFO - Processing file /home/raf/pipeline-transform/.venv/lib/python3.9/site-packages/airflow/example_dags/example_sla_dag.py for tasks to queue
[2023-05-26 22:20:35,953] {logging_mixin.py:115} INFO - [2023-05-26 22:20:35,952] {dagbag.py:507} INFO - Filling up the DagBag from /home/raf/pipeline-transform/.venv/lib/python3.9/site-packages/airflow/example_dags/example_sla_dag.py
[2023-05-26 22:20:35,979] {processor.py:651} INFO - DAG(s) dict_keys(['example_sla_dag']) retrieved from /home/raf/pipeline-transform/.venv/lib/python3.9/site-packages/airflow/example_dags/example_sla_dag.py
[2023-05-26 22:20:35,999] {logging_mixin.py:115} INFO - [2023-05-26 22:20:35,999] {dag.py:2379} INFO - Sync 1 DAGs
[2023-05-26 22:20:36,042] {logging_mixin.py:115} INFO - [2023-05-26 22:20:36,042] {dag.py:2927} INFO - Setting next_dagrun for example_sla_dag to 2023-05-27T01:18:00+00:00, run_after=2023-05-27T01:20:00+00:00
[2023-05-26 22:20:36,063] {processor.py:161} INFO - Processing /home/raf/pipeline-transform/.venv/lib/python3.9/site-packages/airflow/example_dags/example_sla_dag.py took 0.129 seconds
[2023-05-26 22:21:11,000] {processor.py:153} INFO - Started process (PID=30433) to work on /home/raf/pipeline-transform/.venv/lib/python3.9/site-packages/airflow/example_dags/example_sla_dag.py
[2023-05-26 22:21:11,014] {processor.py:641} INFO - Processing file /home/raf/pipeline-transform/.venv/lib/python3.9/site-packages/airflow/example_dags/example_sla_dag.py for tasks to queue
[2023-05-26 22:21:11,014] {logging_mixin.py:115} INFO - [2023-05-26 22:21:11,014] {dagbag.py:507} INFO - Filling up the DagBag from /home/raf/pipeline-transform/.venv/lib/python3.9/site-packages/airflow/example_dags/example_sla_dag.py
[2023-05-26 22:21:11,034] {processor.py:651} INFO - DAG(s) dict_keys(['example_sla_dag']) retrieved from /home/raf/pipeline-transform/.venv/lib/python3.9/site-packages/airflow/example_dags/example_sla_dag.py
[2023-05-26 22:21:11,053] {logging_mixin.py:115} INFO - [2023-05-26 22:21:11,053] {dag.py:2379} INFO - Sync 1 DAGs
[2023-05-26 22:21:11,084] {logging_mixin.py:115} INFO - [2023-05-26 22:21:11,083] {dag.py:2927} INFO - Setting next_dagrun for example_sla_dag to 2023-05-27T01:18:00+00:00, run_after=2023-05-27T01:20:00+00:00
[2023-05-26 22:21:11,125] {processor.py:161} INFO - Processing /home/raf/pipeline-transform/.venv/lib/python3.9/site-packages/airflow/example_dags/example_sla_dag.py took 0.128 seconds
[2023-05-26 22:21:46,446] {processor.py:153} INFO - Started process (PID=30628) to work on /home/raf/pipeline-transform/.venv/lib/python3.9/site-packages/airflow/example_dags/example_sla_dag.py
[2023-05-26 22:21:46,462] {processor.py:641} INFO - Processing file /home/raf/pipeline-transform/.venv/lib/python3.9/site-packages/airflow/example_dags/example_sla_dag.py for tasks to queue
[2023-05-26 22:21:46,463] {logging_mixin.py:115} INFO - [2023-05-26 22:21:46,463] {dagbag.py:507} INFO - Filling up the DagBag from /home/raf/pipeline-transform/.venv/lib/python3.9/site-packages/airflow/example_dags/example_sla_dag.py
[2023-05-26 22:21:46,504] {processor.py:651} INFO - DAG(s) dict_keys(['example_sla_dag']) retrieved from /home/raf/pipeline-transform/.venv/lib/python3.9/site-packages/airflow/example_dags/example_sla_dag.py
[2023-05-26 22:21:46,530] {logging_mixin.py:115} INFO - [2023-05-26 22:21:46,530] {dag.py:2379} INFO - Sync 1 DAGs
[2023-05-26 22:21:46,583] {logging_mixin.py:115} INFO - [2023-05-26 22:21:46,583] {dag.py:2927} INFO - Setting next_dagrun for example_sla_dag to 2023-05-27T01:18:00+00:00, run_after=2023-05-27T01:20:00+00:00
[2023-05-26 22:21:46,633] {processor.py:161} INFO - Processing /home/raf/pipeline-transform/.venv/lib/python3.9/site-packages/airflow/example_dags/example_sla_dag.py took 0.190 seconds
[2023-05-26 22:22:24,269] {processor.py:153} INFO - Started process (PID=31029) to work on /home/raf/pipeline-transform/.venv/lib/python3.9/site-packages/airflow/example_dags/example_sla_dag.py
[2023-05-26 22:22:24,282] {processor.py:641} INFO - Processing file /home/raf/pipeline-transform/.venv/lib/python3.9/site-packages/airflow/example_dags/example_sla_dag.py for tasks to queue
[2023-05-26 22:22:24,283] {logging_mixin.py:115} INFO - [2023-05-26 22:22:24,283] {dagbag.py:507} INFO - Filling up the DagBag from /home/raf/pipeline-transform/.venv/lib/python3.9/site-packages/airflow/example_dags/example_sla_dag.py
[2023-05-26 22:22:24,297] {processor.py:651} INFO - DAG(s) dict_keys(['example_sla_dag']) retrieved from /home/raf/pipeline-transform/.venv/lib/python3.9/site-packages/airflow/example_dags/example_sla_dag.py
[2023-05-26 22:22:24,310] {logging_mixin.py:115} INFO - [2023-05-26 22:22:24,310] {dag.py:2379} INFO - Sync 1 DAGs
[2023-05-26 22:22:24,328] {logging_mixin.py:115} INFO - [2023-05-26 22:22:24,328] {dag.py:2927} INFO - Setting next_dagrun for example_sla_dag to 2023-05-27T01:20:00+00:00, run_after=2023-05-27T01:22:00+00:00
[2023-05-26 22:22:24,346] {processor.py:161} INFO - Processing /home/raf/pipeline-transform/.venv/lib/python3.9/site-packages/airflow/example_dags/example_sla_dag.py took 0.080 seconds
[2023-05-26 22:22:58,281] {processor.py:153} INFO - Started process (PID=31115) to work on /home/raf/pipeline-transform/.venv/lib/python3.9/site-packages/airflow/example_dags/example_sla_dag.py
[2023-05-26 22:22:58,283] {processor.py:641} INFO - Processing file /home/raf/pipeline-transform/.venv/lib/python3.9/site-packages/airflow/example_dags/example_sla_dag.py for tasks to queue
[2023-05-26 22:22:58,284] {logging_mixin.py:115} INFO - [2023-05-26 22:22:58,284] {dagbag.py:507} INFO - Filling up the DagBag from /home/raf/pipeline-transform/.venv/lib/python3.9/site-packages/airflow/example_dags/example_sla_dag.py
[2023-05-26 22:22:58,298] {processor.py:651} INFO - DAG(s) dict_keys(['example_sla_dag']) retrieved from /home/raf/pipeline-transform/.venv/lib/python3.9/site-packages/airflow/example_dags/example_sla_dag.py
[2023-05-26 22:22:58,311] {logging_mixin.py:115} INFO - [2023-05-26 22:22:58,311] {dag.py:2379} INFO - Sync 1 DAGs
[2023-05-26 22:22:58,330] {logging_mixin.py:115} INFO - [2023-05-26 22:22:58,330] {dag.py:2927} INFO - Setting next_dagrun for example_sla_dag to 2023-05-27T01:20:00+00:00, run_after=2023-05-27T01:22:00+00:00
[2023-05-26 22:22:58,350] {processor.py:161} INFO - Processing /home/raf/pipeline-transform/.venv/lib/python3.9/site-packages/airflow/example_dags/example_sla_dag.py took 0.071 seconds
[2023-05-26 22:23:33,191] {processor.py:153} INFO - Started process (PID=31210) to work on /home/raf/pipeline-transform/.venv/lib/python3.9/site-packages/airflow/example_dags/example_sla_dag.py
[2023-05-26 22:23:33,212] {processor.py:641} INFO - Processing file /home/raf/pipeline-transform/.venv/lib/python3.9/site-packages/airflow/example_dags/example_sla_dag.py for tasks to queue
[2023-05-26 22:23:33,212] {logging_mixin.py:115} INFO - [2023-05-26 22:23:33,212] {dagbag.py:507} INFO - Filling up the DagBag from /home/raf/pipeline-transform/.venv/lib/python3.9/site-packages/airflow/example_dags/example_sla_dag.py
[2023-05-26 22:23:33,227] {processor.py:651} INFO - DAG(s) dict_keys(['example_sla_dag']) retrieved from /home/raf/pipeline-transform/.venv/lib/python3.9/site-packages/airflow/example_dags/example_sla_dag.py
[2023-05-26 22:23:33,241] {logging_mixin.py:115} INFO - [2023-05-26 22:23:33,241] {dag.py:2379} INFO - Sync 1 DAGs
[2023-05-26 22:23:33,263] {logging_mixin.py:115} INFO - [2023-05-26 22:23:33,263] {dag.py:2927} INFO - Setting next_dagrun for example_sla_dag to 2023-05-27T01:20:00+00:00, run_after=2023-05-27T01:22:00+00:00
[2023-05-26 22:23:33,284] {processor.py:161} INFO - Processing /home/raf/pipeline-transform/.venv/lib/python3.9/site-packages/airflow/example_dags/example_sla_dag.py took 0.096 seconds
[2023-05-26 22:24:08,871] {processor.py:153} INFO - Started process (PID=31296) to work on /home/raf/pipeline-transform/.venv/lib/python3.9/site-packages/airflow/example_dags/example_sla_dag.py
[2023-05-26 22:24:08,894] {processor.py:641} INFO - Processing file /home/raf/pipeline-transform/.venv/lib/python3.9/site-packages/airflow/example_dags/example_sla_dag.py for tasks to queue
[2023-05-26 22:24:08,894] {logging_mixin.py:115} INFO - [2023-05-26 22:24:08,894] {dagbag.py:507} INFO - Filling up the DagBag from /home/raf/pipeline-transform/.venv/lib/python3.9/site-packages/airflow/example_dags/example_sla_dag.py
[2023-05-26 22:24:08,912] {processor.py:651} INFO - DAG(s) dict_keys(['example_sla_dag']) retrieved from /home/raf/pipeline-transform/.venv/lib/python3.9/site-packages/airflow/example_dags/example_sla_dag.py
[2023-05-26 22:24:08,928] {logging_mixin.py:115} INFO - [2023-05-26 22:24:08,928] {dag.py:2379} INFO - Sync 1 DAGs
[2023-05-26 22:24:08,949] {logging_mixin.py:115} INFO - [2023-05-26 22:24:08,949] {dag.py:2927} INFO - Setting next_dagrun for example_sla_dag to 2023-05-27T01:22:00+00:00, run_after=2023-05-27T01:24:00+00:00
[2023-05-26 22:24:08,968] {processor.py:161} INFO - Processing /home/raf/pipeline-transform/.venv/lib/python3.9/site-packages/airflow/example_dags/example_sla_dag.py took 0.099 seconds
[2023-05-26 22:24:43,185] {processor.py:153} INFO - Started process (PID=31383) to work on /home/raf/pipeline-transform/.venv/lib/python3.9/site-packages/airflow/example_dags/example_sla_dag.py
[2023-05-26 22:24:43,208] {processor.py:641} INFO - Processing file /home/raf/pipeline-transform/.venv/lib/python3.9/site-packages/airflow/example_dags/example_sla_dag.py for tasks to queue
[2023-05-26 22:24:43,208] {logging_mixin.py:115} INFO - [2023-05-26 22:24:43,208] {dagbag.py:507} INFO - Filling up the DagBag from /home/raf/pipeline-transform/.venv/lib/python3.9/site-packages/airflow/example_dags/example_sla_dag.py
[2023-05-26 22:24:43,227] {processor.py:651} INFO - DAG(s) dict_keys(['example_sla_dag']) retrieved from /home/raf/pipeline-transform/.venv/lib/python3.9/site-packages/airflow/example_dags/example_sla_dag.py
[2023-05-26 22:24:43,240] {logging_mixin.py:115} INFO - [2023-05-26 22:24:43,240] {dag.py:2379} INFO - Sync 1 DAGs
[2023-05-26 22:24:43,259] {logging_mixin.py:115} INFO - [2023-05-26 22:24:43,259] {dag.py:2927} INFO - Setting next_dagrun for example_sla_dag to 2023-05-27T01:22:00+00:00, run_after=2023-05-27T01:24:00+00:00
[2023-05-26 22:24:43,278] {processor.py:161} INFO - Processing /home/raf/pipeline-transform/.venv/lib/python3.9/site-packages/airflow/example_dags/example_sla_dag.py took 0.096 seconds
[2023-05-26 22:25:19,183] {processor.py:153} INFO - Started process (PID=31548) to work on /home/raf/pipeline-transform/.venv/lib/python3.9/site-packages/airflow/example_dags/example_sla_dag.py
[2023-05-26 22:25:19,208] {processor.py:641} INFO - Processing file /home/raf/pipeline-transform/.venv/lib/python3.9/site-packages/airflow/example_dags/example_sla_dag.py for tasks to queue
[2023-05-26 22:25:19,209] {logging_mixin.py:115} INFO - [2023-05-26 22:25:19,209] {dagbag.py:507} INFO - Filling up the DagBag from /home/raf/pipeline-transform/.venv/lib/python3.9/site-packages/airflow/example_dags/example_sla_dag.py
[2023-05-26 22:25:19,229] {processor.py:651} INFO - DAG(s) dict_keys(['example_sla_dag']) retrieved from /home/raf/pipeline-transform/.venv/lib/python3.9/site-packages/airflow/example_dags/example_sla_dag.py
[2023-05-26 22:25:19,255] {logging_mixin.py:115} INFO - [2023-05-26 22:25:19,254] {dag.py:2379} INFO - Sync 1 DAGs
[2023-05-26 22:25:19,275] {logging_mixin.py:115} INFO - [2023-05-26 22:25:19,275] {dag.py:2927} INFO - Setting next_dagrun for example_sla_dag to 2023-05-27T01:22:00+00:00, run_after=2023-05-27T01:24:00+00:00
[2023-05-26 22:25:19,294] {processor.py:161} INFO - Processing /home/raf/pipeline-transform/.venv/lib/python3.9/site-packages/airflow/example_dags/example_sla_dag.py took 0.113 seconds
[2023-05-26 22:25:59,662] {processor.py:153} INFO - Started process (PID=31825) to work on /home/raf/pipeline-transform/.venv/lib/python3.9/site-packages/airflow/example_dags/example_sla_dag.py
[2023-05-26 22:25:59,678] {processor.py:641} INFO - Processing file /home/raf/pipeline-transform/.venv/lib/python3.9/site-packages/airflow/example_dags/example_sla_dag.py for tasks to queue
[2023-05-26 22:25:59,679] {logging_mixin.py:115} INFO - [2023-05-26 22:25:59,679] {dagbag.py:507} INFO - Filling up the DagBag from /home/raf/pipeline-transform/.venv/lib/python3.9/site-packages/airflow/example_dags/example_sla_dag.py
[2023-05-26 22:25:59,772] {processor.py:651} INFO - DAG(s) dict_keys(['example_sla_dag']) retrieved from /home/raf/pipeline-transform/.venv/lib/python3.9/site-packages/airflow/example_dags/example_sla_dag.py
[2023-05-26 22:25:59,851] {logging_mixin.py:115} INFO - [2023-05-26 22:25:59,850] {dag.py:2379} INFO - Sync 1 DAGs
[2023-05-26 22:25:59,909] {logging_mixin.py:115} INFO - [2023-05-26 22:25:59,909] {dag.py:2927} INFO - Setting next_dagrun for example_sla_dag to 2023-05-27T01:22:00+00:00, run_after=2023-05-27T01:24:00+00:00
[2023-05-26 22:25:59,958] {processor.py:161} INFO - Processing /home/raf/pipeline-transform/.venv/lib/python3.9/site-packages/airflow/example_dags/example_sla_dag.py took 0.332 seconds
[2023-05-26 22:26:35,046] {processor.py:153} INFO - Started process (PID=31924) to work on /home/raf/pipeline-transform/.venv/lib/python3.9/site-packages/airflow/example_dags/example_sla_dag.py
[2023-05-26 22:26:35,063] {processor.py:641} INFO - Processing file /home/raf/pipeline-transform/.venv/lib/python3.9/site-packages/airflow/example_dags/example_sla_dag.py for tasks to queue
[2023-05-26 22:26:35,064] {logging_mixin.py:115} INFO - [2023-05-26 22:26:35,064] {dagbag.py:507} INFO - Filling up the DagBag from /home/raf/pipeline-transform/.venv/lib/python3.9/site-packages/airflow/example_dags/example_sla_dag.py
[2023-05-26 22:26:35,080] {processor.py:651} INFO - DAG(s) dict_keys(['example_sla_dag']) retrieved from /home/raf/pipeline-transform/.venv/lib/python3.9/site-packages/airflow/example_dags/example_sla_dag.py
[2023-05-26 22:26:35,093] {logging_mixin.py:115} INFO - [2023-05-26 22:26:35,093] {dag.py:2379} INFO - Sync 1 DAGs
[2023-05-26 22:26:35,114] {logging_mixin.py:115} INFO - [2023-05-26 22:26:35,114] {dag.py:2927} INFO - Setting next_dagrun for example_sla_dag to 2023-05-27T01:24:00+00:00, run_after=2023-05-27T01:26:00+00:00
[2023-05-26 22:26:35,133] {processor.py:161} INFO - Processing /home/raf/pipeline-transform/.venv/lib/python3.9/site-packages/airflow/example_dags/example_sla_dag.py took 0.089 seconds
[2023-05-26 22:27:14,273] {processor.py:153} INFO - Started process (PID=32069) to work on /home/raf/pipeline-transform/.venv/lib/python3.9/site-packages/airflow/example_dags/example_sla_dag.py
[2023-05-26 22:27:14,277] {processor.py:641} INFO - Processing file /home/raf/pipeline-transform/.venv/lib/python3.9/site-packages/airflow/example_dags/example_sla_dag.py for tasks to queue
[2023-05-26 22:27:14,277] {logging_mixin.py:115} INFO - [2023-05-26 22:27:14,277] {dagbag.py:507} INFO - Filling up the DagBag from /home/raf/pipeline-transform/.venv/lib/python3.9/site-packages/airflow/example_dags/example_sla_dag.py
[2023-05-26 22:27:14,293] {processor.py:651} INFO - DAG(s) dict_keys(['example_sla_dag']) retrieved from /home/raf/pipeline-transform/.venv/lib/python3.9/site-packages/airflow/example_dags/example_sla_dag.py
[2023-05-26 22:27:14,306] {logging_mixin.py:115} INFO - [2023-05-26 22:27:14,306] {dag.py:2379} INFO - Sync 1 DAGs
[2023-05-26 22:27:14,325] {logging_mixin.py:115} INFO - [2023-05-26 22:27:14,325] {dag.py:2927} INFO - Setting next_dagrun for example_sla_dag to 2023-05-27T01:24:00+00:00, run_after=2023-05-27T01:26:00+00:00
[2023-05-26 22:27:14,343] {processor.py:161} INFO - Processing /home/raf/pipeline-transform/.venv/lib/python3.9/site-packages/airflow/example_dags/example_sla_dag.py took 0.073 seconds
[2023-05-26 22:27:52,096] {processor.py:153} INFO - Started process (PID=32201) to work on /home/raf/pipeline-transform/.venv/lib/python3.9/site-packages/airflow/example_dags/example_sla_dag.py
[2023-05-26 22:27:52,116] {processor.py:641} INFO - Processing file /home/raf/pipeline-transform/.venv/lib/python3.9/site-packages/airflow/example_dags/example_sla_dag.py for tasks to queue
[2023-05-26 22:27:52,117] {logging_mixin.py:115} INFO - [2023-05-26 22:27:52,117] {dagbag.py:507} INFO - Filling up the DagBag from /home/raf/pipeline-transform/.venv/lib/python3.9/site-packages/airflow/example_dags/example_sla_dag.py
[2023-05-26 22:27:52,137] {processor.py:651} INFO - DAG(s) dict_keys(['example_sla_dag']) retrieved from /home/raf/pipeline-transform/.venv/lib/python3.9/site-packages/airflow/example_dags/example_sla_dag.py
[2023-05-26 22:27:52,154] {logging_mixin.py:115} INFO - [2023-05-26 22:27:52,154] {dag.py:2379} INFO - Sync 1 DAGs
[2023-05-26 22:27:52,178] {logging_mixin.py:115} INFO - [2023-05-26 22:27:52,177] {dag.py:2927} INFO - Setting next_dagrun for example_sla_dag to 2023-05-27T01:24:00+00:00, run_after=2023-05-27T01:26:00+00:00
[2023-05-26 22:27:52,203] {processor.py:161} INFO - Processing /home/raf/pipeline-transform/.venv/lib/python3.9/site-packages/airflow/example_dags/example_sla_dag.py took 0.109 seconds
[2023-05-26 22:28:33,253] {processor.py:153} INFO - Started process (PID=32306) to work on /home/raf/pipeline-transform/.venv/lib/python3.9/site-packages/airflow/example_dags/example_sla_dag.py
[2023-05-26 22:28:33,274] {processor.py:641} INFO - Processing file /home/raf/pipeline-transform/.venv/lib/python3.9/site-packages/airflow/example_dags/example_sla_dag.py for tasks to queue
[2023-05-26 22:28:33,275] {logging_mixin.py:115} INFO - [2023-05-26 22:28:33,275] {dagbag.py:507} INFO - Filling up the DagBag from /home/raf/pipeline-transform/.venv/lib/python3.9/site-packages/airflow/example_dags/example_sla_dag.py
[2023-05-26 22:28:33,289] {processor.py:651} INFO - DAG(s) dict_keys(['example_sla_dag']) retrieved from /home/raf/pipeline-transform/.venv/lib/python3.9/site-packages/airflow/example_dags/example_sla_dag.py
[2023-05-26 22:28:33,302] {logging_mixin.py:115} INFO - [2023-05-26 22:28:33,302] {dag.py:2379} INFO - Sync 1 DAGs
[2023-05-26 22:28:33,321] {logging_mixin.py:115} INFO - [2023-05-26 22:28:33,321] {dag.py:2927} INFO - Setting next_dagrun for example_sla_dag to 2023-05-27T01:26:00+00:00, run_after=2023-05-27T01:28:00+00:00
[2023-05-26 22:28:33,340] {processor.py:161} INFO - Processing /home/raf/pipeline-transform/.venv/lib/python3.9/site-packages/airflow/example_dags/example_sla_dag.py took 0.090 seconds
[2023-05-26 22:29:11,744] {processor.py:153} INFO - Started process (PID=32403) to work on /home/raf/pipeline-transform/.venv/lib/python3.9/site-packages/airflow/example_dags/example_sla_dag.py
[2023-05-26 22:29:11,757] {processor.py:641} INFO - Processing file /home/raf/pipeline-transform/.venv/lib/python3.9/site-packages/airflow/example_dags/example_sla_dag.py for tasks to queue
[2023-05-26 22:29:11,758] {logging_mixin.py:115} INFO - [2023-05-26 22:29:11,757] {dagbag.py:507} INFO - Filling up the DagBag from /home/raf/pipeline-transform/.venv/lib/python3.9/site-packages/airflow/example_dags/example_sla_dag.py
[2023-05-26 22:29:11,772] {processor.py:651} INFO - DAG(s) dict_keys(['example_sla_dag']) retrieved from /home/raf/pipeline-transform/.venv/lib/python3.9/site-packages/airflow/example_dags/example_sla_dag.py
[2023-05-26 22:29:11,785] {logging_mixin.py:115} INFO - [2023-05-26 22:29:11,785] {dag.py:2379} INFO - Sync 1 DAGs
[2023-05-26 22:29:11,805] {logging_mixin.py:115} INFO - [2023-05-26 22:29:11,805] {dag.py:2927} INFO - Setting next_dagrun for example_sla_dag to 2023-05-27T01:26:00+00:00, run_after=2023-05-27T01:28:00+00:00
[2023-05-26 22:29:11,824] {processor.py:161} INFO - Processing /home/raf/pipeline-transform/.venv/lib/python3.9/site-packages/airflow/example_dags/example_sla_dag.py took 0.082 seconds
[2023-05-26 22:29:47,334] {processor.py:153} INFO - Started process (PID=32493) to work on /home/raf/pipeline-transform/.venv/lib/python3.9/site-packages/airflow/example_dags/example_sla_dag.py
[2023-05-26 22:29:47,358] {processor.py:641} INFO - Processing file /home/raf/pipeline-transform/.venv/lib/python3.9/site-packages/airflow/example_dags/example_sla_dag.py for tasks to queue
[2023-05-26 22:29:47,358] {logging_mixin.py:115} INFO - [2023-05-26 22:29:47,358] {dagbag.py:507} INFO - Filling up the DagBag from /home/raf/pipeline-transform/.venv/lib/python3.9/site-packages/airflow/example_dags/example_sla_dag.py
[2023-05-26 22:29:47,376] {processor.py:651} INFO - DAG(s) dict_keys(['example_sla_dag']) retrieved from /home/raf/pipeline-transform/.venv/lib/python3.9/site-packages/airflow/example_dags/example_sla_dag.py
[2023-05-26 22:29:47,392] {logging_mixin.py:115} INFO - [2023-05-26 22:29:47,391] {dag.py:2379} INFO - Sync 1 DAGs
[2023-05-26 22:29:47,413] {logging_mixin.py:115} INFO - [2023-05-26 22:29:47,413] {dag.py:2927} INFO - Setting next_dagrun for example_sla_dag to 2023-05-27T01:26:00+00:00, run_after=2023-05-27T01:28:00+00:00
[2023-05-26 22:29:47,429] {processor.py:161} INFO - Processing /home/raf/pipeline-transform/.venv/lib/python3.9/site-packages/airflow/example_dags/example_sla_dag.py took 0.097 seconds
[2023-05-26 22:30:23,623] {processor.py:153} INFO - Started process (PID=32637) to work on /home/raf/pipeline-transform/.venv/lib/python3.9/site-packages/airflow/example_dags/example_sla_dag.py
[2023-05-26 22:30:23,649] {processor.py:641} INFO - Processing file /home/raf/pipeline-transform/.venv/lib/python3.9/site-packages/airflow/example_dags/example_sla_dag.py for tasks to queue
[2023-05-26 22:30:23,650] {logging_mixin.py:115} INFO - [2023-05-26 22:30:23,650] {dagbag.py:507} INFO - Filling up the DagBag from /home/raf/pipeline-transform/.venv/lib/python3.9/site-packages/airflow/example_dags/example_sla_dag.py
[2023-05-26 22:30:23,664] {processor.py:651} INFO - DAG(s) dict_keys(['example_sla_dag']) retrieved from /home/raf/pipeline-transform/.venv/lib/python3.9/site-packages/airflow/example_dags/example_sla_dag.py
[2023-05-26 22:30:23,677] {logging_mixin.py:115} INFO - [2023-05-26 22:30:23,677] {dag.py:2379} INFO - Sync 1 DAGs
[2023-05-26 22:30:23,700] {logging_mixin.py:115} INFO - [2023-05-26 22:30:23,700] {dag.py:2927} INFO - Setting next_dagrun for example_sla_dag to 2023-05-27T01:28:00+00:00, run_after=2023-05-27T01:30:00+00:00
[2023-05-26 22:30:23,720] {processor.py:161} INFO - Processing /home/raf/pipeline-transform/.venv/lib/python3.9/site-packages/airflow/example_dags/example_sla_dag.py took 0.099 seconds
[2023-05-26 22:30:59,853] {processor.py:153} INFO - Started process (PID=335) to work on /home/raf/pipeline-transform/.venv/lib/python3.9/site-packages/airflow/example_dags/example_sla_dag.py
[2023-05-26 22:30:59,880] {processor.py:641} INFO - Processing file /home/raf/pipeline-transform/.venv/lib/python3.9/site-packages/airflow/example_dags/example_sla_dag.py for tasks to queue
[2023-05-26 22:30:59,881] {logging_mixin.py:115} INFO - [2023-05-26 22:30:59,881] {dagbag.py:507} INFO - Filling up the DagBag from /home/raf/pipeline-transform/.venv/lib/python3.9/site-packages/airflow/example_dags/example_sla_dag.py
[2023-05-26 22:30:59,906] {processor.py:651} INFO - DAG(s) dict_keys(['example_sla_dag']) retrieved from /home/raf/pipeline-transform/.venv/lib/python3.9/site-packages/airflow/example_dags/example_sla_dag.py
[2023-05-26 22:30:59,934] {logging_mixin.py:115} INFO - [2023-05-26 22:30:59,933] {dag.py:2379} INFO - Sync 1 DAGs
[2023-05-26 22:30:59,974] {logging_mixin.py:115} INFO - [2023-05-26 22:30:59,974] {dag.py:2927} INFO - Setting next_dagrun for example_sla_dag to 2023-05-27T01:28:00+00:00, run_after=2023-05-27T01:30:00+00:00
[2023-05-26 22:31:00,060] {processor.py:161} INFO - Processing /home/raf/pipeline-transform/.venv/lib/python3.9/site-packages/airflow/example_dags/example_sla_dag.py took 0.216 seconds
[2023-05-26 22:31:38,367] {processor.py:153} INFO - Started process (PID=459) to work on /home/raf/pipeline-transform/.venv/lib/python3.9/site-packages/airflow/example_dags/example_sla_dag.py
[2023-05-26 22:31:38,370] {processor.py:641} INFO - Processing file /home/raf/pipeline-transform/.venv/lib/python3.9/site-packages/airflow/example_dags/example_sla_dag.py for tasks to queue
[2023-05-26 22:31:38,371] {logging_mixin.py:115} INFO - [2023-05-26 22:31:38,371] {dagbag.py:507} INFO - Filling up the DagBag from /home/raf/pipeline-transform/.venv/lib/python3.9/site-packages/airflow/example_dags/example_sla_dag.py
[2023-05-26 22:31:38,387] {processor.py:651} INFO - DAG(s) dict_keys(['example_sla_dag']) retrieved from /home/raf/pipeline-transform/.venv/lib/python3.9/site-packages/airflow/example_dags/example_sla_dag.py
[2023-05-26 22:31:38,401] {logging_mixin.py:115} INFO - [2023-05-26 22:31:38,401] {dag.py:2379} INFO - Sync 1 DAGs
[2023-05-26 22:31:38,423] {logging_mixin.py:115} INFO - [2023-05-26 22:31:38,423] {dag.py:2927} INFO - Setting next_dagrun for example_sla_dag to 2023-05-27T01:28:00+00:00, run_after=2023-05-27T01:30:00+00:00
[2023-05-26 22:31:38,444] {processor.py:161} INFO - Processing /home/raf/pipeline-transform/.venv/lib/python3.9/site-packages/airflow/example_dags/example_sla_dag.py took 0.080 seconds
[2023-05-26 22:32:14,407] {processor.py:153} INFO - Started process (PID=650) to work on /home/raf/pipeline-transform/.venv/lib/python3.9/site-packages/airflow/example_dags/example_sla_dag.py
[2023-05-26 22:32:14,412] {processor.py:641} INFO - Processing file /home/raf/pipeline-transform/.venv/lib/python3.9/site-packages/airflow/example_dags/example_sla_dag.py for tasks to queue
[2023-05-26 22:32:14,413] {logging_mixin.py:115} INFO - [2023-05-26 22:32:14,413] {dagbag.py:507} INFO - Filling up the DagBag from /home/raf/pipeline-transform/.venv/lib/python3.9/site-packages/airflow/example_dags/example_sla_dag.py
[2023-05-26 22:32:14,427] {processor.py:651} INFO - DAG(s) dict_keys(['example_sla_dag']) retrieved from /home/raf/pipeline-transform/.venv/lib/python3.9/site-packages/airflow/example_dags/example_sla_dag.py
[2023-05-26 22:32:14,441] {logging_mixin.py:115} INFO - [2023-05-26 22:32:14,441] {dag.py:2379} INFO - Sync 1 DAGs
[2023-05-26 22:32:14,459] {logging_mixin.py:115} INFO - [2023-05-26 22:32:14,459] {dag.py:2927} INFO - Setting next_dagrun for example_sla_dag to 2023-05-27T01:30:00+00:00, run_after=2023-05-27T01:32:00+00:00
[2023-05-26 22:32:14,477] {processor.py:161} INFO - Processing /home/raf/pipeline-transform/.venv/lib/python3.9/site-packages/airflow/example_dags/example_sla_dag.py took 0.073 seconds
