[2023-05-26 22:03:30,790] {processor.py:153} INFO - Started process (PID=25964) to work on /home/raf/pipeline-transform/.venv/lib/python3.9/site-packages/airflow/example_dags/example_branch_day_of_week_operator.py
[2023-05-26 22:03:30,791] {processor.py:641} INFO - Processing file /home/raf/pipeline-transform/.venv/lib/python3.9/site-packages/airflow/example_dags/example_branch_day_of_week_operator.py for tasks to queue
[2023-05-26 22:03:30,792] {logging_mixin.py:115} INFO - [2023-05-26 22:03:30,792] {dagbag.py:507} INFO - Filling up the DagBag from /home/raf/pipeline-transform/.venv/lib/python3.9/site-packages/airflow/example_dags/example_branch_day_of_week_operator.py
[2023-05-26 22:03:30,799] {processor.py:651} INFO - DAG(s) dict_keys(['example_weekday_branch_operator']) retrieved from /home/raf/pipeline-transform/.venv/lib/python3.9/site-packages/airflow/example_dags/example_branch_day_of_week_operator.py
[2023-05-26 22:03:30,855] {logging_mixin.py:115} INFO - [2023-05-26 22:03:30,855] {dag.py:2379} INFO - Sync 1 DAGs
[2023-05-26 22:03:30,886] {logging_mixin.py:115} INFO - [2023-05-26 22:03:30,886] {dag.py:2927} INFO - Setting next_dagrun for example_weekday_branch_operator to 2023-05-26T00:00:00+00:00, run_after=2023-05-27T00:00:00+00:00
[2023-05-26 22:03:30,944] {processor.py:161} INFO - Processing /home/raf/pipeline-transform/.venv/lib/python3.9/site-packages/airflow/example_dags/example_branch_day_of_week_operator.py took 0.156 seconds
[2023-05-26 22:04:05,880] {processor.py:153} INFO - Started process (PID=26256) to work on /home/raf/pipeline-transform/.venv/lib/python3.9/site-packages/airflow/example_dags/example_branch_day_of_week_operator.py
[2023-05-26 22:04:05,886] {processor.py:641} INFO - Processing file /home/raf/pipeline-transform/.venv/lib/python3.9/site-packages/airflow/example_dags/example_branch_day_of_week_operator.py for tasks to queue
[2023-05-26 22:04:05,887] {logging_mixin.py:115} INFO - [2023-05-26 22:04:05,887] {dagbag.py:507} INFO - Filling up the DagBag from /home/raf/pipeline-transform/.venv/lib/python3.9/site-packages/airflow/example_dags/example_branch_day_of_week_operator.py
[2023-05-26 22:04:05,893] {processor.py:651} INFO - DAG(s) dict_keys(['example_weekday_branch_operator']) retrieved from /home/raf/pipeline-transform/.venv/lib/python3.9/site-packages/airflow/example_dags/example_branch_day_of_week_operator.py
[2023-05-26 22:04:05,906] {logging_mixin.py:115} INFO - [2023-05-26 22:04:05,906] {dag.py:2379} INFO - Sync 1 DAGs
[2023-05-26 22:04:05,921] {logging_mixin.py:115} INFO - [2023-05-26 22:04:05,921] {dag.py:2927} INFO - Setting next_dagrun for example_weekday_branch_operator to 2023-05-26T00:00:00+00:00, run_after=2023-05-27T00:00:00+00:00
[2023-05-26 22:04:05,939] {processor.py:161} INFO - Processing /home/raf/pipeline-transform/.venv/lib/python3.9/site-packages/airflow/example_dags/example_branch_day_of_week_operator.py took 0.062 seconds
[2023-05-26 22:04:41,612] {processor.py:153} INFO - Started process (PID=26415) to work on /home/raf/pipeline-transform/.venv/lib/python3.9/site-packages/airflow/example_dags/example_branch_day_of_week_operator.py
[2023-05-26 22:04:41,620] {processor.py:641} INFO - Processing file /home/raf/pipeline-transform/.venv/lib/python3.9/site-packages/airflow/example_dags/example_branch_day_of_week_operator.py for tasks to queue
[2023-05-26 22:04:41,620] {logging_mixin.py:115} INFO - [2023-05-26 22:04:41,620] {dagbag.py:507} INFO - Filling up the DagBag from /home/raf/pipeline-transform/.venv/lib/python3.9/site-packages/airflow/example_dags/example_branch_day_of_week_operator.py
[2023-05-26 22:04:41,627] {processor.py:651} INFO - DAG(s) dict_keys(['example_weekday_branch_operator']) retrieved from /home/raf/pipeline-transform/.venv/lib/python3.9/site-packages/airflow/example_dags/example_branch_day_of_week_operator.py
[2023-05-26 22:04:41,642] {logging_mixin.py:115} INFO - [2023-05-26 22:04:41,642] {dag.py:2379} INFO - Sync 1 DAGs
[2023-05-26 22:04:41,657] {logging_mixin.py:115} INFO - [2023-05-26 22:04:41,657] {dag.py:2927} INFO - Setting next_dagrun for example_weekday_branch_operator to 2023-05-26T00:00:00+00:00, run_after=2023-05-27T00:00:00+00:00
[2023-05-26 22:04:41,677] {processor.py:161} INFO - Processing /home/raf/pipeline-transform/.venv/lib/python3.9/site-packages/airflow/example_dags/example_branch_day_of_week_operator.py took 0.067 seconds
[2023-05-26 22:05:15,240] {processor.py:153} INFO - Started process (PID=26692) to work on /home/raf/pipeline-transform/.venv/lib/python3.9/site-packages/airflow/example_dags/example_branch_day_of_week_operator.py
[2023-05-26 22:05:15,249] {processor.py:641} INFO - Processing file /home/raf/pipeline-transform/.venv/lib/python3.9/site-packages/airflow/example_dags/example_branch_day_of_week_operator.py for tasks to queue
[2023-05-26 22:05:15,250] {logging_mixin.py:115} INFO - [2023-05-26 22:05:15,250] {dagbag.py:507} INFO - Filling up the DagBag from /home/raf/pipeline-transform/.venv/lib/python3.9/site-packages/airflow/example_dags/example_branch_day_of_week_operator.py
[2023-05-26 22:05:15,256] {processor.py:651} INFO - DAG(s) dict_keys(['example_weekday_branch_operator']) retrieved from /home/raf/pipeline-transform/.venv/lib/python3.9/site-packages/airflow/example_dags/example_branch_day_of_week_operator.py
[2023-05-26 22:05:15,268] {logging_mixin.py:115} INFO - [2023-05-26 22:05:15,268] {dag.py:2379} INFO - Sync 1 DAGs
[2023-05-26 22:05:15,285] {logging_mixin.py:115} INFO - [2023-05-26 22:05:15,285] {dag.py:2927} INFO - Setting next_dagrun for example_weekday_branch_operator to 2023-05-26T00:00:00+00:00, run_after=2023-05-27T00:00:00+00:00
[2023-05-26 22:05:15,302] {processor.py:161} INFO - Processing /home/raf/pipeline-transform/.venv/lib/python3.9/site-packages/airflow/example_dags/example_branch_day_of_week_operator.py took 0.064 seconds
[2023-05-26 22:05:51,772] {processor.py:153} INFO - Started process (PID=26940) to work on /home/raf/pipeline-transform/.venv/lib/python3.9/site-packages/airflow/example_dags/example_branch_day_of_week_operator.py
[2023-05-26 22:05:51,782] {processor.py:641} INFO - Processing file /home/raf/pipeline-transform/.venv/lib/python3.9/site-packages/airflow/example_dags/example_branch_day_of_week_operator.py for tasks to queue
[2023-05-26 22:05:51,783] {logging_mixin.py:115} INFO - [2023-05-26 22:05:51,783] {dagbag.py:507} INFO - Filling up the DagBag from /home/raf/pipeline-transform/.venv/lib/python3.9/site-packages/airflow/example_dags/example_branch_day_of_week_operator.py
[2023-05-26 22:05:51,789] {processor.py:651} INFO - DAG(s) dict_keys(['example_weekday_branch_operator']) retrieved from /home/raf/pipeline-transform/.venv/lib/python3.9/site-packages/airflow/example_dags/example_branch_day_of_week_operator.py
[2023-05-26 22:05:51,802] {logging_mixin.py:115} INFO - [2023-05-26 22:05:51,802] {dag.py:2379} INFO - Sync 1 DAGs
[2023-05-26 22:05:51,818] {logging_mixin.py:115} INFO - [2023-05-26 22:05:51,818] {dag.py:2927} INFO - Setting next_dagrun for example_weekday_branch_operator to 2023-05-26T00:00:00+00:00, run_after=2023-05-27T00:00:00+00:00
[2023-05-26 22:05:51,835] {processor.py:161} INFO - Processing /home/raf/pipeline-transform/.venv/lib/python3.9/site-packages/airflow/example_dags/example_branch_day_of_week_operator.py took 0.065 seconds
[2023-05-26 22:06:25,612] {processor.py:153} INFO - Started process (PID=27032) to work on /home/raf/pipeline-transform/.venv/lib/python3.9/site-packages/airflow/example_dags/example_branch_day_of_week_operator.py
[2023-05-26 22:06:25,612] {processor.py:641} INFO - Processing file /home/raf/pipeline-transform/.venv/lib/python3.9/site-packages/airflow/example_dags/example_branch_day_of_week_operator.py for tasks to queue
[2023-05-26 22:06:25,613] {logging_mixin.py:115} INFO - [2023-05-26 22:06:25,613] {dagbag.py:507} INFO - Filling up the DagBag from /home/raf/pipeline-transform/.venv/lib/python3.9/site-packages/airflow/example_dags/example_branch_day_of_week_operator.py
[2023-05-26 22:06:25,619] {processor.py:651} INFO - DAG(s) dict_keys(['example_weekday_branch_operator']) retrieved from /home/raf/pipeline-transform/.venv/lib/python3.9/site-packages/airflow/example_dags/example_branch_day_of_week_operator.py
[2023-05-26 22:06:25,632] {logging_mixin.py:115} INFO - [2023-05-26 22:06:25,632] {dag.py:2379} INFO - Sync 1 DAGs
[2023-05-26 22:06:25,647] {logging_mixin.py:115} INFO - [2023-05-26 22:06:25,647] {dag.py:2927} INFO - Setting next_dagrun for example_weekday_branch_operator to 2023-05-26T00:00:00+00:00, run_after=2023-05-27T00:00:00+00:00
[2023-05-26 22:06:25,677] {processor.py:161} INFO - Processing /home/raf/pipeline-transform/.venv/lib/python3.9/site-packages/airflow/example_dags/example_branch_day_of_week_operator.py took 0.068 seconds
[2023-05-26 22:07:01,351] {processor.py:153} INFO - Started process (PID=27226) to work on /home/raf/pipeline-transform/.venv/lib/python3.9/site-packages/airflow/example_dags/example_branch_day_of_week_operator.py
[2023-05-26 22:07:01,362] {processor.py:641} INFO - Processing file /home/raf/pipeline-transform/.venv/lib/python3.9/site-packages/airflow/example_dags/example_branch_day_of_week_operator.py for tasks to queue
[2023-05-26 22:07:01,363] {logging_mixin.py:115} INFO - [2023-05-26 22:07:01,363] {dagbag.py:507} INFO - Filling up the DagBag from /home/raf/pipeline-transform/.venv/lib/python3.9/site-packages/airflow/example_dags/example_branch_day_of_week_operator.py
[2023-05-26 22:07:01,369] {processor.py:651} INFO - DAG(s) dict_keys(['example_weekday_branch_operator']) retrieved from /home/raf/pipeline-transform/.venv/lib/python3.9/site-packages/airflow/example_dags/example_branch_day_of_week_operator.py
[2023-05-26 22:07:01,384] {logging_mixin.py:115} INFO - [2023-05-26 22:07:01,384] {dag.py:2379} INFO - Sync 1 DAGs
[2023-05-26 22:07:01,403] {logging_mixin.py:115} INFO - [2023-05-26 22:07:01,403] {dag.py:2927} INFO - Setting next_dagrun for example_weekday_branch_operator to 2023-05-26T00:00:00+00:00, run_after=2023-05-27T00:00:00+00:00
[2023-05-26 22:07:01,420] {processor.py:161} INFO - Processing /home/raf/pipeline-transform/.venv/lib/python3.9/site-packages/airflow/example_dags/example_branch_day_of_week_operator.py took 0.072 seconds
[2023-05-26 22:07:37,792] {processor.py:153} INFO - Started process (PID=27316) to work on /home/raf/pipeline-transform/.venv/lib/python3.9/site-packages/airflow/example_dags/example_branch_day_of_week_operator.py
[2023-05-26 22:07:37,794] {processor.py:641} INFO - Processing file /home/raf/pipeline-transform/.venv/lib/python3.9/site-packages/airflow/example_dags/example_branch_day_of_week_operator.py for tasks to queue
[2023-05-26 22:07:37,795] {logging_mixin.py:115} INFO - [2023-05-26 22:07:37,795] {dagbag.py:507} INFO - Filling up the DagBag from /home/raf/pipeline-transform/.venv/lib/python3.9/site-packages/airflow/example_dags/example_branch_day_of_week_operator.py
[2023-05-26 22:07:37,802] {processor.py:651} INFO - DAG(s) dict_keys(['example_weekday_branch_operator']) retrieved from /home/raf/pipeline-transform/.venv/lib/python3.9/site-packages/airflow/example_dags/example_branch_day_of_week_operator.py
[2023-05-26 22:07:37,816] {logging_mixin.py:115} INFO - [2023-05-26 22:07:37,816] {dag.py:2379} INFO - Sync 1 DAGs
[2023-05-26 22:07:37,832] {logging_mixin.py:115} INFO - [2023-05-26 22:07:37,832] {dag.py:2927} INFO - Setting next_dagrun for example_weekday_branch_operator to 2023-05-26T00:00:00+00:00, run_after=2023-05-27T00:00:00+00:00
[2023-05-26 22:07:37,851] {processor.py:161} INFO - Processing /home/raf/pipeline-transform/.venv/lib/python3.9/site-packages/airflow/example_dags/example_branch_day_of_week_operator.py took 0.062 seconds
[2023-05-26 22:08:10,362] {processor.py:153} INFO - Started process (PID=27397) to work on /home/raf/pipeline-transform/.venv/lib/python3.9/site-packages/airflow/example_dags/example_branch_day_of_week_operator.py
[2023-05-26 22:08:10,363] {processor.py:641} INFO - Processing file /home/raf/pipeline-transform/.venv/lib/python3.9/site-packages/airflow/example_dags/example_branch_day_of_week_operator.py for tasks to queue
[2023-05-26 22:08:10,364] {logging_mixin.py:115} INFO - [2023-05-26 22:08:10,363] {dagbag.py:507} INFO - Filling up the DagBag from /home/raf/pipeline-transform/.venv/lib/python3.9/site-packages/airflow/example_dags/example_branch_day_of_week_operator.py
[2023-05-26 22:08:10,371] {processor.py:651} INFO - DAG(s) dict_keys(['example_weekday_branch_operator']) retrieved from /home/raf/pipeline-transform/.venv/lib/python3.9/site-packages/airflow/example_dags/example_branch_day_of_week_operator.py
[2023-05-26 22:08:10,391] {logging_mixin.py:115} INFO - [2023-05-26 22:08:10,391] {dag.py:2379} INFO - Sync 1 DAGs
[2023-05-26 22:08:10,407] {logging_mixin.py:115} INFO - [2023-05-26 22:08:10,407] {dag.py:2927} INFO - Setting next_dagrun for example_weekday_branch_operator to 2023-05-26T00:00:00+00:00, run_after=2023-05-27T00:00:00+00:00
[2023-05-26 22:08:10,437] {processor.py:161} INFO - Processing /home/raf/pipeline-transform/.venv/lib/python3.9/site-packages/airflow/example_dags/example_branch_day_of_week_operator.py took 0.077 seconds
[2023-05-26 22:08:44,610] {processor.py:153} INFO - Started process (PID=27538) to work on /home/raf/pipeline-transform/.venv/lib/python3.9/site-packages/airflow/example_dags/example_branch_day_of_week_operator.py
[2023-05-26 22:08:44,613] {processor.py:641} INFO - Processing file /home/raf/pipeline-transform/.venv/lib/python3.9/site-packages/airflow/example_dags/example_branch_day_of_week_operator.py for tasks to queue
[2023-05-26 22:08:44,613] {logging_mixin.py:115} INFO - [2023-05-26 22:08:44,613] {dagbag.py:507} INFO - Filling up the DagBag from /home/raf/pipeline-transform/.venv/lib/python3.9/site-packages/airflow/example_dags/example_branch_day_of_week_operator.py
[2023-05-26 22:08:44,620] {processor.py:651} INFO - DAG(s) dict_keys(['example_weekday_branch_operator']) retrieved from /home/raf/pipeline-transform/.venv/lib/python3.9/site-packages/airflow/example_dags/example_branch_day_of_week_operator.py
[2023-05-26 22:08:44,635] {logging_mixin.py:115} INFO - [2023-05-26 22:08:44,635] {dag.py:2379} INFO - Sync 1 DAGs
[2023-05-26 22:08:44,652] {logging_mixin.py:115} INFO - [2023-05-26 22:08:44,652] {dag.py:2927} INFO - Setting next_dagrun for example_weekday_branch_operator to 2023-05-26T00:00:00+00:00, run_after=2023-05-27T00:00:00+00:00
[2023-05-26 22:08:44,673] {processor.py:161} INFO - Processing /home/raf/pipeline-transform/.venv/lib/python3.9/site-packages/airflow/example_dags/example_branch_day_of_week_operator.py took 0.065 seconds
[2023-05-26 22:09:20,069] {processor.py:153} INFO - Started process (PID=27678) to work on /home/raf/pipeline-transform/.venv/lib/python3.9/site-packages/airflow/example_dags/example_branch_day_of_week_operator.py
[2023-05-26 22:09:20,070] {processor.py:641} INFO - Processing file /home/raf/pipeline-transform/.venv/lib/python3.9/site-packages/airflow/example_dags/example_branch_day_of_week_operator.py for tasks to queue
[2023-05-26 22:09:20,070] {logging_mixin.py:115} INFO - [2023-05-26 22:09:20,070] {dagbag.py:507} INFO - Filling up the DagBag from /home/raf/pipeline-transform/.venv/lib/python3.9/site-packages/airflow/example_dags/example_branch_day_of_week_operator.py
[2023-05-26 22:09:20,078] {processor.py:651} INFO - DAG(s) dict_keys(['example_weekday_branch_operator']) retrieved from /home/raf/pipeline-transform/.venv/lib/python3.9/site-packages/airflow/example_dags/example_branch_day_of_week_operator.py
[2023-05-26 22:09:20,092] {logging_mixin.py:115} INFO - [2023-05-26 22:09:20,092] {dag.py:2379} INFO - Sync 1 DAGs
[2023-05-26 22:09:20,109] {logging_mixin.py:115} INFO - [2023-05-26 22:09:20,108] {dag.py:2927} INFO - Setting next_dagrun for example_weekday_branch_operator to 2023-05-26T00:00:00+00:00, run_after=2023-05-27T00:00:00+00:00
[2023-05-26 22:09:20,130] {processor.py:161} INFO - Processing /home/raf/pipeline-transform/.venv/lib/python3.9/site-packages/airflow/example_dags/example_branch_day_of_week_operator.py took 0.063 seconds
[2023-05-26 22:09:52,099] {processor.py:153} INFO - Started process (PID=27811) to work on /home/raf/pipeline-transform/.venv/lib/python3.9/site-packages/airflow/example_dags/example_branch_day_of_week_operator.py
[2023-05-26 22:09:52,100] {processor.py:641} INFO - Processing file /home/raf/pipeline-transform/.venv/lib/python3.9/site-packages/airflow/example_dags/example_branch_day_of_week_operator.py for tasks to queue
[2023-05-26 22:09:52,100] {logging_mixin.py:115} INFO - [2023-05-26 22:09:52,100] {dagbag.py:507} INFO - Filling up the DagBag from /home/raf/pipeline-transform/.venv/lib/python3.9/site-packages/airflow/example_dags/example_branch_day_of_week_operator.py
[2023-05-26 22:09:52,107] {processor.py:651} INFO - DAG(s) dict_keys(['example_weekday_branch_operator']) retrieved from /home/raf/pipeline-transform/.venv/lib/python3.9/site-packages/airflow/example_dags/example_branch_day_of_week_operator.py
[2023-05-26 22:09:52,120] {logging_mixin.py:115} INFO - [2023-05-26 22:09:52,120] {dag.py:2379} INFO - Sync 1 DAGs
[2023-05-26 22:09:52,135] {logging_mixin.py:115} INFO - [2023-05-26 22:09:52,135] {dag.py:2927} INFO - Setting next_dagrun for example_weekday_branch_operator to 2023-05-26T00:00:00+00:00, run_after=2023-05-27T00:00:00+00:00
[2023-05-26 22:09:52,169] {processor.py:161} INFO - Processing /home/raf/pipeline-transform/.venv/lib/python3.9/site-packages/airflow/example_dags/example_branch_day_of_week_operator.py took 0.072 seconds
[2023-05-26 22:10:28,105] {processor.py:153} INFO - Started process (PID=27898) to work on /home/raf/pipeline-transform/.venv/lib/python3.9/site-packages/airflow/example_dags/example_branch_day_of_week_operator.py
[2023-05-26 22:10:28,127] {processor.py:641} INFO - Processing file /home/raf/pipeline-transform/.venv/lib/python3.9/site-packages/airflow/example_dags/example_branch_day_of_week_operator.py for tasks to queue
[2023-05-26 22:10:28,128] {logging_mixin.py:115} INFO - [2023-05-26 22:10:28,128] {dagbag.py:507} INFO - Filling up the DagBag from /home/raf/pipeline-transform/.venv/lib/python3.9/site-packages/airflow/example_dags/example_branch_day_of_week_operator.py
[2023-05-26 22:10:28,134] {processor.py:651} INFO - DAG(s) dict_keys(['example_weekday_branch_operator']) retrieved from /home/raf/pipeline-transform/.venv/lib/python3.9/site-packages/airflow/example_dags/example_branch_day_of_week_operator.py
[2023-05-26 22:10:28,147] {logging_mixin.py:115} INFO - [2023-05-26 22:10:28,147] {dag.py:2379} INFO - Sync 1 DAGs
[2023-05-26 22:10:28,162] {logging_mixin.py:115} INFO - [2023-05-26 22:10:28,162] {dag.py:2927} INFO - Setting next_dagrun for example_weekday_branch_operator to 2023-05-26T00:00:00+00:00, run_after=2023-05-27T00:00:00+00:00
[2023-05-26 22:10:28,183] {processor.py:161} INFO - Processing /home/raf/pipeline-transform/.venv/lib/python3.9/site-packages/airflow/example_dags/example_branch_day_of_week_operator.py took 0.080 seconds
[2023-05-26 22:11:01,397] {processor.py:153} INFO - Started process (PID=27983) to work on /home/raf/pipeline-transform/.venv/lib/python3.9/site-packages/airflow/example_dags/example_branch_day_of_week_operator.py
[2023-05-26 22:11:01,399] {processor.py:641} INFO - Processing file /home/raf/pipeline-transform/.venv/lib/python3.9/site-packages/airflow/example_dags/example_branch_day_of_week_operator.py for tasks to queue
[2023-05-26 22:11:01,400] {logging_mixin.py:115} INFO - [2023-05-26 22:11:01,400] {dagbag.py:507} INFO - Filling up the DagBag from /home/raf/pipeline-transform/.venv/lib/python3.9/site-packages/airflow/example_dags/example_branch_day_of_week_operator.py
[2023-05-26 22:11:01,412] {processor.py:651} INFO - DAG(s) dict_keys(['example_weekday_branch_operator']) retrieved from /home/raf/pipeline-transform/.venv/lib/python3.9/site-packages/airflow/example_dags/example_branch_day_of_week_operator.py
[2023-05-26 22:11:01,434] {logging_mixin.py:115} INFO - [2023-05-26 22:11:01,433] {dag.py:2379} INFO - Sync 1 DAGs
[2023-05-26 22:11:01,469] {logging_mixin.py:115} INFO - [2023-05-26 22:11:01,469] {dag.py:2927} INFO - Setting next_dagrun for example_weekday_branch_operator to 2023-05-26T00:00:00+00:00, run_after=2023-05-27T00:00:00+00:00
[2023-05-26 22:11:01,533] {processor.py:161} INFO - Processing /home/raf/pipeline-transform/.venv/lib/python3.9/site-packages/airflow/example_dags/example_branch_day_of_week_operator.py took 0.141 seconds
[2023-05-26 22:11:33,826] {processor.py:153} INFO - Started process (PID=28064) to work on /home/raf/pipeline-transform/.venv/lib/python3.9/site-packages/airflow/example_dags/example_branch_day_of_week_operator.py
[2023-05-26 22:11:33,826] {processor.py:641} INFO - Processing file /home/raf/pipeline-transform/.venv/lib/python3.9/site-packages/airflow/example_dags/example_branch_day_of_week_operator.py for tasks to queue
[2023-05-26 22:11:33,827] {logging_mixin.py:115} INFO - [2023-05-26 22:11:33,827] {dagbag.py:507} INFO - Filling up the DagBag from /home/raf/pipeline-transform/.venv/lib/python3.9/site-packages/airflow/example_dags/example_branch_day_of_week_operator.py
[2023-05-26 22:11:33,836] {processor.py:651} INFO - DAG(s) dict_keys(['example_weekday_branch_operator']) retrieved from /home/raf/pipeline-transform/.venv/lib/python3.9/site-packages/airflow/example_dags/example_branch_day_of_week_operator.py
[2023-05-26 22:11:33,849] {logging_mixin.py:115} INFO - [2023-05-26 22:11:33,849] {dag.py:2379} INFO - Sync 1 DAGs
[2023-05-26 22:11:33,865] {logging_mixin.py:115} INFO - [2023-05-26 22:11:33,865] {dag.py:2927} INFO - Setting next_dagrun for example_weekday_branch_operator to 2023-05-26T00:00:00+00:00, run_after=2023-05-27T00:00:00+00:00
[2023-05-26 22:11:33,885] {processor.py:161} INFO - Processing /home/raf/pipeline-transform/.venv/lib/python3.9/site-packages/airflow/example_dags/example_branch_day_of_week_operator.py took 0.062 seconds
[2023-05-26 22:12:10,841] {processor.py:153} INFO - Started process (PID=28168) to work on /home/raf/pipeline-transform/.venv/lib/python3.9/site-packages/airflow/example_dags/example_branch_day_of_week_operator.py
[2023-05-26 22:12:10,846] {processor.py:641} INFO - Processing file /home/raf/pipeline-transform/.venv/lib/python3.9/site-packages/airflow/example_dags/example_branch_day_of_week_operator.py for tasks to queue
[2023-05-26 22:12:10,847] {logging_mixin.py:115} INFO - [2023-05-26 22:12:10,847] {dagbag.py:507} INFO - Filling up the DagBag from /home/raf/pipeline-transform/.venv/lib/python3.9/site-packages/airflow/example_dags/example_branch_day_of_week_operator.py
[2023-05-26 22:12:10,853] {processor.py:651} INFO - DAG(s) dict_keys(['example_weekday_branch_operator']) retrieved from /home/raf/pipeline-transform/.venv/lib/python3.9/site-packages/airflow/example_dags/example_branch_day_of_week_operator.py
[2023-05-26 22:12:10,866] {logging_mixin.py:115} INFO - [2023-05-26 22:12:10,866] {dag.py:2379} INFO - Sync 1 DAGs
[2023-05-26 22:12:10,884] {logging_mixin.py:115} INFO - [2023-05-26 22:12:10,884] {dag.py:2927} INFO - Setting next_dagrun for example_weekday_branch_operator to 2023-05-26T00:00:00+00:00, run_after=2023-05-27T00:00:00+00:00
[2023-05-26 22:12:10,903] {processor.py:161} INFO - Processing /home/raf/pipeline-transform/.venv/lib/python3.9/site-packages/airflow/example_dags/example_branch_day_of_week_operator.py took 0.064 seconds
[2023-05-26 22:12:44,910] {processor.py:153} INFO - Started process (PID=28406) to work on /home/raf/pipeline-transform/.venv/lib/python3.9/site-packages/airflow/example_dags/example_branch_day_of_week_operator.py
[2023-05-26 22:12:44,915] {processor.py:641} INFO - Processing file /home/raf/pipeline-transform/.venv/lib/python3.9/site-packages/airflow/example_dags/example_branch_day_of_week_operator.py for tasks to queue
[2023-05-26 22:12:44,916] {logging_mixin.py:115} INFO - [2023-05-26 22:12:44,916] {dagbag.py:507} INFO - Filling up the DagBag from /home/raf/pipeline-transform/.venv/lib/python3.9/site-packages/airflow/example_dags/example_branch_day_of_week_operator.py
[2023-05-26 22:12:44,923] {processor.py:651} INFO - DAG(s) dict_keys(['example_weekday_branch_operator']) retrieved from /home/raf/pipeline-transform/.venv/lib/python3.9/site-packages/airflow/example_dags/example_branch_day_of_week_operator.py
[2023-05-26 22:12:44,937] {logging_mixin.py:115} INFO - [2023-05-26 22:12:44,937] {dag.py:2379} INFO - Sync 1 DAGs
[2023-05-26 22:12:44,953] {logging_mixin.py:115} INFO - [2023-05-26 22:12:44,953] {dag.py:2927} INFO - Setting next_dagrun for example_weekday_branch_operator to 2023-05-26T00:00:00+00:00, run_after=2023-05-27T00:00:00+00:00
[2023-05-26 22:12:44,974] {processor.py:161} INFO - Processing /home/raf/pipeline-transform/.venv/lib/python3.9/site-packages/airflow/example_dags/example_branch_day_of_week_operator.py took 0.068 seconds
[2023-05-26 22:13:17,041] {processor.py:153} INFO - Started process (PID=28535) to work on /home/raf/pipeline-transform/.venv/lib/python3.9/site-packages/airflow/example_dags/example_branch_day_of_week_operator.py
[2023-05-26 22:13:17,042] {processor.py:641} INFO - Processing file /home/raf/pipeline-transform/.venv/lib/python3.9/site-packages/airflow/example_dags/example_branch_day_of_week_operator.py for tasks to queue
[2023-05-26 22:13:17,042] {logging_mixin.py:115} INFO - [2023-05-26 22:13:17,042] {dagbag.py:507} INFO - Filling up the DagBag from /home/raf/pipeline-transform/.venv/lib/python3.9/site-packages/airflow/example_dags/example_branch_day_of_week_operator.py
[2023-05-26 22:13:17,050] {processor.py:651} INFO - DAG(s) dict_keys(['example_weekday_branch_operator']) retrieved from /home/raf/pipeline-transform/.venv/lib/python3.9/site-packages/airflow/example_dags/example_branch_day_of_week_operator.py
[2023-05-26 22:13:17,064] {logging_mixin.py:115} INFO - [2023-05-26 22:13:17,064] {dag.py:2379} INFO - Sync 1 DAGs
[2023-05-26 22:13:17,080] {logging_mixin.py:115} INFO - [2023-05-26 22:13:17,080] {dag.py:2927} INFO - Setting next_dagrun for example_weekday_branch_operator to 2023-05-26T00:00:00+00:00, run_after=2023-05-27T00:00:00+00:00
[2023-05-26 22:13:17,102] {processor.py:161} INFO - Processing /home/raf/pipeline-transform/.venv/lib/python3.9/site-packages/airflow/example_dags/example_branch_day_of_week_operator.py took 0.063 seconds
[2023-05-26 22:13:48,335] {processor.py:153} INFO - Started process (PID=28616) to work on /home/raf/pipeline-transform/.venv/lib/python3.9/site-packages/airflow/example_dags/example_branch_day_of_week_operator.py
[2023-05-26 22:13:48,354] {processor.py:641} INFO - Processing file /home/raf/pipeline-transform/.venv/lib/python3.9/site-packages/airflow/example_dags/example_branch_day_of_week_operator.py for tasks to queue
[2023-05-26 22:13:48,355] {logging_mixin.py:115} INFO - [2023-05-26 22:13:48,355] {dagbag.py:507} INFO - Filling up the DagBag from /home/raf/pipeline-transform/.venv/lib/python3.9/site-packages/airflow/example_dags/example_branch_day_of_week_operator.py
[2023-05-26 22:13:48,362] {processor.py:651} INFO - DAG(s) dict_keys(['example_weekday_branch_operator']) retrieved from /home/raf/pipeline-transform/.venv/lib/python3.9/site-packages/airflow/example_dags/example_branch_day_of_week_operator.py
[2023-05-26 22:13:48,377] {logging_mixin.py:115} INFO - [2023-05-26 22:13:48,377] {dag.py:2379} INFO - Sync 1 DAGs
[2023-05-26 22:13:48,395] {logging_mixin.py:115} INFO - [2023-05-26 22:13:48,394] {dag.py:2927} INFO - Setting next_dagrun for example_weekday_branch_operator to 2023-05-26T00:00:00+00:00, run_after=2023-05-27T00:00:00+00:00
[2023-05-26 22:13:48,417] {processor.py:161} INFO - Processing /home/raf/pipeline-transform/.venv/lib/python3.9/site-packages/airflow/example_dags/example_branch_day_of_week_operator.py took 0.085 seconds
[2023-05-26 22:14:24,585] {processor.py:153} INFO - Started process (PID=28706) to work on /home/raf/pipeline-transform/.venv/lib/python3.9/site-packages/airflow/example_dags/example_branch_day_of_week_operator.py
[2023-05-26 22:14:24,605] {processor.py:641} INFO - Processing file /home/raf/pipeline-transform/.venv/lib/python3.9/site-packages/airflow/example_dags/example_branch_day_of_week_operator.py for tasks to queue
[2023-05-26 22:14:24,605] {logging_mixin.py:115} INFO - [2023-05-26 22:14:24,605] {dagbag.py:507} INFO - Filling up the DagBag from /home/raf/pipeline-transform/.venv/lib/python3.9/site-packages/airflow/example_dags/example_branch_day_of_week_operator.py
[2023-05-26 22:14:24,612] {processor.py:651} INFO - DAG(s) dict_keys(['example_weekday_branch_operator']) retrieved from /home/raf/pipeline-transform/.venv/lib/python3.9/site-packages/airflow/example_dags/example_branch_day_of_week_operator.py
[2023-05-26 22:14:24,625] {logging_mixin.py:115} INFO - [2023-05-26 22:14:24,625] {dag.py:2379} INFO - Sync 1 DAGs
[2023-05-26 22:14:24,641] {logging_mixin.py:115} INFO - [2023-05-26 22:14:24,641] {dag.py:2927} INFO - Setting next_dagrun for example_weekday_branch_operator to 2023-05-26T00:00:00+00:00, run_after=2023-05-27T00:00:00+00:00
[2023-05-26 22:14:24,661] {processor.py:161} INFO - Processing /home/raf/pipeline-transform/.venv/lib/python3.9/site-packages/airflow/example_dags/example_branch_day_of_week_operator.py took 0.079 seconds
[2023-05-26 22:14:59,440] {processor.py:153} INFO - Started process (PID=28793) to work on /home/raf/pipeline-transform/.venv/lib/python3.9/site-packages/airflow/example_dags/example_branch_day_of_week_operator.py
[2023-05-26 22:14:59,461] {processor.py:641} INFO - Processing file /home/raf/pipeline-transform/.venv/lib/python3.9/site-packages/airflow/example_dags/example_branch_day_of_week_operator.py for tasks to queue
[2023-05-26 22:14:59,461] {logging_mixin.py:115} INFO - [2023-05-26 22:14:59,461] {dagbag.py:507} INFO - Filling up the DagBag from /home/raf/pipeline-transform/.venv/lib/python3.9/site-packages/airflow/example_dags/example_branch_day_of_week_operator.py
[2023-05-26 22:14:59,468] {processor.py:651} INFO - DAG(s) dict_keys(['example_weekday_branch_operator']) retrieved from /home/raf/pipeline-transform/.venv/lib/python3.9/site-packages/airflow/example_dags/example_branch_day_of_week_operator.py
[2023-05-26 22:14:59,481] {logging_mixin.py:115} INFO - [2023-05-26 22:14:59,481] {dag.py:2379} INFO - Sync 1 DAGs
[2023-05-26 22:14:59,497] {logging_mixin.py:115} INFO - [2023-05-26 22:14:59,497] {dag.py:2927} INFO - Setting next_dagrun for example_weekday_branch_operator to 2023-05-26T00:00:00+00:00, run_after=2023-05-27T00:00:00+00:00
[2023-05-26 22:14:59,518] {processor.py:161} INFO - Processing /home/raf/pipeline-transform/.venv/lib/python3.9/site-packages/airflow/example_dags/example_branch_day_of_week_operator.py took 0.080 seconds
[2023-05-26 22:15:35,754] {processor.py:153} INFO - Started process (PID=28880) to work on /home/raf/pipeline-transform/.venv/lib/python3.9/site-packages/airflow/example_dags/example_branch_day_of_week_operator.py
[2023-05-26 22:15:35,757] {processor.py:641} INFO - Processing file /home/raf/pipeline-transform/.venv/lib/python3.9/site-packages/airflow/example_dags/example_branch_day_of_week_operator.py for tasks to queue
[2023-05-26 22:15:35,758] {logging_mixin.py:115} INFO - [2023-05-26 22:15:35,758] {dagbag.py:507} INFO - Filling up the DagBag from /home/raf/pipeline-transform/.venv/lib/python3.9/site-packages/airflow/example_dags/example_branch_day_of_week_operator.py
[2023-05-26 22:15:35,765] {processor.py:651} INFO - DAG(s) dict_keys(['example_weekday_branch_operator']) retrieved from /home/raf/pipeline-transform/.venv/lib/python3.9/site-packages/airflow/example_dags/example_branch_day_of_week_operator.py
[2023-05-26 22:15:35,778] {logging_mixin.py:115} INFO - [2023-05-26 22:15:35,777] {dag.py:2379} INFO - Sync 1 DAGs
[2023-05-26 22:15:35,794] {logging_mixin.py:115} INFO - [2023-05-26 22:15:35,793] {dag.py:2927} INFO - Setting next_dagrun for example_weekday_branch_operator to 2023-05-26T00:00:00+00:00, run_after=2023-05-27T00:00:00+00:00
[2023-05-26 22:15:35,814] {processor.py:161} INFO - Processing /home/raf/pipeline-transform/.venv/lib/python3.9/site-packages/airflow/example_dags/example_branch_day_of_week_operator.py took 0.062 seconds
[2023-05-26 22:16:10,826] {processor.py:153} INFO - Started process (PID=28967) to work on /home/raf/pipeline-transform/.venv/lib/python3.9/site-packages/airflow/example_dags/example_branch_day_of_week_operator.py
[2023-05-26 22:16:10,850] {processor.py:641} INFO - Processing file /home/raf/pipeline-transform/.venv/lib/python3.9/site-packages/airflow/example_dags/example_branch_day_of_week_operator.py for tasks to queue
[2023-05-26 22:16:10,851] {logging_mixin.py:115} INFO - [2023-05-26 22:16:10,851] {dagbag.py:507} INFO - Filling up the DagBag from /home/raf/pipeline-transform/.venv/lib/python3.9/site-packages/airflow/example_dags/example_branch_day_of_week_operator.py
[2023-05-26 22:16:10,858] {processor.py:651} INFO - DAG(s) dict_keys(['example_weekday_branch_operator']) retrieved from /home/raf/pipeline-transform/.venv/lib/python3.9/site-packages/airflow/example_dags/example_branch_day_of_week_operator.py
[2023-05-26 22:16:10,871] {logging_mixin.py:115} INFO - [2023-05-26 22:16:10,870] {dag.py:2379} INFO - Sync 1 DAGs
[2023-05-26 22:16:10,887] {logging_mixin.py:115} INFO - [2023-05-26 22:16:10,887] {dag.py:2927} INFO - Setting next_dagrun for example_weekday_branch_operator to 2023-05-26T00:00:00+00:00, run_after=2023-05-27T00:00:00+00:00
[2023-05-26 22:16:10,907] {processor.py:161} INFO - Processing /home/raf/pipeline-transform/.venv/lib/python3.9/site-packages/airflow/example_dags/example_branch_day_of_week_operator.py took 0.083 seconds
[2023-05-26 22:16:45,293] {processor.py:153} INFO - Started process (PID=29053) to work on /home/raf/pipeline-transform/.venv/lib/python3.9/site-packages/airflow/example_dags/example_branch_day_of_week_operator.py
[2023-05-26 22:16:45,318] {processor.py:641} INFO - Processing file /home/raf/pipeline-transform/.venv/lib/python3.9/site-packages/airflow/example_dags/example_branch_day_of_week_operator.py for tasks to queue
[2023-05-26 22:16:45,318] {logging_mixin.py:115} INFO - [2023-05-26 22:16:45,318] {dagbag.py:507} INFO - Filling up the DagBag from /home/raf/pipeline-transform/.venv/lib/python3.9/site-packages/airflow/example_dags/example_branch_day_of_week_operator.py
[2023-05-26 22:16:45,325] {processor.py:651} INFO - DAG(s) dict_keys(['example_weekday_branch_operator']) retrieved from /home/raf/pipeline-transform/.venv/lib/python3.9/site-packages/airflow/example_dags/example_branch_day_of_week_operator.py
[2023-05-26 22:16:45,338] {logging_mixin.py:115} INFO - [2023-05-26 22:16:45,338] {dag.py:2379} INFO - Sync 1 DAGs
[2023-05-26 22:16:45,354] {logging_mixin.py:115} INFO - [2023-05-26 22:16:45,354] {dag.py:2927} INFO - Setting next_dagrun for example_weekday_branch_operator to 2023-05-26T00:00:00+00:00, run_after=2023-05-27T00:00:00+00:00
[2023-05-26 22:16:45,380] {processor.py:161} INFO - Processing /home/raf/pipeline-transform/.venv/lib/python3.9/site-packages/airflow/example_dags/example_branch_day_of_week_operator.py took 0.090 seconds
[2023-05-26 22:17:19,249] {processor.py:153} INFO - Started process (PID=29138) to work on /home/raf/pipeline-transform/.venv/lib/python3.9/site-packages/airflow/example_dags/example_branch_day_of_week_operator.py
[2023-05-26 22:17:19,259] {processor.py:641} INFO - Processing file /home/raf/pipeline-transform/.venv/lib/python3.9/site-packages/airflow/example_dags/example_branch_day_of_week_operator.py for tasks to queue
[2023-05-26 22:17:19,259] {logging_mixin.py:115} INFO - [2023-05-26 22:17:19,259] {dagbag.py:507} INFO - Filling up the DagBag from /home/raf/pipeline-transform/.venv/lib/python3.9/site-packages/airflow/example_dags/example_branch_day_of_week_operator.py
[2023-05-26 22:17:19,267] {processor.py:651} INFO - DAG(s) dict_keys(['example_weekday_branch_operator']) retrieved from /home/raf/pipeline-transform/.venv/lib/python3.9/site-packages/airflow/example_dags/example_branch_day_of_week_operator.py
[2023-05-26 22:17:19,281] {logging_mixin.py:115} INFO - [2023-05-26 22:17:19,281] {dag.py:2379} INFO - Sync 1 DAGs
[2023-05-26 22:17:19,300] {logging_mixin.py:115} INFO - [2023-05-26 22:17:19,300] {dag.py:2927} INFO - Setting next_dagrun for example_weekday_branch_operator to 2023-05-26T00:00:00+00:00, run_after=2023-05-27T00:00:00+00:00
[2023-05-26 22:17:19,323] {processor.py:161} INFO - Processing /home/raf/pipeline-transform/.venv/lib/python3.9/site-packages/airflow/example_dags/example_branch_day_of_week_operator.py took 0.076 seconds
[2023-05-26 22:17:55,679] {processor.py:153} INFO - Started process (PID=29226) to work on /home/raf/pipeline-transform/.venv/lib/python3.9/site-packages/airflow/example_dags/example_branch_day_of_week_operator.py
[2023-05-26 22:17:55,825] {processor.py:641} INFO - Processing file /home/raf/pipeline-transform/.venv/lib/python3.9/site-packages/airflow/example_dags/example_branch_day_of_week_operator.py for tasks to queue
[2023-05-26 22:17:55,826] {logging_mixin.py:115} INFO - [2023-05-26 22:17:55,826] {dagbag.py:507} INFO - Filling up the DagBag from /home/raf/pipeline-transform/.venv/lib/python3.9/site-packages/airflow/example_dags/example_branch_day_of_week_operator.py
[2023-05-26 22:17:55,833] {processor.py:651} INFO - DAG(s) dict_keys(['example_weekday_branch_operator']) retrieved from /home/raf/pipeline-transform/.venv/lib/python3.9/site-packages/airflow/example_dags/example_branch_day_of_week_operator.py
[2023-05-26 22:17:55,846] {logging_mixin.py:115} INFO - [2023-05-26 22:17:55,845] {dag.py:2379} INFO - Sync 1 DAGs
[2023-05-26 22:17:55,862] {logging_mixin.py:115} INFO - [2023-05-26 22:17:55,861] {dag.py:2927} INFO - Setting next_dagrun for example_weekday_branch_operator to 2023-05-26T00:00:00+00:00, run_after=2023-05-27T00:00:00+00:00
[2023-05-26 22:17:55,882] {processor.py:161} INFO - Processing /home/raf/pipeline-transform/.venv/lib/python3.9/site-packages/airflow/example_dags/example_branch_day_of_week_operator.py took 0.206 seconds
[2023-05-26 22:18:32,912] {processor.py:153} INFO - Started process (PID=29367) to work on /home/raf/pipeline-transform/.venv/lib/python3.9/site-packages/airflow/example_dags/example_branch_day_of_week_operator.py
[2023-05-26 22:18:32,919] {processor.py:641} INFO - Processing file /home/raf/pipeline-transform/.venv/lib/python3.9/site-packages/airflow/example_dags/example_branch_day_of_week_operator.py for tasks to queue
[2023-05-26 22:18:32,919] {logging_mixin.py:115} INFO - [2023-05-26 22:18:32,919] {dagbag.py:507} INFO - Filling up the DagBag from /home/raf/pipeline-transform/.venv/lib/python3.9/site-packages/airflow/example_dags/example_branch_day_of_week_operator.py
[2023-05-26 22:18:32,928] {processor.py:651} INFO - DAG(s) dict_keys(['example_weekday_branch_operator']) retrieved from /home/raf/pipeline-transform/.venv/lib/python3.9/site-packages/airflow/example_dags/example_branch_day_of_week_operator.py
[2023-05-26 22:18:32,941] {logging_mixin.py:115} INFO - [2023-05-26 22:18:32,941] {dag.py:2379} INFO - Sync 1 DAGs
[2023-05-26 22:18:32,965] {logging_mixin.py:115} INFO - [2023-05-26 22:18:32,964] {dag.py:2927} INFO - Setting next_dagrun for example_weekday_branch_operator to 2023-05-26T00:00:00+00:00, run_after=2023-05-27T00:00:00+00:00
[2023-05-26 22:18:32,983] {processor.py:161} INFO - Processing /home/raf/pipeline-transform/.venv/lib/python3.9/site-packages/airflow/example_dags/example_branch_day_of_week_operator.py took 0.075 seconds
[2023-05-26 22:19:07,887] {processor.py:153} INFO - Started process (PID=29465) to work on /home/raf/pipeline-transform/.venv/lib/python3.9/site-packages/airflow/example_dags/example_branch_day_of_week_operator.py
[2023-05-26 22:19:07,895] {processor.py:641} INFO - Processing file /home/raf/pipeline-transform/.venv/lib/python3.9/site-packages/airflow/example_dags/example_branch_day_of_week_operator.py for tasks to queue
[2023-05-26 22:19:07,896] {logging_mixin.py:115} INFO - [2023-05-26 22:19:07,896] {dagbag.py:507} INFO - Filling up the DagBag from /home/raf/pipeline-transform/.venv/lib/python3.9/site-packages/airflow/example_dags/example_branch_day_of_week_operator.py
[2023-05-26 22:19:07,902] {processor.py:651} INFO - DAG(s) dict_keys(['example_weekday_branch_operator']) retrieved from /home/raf/pipeline-transform/.venv/lib/python3.9/site-packages/airflow/example_dags/example_branch_day_of_week_operator.py
[2023-05-26 22:19:07,915] {logging_mixin.py:115} INFO - [2023-05-26 22:19:07,915] {dag.py:2379} INFO - Sync 1 DAGs
[2023-05-26 22:19:07,934] {logging_mixin.py:115} INFO - [2023-05-26 22:19:07,934] {dag.py:2927} INFO - Setting next_dagrun for example_weekday_branch_operator to 2023-05-26T00:00:00+00:00, run_after=2023-05-27T00:00:00+00:00
[2023-05-26 22:19:07,956] {processor.py:161} INFO - Processing /home/raf/pipeline-transform/.venv/lib/python3.9/site-packages/airflow/example_dags/example_branch_day_of_week_operator.py took 0.071 seconds
[2023-05-26 22:19:42,197] {processor.py:153} INFO - Started process (PID=29705) to work on /home/raf/pipeline-transform/.venv/lib/python3.9/site-packages/airflow/example_dags/example_branch_day_of_week_operator.py
[2023-05-26 22:19:42,198] {processor.py:641} INFO - Processing file /home/raf/pipeline-transform/.venv/lib/python3.9/site-packages/airflow/example_dags/example_branch_day_of_week_operator.py for tasks to queue
[2023-05-26 22:19:42,198] {logging_mixin.py:115} INFO - [2023-05-26 22:19:42,198] {dagbag.py:507} INFO - Filling up the DagBag from /home/raf/pipeline-transform/.venv/lib/python3.9/site-packages/airflow/example_dags/example_branch_day_of_week_operator.py
[2023-05-26 22:19:42,205] {processor.py:651} INFO - DAG(s) dict_keys(['example_weekday_branch_operator']) retrieved from /home/raf/pipeline-transform/.venv/lib/python3.9/site-packages/airflow/example_dags/example_branch_day_of_week_operator.py
[2023-05-26 22:19:42,218] {logging_mixin.py:115} INFO - [2023-05-26 22:19:42,218] {dag.py:2379} INFO - Sync 1 DAGs
[2023-05-26 22:19:42,237] {logging_mixin.py:115} INFO - [2023-05-26 22:19:42,236] {dag.py:2927} INFO - Setting next_dagrun for example_weekday_branch_operator to 2023-05-26T00:00:00+00:00, run_after=2023-05-27T00:00:00+00:00
[2023-05-26 22:19:42,269] {processor.py:161} INFO - Processing /home/raf/pipeline-transform/.venv/lib/python3.9/site-packages/airflow/example_dags/example_branch_day_of_week_operator.py took 0.074 seconds
[2023-05-26 22:20:32,431] {processor.py:153} INFO - Started process (PID=30177) to work on /home/raf/pipeline-transform/.venv/lib/python3.9/site-packages/airflow/example_dags/example_branch_day_of_week_operator.py
[2023-05-26 22:20:32,432] {processor.py:641} INFO - Processing file /home/raf/pipeline-transform/.venv/lib/python3.9/site-packages/airflow/example_dags/example_branch_day_of_week_operator.py for tasks to queue
[2023-05-26 22:20:32,433] {logging_mixin.py:115} INFO - [2023-05-26 22:20:32,433] {dagbag.py:507} INFO - Filling up the DagBag from /home/raf/pipeline-transform/.venv/lib/python3.9/site-packages/airflow/example_dags/example_branch_day_of_week_operator.py
[2023-05-26 22:20:32,441] {processor.py:651} INFO - DAG(s) dict_keys(['example_weekday_branch_operator']) retrieved from /home/raf/pipeline-transform/.venv/lib/python3.9/site-packages/airflow/example_dags/example_branch_day_of_week_operator.py
[2023-05-26 22:20:32,454] {logging_mixin.py:115} INFO - [2023-05-26 22:20:32,454] {dag.py:2379} INFO - Sync 1 DAGs
[2023-05-26 22:20:32,469] {logging_mixin.py:115} INFO - [2023-05-26 22:20:32,469] {dag.py:2927} INFO - Setting next_dagrun for example_weekday_branch_operator to 2023-05-26T00:00:00+00:00, run_after=2023-05-27T00:00:00+00:00
[2023-05-26 22:20:32,489] {processor.py:161} INFO - Processing /home/raf/pipeline-transform/.venv/lib/python3.9/site-packages/airflow/example_dags/example_branch_day_of_week_operator.py took 0.060 seconds
[2023-05-26 22:21:07,338] {processor.py:153} INFO - Started process (PID=30424) to work on /home/raf/pipeline-transform/.venv/lib/python3.9/site-packages/airflow/example_dags/example_branch_day_of_week_operator.py
[2023-05-26 22:21:07,350] {processor.py:641} INFO - Processing file /home/raf/pipeline-transform/.venv/lib/python3.9/site-packages/airflow/example_dags/example_branch_day_of_week_operator.py for tasks to queue
[2023-05-26 22:21:07,351] {logging_mixin.py:115} INFO - [2023-05-26 22:21:07,351] {dagbag.py:507} INFO - Filling up the DagBag from /home/raf/pipeline-transform/.venv/lib/python3.9/site-packages/airflow/example_dags/example_branch_day_of_week_operator.py
[2023-05-26 22:21:07,358] {processor.py:651} INFO - DAG(s) dict_keys(['example_weekday_branch_operator']) retrieved from /home/raf/pipeline-transform/.venv/lib/python3.9/site-packages/airflow/example_dags/example_branch_day_of_week_operator.py
[2023-05-26 22:21:07,373] {logging_mixin.py:115} INFO - [2023-05-26 22:21:07,373] {dag.py:2379} INFO - Sync 1 DAGs
[2023-05-26 22:21:07,390] {logging_mixin.py:115} INFO - [2023-05-26 22:21:07,390] {dag.py:2927} INFO - Setting next_dagrun for example_weekday_branch_operator to 2023-05-26T00:00:00+00:00, run_after=2023-05-27T00:00:00+00:00
[2023-05-26 22:21:07,409] {processor.py:161} INFO - Processing /home/raf/pipeline-transform/.venv/lib/python3.9/site-packages/airflow/example_dags/example_branch_day_of_week_operator.py took 0.074 seconds
[2023-05-26 22:21:43,549] {processor.py:153} INFO - Started process (PID=30622) to work on /home/raf/pipeline-transform/.venv/lib/python3.9/site-packages/airflow/example_dags/example_branch_day_of_week_operator.py
[2023-05-26 22:21:43,563] {processor.py:641} INFO - Processing file /home/raf/pipeline-transform/.venv/lib/python3.9/site-packages/airflow/example_dags/example_branch_day_of_week_operator.py for tasks to queue
[2023-05-26 22:21:43,563] {logging_mixin.py:115} INFO - [2023-05-26 22:21:43,563] {dagbag.py:507} INFO - Filling up the DagBag from /home/raf/pipeline-transform/.venv/lib/python3.9/site-packages/airflow/example_dags/example_branch_day_of_week_operator.py
[2023-05-26 22:21:43,570] {processor.py:651} INFO - DAG(s) dict_keys(['example_weekday_branch_operator']) retrieved from /home/raf/pipeline-transform/.venv/lib/python3.9/site-packages/airflow/example_dags/example_branch_day_of_week_operator.py
[2023-05-26 22:21:43,585] {logging_mixin.py:115} INFO - [2023-05-26 22:21:43,585] {dag.py:2379} INFO - Sync 1 DAGs
[2023-05-26 22:21:43,603] {logging_mixin.py:115} INFO - [2023-05-26 22:21:43,603] {dag.py:2927} INFO - Setting next_dagrun for example_weekday_branch_operator to 2023-05-26T00:00:00+00:00, run_after=2023-05-27T00:00:00+00:00
[2023-05-26 22:21:43,622] {processor.py:161} INFO - Processing /home/raf/pipeline-transform/.venv/lib/python3.9/site-packages/airflow/example_dags/example_branch_day_of_week_operator.py took 0.075 seconds
[2023-05-26 22:22:20,820] {processor.py:153} INFO - Started process (PID=31021) to work on /home/raf/pipeline-transform/.venv/lib/python3.9/site-packages/airflow/example_dags/example_branch_day_of_week_operator.py
[2023-05-26 22:22:20,824] {processor.py:641} INFO - Processing file /home/raf/pipeline-transform/.venv/lib/python3.9/site-packages/airflow/example_dags/example_branch_day_of_week_operator.py for tasks to queue
[2023-05-26 22:22:20,824] {logging_mixin.py:115} INFO - [2023-05-26 22:22:20,824] {dagbag.py:507} INFO - Filling up the DagBag from /home/raf/pipeline-transform/.venv/lib/python3.9/site-packages/airflow/example_dags/example_branch_day_of_week_operator.py
[2023-05-26 22:22:20,831] {processor.py:651} INFO - DAG(s) dict_keys(['example_weekday_branch_operator']) retrieved from /home/raf/pipeline-transform/.venv/lib/python3.9/site-packages/airflow/example_dags/example_branch_day_of_week_operator.py
[2023-05-26 22:22:20,844] {logging_mixin.py:115} INFO - [2023-05-26 22:22:20,844] {dag.py:2379} INFO - Sync 1 DAGs
[2023-05-26 22:22:20,860] {logging_mixin.py:115} INFO - [2023-05-26 22:22:20,860] {dag.py:2927} INFO - Setting next_dagrun for example_weekday_branch_operator to 2023-05-26T00:00:00+00:00, run_after=2023-05-27T00:00:00+00:00
[2023-05-26 22:22:20,877] {processor.py:161} INFO - Processing /home/raf/pipeline-transform/.venv/lib/python3.9/site-packages/airflow/example_dags/example_branch_day_of_week_operator.py took 0.060 seconds
[2023-05-26 22:22:55,263] {processor.py:153} INFO - Started process (PID=31106) to work on /home/raf/pipeline-transform/.venv/lib/python3.9/site-packages/airflow/example_dags/example_branch_day_of_week_operator.py
[2023-05-26 22:22:55,264] {processor.py:641} INFO - Processing file /home/raf/pipeline-transform/.venv/lib/python3.9/site-packages/airflow/example_dags/example_branch_day_of_week_operator.py for tasks to queue
[2023-05-26 22:22:55,265] {logging_mixin.py:115} INFO - [2023-05-26 22:22:55,265] {dagbag.py:507} INFO - Filling up the DagBag from /home/raf/pipeline-transform/.venv/lib/python3.9/site-packages/airflow/example_dags/example_branch_day_of_week_operator.py
[2023-05-26 22:22:55,272] {processor.py:651} INFO - DAG(s) dict_keys(['example_weekday_branch_operator']) retrieved from /home/raf/pipeline-transform/.venv/lib/python3.9/site-packages/airflow/example_dags/example_branch_day_of_week_operator.py
[2023-05-26 22:22:55,285] {logging_mixin.py:115} INFO - [2023-05-26 22:22:55,285] {dag.py:2379} INFO - Sync 1 DAGs
[2023-05-26 22:22:55,302] {logging_mixin.py:115} INFO - [2023-05-26 22:22:55,302] {dag.py:2927} INFO - Setting next_dagrun for example_weekday_branch_operator to 2023-05-26T00:00:00+00:00, run_after=2023-05-27T00:00:00+00:00
[2023-05-26 22:22:55,321] {processor.py:161} INFO - Processing /home/raf/pipeline-transform/.venv/lib/python3.9/site-packages/airflow/example_dags/example_branch_day_of_week_operator.py took 0.061 seconds
[2023-05-26 22:23:30,869] {processor.py:153} INFO - Started process (PID=31204) to work on /home/raf/pipeline-transform/.venv/lib/python3.9/site-packages/airflow/example_dags/example_branch_day_of_week_operator.py
[2023-05-26 22:23:30,890] {processor.py:641} INFO - Processing file /home/raf/pipeline-transform/.venv/lib/python3.9/site-packages/airflow/example_dags/example_branch_day_of_week_operator.py for tasks to queue
[2023-05-26 22:23:30,891] {logging_mixin.py:115} INFO - [2023-05-26 22:23:30,891] {dagbag.py:507} INFO - Filling up the DagBag from /home/raf/pipeline-transform/.venv/lib/python3.9/site-packages/airflow/example_dags/example_branch_day_of_week_operator.py
[2023-05-26 22:23:30,898] {processor.py:651} INFO - DAG(s) dict_keys(['example_weekday_branch_operator']) retrieved from /home/raf/pipeline-transform/.venv/lib/python3.9/site-packages/airflow/example_dags/example_branch_day_of_week_operator.py
[2023-05-26 22:23:30,913] {logging_mixin.py:115} INFO - [2023-05-26 22:23:30,913] {dag.py:2379} INFO - Sync 1 DAGs
[2023-05-26 22:23:30,933] {logging_mixin.py:115} INFO - [2023-05-26 22:23:30,933] {dag.py:2927} INFO - Setting next_dagrun for example_weekday_branch_operator to 2023-05-26T00:00:00+00:00, run_after=2023-05-27T00:00:00+00:00
[2023-05-26 22:23:30,951] {processor.py:161} INFO - Processing /home/raf/pipeline-transform/.venv/lib/python3.9/site-packages/airflow/example_dags/example_branch_day_of_week_operator.py took 0.084 seconds
[2023-05-26 22:24:05,472] {processor.py:153} INFO - Started process (PID=31287) to work on /home/raf/pipeline-transform/.venv/lib/python3.9/site-packages/airflow/example_dags/example_branch_day_of_week_operator.py
[2023-05-26 22:24:05,473] {processor.py:641} INFO - Processing file /home/raf/pipeline-transform/.venv/lib/python3.9/site-packages/airflow/example_dags/example_branch_day_of_week_operator.py for tasks to queue
[2023-05-26 22:24:05,473] {logging_mixin.py:115} INFO - [2023-05-26 22:24:05,473] {dagbag.py:507} INFO - Filling up the DagBag from /home/raf/pipeline-transform/.venv/lib/python3.9/site-packages/airflow/example_dags/example_branch_day_of_week_operator.py
[2023-05-26 22:24:05,480] {processor.py:651} INFO - DAG(s) dict_keys(['example_weekday_branch_operator']) retrieved from /home/raf/pipeline-transform/.venv/lib/python3.9/site-packages/airflow/example_dags/example_branch_day_of_week_operator.py
[2023-05-26 22:24:05,493] {logging_mixin.py:115} INFO - [2023-05-26 22:24:05,493] {dag.py:2379} INFO - Sync 1 DAGs
[2023-05-26 22:24:05,509] {logging_mixin.py:115} INFO - [2023-05-26 22:24:05,508] {dag.py:2927} INFO - Setting next_dagrun for example_weekday_branch_operator to 2023-05-26T00:00:00+00:00, run_after=2023-05-27T00:00:00+00:00
[2023-05-26 22:24:05,538] {processor.py:161} INFO - Processing /home/raf/pipeline-transform/.venv/lib/python3.9/site-packages/airflow/example_dags/example_branch_day_of_week_operator.py took 0.068 seconds
[2023-05-26 22:24:40,742] {processor.py:153} INFO - Started process (PID=31377) to work on /home/raf/pipeline-transform/.venv/lib/python3.9/site-packages/airflow/example_dags/example_branch_day_of_week_operator.py
[2023-05-26 22:24:40,765] {processor.py:641} INFO - Processing file /home/raf/pipeline-transform/.venv/lib/python3.9/site-packages/airflow/example_dags/example_branch_day_of_week_operator.py for tasks to queue
[2023-05-26 22:24:40,766] {logging_mixin.py:115} INFO - [2023-05-26 22:24:40,766] {dagbag.py:507} INFO - Filling up the DagBag from /home/raf/pipeline-transform/.venv/lib/python3.9/site-packages/airflow/example_dags/example_branch_day_of_week_operator.py
[2023-05-26 22:24:40,773] {processor.py:651} INFO - DAG(s) dict_keys(['example_weekday_branch_operator']) retrieved from /home/raf/pipeline-transform/.venv/lib/python3.9/site-packages/airflow/example_dags/example_branch_day_of_week_operator.py
[2023-05-26 22:24:40,786] {logging_mixin.py:115} INFO - [2023-05-26 22:24:40,786] {dag.py:2379} INFO - Sync 1 DAGs
[2023-05-26 22:24:40,802] {logging_mixin.py:115} INFO - [2023-05-26 22:24:40,801] {dag.py:2927} INFO - Setting next_dagrun for example_weekday_branch_operator to 2023-05-26T00:00:00+00:00, run_after=2023-05-27T00:00:00+00:00
[2023-05-26 22:24:40,820] {processor.py:161} INFO - Processing /home/raf/pipeline-transform/.venv/lib/python3.9/site-packages/airflow/example_dags/example_branch_day_of_week_operator.py took 0.081 seconds
[2023-05-26 22:25:14,914] {processor.py:153} INFO - Started process (PID=31462) to work on /home/raf/pipeline-transform/.venv/lib/python3.9/site-packages/airflow/example_dags/example_branch_day_of_week_operator.py
[2023-05-26 22:25:14,939] {processor.py:641} INFO - Processing file /home/raf/pipeline-transform/.venv/lib/python3.9/site-packages/airflow/example_dags/example_branch_day_of_week_operator.py for tasks to queue
[2023-05-26 22:25:14,940] {logging_mixin.py:115} INFO - [2023-05-26 22:25:14,939] {dagbag.py:507} INFO - Filling up the DagBag from /home/raf/pipeline-transform/.venv/lib/python3.9/site-packages/airflow/example_dags/example_branch_day_of_week_operator.py
[2023-05-26 22:25:14,948] {processor.py:651} INFO - DAG(s) dict_keys(['example_weekday_branch_operator']) retrieved from /home/raf/pipeline-transform/.venv/lib/python3.9/site-packages/airflow/example_dags/example_branch_day_of_week_operator.py
[2023-05-26 22:25:14,964] {logging_mixin.py:115} INFO - [2023-05-26 22:25:14,964] {dag.py:2379} INFO - Sync 1 DAGs
[2023-05-26 22:25:14,983] {logging_mixin.py:115} INFO - [2023-05-26 22:25:14,983] {dag.py:2927} INFO - Setting next_dagrun for example_weekday_branch_operator to 2023-05-26T00:00:00+00:00, run_after=2023-05-27T00:00:00+00:00
[2023-05-26 22:25:15,001] {processor.py:161} INFO - Processing /home/raf/pipeline-transform/.venv/lib/python3.9/site-packages/airflow/example_dags/example_branch_day_of_week_operator.py took 0.091 seconds
[2023-05-26 22:25:53,174] {processor.py:153} INFO - Started process (PID=31761) to work on /home/raf/pipeline-transform/.venv/lib/python3.9/site-packages/airflow/example_dags/example_branch_day_of_week_operator.py
[2023-05-26 22:25:53,180] {processor.py:641} INFO - Processing file /home/raf/pipeline-transform/.venv/lib/python3.9/site-packages/airflow/example_dags/example_branch_day_of_week_operator.py for tasks to queue
[2023-05-26 22:25:53,181] {logging_mixin.py:115} INFO - [2023-05-26 22:25:53,181] {dagbag.py:507} INFO - Filling up the DagBag from /home/raf/pipeline-transform/.venv/lib/python3.9/site-packages/airflow/example_dags/example_branch_day_of_week_operator.py
[2023-05-26 22:25:53,194] {processor.py:651} INFO - DAG(s) dict_keys(['example_weekday_branch_operator']) retrieved from /home/raf/pipeline-transform/.venv/lib/python3.9/site-packages/airflow/example_dags/example_branch_day_of_week_operator.py
[2023-05-26 22:25:53,218] {logging_mixin.py:115} INFO - [2023-05-26 22:25:53,218] {dag.py:2379} INFO - Sync 1 DAGs
[2023-05-26 22:25:53,246] {logging_mixin.py:115} INFO - [2023-05-26 22:25:53,246] {dag.py:2927} INFO - Setting next_dagrun for example_weekday_branch_operator to 2023-05-26T00:00:00+00:00, run_after=2023-05-27T00:00:00+00:00
[2023-05-26 22:25:53,273] {processor.py:161} INFO - Processing /home/raf/pipeline-transform/.venv/lib/python3.9/site-packages/airflow/example_dags/example_branch_day_of_week_operator.py took 0.102 seconds
[2023-05-26 22:26:29,175] {processor.py:153} INFO - Started process (PID=31904) to work on /home/raf/pipeline-transform/.venv/lib/python3.9/site-packages/airflow/example_dags/example_branch_day_of_week_operator.py
[2023-05-26 22:26:29,192] {processor.py:641} INFO - Processing file /home/raf/pipeline-transform/.venv/lib/python3.9/site-packages/airflow/example_dags/example_branch_day_of_week_operator.py for tasks to queue
[2023-05-26 22:26:29,193] {logging_mixin.py:115} INFO - [2023-05-26 22:26:29,193] {dagbag.py:507} INFO - Filling up the DagBag from /home/raf/pipeline-transform/.venv/lib/python3.9/site-packages/airflow/example_dags/example_branch_day_of_week_operator.py
[2023-05-26 22:26:29,207] {processor.py:651} INFO - DAG(s) dict_keys(['example_weekday_branch_operator']) retrieved from /home/raf/pipeline-transform/.venv/lib/python3.9/site-packages/airflow/example_dags/example_branch_day_of_week_operator.py
[2023-05-26 22:26:29,238] {logging_mixin.py:115} INFO - [2023-05-26 22:26:29,237] {dag.py:2379} INFO - Sync 1 DAGs
[2023-05-26 22:26:29,275] {logging_mixin.py:115} INFO - [2023-05-26 22:26:29,274] {dag.py:2927} INFO - Setting next_dagrun for example_weekday_branch_operator to 2023-05-26T00:00:00+00:00, run_after=2023-05-27T00:00:00+00:00
[2023-05-26 22:26:29,312] {processor.py:161} INFO - Processing /home/raf/pipeline-transform/.venv/lib/python3.9/site-packages/airflow/example_dags/example_branch_day_of_week_operator.py took 0.140 seconds
[2023-05-26 22:27:05,662] {processor.py:153} INFO - Started process (PID=32008) to work on /home/raf/pipeline-transform/.venv/lib/python3.9/site-packages/airflow/example_dags/example_branch_day_of_week_operator.py
[2023-05-26 22:27:05,680] {processor.py:641} INFO - Processing file /home/raf/pipeline-transform/.venv/lib/python3.9/site-packages/airflow/example_dags/example_branch_day_of_week_operator.py for tasks to queue
[2023-05-26 22:27:05,681] {logging_mixin.py:115} INFO - [2023-05-26 22:27:05,681] {dagbag.py:507} INFO - Filling up the DagBag from /home/raf/pipeline-transform/.venv/lib/python3.9/site-packages/airflow/example_dags/example_branch_day_of_week_operator.py
[2023-05-26 22:27:05,689] {processor.py:651} INFO - DAG(s) dict_keys(['example_weekday_branch_operator']) retrieved from /home/raf/pipeline-transform/.venv/lib/python3.9/site-packages/airflow/example_dags/example_branch_day_of_week_operator.py
[2023-05-26 22:27:05,704] {logging_mixin.py:115} INFO - [2023-05-26 22:27:05,704] {dag.py:2379} INFO - Sync 1 DAGs
[2023-05-26 22:27:05,722] {logging_mixin.py:115} INFO - [2023-05-26 22:27:05,722] {dag.py:2927} INFO - Setting next_dagrun for example_weekday_branch_operator to 2023-05-26T00:00:00+00:00, run_after=2023-05-27T00:00:00+00:00
[2023-05-26 22:27:05,747] {processor.py:161} INFO - Processing /home/raf/pipeline-transform/.venv/lib/python3.9/site-packages/airflow/example_dags/example_branch_day_of_week_operator.py took 0.088 seconds
[2023-05-26 22:27:43,095] {processor.py:153} INFO - Started process (PID=32165) to work on /home/raf/pipeline-transform/.venv/lib/python3.9/site-packages/airflow/example_dags/example_branch_day_of_week_operator.py
[2023-05-26 22:27:43,098] {processor.py:641} INFO - Processing file /home/raf/pipeline-transform/.venv/lib/python3.9/site-packages/airflow/example_dags/example_branch_day_of_week_operator.py for tasks to queue
[2023-05-26 22:27:43,098] {logging_mixin.py:115} INFO - [2023-05-26 22:27:43,098] {dagbag.py:507} INFO - Filling up the DagBag from /home/raf/pipeline-transform/.venv/lib/python3.9/site-packages/airflow/example_dags/example_branch_day_of_week_operator.py
[2023-05-26 22:27:43,105] {processor.py:651} INFO - DAG(s) dict_keys(['example_weekday_branch_operator']) retrieved from /home/raf/pipeline-transform/.venv/lib/python3.9/site-packages/airflow/example_dags/example_branch_day_of_week_operator.py
[2023-05-26 22:27:43,119] {logging_mixin.py:115} INFO - [2023-05-26 22:27:43,119] {dag.py:2379} INFO - Sync 1 DAGs
[2023-05-26 22:27:43,139] {logging_mixin.py:115} INFO - [2023-05-26 22:27:43,139] {dag.py:2927} INFO - Setting next_dagrun for example_weekday_branch_operator to 2023-05-26T00:00:00+00:00, run_after=2023-05-27T00:00:00+00:00
[2023-05-26 22:27:43,169] {processor.py:161} INFO - Processing /home/raf/pipeline-transform/.venv/lib/python3.9/site-packages/airflow/example_dags/example_branch_day_of_week_operator.py took 0.077 seconds
[2023-05-26 22:28:24,186] {processor.py:153} INFO - Started process (PID=32285) to work on /home/raf/pipeline-transform/.venv/lib/python3.9/site-packages/airflow/example_dags/example_branch_day_of_week_operator.py
[2023-05-26 22:28:24,208] {processor.py:641} INFO - Processing file /home/raf/pipeline-transform/.venv/lib/python3.9/site-packages/airflow/example_dags/example_branch_day_of_week_operator.py for tasks to queue
[2023-05-26 22:28:24,208] {logging_mixin.py:115} INFO - [2023-05-26 22:28:24,208] {dagbag.py:507} INFO - Filling up the DagBag from /home/raf/pipeline-transform/.venv/lib/python3.9/site-packages/airflow/example_dags/example_branch_day_of_week_operator.py
[2023-05-26 22:28:24,215] {processor.py:651} INFO - DAG(s) dict_keys(['example_weekday_branch_operator']) retrieved from /home/raf/pipeline-transform/.venv/lib/python3.9/site-packages/airflow/example_dags/example_branch_day_of_week_operator.py
[2023-05-26 22:28:24,229] {logging_mixin.py:115} INFO - [2023-05-26 22:28:24,228] {dag.py:2379} INFO - Sync 1 DAGs
[2023-05-26 22:28:24,245] {logging_mixin.py:115} INFO - [2023-05-26 22:28:24,245] {dag.py:2927} INFO - Setting next_dagrun for example_weekday_branch_operator to 2023-05-26T00:00:00+00:00, run_after=2023-05-27T00:00:00+00:00
[2023-05-26 22:28:24,267] {processor.py:161} INFO - Processing /home/raf/pipeline-transform/.venv/lib/python3.9/site-packages/airflow/example_dags/example_branch_day_of_week_operator.py took 0.083 seconds
[2023-05-26 22:29:00,231] {processor.py:153} INFO - Started process (PID=32375) to work on /home/raf/pipeline-transform/.venv/lib/python3.9/site-packages/airflow/example_dags/example_branch_day_of_week_operator.py
[2023-05-26 22:29:00,254] {processor.py:641} INFO - Processing file /home/raf/pipeline-transform/.venv/lib/python3.9/site-packages/airflow/example_dags/example_branch_day_of_week_operator.py for tasks to queue
[2023-05-26 22:29:00,255] {logging_mixin.py:115} INFO - [2023-05-26 22:29:00,254] {dagbag.py:507} INFO - Filling up the DagBag from /home/raf/pipeline-transform/.venv/lib/python3.9/site-packages/airflow/example_dags/example_branch_day_of_week_operator.py
[2023-05-26 22:29:00,261] {processor.py:651} INFO - DAG(s) dict_keys(['example_weekday_branch_operator']) retrieved from /home/raf/pipeline-transform/.venv/lib/python3.9/site-packages/airflow/example_dags/example_branch_day_of_week_operator.py
[2023-05-26 22:29:00,275] {logging_mixin.py:115} INFO - [2023-05-26 22:29:00,275] {dag.py:2379} INFO - Sync 1 DAGs
[2023-05-26 22:29:00,291] {logging_mixin.py:115} INFO - [2023-05-26 22:29:00,291] {dag.py:2927} INFO - Setting next_dagrun for example_weekday_branch_operator to 2023-05-26T00:00:00+00:00, run_after=2023-05-27T00:00:00+00:00
[2023-05-26 22:29:00,312] {processor.py:161} INFO - Processing /home/raf/pipeline-transform/.venv/lib/python3.9/site-packages/airflow/example_dags/example_branch_day_of_week_operator.py took 0.084 seconds
[2023-05-26 22:29:40,280] {processor.py:153} INFO - Started process (PID=32474) to work on /home/raf/pipeline-transform/.venv/lib/python3.9/site-packages/airflow/example_dags/example_branch_day_of_week_operator.py
[2023-05-26 22:29:40,304] {processor.py:641} INFO - Processing file /home/raf/pipeline-transform/.venv/lib/python3.9/site-packages/airflow/example_dags/example_branch_day_of_week_operator.py for tasks to queue
[2023-05-26 22:29:40,304] {logging_mixin.py:115} INFO - [2023-05-26 22:29:40,304] {dagbag.py:507} INFO - Filling up the DagBag from /home/raf/pipeline-transform/.venv/lib/python3.9/site-packages/airflow/example_dags/example_branch_day_of_week_operator.py
[2023-05-26 22:29:40,311] {processor.py:651} INFO - DAG(s) dict_keys(['example_weekday_branch_operator']) retrieved from /home/raf/pipeline-transform/.venv/lib/python3.9/site-packages/airflow/example_dags/example_branch_day_of_week_operator.py
[2023-05-26 22:29:40,326] {logging_mixin.py:115} INFO - [2023-05-26 22:29:40,326] {dag.py:2379} INFO - Sync 1 DAGs
[2023-05-26 22:29:40,343] {logging_mixin.py:115} INFO - [2023-05-26 22:29:40,343] {dag.py:2927} INFO - Setting next_dagrun for example_weekday_branch_operator to 2023-05-26T00:00:00+00:00, run_after=2023-05-27T00:00:00+00:00
[2023-05-26 22:29:40,364] {processor.py:161} INFO - Processing /home/raf/pipeline-transform/.venv/lib/python3.9/site-packages/airflow/example_dags/example_branch_day_of_week_operator.py took 0.086 seconds
[2023-05-26 22:30:16,137] {processor.py:153} INFO - Started process (PID=32565) to work on /home/raf/pipeline-transform/.venv/lib/python3.9/site-packages/airflow/example_dags/example_branch_day_of_week_operator.py
[2023-05-26 22:30:16,138] {processor.py:641} INFO - Processing file /home/raf/pipeline-transform/.venv/lib/python3.9/site-packages/airflow/example_dags/example_branch_day_of_week_operator.py for tasks to queue
[2023-05-26 22:30:16,138] {logging_mixin.py:115} INFO - [2023-05-26 22:30:16,138] {dagbag.py:507} INFO - Filling up the DagBag from /home/raf/pipeline-transform/.venv/lib/python3.9/site-packages/airflow/example_dags/example_branch_day_of_week_operator.py
[2023-05-26 22:30:16,148] {processor.py:651} INFO - DAG(s) dict_keys(['example_weekday_branch_operator']) retrieved from /home/raf/pipeline-transform/.venv/lib/python3.9/site-packages/airflow/example_dags/example_branch_day_of_week_operator.py
[2023-05-26 22:30:16,161] {logging_mixin.py:115} INFO - [2023-05-26 22:30:16,161] {dag.py:2379} INFO - Sync 1 DAGs
[2023-05-26 22:30:16,180] {logging_mixin.py:115} INFO - [2023-05-26 22:30:16,180] {dag.py:2927} INFO - Setting next_dagrun for example_weekday_branch_operator to 2023-05-26T00:00:00+00:00, run_after=2023-05-27T00:00:00+00:00
[2023-05-26 22:30:16,197] {processor.py:161} INFO - Processing /home/raf/pipeline-transform/.venv/lib/python3.9/site-packages/airflow/example_dags/example_branch_day_of_week_operator.py took 0.064 seconds
[2023-05-26 22:30:50,926] {processor.py:153} INFO - Started process (PID=308) to work on /home/raf/pipeline-transform/.venv/lib/python3.9/site-packages/airflow/example_dags/example_branch_day_of_week_operator.py
[2023-05-26 22:30:50,952] {processor.py:641} INFO - Processing file /home/raf/pipeline-transform/.venv/lib/python3.9/site-packages/airflow/example_dags/example_branch_day_of_week_operator.py for tasks to queue
[2023-05-26 22:30:50,953] {logging_mixin.py:115} INFO - [2023-05-26 22:30:50,953] {dagbag.py:507} INFO - Filling up the DagBag from /home/raf/pipeline-transform/.venv/lib/python3.9/site-packages/airflow/example_dags/example_branch_day_of_week_operator.py
[2023-05-26 22:30:50,961] {processor.py:651} INFO - DAG(s) dict_keys(['example_weekday_branch_operator']) retrieved from /home/raf/pipeline-transform/.venv/lib/python3.9/site-packages/airflow/example_dags/example_branch_day_of_week_operator.py
[2023-05-26 22:30:50,979] {logging_mixin.py:115} INFO - [2023-05-26 22:30:50,979] {dag.py:2379} INFO - Sync 1 DAGs
[2023-05-26 22:30:50,997] {logging_mixin.py:115} INFO - [2023-05-26 22:30:50,997] {dag.py:2927} INFO - Setting next_dagrun for example_weekday_branch_operator to 2023-05-26T00:00:00+00:00, run_after=2023-05-27T00:00:00+00:00
[2023-05-26 22:30:51,017] {processor.py:161} INFO - Processing /home/raf/pipeline-transform/.venv/lib/python3.9/site-packages/airflow/example_dags/example_branch_day_of_week_operator.py took 0.093 seconds
[2023-05-26 22:31:26,624] {processor.py:153} INFO - Started process (PID=429) to work on /home/raf/pipeline-transform/.venv/lib/python3.9/site-packages/airflow/example_dags/example_branch_day_of_week_operator.py
[2023-05-26 22:31:26,626] {processor.py:641} INFO - Processing file /home/raf/pipeline-transform/.venv/lib/python3.9/site-packages/airflow/example_dags/example_branch_day_of_week_operator.py for tasks to queue
[2023-05-26 22:31:26,626] {logging_mixin.py:115} INFO - [2023-05-26 22:31:26,626] {dagbag.py:507} INFO - Filling up the DagBag from /home/raf/pipeline-transform/.venv/lib/python3.9/site-packages/airflow/example_dags/example_branch_day_of_week_operator.py
[2023-05-26 22:31:26,633] {processor.py:651} INFO - DAG(s) dict_keys(['example_weekday_branch_operator']) retrieved from /home/raf/pipeline-transform/.venv/lib/python3.9/site-packages/airflow/example_dags/example_branch_day_of_week_operator.py
[2023-05-26 22:31:26,648] {logging_mixin.py:115} INFO - [2023-05-26 22:31:26,648] {dag.py:2379} INFO - Sync 1 DAGs
[2023-05-26 22:31:26,665] {logging_mixin.py:115} INFO - [2023-05-26 22:31:26,665] {dag.py:2927} INFO - Setting next_dagrun for example_weekday_branch_operator to 2023-05-26T00:00:00+00:00, run_after=2023-05-27T00:00:00+00:00
[2023-05-26 22:31:26,688] {processor.py:161} INFO - Processing /home/raf/pipeline-transform/.venv/lib/python3.9/site-packages/airflow/example_dags/example_branch_day_of_week_operator.py took 0.066 seconds
[2023-05-26 22:31:59,998] {processor.py:153} INFO - Started process (PID=563) to work on /home/raf/pipeline-transform/.venv/lib/python3.9/site-packages/airflow/example_dags/example_branch_day_of_week_operator.py
[2023-05-26 22:32:00,003] {processor.py:641} INFO - Processing file /home/raf/pipeline-transform/.venv/lib/python3.9/site-packages/airflow/example_dags/example_branch_day_of_week_operator.py for tasks to queue
[2023-05-26 22:32:00,003] {logging_mixin.py:115} INFO - [2023-05-26 22:32:00,003] {dagbag.py:507} INFO - Filling up the DagBag from /home/raf/pipeline-transform/.venv/lib/python3.9/site-packages/airflow/example_dags/example_branch_day_of_week_operator.py
[2023-05-26 22:32:00,010] {processor.py:651} INFO - DAG(s) dict_keys(['example_weekday_branch_operator']) retrieved from /home/raf/pipeline-transform/.venv/lib/python3.9/site-packages/airflow/example_dags/example_branch_day_of_week_operator.py
[2023-05-26 22:32:00,030] {logging_mixin.py:115} INFO - [2023-05-26 22:32:00,030] {dag.py:2379} INFO - Sync 1 DAGs
[2023-05-26 22:32:00,048] {logging_mixin.py:115} INFO - [2023-05-26 22:32:00,048] {dag.py:2927} INFO - Setting next_dagrun for example_weekday_branch_operator to 2023-05-26T00:00:00+00:00, run_after=2023-05-27T00:00:00+00:00
[2023-05-26 22:32:00,068] {processor.py:161} INFO - Processing /home/raf/pipeline-transform/.venv/lib/python3.9/site-packages/airflow/example_dags/example_branch_day_of_week_operator.py took 0.072 seconds
