[2023-05-26 22:03:40,125] {processor.py:153} INFO - Started process (PID=26091) to work on /home/raf/pipeline-transform/.venv/lib/python3.9/site-packages/airflow/example_dags/example_bash_operator.py
[2023-05-26 22:03:40,126] {processor.py:641} INFO - Processing file /home/raf/pipeline-transform/.venv/lib/python3.9/site-packages/airflow/example_dags/example_bash_operator.py for tasks to queue
[2023-05-26 22:03:40,126] {logging_mixin.py:115} INFO - [2023-05-26 22:03:40,126] {dagbag.py:507} INFO - Filling up the DagBag from /home/raf/pipeline-transform/.venv/lib/python3.9/site-packages/airflow/example_dags/example_bash_operator.py
[2023-05-26 22:03:40,135] {processor.py:651} INFO - DAG(s) dict_keys(['example_bash_operator']) retrieved from /home/raf/pipeline-transform/.venv/lib/python3.9/site-packages/airflow/example_dags/example_bash_operator.py
[2023-05-26 22:03:40,187] {logging_mixin.py:115} INFO - [2023-05-26 22:03:40,187] {dag.py:2379} INFO - Sync 1 DAGs
[2023-05-26 22:03:40,202] {logging_mixin.py:115} INFO - [2023-05-26 22:03:40,202] {dag.py:2927} INFO - Setting next_dagrun for example_bash_operator to 2023-05-26T00:00:00+00:00, run_after=2023-05-27T00:00:00+00:00
[2023-05-26 22:03:40,242] {processor.py:161} INFO - Processing /home/raf/pipeline-transform/.venv/lib/python3.9/site-packages/airflow/example_dags/example_bash_operator.py took 0.119 seconds
[2023-05-26 22:04:14,567] {processor.py:153} INFO - Started process (PID=26276) to work on /home/raf/pipeline-transform/.venv/lib/python3.9/site-packages/airflow/example_dags/example_bash_operator.py
[2023-05-26 22:04:14,574] {processor.py:641} INFO - Processing file /home/raf/pipeline-transform/.venv/lib/python3.9/site-packages/airflow/example_dags/example_bash_operator.py for tasks to queue
[2023-05-26 22:04:14,574] {logging_mixin.py:115} INFO - [2023-05-26 22:04:14,574] {dagbag.py:507} INFO - Filling up the DagBag from /home/raf/pipeline-transform/.venv/lib/python3.9/site-packages/airflow/example_dags/example_bash_operator.py
[2023-05-26 22:04:14,583] {processor.py:651} INFO - DAG(s) dict_keys(['example_bash_operator']) retrieved from /home/raf/pipeline-transform/.venv/lib/python3.9/site-packages/airflow/example_dags/example_bash_operator.py
[2023-05-26 22:04:14,596] {logging_mixin.py:115} INFO - [2023-05-26 22:04:14,596] {dag.py:2379} INFO - Sync 1 DAGs
[2023-05-26 22:04:14,611] {logging_mixin.py:115} INFO - [2023-05-26 22:04:14,611] {dag.py:2927} INFO - Setting next_dagrun for example_bash_operator to 2023-05-26T00:00:00+00:00, run_after=2023-05-27T00:00:00+00:00
[2023-05-26 22:04:14,632] {processor.py:161} INFO - Processing /home/raf/pipeline-transform/.venv/lib/python3.9/site-packages/airflow/example_dags/example_bash_operator.py took 0.068 seconds
[2023-05-26 22:04:48,563] {processor.py:153} INFO - Started process (PID=26515) to work on /home/raf/pipeline-transform/.venv/lib/python3.9/site-packages/airflow/example_dags/example_bash_operator.py
[2023-05-26 22:04:48,571] {processor.py:641} INFO - Processing file /home/raf/pipeline-transform/.venv/lib/python3.9/site-packages/airflow/example_dags/example_bash_operator.py for tasks to queue
[2023-05-26 22:04:48,572] {logging_mixin.py:115} INFO - [2023-05-26 22:04:48,572] {dagbag.py:507} INFO - Filling up the DagBag from /home/raf/pipeline-transform/.venv/lib/python3.9/site-packages/airflow/example_dags/example_bash_operator.py
[2023-05-26 22:04:48,581] {processor.py:651} INFO - DAG(s) dict_keys(['example_bash_operator']) retrieved from /home/raf/pipeline-transform/.venv/lib/python3.9/site-packages/airflow/example_dags/example_bash_operator.py
[2023-05-26 22:04:48,596] {logging_mixin.py:115} INFO - [2023-05-26 22:04:48,596] {dag.py:2379} INFO - Sync 1 DAGs
[2023-05-26 22:04:48,613] {logging_mixin.py:115} INFO - [2023-05-26 22:04:48,613] {dag.py:2927} INFO - Setting next_dagrun for example_bash_operator to 2023-05-26T00:00:00+00:00, run_after=2023-05-27T00:00:00+00:00
[2023-05-26 22:04:48,634] {processor.py:161} INFO - Processing /home/raf/pipeline-transform/.venv/lib/python3.9/site-packages/airflow/example_dags/example_bash_operator.py took 0.073 seconds
[2023-05-26 22:05:23,631] {processor.py:153} INFO - Started process (PID=26756) to work on /home/raf/pipeline-transform/.venv/lib/python3.9/site-packages/airflow/example_dags/example_bash_operator.py
[2023-05-26 22:05:23,640] {processor.py:641} INFO - Processing file /home/raf/pipeline-transform/.venv/lib/python3.9/site-packages/airflow/example_dags/example_bash_operator.py for tasks to queue
[2023-05-26 22:05:23,640] {logging_mixin.py:115} INFO - [2023-05-26 22:05:23,640] {dagbag.py:507} INFO - Filling up the DagBag from /home/raf/pipeline-transform/.venv/lib/python3.9/site-packages/airflow/example_dags/example_bash_operator.py
[2023-05-26 22:05:23,649] {processor.py:651} INFO - DAG(s) dict_keys(['example_bash_operator']) retrieved from /home/raf/pipeline-transform/.venv/lib/python3.9/site-packages/airflow/example_dags/example_bash_operator.py
[2023-05-26 22:05:23,662] {logging_mixin.py:115} INFO - [2023-05-26 22:05:23,662] {dag.py:2379} INFO - Sync 1 DAGs
[2023-05-26 22:05:23,677] {logging_mixin.py:115} INFO - [2023-05-26 22:05:23,677] {dag.py:2927} INFO - Setting next_dagrun for example_bash_operator to 2023-05-26T00:00:00+00:00, run_after=2023-05-27T00:00:00+00:00
[2023-05-26 22:05:23,696] {processor.py:161} INFO - Processing /home/raf/pipeline-transform/.venv/lib/python3.9/site-packages/airflow/example_dags/example_bash_operator.py took 0.068 seconds
[2023-05-26 22:05:59,385] {processor.py:153} INFO - Started process (PID=26960) to work on /home/raf/pipeline-transform/.venv/lib/python3.9/site-packages/airflow/example_dags/example_bash_operator.py
[2023-05-26 22:05:59,386] {processor.py:641} INFO - Processing file /home/raf/pipeline-transform/.venv/lib/python3.9/site-packages/airflow/example_dags/example_bash_operator.py for tasks to queue
[2023-05-26 22:05:59,387] {logging_mixin.py:115} INFO - [2023-05-26 22:05:59,387] {dagbag.py:507} INFO - Filling up the DagBag from /home/raf/pipeline-transform/.venv/lib/python3.9/site-packages/airflow/example_dags/example_bash_operator.py
[2023-05-26 22:05:59,403] {processor.py:651} INFO - DAG(s) dict_keys(['example_bash_operator']) retrieved from /home/raf/pipeline-transform/.venv/lib/python3.9/site-packages/airflow/example_dags/example_bash_operator.py
[2023-05-26 22:05:59,426] {logging_mixin.py:115} INFO - [2023-05-26 22:05:59,426] {dag.py:2379} INFO - Sync 1 DAGs
[2023-05-26 22:05:59,447] {logging_mixin.py:115} INFO - [2023-05-26 22:05:59,447] {dag.py:2927} INFO - Setting next_dagrun for example_bash_operator to 2023-05-26T00:00:00+00:00, run_after=2023-05-27T00:00:00+00:00
[2023-05-26 22:05:59,500] {processor.py:161} INFO - Processing /home/raf/pipeline-transform/.venv/lib/python3.9/site-packages/airflow/example_dags/example_bash_operator.py took 0.118 seconds
[2023-05-26 22:06:34,454] {processor.py:153} INFO - Started process (PID=27103) to work on /home/raf/pipeline-transform/.venv/lib/python3.9/site-packages/airflow/example_dags/example_bash_operator.py
[2023-05-26 22:06:34,465] {processor.py:641} INFO - Processing file /home/raf/pipeline-transform/.venv/lib/python3.9/site-packages/airflow/example_dags/example_bash_operator.py for tasks to queue
[2023-05-26 22:06:34,465] {logging_mixin.py:115} INFO - [2023-05-26 22:06:34,465] {dagbag.py:507} INFO - Filling up the DagBag from /home/raf/pipeline-transform/.venv/lib/python3.9/site-packages/airflow/example_dags/example_bash_operator.py
[2023-05-26 22:06:34,474] {processor.py:651} INFO - DAG(s) dict_keys(['example_bash_operator']) retrieved from /home/raf/pipeline-transform/.venv/lib/python3.9/site-packages/airflow/example_dags/example_bash_operator.py
[2023-05-26 22:06:34,488] {logging_mixin.py:115} INFO - [2023-05-26 22:06:34,487] {dag.py:2379} INFO - Sync 1 DAGs
[2023-05-26 22:06:34,507] {logging_mixin.py:115} INFO - [2023-05-26 22:06:34,507] {dag.py:2927} INFO - Setting next_dagrun for example_bash_operator to 2023-05-26T00:00:00+00:00, run_after=2023-05-27T00:00:00+00:00
[2023-05-26 22:06:34,530] {processor.py:161} INFO - Processing /home/raf/pipeline-transform/.venv/lib/python3.9/site-packages/airflow/example_dags/example_bash_operator.py took 0.079 seconds
[2023-05-26 22:07:11,612] {processor.py:153} INFO - Started process (PID=27251) to work on /home/raf/pipeline-transform/.venv/lib/python3.9/site-packages/airflow/example_dags/example_bash_operator.py
[2023-05-26 22:07:11,616] {processor.py:641} INFO - Processing file /home/raf/pipeline-transform/.venv/lib/python3.9/site-packages/airflow/example_dags/example_bash_operator.py for tasks to queue
[2023-05-26 22:07:11,616] {logging_mixin.py:115} INFO - [2023-05-26 22:07:11,616] {dagbag.py:507} INFO - Filling up the DagBag from /home/raf/pipeline-transform/.venv/lib/python3.9/site-packages/airflow/example_dags/example_bash_operator.py
[2023-05-26 22:07:11,627] {processor.py:651} INFO - DAG(s) dict_keys(['example_bash_operator']) retrieved from /home/raf/pipeline-transform/.venv/lib/python3.9/site-packages/airflow/example_dags/example_bash_operator.py
[2023-05-26 22:07:11,644] {logging_mixin.py:115} INFO - [2023-05-26 22:07:11,644] {dag.py:2379} INFO - Sync 1 DAGs
[2023-05-26 22:07:11,663] {logging_mixin.py:115} INFO - [2023-05-26 22:07:11,662] {dag.py:2927} INFO - Setting next_dagrun for example_bash_operator to 2023-05-26T00:00:00+00:00, run_after=2023-05-27T00:00:00+00:00
[2023-05-26 22:07:11,687] {processor.py:161} INFO - Processing /home/raf/pipeline-transform/.venv/lib/python3.9/site-packages/airflow/example_dags/example_bash_operator.py took 0.077 seconds
[2023-05-26 22:07:46,856] {processor.py:153} INFO - Started process (PID=27338) to work on /home/raf/pipeline-transform/.venv/lib/python3.9/site-packages/airflow/example_dags/example_bash_operator.py
[2023-05-26 22:07:46,869] {processor.py:641} INFO - Processing file /home/raf/pipeline-transform/.venv/lib/python3.9/site-packages/airflow/example_dags/example_bash_operator.py for tasks to queue
[2023-05-26 22:07:46,870] {logging_mixin.py:115} INFO - [2023-05-26 22:07:46,870] {dagbag.py:507} INFO - Filling up the DagBag from /home/raf/pipeline-transform/.venv/lib/python3.9/site-packages/airflow/example_dags/example_bash_operator.py
[2023-05-26 22:07:46,882] {processor.py:651} INFO - DAG(s) dict_keys(['example_bash_operator']) retrieved from /home/raf/pipeline-transform/.venv/lib/python3.9/site-packages/airflow/example_dags/example_bash_operator.py
[2023-05-26 22:07:46,899] {logging_mixin.py:115} INFO - [2023-05-26 22:07:46,899] {dag.py:2379} INFO - Sync 1 DAGs
[2023-05-26 22:07:46,915] {logging_mixin.py:115} INFO - [2023-05-26 22:07:46,915] {dag.py:2927} INFO - Setting next_dagrun for example_bash_operator to 2023-05-26T00:00:00+00:00, run_after=2023-05-27T00:00:00+00:00
[2023-05-26 22:07:46,936] {processor.py:161} INFO - Processing /home/raf/pipeline-transform/.venv/lib/python3.9/site-packages/airflow/example_dags/example_bash_operator.py took 0.082 seconds
[2023-05-26 22:08:19,364] {processor.py:153} INFO - Started process (PID=27474) to work on /home/raf/pipeline-transform/.venv/lib/python3.9/site-packages/airflow/example_dags/example_bash_operator.py
[2023-05-26 22:08:19,366] {processor.py:641} INFO - Processing file /home/raf/pipeline-transform/.venv/lib/python3.9/site-packages/airflow/example_dags/example_bash_operator.py for tasks to queue
[2023-05-26 22:08:19,367] {logging_mixin.py:115} INFO - [2023-05-26 22:08:19,367] {dagbag.py:507} INFO - Filling up the DagBag from /home/raf/pipeline-transform/.venv/lib/python3.9/site-packages/airflow/example_dags/example_bash_operator.py
[2023-05-26 22:08:19,376] {processor.py:651} INFO - DAG(s) dict_keys(['example_bash_operator']) retrieved from /home/raf/pipeline-transform/.venv/lib/python3.9/site-packages/airflow/example_dags/example_bash_operator.py
[2023-05-26 22:08:19,388] {logging_mixin.py:115} INFO - [2023-05-26 22:08:19,388] {dag.py:2379} INFO - Sync 1 DAGs
[2023-05-26 22:08:19,404] {logging_mixin.py:115} INFO - [2023-05-26 22:08:19,404] {dag.py:2927} INFO - Setting next_dagrun for example_bash_operator to 2023-05-26T00:00:00+00:00, run_after=2023-05-27T00:00:00+00:00
[2023-05-26 22:08:19,424] {processor.py:161} INFO - Processing /home/raf/pipeline-transform/.venv/lib/python3.9/site-packages/airflow/example_dags/example_bash_operator.py took 0.063 seconds
[2023-05-26 22:08:54,799] {processor.py:153} INFO - Started process (PID=27564) to work on /home/raf/pipeline-transform/.venv/lib/python3.9/site-packages/airflow/example_dags/example_bash_operator.py
[2023-05-26 22:08:54,802] {processor.py:641} INFO - Processing file /home/raf/pipeline-transform/.venv/lib/python3.9/site-packages/airflow/example_dags/example_bash_operator.py for tasks to queue
[2023-05-26 22:08:54,803] {logging_mixin.py:115} INFO - [2023-05-26 22:08:54,802] {dagbag.py:507} INFO - Filling up the DagBag from /home/raf/pipeline-transform/.venv/lib/python3.9/site-packages/airflow/example_dags/example_bash_operator.py
[2023-05-26 22:08:54,811] {processor.py:651} INFO - DAG(s) dict_keys(['example_bash_operator']) retrieved from /home/raf/pipeline-transform/.venv/lib/python3.9/site-packages/airflow/example_dags/example_bash_operator.py
[2023-05-26 22:08:54,824] {logging_mixin.py:115} INFO - [2023-05-26 22:08:54,824] {dag.py:2379} INFO - Sync 1 DAGs
[2023-05-26 22:08:54,839] {logging_mixin.py:115} INFO - [2023-05-26 22:08:54,839] {dag.py:2927} INFO - Setting next_dagrun for example_bash_operator to 2023-05-26T00:00:00+00:00, run_after=2023-05-27T00:00:00+00:00
[2023-05-26 22:08:54,858] {processor.py:161} INFO - Processing /home/raf/pipeline-transform/.venv/lib/python3.9/site-packages/airflow/example_dags/example_bash_operator.py took 0.062 seconds
[2023-05-26 22:09:31,332] {processor.py:153} INFO - Started process (PID=27758) to work on /home/raf/pipeline-transform/.venv/lib/python3.9/site-packages/airflow/example_dags/example_bash_operator.py
[2023-05-26 22:09:31,352] {processor.py:641} INFO - Processing file /home/raf/pipeline-transform/.venv/lib/python3.9/site-packages/airflow/example_dags/example_bash_operator.py for tasks to queue
[2023-05-26 22:09:31,352] {logging_mixin.py:115} INFO - [2023-05-26 22:09:31,352] {dagbag.py:507} INFO - Filling up the DagBag from /home/raf/pipeline-transform/.venv/lib/python3.9/site-packages/airflow/example_dags/example_bash_operator.py
[2023-05-26 22:09:31,366] {processor.py:651} INFO - DAG(s) dict_keys(['example_bash_operator']) retrieved from /home/raf/pipeline-transform/.venv/lib/python3.9/site-packages/airflow/example_dags/example_bash_operator.py
[2023-05-26 22:09:31,385] {logging_mixin.py:115} INFO - [2023-05-26 22:09:31,384] {dag.py:2379} INFO - Sync 1 DAGs
[2023-05-26 22:09:31,406] {logging_mixin.py:115} INFO - [2023-05-26 22:09:31,406] {dag.py:2927} INFO - Setting next_dagrun for example_bash_operator to 2023-05-26T00:00:00+00:00, run_after=2023-05-27T00:00:00+00:00
[2023-05-26 22:09:31,433] {processor.py:161} INFO - Processing /home/raf/pipeline-transform/.venv/lib/python3.9/site-packages/airflow/example_dags/example_bash_operator.py took 0.104 seconds
[2023-05-26 22:10:06,383] {processor.py:153} INFO - Started process (PID=27846) to work on /home/raf/pipeline-transform/.venv/lib/python3.9/site-packages/airflow/example_dags/example_bash_operator.py
[2023-05-26 22:10:06,384] {processor.py:641} INFO - Processing file /home/raf/pipeline-transform/.venv/lib/python3.9/site-packages/airflow/example_dags/example_bash_operator.py for tasks to queue
[2023-05-26 22:10:06,385] {logging_mixin.py:115} INFO - [2023-05-26 22:10:06,385] {dagbag.py:507} INFO - Filling up the DagBag from /home/raf/pipeline-transform/.venv/lib/python3.9/site-packages/airflow/example_dags/example_bash_operator.py
[2023-05-26 22:10:06,394] {processor.py:651} INFO - DAG(s) dict_keys(['example_bash_operator']) retrieved from /home/raf/pipeline-transform/.venv/lib/python3.9/site-packages/airflow/example_dags/example_bash_operator.py
[2023-05-26 22:10:06,407] {logging_mixin.py:115} INFO - [2023-05-26 22:10:06,407] {dag.py:2379} INFO - Sync 1 DAGs
[2023-05-26 22:10:06,422] {logging_mixin.py:115} INFO - [2023-05-26 22:10:06,422] {dag.py:2927} INFO - Setting next_dagrun for example_bash_operator to 2023-05-26T00:00:00+00:00, run_after=2023-05-27T00:00:00+00:00
[2023-05-26 22:10:06,443] {processor.py:161} INFO - Processing /home/raf/pipeline-transform/.venv/lib/python3.9/site-packages/airflow/example_dags/example_bash_operator.py took 0.062 seconds
[2023-05-26 22:10:42,353] {processor.py:153} INFO - Started process (PID=27933) to work on /home/raf/pipeline-transform/.venv/lib/python3.9/site-packages/airflow/example_dags/example_bash_operator.py
[2023-05-26 22:10:42,372] {processor.py:641} INFO - Processing file /home/raf/pipeline-transform/.venv/lib/python3.9/site-packages/airflow/example_dags/example_bash_operator.py for tasks to queue
[2023-05-26 22:10:42,373] {logging_mixin.py:115} INFO - [2023-05-26 22:10:42,373] {dagbag.py:507} INFO - Filling up the DagBag from /home/raf/pipeline-transform/.venv/lib/python3.9/site-packages/airflow/example_dags/example_bash_operator.py
[2023-05-26 22:10:42,382] {processor.py:651} INFO - DAG(s) dict_keys(['example_bash_operator']) retrieved from /home/raf/pipeline-transform/.venv/lib/python3.9/site-packages/airflow/example_dags/example_bash_operator.py
[2023-05-26 22:10:42,396] {logging_mixin.py:115} INFO - [2023-05-26 22:10:42,396] {dag.py:2379} INFO - Sync 1 DAGs
[2023-05-26 22:10:42,412] {logging_mixin.py:115} INFO - [2023-05-26 22:10:42,412] {dag.py:2927} INFO - Setting next_dagrun for example_bash_operator to 2023-05-26T00:00:00+00:00, run_after=2023-05-27T00:00:00+00:00
[2023-05-26 22:10:42,433] {processor.py:161} INFO - Processing /home/raf/pipeline-transform/.venv/lib/python3.9/site-packages/airflow/example_dags/example_bash_operator.py took 0.083 seconds
[2023-05-26 22:11:17,140] {processor.py:153} INFO - Started process (PID=28019) to work on /home/raf/pipeline-transform/.venv/lib/python3.9/site-packages/airflow/example_dags/example_bash_operator.py
[2023-05-26 22:11:17,162] {processor.py:641} INFO - Processing file /home/raf/pipeline-transform/.venv/lib/python3.9/site-packages/airflow/example_dags/example_bash_operator.py for tasks to queue
[2023-05-26 22:11:17,163] {logging_mixin.py:115} INFO - [2023-05-26 22:11:17,163] {dagbag.py:507} INFO - Filling up the DagBag from /home/raf/pipeline-transform/.venv/lib/python3.9/site-packages/airflow/example_dags/example_bash_operator.py
[2023-05-26 22:11:17,175] {processor.py:651} INFO - DAG(s) dict_keys(['example_bash_operator']) retrieved from /home/raf/pipeline-transform/.venv/lib/python3.9/site-packages/airflow/example_dags/example_bash_operator.py
[2023-05-26 22:11:17,191] {logging_mixin.py:115} INFO - [2023-05-26 22:11:17,191] {dag.py:2379} INFO - Sync 1 DAGs
[2023-05-26 22:11:17,214] {logging_mixin.py:115} INFO - [2023-05-26 22:11:17,213] {dag.py:2927} INFO - Setting next_dagrun for example_bash_operator to 2023-05-26T00:00:00+00:00, run_after=2023-05-27T00:00:00+00:00
[2023-05-26 22:11:17,235] {processor.py:161} INFO - Processing /home/raf/pipeline-transform/.venv/lib/python3.9/site-packages/airflow/example_dags/example_bash_operator.py took 0.097 seconds
[2023-05-26 22:11:55,790] {processor.py:153} INFO - Started process (PID=28127) to work on /home/raf/pipeline-transform/.venv/lib/python3.9/site-packages/airflow/example_dags/example_bash_operator.py
[2023-05-26 22:11:55,792] {processor.py:641} INFO - Processing file /home/raf/pipeline-transform/.venv/lib/python3.9/site-packages/airflow/example_dags/example_bash_operator.py for tasks to queue
[2023-05-26 22:11:55,793] {logging_mixin.py:115} INFO - [2023-05-26 22:11:55,793] {dagbag.py:507} INFO - Filling up the DagBag from /home/raf/pipeline-transform/.venv/lib/python3.9/site-packages/airflow/example_dags/example_bash_operator.py
[2023-05-26 22:11:55,802] {processor.py:651} INFO - DAG(s) dict_keys(['example_bash_operator']) retrieved from /home/raf/pipeline-transform/.venv/lib/python3.9/site-packages/airflow/example_dags/example_bash_operator.py
[2023-05-26 22:11:55,815] {logging_mixin.py:115} INFO - [2023-05-26 22:11:55,815] {dag.py:2379} INFO - Sync 1 DAGs
[2023-05-26 22:11:55,830] {logging_mixin.py:115} INFO - [2023-05-26 22:11:55,830] {dag.py:2927} INFO - Setting next_dagrun for example_bash_operator to 2023-05-26T00:00:00+00:00, run_after=2023-05-27T00:00:00+00:00
[2023-05-26 22:11:55,851] {processor.py:161} INFO - Processing /home/raf/pipeline-transform/.venv/lib/python3.9/site-packages/airflow/example_dags/example_bash_operator.py took 0.063 seconds
[2023-05-26 22:12:30,477] {processor.py:153} INFO - Started process (PID=28371) to work on /home/raf/pipeline-transform/.venv/lib/python3.9/site-packages/airflow/example_dags/example_bash_operator.py
[2023-05-26 22:12:30,478] {processor.py:641} INFO - Processing file /home/raf/pipeline-transform/.venv/lib/python3.9/site-packages/airflow/example_dags/example_bash_operator.py for tasks to queue
[2023-05-26 22:12:30,479] {logging_mixin.py:115} INFO - [2023-05-26 22:12:30,478] {dagbag.py:507} INFO - Filling up the DagBag from /home/raf/pipeline-transform/.venv/lib/python3.9/site-packages/airflow/example_dags/example_bash_operator.py
[2023-05-26 22:12:30,497] {processor.py:651} INFO - DAG(s) dict_keys(['example_bash_operator']) retrieved from /home/raf/pipeline-transform/.venv/lib/python3.9/site-packages/airflow/example_dags/example_bash_operator.py
[2023-05-26 22:12:30,522] {logging_mixin.py:115} INFO - [2023-05-26 22:12:30,522] {dag.py:2379} INFO - Sync 1 DAGs
[2023-05-26 22:12:30,542] {logging_mixin.py:115} INFO - [2023-05-26 22:12:30,542] {dag.py:2927} INFO - Setting next_dagrun for example_bash_operator to 2023-05-26T00:00:00+00:00, run_after=2023-05-27T00:00:00+00:00
[2023-05-26 22:12:30,578] {processor.py:161} INFO - Processing /home/raf/pipeline-transform/.venv/lib/python3.9/site-packages/airflow/example_dags/example_bash_operator.py took 0.105 seconds
[2023-05-26 22:13:07,329] {processor.py:153} INFO - Started process (PID=28459) to work on /home/raf/pipeline-transform/.venv/lib/python3.9/site-packages/airflow/example_dags/example_bash_operator.py
[2023-05-26 22:13:07,337] {processor.py:641} INFO - Processing file /home/raf/pipeline-transform/.venv/lib/python3.9/site-packages/airflow/example_dags/example_bash_operator.py for tasks to queue
[2023-05-26 22:13:07,337] {logging_mixin.py:115} INFO - [2023-05-26 22:13:07,337] {dagbag.py:507} INFO - Filling up the DagBag from /home/raf/pipeline-transform/.venv/lib/python3.9/site-packages/airflow/example_dags/example_bash_operator.py
[2023-05-26 22:13:07,347] {processor.py:651} INFO - DAG(s) dict_keys(['example_bash_operator']) retrieved from /home/raf/pipeline-transform/.venv/lib/python3.9/site-packages/airflow/example_dags/example_bash_operator.py
[2023-05-26 22:13:07,363] {logging_mixin.py:115} INFO - [2023-05-26 22:13:07,362] {dag.py:2379} INFO - Sync 1 DAGs
[2023-05-26 22:13:07,381] {logging_mixin.py:115} INFO - [2023-05-26 22:13:07,381] {dag.py:2927} INFO - Setting next_dagrun for example_bash_operator to 2023-05-26T00:00:00+00:00, run_after=2023-05-27T00:00:00+00:00
[2023-05-26 22:13:07,404] {processor.py:161} INFO - Processing /home/raf/pipeline-transform/.venv/lib/python3.9/site-packages/airflow/example_dags/example_bash_operator.py took 0.077 seconds
[2023-05-26 22:13:43,046] {processor.py:153} INFO - Started process (PID=28601) to work on /home/raf/pipeline-transform/.venv/lib/python3.9/site-packages/airflow/example_dags/example_bash_operator.py
[2023-05-26 22:13:43,052] {processor.py:641} INFO - Processing file /home/raf/pipeline-transform/.venv/lib/python3.9/site-packages/airflow/example_dags/example_bash_operator.py for tasks to queue
[2023-05-26 22:13:43,052] {logging_mixin.py:115} INFO - [2023-05-26 22:13:43,052] {dagbag.py:507} INFO - Filling up the DagBag from /home/raf/pipeline-transform/.venv/lib/python3.9/site-packages/airflow/example_dags/example_bash_operator.py
[2023-05-26 22:13:43,068] {processor.py:651} INFO - DAG(s) dict_keys(['example_bash_operator']) retrieved from /home/raf/pipeline-transform/.venv/lib/python3.9/site-packages/airflow/example_dags/example_bash_operator.py
[2023-05-26 22:13:43,086] {logging_mixin.py:115} INFO - [2023-05-26 22:13:43,085] {dag.py:2379} INFO - Sync 1 DAGs
[2023-05-26 22:13:43,108] {logging_mixin.py:115} INFO - [2023-05-26 22:13:43,108] {dag.py:2927} INFO - Setting next_dagrun for example_bash_operator to 2023-05-26T00:00:00+00:00, run_after=2023-05-27T00:00:00+00:00
[2023-05-26 22:13:43,125] {processor.py:161} INFO - Processing /home/raf/pipeline-transform/.venv/lib/python3.9/site-packages/airflow/example_dags/example_bash_operator.py took 0.083 seconds
[2023-05-26 22:14:20,836] {processor.py:153} INFO - Started process (PID=28696) to work on /home/raf/pipeline-transform/.venv/lib/python3.9/site-packages/airflow/example_dags/example_bash_operator.py
[2023-05-26 22:14:20,837] {processor.py:641} INFO - Processing file /home/raf/pipeline-transform/.venv/lib/python3.9/site-packages/airflow/example_dags/example_bash_operator.py for tasks to queue
[2023-05-26 22:14:20,838] {logging_mixin.py:115} INFO - [2023-05-26 22:14:20,838] {dagbag.py:507} INFO - Filling up the DagBag from /home/raf/pipeline-transform/.venv/lib/python3.9/site-packages/airflow/example_dags/example_bash_operator.py
[2023-05-26 22:14:20,847] {processor.py:651} INFO - DAG(s) dict_keys(['example_bash_operator']) retrieved from /home/raf/pipeline-transform/.venv/lib/python3.9/site-packages/airflow/example_dags/example_bash_operator.py
[2023-05-26 22:14:20,861] {logging_mixin.py:115} INFO - [2023-05-26 22:14:20,861] {dag.py:2379} INFO - Sync 1 DAGs
[2023-05-26 22:14:20,878] {logging_mixin.py:115} INFO - [2023-05-26 22:14:20,878] {dag.py:2927} INFO - Setting next_dagrun for example_bash_operator to 2023-05-26T00:00:00+00:00, run_after=2023-05-27T00:00:00+00:00
[2023-05-26 22:14:20,896] {processor.py:161} INFO - Processing /home/raf/pipeline-transform/.venv/lib/python3.9/site-packages/airflow/example_dags/example_bash_operator.py took 0.063 seconds
[2023-05-26 22:14:55,413] {processor.py:153} INFO - Started process (PID=28783) to work on /home/raf/pipeline-transform/.venv/lib/python3.9/site-packages/airflow/example_dags/example_bash_operator.py
[2023-05-26 22:14:55,413] {processor.py:641} INFO - Processing file /home/raf/pipeline-transform/.venv/lib/python3.9/site-packages/airflow/example_dags/example_bash_operator.py for tasks to queue
[2023-05-26 22:14:55,414] {logging_mixin.py:115} INFO - [2023-05-26 22:14:55,414] {dagbag.py:507} INFO - Filling up the DagBag from /home/raf/pipeline-transform/.venv/lib/python3.9/site-packages/airflow/example_dags/example_bash_operator.py
[2023-05-26 22:14:55,423] {processor.py:651} INFO - DAG(s) dict_keys(['example_bash_operator']) retrieved from /home/raf/pipeline-transform/.venv/lib/python3.9/site-packages/airflow/example_dags/example_bash_operator.py
[2023-05-26 22:14:55,436] {logging_mixin.py:115} INFO - [2023-05-26 22:14:55,436] {dag.py:2379} INFO - Sync 1 DAGs
[2023-05-26 22:14:55,453] {logging_mixin.py:115} INFO - [2023-05-26 22:14:55,453] {dag.py:2927} INFO - Setting next_dagrun for example_bash_operator to 2023-05-26T00:00:00+00:00, run_after=2023-05-27T00:00:00+00:00
[2023-05-26 22:14:55,474] {processor.py:161} INFO - Processing /home/raf/pipeline-transform/.venv/lib/python3.9/site-packages/airflow/example_dags/example_bash_operator.py took 0.063 seconds
[2023-05-26 22:15:32,959] {processor.py:153} INFO - Started process (PID=28874) to work on /home/raf/pipeline-transform/.venv/lib/python3.9/site-packages/airflow/example_dags/example_bash_operator.py
[2023-05-26 22:15:32,981] {processor.py:641} INFO - Processing file /home/raf/pipeline-transform/.venv/lib/python3.9/site-packages/airflow/example_dags/example_bash_operator.py for tasks to queue
[2023-05-26 22:15:32,982] {logging_mixin.py:115} INFO - [2023-05-26 22:15:32,982] {dagbag.py:507} INFO - Filling up the DagBag from /home/raf/pipeline-transform/.venv/lib/python3.9/site-packages/airflow/example_dags/example_bash_operator.py
[2023-05-26 22:15:32,991] {processor.py:651} INFO - DAG(s) dict_keys(['example_bash_operator']) retrieved from /home/raf/pipeline-transform/.venv/lib/python3.9/site-packages/airflow/example_dags/example_bash_operator.py
[2023-05-26 22:15:33,004] {logging_mixin.py:115} INFO - [2023-05-26 22:15:33,004] {dag.py:2379} INFO - Sync 1 DAGs
[2023-05-26 22:15:33,022] {logging_mixin.py:115} INFO - [2023-05-26 22:15:33,022] {dag.py:2927} INFO - Setting next_dagrun for example_bash_operator to 2023-05-26T00:00:00+00:00, run_after=2023-05-27T00:00:00+00:00
[2023-05-26 22:15:33,040] {processor.py:161} INFO - Processing /home/raf/pipeline-transform/.venv/lib/python3.9/site-packages/airflow/example_dags/example_bash_operator.py took 0.084 seconds
[2023-05-26 22:16:08,215] {processor.py:153} INFO - Started process (PID=28961) to work on /home/raf/pipeline-transform/.venv/lib/python3.9/site-packages/airflow/example_dags/example_bash_operator.py
[2023-05-26 22:16:08,238] {processor.py:641} INFO - Processing file /home/raf/pipeline-transform/.venv/lib/python3.9/site-packages/airflow/example_dags/example_bash_operator.py for tasks to queue
[2023-05-26 22:16:08,239] {logging_mixin.py:115} INFO - [2023-05-26 22:16:08,239] {dagbag.py:507} INFO - Filling up the DagBag from /home/raf/pipeline-transform/.venv/lib/python3.9/site-packages/airflow/example_dags/example_bash_operator.py
[2023-05-26 22:16:08,249] {processor.py:651} INFO - DAG(s) dict_keys(['example_bash_operator']) retrieved from /home/raf/pipeline-transform/.venv/lib/python3.9/site-packages/airflow/example_dags/example_bash_operator.py
[2023-05-26 22:16:08,264] {logging_mixin.py:115} INFO - [2023-05-26 22:16:08,264] {dag.py:2379} INFO - Sync 1 DAGs
[2023-05-26 22:16:08,284] {logging_mixin.py:115} INFO - [2023-05-26 22:16:08,284] {dag.py:2927} INFO - Setting next_dagrun for example_bash_operator to 2023-05-26T00:00:00+00:00, run_after=2023-05-27T00:00:00+00:00
[2023-05-26 22:16:08,305] {processor.py:161} INFO - Processing /home/raf/pipeline-transform/.venv/lib/python3.9/site-packages/airflow/example_dags/example_bash_operator.py took 0.092 seconds
[2023-05-26 22:16:41,887] {processor.py:153} INFO - Started process (PID=29047) to work on /home/raf/pipeline-transform/.venv/lib/python3.9/site-packages/airflow/example_dags/example_bash_operator.py
[2023-05-26 22:16:41,912] {processor.py:641} INFO - Processing file /home/raf/pipeline-transform/.venv/lib/python3.9/site-packages/airflow/example_dags/example_bash_operator.py for tasks to queue
[2023-05-26 22:16:41,912] {logging_mixin.py:115} INFO - [2023-05-26 22:16:41,912] {dagbag.py:507} INFO - Filling up the DagBag from /home/raf/pipeline-transform/.venv/lib/python3.9/site-packages/airflow/example_dags/example_bash_operator.py
[2023-05-26 22:16:41,921] {processor.py:651} INFO - DAG(s) dict_keys(['example_bash_operator']) retrieved from /home/raf/pipeline-transform/.venv/lib/python3.9/site-packages/airflow/example_dags/example_bash_operator.py
[2023-05-26 22:16:41,935] {logging_mixin.py:115} INFO - [2023-05-26 22:16:41,935] {dag.py:2379} INFO - Sync 1 DAGs
[2023-05-26 22:16:41,958] {logging_mixin.py:115} INFO - [2023-05-26 22:16:41,958] {dag.py:2927} INFO - Setting next_dagrun for example_bash_operator to 2023-05-26T00:00:00+00:00, run_after=2023-05-27T00:00:00+00:00
[2023-05-26 22:16:41,978] {processor.py:161} INFO - Processing /home/raf/pipeline-transform/.venv/lib/python3.9/site-packages/airflow/example_dags/example_bash_operator.py took 0.093 seconds
[2023-05-26 22:17:17,518] {processor.py:153} INFO - Started process (PID=29133) to work on /home/raf/pipeline-transform/.venv/lib/python3.9/site-packages/airflow/example_dags/example_bash_operator.py
[2023-05-26 22:17:17,544] {processor.py:641} INFO - Processing file /home/raf/pipeline-transform/.venv/lib/python3.9/site-packages/airflow/example_dags/example_bash_operator.py for tasks to queue
[2023-05-26 22:17:17,544] {logging_mixin.py:115} INFO - [2023-05-26 22:17:17,544] {dagbag.py:507} INFO - Filling up the DagBag from /home/raf/pipeline-transform/.venv/lib/python3.9/site-packages/airflow/example_dags/example_bash_operator.py
[2023-05-26 22:17:17,555] {processor.py:651} INFO - DAG(s) dict_keys(['example_bash_operator']) retrieved from /home/raf/pipeline-transform/.venv/lib/python3.9/site-packages/airflow/example_dags/example_bash_operator.py
[2023-05-26 22:17:17,571] {logging_mixin.py:115} INFO - [2023-05-26 22:17:17,571] {dag.py:2379} INFO - Sync 1 DAGs
[2023-05-26 22:17:17,598] {logging_mixin.py:115} INFO - [2023-05-26 22:17:17,598] {dag.py:2927} INFO - Setting next_dagrun for example_bash_operator to 2023-05-26T00:00:00+00:00, run_after=2023-05-27T00:00:00+00:00
[2023-05-26 22:17:17,620] {processor.py:161} INFO - Processing /home/raf/pipeline-transform/.venv/lib/python3.9/site-packages/airflow/example_dags/example_bash_operator.py took 0.104 seconds
[2023-05-26 22:17:53,124] {processor.py:153} INFO - Started process (PID=29220) to work on /home/raf/pipeline-transform/.venv/lib/python3.9/site-packages/airflow/example_dags/example_bash_operator.py
[2023-05-26 22:17:53,127] {processor.py:641} INFO - Processing file /home/raf/pipeline-transform/.venv/lib/python3.9/site-packages/airflow/example_dags/example_bash_operator.py for tasks to queue
[2023-05-26 22:17:53,128] {logging_mixin.py:115} INFO - [2023-05-26 22:17:53,127] {dagbag.py:507} INFO - Filling up the DagBag from /home/raf/pipeline-transform/.venv/lib/python3.9/site-packages/airflow/example_dags/example_bash_operator.py
[2023-05-26 22:17:53,138] {processor.py:651} INFO - DAG(s) dict_keys(['example_bash_operator']) retrieved from /home/raf/pipeline-transform/.venv/lib/python3.9/site-packages/airflow/example_dags/example_bash_operator.py
[2023-05-26 22:17:53,155] {logging_mixin.py:115} INFO - [2023-05-26 22:17:53,154] {dag.py:2379} INFO - Sync 1 DAGs
[2023-05-26 22:17:53,180] {logging_mixin.py:115} INFO - [2023-05-26 22:17:53,180] {dag.py:2927} INFO - Setting next_dagrun for example_bash_operator to 2023-05-26T00:00:00+00:00, run_after=2023-05-27T00:00:00+00:00
[2023-05-26 22:17:53,201] {processor.py:161} INFO - Processing /home/raf/pipeline-transform/.venv/lib/python3.9/site-packages/airflow/example_dags/example_bash_operator.py took 0.081 seconds
[2023-05-26 22:18:30,616] {processor.py:153} INFO - Started process (PID=29362) to work on /home/raf/pipeline-transform/.venv/lib/python3.9/site-packages/airflow/example_dags/example_bash_operator.py
[2023-05-26 22:18:30,624] {processor.py:641} INFO - Processing file /home/raf/pipeline-transform/.venv/lib/python3.9/site-packages/airflow/example_dags/example_bash_operator.py for tasks to queue
[2023-05-26 22:18:30,624] {logging_mixin.py:115} INFO - [2023-05-26 22:18:30,624] {dagbag.py:507} INFO - Filling up the DagBag from /home/raf/pipeline-transform/.venv/lib/python3.9/site-packages/airflow/example_dags/example_bash_operator.py
[2023-05-26 22:18:30,633] {processor.py:651} INFO - DAG(s) dict_keys(['example_bash_operator']) retrieved from /home/raf/pipeline-transform/.venv/lib/python3.9/site-packages/airflow/example_dags/example_bash_operator.py
[2023-05-26 22:18:30,647] {logging_mixin.py:115} INFO - [2023-05-26 22:18:30,647] {dag.py:2379} INFO - Sync 1 DAGs
[2023-05-26 22:18:30,664] {logging_mixin.py:115} INFO - [2023-05-26 22:18:30,664] {dag.py:2927} INFO - Setting next_dagrun for example_bash_operator to 2023-05-26T00:00:00+00:00, run_after=2023-05-27T00:00:00+00:00
[2023-05-26 22:18:30,684] {processor.py:161} INFO - Processing /home/raf/pipeline-transform/.venv/lib/python3.9/site-packages/airflow/example_dags/example_bash_operator.py took 0.070 seconds
[2023-05-26 22:19:06,221] {processor.py:153} INFO - Started process (PID=29463) to work on /home/raf/pipeline-transform/.venv/lib/python3.9/site-packages/airflow/example_dags/example_bash_operator.py
[2023-05-26 22:19:06,222] {processor.py:641} INFO - Processing file /home/raf/pipeline-transform/.venv/lib/python3.9/site-packages/airflow/example_dags/example_bash_operator.py for tasks to queue
[2023-05-26 22:19:06,222] {logging_mixin.py:115} INFO - [2023-05-26 22:19:06,222] {dagbag.py:507} INFO - Filling up the DagBag from /home/raf/pipeline-transform/.venv/lib/python3.9/site-packages/airflow/example_dags/example_bash_operator.py
[2023-05-26 22:19:06,231] {processor.py:651} INFO - DAG(s) dict_keys(['example_bash_operator']) retrieved from /home/raf/pipeline-transform/.venv/lib/python3.9/site-packages/airflow/example_dags/example_bash_operator.py
[2023-05-26 22:19:06,245] {logging_mixin.py:115} INFO - [2023-05-26 22:19:06,245] {dag.py:2379} INFO - Sync 1 DAGs
[2023-05-26 22:19:06,263] {logging_mixin.py:115} INFO - [2023-05-26 22:19:06,263] {dag.py:2927} INFO - Setting next_dagrun for example_bash_operator to 2023-05-26T00:00:00+00:00, run_after=2023-05-27T00:00:00+00:00
[2023-05-26 22:19:06,282] {processor.py:161} INFO - Processing /home/raf/pipeline-transform/.venv/lib/python3.9/site-packages/airflow/example_dags/example_bash_operator.py took 0.064 seconds
[2023-05-26 22:19:45,356] {processor.py:153} INFO - Started process (PID=29714) to work on /home/raf/pipeline-transform/.venv/lib/python3.9/site-packages/airflow/example_dags/example_bash_operator.py
[2023-05-26 22:19:45,366] {processor.py:641} INFO - Processing file /home/raf/pipeline-transform/.venv/lib/python3.9/site-packages/airflow/example_dags/example_bash_operator.py for tasks to queue
[2023-05-26 22:19:45,367] {logging_mixin.py:115} INFO - [2023-05-26 22:19:45,366] {dagbag.py:507} INFO - Filling up the DagBag from /home/raf/pipeline-transform/.venv/lib/python3.9/site-packages/airflow/example_dags/example_bash_operator.py
[2023-05-26 22:19:45,377] {processor.py:651} INFO - DAG(s) dict_keys(['example_bash_operator']) retrieved from /home/raf/pipeline-transform/.venv/lib/python3.9/site-packages/airflow/example_dags/example_bash_operator.py
[2023-05-26 22:19:45,391] {logging_mixin.py:115} INFO - [2023-05-26 22:19:45,391] {dag.py:2379} INFO - Sync 1 DAGs
[2023-05-26 22:19:45,410] {logging_mixin.py:115} INFO - [2023-05-26 22:19:45,410] {dag.py:2927} INFO - Setting next_dagrun for example_bash_operator to 2023-05-26T00:00:00+00:00, run_after=2023-05-27T00:00:00+00:00
[2023-05-26 22:19:45,431] {processor.py:161} INFO - Processing /home/raf/pipeline-transform/.venv/lib/python3.9/site-packages/airflow/example_dags/example_bash_operator.py took 0.076 seconds
[2023-05-26 22:20:41,001] {processor.py:153} INFO - Started process (PID=30248) to work on /home/raf/pipeline-transform/.venv/lib/python3.9/site-packages/airflow/example_dags/example_bash_operator.py
[2023-05-26 22:20:41,015] {processor.py:641} INFO - Processing file /home/raf/pipeline-transform/.venv/lib/python3.9/site-packages/airflow/example_dags/example_bash_operator.py for tasks to queue
[2023-05-26 22:20:41,016] {logging_mixin.py:115} INFO - [2023-05-26 22:20:41,016] {dagbag.py:507} INFO - Filling up the DagBag from /home/raf/pipeline-transform/.venv/lib/python3.9/site-packages/airflow/example_dags/example_bash_operator.py
[2023-05-26 22:20:41,034] {processor.py:651} INFO - DAG(s) dict_keys(['example_bash_operator']) retrieved from /home/raf/pipeline-transform/.venv/lib/python3.9/site-packages/airflow/example_dags/example_bash_operator.py
[2023-05-26 22:20:41,058] {logging_mixin.py:115} INFO - [2023-05-26 22:20:41,057] {dag.py:2379} INFO - Sync 1 DAGs
[2023-05-26 22:20:41,081] {logging_mixin.py:115} INFO - [2023-05-26 22:20:41,081] {dag.py:2927} INFO - Setting next_dagrun for example_bash_operator to 2023-05-26T00:00:00+00:00, run_after=2023-05-27T00:00:00+00:00
[2023-05-26 22:20:41,106] {processor.py:161} INFO - Processing /home/raf/pipeline-transform/.venv/lib/python3.9/site-packages/airflow/example_dags/example_bash_operator.py took 0.108 seconds
[2023-05-26 22:21:16,183] {processor.py:153} INFO - Started process (PID=30495) to work on /home/raf/pipeline-transform/.venv/lib/python3.9/site-packages/airflow/example_dags/example_bash_operator.py
[2023-05-26 22:21:16,196] {processor.py:641} INFO - Processing file /home/raf/pipeline-transform/.venv/lib/python3.9/site-packages/airflow/example_dags/example_bash_operator.py for tasks to queue
[2023-05-26 22:21:16,197] {logging_mixin.py:115} INFO - [2023-05-26 22:21:16,197] {dagbag.py:507} INFO - Filling up the DagBag from /home/raf/pipeline-transform/.venv/lib/python3.9/site-packages/airflow/example_dags/example_bash_operator.py
[2023-05-26 22:21:16,206] {processor.py:651} INFO - DAG(s) dict_keys(['example_bash_operator']) retrieved from /home/raf/pipeline-transform/.venv/lib/python3.9/site-packages/airflow/example_dags/example_bash_operator.py
[2023-05-26 22:21:16,218] {logging_mixin.py:115} INFO - [2023-05-26 22:21:16,218] {dag.py:2379} INFO - Sync 1 DAGs
[2023-05-26 22:21:16,232] {logging_mixin.py:115} INFO - [2023-05-26 22:21:16,232] {dag.py:2927} INFO - Setting next_dagrun for example_bash_operator to 2023-05-26T00:00:00+00:00, run_after=2023-05-27T00:00:00+00:00
[2023-05-26 22:21:16,253] {processor.py:161} INFO - Processing /home/raf/pipeline-transform/.venv/lib/python3.9/site-packages/airflow/example_dags/example_bash_operator.py took 0.072 seconds
[2023-05-26 22:21:50,482] {processor.py:153} INFO - Started process (PID=30690) to work on /home/raf/pipeline-transform/.venv/lib/python3.9/site-packages/airflow/example_dags/example_bash_operator.py
[2023-05-26 22:21:50,496] {processor.py:641} INFO - Processing file /home/raf/pipeline-transform/.venv/lib/python3.9/site-packages/airflow/example_dags/example_bash_operator.py for tasks to queue
[2023-05-26 22:21:50,497] {logging_mixin.py:115} INFO - [2023-05-26 22:21:50,497] {dagbag.py:507} INFO - Filling up the DagBag from /home/raf/pipeline-transform/.venv/lib/python3.9/site-packages/airflow/example_dags/example_bash_operator.py
[2023-05-26 22:21:50,506] {processor.py:651} INFO - DAG(s) dict_keys(['example_bash_operator']) retrieved from /home/raf/pipeline-transform/.venv/lib/python3.9/site-packages/airflow/example_dags/example_bash_operator.py
[2023-05-26 22:21:50,521] {logging_mixin.py:115} INFO - [2023-05-26 22:21:50,520] {dag.py:2379} INFO - Sync 1 DAGs
[2023-05-26 22:21:50,537] {logging_mixin.py:115} INFO - [2023-05-26 22:21:50,537] {dag.py:2927} INFO - Setting next_dagrun for example_bash_operator to 2023-05-26T00:00:00+00:00, run_after=2023-05-27T00:00:00+00:00
[2023-05-26 22:21:50,561] {processor.py:161} INFO - Processing /home/raf/pipeline-transform/.venv/lib/python3.9/site-packages/airflow/example_dags/example_bash_operator.py took 0.081 seconds
[2023-05-26 22:22:28,683] {processor.py:153} INFO - Started process (PID=31040) to work on /home/raf/pipeline-transform/.venv/lib/python3.9/site-packages/airflow/example_dags/example_bash_operator.py
[2023-05-26 22:22:28,702] {processor.py:641} INFO - Processing file /home/raf/pipeline-transform/.venv/lib/python3.9/site-packages/airflow/example_dags/example_bash_operator.py for tasks to queue
[2023-05-26 22:22:28,702] {logging_mixin.py:115} INFO - [2023-05-26 22:22:28,702] {dagbag.py:507} INFO - Filling up the DagBag from /home/raf/pipeline-transform/.venv/lib/python3.9/site-packages/airflow/example_dags/example_bash_operator.py
[2023-05-26 22:22:28,712] {processor.py:651} INFO - DAG(s) dict_keys(['example_bash_operator']) retrieved from /home/raf/pipeline-transform/.venv/lib/python3.9/site-packages/airflow/example_dags/example_bash_operator.py
[2023-05-26 22:22:28,725] {logging_mixin.py:115} INFO - [2023-05-26 22:22:28,725] {dag.py:2379} INFO - Sync 1 DAGs
[2023-05-26 22:22:28,742] {logging_mixin.py:115} INFO - [2023-05-26 22:22:28,742] {dag.py:2927} INFO - Setting next_dagrun for example_bash_operator to 2023-05-26T00:00:00+00:00, run_after=2023-05-27T00:00:00+00:00
[2023-05-26 22:22:28,764] {processor.py:161} INFO - Processing /home/raf/pipeline-transform/.venv/lib/python3.9/site-packages/airflow/example_dags/example_bash_operator.py took 0.083 seconds
[2023-05-26 22:23:02,699] {processor.py:153} INFO - Started process (PID=31131) to work on /home/raf/pipeline-transform/.venv/lib/python3.9/site-packages/airflow/example_dags/example_bash_operator.py
[2023-05-26 22:23:02,719] {processor.py:641} INFO - Processing file /home/raf/pipeline-transform/.venv/lib/python3.9/site-packages/airflow/example_dags/example_bash_operator.py for tasks to queue
[2023-05-26 22:23:02,719] {logging_mixin.py:115} INFO - [2023-05-26 22:23:02,719] {dagbag.py:507} INFO - Filling up the DagBag from /home/raf/pipeline-transform/.venv/lib/python3.9/site-packages/airflow/example_dags/example_bash_operator.py
[2023-05-26 22:23:02,728] {processor.py:651} INFO - DAG(s) dict_keys(['example_bash_operator']) retrieved from /home/raf/pipeline-transform/.venv/lib/python3.9/site-packages/airflow/example_dags/example_bash_operator.py
[2023-05-26 22:23:02,743] {logging_mixin.py:115} INFO - [2023-05-26 22:23:02,742] {dag.py:2379} INFO - Sync 1 DAGs
[2023-05-26 22:23:02,758] {logging_mixin.py:115} INFO - [2023-05-26 22:23:02,758] {dag.py:2927} INFO - Setting next_dagrun for example_bash_operator to 2023-05-26T00:00:00+00:00, run_after=2023-05-27T00:00:00+00:00
[2023-05-26 22:23:02,778] {processor.py:161} INFO - Processing /home/raf/pipeline-transform/.venv/lib/python3.9/site-packages/airflow/example_dags/example_bash_operator.py took 0.081 seconds
[2023-05-26 22:23:38,340] {processor.py:153} INFO - Started process (PID=31221) to work on /home/raf/pipeline-transform/.venv/lib/python3.9/site-packages/airflow/example_dags/example_bash_operator.py
[2023-05-26 22:23:38,361] {processor.py:641} INFO - Processing file /home/raf/pipeline-transform/.venv/lib/python3.9/site-packages/airflow/example_dags/example_bash_operator.py for tasks to queue
[2023-05-26 22:23:38,362] {logging_mixin.py:115} INFO - [2023-05-26 22:23:38,362] {dagbag.py:507} INFO - Filling up the DagBag from /home/raf/pipeline-transform/.venv/lib/python3.9/site-packages/airflow/example_dags/example_bash_operator.py
[2023-05-26 22:23:38,373] {processor.py:651} INFO - DAG(s) dict_keys(['example_bash_operator']) retrieved from /home/raf/pipeline-transform/.venv/lib/python3.9/site-packages/airflow/example_dags/example_bash_operator.py
[2023-05-26 22:23:38,393] {logging_mixin.py:115} INFO - [2023-05-26 22:23:38,392] {dag.py:2379} INFO - Sync 1 DAGs
[2023-05-26 22:23:38,416] {logging_mixin.py:115} INFO - [2023-05-26 22:23:38,416] {dag.py:2927} INFO - Setting next_dagrun for example_bash_operator to 2023-05-26T00:00:00+00:00, run_after=2023-05-27T00:00:00+00:00
[2023-05-26 22:23:38,442] {processor.py:161} INFO - Processing /home/raf/pipeline-transform/.venv/lib/python3.9/site-packages/airflow/example_dags/example_bash_operator.py took 0.105 seconds
[2023-05-26 22:24:13,693] {processor.py:153} INFO - Started process (PID=31307) to work on /home/raf/pipeline-transform/.venv/lib/python3.9/site-packages/airflow/example_dags/example_bash_operator.py
[2023-05-26 22:24:13,696] {processor.py:641} INFO - Processing file /home/raf/pipeline-transform/.venv/lib/python3.9/site-packages/airflow/example_dags/example_bash_operator.py for tasks to queue
[2023-05-26 22:24:13,697] {logging_mixin.py:115} INFO - [2023-05-26 22:24:13,697] {dagbag.py:507} INFO - Filling up the DagBag from /home/raf/pipeline-transform/.venv/lib/python3.9/site-packages/airflow/example_dags/example_bash_operator.py
[2023-05-26 22:24:13,707] {processor.py:651} INFO - DAG(s) dict_keys(['example_bash_operator']) retrieved from /home/raf/pipeline-transform/.venv/lib/python3.9/site-packages/airflow/example_dags/example_bash_operator.py
[2023-05-26 22:24:13,723] {logging_mixin.py:115} INFO - [2023-05-26 22:24:13,722] {dag.py:2379} INFO - Sync 1 DAGs
[2023-05-26 22:24:13,740] {logging_mixin.py:115} INFO - [2023-05-26 22:24:13,739] {dag.py:2927} INFO - Setting next_dagrun for example_bash_operator to 2023-05-26T00:00:00+00:00, run_after=2023-05-27T00:00:00+00:00
[2023-05-26 22:24:13,761] {processor.py:161} INFO - Processing /home/raf/pipeline-transform/.venv/lib/python3.9/site-packages/airflow/example_dags/example_bash_operator.py took 0.071 seconds
[2023-05-26 22:24:50,958] {processor.py:153} INFO - Started process (PID=31402) to work on /home/raf/pipeline-transform/.venv/lib/python3.9/site-packages/airflow/example_dags/example_bash_operator.py
[2023-05-26 22:24:50,982] {processor.py:641} INFO - Processing file /home/raf/pipeline-transform/.venv/lib/python3.9/site-packages/airflow/example_dags/example_bash_operator.py for tasks to queue
[2023-05-26 22:24:50,983] {logging_mixin.py:115} INFO - [2023-05-26 22:24:50,983] {dagbag.py:507} INFO - Filling up the DagBag from /home/raf/pipeline-transform/.venv/lib/python3.9/site-packages/airflow/example_dags/example_bash_operator.py
[2023-05-26 22:24:50,995] {processor.py:651} INFO - DAG(s) dict_keys(['example_bash_operator']) retrieved from /home/raf/pipeline-transform/.venv/lib/python3.9/site-packages/airflow/example_dags/example_bash_operator.py
[2023-05-26 22:24:51,010] {logging_mixin.py:115} INFO - [2023-05-26 22:24:51,010] {dag.py:2379} INFO - Sync 1 DAGs
[2023-05-26 22:24:51,027] {logging_mixin.py:115} INFO - [2023-05-26 22:24:51,027] {dag.py:2927} INFO - Setting next_dagrun for example_bash_operator to 2023-05-26T00:00:00+00:00, run_after=2023-05-27T00:00:00+00:00
[2023-05-26 22:24:51,049] {processor.py:161} INFO - Processing /home/raf/pipeline-transform/.venv/lib/python3.9/site-packages/airflow/example_dags/example_bash_operator.py took 0.094 seconds
[2023-05-26 22:25:26,475] {processor.py:153} INFO - Started process (PID=31595) to work on /home/raf/pipeline-transform/.venv/lib/python3.9/site-packages/airflow/example_dags/example_bash_operator.py
[2023-05-26 22:25:26,501] {processor.py:641} INFO - Processing file /home/raf/pipeline-transform/.venv/lib/python3.9/site-packages/airflow/example_dags/example_bash_operator.py for tasks to queue
[2023-05-26 22:25:26,502] {logging_mixin.py:115} INFO - [2023-05-26 22:25:26,502] {dagbag.py:507} INFO - Filling up the DagBag from /home/raf/pipeline-transform/.venv/lib/python3.9/site-packages/airflow/example_dags/example_bash_operator.py
[2023-05-26 22:25:26,517] {processor.py:651} INFO - DAG(s) dict_keys(['example_bash_operator']) retrieved from /home/raf/pipeline-transform/.venv/lib/python3.9/site-packages/airflow/example_dags/example_bash_operator.py
[2023-05-26 22:25:26,538] {logging_mixin.py:115} INFO - [2023-05-26 22:25:26,538] {dag.py:2379} INFO - Sync 1 DAGs
[2023-05-26 22:25:26,563] {logging_mixin.py:115} INFO - [2023-05-26 22:25:26,563] {dag.py:2927} INFO - Setting next_dagrun for example_bash_operator to 2023-05-26T00:00:00+00:00, run_after=2023-05-27T00:00:00+00:00
[2023-05-26 22:25:26,601] {processor.py:161} INFO - Processing /home/raf/pipeline-transform/.venv/lib/python3.9/site-packages/airflow/example_dags/example_bash_operator.py took 0.128 seconds
[2023-05-26 22:26:04,777] {processor.py:153} INFO - Started process (PID=31839) to work on /home/raf/pipeline-transform/.venv/lib/python3.9/site-packages/airflow/example_dags/example_bash_operator.py
[2023-05-26 22:26:04,782] {processor.py:641} INFO - Processing file /home/raf/pipeline-transform/.venv/lib/python3.9/site-packages/airflow/example_dags/example_bash_operator.py for tasks to queue
[2023-05-26 22:26:04,782] {logging_mixin.py:115} INFO - [2023-05-26 22:26:04,782] {dagbag.py:507} INFO - Filling up the DagBag from /home/raf/pipeline-transform/.venv/lib/python3.9/site-packages/airflow/example_dags/example_bash_operator.py
[2023-05-26 22:26:04,797] {processor.py:651} INFO - DAG(s) dict_keys(['example_bash_operator']) retrieved from /home/raf/pipeline-transform/.venv/lib/python3.9/site-packages/airflow/example_dags/example_bash_operator.py
[2023-05-26 22:26:04,814] {logging_mixin.py:115} INFO - [2023-05-26 22:26:04,814] {dag.py:2379} INFO - Sync 1 DAGs
[2023-05-26 22:26:04,830] {logging_mixin.py:115} INFO - [2023-05-26 22:26:04,830] {dag.py:2927} INFO - Setting next_dagrun for example_bash_operator to 2023-05-26T00:00:00+00:00, run_after=2023-05-27T00:00:00+00:00
[2023-05-26 22:26:04,852] {processor.py:161} INFO - Processing /home/raf/pipeline-transform/.venv/lib/python3.9/site-packages/airflow/example_dags/example_bash_operator.py took 0.078 seconds
[2023-05-26 22:26:44,903] {processor.py:153} INFO - Started process (PID=31957) to work on /home/raf/pipeline-transform/.venv/lib/python3.9/site-packages/airflow/example_dags/example_bash_operator.py
[2023-05-26 22:26:44,910] {processor.py:641} INFO - Processing file /home/raf/pipeline-transform/.venv/lib/python3.9/site-packages/airflow/example_dags/example_bash_operator.py for tasks to queue
[2023-05-26 22:26:44,911] {logging_mixin.py:115} INFO - [2023-05-26 22:26:44,910] {dagbag.py:507} INFO - Filling up the DagBag from /home/raf/pipeline-transform/.venv/lib/python3.9/site-packages/airflow/example_dags/example_bash_operator.py
[2023-05-26 22:26:44,926] {processor.py:651} INFO - DAG(s) dict_keys(['example_bash_operator']) retrieved from /home/raf/pipeline-transform/.venv/lib/python3.9/site-packages/airflow/example_dags/example_bash_operator.py
[2023-05-26 22:26:44,945] {logging_mixin.py:115} INFO - [2023-05-26 22:26:44,945] {dag.py:2379} INFO - Sync 1 DAGs
[2023-05-26 22:26:44,968] {logging_mixin.py:115} INFO - [2023-05-26 22:26:44,968] {dag.py:2927} INFO - Setting next_dagrun for example_bash_operator to 2023-05-26T00:00:00+00:00, run_after=2023-05-27T00:00:00+00:00
[2023-05-26 22:26:45,021] {processor.py:161} INFO - Processing /home/raf/pipeline-transform/.venv/lib/python3.9/site-packages/airflow/example_dags/example_bash_operator.py took 0.121 seconds
[2023-05-26 22:27:23,273] {processor.py:153} INFO - Started process (PID=32090) to work on /home/raf/pipeline-transform/.venv/lib/python3.9/site-packages/airflow/example_dags/example_bash_operator.py
[2023-05-26 22:27:23,276] {processor.py:641} INFO - Processing file /home/raf/pipeline-transform/.venv/lib/python3.9/site-packages/airflow/example_dags/example_bash_operator.py for tasks to queue
[2023-05-26 22:27:23,277] {logging_mixin.py:115} INFO - [2023-05-26 22:27:23,277] {dagbag.py:507} INFO - Filling up the DagBag from /home/raf/pipeline-transform/.venv/lib/python3.9/site-packages/airflow/example_dags/example_bash_operator.py
[2023-05-26 22:27:23,286] {processor.py:651} INFO - DAG(s) dict_keys(['example_bash_operator']) retrieved from /home/raf/pipeline-transform/.venv/lib/python3.9/site-packages/airflow/example_dags/example_bash_operator.py
[2023-05-26 22:27:23,301] {logging_mixin.py:115} INFO - [2023-05-26 22:27:23,301] {dag.py:2379} INFO - Sync 1 DAGs
[2023-05-26 22:27:23,318] {logging_mixin.py:115} INFO - [2023-05-26 22:27:23,318] {dag.py:2927} INFO - Setting next_dagrun for example_bash_operator to 2023-05-26T00:00:00+00:00, run_after=2023-05-27T00:00:00+00:00
[2023-05-26 22:27:23,340] {processor.py:161} INFO - Processing /home/raf/pipeline-transform/.venv/lib/python3.9/site-packages/airflow/example_dags/example_bash_operator.py took 0.071 seconds
[2023-05-26 22:28:00,896] {processor.py:153} INFO - Started process (PID=32221) to work on /home/raf/pipeline-transform/.venv/lib/python3.9/site-packages/airflow/example_dags/example_bash_operator.py
[2023-05-26 22:28:00,916] {processor.py:641} INFO - Processing file /home/raf/pipeline-transform/.venv/lib/python3.9/site-packages/airflow/example_dags/example_bash_operator.py for tasks to queue
[2023-05-26 22:28:00,917] {logging_mixin.py:115} INFO - [2023-05-26 22:28:00,917] {dagbag.py:507} INFO - Filling up the DagBag from /home/raf/pipeline-transform/.venv/lib/python3.9/site-packages/airflow/example_dags/example_bash_operator.py
[2023-05-26 22:28:00,941] {processor.py:651} INFO - DAG(s) dict_keys(['example_bash_operator']) retrieved from /home/raf/pipeline-transform/.venv/lib/python3.9/site-packages/airflow/example_dags/example_bash_operator.py
[2023-05-26 22:28:00,969] {logging_mixin.py:115} INFO - [2023-05-26 22:28:00,969] {dag.py:2379} INFO - Sync 1 DAGs
[2023-05-26 22:28:00,995] {logging_mixin.py:115} INFO - [2023-05-26 22:28:00,995] {dag.py:2927} INFO - Setting next_dagrun for example_bash_operator to 2023-05-26T00:00:00+00:00, run_after=2023-05-27T00:00:00+00:00
[2023-05-26 22:28:01,032] {processor.py:161} INFO - Processing /home/raf/pipeline-transform/.venv/lib/python3.9/site-packages/airflow/example_dags/example_bash_operator.py took 0.139 seconds
[2023-05-26 22:28:40,509] {processor.py:153} INFO - Started process (PID=32324) to work on /home/raf/pipeline-transform/.venv/lib/python3.9/site-packages/airflow/example_dags/example_bash_operator.py
[2023-05-26 22:28:40,524] {processor.py:641} INFO - Processing file /home/raf/pipeline-transform/.venv/lib/python3.9/site-packages/airflow/example_dags/example_bash_operator.py for tasks to queue
[2023-05-26 22:28:40,524] {logging_mixin.py:115} INFO - [2023-05-26 22:28:40,524] {dagbag.py:507} INFO - Filling up the DagBag from /home/raf/pipeline-transform/.venv/lib/python3.9/site-packages/airflow/example_dags/example_bash_operator.py
[2023-05-26 22:28:40,534] {processor.py:651} INFO - DAG(s) dict_keys(['example_bash_operator']) retrieved from /home/raf/pipeline-transform/.venv/lib/python3.9/site-packages/airflow/example_dags/example_bash_operator.py
[2023-05-26 22:28:40,548] {logging_mixin.py:115} INFO - [2023-05-26 22:28:40,548] {dag.py:2379} INFO - Sync 1 DAGs
[2023-05-26 22:28:40,563] {logging_mixin.py:115} INFO - [2023-05-26 22:28:40,563] {dag.py:2927} INFO - Setting next_dagrun for example_bash_operator to 2023-05-26T00:00:00+00:00, run_after=2023-05-27T00:00:00+00:00
[2023-05-26 22:28:40,587] {processor.py:161} INFO - Processing /home/raf/pipeline-transform/.venv/lib/python3.9/site-packages/airflow/example_dags/example_bash_operator.py took 0.080 seconds
[2023-05-26 22:29:20,538] {processor.py:153} INFO - Started process (PID=32427) to work on /home/raf/pipeline-transform/.venv/lib/python3.9/site-packages/airflow/example_dags/example_bash_operator.py
[2023-05-26 22:29:20,551] {processor.py:641} INFO - Processing file /home/raf/pipeline-transform/.venv/lib/python3.9/site-packages/airflow/example_dags/example_bash_operator.py for tasks to queue
[2023-05-26 22:29:20,551] {logging_mixin.py:115} INFO - [2023-05-26 22:29:20,551] {dagbag.py:507} INFO - Filling up the DagBag from /home/raf/pipeline-transform/.venv/lib/python3.9/site-packages/airflow/example_dags/example_bash_operator.py
[2023-05-26 22:29:20,560] {processor.py:651} INFO - DAG(s) dict_keys(['example_bash_operator']) retrieved from /home/raf/pipeline-transform/.venv/lib/python3.9/site-packages/airflow/example_dags/example_bash_operator.py
[2023-05-26 22:29:20,573] {logging_mixin.py:115} INFO - [2023-05-26 22:29:20,573] {dag.py:2379} INFO - Sync 1 DAGs
[2023-05-26 22:29:20,589] {logging_mixin.py:115} INFO - [2023-05-26 22:29:20,589] {dag.py:2927} INFO - Setting next_dagrun for example_bash_operator to 2023-05-26T00:00:00+00:00, run_after=2023-05-27T00:00:00+00:00
[2023-05-26 22:29:20,610] {processor.py:161} INFO - Processing /home/raf/pipeline-transform/.venv/lib/python3.9/site-packages/airflow/example_dags/example_bash_operator.py took 0.074 seconds
[2023-05-26 22:29:57,125] {processor.py:153} INFO - Started process (PID=32517) to work on /home/raf/pipeline-transform/.venv/lib/python3.9/site-packages/airflow/example_dags/example_bash_operator.py
[2023-05-26 22:29:57,158] {processor.py:641} INFO - Processing file /home/raf/pipeline-transform/.venv/lib/python3.9/site-packages/airflow/example_dags/example_bash_operator.py for tasks to queue
[2023-05-26 22:29:57,159] {logging_mixin.py:115} INFO - [2023-05-26 22:29:57,159] {dagbag.py:507} INFO - Filling up the DagBag from /home/raf/pipeline-transform/.venv/lib/python3.9/site-packages/airflow/example_dags/example_bash_operator.py
[2023-05-26 22:29:57,169] {processor.py:651} INFO - DAG(s) dict_keys(['example_bash_operator']) retrieved from /home/raf/pipeline-transform/.venv/lib/python3.9/site-packages/airflow/example_dags/example_bash_operator.py
[2023-05-26 22:29:57,186] {logging_mixin.py:115} INFO - [2023-05-26 22:29:57,185] {dag.py:2379} INFO - Sync 1 DAGs
[2023-05-26 22:29:57,204] {logging_mixin.py:115} INFO - [2023-05-26 22:29:57,203] {dag.py:2927} INFO - Setting next_dagrun for example_bash_operator to 2023-05-26T00:00:00+00:00, run_after=2023-05-27T00:00:00+00:00
[2023-05-26 22:29:57,228] {processor.py:161} INFO - Processing /home/raf/pipeline-transform/.venv/lib/python3.9/site-packages/airflow/example_dags/example_bash_operator.py took 0.107 seconds
[2023-05-26 22:30:36,615] {processor.py:153} INFO - Started process (PID=32739) to work on /home/raf/pipeline-transform/.venv/lib/python3.9/site-packages/airflow/example_dags/example_bash_operator.py
[2023-05-26 22:30:36,641] {processor.py:641} INFO - Processing file /home/raf/pipeline-transform/.venv/lib/python3.9/site-packages/airflow/example_dags/example_bash_operator.py for tasks to queue
[2023-05-26 22:30:36,641] {logging_mixin.py:115} INFO - [2023-05-26 22:30:36,641] {dagbag.py:507} INFO - Filling up the DagBag from /home/raf/pipeline-transform/.venv/lib/python3.9/site-packages/airflow/example_dags/example_bash_operator.py
[2023-05-26 22:30:36,650] {processor.py:651} INFO - DAG(s) dict_keys(['example_bash_operator']) retrieved from /home/raf/pipeline-transform/.venv/lib/python3.9/site-packages/airflow/example_dags/example_bash_operator.py
[2023-05-26 22:30:36,664] {logging_mixin.py:115} INFO - [2023-05-26 22:30:36,664] {dag.py:2379} INFO - Sync 1 DAGs
[2023-05-26 22:30:36,681] {logging_mixin.py:115} INFO - [2023-05-26 22:30:36,681] {dag.py:2927} INFO - Setting next_dagrun for example_bash_operator to 2023-05-26T00:00:00+00:00, run_after=2023-05-27T00:00:00+00:00
[2023-05-26 22:30:36,700] {processor.py:161} INFO - Processing /home/raf/pipeline-transform/.venv/lib/python3.9/site-packages/airflow/example_dags/example_bash_operator.py took 0.088 seconds
[2023-05-26 22:31:11,803] {processor.py:153} INFO - Started process (PID=394) to work on /home/raf/pipeline-transform/.venv/lib/python3.9/site-packages/airflow/example_dags/example_bash_operator.py
[2023-05-26 22:31:11,830] {processor.py:641} INFO - Processing file /home/raf/pipeline-transform/.venv/lib/python3.9/site-packages/airflow/example_dags/example_bash_operator.py for tasks to queue
[2023-05-26 22:31:11,831] {logging_mixin.py:115} INFO - [2023-05-26 22:31:11,831] {dagbag.py:507} INFO - Filling up the DagBag from /home/raf/pipeline-transform/.venv/lib/python3.9/site-packages/airflow/example_dags/example_bash_operator.py
[2023-05-26 22:31:11,842] {processor.py:651} INFO - DAG(s) dict_keys(['example_bash_operator']) retrieved from /home/raf/pipeline-transform/.venv/lib/python3.9/site-packages/airflow/example_dags/example_bash_operator.py
[2023-05-26 22:31:11,858] {logging_mixin.py:115} INFO - [2023-05-26 22:31:11,858] {dag.py:2379} INFO - Sync 1 DAGs
[2023-05-26 22:31:11,879] {logging_mixin.py:115} INFO - [2023-05-26 22:31:11,878] {dag.py:2927} INFO - Setting next_dagrun for example_bash_operator to 2023-05-26T00:00:00+00:00, run_after=2023-05-27T00:00:00+00:00
[2023-05-26 22:31:11,896] {processor.py:161} INFO - Processing /home/raf/pipeline-transform/.venv/lib/python3.9/site-packages/airflow/example_dags/example_bash_operator.py took 0.096 seconds
[2023-05-26 22:31:48,729] {processor.py:153} INFO - Started process (PID=486) to work on /home/raf/pipeline-transform/.venv/lib/python3.9/site-packages/airflow/example_dags/example_bash_operator.py
[2023-05-26 22:31:48,733] {processor.py:641} INFO - Processing file /home/raf/pipeline-transform/.venv/lib/python3.9/site-packages/airflow/example_dags/example_bash_operator.py for tasks to queue
[2023-05-26 22:31:48,734] {logging_mixin.py:115} INFO - [2023-05-26 22:31:48,734] {dagbag.py:507} INFO - Filling up the DagBag from /home/raf/pipeline-transform/.venv/lib/python3.9/site-packages/airflow/example_dags/example_bash_operator.py
[2023-05-26 22:31:48,743] {processor.py:651} INFO - DAG(s) dict_keys(['example_bash_operator']) retrieved from /home/raf/pipeline-transform/.venv/lib/python3.9/site-packages/airflow/example_dags/example_bash_operator.py
[2023-05-26 22:31:48,756] {logging_mixin.py:115} INFO - [2023-05-26 22:31:48,756] {dag.py:2379} INFO - Sync 1 DAGs
[2023-05-26 22:31:48,774] {logging_mixin.py:115} INFO - [2023-05-26 22:31:48,774] {dag.py:2927} INFO - Setting next_dagrun for example_bash_operator to 2023-05-26T00:00:00+00:00, run_after=2023-05-27T00:00:00+00:00
[2023-05-26 22:31:48,793] {processor.py:161} INFO - Processing /home/raf/pipeline-transform/.venv/lib/python3.9/site-packages/airflow/example_dags/example_bash_operator.py took 0.067 seconds
