[2023-05-26 22:03:37,366] {processor.py:153} INFO - Started process (PID=26031) to work on /home/raf/pipeline-transform/.venv/lib/python3.9/site-packages/airflow/example_dags/example_branch_operator.py
[2023-05-26 22:03:37,366] {processor.py:641} INFO - Processing file /home/raf/pipeline-transform/.venv/lib/python3.9/site-packages/airflow/example_dags/example_branch_operator.py for tasks to queue
[2023-05-26 22:03:37,367] {logging_mixin.py:115} INFO - [2023-05-26 22:03:37,367] {dagbag.py:507} INFO - Filling up the DagBag from /home/raf/pipeline-transform/.venv/lib/python3.9/site-packages/airflow/example_dags/example_branch_operator.py
[2023-05-26 22:03:37,375] {processor.py:651} INFO - DAG(s) dict_keys(['example_branch_operator']) retrieved from /home/raf/pipeline-transform/.venv/lib/python3.9/site-packages/airflow/example_dags/example_branch_operator.py
[2023-05-26 22:03:37,416] {logging_mixin.py:115} INFO - [2023-05-26 22:03:37,416] {dag.py:2379} INFO - Sync 1 DAGs
[2023-05-26 22:03:37,432] {logging_mixin.py:115} INFO - [2023-05-26 22:03:37,432] {dag.py:2927} INFO - Setting next_dagrun for example_branch_operator to 2023-05-26T00:00:00+00:00, run_after=2023-05-27T00:00:00+00:00
[2023-05-26 22:03:37,469] {processor.py:161} INFO - Processing /home/raf/pipeline-transform/.venv/lib/python3.9/site-packages/airflow/example_dags/example_branch_operator.py took 0.105 seconds
[2023-05-26 22:04:11,045] {processor.py:153} INFO - Started process (PID=26267) to work on /home/raf/pipeline-transform/.venv/lib/python3.9/site-packages/airflow/example_dags/example_branch_operator.py
[2023-05-26 22:04:11,053] {processor.py:641} INFO - Processing file /home/raf/pipeline-transform/.venv/lib/python3.9/site-packages/airflow/example_dags/example_branch_operator.py for tasks to queue
[2023-05-26 22:04:11,054] {logging_mixin.py:115} INFO - [2023-05-26 22:04:11,054] {dagbag.py:507} INFO - Filling up the DagBag from /home/raf/pipeline-transform/.venv/lib/python3.9/site-packages/airflow/example_dags/example_branch_operator.py
[2023-05-26 22:04:11,064] {processor.py:651} INFO - DAG(s) dict_keys(['example_branch_operator']) retrieved from /home/raf/pipeline-transform/.venv/lib/python3.9/site-packages/airflow/example_dags/example_branch_operator.py
[2023-05-26 22:04:11,083] {logging_mixin.py:115} INFO - [2023-05-26 22:04:11,083] {dag.py:2379} INFO - Sync 1 DAGs
[2023-05-26 22:04:11,111] {logging_mixin.py:115} INFO - [2023-05-26 22:04:11,111] {dag.py:2927} INFO - Setting next_dagrun for example_branch_operator to 2023-05-26T00:00:00+00:00, run_after=2023-05-27T00:00:00+00:00
[2023-05-26 22:04:11,164] {processor.py:161} INFO - Processing /home/raf/pipeline-transform/.venv/lib/python3.9/site-packages/airflow/example_dags/example_branch_operator.py took 0.122 seconds
[2023-05-26 22:04:46,119] {processor.py:153} INFO - Started process (PID=26480) to work on /home/raf/pipeline-transform/.venv/lib/python3.9/site-packages/airflow/example_dags/example_branch_operator.py
[2023-05-26 22:04:46,126] {processor.py:641} INFO - Processing file /home/raf/pipeline-transform/.venv/lib/python3.9/site-packages/airflow/example_dags/example_branch_operator.py for tasks to queue
[2023-05-26 22:04:46,127] {logging_mixin.py:115} INFO - [2023-05-26 22:04:46,127] {dagbag.py:507} INFO - Filling up the DagBag from /home/raf/pipeline-transform/.venv/lib/python3.9/site-packages/airflow/example_dags/example_branch_operator.py
[2023-05-26 22:04:46,142] {processor.py:651} INFO - DAG(s) dict_keys(['example_branch_operator']) retrieved from /home/raf/pipeline-transform/.venv/lib/python3.9/site-packages/airflow/example_dags/example_branch_operator.py
[2023-05-26 22:04:46,160] {logging_mixin.py:115} INFO - [2023-05-26 22:04:46,160] {dag.py:2379} INFO - Sync 1 DAGs
[2023-05-26 22:04:46,178] {logging_mixin.py:115} INFO - [2023-05-26 22:04:46,177] {dag.py:2927} INFO - Setting next_dagrun for example_branch_operator to 2023-05-26T00:00:00+00:00, run_after=2023-05-27T00:00:00+00:00
[2023-05-26 22:04:46,200] {processor.py:161} INFO - Processing /home/raf/pipeline-transform/.venv/lib/python3.9/site-packages/airflow/example_dags/example_branch_operator.py took 0.084 seconds
[2023-05-26 22:05:20,760] {processor.py:153} INFO - Started process (PID=26747) to work on /home/raf/pipeline-transform/.venv/lib/python3.9/site-packages/airflow/example_dags/example_branch_operator.py
[2023-05-26 22:05:20,769] {processor.py:641} INFO - Processing file /home/raf/pipeline-transform/.venv/lib/python3.9/site-packages/airflow/example_dags/example_branch_operator.py for tasks to queue
[2023-05-26 22:05:20,769] {logging_mixin.py:115} INFO - [2023-05-26 22:05:20,769] {dagbag.py:507} INFO - Filling up the DagBag from /home/raf/pipeline-transform/.venv/lib/python3.9/site-packages/airflow/example_dags/example_branch_operator.py
[2023-05-26 22:05:20,780] {processor.py:651} INFO - DAG(s) dict_keys(['example_branch_operator']) retrieved from /home/raf/pipeline-transform/.venv/lib/python3.9/site-packages/airflow/example_dags/example_branch_operator.py
[2023-05-26 22:05:20,795] {logging_mixin.py:115} INFO - [2023-05-26 22:05:20,795] {dag.py:2379} INFO - Sync 1 DAGs
[2023-05-26 22:05:20,810] {logging_mixin.py:115} INFO - [2023-05-26 22:05:20,810] {dag.py:2927} INFO - Setting next_dagrun for example_branch_operator to 2023-05-26T00:00:00+00:00, run_after=2023-05-27T00:00:00+00:00
[2023-05-26 22:05:20,829] {processor.py:161} INFO - Processing /home/raf/pipeline-transform/.venv/lib/python3.9/site-packages/airflow/example_dags/example_branch_operator.py took 0.071 seconds
[2023-05-26 22:05:56,936] {processor.py:153} INFO - Started process (PID=26954) to work on /home/raf/pipeline-transform/.venv/lib/python3.9/site-packages/airflow/example_dags/example_branch_operator.py
[2023-05-26 22:05:56,946] {processor.py:641} INFO - Processing file /home/raf/pipeline-transform/.venv/lib/python3.9/site-packages/airflow/example_dags/example_branch_operator.py for tasks to queue
[2023-05-26 22:05:56,947] {logging_mixin.py:115} INFO - [2023-05-26 22:05:56,947] {dagbag.py:507} INFO - Filling up the DagBag from /home/raf/pipeline-transform/.venv/lib/python3.9/site-packages/airflow/example_dags/example_branch_operator.py
[2023-05-26 22:05:56,956] {processor.py:651} INFO - DAG(s) dict_keys(['example_branch_operator']) retrieved from /home/raf/pipeline-transform/.venv/lib/python3.9/site-packages/airflow/example_dags/example_branch_operator.py
[2023-05-26 22:05:56,971] {logging_mixin.py:115} INFO - [2023-05-26 22:05:56,971] {dag.py:2379} INFO - Sync 1 DAGs
[2023-05-26 22:05:56,990] {logging_mixin.py:115} INFO - [2023-05-26 22:05:56,989] {dag.py:2927} INFO - Setting next_dagrun for example_branch_operator to 2023-05-26T00:00:00+00:00, run_after=2023-05-27T00:00:00+00:00
[2023-05-26 22:05:57,006] {processor.py:161} INFO - Processing /home/raf/pipeline-transform/.venv/lib/python3.9/site-packages/airflow/example_dags/example_branch_operator.py took 0.072 seconds
[2023-05-26 22:06:30,788] {processor.py:153} INFO - Started process (PID=27043) to work on /home/raf/pipeline-transform/.venv/lib/python3.9/site-packages/airflow/example_dags/example_branch_operator.py
[2023-05-26 22:06:30,789] {processor.py:641} INFO - Processing file /home/raf/pipeline-transform/.venv/lib/python3.9/site-packages/airflow/example_dags/example_branch_operator.py for tasks to queue
[2023-05-26 22:06:30,790] {logging_mixin.py:115} INFO - [2023-05-26 22:06:30,790] {dagbag.py:507} INFO - Filling up the DagBag from /home/raf/pipeline-transform/.venv/lib/python3.9/site-packages/airflow/example_dags/example_branch_operator.py
[2023-05-26 22:06:30,808] {processor.py:651} INFO - DAG(s) dict_keys(['example_branch_operator']) retrieved from /home/raf/pipeline-transform/.venv/lib/python3.9/site-packages/airflow/example_dags/example_branch_operator.py
[2023-05-26 22:06:30,870] {logging_mixin.py:115} INFO - [2023-05-26 22:06:30,865] {dag.py:2379} INFO - Sync 1 DAGs
[2023-05-26 22:06:30,906] {logging_mixin.py:115} INFO - [2023-05-26 22:06:30,906] {dag.py:2927} INFO - Setting next_dagrun for example_branch_operator to 2023-05-26T00:00:00+00:00, run_after=2023-05-27T00:00:00+00:00
[2023-05-26 22:06:30,960] {processor.py:161} INFO - Processing /home/raf/pipeline-transform/.venv/lib/python3.9/site-packages/airflow/example_dags/example_branch_operator.py took 0.179 seconds
[2023-05-26 22:07:06,248] {processor.py:153} INFO - Started process (PID=27237) to work on /home/raf/pipeline-transform/.venv/lib/python3.9/site-packages/airflow/example_dags/example_branch_operator.py
[2023-05-26 22:07:06,253] {processor.py:641} INFO - Processing file /home/raf/pipeline-transform/.venv/lib/python3.9/site-packages/airflow/example_dags/example_branch_operator.py for tasks to queue
[2023-05-26 22:07:06,253] {logging_mixin.py:115} INFO - [2023-05-26 22:07:06,253] {dagbag.py:507} INFO - Filling up the DagBag from /home/raf/pipeline-transform/.venv/lib/python3.9/site-packages/airflow/example_dags/example_branch_operator.py
[2023-05-26 22:07:06,261] {processor.py:651} INFO - DAG(s) dict_keys(['example_branch_operator']) retrieved from /home/raf/pipeline-transform/.venv/lib/python3.9/site-packages/airflow/example_dags/example_branch_operator.py
[2023-05-26 22:07:06,275] {logging_mixin.py:115} INFO - [2023-05-26 22:07:06,275] {dag.py:2379} INFO - Sync 1 DAGs
[2023-05-26 22:07:06,290] {logging_mixin.py:115} INFO - [2023-05-26 22:07:06,290] {dag.py:2927} INFO - Setting next_dagrun for example_branch_operator to 2023-05-26T00:00:00+00:00, run_after=2023-05-27T00:00:00+00:00
[2023-05-26 22:07:06,311] {processor.py:161} INFO - Processing /home/raf/pipeline-transform/.venv/lib/python3.9/site-packages/airflow/example_dags/example_branch_operator.py took 0.064 seconds
[2023-05-26 22:07:42,133] {processor.py:153} INFO - Started process (PID=27327) to work on /home/raf/pipeline-transform/.venv/lib/python3.9/site-packages/airflow/example_dags/example_branch_operator.py
[2023-05-26 22:07:42,145] {processor.py:641} INFO - Processing file /home/raf/pipeline-transform/.venv/lib/python3.9/site-packages/airflow/example_dags/example_branch_operator.py for tasks to queue
[2023-05-26 22:07:42,145] {logging_mixin.py:115} INFO - [2023-05-26 22:07:42,145] {dagbag.py:507} INFO - Filling up the DagBag from /home/raf/pipeline-transform/.venv/lib/python3.9/site-packages/airflow/example_dags/example_branch_operator.py
[2023-05-26 22:07:42,153] {processor.py:651} INFO - DAG(s) dict_keys(['example_branch_operator']) retrieved from /home/raf/pipeline-transform/.venv/lib/python3.9/site-packages/airflow/example_dags/example_branch_operator.py
[2023-05-26 22:07:42,167] {logging_mixin.py:115} INFO - [2023-05-26 22:07:42,166] {dag.py:2379} INFO - Sync 1 DAGs
[2023-05-26 22:07:42,182] {logging_mixin.py:115} INFO - [2023-05-26 22:07:42,182] {dag.py:2927} INFO - Setting next_dagrun for example_branch_operator to 2023-05-26T00:00:00+00:00, run_after=2023-05-27T00:00:00+00:00
[2023-05-26 22:07:42,201] {processor.py:161} INFO - Processing /home/raf/pipeline-transform/.venv/lib/python3.9/site-packages/airflow/example_dags/example_branch_operator.py took 0.070 seconds
[2023-05-26 22:08:15,364] {processor.py:153} INFO - Started process (PID=27410) to work on /home/raf/pipeline-transform/.venv/lib/python3.9/site-packages/airflow/example_dags/example_branch_operator.py
[2023-05-26 22:08:15,379] {processor.py:641} INFO - Processing file /home/raf/pipeline-transform/.venv/lib/python3.9/site-packages/airflow/example_dags/example_branch_operator.py for tasks to queue
[2023-05-26 22:08:15,380] {logging_mixin.py:115} INFO - [2023-05-26 22:08:15,380] {dagbag.py:507} INFO - Filling up the DagBag from /home/raf/pipeline-transform/.venv/lib/python3.9/site-packages/airflow/example_dags/example_branch_operator.py
[2023-05-26 22:08:15,388] {processor.py:651} INFO - DAG(s) dict_keys(['example_branch_operator']) retrieved from /home/raf/pipeline-transform/.venv/lib/python3.9/site-packages/airflow/example_dags/example_branch_operator.py
[2023-05-26 22:08:15,401] {logging_mixin.py:115} INFO - [2023-05-26 22:08:15,401] {dag.py:2379} INFO - Sync 1 DAGs
[2023-05-26 22:08:15,420] {logging_mixin.py:115} INFO - [2023-05-26 22:08:15,420] {dag.py:2927} INFO - Setting next_dagrun for example_branch_operator to 2023-05-26T00:00:00+00:00, run_after=2023-05-27T00:00:00+00:00
[2023-05-26 22:08:15,442] {processor.py:161} INFO - Processing /home/raf/pipeline-transform/.venv/lib/python3.9/site-packages/airflow/example_dags/example_branch_operator.py took 0.080 seconds
[2023-05-26 22:08:51,365] {processor.py:153} INFO - Started process (PID=27555) to work on /home/raf/pipeline-transform/.venv/lib/python3.9/site-packages/airflow/example_dags/example_branch_operator.py
[2023-05-26 22:08:51,384] {processor.py:641} INFO - Processing file /home/raf/pipeline-transform/.venv/lib/python3.9/site-packages/airflow/example_dags/example_branch_operator.py for tasks to queue
[2023-05-26 22:08:51,384] {logging_mixin.py:115} INFO - [2023-05-26 22:08:51,384] {dagbag.py:507} INFO - Filling up the DagBag from /home/raf/pipeline-transform/.venv/lib/python3.9/site-packages/airflow/example_dags/example_branch_operator.py
[2023-05-26 22:08:51,392] {processor.py:651} INFO - DAG(s) dict_keys(['example_branch_operator']) retrieved from /home/raf/pipeline-transform/.venv/lib/python3.9/site-packages/airflow/example_dags/example_branch_operator.py
[2023-05-26 22:08:51,406] {logging_mixin.py:115} INFO - [2023-05-26 22:08:51,406] {dag.py:2379} INFO - Sync 1 DAGs
[2023-05-26 22:08:51,421] {logging_mixin.py:115} INFO - [2023-05-26 22:08:51,421] {dag.py:2927} INFO - Setting next_dagrun for example_branch_operator to 2023-05-26T00:00:00+00:00, run_after=2023-05-27T00:00:00+00:00
[2023-05-26 22:08:51,441] {processor.py:161} INFO - Processing /home/raf/pipeline-transform/.venv/lib/python3.9/site-packages/airflow/example_dags/example_branch_operator.py took 0.079 seconds
[2023-05-26 22:09:28,700] {processor.py:153} INFO - Started process (PID=27752) to work on /home/raf/pipeline-transform/.venv/lib/python3.9/site-packages/airflow/example_dags/example_branch_operator.py
[2023-05-26 22:09:28,720] {processor.py:641} INFO - Processing file /home/raf/pipeline-transform/.venv/lib/python3.9/site-packages/airflow/example_dags/example_branch_operator.py for tasks to queue
[2023-05-26 22:09:28,721] {logging_mixin.py:115} INFO - [2023-05-26 22:09:28,721] {dagbag.py:507} INFO - Filling up the DagBag from /home/raf/pipeline-transform/.venv/lib/python3.9/site-packages/airflow/example_dags/example_branch_operator.py
[2023-05-26 22:09:28,733] {processor.py:651} INFO - DAG(s) dict_keys(['example_branch_operator']) retrieved from /home/raf/pipeline-transform/.venv/lib/python3.9/site-packages/airflow/example_dags/example_branch_operator.py
[2023-05-26 22:09:28,748] {logging_mixin.py:115} INFO - [2023-05-26 22:09:28,748] {dag.py:2379} INFO - Sync 1 DAGs
[2023-05-26 22:09:28,766] {logging_mixin.py:115} INFO - [2023-05-26 22:09:28,766] {dag.py:2927} INFO - Setting next_dagrun for example_branch_operator to 2023-05-26T00:00:00+00:00, run_after=2023-05-27T00:00:00+00:00
[2023-05-26 22:09:28,786] {processor.py:161} INFO - Processing /home/raf/pipeline-transform/.venv/lib/python3.9/site-packages/airflow/example_dags/example_branch_operator.py took 0.089 seconds
[2023-05-26 22:10:01,754] {processor.py:153} INFO - Started process (PID=27835) to work on /home/raf/pipeline-transform/.venv/lib/python3.9/site-packages/airflow/example_dags/example_branch_operator.py
[2023-05-26 22:10:01,755] {processor.py:641} INFO - Processing file /home/raf/pipeline-transform/.venv/lib/python3.9/site-packages/airflow/example_dags/example_branch_operator.py for tasks to queue
[2023-05-26 22:10:01,755] {logging_mixin.py:115} INFO - [2023-05-26 22:10:01,755] {dagbag.py:507} INFO - Filling up the DagBag from /home/raf/pipeline-transform/.venv/lib/python3.9/site-packages/airflow/example_dags/example_branch_operator.py
[2023-05-26 22:10:01,765] {processor.py:651} INFO - DAG(s) dict_keys(['example_branch_operator']) retrieved from /home/raf/pipeline-transform/.venv/lib/python3.9/site-packages/airflow/example_dags/example_branch_operator.py
[2023-05-26 22:10:01,783] {logging_mixin.py:115} INFO - [2023-05-26 22:10:01,783] {dag.py:2379} INFO - Sync 1 DAGs
[2023-05-26 22:10:01,802] {logging_mixin.py:115} INFO - [2023-05-26 22:10:01,802] {dag.py:2927} INFO - Setting next_dagrun for example_branch_operator to 2023-05-26T00:00:00+00:00, run_after=2023-05-27T00:00:00+00:00
[2023-05-26 22:10:01,831] {processor.py:161} INFO - Processing /home/raf/pipeline-transform/.venv/lib/python3.9/site-packages/airflow/example_dags/example_branch_operator.py took 0.080 seconds
[2023-05-26 22:10:36,797] {processor.py:153} INFO - Started process (PID=27921) to work on /home/raf/pipeline-transform/.venv/lib/python3.9/site-packages/airflow/example_dags/example_branch_operator.py
[2023-05-26 22:10:36,801] {processor.py:641} INFO - Processing file /home/raf/pipeline-transform/.venv/lib/python3.9/site-packages/airflow/example_dags/example_branch_operator.py for tasks to queue
[2023-05-26 22:10:36,802] {logging_mixin.py:115} INFO - [2023-05-26 22:10:36,801] {dagbag.py:507} INFO - Filling up the DagBag from /home/raf/pipeline-transform/.venv/lib/python3.9/site-packages/airflow/example_dags/example_branch_operator.py
[2023-05-26 22:10:36,809] {processor.py:651} INFO - DAG(s) dict_keys(['example_branch_operator']) retrieved from /home/raf/pipeline-transform/.venv/lib/python3.9/site-packages/airflow/example_dags/example_branch_operator.py
[2023-05-26 22:10:36,823] {logging_mixin.py:115} INFO - [2023-05-26 22:10:36,823] {dag.py:2379} INFO - Sync 1 DAGs
[2023-05-26 22:10:36,838] {logging_mixin.py:115} INFO - [2023-05-26 22:10:36,838] {dag.py:2927} INFO - Setting next_dagrun for example_branch_operator to 2023-05-26T00:00:00+00:00, run_after=2023-05-27T00:00:00+00:00
[2023-05-26 22:10:36,858] {processor.py:161} INFO - Processing /home/raf/pipeline-transform/.venv/lib/python3.9/site-packages/airflow/example_dags/example_branch_operator.py took 0.063 seconds
[2023-05-26 22:11:10,735] {processor.py:153} INFO - Started process (PID=28004) to work on /home/raf/pipeline-transform/.venv/lib/python3.9/site-packages/airflow/example_dags/example_branch_operator.py
[2023-05-26 22:11:10,741] {processor.py:641} INFO - Processing file /home/raf/pipeline-transform/.venv/lib/python3.9/site-packages/airflow/example_dags/example_branch_operator.py for tasks to queue
[2023-05-26 22:11:10,742] {logging_mixin.py:115} INFO - [2023-05-26 22:11:10,742] {dagbag.py:507} INFO - Filling up the DagBag from /home/raf/pipeline-transform/.venv/lib/python3.9/site-packages/airflow/example_dags/example_branch_operator.py
[2023-05-26 22:11:10,750] {processor.py:651} INFO - DAG(s) dict_keys(['example_branch_operator']) retrieved from /home/raf/pipeline-transform/.venv/lib/python3.9/site-packages/airflow/example_dags/example_branch_operator.py
[2023-05-26 22:11:10,764] {logging_mixin.py:115} INFO - [2023-05-26 22:11:10,764] {dag.py:2379} INFO - Sync 1 DAGs
[2023-05-26 22:11:10,780] {logging_mixin.py:115} INFO - [2023-05-26 22:11:10,780] {dag.py:2927} INFO - Setting next_dagrun for example_branch_operator to 2023-05-26T00:00:00+00:00, run_after=2023-05-27T00:00:00+00:00
[2023-05-26 22:11:10,799] {processor.py:161} INFO - Processing /home/raf/pipeline-transform/.venv/lib/python3.9/site-packages/airflow/example_dags/example_branch_operator.py took 0.068 seconds
[2023-05-26 22:11:47,857] {processor.py:153} INFO - Started process (PID=28104) to work on /home/raf/pipeline-transform/.venv/lib/python3.9/site-packages/airflow/example_dags/example_branch_operator.py
[2023-05-26 22:11:48,006] {processor.py:641} INFO - Processing file /home/raf/pipeline-transform/.venv/lib/python3.9/site-packages/airflow/example_dags/example_branch_operator.py for tasks to queue
[2023-05-26 22:11:48,006] {logging_mixin.py:115} INFO - [2023-05-26 22:11:48,006] {dagbag.py:507} INFO - Filling up the DagBag from /home/raf/pipeline-transform/.venv/lib/python3.9/site-packages/airflow/example_dags/example_branch_operator.py
[2023-05-26 22:11:48,014] {processor.py:651} INFO - DAG(s) dict_keys(['example_branch_operator']) retrieved from /home/raf/pipeline-transform/.venv/lib/python3.9/site-packages/airflow/example_dags/example_branch_operator.py
[2023-05-26 22:11:48,028] {logging_mixin.py:115} INFO - [2023-05-26 22:11:48,028] {dag.py:2379} INFO - Sync 1 DAGs
[2023-05-26 22:11:48,045] {logging_mixin.py:115} INFO - [2023-05-26 22:11:48,045] {dag.py:2927} INFO - Setting next_dagrun for example_branch_operator to 2023-05-26T00:00:00+00:00, run_after=2023-05-27T00:00:00+00:00
[2023-05-26 22:11:48,066] {processor.py:161} INFO - Processing /home/raf/pipeline-transform/.venv/lib/python3.9/site-packages/airflow/example_dags/example_branch_operator.py took 0.211 seconds
[2023-05-26 22:12:23,026] {processor.py:153} INFO - Started process (PID=28272) to work on /home/raf/pipeline-transform/.venv/lib/python3.9/site-packages/airflow/example_dags/example_branch_operator.py
[2023-05-26 22:12:23,031] {processor.py:641} INFO - Processing file /home/raf/pipeline-transform/.venv/lib/python3.9/site-packages/airflow/example_dags/example_branch_operator.py for tasks to queue
[2023-05-26 22:12:23,032] {logging_mixin.py:115} INFO - [2023-05-26 22:12:23,032] {dagbag.py:507} INFO - Filling up the DagBag from /home/raf/pipeline-transform/.venv/lib/python3.9/site-packages/airflow/example_dags/example_branch_operator.py
[2023-05-26 22:12:23,046] {processor.py:651} INFO - DAG(s) dict_keys(['example_branch_operator']) retrieved from /home/raf/pipeline-transform/.venv/lib/python3.9/site-packages/airflow/example_dags/example_branch_operator.py
[2023-05-26 22:12:23,066] {logging_mixin.py:115} INFO - [2023-05-26 22:12:23,066] {dag.py:2379} INFO - Sync 1 DAGs
[2023-05-26 22:12:23,089] {logging_mixin.py:115} INFO - [2023-05-26 22:12:23,089] {dag.py:2927} INFO - Setting next_dagrun for example_branch_operator to 2023-05-26T00:00:00+00:00, run_after=2023-05-27T00:00:00+00:00
[2023-05-26 22:12:23,116] {processor.py:161} INFO - Processing /home/raf/pipeline-transform/.venv/lib/python3.9/site-packages/airflow/example_dags/example_branch_operator.py took 0.093 seconds
[2023-05-26 22:12:56,353] {processor.py:153} INFO - Started process (PID=28433) to work on /home/raf/pipeline-transform/.venv/lib/python3.9/site-packages/airflow/example_dags/example_branch_operator.py
[2023-05-26 22:12:56,360] {processor.py:641} INFO - Processing file /home/raf/pipeline-transform/.venv/lib/python3.9/site-packages/airflow/example_dags/example_branch_operator.py for tasks to queue
[2023-05-26 22:12:56,360] {logging_mixin.py:115} INFO - [2023-05-26 22:12:56,360] {dagbag.py:507} INFO - Filling up the DagBag from /home/raf/pipeline-transform/.venv/lib/python3.9/site-packages/airflow/example_dags/example_branch_operator.py
[2023-05-26 22:12:56,369] {processor.py:651} INFO - DAG(s) dict_keys(['example_branch_operator']) retrieved from /home/raf/pipeline-transform/.venv/lib/python3.9/site-packages/airflow/example_dags/example_branch_operator.py
[2023-05-26 22:12:56,383] {logging_mixin.py:115} INFO - [2023-05-26 22:12:56,383] {dag.py:2379} INFO - Sync 1 DAGs
[2023-05-26 22:12:56,400] {logging_mixin.py:115} INFO - [2023-05-26 22:12:56,400] {dag.py:2927} INFO - Setting next_dagrun for example_branch_operator to 2023-05-26T00:00:00+00:00, run_after=2023-05-27T00:00:00+00:00
[2023-05-26 22:12:56,420] {processor.py:161} INFO - Processing /home/raf/pipeline-transform/.venv/lib/python3.9/site-packages/airflow/example_dags/example_branch_operator.py took 0.070 seconds
[2023-05-26 22:13:30,330] {processor.py:153} INFO - Started process (PID=28570) to work on /home/raf/pipeline-transform/.venv/lib/python3.9/site-packages/airflow/example_dags/example_branch_operator.py
[2023-05-26 22:13:30,337] {processor.py:641} INFO - Processing file /home/raf/pipeline-transform/.venv/lib/python3.9/site-packages/airflow/example_dags/example_branch_operator.py for tasks to queue
[2023-05-26 22:13:30,338] {logging_mixin.py:115} INFO - [2023-05-26 22:13:30,338] {dagbag.py:507} INFO - Filling up the DagBag from /home/raf/pipeline-transform/.venv/lib/python3.9/site-packages/airflow/example_dags/example_branch_operator.py
[2023-05-26 22:13:30,351] {processor.py:651} INFO - DAG(s) dict_keys(['example_branch_operator']) retrieved from /home/raf/pipeline-transform/.venv/lib/python3.9/site-packages/airflow/example_dags/example_branch_operator.py
[2023-05-26 22:13:30,366] {logging_mixin.py:115} INFO - [2023-05-26 22:13:30,366] {dag.py:2379} INFO - Sync 1 DAGs
[2023-05-26 22:13:30,383] {logging_mixin.py:115} INFO - [2023-05-26 22:13:30,383] {dag.py:2927} INFO - Setting next_dagrun for example_branch_operator to 2023-05-26T00:00:00+00:00, run_after=2023-05-27T00:00:00+00:00
[2023-05-26 22:13:30,403] {processor.py:161} INFO - Processing /home/raf/pipeline-transform/.venv/lib/python3.9/site-packages/airflow/example_dags/example_branch_operator.py took 0.076 seconds
[2023-05-26 22:14:03,918] {processor.py:153} INFO - Started process (PID=28655) to work on /home/raf/pipeline-transform/.venv/lib/python3.9/site-packages/airflow/example_dags/example_branch_operator.py
[2023-05-26 22:14:03,918] {processor.py:641} INFO - Processing file /home/raf/pipeline-transform/.venv/lib/python3.9/site-packages/airflow/example_dags/example_branch_operator.py for tasks to queue
[2023-05-26 22:14:03,919] {logging_mixin.py:115} INFO - [2023-05-26 22:14:03,919] {dagbag.py:507} INFO - Filling up the DagBag from /home/raf/pipeline-transform/.venv/lib/python3.9/site-packages/airflow/example_dags/example_branch_operator.py
[2023-05-26 22:14:03,929] {processor.py:651} INFO - DAG(s) dict_keys(['example_branch_operator']) retrieved from /home/raf/pipeline-transform/.venv/lib/python3.9/site-packages/airflow/example_dags/example_branch_operator.py
[2023-05-26 22:14:03,945] {logging_mixin.py:115} INFO - [2023-05-26 22:14:03,945] {dag.py:2379} INFO - Sync 1 DAGs
[2023-05-26 22:14:03,963] {logging_mixin.py:115} INFO - [2023-05-26 22:14:03,963] {dag.py:2927} INFO - Setting next_dagrun for example_branch_operator to 2023-05-26T00:00:00+00:00, run_after=2023-05-27T00:00:00+00:00
[2023-05-26 22:14:03,982] {processor.py:161} INFO - Processing /home/raf/pipeline-transform/.venv/lib/python3.9/site-packages/airflow/example_dags/example_branch_operator.py took 0.067 seconds
[2023-05-26 22:14:39,927] {processor.py:153} INFO - Started process (PID=28743) to work on /home/raf/pipeline-transform/.venv/lib/python3.9/site-packages/airflow/example_dags/example_branch_operator.py
[2023-05-26 22:14:39,947] {processor.py:641} INFO - Processing file /home/raf/pipeline-transform/.venv/lib/python3.9/site-packages/airflow/example_dags/example_branch_operator.py for tasks to queue
[2023-05-26 22:14:39,948] {logging_mixin.py:115} INFO - [2023-05-26 22:14:39,947] {dagbag.py:507} INFO - Filling up the DagBag from /home/raf/pipeline-transform/.venv/lib/python3.9/site-packages/airflow/example_dags/example_branch_operator.py
[2023-05-26 22:14:39,956] {processor.py:651} INFO - DAG(s) dict_keys(['example_branch_operator']) retrieved from /home/raf/pipeline-transform/.venv/lib/python3.9/site-packages/airflow/example_dags/example_branch_operator.py
[2023-05-26 22:14:39,969] {logging_mixin.py:115} INFO - [2023-05-26 22:14:39,969] {dag.py:2379} INFO - Sync 1 DAGs
[2023-05-26 22:14:39,987] {logging_mixin.py:115} INFO - [2023-05-26 22:14:39,986] {dag.py:2927} INFO - Setting next_dagrun for example_branch_operator to 2023-05-26T00:00:00+00:00, run_after=2023-05-27T00:00:00+00:00
[2023-05-26 22:14:40,004] {processor.py:161} INFO - Processing /home/raf/pipeline-transform/.venv/lib/python3.9/site-packages/airflow/example_dags/example_branch_operator.py took 0.079 seconds
[2023-05-26 22:15:16,810] {processor.py:153} INFO - Started process (PID=28834) to work on /home/raf/pipeline-transform/.venv/lib/python3.9/site-packages/airflow/example_dags/example_branch_operator.py
[2023-05-26 22:15:16,831] {processor.py:641} INFO - Processing file /home/raf/pipeline-transform/.venv/lib/python3.9/site-packages/airflow/example_dags/example_branch_operator.py for tasks to queue
[2023-05-26 22:15:16,832] {logging_mixin.py:115} INFO - [2023-05-26 22:15:16,832] {dagbag.py:507} INFO - Filling up the DagBag from /home/raf/pipeline-transform/.venv/lib/python3.9/site-packages/airflow/example_dags/example_branch_operator.py
[2023-05-26 22:15:16,842] {processor.py:651} INFO - DAG(s) dict_keys(['example_branch_operator']) retrieved from /home/raf/pipeline-transform/.venv/lib/python3.9/site-packages/airflow/example_dags/example_branch_operator.py
[2023-05-26 22:15:16,857] {logging_mixin.py:115} INFO - [2023-05-26 22:15:16,857] {dag.py:2379} INFO - Sync 1 DAGs
[2023-05-26 22:15:16,879] {logging_mixin.py:115} INFO - [2023-05-26 22:15:16,879] {dag.py:2927} INFO - Setting next_dagrun for example_branch_operator to 2023-05-26T00:00:00+00:00, run_after=2023-05-27T00:00:00+00:00
[2023-05-26 22:15:16,902] {processor.py:161} INFO - Processing /home/raf/pipeline-transform/.venv/lib/python3.9/site-packages/airflow/example_dags/example_branch_operator.py took 0.095 seconds
[2023-05-26 22:15:51,945] {processor.py:153} INFO - Started process (PID=28921) to work on /home/raf/pipeline-transform/.venv/lib/python3.9/site-packages/airflow/example_dags/example_branch_operator.py
[2023-05-26 22:15:51,969] {processor.py:641} INFO - Processing file /home/raf/pipeline-transform/.venv/lib/python3.9/site-packages/airflow/example_dags/example_branch_operator.py for tasks to queue
[2023-05-26 22:15:51,969] {logging_mixin.py:115} INFO - [2023-05-26 22:15:51,969] {dagbag.py:507} INFO - Filling up the DagBag from /home/raf/pipeline-transform/.venv/lib/python3.9/site-packages/airflow/example_dags/example_branch_operator.py
[2023-05-26 22:15:51,978] {processor.py:651} INFO - DAG(s) dict_keys(['example_branch_operator']) retrieved from /home/raf/pipeline-transform/.venv/lib/python3.9/site-packages/airflow/example_dags/example_branch_operator.py
[2023-05-26 22:15:51,991] {logging_mixin.py:115} INFO - [2023-05-26 22:15:51,991] {dag.py:2379} INFO - Sync 1 DAGs
[2023-05-26 22:15:52,009] {logging_mixin.py:115} INFO - [2023-05-26 22:15:52,009] {dag.py:2927} INFO - Setting next_dagrun for example_branch_operator to 2023-05-26T00:00:00+00:00, run_after=2023-05-27T00:00:00+00:00
[2023-05-26 22:15:52,029] {processor.py:161} INFO - Processing /home/raf/pipeline-transform/.venv/lib/python3.9/site-packages/airflow/example_dags/example_branch_operator.py took 0.086 seconds
[2023-05-26 22:16:29,060] {processor.py:153} INFO - Started process (PID=29012) to work on /home/raf/pipeline-transform/.venv/lib/python3.9/site-packages/airflow/example_dags/example_branch_operator.py
[2023-05-26 22:16:29,064] {processor.py:641} INFO - Processing file /home/raf/pipeline-transform/.venv/lib/python3.9/site-packages/airflow/example_dags/example_branch_operator.py for tasks to queue
[2023-05-26 22:16:29,065] {logging_mixin.py:115} INFO - [2023-05-26 22:16:29,065] {dagbag.py:507} INFO - Filling up the DagBag from /home/raf/pipeline-transform/.venv/lib/python3.9/site-packages/airflow/example_dags/example_branch_operator.py
[2023-05-26 22:16:29,075] {processor.py:651} INFO - DAG(s) dict_keys(['example_branch_operator']) retrieved from /home/raf/pipeline-transform/.venv/lib/python3.9/site-packages/airflow/example_dags/example_branch_operator.py
[2023-05-26 22:16:29,091] {logging_mixin.py:115} INFO - [2023-05-26 22:16:29,091] {dag.py:2379} INFO - Sync 1 DAGs
[2023-05-26 22:16:29,111] {logging_mixin.py:115} INFO - [2023-05-26 22:16:29,111] {dag.py:2927} INFO - Setting next_dagrun for example_branch_operator to 2023-05-26T00:00:00+00:00, run_after=2023-05-27T00:00:00+00:00
[2023-05-26 22:16:29,131] {processor.py:161} INFO - Processing /home/raf/pipeline-transform/.venv/lib/python3.9/site-packages/airflow/example_dags/example_branch_operator.py took 0.073 seconds
[2023-05-26 22:17:05,128] {processor.py:153} INFO - Started process (PID=29103) to work on /home/raf/pipeline-transform/.venv/lib/python3.9/site-packages/airflow/example_dags/example_branch_operator.py
[2023-05-26 22:17:05,129] {processor.py:641} INFO - Processing file /home/raf/pipeline-transform/.venv/lib/python3.9/site-packages/airflow/example_dags/example_branch_operator.py for tasks to queue
[2023-05-26 22:17:05,130] {logging_mixin.py:115} INFO - [2023-05-26 22:17:05,130] {dagbag.py:507} INFO - Filling up the DagBag from /home/raf/pipeline-transform/.venv/lib/python3.9/site-packages/airflow/example_dags/example_branch_operator.py
[2023-05-26 22:17:05,138] {processor.py:651} INFO - DAG(s) dict_keys(['example_branch_operator']) retrieved from /home/raf/pipeline-transform/.venv/lib/python3.9/site-packages/airflow/example_dags/example_branch_operator.py
[2023-05-26 22:17:05,152] {logging_mixin.py:115} INFO - [2023-05-26 22:17:05,152] {dag.py:2379} INFO - Sync 1 DAGs
[2023-05-26 22:17:05,170] {logging_mixin.py:115} INFO - [2023-05-26 22:17:05,169] {dag.py:2927} INFO - Setting next_dagrun for example_branch_operator to 2023-05-26T00:00:00+00:00, run_after=2023-05-27T00:00:00+00:00
[2023-05-26 22:17:05,188] {processor.py:161} INFO - Processing /home/raf/pipeline-transform/.venv/lib/python3.9/site-packages/airflow/example_dags/example_branch_operator.py took 0.063 seconds
[2023-05-26 22:17:42,292] {processor.py:153} INFO - Started process (PID=29194) to work on /home/raf/pipeline-transform/.venv/lib/python3.9/site-packages/airflow/example_dags/example_branch_operator.py
[2023-05-26 22:17:42,318] {processor.py:641} INFO - Processing file /home/raf/pipeline-transform/.venv/lib/python3.9/site-packages/airflow/example_dags/example_branch_operator.py for tasks to queue
[2023-05-26 22:17:42,319] {logging_mixin.py:115} INFO - [2023-05-26 22:17:42,319] {dagbag.py:507} INFO - Filling up the DagBag from /home/raf/pipeline-transform/.venv/lib/python3.9/site-packages/airflow/example_dags/example_branch_operator.py
[2023-05-26 22:17:42,346] {processor.py:651} INFO - DAG(s) dict_keys(['example_branch_operator']) retrieved from /home/raf/pipeline-transform/.venv/lib/python3.9/site-packages/airflow/example_dags/example_branch_operator.py
[2023-05-26 22:17:42,369] {logging_mixin.py:115} INFO - [2023-05-26 22:17:42,369] {dag.py:2379} INFO - Sync 1 DAGs
[2023-05-26 22:17:42,393] {logging_mixin.py:115} INFO - [2023-05-26 22:17:42,393] {dag.py:2927} INFO - Setting next_dagrun for example_branch_operator to 2023-05-26T00:00:00+00:00, run_after=2023-05-27T00:00:00+00:00
[2023-05-26 22:17:42,414] {processor.py:161} INFO - Processing /home/raf/pipeline-transform/.venv/lib/python3.9/site-packages/airflow/example_dags/example_branch_operator.py took 0.124 seconds
[2023-05-26 22:18:18,577] {processor.py:153} INFO - Started process (PID=29335) to work on /home/raf/pipeline-transform/.venv/lib/python3.9/site-packages/airflow/example_dags/example_branch_operator.py
[2023-05-26 22:18:18,589] {processor.py:641} INFO - Processing file /home/raf/pipeline-transform/.venv/lib/python3.9/site-packages/airflow/example_dags/example_branch_operator.py for tasks to queue
[2023-05-26 22:18:18,589] {logging_mixin.py:115} INFO - [2023-05-26 22:18:18,589] {dagbag.py:507} INFO - Filling up the DagBag from /home/raf/pipeline-transform/.venv/lib/python3.9/site-packages/airflow/example_dags/example_branch_operator.py
[2023-05-26 22:18:18,602] {processor.py:651} INFO - DAG(s) dict_keys(['example_branch_operator']) retrieved from /home/raf/pipeline-transform/.venv/lib/python3.9/site-packages/airflow/example_dags/example_branch_operator.py
[2023-05-26 22:18:18,625] {logging_mixin.py:115} INFO - [2023-05-26 22:18:18,625] {dag.py:2379} INFO - Sync 1 DAGs
[2023-05-26 22:18:18,651] {logging_mixin.py:115} INFO - [2023-05-26 22:18:18,651] {dag.py:2927} INFO - Setting next_dagrun for example_branch_operator to 2023-05-26T00:00:00+00:00, run_after=2023-05-27T00:00:00+00:00
[2023-05-26 22:18:18,675] {processor.py:161} INFO - Processing /home/raf/pipeline-transform/.venv/lib/python3.9/site-packages/airflow/example_dags/example_branch_operator.py took 0.101 seconds
[2023-05-26 22:18:54,799] {processor.py:153} INFO - Started process (PID=29422) to work on /home/raf/pipeline-transform/.venv/lib/python3.9/site-packages/airflow/example_dags/example_branch_operator.py
[2023-05-26 22:18:54,807] {processor.py:641} INFO - Processing file /home/raf/pipeline-transform/.venv/lib/python3.9/site-packages/airflow/example_dags/example_branch_operator.py for tasks to queue
[2023-05-26 22:18:54,807] {logging_mixin.py:115} INFO - [2023-05-26 22:18:54,807] {dagbag.py:507} INFO - Filling up the DagBag from /home/raf/pipeline-transform/.venv/lib/python3.9/site-packages/airflow/example_dags/example_branch_operator.py
[2023-05-26 22:18:54,815] {processor.py:651} INFO - DAG(s) dict_keys(['example_branch_operator']) retrieved from /home/raf/pipeline-transform/.venv/lib/python3.9/site-packages/airflow/example_dags/example_branch_operator.py
[2023-05-26 22:18:54,829] {logging_mixin.py:115} INFO - [2023-05-26 22:18:54,829] {dag.py:2379} INFO - Sync 1 DAGs
[2023-05-26 22:18:54,847] {logging_mixin.py:115} INFO - [2023-05-26 22:18:54,847] {dag.py:2927} INFO - Setting next_dagrun for example_branch_operator to 2023-05-26T00:00:00+00:00, run_after=2023-05-27T00:00:00+00:00
[2023-05-26 22:18:54,865] {processor.py:161} INFO - Processing /home/raf/pipeline-transform/.venv/lib/python3.9/site-packages/airflow/example_dags/example_branch_operator.py took 0.068 seconds
[2023-05-26 22:19:32,053] {processor.py:153} INFO - Started process (PID=29680) to work on /home/raf/pipeline-transform/.venv/lib/python3.9/site-packages/airflow/example_dags/example_branch_operator.py
[2023-05-26 22:19:32,066] {processor.py:641} INFO - Processing file /home/raf/pipeline-transform/.venv/lib/python3.9/site-packages/airflow/example_dags/example_branch_operator.py for tasks to queue
[2023-05-26 22:19:32,067] {logging_mixin.py:115} INFO - [2023-05-26 22:19:32,067] {dagbag.py:507} INFO - Filling up the DagBag from /home/raf/pipeline-transform/.venv/lib/python3.9/site-packages/airflow/example_dags/example_branch_operator.py
[2023-05-26 22:19:32,075] {processor.py:651} INFO - DAG(s) dict_keys(['example_branch_operator']) retrieved from /home/raf/pipeline-transform/.venv/lib/python3.9/site-packages/airflow/example_dags/example_branch_operator.py
[2023-05-26 22:19:32,089] {logging_mixin.py:115} INFO - [2023-05-26 22:19:32,089] {dag.py:2379} INFO - Sync 1 DAGs
[2023-05-26 22:19:32,106] {logging_mixin.py:115} INFO - [2023-05-26 22:19:32,106] {dag.py:2927} INFO - Setting next_dagrun for example_branch_operator to 2023-05-26T00:00:00+00:00, run_after=2023-05-27T00:00:00+00:00
[2023-05-26 22:19:32,123] {processor.py:161} INFO - Processing /home/raf/pipeline-transform/.venv/lib/python3.9/site-packages/airflow/example_dags/example_branch_operator.py took 0.073 seconds
[2023-05-26 22:20:07,106] {processor.py:153} INFO - Started process (PID=29895) to work on /home/raf/pipeline-transform/.venv/lib/python3.9/site-packages/airflow/example_dags/example_branch_operator.py
[2023-05-26 22:20:07,117] {processor.py:641} INFO - Processing file /home/raf/pipeline-transform/.venv/lib/python3.9/site-packages/airflow/example_dags/example_branch_operator.py for tasks to queue
[2023-05-26 22:20:07,117] {logging_mixin.py:115} INFO - [2023-05-26 22:20:07,117] {dagbag.py:507} INFO - Filling up the DagBag from /home/raf/pipeline-transform/.venv/lib/python3.9/site-packages/airflow/example_dags/example_branch_operator.py
[2023-05-26 22:20:07,126] {processor.py:651} INFO - DAG(s) dict_keys(['example_branch_operator']) retrieved from /home/raf/pipeline-transform/.venv/lib/python3.9/site-packages/airflow/example_dags/example_branch_operator.py
[2023-05-26 22:20:07,139] {logging_mixin.py:115} INFO - [2023-05-26 22:20:07,139] {dag.py:2379} INFO - Sync 1 DAGs
[2023-05-26 22:20:07,157] {logging_mixin.py:115} INFO - [2023-05-26 22:20:07,157] {dag.py:2927} INFO - Setting next_dagrun for example_branch_operator to 2023-05-26T00:00:00+00:00, run_after=2023-05-27T00:00:00+00:00
[2023-05-26 22:20:07,174] {processor.py:161} INFO - Processing /home/raf/pipeline-transform/.venv/lib/python3.9/site-packages/airflow/example_dags/example_branch_operator.py took 0.070 seconds
[2023-05-26 22:20:37,506] {processor.py:153} INFO - Started process (PID=30242) to work on /home/raf/pipeline-transform/.venv/lib/python3.9/site-packages/airflow/example_dags/example_branch_operator.py
[2023-05-26 22:20:37,506] {processor.py:641} INFO - Processing file /home/raf/pipeline-transform/.venv/lib/python3.9/site-packages/airflow/example_dags/example_branch_operator.py for tasks to queue
[2023-05-26 22:20:37,507] {logging_mixin.py:115} INFO - [2023-05-26 22:20:37,507] {dagbag.py:507} INFO - Filling up the DagBag from /home/raf/pipeline-transform/.venv/lib/python3.9/site-packages/airflow/example_dags/example_branch_operator.py
[2023-05-26 22:20:37,515] {processor.py:651} INFO - DAG(s) dict_keys(['example_branch_operator']) retrieved from /home/raf/pipeline-transform/.venv/lib/python3.9/site-packages/airflow/example_dags/example_branch_operator.py
[2023-05-26 22:20:37,529] {logging_mixin.py:115} INFO - [2023-05-26 22:20:37,529] {dag.py:2379} INFO - Sync 1 DAGs
[2023-05-26 22:20:37,546] {logging_mixin.py:115} INFO - [2023-05-26 22:20:37,546] {dag.py:2927} INFO - Setting next_dagrun for example_branch_operator to 2023-05-26T00:00:00+00:00, run_after=2023-05-27T00:00:00+00:00
[2023-05-26 22:20:37,573] {processor.py:161} INFO - Processing /home/raf/pipeline-transform/.venv/lib/python3.9/site-packages/airflow/example_dags/example_branch_operator.py took 0.069 seconds
[2023-05-26 22:21:12,510] {processor.py:153} INFO - Started process (PID=30438) to work on /home/raf/pipeline-transform/.venv/lib/python3.9/site-packages/airflow/example_dags/example_branch_operator.py
[2023-05-26 22:21:12,536] {processor.py:641} INFO - Processing file /home/raf/pipeline-transform/.venv/lib/python3.9/site-packages/airflow/example_dags/example_branch_operator.py for tasks to queue
[2023-05-26 22:21:12,537] {logging_mixin.py:115} INFO - [2023-05-26 22:21:12,537] {dagbag.py:507} INFO - Filling up the DagBag from /home/raf/pipeline-transform/.venv/lib/python3.9/site-packages/airflow/example_dags/example_branch_operator.py
[2023-05-26 22:21:12,569] {processor.py:651} INFO - DAG(s) dict_keys(['example_branch_operator']) retrieved from /home/raf/pipeline-transform/.venv/lib/python3.9/site-packages/airflow/example_dags/example_branch_operator.py
[2023-05-26 22:21:12,594] {logging_mixin.py:115} INFO - [2023-05-26 22:21:12,594] {dag.py:2379} INFO - Sync 1 DAGs
[2023-05-26 22:21:12,619] {logging_mixin.py:115} INFO - [2023-05-26 22:21:12,619] {dag.py:2927} INFO - Setting next_dagrun for example_branch_operator to 2023-05-26T00:00:00+00:00, run_after=2023-05-27T00:00:00+00:00
[2023-05-26 22:21:12,673] {processor.py:161} INFO - Processing /home/raf/pipeline-transform/.venv/lib/python3.9/site-packages/airflow/example_dags/example_branch_operator.py took 0.166 seconds
[2023-05-26 22:21:47,908] {processor.py:153} INFO - Started process (PID=30655) to work on /home/raf/pipeline-transform/.venv/lib/python3.9/site-packages/airflow/example_dags/example_branch_operator.py
[2023-05-26 22:21:47,940] {processor.py:641} INFO - Processing file /home/raf/pipeline-transform/.venv/lib/python3.9/site-packages/airflow/example_dags/example_branch_operator.py for tasks to queue
[2023-05-26 22:21:47,941] {logging_mixin.py:115} INFO - [2023-05-26 22:21:47,940] {dagbag.py:507} INFO - Filling up the DagBag from /home/raf/pipeline-transform/.venv/lib/python3.9/site-packages/airflow/example_dags/example_branch_operator.py
[2023-05-26 22:21:47,954] {processor.py:651} INFO - DAG(s) dict_keys(['example_branch_operator']) retrieved from /home/raf/pipeline-transform/.venv/lib/python3.9/site-packages/airflow/example_dags/example_branch_operator.py
[2023-05-26 22:21:47,976] {logging_mixin.py:115} INFO - [2023-05-26 22:21:47,975] {dag.py:2379} INFO - Sync 1 DAGs
[2023-05-26 22:21:48,012] {logging_mixin.py:115} INFO - [2023-05-26 22:21:48,011] {dag.py:2927} INFO - Setting next_dagrun for example_branch_operator to 2023-05-26T00:00:00+00:00, run_after=2023-05-27T00:00:00+00:00
[2023-05-26 22:21:48,060] {processor.py:161} INFO - Processing /home/raf/pipeline-transform/.venv/lib/python3.9/site-packages/airflow/example_dags/example_branch_operator.py took 0.164 seconds
[2023-05-26 22:22:25,998] {processor.py:153} INFO - Started process (PID=31034) to work on /home/raf/pipeline-transform/.venv/lib/python3.9/site-packages/airflow/example_dags/example_branch_operator.py
[2023-05-26 22:22:26,016] {processor.py:641} INFO - Processing file /home/raf/pipeline-transform/.venv/lib/python3.9/site-packages/airflow/example_dags/example_branch_operator.py for tasks to queue
[2023-05-26 22:22:26,017] {logging_mixin.py:115} INFO - [2023-05-26 22:22:26,017] {dagbag.py:507} INFO - Filling up the DagBag from /home/raf/pipeline-transform/.venv/lib/python3.9/site-packages/airflow/example_dags/example_branch_operator.py
[2023-05-26 22:22:26,028] {processor.py:651} INFO - DAG(s) dict_keys(['example_branch_operator']) retrieved from /home/raf/pipeline-transform/.venv/lib/python3.9/site-packages/airflow/example_dags/example_branch_operator.py
[2023-05-26 22:22:26,045] {logging_mixin.py:115} INFO - [2023-05-26 22:22:26,045] {dag.py:2379} INFO - Sync 1 DAGs
[2023-05-26 22:22:26,064] {logging_mixin.py:115} INFO - [2023-05-26 22:22:26,064] {dag.py:2927} INFO - Setting next_dagrun for example_branch_operator to 2023-05-26T00:00:00+00:00, run_after=2023-05-27T00:00:00+00:00
[2023-05-26 22:22:26,083] {processor.py:161} INFO - Processing /home/raf/pipeline-transform/.venv/lib/python3.9/site-packages/airflow/example_dags/example_branch_operator.py took 0.088 seconds
[2023-05-26 22:23:00,485] {processor.py:153} INFO - Started process (PID=31125) to work on /home/raf/pipeline-transform/.venv/lib/python3.9/site-packages/airflow/example_dags/example_branch_operator.py
[2023-05-26 22:23:00,504] {processor.py:641} INFO - Processing file /home/raf/pipeline-transform/.venv/lib/python3.9/site-packages/airflow/example_dags/example_branch_operator.py for tasks to queue
[2023-05-26 22:23:00,505] {logging_mixin.py:115} INFO - [2023-05-26 22:23:00,505] {dagbag.py:507} INFO - Filling up the DagBag from /home/raf/pipeline-transform/.venv/lib/python3.9/site-packages/airflow/example_dags/example_branch_operator.py
[2023-05-26 22:23:00,523] {processor.py:651} INFO - DAG(s) dict_keys(['example_branch_operator']) retrieved from /home/raf/pipeline-transform/.venv/lib/python3.9/site-packages/airflow/example_dags/example_branch_operator.py
[2023-05-26 22:23:00,548] {logging_mixin.py:115} INFO - [2023-05-26 22:23:00,548] {dag.py:2379} INFO - Sync 1 DAGs
[2023-05-26 22:23:00,575] {logging_mixin.py:115} INFO - [2023-05-26 22:23:00,575] {dag.py:2927} INFO - Setting next_dagrun for example_branch_operator to 2023-05-26T00:00:00+00:00, run_after=2023-05-27T00:00:00+00:00
[2023-05-26 22:23:00,624] {processor.py:161} INFO - Processing /home/raf/pipeline-transform/.venv/lib/python3.9/site-packages/airflow/example_dags/example_branch_operator.py took 0.152 seconds
[2023-05-26 22:23:35,469] {processor.py:153} INFO - Started process (PID=31215) to work on /home/raf/pipeline-transform/.venv/lib/python3.9/site-packages/airflow/example_dags/example_branch_operator.py
[2023-05-26 22:23:35,470] {processor.py:641} INFO - Processing file /home/raf/pipeline-transform/.venv/lib/python3.9/site-packages/airflow/example_dags/example_branch_operator.py for tasks to queue
[2023-05-26 22:23:35,470] {logging_mixin.py:115} INFO - [2023-05-26 22:23:35,470] {dagbag.py:507} INFO - Filling up the DagBag from /home/raf/pipeline-transform/.venv/lib/python3.9/site-packages/airflow/example_dags/example_branch_operator.py
[2023-05-26 22:23:35,478] {processor.py:651} INFO - DAG(s) dict_keys(['example_branch_operator']) retrieved from /home/raf/pipeline-transform/.venv/lib/python3.9/site-packages/airflow/example_dags/example_branch_operator.py
[2023-05-26 22:23:35,492] {logging_mixin.py:115} INFO - [2023-05-26 22:23:35,492] {dag.py:2379} INFO - Sync 1 DAGs
[2023-05-26 22:23:35,508] {logging_mixin.py:115} INFO - [2023-05-26 22:23:35,508] {dag.py:2927} INFO - Setting next_dagrun for example_branch_operator to 2023-05-26T00:00:00+00:00, run_after=2023-05-27T00:00:00+00:00
[2023-05-26 22:23:35,531] {processor.py:161} INFO - Processing /home/raf/pipeline-transform/.venv/lib/python3.9/site-packages/airflow/example_dags/example_branch_operator.py took 0.065 seconds
[2023-05-26 22:24:10,297] {processor.py:153} INFO - Started process (PID=31301) to work on /home/raf/pipeline-transform/.venv/lib/python3.9/site-packages/airflow/example_dags/example_branch_operator.py
[2023-05-26 22:24:10,320] {processor.py:641} INFO - Processing file /home/raf/pipeline-transform/.venv/lib/python3.9/site-packages/airflow/example_dags/example_branch_operator.py for tasks to queue
[2023-05-26 22:24:10,320] {logging_mixin.py:115} INFO - [2023-05-26 22:24:10,320] {dagbag.py:507} INFO - Filling up the DagBag from /home/raf/pipeline-transform/.venv/lib/python3.9/site-packages/airflow/example_dags/example_branch_operator.py
[2023-05-26 22:24:10,328] {processor.py:651} INFO - DAG(s) dict_keys(['example_branch_operator']) retrieved from /home/raf/pipeline-transform/.venv/lib/python3.9/site-packages/airflow/example_dags/example_branch_operator.py
[2023-05-26 22:24:10,342] {logging_mixin.py:115} INFO - [2023-05-26 22:24:10,342] {dag.py:2379} INFO - Sync 1 DAGs
[2023-05-26 22:24:10,358] {logging_mixin.py:115} INFO - [2023-05-26 22:24:10,357] {dag.py:2927} INFO - Setting next_dagrun for example_branch_operator to 2023-05-26T00:00:00+00:00, run_after=2023-05-27T00:00:00+00:00
[2023-05-26 22:24:10,377] {processor.py:161} INFO - Processing /home/raf/pipeline-transform/.venv/lib/python3.9/site-packages/airflow/example_dags/example_branch_operator.py took 0.082 seconds
[2023-05-26 22:24:45,667] {processor.py:153} INFO - Started process (PID=31391) to work on /home/raf/pipeline-transform/.venv/lib/python3.9/site-packages/airflow/example_dags/example_branch_operator.py
[2023-05-26 22:24:45,692] {processor.py:641} INFO - Processing file /home/raf/pipeline-transform/.venv/lib/python3.9/site-packages/airflow/example_dags/example_branch_operator.py for tasks to queue
[2023-05-26 22:24:45,692] {logging_mixin.py:115} INFO - [2023-05-26 22:24:45,692] {dagbag.py:507} INFO - Filling up the DagBag from /home/raf/pipeline-transform/.venv/lib/python3.9/site-packages/airflow/example_dags/example_branch_operator.py
[2023-05-26 22:24:45,705] {processor.py:651} INFO - DAG(s) dict_keys(['example_branch_operator']) retrieved from /home/raf/pipeline-transform/.venv/lib/python3.9/site-packages/airflow/example_dags/example_branch_operator.py
[2023-05-26 22:24:45,729] {logging_mixin.py:115} INFO - [2023-05-26 22:24:45,729] {dag.py:2379} INFO - Sync 1 DAGs
[2023-05-26 22:24:45,758] {logging_mixin.py:115} INFO - [2023-05-26 22:24:45,758] {dag.py:2927} INFO - Setting next_dagrun for example_branch_operator to 2023-05-26T00:00:00+00:00, run_after=2023-05-27T00:00:00+00:00
[2023-05-26 22:24:45,835] {processor.py:161} INFO - Processing /home/raf/pipeline-transform/.venv/lib/python3.9/site-packages/airflow/example_dags/example_branch_operator.py took 0.171 seconds
[2023-05-26 22:25:21,359] {processor.py:153} INFO - Started process (PID=31555) to work on /home/raf/pipeline-transform/.venv/lib/python3.9/site-packages/airflow/example_dags/example_branch_operator.py
[2023-05-26 22:25:21,360] {processor.py:641} INFO - Processing file /home/raf/pipeline-transform/.venv/lib/python3.9/site-packages/airflow/example_dags/example_branch_operator.py for tasks to queue
[2023-05-26 22:25:21,361] {logging_mixin.py:115} INFO - [2023-05-26 22:25:21,361] {dagbag.py:507} INFO - Filling up the DagBag from /home/raf/pipeline-transform/.venv/lib/python3.9/site-packages/airflow/example_dags/example_branch_operator.py
[2023-05-26 22:25:21,373] {processor.py:651} INFO - DAG(s) dict_keys(['example_branch_operator']) retrieved from /home/raf/pipeline-transform/.venv/lib/python3.9/site-packages/airflow/example_dags/example_branch_operator.py
[2023-05-26 22:25:21,392] {logging_mixin.py:115} INFO - [2023-05-26 22:25:21,392] {dag.py:2379} INFO - Sync 1 DAGs
[2023-05-26 22:25:21,412] {logging_mixin.py:115} INFO - [2023-05-26 22:25:21,412] {dag.py:2927} INFO - Setting next_dagrun for example_branch_operator to 2023-05-26T00:00:00+00:00, run_after=2023-05-27T00:00:00+00:00
[2023-05-26 22:25:21,438] {processor.py:161} INFO - Processing /home/raf/pipeline-transform/.venv/lib/python3.9/site-packages/airflow/example_dags/example_branch_operator.py took 0.081 seconds
[2023-05-26 22:26:02,185] {processor.py:153} INFO - Started process (PID=31833) to work on /home/raf/pipeline-transform/.venv/lib/python3.9/site-packages/airflow/example_dags/example_branch_operator.py
[2023-05-26 22:26:02,193] {processor.py:641} INFO - Processing file /home/raf/pipeline-transform/.venv/lib/python3.9/site-packages/airflow/example_dags/example_branch_operator.py for tasks to queue
[2023-05-26 22:26:02,195] {logging_mixin.py:115} INFO - [2023-05-26 22:26:02,195] {dagbag.py:507} INFO - Filling up the DagBag from /home/raf/pipeline-transform/.venv/lib/python3.9/site-packages/airflow/example_dags/example_branch_operator.py
[2023-05-26 22:26:02,210] {processor.py:651} INFO - DAG(s) dict_keys(['example_branch_operator']) retrieved from /home/raf/pipeline-transform/.venv/lib/python3.9/site-packages/airflow/example_dags/example_branch_operator.py
[2023-05-26 22:26:02,254] {logging_mixin.py:115} INFO - [2023-05-26 22:26:02,253] {dag.py:2379} INFO - Sync 1 DAGs
[2023-05-26 22:26:02,292] {logging_mixin.py:115} INFO - [2023-05-26 22:26:02,292] {dag.py:2927} INFO - Setting next_dagrun for example_branch_operator to 2023-05-26T00:00:00+00:00, run_after=2023-05-27T00:00:00+00:00
[2023-05-26 22:26:02,318] {processor.py:161} INFO - Processing /home/raf/pipeline-transform/.venv/lib/python3.9/site-packages/airflow/example_dags/example_branch_operator.py took 0.148 seconds
[2023-05-26 22:26:42,466] {processor.py:153} INFO - Started process (PID=31951) to work on /home/raf/pipeline-transform/.venv/lib/python3.9/site-packages/airflow/example_dags/example_branch_operator.py
[2023-05-26 22:26:42,467] {processor.py:641} INFO - Processing file /home/raf/pipeline-transform/.venv/lib/python3.9/site-packages/airflow/example_dags/example_branch_operator.py for tasks to queue
[2023-05-26 22:26:42,467] {logging_mixin.py:115} INFO - [2023-05-26 22:26:42,467] {dagbag.py:507} INFO - Filling up the DagBag from /home/raf/pipeline-transform/.venv/lib/python3.9/site-packages/airflow/example_dags/example_branch_operator.py
[2023-05-26 22:26:42,476] {processor.py:651} INFO - DAG(s) dict_keys(['example_branch_operator']) retrieved from /home/raf/pipeline-transform/.venv/lib/python3.9/site-packages/airflow/example_dags/example_branch_operator.py
[2023-05-26 22:26:42,490] {logging_mixin.py:115} INFO - [2023-05-26 22:26:42,490] {dag.py:2379} INFO - Sync 1 DAGs
[2023-05-26 22:26:42,507] {logging_mixin.py:115} INFO - [2023-05-26 22:26:42,506] {dag.py:2927} INFO - Setting next_dagrun for example_branch_operator to 2023-05-26T00:00:00+00:00, run_after=2023-05-27T00:00:00+00:00
[2023-05-26 22:26:42,530] {processor.py:161} INFO - Processing /home/raf/pipeline-transform/.venv/lib/python3.9/site-packages/airflow/example_dags/example_branch_operator.py took 0.067 seconds
[2023-05-26 22:27:20,411] {processor.py:153} INFO - Started process (PID=32084) to work on /home/raf/pipeline-transform/.venv/lib/python3.9/site-packages/airflow/example_dags/example_branch_operator.py
[2023-05-26 22:27:20,430] {processor.py:641} INFO - Processing file /home/raf/pipeline-transform/.venv/lib/python3.9/site-packages/airflow/example_dags/example_branch_operator.py for tasks to queue
[2023-05-26 22:27:20,430] {logging_mixin.py:115} INFO - [2023-05-26 22:27:20,430] {dagbag.py:507} INFO - Filling up the DagBag from /home/raf/pipeline-transform/.venv/lib/python3.9/site-packages/airflow/example_dags/example_branch_operator.py
[2023-05-26 22:27:20,439] {processor.py:651} INFO - DAG(s) dict_keys(['example_branch_operator']) retrieved from /home/raf/pipeline-transform/.venv/lib/python3.9/site-packages/airflow/example_dags/example_branch_operator.py
[2023-05-26 22:27:20,453] {logging_mixin.py:115} INFO - [2023-05-26 22:27:20,453] {dag.py:2379} INFO - Sync 1 DAGs
[2023-05-26 22:27:20,469] {logging_mixin.py:115} INFO - [2023-05-26 22:27:20,469] {dag.py:2927} INFO - Setting next_dagrun for example_branch_operator to 2023-05-26T00:00:00+00:00, run_after=2023-05-27T00:00:00+00:00
[2023-05-26 22:27:20,491] {processor.py:161} INFO - Processing /home/raf/pipeline-transform/.venv/lib/python3.9/site-packages/airflow/example_dags/example_branch_operator.py took 0.082 seconds
[2023-05-26 22:27:57,362] {processor.py:153} INFO - Started process (PID=32215) to work on /home/raf/pipeline-transform/.venv/lib/python3.9/site-packages/airflow/example_dags/example_branch_operator.py
[2023-05-26 22:27:57,363] {processor.py:641} INFO - Processing file /home/raf/pipeline-transform/.venv/lib/python3.9/site-packages/airflow/example_dags/example_branch_operator.py for tasks to queue
[2023-05-26 22:27:57,364] {logging_mixin.py:115} INFO - [2023-05-26 22:27:57,364] {dagbag.py:507} INFO - Filling up the DagBag from /home/raf/pipeline-transform/.venv/lib/python3.9/site-packages/airflow/example_dags/example_branch_operator.py
[2023-05-26 22:27:57,375] {processor.py:651} INFO - DAG(s) dict_keys(['example_branch_operator']) retrieved from /home/raf/pipeline-transform/.venv/lib/python3.9/site-packages/airflow/example_dags/example_branch_operator.py
[2023-05-26 22:27:57,392] {logging_mixin.py:115} INFO - [2023-05-26 22:27:57,392] {dag.py:2379} INFO - Sync 1 DAGs
[2023-05-26 22:27:57,410] {logging_mixin.py:115} INFO - [2023-05-26 22:27:57,410] {dag.py:2927} INFO - Setting next_dagrun for example_branch_operator to 2023-05-26T00:00:00+00:00, run_after=2023-05-27T00:00:00+00:00
[2023-05-26 22:27:57,474] {processor.py:161} INFO - Processing /home/raf/pipeline-transform/.venv/lib/python3.9/site-packages/airflow/example_dags/example_branch_operator.py took 0.115 seconds
[2023-05-26 22:28:34,320] {processor.py:153} INFO - Started process (PID=32308) to work on /home/raf/pipeline-transform/.venv/lib/python3.9/site-packages/airflow/example_dags/example_branch_operator.py
[2023-05-26 22:28:34,321] {processor.py:641} INFO - Processing file /home/raf/pipeline-transform/.venv/lib/python3.9/site-packages/airflow/example_dags/example_branch_operator.py for tasks to queue
[2023-05-26 22:28:34,322] {logging_mixin.py:115} INFO - [2023-05-26 22:28:34,322] {dagbag.py:507} INFO - Filling up the DagBag from /home/raf/pipeline-transform/.venv/lib/python3.9/site-packages/airflow/example_dags/example_branch_operator.py
[2023-05-26 22:28:34,334] {processor.py:651} INFO - DAG(s) dict_keys(['example_branch_operator']) retrieved from /home/raf/pipeline-transform/.venv/lib/python3.9/site-packages/airflow/example_dags/example_branch_operator.py
[2023-05-26 22:28:34,351] {logging_mixin.py:115} INFO - [2023-05-26 22:28:34,351] {dag.py:2379} INFO - Sync 1 DAGs
[2023-05-26 22:28:34,370] {logging_mixin.py:115} INFO - [2023-05-26 22:28:34,370] {dag.py:2927} INFO - Setting next_dagrun for example_branch_operator to 2023-05-26T00:00:00+00:00, run_after=2023-05-27T00:00:00+00:00
[2023-05-26 22:28:34,426] {processor.py:161} INFO - Processing /home/raf/pipeline-transform/.venv/lib/python3.9/site-packages/airflow/example_dags/example_branch_operator.py took 0.108 seconds
[2023-05-26 22:29:14,106] {processor.py:153} INFO - Started process (PID=32412) to work on /home/raf/pipeline-transform/.venv/lib/python3.9/site-packages/airflow/example_dags/example_branch_operator.py
[2023-05-26 22:29:14,129] {processor.py:641} INFO - Processing file /home/raf/pipeline-transform/.venv/lib/python3.9/site-packages/airflow/example_dags/example_branch_operator.py for tasks to queue
[2023-05-26 22:29:14,130] {logging_mixin.py:115} INFO - [2023-05-26 22:29:14,130] {dagbag.py:507} INFO - Filling up the DagBag from /home/raf/pipeline-transform/.venv/lib/python3.9/site-packages/airflow/example_dags/example_branch_operator.py
[2023-05-26 22:29:14,139] {processor.py:651} INFO - DAG(s) dict_keys(['example_branch_operator']) retrieved from /home/raf/pipeline-transform/.venv/lib/python3.9/site-packages/airflow/example_dags/example_branch_operator.py
[2023-05-26 22:29:14,160] {logging_mixin.py:115} INFO - [2023-05-26 22:29:14,160] {dag.py:2379} INFO - Sync 1 DAGs
[2023-05-26 22:29:14,183] {logging_mixin.py:115} INFO - [2023-05-26 22:29:14,183] {dag.py:2927} INFO - Setting next_dagrun for example_branch_operator to 2023-05-26T00:00:00+00:00, run_after=2023-05-27T00:00:00+00:00
[2023-05-26 22:29:14,207] {processor.py:161} INFO - Processing /home/raf/pipeline-transform/.venv/lib/python3.9/site-packages/airflow/example_dags/example_branch_operator.py took 0.103 seconds
[2023-05-26 22:29:53,767] {processor.py:153} INFO - Started process (PID=32511) to work on /home/raf/pipeline-transform/.venv/lib/python3.9/site-packages/airflow/example_dags/example_branch_operator.py
[2023-05-26 22:29:53,769] {processor.py:641} INFO - Processing file /home/raf/pipeline-transform/.venv/lib/python3.9/site-packages/airflow/example_dags/example_branch_operator.py for tasks to queue
[2023-05-26 22:29:53,769] {logging_mixin.py:115} INFO - [2023-05-26 22:29:53,769] {dagbag.py:507} INFO - Filling up the DagBag from /home/raf/pipeline-transform/.venv/lib/python3.9/site-packages/airflow/example_dags/example_branch_operator.py
[2023-05-26 22:29:53,778] {processor.py:651} INFO - DAG(s) dict_keys(['example_branch_operator']) retrieved from /home/raf/pipeline-transform/.venv/lib/python3.9/site-packages/airflow/example_dags/example_branch_operator.py
[2023-05-26 22:29:53,793] {logging_mixin.py:115} INFO - [2023-05-26 22:29:53,793] {dag.py:2379} INFO - Sync 1 DAGs
[2023-05-26 22:29:53,816] {logging_mixin.py:115} INFO - [2023-05-26 22:29:53,816] {dag.py:2927} INFO - Setting next_dagrun for example_branch_operator to 2023-05-26T00:00:00+00:00, run_after=2023-05-27T00:00:00+00:00
[2023-05-26 22:29:53,936] {processor.py:161} INFO - Processing /home/raf/pipeline-transform/.venv/lib/python3.9/site-packages/airflow/example_dags/example_branch_operator.py took 0.171 seconds
[2023-05-26 22:30:28,916] {processor.py:153} INFO - Started process (PID=32649) to work on /home/raf/pipeline-transform/.venv/lib/python3.9/site-packages/airflow/example_dags/example_branch_operator.py
[2023-05-26 22:30:28,949] {processor.py:641} INFO - Processing file /home/raf/pipeline-transform/.venv/lib/python3.9/site-packages/airflow/example_dags/example_branch_operator.py for tasks to queue
[2023-05-26 22:30:28,949] {logging_mixin.py:115} INFO - [2023-05-26 22:30:28,949] {dagbag.py:507} INFO - Filling up the DagBag from /home/raf/pipeline-transform/.venv/lib/python3.9/site-packages/airflow/example_dags/example_branch_operator.py
[2023-05-26 22:30:28,972] {processor.py:651} INFO - DAG(s) dict_keys(['example_branch_operator']) retrieved from /home/raf/pipeline-transform/.venv/lib/python3.9/site-packages/airflow/example_dags/example_branch_operator.py
[2023-05-26 22:30:29,017] {logging_mixin.py:115} INFO - [2023-05-26 22:30:29,017] {dag.py:2379} INFO - Sync 1 DAGs
[2023-05-26 22:30:29,076] {logging_mixin.py:115} INFO - [2023-05-26 22:30:29,075] {dag.py:2927} INFO - Setting next_dagrun for example_branch_operator to 2023-05-26T00:00:00+00:00, run_after=2023-05-27T00:00:00+00:00
[2023-05-26 22:30:29,112] {processor.py:161} INFO - Processing /home/raf/pipeline-transform/.venv/lib/python3.9/site-packages/airflow/example_dags/example_branch_operator.py took 0.204 seconds
[2023-05-26 22:31:05,276] {processor.py:153} INFO - Started process (PID=379) to work on /home/raf/pipeline-transform/.venv/lib/python3.9/site-packages/airflow/example_dags/example_branch_operator.py
[2023-05-26 22:31:05,304] {processor.py:641} INFO - Processing file /home/raf/pipeline-transform/.venv/lib/python3.9/site-packages/airflow/example_dags/example_branch_operator.py for tasks to queue
[2023-05-26 22:31:05,305] {logging_mixin.py:115} INFO - [2023-05-26 22:31:05,305] {dagbag.py:507} INFO - Filling up the DagBag from /home/raf/pipeline-transform/.venv/lib/python3.9/site-packages/airflow/example_dags/example_branch_operator.py
[2023-05-26 22:31:05,314] {processor.py:651} INFO - DAG(s) dict_keys(['example_branch_operator']) retrieved from /home/raf/pipeline-transform/.venv/lib/python3.9/site-packages/airflow/example_dags/example_branch_operator.py
[2023-05-26 22:31:05,328] {logging_mixin.py:115} INFO - [2023-05-26 22:31:05,328] {dag.py:2379} INFO - Sync 1 DAGs
[2023-05-26 22:31:05,346] {logging_mixin.py:115} INFO - [2023-05-26 22:31:05,346] {dag.py:2927} INFO - Setting next_dagrun for example_branch_operator to 2023-05-26T00:00:00+00:00, run_after=2023-05-27T00:00:00+00:00
[2023-05-26 22:31:05,366] {processor.py:161} INFO - Processing /home/raf/pipeline-transform/.venv/lib/python3.9/site-packages/airflow/example_dags/example_branch_operator.py took 0.092 seconds
[2023-05-26 22:31:44,498] {processor.py:153} INFO - Started process (PID=475) to work on /home/raf/pipeline-transform/.venv/lib/python3.9/site-packages/airflow/example_dags/example_branch_operator.py
[2023-05-26 22:31:44,503] {processor.py:641} INFO - Processing file /home/raf/pipeline-transform/.venv/lib/python3.9/site-packages/airflow/example_dags/example_branch_operator.py for tasks to queue
[2023-05-26 22:31:44,503] {logging_mixin.py:115} INFO - [2023-05-26 22:31:44,503] {dagbag.py:507} INFO - Filling up the DagBag from /home/raf/pipeline-transform/.venv/lib/python3.9/site-packages/airflow/example_dags/example_branch_operator.py
[2023-05-26 22:31:44,512] {processor.py:651} INFO - DAG(s) dict_keys(['example_branch_operator']) retrieved from /home/raf/pipeline-transform/.venv/lib/python3.9/site-packages/airflow/example_dags/example_branch_operator.py
[2023-05-26 22:31:44,526] {logging_mixin.py:115} INFO - [2023-05-26 22:31:44,526] {dag.py:2379} INFO - Sync 1 DAGs
[2023-05-26 22:31:44,544] {logging_mixin.py:115} INFO - [2023-05-26 22:31:44,544] {dag.py:2927} INFO - Setting next_dagrun for example_branch_operator to 2023-05-26T00:00:00+00:00, run_after=2023-05-27T00:00:00+00:00
[2023-05-26 22:31:44,563] {processor.py:161} INFO - Processing /home/raf/pipeline-transform/.venv/lib/python3.9/site-packages/airflow/example_dags/example_branch_operator.py took 0.068 seconds
