[2023-05-26 22:03:43,859] {processor.py:153} INFO - Started process (PID=26097) to work on /home/raf/pipeline-transform/.venv/lib/python3.9/site-packages/airflow/example_dags/example_branch_python_dop_operator_3.py
[2023-05-26 22:03:43,859] {processor.py:641} INFO - Processing file /home/raf/pipeline-transform/.venv/lib/python3.9/site-packages/airflow/example_dags/example_branch_python_dop_operator_3.py for tasks to queue
[2023-05-26 22:03:43,860] {logging_mixin.py:115} INFO - [2023-05-26 22:03:43,860] {dagbag.py:507} INFO - Filling up the DagBag from /home/raf/pipeline-transform/.venv/lib/python3.9/site-packages/airflow/example_dags/example_branch_python_dop_operator_3.py
[2023-05-26 22:03:43,867] {processor.py:651} INFO - DAG(s) dict_keys(['example_branch_dop_operator_v3']) retrieved from /home/raf/pipeline-transform/.venv/lib/python3.9/site-packages/airflow/example_dags/example_branch_python_dop_operator_3.py
[2023-05-26 22:03:43,906] {logging_mixin.py:115} INFO - [2023-05-26 22:03:43,906] {dag.py:2379} INFO - Sync 1 DAGs
[2023-05-26 22:03:43,922] {logging_mixin.py:115} INFO - [2023-05-26 22:03:43,922] {dag.py:2927} INFO - Setting next_dagrun for example_branch_dop_operator_v3 to 2023-05-27T01:02:00+00:00, run_after=2023-05-27T01:03:00+00:00
[2023-05-26 22:03:43,945] {processor.py:161} INFO - Processing /home/raf/pipeline-transform/.venv/lib/python3.9/site-packages/airflow/example_dags/example_branch_python_dop_operator_3.py took 0.089 seconds
[2023-05-26 22:04:16,304] {processor.py:153} INFO - Started process (PID=26282) to work on /home/raf/pipeline-transform/.venv/lib/python3.9/site-packages/airflow/example_dags/example_branch_python_dop_operator_3.py
[2023-05-26 22:04:16,311] {processor.py:641} INFO - Processing file /home/raf/pipeline-transform/.venv/lib/python3.9/site-packages/airflow/example_dags/example_branch_python_dop_operator_3.py for tasks to queue
[2023-05-26 22:04:16,311] {logging_mixin.py:115} INFO - [2023-05-26 22:04:16,311] {dagbag.py:507} INFO - Filling up the DagBag from /home/raf/pipeline-transform/.venv/lib/python3.9/site-packages/airflow/example_dags/example_branch_python_dop_operator_3.py
[2023-05-26 22:04:16,319] {processor.py:651} INFO - DAG(s) dict_keys(['example_branch_dop_operator_v3']) retrieved from /home/raf/pipeline-transform/.venv/lib/python3.9/site-packages/airflow/example_dags/example_branch_python_dop_operator_3.py
[2023-05-26 22:04:16,333] {logging_mixin.py:115} INFO - [2023-05-26 22:04:16,333] {dag.py:2379} INFO - Sync 1 DAGs
[2023-05-26 22:04:16,353] {logging_mixin.py:115} INFO - [2023-05-26 22:04:16,353] {dag.py:2927} INFO - Setting next_dagrun for example_branch_dop_operator_v3 to 2023-05-27T01:03:00+00:00, run_after=2023-05-27T01:04:00+00:00
[2023-05-26 22:04:16,375] {processor.py:161} INFO - Processing /home/raf/pipeline-transform/.venv/lib/python3.9/site-packages/airflow/example_dags/example_branch_python_dop_operator_3.py took 0.074 seconds
[2023-05-26 22:04:52,060] {processor.py:153} INFO - Started process (PID=26543) to work on /home/raf/pipeline-transform/.venv/lib/python3.9/site-packages/airflow/example_dags/example_branch_python_dop_operator_3.py
[2023-05-26 22:04:52,067] {processor.py:641} INFO - Processing file /home/raf/pipeline-transform/.venv/lib/python3.9/site-packages/airflow/example_dags/example_branch_python_dop_operator_3.py for tasks to queue
[2023-05-26 22:04:52,068] {logging_mixin.py:115} INFO - [2023-05-26 22:04:52,068] {dagbag.py:507} INFO - Filling up the DagBag from /home/raf/pipeline-transform/.venv/lib/python3.9/site-packages/airflow/example_dags/example_branch_python_dop_operator_3.py
[2023-05-26 22:04:52,081] {processor.py:651} INFO - DAG(s) dict_keys(['example_branch_dop_operator_v3']) retrieved from /home/raf/pipeline-transform/.venv/lib/python3.9/site-packages/airflow/example_dags/example_branch_python_dop_operator_3.py
[2023-05-26 22:04:52,098] {logging_mixin.py:115} INFO - [2023-05-26 22:04:52,098] {dag.py:2379} INFO - Sync 1 DAGs
[2023-05-26 22:04:52,127] {logging_mixin.py:115} INFO - [2023-05-26 22:04:52,127] {dag.py:2927} INFO - Setting next_dagrun for example_branch_dop_operator_v3 to 2023-05-27T01:03:00+00:00, run_after=2023-05-27T01:04:00+00:00
[2023-05-26 22:04:52,151] {processor.py:161} INFO - Processing /home/raf/pipeline-transform/.venv/lib/python3.9/site-packages/airflow/example_dags/example_branch_python_dop_operator_3.py took 0.094 seconds
[2023-05-26 22:05:26,506] {processor.py:153} INFO - Started process (PID=26774) to work on /home/raf/pipeline-transform/.venv/lib/python3.9/site-packages/airflow/example_dags/example_branch_python_dop_operator_3.py
[2023-05-26 22:05:26,508] {processor.py:641} INFO - Processing file /home/raf/pipeline-transform/.venv/lib/python3.9/site-packages/airflow/example_dags/example_branch_python_dop_operator_3.py for tasks to queue
[2023-05-26 22:05:26,509] {logging_mixin.py:115} INFO - [2023-05-26 22:05:26,509] {dagbag.py:507} INFO - Filling up the DagBag from /home/raf/pipeline-transform/.venv/lib/python3.9/site-packages/airflow/example_dags/example_branch_python_dop_operator_3.py
[2023-05-26 22:05:26,525] {processor.py:651} INFO - DAG(s) dict_keys(['example_branch_dop_operator_v3']) retrieved from /home/raf/pipeline-transform/.venv/lib/python3.9/site-packages/airflow/example_dags/example_branch_python_dop_operator_3.py
[2023-05-26 22:05:26,553] {logging_mixin.py:115} INFO - [2023-05-26 22:05:26,553] {dag.py:2379} INFO - Sync 1 DAGs
[2023-05-26 22:05:26,582] {logging_mixin.py:115} INFO - [2023-05-26 22:05:26,582] {dag.py:2927} INFO - Setting next_dagrun for example_branch_dop_operator_v3 to 2023-05-27T01:04:00+00:00, run_after=2023-05-27T01:05:00+00:00
[2023-05-26 22:05:26,629] {processor.py:161} INFO - Processing /home/raf/pipeline-transform/.venv/lib/python3.9/site-packages/airflow/example_dags/example_branch_python_dop_operator_3.py took 0.126 seconds
[2023-05-26 22:06:01,885] {processor.py:153} INFO - Started process (PID=26966) to work on /home/raf/pipeline-transform/.venv/lib/python3.9/site-packages/airflow/example_dags/example_branch_python_dop_operator_3.py
[2023-05-26 22:06:01,895] {processor.py:641} INFO - Processing file /home/raf/pipeline-transform/.venv/lib/python3.9/site-packages/airflow/example_dags/example_branch_python_dop_operator_3.py for tasks to queue
[2023-05-26 22:06:01,896] {logging_mixin.py:115} INFO - [2023-05-26 22:06:01,896] {dagbag.py:507} INFO - Filling up the DagBag from /home/raf/pipeline-transform/.venv/lib/python3.9/site-packages/airflow/example_dags/example_branch_python_dop_operator_3.py
[2023-05-26 22:06:01,903] {processor.py:651} INFO - DAG(s) dict_keys(['example_branch_dop_operator_v3']) retrieved from /home/raf/pipeline-transform/.venv/lib/python3.9/site-packages/airflow/example_dags/example_branch_python_dop_operator_3.py
[2023-05-26 22:06:01,916] {logging_mixin.py:115} INFO - [2023-05-26 22:06:01,916] {dag.py:2379} INFO - Sync 1 DAGs
[2023-05-26 22:06:01,934] {logging_mixin.py:115} INFO - [2023-05-26 22:06:01,934] {dag.py:2927} INFO - Setting next_dagrun for example_branch_dop_operator_v3 to 2023-05-27T01:05:00+00:00, run_after=2023-05-27T01:06:00+00:00
[2023-05-26 22:06:01,954] {processor.py:161} INFO - Processing /home/raf/pipeline-transform/.venv/lib/python3.9/site-packages/airflow/example_dags/example_branch_python_dop_operator_3.py took 0.071 seconds
[2023-05-26 22:06:38,892] {processor.py:153} INFO - Started process (PID=27167) to work on /home/raf/pipeline-transform/.venv/lib/python3.9/site-packages/airflow/example_dags/example_branch_python_dop_operator_3.py
[2023-05-26 22:06:38,903] {processor.py:641} INFO - Processing file /home/raf/pipeline-transform/.venv/lib/python3.9/site-packages/airflow/example_dags/example_branch_python_dop_operator_3.py for tasks to queue
[2023-05-26 22:06:38,904] {logging_mixin.py:115} INFO - [2023-05-26 22:06:38,904] {dagbag.py:507} INFO - Filling up the DagBag from /home/raf/pipeline-transform/.venv/lib/python3.9/site-packages/airflow/example_dags/example_branch_python_dop_operator_3.py
[2023-05-26 22:06:38,911] {processor.py:651} INFO - DAG(s) dict_keys(['example_branch_dop_operator_v3']) retrieved from /home/raf/pipeline-transform/.venv/lib/python3.9/site-packages/airflow/example_dags/example_branch_python_dop_operator_3.py
[2023-05-26 22:06:38,924] {logging_mixin.py:115} INFO - [2023-05-26 22:06:38,924] {dag.py:2379} INFO - Sync 1 DAGs
[2023-05-26 22:06:38,942] {logging_mixin.py:115} INFO - [2023-05-26 22:06:38,942] {dag.py:2927} INFO - Setting next_dagrun for example_branch_dop_operator_v3 to 2023-05-27T01:05:00+00:00, run_after=2023-05-27T01:06:00+00:00
[2023-05-26 22:06:38,960] {processor.py:161} INFO - Processing /home/raf/pipeline-transform/.venv/lib/python3.9/site-packages/airflow/example_dags/example_branch_python_dop_operator_3.py took 0.070 seconds
[2023-05-26 22:07:14,662] {processor.py:153} INFO - Started process (PID=27261) to work on /home/raf/pipeline-transform/.venv/lib/python3.9/site-packages/airflow/example_dags/example_branch_python_dop_operator_3.py
[2023-05-26 22:07:14,666] {processor.py:641} INFO - Processing file /home/raf/pipeline-transform/.venv/lib/python3.9/site-packages/airflow/example_dags/example_branch_python_dop_operator_3.py for tasks to queue
[2023-05-26 22:07:14,667] {logging_mixin.py:115} INFO - [2023-05-26 22:07:14,667] {dagbag.py:507} INFO - Filling up the DagBag from /home/raf/pipeline-transform/.venv/lib/python3.9/site-packages/airflow/example_dags/example_branch_python_dop_operator_3.py
[2023-05-26 22:07:14,678] {processor.py:651} INFO - DAG(s) dict_keys(['example_branch_dop_operator_v3']) retrieved from /home/raf/pipeline-transform/.venv/lib/python3.9/site-packages/airflow/example_dags/example_branch_python_dop_operator_3.py
[2023-05-26 22:07:14,696] {logging_mixin.py:115} INFO - [2023-05-26 22:07:14,696] {dag.py:2379} INFO - Sync 1 DAGs
[2023-05-26 22:07:14,719] {logging_mixin.py:115} INFO - [2023-05-26 22:07:14,718] {dag.py:2927} INFO - Setting next_dagrun for example_branch_dop_operator_v3 to 2023-05-27T01:06:00+00:00, run_after=2023-05-27T01:07:00+00:00
[2023-05-26 22:07:14,762] {processor.py:161} INFO - Processing /home/raf/pipeline-transform/.venv/lib/python3.9/site-packages/airflow/example_dags/example_branch_python_dop_operator_3.py took 0.102 seconds
[2023-05-26 22:07:48,768] {processor.py:153} INFO - Started process (PID=27344) to work on /home/raf/pipeline-transform/.venv/lib/python3.9/site-packages/airflow/example_dags/example_branch_python_dop_operator_3.py
[2023-05-26 22:07:48,782] {processor.py:641} INFO - Processing file /home/raf/pipeline-transform/.venv/lib/python3.9/site-packages/airflow/example_dags/example_branch_python_dop_operator_3.py for tasks to queue
[2023-05-26 22:07:48,783] {logging_mixin.py:115} INFO - [2023-05-26 22:07:48,783] {dagbag.py:507} INFO - Filling up the DagBag from /home/raf/pipeline-transform/.venv/lib/python3.9/site-packages/airflow/example_dags/example_branch_python_dop_operator_3.py
[2023-05-26 22:07:48,790] {processor.py:651} INFO - DAG(s) dict_keys(['example_branch_dop_operator_v3']) retrieved from /home/raf/pipeline-transform/.venv/lib/python3.9/site-packages/airflow/example_dags/example_branch_python_dop_operator_3.py
[2023-05-26 22:07:48,803] {logging_mixin.py:115} INFO - [2023-05-26 22:07:48,803] {dag.py:2379} INFO - Sync 1 DAGs
[2023-05-26 22:07:48,822] {logging_mixin.py:115} INFO - [2023-05-26 22:07:48,822] {dag.py:2927} INFO - Setting next_dagrun for example_branch_dop_operator_v3 to 2023-05-27T01:06:00+00:00, run_after=2023-05-27T01:07:00+00:00
[2023-05-26 22:07:48,842] {processor.py:161} INFO - Processing /home/raf/pipeline-transform/.venv/lib/python3.9/site-packages/airflow/example_dags/example_branch_python_dop_operator_3.py took 0.076 seconds
[2023-05-26 22:08:22,913] {processor.py:153} INFO - Started process (PID=27483) to work on /home/raf/pipeline-transform/.venv/lib/python3.9/site-packages/airflow/example_dags/example_branch_python_dop_operator_3.py
[2023-05-26 22:08:22,928] {processor.py:641} INFO - Processing file /home/raf/pipeline-transform/.venv/lib/python3.9/site-packages/airflow/example_dags/example_branch_python_dop_operator_3.py for tasks to queue
[2023-05-26 22:08:22,928] {logging_mixin.py:115} INFO - [2023-05-26 22:08:22,928] {dagbag.py:507} INFO - Filling up the DagBag from /home/raf/pipeline-transform/.venv/lib/python3.9/site-packages/airflow/example_dags/example_branch_python_dop_operator_3.py
[2023-05-26 22:08:22,935] {processor.py:651} INFO - DAG(s) dict_keys(['example_branch_dop_operator_v3']) retrieved from /home/raf/pipeline-transform/.venv/lib/python3.9/site-packages/airflow/example_dags/example_branch_python_dop_operator_3.py
[2023-05-26 22:08:22,948] {logging_mixin.py:115} INFO - [2023-05-26 22:08:22,948] {dag.py:2379} INFO - Sync 1 DAGs
[2023-05-26 22:08:22,966] {logging_mixin.py:115} INFO - [2023-05-26 22:08:22,965] {dag.py:2927} INFO - Setting next_dagrun for example_branch_dop_operator_v3 to 2023-05-27T01:07:00+00:00, run_after=2023-05-27T01:08:00+00:00
[2023-05-26 22:08:22,986] {processor.py:161} INFO - Processing /home/raf/pipeline-transform/.venv/lib/python3.9/site-packages/airflow/example_dags/example_branch_python_dop_operator_3.py took 0.075 seconds
[2023-05-26 22:08:59,706] {processor.py:153} INFO - Started process (PID=27575) to work on /home/raf/pipeline-transform/.venv/lib/python3.9/site-packages/airflow/example_dags/example_branch_python_dop_operator_3.py
[2023-05-26 22:08:59,731] {processor.py:641} INFO - Processing file /home/raf/pipeline-transform/.venv/lib/python3.9/site-packages/airflow/example_dags/example_branch_python_dop_operator_3.py for tasks to queue
[2023-05-26 22:08:59,732] {logging_mixin.py:115} INFO - [2023-05-26 22:08:59,732] {dagbag.py:507} INFO - Filling up the DagBag from /home/raf/pipeline-transform/.venv/lib/python3.9/site-packages/airflow/example_dags/example_branch_python_dop_operator_3.py
[2023-05-26 22:08:59,740] {processor.py:651} INFO - DAG(s) dict_keys(['example_branch_dop_operator_v3']) retrieved from /home/raf/pipeline-transform/.venv/lib/python3.9/site-packages/airflow/example_dags/example_branch_python_dop_operator_3.py
[2023-05-26 22:08:59,752] {logging_mixin.py:115} INFO - [2023-05-26 22:08:59,752] {dag.py:2379} INFO - Sync 1 DAGs
[2023-05-26 22:08:59,770] {logging_mixin.py:115} INFO - [2023-05-26 22:08:59,770] {dag.py:2927} INFO - Setting next_dagrun for example_branch_dop_operator_v3 to 2023-05-27T01:07:00+00:00, run_after=2023-05-27T01:08:00+00:00
[2023-05-26 22:08:59,791] {processor.py:161} INFO - Processing /home/raf/pipeline-transform/.venv/lib/python3.9/site-packages/airflow/example_dags/example_branch_python_dop_operator_3.py took 0.087 seconds
[2023-05-26 22:09:36,118] {processor.py:153} INFO - Started process (PID=27769) to work on /home/raf/pipeline-transform/.venv/lib/python3.9/site-packages/airflow/example_dags/example_branch_python_dop_operator_3.py
[2023-05-26 22:09:36,138] {processor.py:641} INFO - Processing file /home/raf/pipeline-transform/.venv/lib/python3.9/site-packages/airflow/example_dags/example_branch_python_dop_operator_3.py for tasks to queue
[2023-05-26 22:09:36,139] {logging_mixin.py:115} INFO - [2023-05-26 22:09:36,139] {dagbag.py:507} INFO - Filling up the DagBag from /home/raf/pipeline-transform/.venv/lib/python3.9/site-packages/airflow/example_dags/example_branch_python_dop_operator_3.py
[2023-05-26 22:09:36,146] {processor.py:651} INFO - DAG(s) dict_keys(['example_branch_dop_operator_v3']) retrieved from /home/raf/pipeline-transform/.venv/lib/python3.9/site-packages/airflow/example_dags/example_branch_python_dop_operator_3.py
[2023-05-26 22:09:36,159] {logging_mixin.py:115} INFO - [2023-05-26 22:09:36,159] {dag.py:2379} INFO - Sync 1 DAGs
[2023-05-26 22:09:36,177] {logging_mixin.py:115} INFO - [2023-05-26 22:09:36,177] {dag.py:2927} INFO - Setting next_dagrun for example_branch_dop_operator_v3 to 2023-05-27T01:08:00+00:00, run_after=2023-05-27T01:09:00+00:00
[2023-05-26 22:09:36,197] {processor.py:161} INFO - Processing /home/raf/pipeline-transform/.venv/lib/python3.9/site-packages/airflow/example_dags/example_branch_python_dop_operator_3.py took 0.082 seconds
[2023-05-26 22:10:11,959] {processor.py:153} INFO - Started process (PID=27857) to work on /home/raf/pipeline-transform/.venv/lib/python3.9/site-packages/airflow/example_dags/example_branch_python_dop_operator_3.py
[2023-05-26 22:10:11,963] {processor.py:641} INFO - Processing file /home/raf/pipeline-transform/.venv/lib/python3.9/site-packages/airflow/example_dags/example_branch_python_dop_operator_3.py for tasks to queue
[2023-05-26 22:10:11,963] {logging_mixin.py:115} INFO - [2023-05-26 22:10:11,963] {dagbag.py:507} INFO - Filling up the DagBag from /home/raf/pipeline-transform/.venv/lib/python3.9/site-packages/airflow/example_dags/example_branch_python_dop_operator_3.py
[2023-05-26 22:10:11,971] {processor.py:651} INFO - DAG(s) dict_keys(['example_branch_dop_operator_v3']) retrieved from /home/raf/pipeline-transform/.venv/lib/python3.9/site-packages/airflow/example_dags/example_branch_python_dop_operator_3.py
[2023-05-26 22:10:11,984] {logging_mixin.py:115} INFO - [2023-05-26 22:10:11,984] {dag.py:2379} INFO - Sync 1 DAGs
[2023-05-26 22:10:12,003] {logging_mixin.py:115} INFO - [2023-05-26 22:10:12,003] {dag.py:2927} INFO - Setting next_dagrun for example_branch_dop_operator_v3 to 2023-05-27T01:09:00+00:00, run_after=2023-05-27T01:10:00+00:00
[2023-05-26 22:10:12,023] {processor.py:161} INFO - Processing /home/raf/pipeline-transform/.venv/lib/python3.9/site-packages/airflow/example_dags/example_branch_python_dop_operator_3.py took 0.067 seconds
[2023-05-26 22:10:48,426] {processor.py:153} INFO - Started process (PID=27948) to work on /home/raf/pipeline-transform/.venv/lib/python3.9/site-packages/airflow/example_dags/example_branch_python_dop_operator_3.py
[2023-05-26 22:10:48,448] {processor.py:641} INFO - Processing file /home/raf/pipeline-transform/.venv/lib/python3.9/site-packages/airflow/example_dags/example_branch_python_dop_operator_3.py for tasks to queue
[2023-05-26 22:10:48,449] {logging_mixin.py:115} INFO - [2023-05-26 22:10:48,449] {dagbag.py:507} INFO - Filling up the DagBag from /home/raf/pipeline-transform/.venv/lib/python3.9/site-packages/airflow/example_dags/example_branch_python_dop_operator_3.py
[2023-05-26 22:10:48,456] {processor.py:651} INFO - DAG(s) dict_keys(['example_branch_dop_operator_v3']) retrieved from /home/raf/pipeline-transform/.venv/lib/python3.9/site-packages/airflow/example_dags/example_branch_python_dop_operator_3.py
[2023-05-26 22:10:48,469] {logging_mixin.py:115} INFO - [2023-05-26 22:10:48,469] {dag.py:2379} INFO - Sync 1 DAGs
[2023-05-26 22:10:48,487] {logging_mixin.py:115} INFO - [2023-05-26 22:10:48,487] {dag.py:2927} INFO - Setting next_dagrun for example_branch_dop_operator_v3 to 2023-05-27T01:09:00+00:00, run_after=2023-05-27T01:10:00+00:00
[2023-05-26 22:10:48,507] {processor.py:161} INFO - Processing /home/raf/pipeline-transform/.venv/lib/python3.9/site-packages/airflow/example_dags/example_branch_python_dop_operator_3.py took 0.083 seconds
[2023-05-26 22:11:22,996] {processor.py:153} INFO - Started process (PID=28034) to work on /home/raf/pipeline-transform/.venv/lib/python3.9/site-packages/airflow/example_dags/example_branch_python_dop_operator_3.py
[2023-05-26 22:11:23,021] {processor.py:641} INFO - Processing file /home/raf/pipeline-transform/.venv/lib/python3.9/site-packages/airflow/example_dags/example_branch_python_dop_operator_3.py for tasks to queue
[2023-05-26 22:11:23,022] {logging_mixin.py:115} INFO - [2023-05-26 22:11:23,022] {dagbag.py:507} INFO - Filling up the DagBag from /home/raf/pipeline-transform/.venv/lib/python3.9/site-packages/airflow/example_dags/example_branch_python_dop_operator_3.py
[2023-05-26 22:11:23,029] {processor.py:651} INFO - DAG(s) dict_keys(['example_branch_dop_operator_v3']) retrieved from /home/raf/pipeline-transform/.venv/lib/python3.9/site-packages/airflow/example_dags/example_branch_python_dop_operator_3.py
[2023-05-26 22:11:23,042] {logging_mixin.py:115} INFO - [2023-05-26 22:11:23,042] {dag.py:2379} INFO - Sync 1 DAGs
[2023-05-26 22:11:23,060] {logging_mixin.py:115} INFO - [2023-05-26 22:11:23,060] {dag.py:2927} INFO - Setting next_dagrun for example_branch_dop_operator_v3 to 2023-05-27T01:10:00+00:00, run_after=2023-05-27T01:11:00+00:00
[2023-05-26 22:11:23,080] {processor.py:161} INFO - Processing /home/raf/pipeline-transform/.venv/lib/python3.9/site-packages/airflow/example_dags/example_branch_python_dop_operator_3.py took 0.087 seconds
[2023-05-26 22:12:02,534] {processor.py:153} INFO - Started process (PID=28143) to work on /home/raf/pipeline-transform/.venv/lib/python3.9/site-packages/airflow/example_dags/example_branch_python_dop_operator_3.py
[2023-05-26 22:12:02,539] {processor.py:641} INFO - Processing file /home/raf/pipeline-transform/.venv/lib/python3.9/site-packages/airflow/example_dags/example_branch_python_dop_operator_3.py for tasks to queue
[2023-05-26 22:12:02,539] {logging_mixin.py:115} INFO - [2023-05-26 22:12:02,539] {dagbag.py:507} INFO - Filling up the DagBag from /home/raf/pipeline-transform/.venv/lib/python3.9/site-packages/airflow/example_dags/example_branch_python_dop_operator_3.py
[2023-05-26 22:12:02,547] {processor.py:651} INFO - DAG(s) dict_keys(['example_branch_dop_operator_v3']) retrieved from /home/raf/pipeline-transform/.venv/lib/python3.9/site-packages/airflow/example_dags/example_branch_python_dop_operator_3.py
[2023-05-26 22:12:02,559] {logging_mixin.py:115} INFO - [2023-05-26 22:12:02,559] {dag.py:2379} INFO - Sync 1 DAGs
[2023-05-26 22:12:02,577] {logging_mixin.py:115} INFO - [2023-05-26 22:12:02,577] {dag.py:2927} INFO - Setting next_dagrun for example_branch_dop_operator_v3 to 2023-05-27T01:11:00+00:00, run_after=2023-05-27T01:12:00+00:00
[2023-05-26 22:12:02,598] {processor.py:161} INFO - Processing /home/raf/pipeline-transform/.venv/lib/python3.9/site-packages/airflow/example_dags/example_branch_python_dop_operator_3.py took 0.067 seconds
[2023-05-26 22:12:42,110] {processor.py:153} INFO - Started process (PID=28396) to work on /home/raf/pipeline-transform/.venv/lib/python3.9/site-packages/airflow/example_dags/example_branch_python_dop_operator_3.py
[2023-05-26 22:12:42,116] {processor.py:641} INFO - Processing file /home/raf/pipeline-transform/.venv/lib/python3.9/site-packages/airflow/example_dags/example_branch_python_dop_operator_3.py for tasks to queue
[2023-05-26 22:12:42,117] {logging_mixin.py:115} INFO - [2023-05-26 22:12:42,117] {dagbag.py:507} INFO - Filling up the DagBag from /home/raf/pipeline-transform/.venv/lib/python3.9/site-packages/airflow/example_dags/example_branch_python_dop_operator_3.py
[2023-05-26 22:12:42,125] {processor.py:651} INFO - DAG(s) dict_keys(['example_branch_dop_operator_v3']) retrieved from /home/raf/pipeline-transform/.venv/lib/python3.9/site-packages/airflow/example_dags/example_branch_python_dop_operator_3.py
[2023-05-26 22:12:42,143] {logging_mixin.py:115} INFO - [2023-05-26 22:12:42,143] {dag.py:2379} INFO - Sync 1 DAGs
[2023-05-26 22:12:42,163] {logging_mixin.py:115} INFO - [2023-05-26 22:12:42,163] {dag.py:2927} INFO - Setting next_dagrun for example_branch_dop_operator_v3 to 2023-05-27T01:11:00+00:00, run_after=2023-05-27T01:12:00+00:00
[2023-05-26 22:12:42,184] {processor.py:161} INFO - Processing /home/raf/pipeline-transform/.venv/lib/python3.9/site-packages/airflow/example_dags/example_branch_python_dop_operator_3.py took 0.077 seconds
[2023-05-26 22:13:14,746] {processor.py:153} INFO - Started process (PID=28479) to work on /home/raf/pipeline-transform/.venv/lib/python3.9/site-packages/airflow/example_dags/example_branch_python_dop_operator_3.py
[2023-05-26 22:13:14,747] {processor.py:641} INFO - Processing file /home/raf/pipeline-transform/.venv/lib/python3.9/site-packages/airflow/example_dags/example_branch_python_dop_operator_3.py for tasks to queue
[2023-05-26 22:13:14,747] {logging_mixin.py:115} INFO - [2023-05-26 22:13:14,747] {dagbag.py:507} INFO - Filling up the DagBag from /home/raf/pipeline-transform/.venv/lib/python3.9/site-packages/airflow/example_dags/example_branch_python_dop_operator_3.py
[2023-05-26 22:13:14,755] {processor.py:651} INFO - DAG(s) dict_keys(['example_branch_dop_operator_v3']) retrieved from /home/raf/pipeline-transform/.venv/lib/python3.9/site-packages/airflow/example_dags/example_branch_python_dop_operator_3.py
[2023-05-26 22:13:14,768] {logging_mixin.py:115} INFO - [2023-05-26 22:13:14,768] {dag.py:2379} INFO - Sync 1 DAGs
[2023-05-26 22:13:14,787] {logging_mixin.py:115} INFO - [2023-05-26 22:13:14,787] {dag.py:2927} INFO - Setting next_dagrun for example_branch_dop_operator_v3 to 2023-05-27T01:12:00+00:00, run_after=2023-05-27T01:13:00+00:00
[2023-05-26 22:13:14,809] {processor.py:161} INFO - Processing /home/raf/pipeline-transform/.venv/lib/python3.9/site-packages/airflow/example_dags/example_branch_python_dop_operator_3.py took 0.065 seconds
[2023-05-26 22:13:50,459] {processor.py:153} INFO - Started process (PID=28621) to work on /home/raf/pipeline-transform/.venv/lib/python3.9/site-packages/airflow/example_dags/example_branch_python_dop_operator_3.py
[2023-05-26 22:13:50,478] {processor.py:641} INFO - Processing file /home/raf/pipeline-transform/.venv/lib/python3.9/site-packages/airflow/example_dags/example_branch_python_dop_operator_3.py for tasks to queue
[2023-05-26 22:13:50,479] {logging_mixin.py:115} INFO - [2023-05-26 22:13:50,479] {dagbag.py:507} INFO - Filling up the DagBag from /home/raf/pipeline-transform/.venv/lib/python3.9/site-packages/airflow/example_dags/example_branch_python_dop_operator_3.py
[2023-05-26 22:13:50,503] {processor.py:651} INFO - DAG(s) dict_keys(['example_branch_dop_operator_v3']) retrieved from /home/raf/pipeline-transform/.venv/lib/python3.9/site-packages/airflow/example_dags/example_branch_python_dop_operator_3.py
[2023-05-26 22:13:50,520] {logging_mixin.py:115} INFO - [2023-05-26 22:13:50,520] {dag.py:2379} INFO - Sync 1 DAGs
[2023-05-26 22:13:50,571] {logging_mixin.py:115} INFO - [2023-05-26 22:13:50,570] {dag.py:2927} INFO - Setting next_dagrun for example_branch_dop_operator_v3 to 2023-05-27T01:12:00+00:00, run_after=2023-05-27T01:13:00+00:00
[2023-05-26 22:13:50,631] {processor.py:161} INFO - Processing /home/raf/pipeline-transform/.venv/lib/python3.9/site-packages/airflow/example_dags/example_branch_python_dop_operator_3.py took 0.175 seconds
[2023-05-26 22:14:26,154] {processor.py:153} INFO - Started process (PID=28711) to work on /home/raf/pipeline-transform/.venv/lib/python3.9/site-packages/airflow/example_dags/example_branch_python_dop_operator_3.py
[2023-05-26 22:14:26,174] {processor.py:641} INFO - Processing file /home/raf/pipeline-transform/.venv/lib/python3.9/site-packages/airflow/example_dags/example_branch_python_dop_operator_3.py for tasks to queue
[2023-05-26 22:14:26,175] {logging_mixin.py:115} INFO - [2023-05-26 22:14:26,175] {dagbag.py:507} INFO - Filling up the DagBag from /home/raf/pipeline-transform/.venv/lib/python3.9/site-packages/airflow/example_dags/example_branch_python_dop_operator_3.py
[2023-05-26 22:14:26,183] {processor.py:651} INFO - DAG(s) dict_keys(['example_branch_dop_operator_v3']) retrieved from /home/raf/pipeline-transform/.venv/lib/python3.9/site-packages/airflow/example_dags/example_branch_python_dop_operator_3.py
[2023-05-26 22:14:26,196] {logging_mixin.py:115} INFO - [2023-05-26 22:14:26,196] {dag.py:2379} INFO - Sync 1 DAGs
[2023-05-26 22:14:26,214] {logging_mixin.py:115} INFO - [2023-05-26 22:14:26,214] {dag.py:2927} INFO - Setting next_dagrun for example_branch_dop_operator_v3 to 2023-05-27T01:13:00+00:00, run_after=2023-05-27T01:14:00+00:00
[2023-05-26 22:14:26,234] {processor.py:161} INFO - Processing /home/raf/pipeline-transform/.venv/lib/python3.9/site-packages/airflow/example_dags/example_branch_python_dop_operator_3.py took 0.082 seconds
[2023-05-26 22:15:01,703] {processor.py:153} INFO - Started process (PID=28798) to work on /home/raf/pipeline-transform/.venv/lib/python3.9/site-packages/airflow/example_dags/example_branch_python_dop_operator_3.py
[2023-05-26 22:15:01,723] {processor.py:641} INFO - Processing file /home/raf/pipeline-transform/.venv/lib/python3.9/site-packages/airflow/example_dags/example_branch_python_dop_operator_3.py for tasks to queue
[2023-05-26 22:15:01,724] {logging_mixin.py:115} INFO - [2023-05-26 22:15:01,724] {dagbag.py:507} INFO - Filling up the DagBag from /home/raf/pipeline-transform/.venv/lib/python3.9/site-packages/airflow/example_dags/example_branch_python_dop_operator_3.py
[2023-05-26 22:15:01,732] {processor.py:651} INFO - DAG(s) dict_keys(['example_branch_dop_operator_v3']) retrieved from /home/raf/pipeline-transform/.venv/lib/python3.9/site-packages/airflow/example_dags/example_branch_python_dop_operator_3.py
[2023-05-26 22:15:01,745] {logging_mixin.py:115} INFO - [2023-05-26 22:15:01,745] {dag.py:2379} INFO - Sync 1 DAGs
[2023-05-26 22:15:01,763] {logging_mixin.py:115} INFO - [2023-05-26 22:15:01,763] {dag.py:2927} INFO - Setting next_dagrun for example_branch_dop_operator_v3 to 2023-05-27T01:14:00+00:00, run_after=2023-05-27T01:15:00+00:00
[2023-05-26 22:15:01,784] {processor.py:161} INFO - Processing /home/raf/pipeline-transform/.venv/lib/python3.9/site-packages/airflow/example_dags/example_branch_python_dop_operator_3.py took 0.084 seconds
[2023-05-26 22:15:37,946] {processor.py:153} INFO - Started process (PID=28886) to work on /home/raf/pipeline-transform/.venv/lib/python3.9/site-packages/airflow/example_dags/example_branch_python_dop_operator_3.py
[2023-05-26 22:15:37,968] {processor.py:641} INFO - Processing file /home/raf/pipeline-transform/.venv/lib/python3.9/site-packages/airflow/example_dags/example_branch_python_dop_operator_3.py for tasks to queue
[2023-05-26 22:15:37,969] {logging_mixin.py:115} INFO - [2023-05-26 22:15:37,969] {dagbag.py:507} INFO - Filling up the DagBag from /home/raf/pipeline-transform/.venv/lib/python3.9/site-packages/airflow/example_dags/example_branch_python_dop_operator_3.py
[2023-05-26 22:15:37,988] {processor.py:651} INFO - DAG(s) dict_keys(['example_branch_dop_operator_v3']) retrieved from /home/raf/pipeline-transform/.venv/lib/python3.9/site-packages/airflow/example_dags/example_branch_python_dop_operator_3.py
[2023-05-26 22:15:38,007] {logging_mixin.py:115} INFO - [2023-05-26 22:15:38,007] {dag.py:2379} INFO - Sync 1 DAGs
[2023-05-26 22:15:38,031] {logging_mixin.py:115} INFO - [2023-05-26 22:15:38,031] {dag.py:2927} INFO - Setting next_dagrun for example_branch_dop_operator_v3 to 2023-05-27T01:14:00+00:00, run_after=2023-05-27T01:15:00+00:00
[2023-05-26 22:15:38,055] {processor.py:161} INFO - Processing /home/raf/pipeline-transform/.venv/lib/python3.9/site-packages/airflow/example_dags/example_branch_python_dop_operator_3.py took 0.112 seconds
[2023-05-26 22:16:15,462] {processor.py:153} INFO - Started process (PID=28980) to work on /home/raf/pipeline-transform/.venv/lib/python3.9/site-packages/airflow/example_dags/example_branch_python_dop_operator_3.py
[2023-05-26 22:16:15,486] {processor.py:641} INFO - Processing file /home/raf/pipeline-transform/.venv/lib/python3.9/site-packages/airflow/example_dags/example_branch_python_dop_operator_3.py for tasks to queue
[2023-05-26 22:16:15,486] {logging_mixin.py:115} INFO - [2023-05-26 22:16:15,486] {dagbag.py:507} INFO - Filling up the DagBag from /home/raf/pipeline-transform/.venv/lib/python3.9/site-packages/airflow/example_dags/example_branch_python_dop_operator_3.py
[2023-05-26 22:16:15,494] {processor.py:651} INFO - DAG(s) dict_keys(['example_branch_dop_operator_v3']) retrieved from /home/raf/pipeline-transform/.venv/lib/python3.9/site-packages/airflow/example_dags/example_branch_python_dop_operator_3.py
[2023-05-26 22:16:15,507] {logging_mixin.py:115} INFO - [2023-05-26 22:16:15,507] {dag.py:2379} INFO - Sync 1 DAGs
[2023-05-26 22:16:15,525] {logging_mixin.py:115} INFO - [2023-05-26 22:16:15,525] {dag.py:2927} INFO - Setting next_dagrun for example_branch_dop_operator_v3 to 2023-05-27T01:15:00+00:00, run_after=2023-05-27T01:16:00+00:00
[2023-05-26 22:16:15,545] {processor.py:161} INFO - Processing /home/raf/pipeline-transform/.venv/lib/python3.9/site-packages/airflow/example_dags/example_branch_python_dop_operator_3.py took 0.085 seconds
[2023-05-26 22:16:52,419] {processor.py:153} INFO - Started process (PID=29072) to work on /home/raf/pipeline-transform/.venv/lib/python3.9/site-packages/airflow/example_dags/example_branch_python_dop_operator_3.py
[2023-05-26 22:16:52,444] {processor.py:641} INFO - Processing file /home/raf/pipeline-transform/.venv/lib/python3.9/site-packages/airflow/example_dags/example_branch_python_dop_operator_3.py for tasks to queue
[2023-05-26 22:16:52,445] {logging_mixin.py:115} INFO - [2023-05-26 22:16:52,445] {dagbag.py:507} INFO - Filling up the DagBag from /home/raf/pipeline-transform/.venv/lib/python3.9/site-packages/airflow/example_dags/example_branch_python_dop_operator_3.py
[2023-05-26 22:16:52,453] {processor.py:651} INFO - DAG(s) dict_keys(['example_branch_dop_operator_v3']) retrieved from /home/raf/pipeline-transform/.venv/lib/python3.9/site-packages/airflow/example_dags/example_branch_python_dop_operator_3.py
[2023-05-26 22:16:52,466] {logging_mixin.py:115} INFO - [2023-05-26 22:16:52,466] {dag.py:2379} INFO - Sync 1 DAGs
[2023-05-26 22:16:52,487] {logging_mixin.py:115} INFO - [2023-05-26 22:16:52,487] {dag.py:2927} INFO - Setting next_dagrun for example_branch_dop_operator_v3 to 2023-05-27T01:15:00+00:00, run_after=2023-05-27T01:16:00+00:00
[2023-05-26 22:16:52,508] {processor.py:161} INFO - Processing /home/raf/pipeline-transform/.venv/lib/python3.9/site-packages/airflow/example_dags/example_branch_python_dop_operator_3.py took 0.090 seconds
[2023-05-26 22:17:27,749] {processor.py:153} INFO - Started process (PID=29159) to work on /home/raf/pipeline-transform/.venv/lib/python3.9/site-packages/airflow/example_dags/example_branch_python_dop_operator_3.py
[2023-05-26 22:17:27,775] {processor.py:641} INFO - Processing file /home/raf/pipeline-transform/.venv/lib/python3.9/site-packages/airflow/example_dags/example_branch_python_dop_operator_3.py for tasks to queue
[2023-05-26 22:17:27,776] {logging_mixin.py:115} INFO - [2023-05-26 22:17:27,776] {dagbag.py:507} INFO - Filling up the DagBag from /home/raf/pipeline-transform/.venv/lib/python3.9/site-packages/airflow/example_dags/example_branch_python_dop_operator_3.py
[2023-05-26 22:17:27,784] {processor.py:651} INFO - DAG(s) dict_keys(['example_branch_dop_operator_v3']) retrieved from /home/raf/pipeline-transform/.venv/lib/python3.9/site-packages/airflow/example_dags/example_branch_python_dop_operator_3.py
[2023-05-26 22:17:27,798] {logging_mixin.py:115} INFO - [2023-05-26 22:17:27,798] {dag.py:2379} INFO - Sync 1 DAGs
[2023-05-26 22:17:27,818] {logging_mixin.py:115} INFO - [2023-05-26 22:17:27,818] {dag.py:2927} INFO - Setting next_dagrun for example_branch_dop_operator_v3 to 2023-05-27T01:16:00+00:00, run_after=2023-05-27T01:17:00+00:00
[2023-05-26 22:17:27,843] {processor.py:161} INFO - Processing /home/raf/pipeline-transform/.venv/lib/python3.9/site-packages/airflow/example_dags/example_branch_python_dop_operator_3.py took 0.096 seconds
[2023-05-26 22:18:07,123] {processor.py:153} INFO - Started process (PID=29254) to work on /home/raf/pipeline-transform/.venv/lib/python3.9/site-packages/airflow/example_dags/example_branch_python_dop_operator_3.py
[2023-05-26 22:18:07,138] {processor.py:641} INFO - Processing file /home/raf/pipeline-transform/.venv/lib/python3.9/site-packages/airflow/example_dags/example_branch_python_dop_operator_3.py for tasks to queue
[2023-05-26 22:18:07,138] {logging_mixin.py:115} INFO - [2023-05-26 22:18:07,138] {dagbag.py:507} INFO - Filling up the DagBag from /home/raf/pipeline-transform/.venv/lib/python3.9/site-packages/airflow/example_dags/example_branch_python_dop_operator_3.py
[2023-05-26 22:18:07,146] {processor.py:651} INFO - DAG(s) dict_keys(['example_branch_dop_operator_v3']) retrieved from /home/raf/pipeline-transform/.venv/lib/python3.9/site-packages/airflow/example_dags/example_branch_python_dop_operator_3.py
[2023-05-26 22:18:07,159] {logging_mixin.py:115} INFO - [2023-05-26 22:18:07,159] {dag.py:2379} INFO - Sync 1 DAGs
[2023-05-26 22:18:07,177] {logging_mixin.py:115} INFO - [2023-05-26 22:18:07,177] {dag.py:2927} INFO - Setting next_dagrun for example_branch_dop_operator_v3 to 2023-05-27T01:17:00+00:00, run_after=2023-05-27T01:18:00+00:00
[2023-05-26 22:18:07,199] {processor.py:161} INFO - Processing /home/raf/pipeline-transform/.venv/lib/python3.9/site-packages/airflow/example_dags/example_branch_python_dop_operator_3.py took 0.078 seconds
[2023-05-26 22:18:43,223] {processor.py:153} INFO - Started process (PID=29394) to work on /home/raf/pipeline-transform/.venv/lib/python3.9/site-packages/airflow/example_dags/example_branch_python_dop_operator_3.py
[2023-05-26 22:18:43,231] {processor.py:641} INFO - Processing file /home/raf/pipeline-transform/.venv/lib/python3.9/site-packages/airflow/example_dags/example_branch_python_dop_operator_3.py for tasks to queue
[2023-05-26 22:18:43,231] {logging_mixin.py:115} INFO - [2023-05-26 22:18:43,231] {dagbag.py:507} INFO - Filling up the DagBag from /home/raf/pipeline-transform/.venv/lib/python3.9/site-packages/airflow/example_dags/example_branch_python_dop_operator_3.py
[2023-05-26 22:18:43,246] {processor.py:651} INFO - DAG(s) dict_keys(['example_branch_dop_operator_v3']) retrieved from /home/raf/pipeline-transform/.venv/lib/python3.9/site-packages/airflow/example_dags/example_branch_python_dop_operator_3.py
[2023-05-26 22:18:43,266] {logging_mixin.py:115} INFO - [2023-05-26 22:18:43,266] {dag.py:2379} INFO - Sync 1 DAGs
[2023-05-26 22:18:43,303] {logging_mixin.py:115} INFO - [2023-05-26 22:18:43,303] {dag.py:2927} INFO - Setting next_dagrun for example_branch_dop_operator_v3 to 2023-05-27T01:17:00+00:00, run_after=2023-05-27T01:18:00+00:00
[2023-05-26 22:18:43,346] {processor.py:161} INFO - Processing /home/raf/pipeline-transform/.venv/lib/python3.9/site-packages/airflow/example_dags/example_branch_python_dop_operator_3.py took 0.126 seconds
[2023-05-26 22:19:21,934] {processor.py:153} INFO - Started process (PID=29603) to work on /home/raf/pipeline-transform/.venv/lib/python3.9/site-packages/airflow/example_dags/example_branch_python_dop_operator_3.py
[2023-05-26 22:19:21,937] {processor.py:641} INFO - Processing file /home/raf/pipeline-transform/.venv/lib/python3.9/site-packages/airflow/example_dags/example_branch_python_dop_operator_3.py for tasks to queue
[2023-05-26 22:19:21,937] {logging_mixin.py:115} INFO - [2023-05-26 22:19:21,937] {dagbag.py:507} INFO - Filling up the DagBag from /home/raf/pipeline-transform/.venv/lib/python3.9/site-packages/airflow/example_dags/example_branch_python_dop_operator_3.py
[2023-05-26 22:19:21,946] {processor.py:651} INFO - DAG(s) dict_keys(['example_branch_dop_operator_v3']) retrieved from /home/raf/pipeline-transform/.venv/lib/python3.9/site-packages/airflow/example_dags/example_branch_python_dop_operator_3.py
[2023-05-26 22:19:21,960] {logging_mixin.py:115} INFO - [2023-05-26 22:19:21,960] {dag.py:2379} INFO - Sync 1 DAGs
[2023-05-26 22:19:21,981] {logging_mixin.py:115} INFO - [2023-05-26 22:19:21,981] {dag.py:2927} INFO - Setting next_dagrun for example_branch_dop_operator_v3 to 2023-05-27T01:18:00+00:00, run_after=2023-05-27T01:19:00+00:00
[2023-05-26 22:19:22,001] {processor.py:161} INFO - Processing /home/raf/pipeline-transform/.venv/lib/python3.9/site-packages/airflow/example_dags/example_branch_python_dop_operator_3.py took 0.070 seconds
[2023-05-26 22:19:56,792] {processor.py:153} INFO - Started process (PID=29791) to work on /home/raf/pipeline-transform/.venv/lib/python3.9/site-packages/airflow/example_dags/example_branch_python_dop_operator_3.py
[2023-05-26 22:19:56,802] {processor.py:641} INFO - Processing file /home/raf/pipeline-transform/.venv/lib/python3.9/site-packages/airflow/example_dags/example_branch_python_dop_operator_3.py for tasks to queue
[2023-05-26 22:19:56,802] {logging_mixin.py:115} INFO - [2023-05-26 22:19:56,802] {dagbag.py:507} INFO - Filling up the DagBag from /home/raf/pipeline-transform/.venv/lib/python3.9/site-packages/airflow/example_dags/example_branch_python_dop_operator_3.py
[2023-05-26 22:19:56,810] {processor.py:651} INFO - DAG(s) dict_keys(['example_branch_dop_operator_v3']) retrieved from /home/raf/pipeline-transform/.venv/lib/python3.9/site-packages/airflow/example_dags/example_branch_python_dop_operator_3.py
[2023-05-26 22:19:56,823] {logging_mixin.py:115} INFO - [2023-05-26 22:19:56,823] {dag.py:2379} INFO - Sync 1 DAGs
[2023-05-26 22:19:56,843] {logging_mixin.py:115} INFO - [2023-05-26 22:19:56,843] {dag.py:2927} INFO - Setting next_dagrun for example_branch_dop_operator_v3 to 2023-05-27T01:18:00+00:00, run_after=2023-05-27T01:19:00+00:00
[2023-05-26 22:19:56,859] {processor.py:161} INFO - Processing /home/raf/pipeline-transform/.venv/lib/python3.9/site-packages/airflow/example_dags/example_branch_python_dop_operator_3.py took 0.070 seconds
[2023-05-26 22:20:43,884] {processor.py:153} INFO - Started process (PID=30257) to work on /home/raf/pipeline-transform/.venv/lib/python3.9/site-packages/airflow/example_dags/example_branch_python_dop_operator_3.py
[2023-05-26 22:20:43,896] {processor.py:641} INFO - Processing file /home/raf/pipeline-transform/.venv/lib/python3.9/site-packages/airflow/example_dags/example_branch_python_dop_operator_3.py for tasks to queue
[2023-05-26 22:20:43,897] {logging_mixin.py:115} INFO - [2023-05-26 22:20:43,897] {dagbag.py:507} INFO - Filling up the DagBag from /home/raf/pipeline-transform/.venv/lib/python3.9/site-packages/airflow/example_dags/example_branch_python_dop_operator_3.py
[2023-05-26 22:20:43,905] {processor.py:651} INFO - DAG(s) dict_keys(['example_branch_dop_operator_v3']) retrieved from /home/raf/pipeline-transform/.venv/lib/python3.9/site-packages/airflow/example_dags/example_branch_python_dop_operator_3.py
[2023-05-26 22:20:43,917] {logging_mixin.py:115} INFO - [2023-05-26 22:20:43,917] {dag.py:2379} INFO - Sync 1 DAGs
[2023-05-26 22:20:43,938] {logging_mixin.py:115} INFO - [2023-05-26 22:20:43,938] {dag.py:2927} INFO - Setting next_dagrun for example_branch_dop_operator_v3 to 2023-05-27T01:19:00+00:00, run_after=2023-05-27T01:20:00+00:00
[2023-05-26 22:20:43,957] {processor.py:161} INFO - Processing /home/raf/pipeline-transform/.venv/lib/python3.9/site-packages/airflow/example_dags/example_branch_python_dop_operator_3.py took 0.076 seconds
[2023-05-26 22:21:17,813] {processor.py:153} INFO - Started process (PID=30501) to work on /home/raf/pipeline-transform/.venv/lib/python3.9/site-packages/airflow/example_dags/example_branch_python_dop_operator_3.py
[2023-05-26 22:21:17,825] {processor.py:641} INFO - Processing file /home/raf/pipeline-transform/.venv/lib/python3.9/site-packages/airflow/example_dags/example_branch_python_dop_operator_3.py for tasks to queue
[2023-05-26 22:21:17,826] {logging_mixin.py:115} INFO - [2023-05-26 22:21:17,826] {dagbag.py:507} INFO - Filling up the DagBag from /home/raf/pipeline-transform/.venv/lib/python3.9/site-packages/airflow/example_dags/example_branch_python_dop_operator_3.py
[2023-05-26 22:21:17,835] {processor.py:651} INFO - DAG(s) dict_keys(['example_branch_dop_operator_v3']) retrieved from /home/raf/pipeline-transform/.venv/lib/python3.9/site-packages/airflow/example_dags/example_branch_python_dop_operator_3.py
[2023-05-26 22:21:17,849] {logging_mixin.py:115} INFO - [2023-05-26 22:21:17,849] {dag.py:2379} INFO - Sync 1 DAGs
[2023-05-26 22:21:17,868] {logging_mixin.py:115} INFO - [2023-05-26 22:21:17,867] {dag.py:2927} INFO - Setting next_dagrun for example_branch_dop_operator_v3 to 2023-05-27T01:20:00+00:00, run_after=2023-05-27T01:21:00+00:00
[2023-05-26 22:21:17,887] {processor.py:161} INFO - Processing /home/raf/pipeline-transform/.venv/lib/python3.9/site-packages/airflow/example_dags/example_branch_python_dop_operator_3.py took 0.077 seconds
[2023-05-26 22:21:55,238] {processor.py:153} INFO - Started process (PID=30752) to work on /home/raf/pipeline-transform/.venv/lib/python3.9/site-packages/airflow/example_dags/example_branch_python_dop_operator_3.py
[2023-05-26 22:21:55,239] {processor.py:641} INFO - Processing file /home/raf/pipeline-transform/.venv/lib/python3.9/site-packages/airflow/example_dags/example_branch_python_dop_operator_3.py for tasks to queue
[2023-05-26 22:21:55,240] {logging_mixin.py:115} INFO - [2023-05-26 22:21:55,240] {dagbag.py:507} INFO - Filling up the DagBag from /home/raf/pipeline-transform/.venv/lib/python3.9/site-packages/airflow/example_dags/example_branch_python_dop_operator_3.py
[2023-05-26 22:21:55,249] {processor.py:651} INFO - DAG(s) dict_keys(['example_branch_dop_operator_v3']) retrieved from /home/raf/pipeline-transform/.venv/lib/python3.9/site-packages/airflow/example_dags/example_branch_python_dop_operator_3.py
[2023-05-26 22:21:55,263] {logging_mixin.py:115} INFO - [2023-05-26 22:21:55,263] {dag.py:2379} INFO - Sync 1 DAGs
[2023-05-26 22:21:55,288] {logging_mixin.py:115} INFO - [2023-05-26 22:21:55,288] {dag.py:2927} INFO - Setting next_dagrun for example_branch_dop_operator_v3 to 2023-05-27T01:20:00+00:00, run_after=2023-05-27T01:21:00+00:00
[2023-05-26 22:21:55,342] {processor.py:161} INFO - Processing /home/raf/pipeline-transform/.venv/lib/python3.9/site-packages/airflow/example_dags/example_branch_python_dop_operator_3.py took 0.106 seconds
[2023-05-26 22:22:34,694] {processor.py:153} INFO - Started process (PID=31054) to work on /home/raf/pipeline-transform/.venv/lib/python3.9/site-packages/airflow/example_dags/example_branch_python_dop_operator_3.py
[2023-05-26 22:22:34,713] {processor.py:641} INFO - Processing file /home/raf/pipeline-transform/.venv/lib/python3.9/site-packages/airflow/example_dags/example_branch_python_dop_operator_3.py for tasks to queue
[2023-05-26 22:22:34,713] {logging_mixin.py:115} INFO - [2023-05-26 22:22:34,713] {dagbag.py:507} INFO - Filling up the DagBag from /home/raf/pipeline-transform/.venv/lib/python3.9/site-packages/airflow/example_dags/example_branch_python_dop_operator_3.py
[2023-05-26 22:22:34,721] {processor.py:651} INFO - DAG(s) dict_keys(['example_branch_dop_operator_v3']) retrieved from /home/raf/pipeline-transform/.venv/lib/python3.9/site-packages/airflow/example_dags/example_branch_python_dop_operator_3.py
[2023-05-26 22:22:34,734] {logging_mixin.py:115} INFO - [2023-05-26 22:22:34,734] {dag.py:2379} INFO - Sync 1 DAGs
[2023-05-26 22:22:34,751] {logging_mixin.py:115} INFO - [2023-05-26 22:22:34,751] {dag.py:2927} INFO - Setting next_dagrun for example_branch_dop_operator_v3 to 2023-05-27T01:21:00+00:00, run_after=2023-05-27T01:22:00+00:00
[2023-05-26 22:22:34,770] {processor.py:161} INFO - Processing /home/raf/pipeline-transform/.venv/lib/python3.9/site-packages/airflow/example_dags/example_branch_python_dop_operator_3.py took 0.079 seconds
[2023-05-26 22:23:08,492] {processor.py:153} INFO - Started process (PID=31145) to work on /home/raf/pipeline-transform/.venv/lib/python3.9/site-packages/airflow/example_dags/example_branch_python_dop_operator_3.py
[2023-05-26 22:23:08,496] {processor.py:641} INFO - Processing file /home/raf/pipeline-transform/.venv/lib/python3.9/site-packages/airflow/example_dags/example_branch_python_dop_operator_3.py for tasks to queue
[2023-05-26 22:23:08,497] {logging_mixin.py:115} INFO - [2023-05-26 22:23:08,497] {dagbag.py:507} INFO - Filling up the DagBag from /home/raf/pipeline-transform/.venv/lib/python3.9/site-packages/airflow/example_dags/example_branch_python_dop_operator_3.py
[2023-05-26 22:23:08,505] {processor.py:651} INFO - DAG(s) dict_keys(['example_branch_dop_operator_v3']) retrieved from /home/raf/pipeline-transform/.venv/lib/python3.9/site-packages/airflow/example_dags/example_branch_python_dop_operator_3.py
[2023-05-26 22:23:08,518] {logging_mixin.py:115} INFO - [2023-05-26 22:23:08,518] {dag.py:2379} INFO - Sync 1 DAGs
[2023-05-26 22:23:08,537] {logging_mixin.py:115} INFO - [2023-05-26 22:23:08,536] {dag.py:2927} INFO - Setting next_dagrun for example_branch_dop_operator_v3 to 2023-05-27T01:22:00+00:00, run_after=2023-05-27T01:23:00+00:00
[2023-05-26 22:23:08,555] {processor.py:161} INFO - Processing /home/raf/pipeline-transform/.venv/lib/python3.9/site-packages/airflow/example_dags/example_branch_python_dop_operator_3.py took 0.066 seconds
[2023-05-26 22:23:43,372] {processor.py:153} INFO - Started process (PID=31235) to work on /home/raf/pipeline-transform/.venv/lib/python3.9/site-packages/airflow/example_dags/example_branch_python_dop_operator_3.py
[2023-05-26 22:23:43,394] {processor.py:641} INFO - Processing file /home/raf/pipeline-transform/.venv/lib/python3.9/site-packages/airflow/example_dags/example_branch_python_dop_operator_3.py for tasks to queue
[2023-05-26 22:23:43,394] {logging_mixin.py:115} INFO - [2023-05-26 22:23:43,394] {dagbag.py:507} INFO - Filling up the DagBag from /home/raf/pipeline-transform/.venv/lib/python3.9/site-packages/airflow/example_dags/example_branch_python_dop_operator_3.py
[2023-05-26 22:23:43,403] {processor.py:651} INFO - DAG(s) dict_keys(['example_branch_dop_operator_v3']) retrieved from /home/raf/pipeline-transform/.venv/lib/python3.9/site-packages/airflow/example_dags/example_branch_python_dop_operator_3.py
[2023-05-26 22:23:43,417] {logging_mixin.py:115} INFO - [2023-05-26 22:23:43,417] {dag.py:2379} INFO - Sync 1 DAGs
[2023-05-26 22:23:43,437] {logging_mixin.py:115} INFO - [2023-05-26 22:23:43,437] {dag.py:2927} INFO - Setting next_dagrun for example_branch_dop_operator_v3 to 2023-05-27T01:22:00+00:00, run_after=2023-05-27T01:23:00+00:00
[2023-05-26 22:23:43,456] {processor.py:161} INFO - Processing /home/raf/pipeline-transform/.venv/lib/python3.9/site-packages/airflow/example_dags/example_branch_python_dop_operator_3.py took 0.087 seconds
[2023-05-26 22:24:19,584] {processor.py:153} INFO - Started process (PID=31323) to work on /home/raf/pipeline-transform/.venv/lib/python3.9/site-packages/airflow/example_dags/example_branch_python_dop_operator_3.py
[2023-05-26 22:24:19,585] {processor.py:641} INFO - Processing file /home/raf/pipeline-transform/.venv/lib/python3.9/site-packages/airflow/example_dags/example_branch_python_dop_operator_3.py for tasks to queue
[2023-05-26 22:24:19,587] {logging_mixin.py:115} INFO - [2023-05-26 22:24:19,586] {dagbag.py:507} INFO - Filling up the DagBag from /home/raf/pipeline-transform/.venv/lib/python3.9/site-packages/airflow/example_dags/example_branch_python_dop_operator_3.py
[2023-05-26 22:24:19,602] {processor.py:651} INFO - DAG(s) dict_keys(['example_branch_dop_operator_v3']) retrieved from /home/raf/pipeline-transform/.venv/lib/python3.9/site-packages/airflow/example_dags/example_branch_python_dop_operator_3.py
[2023-05-26 22:24:19,633] {logging_mixin.py:115} INFO - [2023-05-26 22:24:19,632] {dag.py:2379} INFO - Sync 1 DAGs
[2023-05-26 22:24:19,690] {logging_mixin.py:115} INFO - [2023-05-26 22:24:19,690] {dag.py:2927} INFO - Setting next_dagrun for example_branch_dop_operator_v3 to 2023-05-27T01:23:00+00:00, run_after=2023-05-27T01:24:00+00:00
[2023-05-26 22:24:19,750] {processor.py:161} INFO - Processing /home/raf/pipeline-transform/.venv/lib/python3.9/site-packages/airflow/example_dags/example_branch_python_dop_operator_3.py took 0.169 seconds
[2023-05-26 22:24:57,292] {processor.py:153} INFO - Started process (PID=31417) to work on /home/raf/pipeline-transform/.venv/lib/python3.9/site-packages/airflow/example_dags/example_branch_python_dop_operator_3.py
[2023-05-26 22:24:57,316] {processor.py:641} INFO - Processing file /home/raf/pipeline-transform/.venv/lib/python3.9/site-packages/airflow/example_dags/example_branch_python_dop_operator_3.py for tasks to queue
[2023-05-26 22:24:57,317] {logging_mixin.py:115} INFO - [2023-05-26 22:24:57,317] {dagbag.py:507} INFO - Filling up the DagBag from /home/raf/pipeline-transform/.venv/lib/python3.9/site-packages/airflow/example_dags/example_branch_python_dop_operator_3.py
[2023-05-26 22:24:57,324] {processor.py:651} INFO - DAG(s) dict_keys(['example_branch_dop_operator_v3']) retrieved from /home/raf/pipeline-transform/.venv/lib/python3.9/site-packages/airflow/example_dags/example_branch_python_dop_operator_3.py
[2023-05-26 22:24:57,337] {logging_mixin.py:115} INFO - [2023-05-26 22:24:57,337] {dag.py:2379} INFO - Sync 1 DAGs
[2023-05-26 22:24:57,354] {logging_mixin.py:115} INFO - [2023-05-26 22:24:57,354] {dag.py:2927} INFO - Setting next_dagrun for example_branch_dop_operator_v3 to 2023-05-27T01:23:00+00:00, run_after=2023-05-27T01:24:00+00:00
[2023-05-26 22:24:57,373] {processor.py:161} INFO - Processing /home/raf/pipeline-transform/.venv/lib/python3.9/site-packages/airflow/example_dags/example_branch_python_dop_operator_3.py took 0.084 seconds
[2023-05-26 22:25:32,108] {processor.py:153} INFO - Started process (PID=31629) to work on /home/raf/pipeline-transform/.venv/lib/python3.9/site-packages/airflow/example_dags/example_branch_python_dop_operator_3.py
[2023-05-26 22:25:32,278] {processor.py:641} INFO - Processing file /home/raf/pipeline-transform/.venv/lib/python3.9/site-packages/airflow/example_dags/example_branch_python_dop_operator_3.py for tasks to queue
[2023-05-26 22:25:32,278] {logging_mixin.py:115} INFO - [2023-05-26 22:25:32,278] {dagbag.py:507} INFO - Filling up the DagBag from /home/raf/pipeline-transform/.venv/lib/python3.9/site-packages/airflow/example_dags/example_branch_python_dop_operator_3.py
[2023-05-26 22:25:32,286] {processor.py:651} INFO - DAG(s) dict_keys(['example_branch_dop_operator_v3']) retrieved from /home/raf/pipeline-transform/.venv/lib/python3.9/site-packages/airflow/example_dags/example_branch_python_dop_operator_3.py
[2023-05-26 22:25:32,300] {logging_mixin.py:115} INFO - [2023-05-26 22:25:32,300] {dag.py:2379} INFO - Sync 1 DAGs
[2023-05-26 22:25:32,328] {logging_mixin.py:115} INFO - [2023-05-26 22:25:32,328] {dag.py:2927} INFO - Setting next_dagrun for example_branch_dop_operator_v3 to 2023-05-27T01:24:00+00:00, run_after=2023-05-27T01:25:00+00:00
[2023-05-26 22:25:32,509] {processor.py:161} INFO - Processing /home/raf/pipeline-transform/.venv/lib/python3.9/site-packages/airflow/example_dags/example_branch_python_dop_operator_3.py took 0.403 seconds
[2023-05-26 22:26:13,945] {processor.py:153} INFO - Started process (PID=31864) to work on /home/raf/pipeline-transform/.venv/lib/python3.9/site-packages/airflow/example_dags/example_branch_python_dop_operator_3.py
[2023-05-26 22:26:13,963] {processor.py:641} INFO - Processing file /home/raf/pipeline-transform/.venv/lib/python3.9/site-packages/airflow/example_dags/example_branch_python_dop_operator_3.py for tasks to queue
[2023-05-26 22:26:13,963] {logging_mixin.py:115} INFO - [2023-05-26 22:26:13,963] {dagbag.py:507} INFO - Filling up the DagBag from /home/raf/pipeline-transform/.venv/lib/python3.9/site-packages/airflow/example_dags/example_branch_python_dop_operator_3.py
[2023-05-26 22:26:13,975] {processor.py:651} INFO - DAG(s) dict_keys(['example_branch_dop_operator_v3']) retrieved from /home/raf/pipeline-transform/.venv/lib/python3.9/site-packages/airflow/example_dags/example_branch_python_dop_operator_3.py
[2023-05-26 22:26:13,994] {logging_mixin.py:115} INFO - [2023-05-26 22:26:13,994] {dag.py:2379} INFO - Sync 1 DAGs
[2023-05-26 22:26:14,024] {logging_mixin.py:115} INFO - [2023-05-26 22:26:14,024] {dag.py:2927} INFO - Setting next_dagrun for example_branch_dop_operator_v3 to 2023-05-27T01:25:00+00:00, run_after=2023-05-27T01:26:00+00:00
[2023-05-26 22:26:14,052] {processor.py:161} INFO - Processing /home/raf/pipeline-transform/.venv/lib/python3.9/site-packages/airflow/example_dags/example_branch_python_dop_operator_3.py took 0.110 seconds
[2023-05-26 22:26:52,770] {processor.py:153} INFO - Started process (PID=31977) to work on /home/raf/pipeline-transform/.venv/lib/python3.9/site-packages/airflow/example_dags/example_branch_python_dop_operator_3.py
[2023-05-26 22:26:52,787] {processor.py:641} INFO - Processing file /home/raf/pipeline-transform/.venv/lib/python3.9/site-packages/airflow/example_dags/example_branch_python_dop_operator_3.py for tasks to queue
[2023-05-26 22:26:52,787] {logging_mixin.py:115} INFO - [2023-05-26 22:26:52,787] {dagbag.py:507} INFO - Filling up the DagBag from /home/raf/pipeline-transform/.venv/lib/python3.9/site-packages/airflow/example_dags/example_branch_python_dop_operator_3.py
[2023-05-26 22:26:52,797] {processor.py:651} INFO - DAG(s) dict_keys(['example_branch_dop_operator_v3']) retrieved from /home/raf/pipeline-transform/.venv/lib/python3.9/site-packages/airflow/example_dags/example_branch_python_dop_operator_3.py
[2023-05-26 22:26:52,812] {logging_mixin.py:115} INFO - [2023-05-26 22:26:52,812] {dag.py:2379} INFO - Sync 1 DAGs
[2023-05-26 22:26:52,831] {logging_mixin.py:115} INFO - [2023-05-26 22:26:52,831] {dag.py:2927} INFO - Setting next_dagrun for example_branch_dop_operator_v3 to 2023-05-27T01:25:00+00:00, run_after=2023-05-27T01:26:00+00:00
[2023-05-26 22:26:52,851] {processor.py:161} INFO - Processing /home/raf/pipeline-transform/.venv/lib/python3.9/site-packages/airflow/example_dags/example_branch_python_dop_operator_3.py took 0.083 seconds
[2023-05-26 22:27:31,208] {processor.py:153} INFO - Started process (PID=32109) to work on /home/raf/pipeline-transform/.venv/lib/python3.9/site-packages/airflow/example_dags/example_branch_python_dop_operator_3.py
[2023-05-26 22:27:31,226] {processor.py:641} INFO - Processing file /home/raf/pipeline-transform/.venv/lib/python3.9/site-packages/airflow/example_dags/example_branch_python_dop_operator_3.py for tasks to queue
[2023-05-26 22:27:31,227] {logging_mixin.py:115} INFO - [2023-05-26 22:27:31,227] {dagbag.py:507} INFO - Filling up the DagBag from /home/raf/pipeline-transform/.venv/lib/python3.9/site-packages/airflow/example_dags/example_branch_python_dop_operator_3.py
[2023-05-26 22:27:31,235] {processor.py:651} INFO - DAG(s) dict_keys(['example_branch_dop_operator_v3']) retrieved from /home/raf/pipeline-transform/.venv/lib/python3.9/site-packages/airflow/example_dags/example_branch_python_dop_operator_3.py
[2023-05-26 22:27:31,249] {logging_mixin.py:115} INFO - [2023-05-26 22:27:31,249] {dag.py:2379} INFO - Sync 1 DAGs
[2023-05-26 22:27:31,268] {logging_mixin.py:115} INFO - [2023-05-26 22:27:31,267] {dag.py:2927} INFO - Setting next_dagrun for example_branch_dop_operator_v3 to 2023-05-27T01:26:00+00:00, run_after=2023-05-27T01:27:00+00:00
[2023-05-26 22:27:31,290] {processor.py:161} INFO - Processing /home/raf/pipeline-transform/.venv/lib/python3.9/site-packages/airflow/example_dags/example_branch_python_dop_operator_3.py took 0.085 seconds
[2023-05-26 22:28:10,335] {processor.py:153} INFO - Started process (PID=32249) to work on /home/raf/pipeline-transform/.venv/lib/python3.9/site-packages/airflow/example_dags/example_branch_python_dop_operator_3.py
[2023-05-26 22:28:10,356] {processor.py:641} INFO - Processing file /home/raf/pipeline-transform/.venv/lib/python3.9/site-packages/airflow/example_dags/example_branch_python_dop_operator_3.py for tasks to queue
[2023-05-26 22:28:10,357] {logging_mixin.py:115} INFO - [2023-05-26 22:28:10,356] {dagbag.py:507} INFO - Filling up the DagBag from /home/raf/pipeline-transform/.venv/lib/python3.9/site-packages/airflow/example_dags/example_branch_python_dop_operator_3.py
[2023-05-26 22:28:10,365] {processor.py:651} INFO - DAG(s) dict_keys(['example_branch_dop_operator_v3']) retrieved from /home/raf/pipeline-transform/.venv/lib/python3.9/site-packages/airflow/example_dags/example_branch_python_dop_operator_3.py
[2023-05-26 22:28:10,380] {logging_mixin.py:115} INFO - [2023-05-26 22:28:10,380] {dag.py:2379} INFO - Sync 1 DAGs
[2023-05-26 22:28:10,403] {logging_mixin.py:115} INFO - [2023-05-26 22:28:10,403] {dag.py:2927} INFO - Setting next_dagrun for example_branch_dop_operator_v3 to 2023-05-27T01:27:00+00:00, run_after=2023-05-27T01:28:00+00:00
[2023-05-26 22:28:10,428] {processor.py:161} INFO - Processing /home/raf/pipeline-transform/.venv/lib/python3.9/site-packages/airflow/example_dags/example_branch_python_dop_operator_3.py took 0.095 seconds
[2023-05-26 22:28:49,161] {processor.py:153} INFO - Started process (PID=32348) to work on /home/raf/pipeline-transform/.venv/lib/python3.9/site-packages/airflow/example_dags/example_branch_python_dop_operator_3.py
[2023-05-26 22:28:49,183] {processor.py:641} INFO - Processing file /home/raf/pipeline-transform/.venv/lib/python3.9/site-packages/airflow/example_dags/example_branch_python_dop_operator_3.py for tasks to queue
[2023-05-26 22:28:49,185] {logging_mixin.py:115} INFO - [2023-05-26 22:28:49,185] {dagbag.py:507} INFO - Filling up the DagBag from /home/raf/pipeline-transform/.venv/lib/python3.9/site-packages/airflow/example_dags/example_branch_python_dop_operator_3.py
[2023-05-26 22:28:49,201] {processor.py:651} INFO - DAG(s) dict_keys(['example_branch_dop_operator_v3']) retrieved from /home/raf/pipeline-transform/.venv/lib/python3.9/site-packages/airflow/example_dags/example_branch_python_dop_operator_3.py
[2023-05-26 22:28:49,223] {logging_mixin.py:115} INFO - [2023-05-26 22:28:49,223] {dag.py:2379} INFO - Sync 1 DAGs
[2023-05-26 22:28:49,252] {logging_mixin.py:115} INFO - [2023-05-26 22:28:49,249] {dag.py:2927} INFO - Setting next_dagrun for example_branch_dop_operator_v3 to 2023-05-27T01:27:00+00:00, run_after=2023-05-27T01:28:00+00:00
[2023-05-26 22:28:49,313] {processor.py:161} INFO - Processing /home/raf/pipeline-transform/.venv/lib/python3.9/site-packages/airflow/example_dags/example_branch_python_dop_operator_3.py took 0.155 seconds
[2023-05-26 22:29:27,451] {processor.py:153} INFO - Started process (PID=32443) to work on /home/raf/pipeline-transform/.venv/lib/python3.9/site-packages/airflow/example_dags/example_branch_python_dop_operator_3.py
[2023-05-26 22:29:27,475] {processor.py:641} INFO - Processing file /home/raf/pipeline-transform/.venv/lib/python3.9/site-packages/airflow/example_dags/example_branch_python_dop_operator_3.py for tasks to queue
[2023-05-26 22:29:27,475] {logging_mixin.py:115} INFO - [2023-05-26 22:29:27,475] {dagbag.py:507} INFO - Filling up the DagBag from /home/raf/pipeline-transform/.venv/lib/python3.9/site-packages/airflow/example_dags/example_branch_python_dop_operator_3.py
[2023-05-26 22:29:27,483] {processor.py:651} INFO - DAG(s) dict_keys(['example_branch_dop_operator_v3']) retrieved from /home/raf/pipeline-transform/.venv/lib/python3.9/site-packages/airflow/example_dags/example_branch_python_dop_operator_3.py
[2023-05-26 22:29:27,497] {logging_mixin.py:115} INFO - [2023-05-26 22:29:27,497] {dag.py:2379} INFO - Sync 1 DAGs
[2023-05-26 22:29:27,515] {logging_mixin.py:115} INFO - [2023-05-26 22:29:27,515] {dag.py:2927} INFO - Setting next_dagrun for example_branch_dop_operator_v3 to 2023-05-27T01:28:00+00:00, run_after=2023-05-27T01:29:00+00:00
[2023-05-26 22:29:27,536] {processor.py:161} INFO - Processing /home/raf/pipeline-transform/.venv/lib/python3.9/site-packages/airflow/example_dags/example_branch_python_dop_operator_3.py took 0.087 seconds
[2023-05-26 22:30:02,917] {processor.py:153} INFO - Started process (PID=32532) to work on /home/raf/pipeline-transform/.venv/lib/python3.9/site-packages/airflow/example_dags/example_branch_python_dop_operator_3.py
[2023-05-26 22:30:02,942] {processor.py:641} INFO - Processing file /home/raf/pipeline-transform/.venv/lib/python3.9/site-packages/airflow/example_dags/example_branch_python_dop_operator_3.py for tasks to queue
[2023-05-26 22:30:02,942] {logging_mixin.py:115} INFO - [2023-05-26 22:30:02,942] {dagbag.py:507} INFO - Filling up the DagBag from /home/raf/pipeline-transform/.venv/lib/python3.9/site-packages/airflow/example_dags/example_branch_python_dop_operator_3.py
[2023-05-26 22:30:02,953] {processor.py:651} INFO - DAG(s) dict_keys(['example_branch_dop_operator_v3']) retrieved from /home/raf/pipeline-transform/.venv/lib/python3.9/site-packages/airflow/example_dags/example_branch_python_dop_operator_3.py
[2023-05-26 22:30:02,971] {logging_mixin.py:115} INFO - [2023-05-26 22:30:02,971] {dag.py:2379} INFO - Sync 1 DAGs
[2023-05-26 22:30:02,991] {logging_mixin.py:115} INFO - [2023-05-26 22:30:02,991] {dag.py:2927} INFO - Setting next_dagrun for example_branch_dop_operator_v3 to 2023-05-27T01:29:00+00:00, run_after=2023-05-27T01:30:00+00:00
[2023-05-26 22:30:03,014] {processor.py:161} INFO - Processing /home/raf/pipeline-transform/.venv/lib/python3.9/site-packages/airflow/example_dags/example_branch_python_dop_operator_3.py took 0.100 seconds
[2023-05-26 22:30:38,859] {processor.py:153} INFO - Started process (PID=32745) to work on /home/raf/pipeline-transform/.venv/lib/python3.9/site-packages/airflow/example_dags/example_branch_python_dop_operator_3.py
[2023-05-26 22:30:38,862] {processor.py:641} INFO - Processing file /home/raf/pipeline-transform/.venv/lib/python3.9/site-packages/airflow/example_dags/example_branch_python_dop_operator_3.py for tasks to queue
[2023-05-26 22:30:38,862] {logging_mixin.py:115} INFO - [2023-05-26 22:30:38,862] {dagbag.py:507} INFO - Filling up the DagBag from /home/raf/pipeline-transform/.venv/lib/python3.9/site-packages/airflow/example_dags/example_branch_python_dop_operator_3.py
[2023-05-26 22:30:38,872] {processor.py:651} INFO - DAG(s) dict_keys(['example_branch_dop_operator_v3']) retrieved from /home/raf/pipeline-transform/.venv/lib/python3.9/site-packages/airflow/example_dags/example_branch_python_dop_operator_3.py
[2023-05-26 22:30:38,889] {logging_mixin.py:115} INFO - [2023-05-26 22:30:38,889] {dag.py:2379} INFO - Sync 1 DAGs
[2023-05-26 22:30:38,909] {logging_mixin.py:115} INFO - [2023-05-26 22:30:38,909] {dag.py:2927} INFO - Setting next_dagrun for example_branch_dop_operator_v3 to 2023-05-27T01:29:00+00:00, run_after=2023-05-27T01:30:00+00:00
[2023-05-26 22:30:38,928] {processor.py:161} INFO - Processing /home/raf/pipeline-transform/.venv/lib/python3.9/site-packages/airflow/example_dags/example_branch_python_dop_operator_3.py took 0.072 seconds
[2023-05-26 22:31:20,593] {processor.py:153} INFO - Started process (PID=414) to work on /home/raf/pipeline-transform/.venv/lib/python3.9/site-packages/airflow/example_dags/example_branch_python_dop_operator_3.py
[2023-05-26 22:31:20,596] {processor.py:641} INFO - Processing file /home/raf/pipeline-transform/.venv/lib/python3.9/site-packages/airflow/example_dags/example_branch_python_dop_operator_3.py for tasks to queue
[2023-05-26 22:31:20,597] {logging_mixin.py:115} INFO - [2023-05-26 22:31:20,596] {dagbag.py:507} INFO - Filling up the DagBag from /home/raf/pipeline-transform/.venv/lib/python3.9/site-packages/airflow/example_dags/example_branch_python_dop_operator_3.py
[2023-05-26 22:31:20,605] {processor.py:651} INFO - DAG(s) dict_keys(['example_branch_dop_operator_v3']) retrieved from /home/raf/pipeline-transform/.venv/lib/python3.9/site-packages/airflow/example_dags/example_branch_python_dop_operator_3.py
[2023-05-26 22:31:20,619] {logging_mixin.py:115} INFO - [2023-05-26 22:31:20,619] {dag.py:2379} INFO - Sync 1 DAGs
[2023-05-26 22:31:20,643] {logging_mixin.py:115} INFO - [2023-05-26 22:31:20,643] {dag.py:2927} INFO - Setting next_dagrun for example_branch_dop_operator_v3 to 2023-05-27T01:30:00+00:00, run_after=2023-05-27T01:31:00+00:00
[2023-05-26 22:31:20,662] {processor.py:161} INFO - Processing /home/raf/pipeline-transform/.venv/lib/python3.9/site-packages/airflow/example_dags/example_branch_python_dop_operator_3.py took 0.072 seconds
[2023-05-26 22:31:54,639] {processor.py:153} INFO - Started process (PID=498) to work on /home/raf/pipeline-transform/.venv/lib/python3.9/site-packages/airflow/example_dags/example_branch_python_dop_operator_3.py
[2023-05-26 22:31:54,640] {processor.py:641} INFO - Processing file /home/raf/pipeline-transform/.venv/lib/python3.9/site-packages/airflow/example_dags/example_branch_python_dop_operator_3.py for tasks to queue
[2023-05-26 22:31:54,641] {logging_mixin.py:115} INFO - [2023-05-26 22:31:54,641] {dagbag.py:507} INFO - Filling up the DagBag from /home/raf/pipeline-transform/.venv/lib/python3.9/site-packages/airflow/example_dags/example_branch_python_dop_operator_3.py
[2023-05-26 22:31:54,658] {processor.py:651} INFO - DAG(s) dict_keys(['example_branch_dop_operator_v3']) retrieved from /home/raf/pipeline-transform/.venv/lib/python3.9/site-packages/airflow/example_dags/example_branch_python_dop_operator_3.py
[2023-05-26 22:31:54,686] {logging_mixin.py:115} INFO - [2023-05-26 22:31:54,686] {dag.py:2379} INFO - Sync 1 DAGs
[2023-05-26 22:31:54,740] {logging_mixin.py:115} INFO - [2023-05-26 22:31:54,740] {dag.py:2927} INFO - Setting next_dagrun for example_branch_dop_operator_v3 to 2023-05-27T01:30:00+00:00, run_after=2023-05-27T01:31:00+00:00
[2023-05-26 22:31:54,806] {processor.py:161} INFO - Processing /home/raf/pipeline-transform/.venv/lib/python3.9/site-packages/airflow/example_dags/example_branch_python_dop_operator_3.py took 0.172 seconds
