[2023-05-26 22:03:19,115] {processor.py:153} INFO - Started process (PID=25804) to work on /home/raf/pipeline-transform/.venv/lib/python3.9/site-packages/airflow/example_dags/example_xcom.py
[2023-05-26 22:03:19,115] {processor.py:641} INFO - Processing file /home/raf/pipeline-transform/.venv/lib/python3.9/site-packages/airflow/example_dags/example_xcom.py for tasks to queue
[2023-05-26 22:03:19,116] {logging_mixin.py:115} INFO - [2023-05-26 22:03:19,115] {dagbag.py:507} INFO - Filling up the DagBag from /home/raf/pipeline-transform/.venv/lib/python3.9/site-packages/airflow/example_dags/example_xcom.py
[2023-05-26 22:03:19,137] {processor.py:651} INFO - DAG(s) dict_keys(['example_xcom']) retrieved from /home/raf/pipeline-transform/.venv/lib/python3.9/site-packages/airflow/example_dags/example_xcom.py
[2023-05-26 22:03:19,183] {logging_mixin.py:115} INFO - [2023-05-26 22:03:19,183] {dag.py:2379} INFO - Sync 1 DAGs
[2023-05-26 22:03:19,197] {logging_mixin.py:115} INFO - [2023-05-26 22:03:19,197] {dag.py:2927} INFO - Setting next_dagrun for example_xcom to 2021-01-01T00:00:00+00:00, run_after=2021-01-01T00:00:00+00:00
[2023-05-26 22:03:19,254] {processor.py:161} INFO - Processing /home/raf/pipeline-transform/.venv/lib/python3.9/site-packages/airflow/example_dags/example_xcom.py took 0.141 seconds
[2023-05-26 22:03:55,621] {processor.py:153} INFO - Started process (PID=26230) to work on /home/raf/pipeline-transform/.venv/lib/python3.9/site-packages/airflow/example_dags/example_xcom.py
[2023-05-26 22:03:55,627] {processor.py:641} INFO - Processing file /home/raf/pipeline-transform/.venv/lib/python3.9/site-packages/airflow/example_dags/example_xcom.py for tasks to queue
[2023-05-26 22:03:55,627] {logging_mixin.py:115} INFO - [2023-05-26 22:03:55,627] {dagbag.py:507} INFO - Filling up the DagBag from /home/raf/pipeline-transform/.venv/lib/python3.9/site-packages/airflow/example_dags/example_xcom.py
[2023-05-26 22:03:55,642] {processor.py:651} INFO - DAG(s) dict_keys(['example_xcom']) retrieved from /home/raf/pipeline-transform/.venv/lib/python3.9/site-packages/airflow/example_dags/example_xcom.py
[2023-05-26 22:03:55,679] {logging_mixin.py:115} INFO - [2023-05-26 22:03:55,678] {dag.py:2379} INFO - Sync 1 DAGs
[2023-05-26 22:03:55,691] {logging_mixin.py:115} INFO - [2023-05-26 22:03:55,691] {dag.py:2927} INFO - Setting next_dagrun for example_xcom to 2021-01-01T00:00:00+00:00, run_after=2021-01-01T00:00:00+00:00
[2023-05-26 22:03:55,713] {processor.py:161} INFO - Processing /home/raf/pipeline-transform/.venv/lib/python3.9/site-packages/airflow/example_dags/example_xcom.py took 0.095 seconds
[2023-05-26 22:04:29,845] {processor.py:153} INFO - Started process (PID=26316) to work on /home/raf/pipeline-transform/.venv/lib/python3.9/site-packages/airflow/example_dags/example_xcom.py
[2023-05-26 22:04:29,852] {processor.py:641} INFO - Processing file /home/raf/pipeline-transform/.venv/lib/python3.9/site-packages/airflow/example_dags/example_xcom.py for tasks to queue
[2023-05-26 22:04:29,853] {logging_mixin.py:115} INFO - [2023-05-26 22:04:29,853] {dagbag.py:507} INFO - Filling up the DagBag from /home/raf/pipeline-transform/.venv/lib/python3.9/site-packages/airflow/example_dags/example_xcom.py
[2023-05-26 22:04:29,868] {processor.py:651} INFO - DAG(s) dict_keys(['example_xcom']) retrieved from /home/raf/pipeline-transform/.venv/lib/python3.9/site-packages/airflow/example_dags/example_xcom.py
[2023-05-26 22:04:29,881] {logging_mixin.py:115} INFO - [2023-05-26 22:04:29,881] {dag.py:2379} INFO - Sync 1 DAGs
[2023-05-26 22:04:29,898] {logging_mixin.py:115} INFO - [2023-05-26 22:04:29,898] {dag.py:2927} INFO - Setting next_dagrun for example_xcom to 2021-01-01T00:00:00+00:00, run_after=2021-01-01T00:00:00+00:00
[2023-05-26 22:04:29,916] {processor.py:161} INFO - Processing /home/raf/pipeline-transform/.venv/lib/python3.9/site-packages/airflow/example_dags/example_xcom.py took 0.075 seconds
[2023-05-26 22:05:04,033] {processor.py:153} INFO - Started process (PID=26654) to work on /home/raf/pipeline-transform/.venv/lib/python3.9/site-packages/airflow/example_dags/example_xcom.py
[2023-05-26 22:05:04,042] {processor.py:641} INFO - Processing file /home/raf/pipeline-transform/.venv/lib/python3.9/site-packages/airflow/example_dags/example_xcom.py for tasks to queue
[2023-05-26 22:05:04,042] {logging_mixin.py:115} INFO - [2023-05-26 22:05:04,042] {dagbag.py:507} INFO - Filling up the DagBag from /home/raf/pipeline-transform/.venv/lib/python3.9/site-packages/airflow/example_dags/example_xcom.py
[2023-05-26 22:05:04,057] {processor.py:651} INFO - DAG(s) dict_keys(['example_xcom']) retrieved from /home/raf/pipeline-transform/.venv/lib/python3.9/site-packages/airflow/example_dags/example_xcom.py
[2023-05-26 22:05:04,069] {logging_mixin.py:115} INFO - [2023-05-26 22:05:04,069] {dag.py:2379} INFO - Sync 1 DAGs
[2023-05-26 22:05:04,086] {logging_mixin.py:115} INFO - [2023-05-26 22:05:04,086] {dag.py:2927} INFO - Setting next_dagrun for example_xcom to 2021-01-01T00:00:00+00:00, run_after=2021-01-01T00:00:00+00:00
[2023-05-26 22:05:04,105] {processor.py:161} INFO - Processing /home/raf/pipeline-transform/.venv/lib/python3.9/site-packages/airflow/example_dags/example_xcom.py took 0.074 seconds
[2023-05-26 22:05:39,110] {processor.py:153} INFO - Started process (PID=26907) to work on /home/raf/pipeline-transform/.venv/lib/python3.9/site-packages/airflow/example_dags/example_xcom.py
[2023-05-26 22:05:39,120] {processor.py:641} INFO - Processing file /home/raf/pipeline-transform/.venv/lib/python3.9/site-packages/airflow/example_dags/example_xcom.py for tasks to queue
[2023-05-26 22:05:39,121] {logging_mixin.py:115} INFO - [2023-05-26 22:05:39,121] {dagbag.py:507} INFO - Filling up the DagBag from /home/raf/pipeline-transform/.venv/lib/python3.9/site-packages/airflow/example_dags/example_xcom.py
[2023-05-26 22:05:39,138] {processor.py:651} INFO - DAG(s) dict_keys(['example_xcom']) retrieved from /home/raf/pipeline-transform/.venv/lib/python3.9/site-packages/airflow/example_dags/example_xcom.py
[2023-05-26 22:05:39,182] {logging_mixin.py:115} INFO - [2023-05-26 22:05:39,181] {dag.py:2379} INFO - Sync 1 DAGs
[2023-05-26 22:05:39,197] {logging_mixin.py:115} INFO - [2023-05-26 22:05:39,196] {dag.py:2927} INFO - Setting next_dagrun for example_xcom to 2021-01-01T00:00:00+00:00, run_after=2021-01-01T00:00:00+00:00
[2023-05-26 22:05:39,223] {processor.py:161} INFO - Processing /home/raf/pipeline-transform/.venv/lib/python3.9/site-packages/airflow/example_dags/example_xcom.py took 0.115 seconds
[2023-05-26 22:06:11,326] {processor.py:153} INFO - Started process (PID=26994) to work on /home/raf/pipeline-transform/.venv/lib/python3.9/site-packages/airflow/example_dags/example_xcom.py
[2023-05-26 22:06:11,329] {processor.py:641} INFO - Processing file /home/raf/pipeline-transform/.venv/lib/python3.9/site-packages/airflow/example_dags/example_xcom.py for tasks to queue
[2023-05-26 22:06:11,330] {logging_mixin.py:115} INFO - [2023-05-26 22:06:11,330] {dagbag.py:507} INFO - Filling up the DagBag from /home/raf/pipeline-transform/.venv/lib/python3.9/site-packages/airflow/example_dags/example_xcom.py
[2023-05-26 22:06:11,369] {processor.py:651} INFO - DAG(s) dict_keys(['example_xcom']) retrieved from /home/raf/pipeline-transform/.venv/lib/python3.9/site-packages/airflow/example_dags/example_xcom.py
[2023-05-26 22:06:11,412] {logging_mixin.py:115} INFO - [2023-05-26 22:06:11,412] {dag.py:2379} INFO - Sync 1 DAGs
[2023-05-26 22:06:11,451] {logging_mixin.py:115} INFO - [2023-05-26 22:06:11,451] {dag.py:2927} INFO - Setting next_dagrun for example_xcom to 2021-01-01T00:00:00+00:00, run_after=2021-01-01T00:00:00+00:00
[2023-05-26 22:06:11,518] {processor.py:161} INFO - Processing /home/raf/pipeline-transform/.venv/lib/python3.9/site-packages/airflow/example_dags/example_xcom.py took 0.196 seconds
[2023-05-26 22:06:46,080] {processor.py:153} INFO - Started process (PID=27186) to work on /home/raf/pipeline-transform/.venv/lib/python3.9/site-packages/airflow/example_dags/example_xcom.py
[2023-05-26 22:06:46,091] {processor.py:641} INFO - Processing file /home/raf/pipeline-transform/.venv/lib/python3.9/site-packages/airflow/example_dags/example_xcom.py for tasks to queue
[2023-05-26 22:06:46,091] {logging_mixin.py:115} INFO - [2023-05-26 22:06:46,091] {dagbag.py:507} INFO - Filling up the DagBag from /home/raf/pipeline-transform/.venv/lib/python3.9/site-packages/airflow/example_dags/example_xcom.py
[2023-05-26 22:06:46,105] {processor.py:651} INFO - DAG(s) dict_keys(['example_xcom']) retrieved from /home/raf/pipeline-transform/.venv/lib/python3.9/site-packages/airflow/example_dags/example_xcom.py
[2023-05-26 22:06:46,143] {logging_mixin.py:115} INFO - [2023-05-26 22:06:46,143] {dag.py:2379} INFO - Sync 1 DAGs
[2023-05-26 22:06:46,155] {logging_mixin.py:115} INFO - [2023-05-26 22:06:46,155] {dag.py:2927} INFO - Setting next_dagrun for example_xcom to 2021-01-01T00:00:00+00:00, run_after=2021-01-01T00:00:00+00:00
[2023-05-26 22:06:46,176] {processor.py:161} INFO - Processing /home/raf/pipeline-transform/.venv/lib/python3.9/site-packages/airflow/example_dags/example_xcom.py took 0.099 seconds
[2023-05-26 22:07:21,881] {processor.py:153} INFO - Started process (PID=27277) to work on /home/raf/pipeline-transform/.venv/lib/python3.9/site-packages/airflow/example_dags/example_xcom.py
[2023-05-26 22:07:21,894] {processor.py:641} INFO - Processing file /home/raf/pipeline-transform/.venv/lib/python3.9/site-packages/airflow/example_dags/example_xcom.py for tasks to queue
[2023-05-26 22:07:21,895] {logging_mixin.py:115} INFO - [2023-05-26 22:07:21,894] {dagbag.py:507} INFO - Filling up the DagBag from /home/raf/pipeline-transform/.venv/lib/python3.9/site-packages/airflow/example_dags/example_xcom.py
[2023-05-26 22:07:21,914] {processor.py:651} INFO - DAG(s) dict_keys(['example_xcom']) retrieved from /home/raf/pipeline-transform/.venv/lib/python3.9/site-packages/airflow/example_dags/example_xcom.py
[2023-05-26 22:07:21,979] {logging_mixin.py:115} INFO - [2023-05-26 22:07:21,979] {dag.py:2379} INFO - Sync 1 DAGs
[2023-05-26 22:07:21,996] {logging_mixin.py:115} INFO - [2023-05-26 22:07:21,996] {dag.py:2927} INFO - Setting next_dagrun for example_xcom to 2021-01-01T00:00:00+00:00, run_after=2021-01-01T00:00:00+00:00
[2023-05-26 22:07:22,020] {processor.py:161} INFO - Processing /home/raf/pipeline-transform/.venv/lib/python3.9/site-packages/airflow/example_dags/example_xcom.py took 0.141 seconds
[2023-05-26 22:07:54,876] {processor.py:153} INFO - Started process (PID=27359) to work on /home/raf/pipeline-transform/.venv/lib/python3.9/site-packages/airflow/example_dags/example_xcom.py
[2023-05-26 22:07:54,890] {processor.py:641} INFO - Processing file /home/raf/pipeline-transform/.venv/lib/python3.9/site-packages/airflow/example_dags/example_xcom.py for tasks to queue
[2023-05-26 22:07:54,890] {logging_mixin.py:115} INFO - [2023-05-26 22:07:54,890] {dagbag.py:507} INFO - Filling up the DagBag from /home/raf/pipeline-transform/.venv/lib/python3.9/site-packages/airflow/example_dags/example_xcom.py
[2023-05-26 22:07:54,904] {processor.py:651} INFO - DAG(s) dict_keys(['example_xcom']) retrieved from /home/raf/pipeline-transform/.venv/lib/python3.9/site-packages/airflow/example_dags/example_xcom.py
[2023-05-26 22:07:54,917] {logging_mixin.py:115} INFO - [2023-05-26 22:07:54,917] {dag.py:2379} INFO - Sync 1 DAGs
[2023-05-26 22:07:54,933] {logging_mixin.py:115} INFO - [2023-05-26 22:07:54,933] {dag.py:2927} INFO - Setting next_dagrun for example_xcom to 2021-01-01T00:00:00+00:00, run_after=2021-01-01T00:00:00+00:00
[2023-05-26 22:07:54,950] {processor.py:161} INFO - Processing /home/raf/pipeline-transform/.venv/lib/python3.9/site-packages/airflow/example_dags/example_xcom.py took 0.077 seconds
[2023-05-26 22:08:29,058] {processor.py:153} INFO - Started process (PID=27498) to work on /home/raf/pipeline-transform/.venv/lib/python3.9/site-packages/airflow/example_dags/example_xcom.py
[2023-05-26 22:08:29,073] {processor.py:641} INFO - Processing file /home/raf/pipeline-transform/.venv/lib/python3.9/site-packages/airflow/example_dags/example_xcom.py for tasks to queue
[2023-05-26 22:08:29,074] {logging_mixin.py:115} INFO - [2023-05-26 22:08:29,074] {dagbag.py:507} INFO - Filling up the DagBag from /home/raf/pipeline-transform/.venv/lib/python3.9/site-packages/airflow/example_dags/example_xcom.py
[2023-05-26 22:08:29,090] {processor.py:651} INFO - DAG(s) dict_keys(['example_xcom']) retrieved from /home/raf/pipeline-transform/.venv/lib/python3.9/site-packages/airflow/example_dags/example_xcom.py
[2023-05-26 22:08:29,134] {logging_mixin.py:115} INFO - [2023-05-26 22:08:29,133] {dag.py:2379} INFO - Sync 1 DAGs
[2023-05-26 22:08:29,148] {logging_mixin.py:115} INFO - [2023-05-26 22:08:29,148] {dag.py:2927} INFO - Setting next_dagrun for example_xcom to 2021-01-01T00:00:00+00:00, run_after=2021-01-01T00:00:00+00:00
[2023-05-26 22:08:29,171] {processor.py:161} INFO - Processing /home/raf/pipeline-transform/.venv/lib/python3.9/site-packages/airflow/example_dags/example_xcom.py took 0.116 seconds
[2023-05-26 22:09:00,494] {processor.py:153} INFO - Started process (PID=27579) to work on /home/raf/pipeline-transform/.venv/lib/python3.9/site-packages/airflow/example_dags/example_xcom.py
[2023-05-26 22:09:00,495] {processor.py:641} INFO - Processing file /home/raf/pipeline-transform/.venv/lib/python3.9/site-packages/airflow/example_dags/example_xcom.py for tasks to queue
[2023-05-26 22:09:00,495] {logging_mixin.py:115} INFO - [2023-05-26 22:09:00,495] {dagbag.py:507} INFO - Filling up the DagBag from /home/raf/pipeline-transform/.venv/lib/python3.9/site-packages/airflow/example_dags/example_xcom.py
[2023-05-26 22:09:00,512] {processor.py:651} INFO - DAG(s) dict_keys(['example_xcom']) retrieved from /home/raf/pipeline-transform/.venv/lib/python3.9/site-packages/airflow/example_dags/example_xcom.py
[2023-05-26 22:09:00,529] {logging_mixin.py:115} INFO - [2023-05-26 22:09:00,529] {dag.py:2379} INFO - Sync 1 DAGs
[2023-05-26 22:09:00,548] {logging_mixin.py:115} INFO - [2023-05-26 22:09:00,548] {dag.py:2927} INFO - Setting next_dagrun for example_xcom to 2021-01-01T00:00:00+00:00, run_after=2021-01-01T00:00:00+00:00
[2023-05-26 22:09:00,569] {processor.py:161} INFO - Processing /home/raf/pipeline-transform/.venv/lib/python3.9/site-packages/airflow/example_dags/example_xcom.py took 0.076 seconds
[2023-05-26 22:09:32,700] {processor.py:153} INFO - Started process (PID=27760) to work on /home/raf/pipeline-transform/.venv/lib/python3.9/site-packages/airflow/example_dags/example_xcom.py
[2023-05-26 22:09:32,720] {processor.py:641} INFO - Processing file /home/raf/pipeline-transform/.venv/lib/python3.9/site-packages/airflow/example_dags/example_xcom.py for tasks to queue
[2023-05-26 22:09:32,721] {logging_mixin.py:115} INFO - [2023-05-26 22:09:32,721] {dagbag.py:507} INFO - Filling up the DagBag from /home/raf/pipeline-transform/.venv/lib/python3.9/site-packages/airflow/example_dags/example_xcom.py
[2023-05-26 22:09:32,736] {processor.py:651} INFO - DAG(s) dict_keys(['example_xcom']) retrieved from /home/raf/pipeline-transform/.venv/lib/python3.9/site-packages/airflow/example_dags/example_xcom.py
[2023-05-26 22:09:32,750] {logging_mixin.py:115} INFO - [2023-05-26 22:09:32,750] {dag.py:2379} INFO - Sync 1 DAGs
[2023-05-26 22:09:32,766] {logging_mixin.py:115} INFO - [2023-05-26 22:09:32,766] {dag.py:2927} INFO - Setting next_dagrun for example_xcom to 2021-01-01T00:00:00+00:00, run_after=2021-01-01T00:00:00+00:00
[2023-05-26 22:09:32,787] {processor.py:161} INFO - Processing /home/raf/pipeline-transform/.venv/lib/python3.9/site-packages/airflow/example_dags/example_xcom.py took 0.089 seconds
[2023-05-26 22:10:05,253] {processor.py:153} INFO - Started process (PID=27842) to work on /home/raf/pipeline-transform/.venv/lib/python3.9/site-packages/airflow/example_dags/example_xcom.py
[2023-05-26 22:10:05,274] {processor.py:641} INFO - Processing file /home/raf/pipeline-transform/.venv/lib/python3.9/site-packages/airflow/example_dags/example_xcom.py for tasks to queue
[2023-05-26 22:10:05,275] {logging_mixin.py:115} INFO - [2023-05-26 22:10:05,275] {dagbag.py:507} INFO - Filling up the DagBag from /home/raf/pipeline-transform/.venv/lib/python3.9/site-packages/airflow/example_dags/example_xcom.py
[2023-05-26 22:10:05,289] {processor.py:651} INFO - DAG(s) dict_keys(['example_xcom']) retrieved from /home/raf/pipeline-transform/.venv/lib/python3.9/site-packages/airflow/example_dags/example_xcom.py
[2023-05-26 22:10:05,302] {logging_mixin.py:115} INFO - [2023-05-26 22:10:05,302] {dag.py:2379} INFO - Sync 1 DAGs
[2023-05-26 22:10:05,318] {logging_mixin.py:115} INFO - [2023-05-26 22:10:05,317] {dag.py:2927} INFO - Setting next_dagrun for example_xcom to 2021-01-01T00:00:00+00:00, run_after=2021-01-01T00:00:00+00:00
[2023-05-26 22:10:05,336] {processor.py:161} INFO - Processing /home/raf/pipeline-transform/.venv/lib/python3.9/site-packages/airflow/example_dags/example_xcom.py took 0.086 seconds
[2023-05-26 22:10:40,709] {processor.py:153} INFO - Started process (PID=27928) to work on /home/raf/pipeline-transform/.venv/lib/python3.9/site-packages/airflow/example_dags/example_xcom.py
[2023-05-26 22:10:40,731] {processor.py:641} INFO - Processing file /home/raf/pipeline-transform/.venv/lib/python3.9/site-packages/airflow/example_dags/example_xcom.py for tasks to queue
[2023-05-26 22:10:40,731] {logging_mixin.py:115} INFO - [2023-05-26 22:10:40,731] {dagbag.py:507} INFO - Filling up the DagBag from /home/raf/pipeline-transform/.venv/lib/python3.9/site-packages/airflow/example_dags/example_xcom.py
[2023-05-26 22:10:40,747] {processor.py:651} INFO - DAG(s) dict_keys(['example_xcom']) retrieved from /home/raf/pipeline-transform/.venv/lib/python3.9/site-packages/airflow/example_dags/example_xcom.py
[2023-05-26 22:10:40,798] {logging_mixin.py:115} INFO - [2023-05-26 22:10:40,798] {dag.py:2379} INFO - Sync 1 DAGs
[2023-05-26 22:10:40,812] {logging_mixin.py:115} INFO - [2023-05-26 22:10:40,812] {dag.py:2927} INFO - Setting next_dagrun for example_xcom to 2021-01-01T00:00:00+00:00, run_after=2021-01-01T00:00:00+00:00
[2023-05-26 22:10:40,835] {processor.py:161} INFO - Processing /home/raf/pipeline-transform/.venv/lib/python3.9/site-packages/airflow/example_dags/example_xcom.py took 0.128 seconds
[2023-05-26 22:11:14,732] {processor.py:153} INFO - Started process (PID=28014) to work on /home/raf/pipeline-transform/.venv/lib/python3.9/site-packages/airflow/example_dags/example_xcom.py
[2023-05-26 22:11:14,755] {processor.py:641} INFO - Processing file /home/raf/pipeline-transform/.venv/lib/python3.9/site-packages/airflow/example_dags/example_xcom.py for tasks to queue
[2023-05-26 22:11:14,756] {logging_mixin.py:115} INFO - [2023-05-26 22:11:14,756] {dagbag.py:507} INFO - Filling up the DagBag from /home/raf/pipeline-transform/.venv/lib/python3.9/site-packages/airflow/example_dags/example_xcom.py
[2023-05-26 22:11:14,770] {processor.py:651} INFO - DAG(s) dict_keys(['example_xcom']) retrieved from /home/raf/pipeline-transform/.venv/lib/python3.9/site-packages/airflow/example_dags/example_xcom.py
[2023-05-26 22:11:14,809] {logging_mixin.py:115} INFO - [2023-05-26 22:11:14,809] {dag.py:2379} INFO - Sync 1 DAGs
[2023-05-26 22:11:14,823] {logging_mixin.py:115} INFO - [2023-05-26 22:11:14,823] {dag.py:2927} INFO - Setting next_dagrun for example_xcom to 2021-01-01T00:00:00+00:00, run_after=2021-01-01T00:00:00+00:00
[2023-05-26 22:11:14,842] {processor.py:161} INFO - Processing /home/raf/pipeline-transform/.venv/lib/python3.9/site-packages/airflow/example_dags/example_xcom.py took 0.112 seconds
[2023-05-26 22:11:51,619] {processor.py:153} INFO - Started process (PID=28113) to work on /home/raf/pipeline-transform/.venv/lib/python3.9/site-packages/airflow/example_dags/example_xcom.py
[2023-05-26 22:11:51,623] {processor.py:641} INFO - Processing file /home/raf/pipeline-transform/.venv/lib/python3.9/site-packages/airflow/example_dags/example_xcom.py for tasks to queue
[2023-05-26 22:11:51,624] {logging_mixin.py:115} INFO - [2023-05-26 22:11:51,624] {dagbag.py:507} INFO - Filling up the DagBag from /home/raf/pipeline-transform/.venv/lib/python3.9/site-packages/airflow/example_dags/example_xcom.py
[2023-05-26 22:11:51,639] {processor.py:651} INFO - DAG(s) dict_keys(['example_xcom']) retrieved from /home/raf/pipeline-transform/.venv/lib/python3.9/site-packages/airflow/example_dags/example_xcom.py
[2023-05-26 22:11:51,688] {logging_mixin.py:115} INFO - [2023-05-26 22:11:51,687] {dag.py:2379} INFO - Sync 1 DAGs
[2023-05-26 22:11:51,703] {logging_mixin.py:115} INFO - [2023-05-26 22:11:51,703] {dag.py:2927} INFO - Setting next_dagrun for example_xcom to 2021-01-01T00:00:00+00:00, run_after=2021-01-01T00:00:00+00:00
[2023-05-26 22:11:51,725] {processor.py:161} INFO - Processing /home/raf/pipeline-transform/.venv/lib/python3.9/site-packages/airflow/example_dags/example_xcom.py took 0.108 seconds
[2023-05-26 22:12:21,889] {processor.py:153} INFO - Started process (PID=28245) to work on /home/raf/pipeline-transform/.venv/lib/python3.9/site-packages/airflow/example_dags/example_xcom.py
[2023-05-26 22:12:21,890] {processor.py:641} INFO - Processing file /home/raf/pipeline-transform/.venv/lib/python3.9/site-packages/airflow/example_dags/example_xcom.py for tasks to queue
[2023-05-26 22:12:21,891] {logging_mixin.py:115} INFO - [2023-05-26 22:12:21,891] {dagbag.py:507} INFO - Filling up the DagBag from /home/raf/pipeline-transform/.venv/lib/python3.9/site-packages/airflow/example_dags/example_xcom.py
[2023-05-26 22:12:21,934] {processor.py:651} INFO - DAG(s) dict_keys(['example_xcom']) retrieved from /home/raf/pipeline-transform/.venv/lib/python3.9/site-packages/airflow/example_dags/example_xcom.py
[2023-05-26 22:12:21,993] {logging_mixin.py:115} INFO - [2023-05-26 22:12:21,993] {dag.py:2379} INFO - Sync 1 DAGs
[2023-05-26 22:12:22,056] {logging_mixin.py:115} INFO - [2023-05-26 22:12:22,055] {dag.py:2927} INFO - Setting next_dagrun for example_xcom to 2021-01-01T00:00:00+00:00, run_after=2021-01-01T00:00:00+00:00
[2023-05-26 22:12:22,086] {processor.py:161} INFO - Processing /home/raf/pipeline-transform/.venv/lib/python3.9/site-packages/airflow/example_dags/example_xcom.py took 0.201 seconds
[2023-05-26 22:12:53,712] {processor.py:153} INFO - Started process (PID=28427) to work on /home/raf/pipeline-transform/.venv/lib/python3.9/site-packages/airflow/example_dags/example_xcom.py
[2023-05-26 22:12:53,720] {processor.py:641} INFO - Processing file /home/raf/pipeline-transform/.venv/lib/python3.9/site-packages/airflow/example_dags/example_xcom.py for tasks to queue
[2023-05-26 22:12:53,721] {logging_mixin.py:115} INFO - [2023-05-26 22:12:53,721] {dagbag.py:507} INFO - Filling up the DagBag from /home/raf/pipeline-transform/.venv/lib/python3.9/site-packages/airflow/example_dags/example_xcom.py
[2023-05-26 22:12:53,736] {processor.py:651} INFO - DAG(s) dict_keys(['example_xcom']) retrieved from /home/raf/pipeline-transform/.venv/lib/python3.9/site-packages/airflow/example_dags/example_xcom.py
[2023-05-26 22:12:53,749] {logging_mixin.py:115} INFO - [2023-05-26 22:12:53,749] {dag.py:2379} INFO - Sync 1 DAGs
[2023-05-26 22:12:53,765] {logging_mixin.py:115} INFO - [2023-05-26 22:12:53,765] {dag.py:2927} INFO - Setting next_dagrun for example_xcom to 2021-01-01T00:00:00+00:00, run_after=2021-01-01T00:00:00+00:00
[2023-05-26 22:12:53,785] {processor.py:161} INFO - Processing /home/raf/pipeline-transform/.venv/lib/python3.9/site-packages/airflow/example_dags/example_xcom.py took 0.075 seconds
[2023-05-26 22:13:27,457] {processor.py:153} INFO - Started process (PID=28561) to work on /home/raf/pipeline-transform/.venv/lib/python3.9/site-packages/airflow/example_dags/example_xcom.py
[2023-05-26 22:13:27,465] {processor.py:641} INFO - Processing file /home/raf/pipeline-transform/.venv/lib/python3.9/site-packages/airflow/example_dags/example_xcom.py for tasks to queue
[2023-05-26 22:13:27,465] {logging_mixin.py:115} INFO - [2023-05-26 22:13:27,465] {dagbag.py:507} INFO - Filling up the DagBag from /home/raf/pipeline-transform/.venv/lib/python3.9/site-packages/airflow/example_dags/example_xcom.py
[2023-05-26 22:13:27,480] {processor.py:651} INFO - DAG(s) dict_keys(['example_xcom']) retrieved from /home/raf/pipeline-transform/.venv/lib/python3.9/site-packages/airflow/example_dags/example_xcom.py
[2023-05-26 22:13:27,517] {logging_mixin.py:115} INFO - [2023-05-26 22:13:27,517] {dag.py:2379} INFO - Sync 1 DAGs
[2023-05-26 22:13:27,530] {logging_mixin.py:115} INFO - [2023-05-26 22:13:27,530] {dag.py:2927} INFO - Setting next_dagrun for example_xcom to 2021-01-01T00:00:00+00:00, run_after=2021-01-01T00:00:00+00:00
[2023-05-26 22:13:27,551] {processor.py:161} INFO - Processing /home/raf/pipeline-transform/.venv/lib/python3.9/site-packages/airflow/example_dags/example_xcom.py took 0.096 seconds
[2023-05-26 22:14:00,900] {processor.py:153} INFO - Started process (PID=28646) to work on /home/raf/pipeline-transform/.venv/lib/python3.9/site-packages/airflow/example_dags/example_xcom.py
[2023-05-26 22:14:00,918] {processor.py:641} INFO - Processing file /home/raf/pipeline-transform/.venv/lib/python3.9/site-packages/airflow/example_dags/example_xcom.py for tasks to queue
[2023-05-26 22:14:00,919] {logging_mixin.py:115} INFO - [2023-05-26 22:14:00,919] {dagbag.py:507} INFO - Filling up the DagBag from /home/raf/pipeline-transform/.venv/lib/python3.9/site-packages/airflow/example_dags/example_xcom.py
[2023-05-26 22:14:00,935] {processor.py:651} INFO - DAG(s) dict_keys(['example_xcom']) retrieved from /home/raf/pipeline-transform/.venv/lib/python3.9/site-packages/airflow/example_dags/example_xcom.py
[2023-05-26 22:14:00,949] {logging_mixin.py:115} INFO - [2023-05-26 22:14:00,949] {dag.py:2379} INFO - Sync 1 DAGs
[2023-05-26 22:14:00,966] {logging_mixin.py:115} INFO - [2023-05-26 22:14:00,966] {dag.py:2927} INFO - Setting next_dagrun for example_xcom to 2021-01-01T00:00:00+00:00, run_after=2021-01-01T00:00:00+00:00
[2023-05-26 22:14:00,986] {processor.py:161} INFO - Processing /home/raf/pipeline-transform/.venv/lib/python3.9/site-packages/airflow/example_dags/example_xcom.py took 0.090 seconds
[2023-05-26 22:14:32,470] {processor.py:153} INFO - Started process (PID=28726) to work on /home/raf/pipeline-transform/.venv/lib/python3.9/site-packages/airflow/example_dags/example_xcom.py
[2023-05-26 22:14:32,471] {processor.py:641} INFO - Processing file /home/raf/pipeline-transform/.venv/lib/python3.9/site-packages/airflow/example_dags/example_xcom.py for tasks to queue
[2023-05-26 22:14:32,471] {logging_mixin.py:115} INFO - [2023-05-26 22:14:32,471] {dagbag.py:507} INFO - Filling up the DagBag from /home/raf/pipeline-transform/.venv/lib/python3.9/site-packages/airflow/example_dags/example_xcom.py
[2023-05-26 22:14:32,488] {processor.py:651} INFO - DAG(s) dict_keys(['example_xcom']) retrieved from /home/raf/pipeline-transform/.venv/lib/python3.9/site-packages/airflow/example_dags/example_xcom.py
[2023-05-26 22:14:32,503] {logging_mixin.py:115} INFO - [2023-05-26 22:14:32,503] {dag.py:2379} INFO - Sync 1 DAGs
[2023-05-26 22:14:32,521] {logging_mixin.py:115} INFO - [2023-05-26 22:14:32,520] {dag.py:2927} INFO - Setting next_dagrun for example_xcom to 2021-01-01T00:00:00+00:00, run_after=2021-01-01T00:00:00+00:00
[2023-05-26 22:14:32,551] {processor.py:161} INFO - Processing /home/raf/pipeline-transform/.venv/lib/python3.9/site-packages/airflow/example_dags/example_xcom.py took 0.083 seconds
[2023-05-26 22:15:02,835] {processor.py:153} INFO - Started process (PID=28799) to work on /home/raf/pipeline-transform/.venv/lib/python3.9/site-packages/airflow/example_dags/example_xcom.py
[2023-05-26 22:15:02,856] {processor.py:641} INFO - Processing file /home/raf/pipeline-transform/.venv/lib/python3.9/site-packages/airflow/example_dags/example_xcom.py for tasks to queue
[2023-05-26 22:15:02,857] {logging_mixin.py:115} INFO - [2023-05-26 22:15:02,857] {dagbag.py:507} INFO - Filling up the DagBag from /home/raf/pipeline-transform/.venv/lib/python3.9/site-packages/airflow/example_dags/example_xcom.py
[2023-05-26 22:15:02,874] {processor.py:651} INFO - DAG(s) dict_keys(['example_xcom']) retrieved from /home/raf/pipeline-transform/.venv/lib/python3.9/site-packages/airflow/example_dags/example_xcom.py
[2023-05-26 22:15:02,894] {logging_mixin.py:115} INFO - [2023-05-26 22:15:02,894] {dag.py:2379} INFO - Sync 1 DAGs
[2023-05-26 22:15:02,927] {logging_mixin.py:115} INFO - [2023-05-26 22:15:02,927] {dag.py:2927} INFO - Setting next_dagrun for example_xcom to 2021-01-01T00:00:00+00:00, run_after=2021-01-01T00:00:00+00:00
[2023-05-26 22:15:02,955] {processor.py:161} INFO - Processing /home/raf/pipeline-transform/.venv/lib/python3.9/site-packages/airflow/example_dags/example_xcom.py took 0.123 seconds
[2023-05-26 22:15:34,577] {processor.py:153} INFO - Started process (PID=28879) to work on /home/raf/pipeline-transform/.venv/lib/python3.9/site-packages/airflow/example_dags/example_xcom.py
[2023-05-26 22:15:34,577] {processor.py:641} INFO - Processing file /home/raf/pipeline-transform/.venv/lib/python3.9/site-packages/airflow/example_dags/example_xcom.py for tasks to queue
[2023-05-26 22:15:34,578] {logging_mixin.py:115} INFO - [2023-05-26 22:15:34,578] {dagbag.py:507} INFO - Filling up the DagBag from /home/raf/pipeline-transform/.venv/lib/python3.9/site-packages/airflow/example_dags/example_xcom.py
[2023-05-26 22:15:34,592] {processor.py:651} INFO - DAG(s) dict_keys(['example_xcom']) retrieved from /home/raf/pipeline-transform/.venv/lib/python3.9/site-packages/airflow/example_dags/example_xcom.py
[2023-05-26 22:15:34,606] {logging_mixin.py:115} INFO - [2023-05-26 22:15:34,605] {dag.py:2379} INFO - Sync 1 DAGs
[2023-05-26 22:15:34,622] {logging_mixin.py:115} INFO - [2023-05-26 22:15:34,621] {dag.py:2927} INFO - Setting next_dagrun for example_xcom to 2021-01-01T00:00:00+00:00, run_after=2021-01-01T00:00:00+00:00
[2023-05-26 22:15:34,651] {processor.py:161} INFO - Processing /home/raf/pipeline-transform/.venv/lib/python3.9/site-packages/airflow/example_dags/example_xcom.py took 0.077 seconds
[2023-05-26 22:16:06,338] {processor.py:153} INFO - Started process (PID=28956) to work on /home/raf/pipeline-transform/.venv/lib/python3.9/site-packages/airflow/example_dags/example_xcom.py
[2023-05-26 22:16:06,362] {processor.py:641} INFO - Processing file /home/raf/pipeline-transform/.venv/lib/python3.9/site-packages/airflow/example_dags/example_xcom.py for tasks to queue
[2023-05-26 22:16:06,363] {logging_mixin.py:115} INFO - [2023-05-26 22:16:06,363] {dagbag.py:507} INFO - Filling up the DagBag from /home/raf/pipeline-transform/.venv/lib/python3.9/site-packages/airflow/example_dags/example_xcom.py
[2023-05-26 22:16:06,377] {processor.py:651} INFO - DAG(s) dict_keys(['example_xcom']) retrieved from /home/raf/pipeline-transform/.venv/lib/python3.9/site-packages/airflow/example_dags/example_xcom.py
[2023-05-26 22:16:06,390] {logging_mixin.py:115} INFO - [2023-05-26 22:16:06,390] {dag.py:2379} INFO - Sync 1 DAGs
[2023-05-26 22:16:06,406] {logging_mixin.py:115} INFO - [2023-05-26 22:16:06,406] {dag.py:2927} INFO - Setting next_dagrun for example_xcom to 2021-01-01T00:00:00+00:00, run_after=2021-01-01T00:00:00+00:00
[2023-05-26 22:16:06,425] {processor.py:161} INFO - Processing /home/raf/pipeline-transform/.venv/lib/python3.9/site-packages/airflow/example_dags/example_xcom.py took 0.089 seconds
[2023-05-26 22:16:39,713] {processor.py:153} INFO - Started process (PID=29039) to work on /home/raf/pipeline-transform/.venv/lib/python3.9/site-packages/airflow/example_dags/example_xcom.py
[2023-05-26 22:16:39,737] {processor.py:641} INFO - Processing file /home/raf/pipeline-transform/.venv/lib/python3.9/site-packages/airflow/example_dags/example_xcom.py for tasks to queue
[2023-05-26 22:16:39,738] {logging_mixin.py:115} INFO - [2023-05-26 22:16:39,738] {dagbag.py:507} INFO - Filling up the DagBag from /home/raf/pipeline-transform/.venv/lib/python3.9/site-packages/airflow/example_dags/example_xcom.py
[2023-05-26 22:16:39,760] {processor.py:651} INFO - DAG(s) dict_keys(['example_xcom']) retrieved from /home/raf/pipeline-transform/.venv/lib/python3.9/site-packages/airflow/example_dags/example_xcom.py
[2023-05-26 22:16:39,781] {logging_mixin.py:115} INFO - [2023-05-26 22:16:39,781] {dag.py:2379} INFO - Sync 1 DAGs
[2023-05-26 22:16:39,802] {logging_mixin.py:115} INFO - [2023-05-26 22:16:39,802] {dag.py:2927} INFO - Setting next_dagrun for example_xcom to 2021-01-01T00:00:00+00:00, run_after=2021-01-01T00:00:00+00:00
[2023-05-26 22:16:39,822] {processor.py:161} INFO - Processing /home/raf/pipeline-transform/.venv/lib/python3.9/site-packages/airflow/example_dags/example_xcom.py took 0.112 seconds
[2023-05-26 22:17:12,956] {processor.py:153} INFO - Started process (PID=29123) to work on /home/raf/pipeline-transform/.venv/lib/python3.9/site-packages/airflow/example_dags/example_xcom.py
[2023-05-26 22:17:12,959] {processor.py:641} INFO - Processing file /home/raf/pipeline-transform/.venv/lib/python3.9/site-packages/airflow/example_dags/example_xcom.py for tasks to queue
[2023-05-26 22:17:12,959] {logging_mixin.py:115} INFO - [2023-05-26 22:17:12,959] {dagbag.py:507} INFO - Filling up the DagBag from /home/raf/pipeline-transform/.venv/lib/python3.9/site-packages/airflow/example_dags/example_xcom.py
[2023-05-26 22:17:12,974] {processor.py:651} INFO - DAG(s) dict_keys(['example_xcom']) retrieved from /home/raf/pipeline-transform/.venv/lib/python3.9/site-packages/airflow/example_dags/example_xcom.py
[2023-05-26 22:17:13,013] {logging_mixin.py:115} INFO - [2023-05-26 22:17:13,012] {dag.py:2379} INFO - Sync 1 DAGs
[2023-05-26 22:17:13,026] {logging_mixin.py:115} INFO - [2023-05-26 22:17:13,025] {dag.py:2927} INFO - Setting next_dagrun for example_xcom to 2021-01-01T00:00:00+00:00, run_after=2021-01-01T00:00:00+00:00
[2023-05-26 22:17:13,049] {processor.py:161} INFO - Processing /home/raf/pipeline-transform/.venv/lib/python3.9/site-packages/airflow/example_dags/example_xcom.py took 0.095 seconds
[2023-05-26 22:17:44,037] {processor.py:153} INFO - Started process (PID=29199) to work on /home/raf/pipeline-transform/.venv/lib/python3.9/site-packages/airflow/example_dags/example_xcom.py
[2023-05-26 22:17:44,038] {processor.py:641} INFO - Processing file /home/raf/pipeline-transform/.venv/lib/python3.9/site-packages/airflow/example_dags/example_xcom.py for tasks to queue
[2023-05-26 22:17:44,038] {logging_mixin.py:115} INFO - [2023-05-26 22:17:44,038] {dagbag.py:507} INFO - Filling up the DagBag from /home/raf/pipeline-transform/.venv/lib/python3.9/site-packages/airflow/example_dags/example_xcom.py
[2023-05-26 22:17:44,054] {processor.py:651} INFO - DAG(s) dict_keys(['example_xcom']) retrieved from /home/raf/pipeline-transform/.venv/lib/python3.9/site-packages/airflow/example_dags/example_xcom.py
[2023-05-26 22:17:44,096] {logging_mixin.py:115} INFO - [2023-05-26 22:17:44,096] {dag.py:2379} INFO - Sync 1 DAGs
[2023-05-26 22:17:44,109] {logging_mixin.py:115} INFO - [2023-05-26 22:17:44,109] {dag.py:2927} INFO - Setting next_dagrun for example_xcom to 2021-01-01T00:00:00+00:00, run_after=2021-01-01T00:00:00+00:00
[2023-05-26 22:17:44,135] {processor.py:161} INFO - Processing /home/raf/pipeline-transform/.venv/lib/python3.9/site-packages/airflow/example_dags/example_xcom.py took 0.100 seconds
[2023-05-26 22:18:15,154] {processor.py:153} INFO - Started process (PID=29275) to work on /home/raf/pipeline-transform/.venv/lib/python3.9/site-packages/airflow/example_dags/example_xcom.py
[2023-05-26 22:18:15,162] {processor.py:641} INFO - Processing file /home/raf/pipeline-transform/.venv/lib/python3.9/site-packages/airflow/example_dags/example_xcom.py for tasks to queue
[2023-05-26 22:18:15,163] {logging_mixin.py:115} INFO - [2023-05-26 22:18:15,162] {dagbag.py:507} INFO - Filling up the DagBag from /home/raf/pipeline-transform/.venv/lib/python3.9/site-packages/airflow/example_dags/example_xcom.py
[2023-05-26 22:18:15,177] {processor.py:651} INFO - DAG(s) dict_keys(['example_xcom']) retrieved from /home/raf/pipeline-transform/.venv/lib/python3.9/site-packages/airflow/example_dags/example_xcom.py
[2023-05-26 22:18:15,215] {logging_mixin.py:115} INFO - [2023-05-26 22:18:15,215] {dag.py:2379} INFO - Sync 1 DAGs
[2023-05-26 22:18:15,227] {logging_mixin.py:115} INFO - [2023-05-26 22:18:15,227] {dag.py:2927} INFO - Setting next_dagrun for example_xcom to 2021-01-01T00:00:00+00:00, run_after=2021-01-01T00:00:00+00:00
[2023-05-26 22:18:15,249] {processor.py:161} INFO - Processing /home/raf/pipeline-transform/.venv/lib/python3.9/site-packages/airflow/example_dags/example_xcom.py took 0.097 seconds
[2023-05-26 22:18:47,258] {processor.py:153} INFO - Started process (PID=29403) to work on /home/raf/pipeline-transform/.venv/lib/python3.9/site-packages/airflow/example_dags/example_xcom.py
[2023-05-26 22:18:47,259] {processor.py:641} INFO - Processing file /home/raf/pipeline-transform/.venv/lib/python3.9/site-packages/airflow/example_dags/example_xcom.py for tasks to queue
[2023-05-26 22:18:47,260] {logging_mixin.py:115} INFO - [2023-05-26 22:18:47,260] {dagbag.py:507} INFO - Filling up the DagBag from /home/raf/pipeline-transform/.venv/lib/python3.9/site-packages/airflow/example_dags/example_xcom.py
[2023-05-26 22:18:47,290] {processor.py:651} INFO - DAG(s) dict_keys(['example_xcom']) retrieved from /home/raf/pipeline-transform/.venv/lib/python3.9/site-packages/airflow/example_dags/example_xcom.py
[2023-05-26 22:18:47,367] {logging_mixin.py:115} INFO - [2023-05-26 22:18:47,367] {dag.py:2379} INFO - Sync 1 DAGs
[2023-05-26 22:18:47,394] {logging_mixin.py:115} INFO - [2023-05-26 22:18:47,394] {dag.py:2927} INFO - Setting next_dagrun for example_xcom to 2021-01-01T00:00:00+00:00, run_after=2021-01-01T00:00:00+00:00
[2023-05-26 22:18:47,439] {processor.py:161} INFO - Processing /home/raf/pipeline-transform/.venv/lib/python3.9/site-packages/airflow/example_dags/example_xcom.py took 0.184 seconds
[2023-05-26 22:19:19,573] {processor.py:153} INFO - Started process (PID=29598) to work on /home/raf/pipeline-transform/.venv/lib/python3.9/site-packages/airflow/example_dags/example_xcom.py
[2023-05-26 22:19:19,582] {processor.py:641} INFO - Processing file /home/raf/pipeline-transform/.venv/lib/python3.9/site-packages/airflow/example_dags/example_xcom.py for tasks to queue
[2023-05-26 22:19:19,582] {logging_mixin.py:115} INFO - [2023-05-26 22:19:19,582] {dagbag.py:507} INFO - Filling up the DagBag from /home/raf/pipeline-transform/.venv/lib/python3.9/site-packages/airflow/example_dags/example_xcom.py
[2023-05-26 22:19:19,597] {processor.py:651} INFO - DAG(s) dict_keys(['example_xcom']) retrieved from /home/raf/pipeline-transform/.venv/lib/python3.9/site-packages/airflow/example_dags/example_xcom.py
[2023-05-26 22:19:19,640] {logging_mixin.py:115} INFO - [2023-05-26 22:19:19,640] {dag.py:2379} INFO - Sync 1 DAGs
[2023-05-26 22:19:19,654] {logging_mixin.py:115} INFO - [2023-05-26 22:19:19,653] {dag.py:2927} INFO - Setting next_dagrun for example_xcom to 2021-01-01T00:00:00+00:00, run_after=2021-01-01T00:00:00+00:00
[2023-05-26 22:19:19,677] {processor.py:161} INFO - Processing /home/raf/pipeline-transform/.venv/lib/python3.9/site-packages/airflow/example_dags/example_xcom.py took 0.107 seconds
[2023-05-26 22:19:54,197] {processor.py:153} INFO - Started process (PID=29735) to work on /home/raf/pipeline-transform/.venv/lib/python3.9/site-packages/airflow/example_dags/example_xcom.py
[2023-05-26 22:19:54,211] {processor.py:641} INFO - Processing file /home/raf/pipeline-transform/.venv/lib/python3.9/site-packages/airflow/example_dags/example_xcom.py for tasks to queue
[2023-05-26 22:19:54,212] {logging_mixin.py:115} INFO - [2023-05-26 22:19:54,211] {dagbag.py:507} INFO - Filling up the DagBag from /home/raf/pipeline-transform/.venv/lib/python3.9/site-packages/airflow/example_dags/example_xcom.py
[2023-05-26 22:19:54,246] {processor.py:651} INFO - DAG(s) dict_keys(['example_xcom']) retrieved from /home/raf/pipeline-transform/.venv/lib/python3.9/site-packages/airflow/example_dags/example_xcom.py
[2023-05-26 22:19:54,268] {logging_mixin.py:115} INFO - [2023-05-26 22:19:54,267] {dag.py:2379} INFO - Sync 1 DAGs
[2023-05-26 22:19:54,292] {logging_mixin.py:115} INFO - [2023-05-26 22:19:54,292] {dag.py:2927} INFO - Setting next_dagrun for example_xcom to 2021-01-01T00:00:00+00:00, run_after=2021-01-01T00:00:00+00:00
[2023-05-26 22:19:54,349] {processor.py:161} INFO - Processing /home/raf/pipeline-transform/.venv/lib/python3.9/site-packages/airflow/example_dags/example_xcom.py took 0.155 seconds
[2023-05-26 22:20:20,834] {processor.py:153} INFO - Started process (PID=30049) to work on /home/raf/pipeline-transform/.venv/lib/python3.9/site-packages/airflow/example_dags/example_xcom.py
[2023-05-26 22:20:20,834] {processor.py:641} INFO - Processing file /home/raf/pipeline-transform/.venv/lib/python3.9/site-packages/airflow/example_dags/example_xcom.py for tasks to queue
[2023-05-26 22:20:20,835] {logging_mixin.py:115} INFO - [2023-05-26 22:20:20,835] {dagbag.py:507} INFO - Filling up the DagBag from /home/raf/pipeline-transform/.venv/lib/python3.9/site-packages/airflow/example_dags/example_xcom.py
[2023-05-26 22:20:20,852] {processor.py:651} INFO - DAG(s) dict_keys(['example_xcom']) retrieved from /home/raf/pipeline-transform/.venv/lib/python3.9/site-packages/airflow/example_dags/example_xcom.py
[2023-05-26 22:20:20,910] {logging_mixin.py:115} INFO - [2023-05-26 22:20:20,910] {dag.py:2379} INFO - Sync 1 DAGs
[2023-05-26 22:20:20,932] {logging_mixin.py:115} INFO - [2023-05-26 22:20:20,932] {dag.py:2927} INFO - Setting next_dagrun for example_xcom to 2021-01-01T00:00:00+00:00, run_after=2021-01-01T00:00:00+00:00
[2023-05-26 22:20:20,970] {processor.py:161} INFO - Processing /home/raf/pipeline-transform/.venv/lib/python3.9/site-packages/airflow/example_dags/example_xcom.py took 0.139 seconds
[2023-05-26 22:20:56,889] {processor.py:153} INFO - Started process (PID=30294) to work on /home/raf/pipeline-transform/.venv/lib/python3.9/site-packages/airflow/example_dags/example_xcom.py
[2023-05-26 22:20:56,901] {processor.py:641} INFO - Processing file /home/raf/pipeline-transform/.venv/lib/python3.9/site-packages/airflow/example_dags/example_xcom.py for tasks to queue
[2023-05-26 22:20:56,902] {logging_mixin.py:115} INFO - [2023-05-26 22:20:56,902] {dagbag.py:507} INFO - Filling up the DagBag from /home/raf/pipeline-transform/.venv/lib/python3.9/site-packages/airflow/example_dags/example_xcom.py
[2023-05-26 22:20:56,921] {processor.py:651} INFO - DAG(s) dict_keys(['example_xcom']) retrieved from /home/raf/pipeline-transform/.venv/lib/python3.9/site-packages/airflow/example_dags/example_xcom.py
[2023-05-26 22:20:56,963] {logging_mixin.py:115} INFO - [2023-05-26 22:20:56,963] {dag.py:2379} INFO - Sync 1 DAGs
[2023-05-26 22:20:56,987] {logging_mixin.py:115} INFO - [2023-05-26 22:20:56,986] {dag.py:2927} INFO - Setting next_dagrun for example_xcom to 2021-01-01T00:00:00+00:00, run_after=2021-01-01T00:00:00+00:00
[2023-05-26 22:20:57,014] {processor.py:161} INFO - Processing /home/raf/pipeline-transform/.venv/lib/python3.9/site-packages/airflow/example_dags/example_xcom.py took 0.127 seconds
[2023-05-26 22:21:31,572] {processor.py:153} INFO - Started process (PID=30591) to work on /home/raf/pipeline-transform/.venv/lib/python3.9/site-packages/airflow/example_dags/example_xcom.py
[2023-05-26 22:21:31,578] {processor.py:641} INFO - Processing file /home/raf/pipeline-transform/.venv/lib/python3.9/site-packages/airflow/example_dags/example_xcom.py for tasks to queue
[2023-05-26 22:21:31,579] {logging_mixin.py:115} INFO - [2023-05-26 22:21:31,579] {dagbag.py:507} INFO - Filling up the DagBag from /home/raf/pipeline-transform/.venv/lib/python3.9/site-packages/airflow/example_dags/example_xcom.py
[2023-05-26 22:21:31,609] {processor.py:651} INFO - DAG(s) dict_keys(['example_xcom']) retrieved from /home/raf/pipeline-transform/.venv/lib/python3.9/site-packages/airflow/example_dags/example_xcom.py
[2023-05-26 22:21:31,641] {logging_mixin.py:115} INFO - [2023-05-26 22:21:31,641] {dag.py:2379} INFO - Sync 1 DAGs
[2023-05-26 22:21:31,667] {logging_mixin.py:115} INFO - [2023-05-26 22:21:31,667] {dag.py:2927} INFO - Setting next_dagrun for example_xcom to 2021-01-01T00:00:00+00:00, run_after=2021-01-01T00:00:00+00:00
[2023-05-26 22:21:31,715] {processor.py:161} INFO - Processing /home/raf/pipeline-transform/.venv/lib/python3.9/site-packages/airflow/example_dags/example_xcom.py took 0.146 seconds
[2023-05-26 22:22:09,454] {processor.py:153} INFO - Started process (PID=30941) to work on /home/raf/pipeline-transform/.venv/lib/python3.9/site-packages/airflow/example_dags/example_xcom.py
[2023-05-26 22:22:09,472] {processor.py:641} INFO - Processing file /home/raf/pipeline-transform/.venv/lib/python3.9/site-packages/airflow/example_dags/example_xcom.py for tasks to queue
[2023-05-26 22:22:09,472] {logging_mixin.py:115} INFO - [2023-05-26 22:22:09,472] {dagbag.py:507} INFO - Filling up the DagBag from /home/raf/pipeline-transform/.venv/lib/python3.9/site-packages/airflow/example_dags/example_xcom.py
[2023-05-26 22:22:09,492] {processor.py:651} INFO - DAG(s) dict_keys(['example_xcom']) retrieved from /home/raf/pipeline-transform/.venv/lib/python3.9/site-packages/airflow/example_dags/example_xcom.py
[2023-05-26 22:22:09,613] {logging_mixin.py:115} INFO - [2023-05-26 22:22:09,613] {dag.py:2379} INFO - Sync 1 DAGs
[2023-05-26 22:22:09,640] {logging_mixin.py:115} INFO - [2023-05-26 22:22:09,639] {dag.py:2927} INFO - Setting next_dagrun for example_xcom to 2021-01-01T00:00:00+00:00, run_after=2021-01-01T00:00:00+00:00
[2023-05-26 22:22:09,669] {processor.py:161} INFO - Processing /home/raf/pipeline-transform/.venv/lib/python3.9/site-packages/airflow/example_dags/example_xcom.py took 0.217 seconds
[2023-05-26 22:22:45,056] {processor.py:153} INFO - Started process (PID=31080) to work on /home/raf/pipeline-transform/.venv/lib/python3.9/site-packages/airflow/example_dags/example_xcom.py
[2023-05-26 22:22:45,075] {processor.py:641} INFO - Processing file /home/raf/pipeline-transform/.venv/lib/python3.9/site-packages/airflow/example_dags/example_xcom.py for tasks to queue
[2023-05-26 22:22:45,076] {logging_mixin.py:115} INFO - [2023-05-26 22:22:45,076] {dagbag.py:507} INFO - Filling up the DagBag from /home/raf/pipeline-transform/.venv/lib/python3.9/site-packages/airflow/example_dags/example_xcom.py
[2023-05-26 22:22:45,091] {processor.py:651} INFO - DAG(s) dict_keys(['example_xcom']) retrieved from /home/raf/pipeline-transform/.venv/lib/python3.9/site-packages/airflow/example_dags/example_xcom.py
[2023-05-26 22:22:45,131] {logging_mixin.py:115} INFO - [2023-05-26 22:22:45,131] {dag.py:2379} INFO - Sync 1 DAGs
[2023-05-26 22:22:45,145] {logging_mixin.py:115} INFO - [2023-05-26 22:22:45,145] {dag.py:2927} INFO - Setting next_dagrun for example_xcom to 2021-01-01T00:00:00+00:00, run_after=2021-01-01T00:00:00+00:00
[2023-05-26 22:22:45,166] {processor.py:161} INFO - Processing /home/raf/pipeline-transform/.venv/lib/python3.9/site-packages/airflow/example_dags/example_xcom.py took 0.112 seconds
[2023-05-26 22:23:15,945] {processor.py:153} INFO - Started process (PID=31161) to work on /home/raf/pipeline-transform/.venv/lib/python3.9/site-packages/airflow/example_dags/example_xcom.py
[2023-05-26 22:23:15,966] {processor.py:641} INFO - Processing file /home/raf/pipeline-transform/.venv/lib/python3.9/site-packages/airflow/example_dags/example_xcom.py for tasks to queue
[2023-05-26 22:23:15,966] {logging_mixin.py:115} INFO - [2023-05-26 22:23:15,966] {dagbag.py:507} INFO - Filling up the DagBag from /home/raf/pipeline-transform/.venv/lib/python3.9/site-packages/airflow/example_dags/example_xcom.py
[2023-05-26 22:23:15,981] {processor.py:651} INFO - DAG(s) dict_keys(['example_xcom']) retrieved from /home/raf/pipeline-transform/.venv/lib/python3.9/site-packages/airflow/example_dags/example_xcom.py
[2023-05-26 22:23:16,019] {logging_mixin.py:115} INFO - [2023-05-26 22:23:16,019] {dag.py:2379} INFO - Sync 1 DAGs
[2023-05-26 22:23:16,032] {logging_mixin.py:115} INFO - [2023-05-26 22:23:16,032] {dag.py:2927} INFO - Setting next_dagrun for example_xcom to 2021-01-01T00:00:00+00:00, run_after=2021-01-01T00:00:00+00:00
[2023-05-26 22:23:16,056] {processor.py:161} INFO - Processing /home/raf/pipeline-transform/.venv/lib/python3.9/site-packages/airflow/example_dags/example_xcom.py took 0.114 seconds
[2023-05-26 22:23:48,789] {processor.py:153} INFO - Started process (PID=31247) to work on /home/raf/pipeline-transform/.venv/lib/python3.9/site-packages/airflow/example_dags/example_xcom.py
[2023-05-26 22:23:48,790] {processor.py:641} INFO - Processing file /home/raf/pipeline-transform/.venv/lib/python3.9/site-packages/airflow/example_dags/example_xcom.py for tasks to queue
[2023-05-26 22:23:48,790] {logging_mixin.py:115} INFO - [2023-05-26 22:23:48,790] {dagbag.py:507} INFO - Filling up the DagBag from /home/raf/pipeline-transform/.venv/lib/python3.9/site-packages/airflow/example_dags/example_xcom.py
[2023-05-26 22:23:48,807] {processor.py:651} INFO - DAG(s) dict_keys(['example_xcom']) retrieved from /home/raf/pipeline-transform/.venv/lib/python3.9/site-packages/airflow/example_dags/example_xcom.py
[2023-05-26 22:23:48,823] {logging_mixin.py:115} INFO - [2023-05-26 22:23:48,822] {dag.py:2379} INFO - Sync 1 DAGs
[2023-05-26 22:23:48,842] {logging_mixin.py:115} INFO - [2023-05-26 22:23:48,842] {dag.py:2927} INFO - Setting next_dagrun for example_xcom to 2021-01-01T00:00:00+00:00, run_after=2021-01-01T00:00:00+00:00
[2023-05-26 22:23:48,875] {processor.py:161} INFO - Processing /home/raf/pipeline-transform/.venv/lib/python3.9/site-packages/airflow/example_dags/example_xcom.py took 0.088 seconds
[2023-05-26 22:24:23,014] {processor.py:153} INFO - Started process (PID=31335) to work on /home/raf/pipeline-transform/.venv/lib/python3.9/site-packages/airflow/example_dags/example_xcom.py
[2023-05-26 22:24:23,018] {processor.py:641} INFO - Processing file /home/raf/pipeline-transform/.venv/lib/python3.9/site-packages/airflow/example_dags/example_xcom.py for tasks to queue
[2023-05-26 22:24:23,018] {logging_mixin.py:115} INFO - [2023-05-26 22:24:23,018] {dagbag.py:507} INFO - Filling up the DagBag from /home/raf/pipeline-transform/.venv/lib/python3.9/site-packages/airflow/example_dags/example_xcom.py
[2023-05-26 22:24:23,033] {processor.py:651} INFO - DAG(s) dict_keys(['example_xcom']) retrieved from /home/raf/pipeline-transform/.venv/lib/python3.9/site-packages/airflow/example_dags/example_xcom.py
[2023-05-26 22:24:23,069] {logging_mixin.py:115} INFO - [2023-05-26 22:24:23,069] {dag.py:2379} INFO - Sync 1 DAGs
[2023-05-26 22:24:23,082] {logging_mixin.py:115} INFO - [2023-05-26 22:24:23,082] {dag.py:2927} INFO - Setting next_dagrun for example_xcom to 2021-01-01T00:00:00+00:00, run_after=2021-01-01T00:00:00+00:00
[2023-05-26 22:24:23,105] {processor.py:161} INFO - Processing /home/raf/pipeline-transform/.venv/lib/python3.9/site-packages/airflow/example_dags/example_xcom.py took 0.093 seconds
[2023-05-26 22:24:56,108] {processor.py:153} INFO - Started process (PID=31416) to work on /home/raf/pipeline-transform/.venv/lib/python3.9/site-packages/airflow/example_dags/example_xcom.py
[2023-05-26 22:24:56,108] {processor.py:641} INFO - Processing file /home/raf/pipeline-transform/.venv/lib/python3.9/site-packages/airflow/example_dags/example_xcom.py for tasks to queue
[2023-05-26 22:24:56,109] {logging_mixin.py:115} INFO - [2023-05-26 22:24:56,109] {dagbag.py:507} INFO - Filling up the DagBag from /home/raf/pipeline-transform/.venv/lib/python3.9/site-packages/airflow/example_dags/example_xcom.py
[2023-05-26 22:24:56,123] {processor.py:651} INFO - DAG(s) dict_keys(['example_xcom']) retrieved from /home/raf/pipeline-transform/.venv/lib/python3.9/site-packages/airflow/example_dags/example_xcom.py
[2023-05-26 22:24:56,136] {logging_mixin.py:115} INFO - [2023-05-26 22:24:56,136] {dag.py:2379} INFO - Sync 1 DAGs
[2023-05-26 22:24:56,152] {logging_mixin.py:115} INFO - [2023-05-26 22:24:56,151] {dag.py:2927} INFO - Setting next_dagrun for example_xcom to 2021-01-01T00:00:00+00:00, run_after=2021-01-01T00:00:00+00:00
[2023-05-26 22:24:56,170] {processor.py:161} INFO - Processing /home/raf/pipeline-transform/.venv/lib/python3.9/site-packages/airflow/example_dags/example_xcom.py took 0.065 seconds
[2023-05-26 22:25:30,476] {processor.py:153} INFO - Started process (PID=31624) to work on /home/raf/pipeline-transform/.venv/lib/python3.9/site-packages/airflow/example_dags/example_xcom.py
[2023-05-26 22:25:30,478] {processor.py:641} INFO - Processing file /home/raf/pipeline-transform/.venv/lib/python3.9/site-packages/airflow/example_dags/example_xcom.py for tasks to queue
[2023-05-26 22:25:30,478] {logging_mixin.py:115} INFO - [2023-05-26 22:25:30,478] {dagbag.py:507} INFO - Filling up the DagBag from /home/raf/pipeline-transform/.venv/lib/python3.9/site-packages/airflow/example_dags/example_xcom.py
[2023-05-26 22:25:30,495] {processor.py:651} INFO - DAG(s) dict_keys(['example_xcom']) retrieved from /home/raf/pipeline-transform/.venv/lib/python3.9/site-packages/airflow/example_dags/example_xcom.py
[2023-05-26 22:25:30,538] {logging_mixin.py:115} INFO - [2023-05-26 22:25:30,538] {dag.py:2379} INFO - Sync 1 DAGs
[2023-05-26 22:25:30,557] {logging_mixin.py:115} INFO - [2023-05-26 22:25:30,556] {dag.py:2927} INFO - Setting next_dagrun for example_xcom to 2021-01-01T00:00:00+00:00, run_after=2021-01-01T00:00:00+00:00
[2023-05-26 22:25:30,744] {processor.py:161} INFO - Processing /home/raf/pipeline-transform/.venv/lib/python3.9/site-packages/airflow/example_dags/example_xcom.py took 0.271 seconds
[2023-05-26 22:26:08,172] {processor.py:153} INFO - Started process (PID=31848) to work on /home/raf/pipeline-transform/.venv/lib/python3.9/site-packages/airflow/example_dags/example_xcom.py
[2023-05-26 22:26:08,188] {processor.py:641} INFO - Processing file /home/raf/pipeline-transform/.venv/lib/python3.9/site-packages/airflow/example_dags/example_xcom.py for tasks to queue
[2023-05-26 22:26:08,189] {logging_mixin.py:115} INFO - [2023-05-26 22:26:08,189] {dagbag.py:507} INFO - Filling up the DagBag from /home/raf/pipeline-transform/.venv/lib/python3.9/site-packages/airflow/example_dags/example_xcom.py
[2023-05-26 22:26:08,207] {processor.py:651} INFO - DAG(s) dict_keys(['example_xcom']) retrieved from /home/raf/pipeline-transform/.venv/lib/python3.9/site-packages/airflow/example_dags/example_xcom.py
[2023-05-26 22:26:08,230] {logging_mixin.py:115} INFO - [2023-05-26 22:26:08,230] {dag.py:2379} INFO - Sync 1 DAGs
[2023-05-26 22:26:08,250] {logging_mixin.py:115} INFO - [2023-05-26 22:26:08,250] {dag.py:2927} INFO - Setting next_dagrun for example_xcom to 2021-01-01T00:00:00+00:00, run_after=2021-01-01T00:00:00+00:00
[2023-05-26 22:26:08,271] {processor.py:161} INFO - Processing /home/raf/pipeline-transform/.venv/lib/python3.9/site-packages/airflow/example_dags/example_xcom.py took 0.102 seconds
[2023-05-26 22:26:41,129] {processor.py:153} INFO - Started process (PID=31940) to work on /home/raf/pipeline-transform/.venv/lib/python3.9/site-packages/airflow/example_dags/example_xcom.py
[2023-05-26 22:26:41,129] {processor.py:641} INFO - Processing file /home/raf/pipeline-transform/.venv/lib/python3.9/site-packages/airflow/example_dags/example_xcom.py for tasks to queue
[2023-05-26 22:26:41,130] {logging_mixin.py:115} INFO - [2023-05-26 22:26:41,130] {dagbag.py:507} INFO - Filling up the DagBag from /home/raf/pipeline-transform/.venv/lib/python3.9/site-packages/airflow/example_dags/example_xcom.py
[2023-05-26 22:26:41,173] {processor.py:651} INFO - DAG(s) dict_keys(['example_xcom']) retrieved from /home/raf/pipeline-transform/.venv/lib/python3.9/site-packages/airflow/example_dags/example_xcom.py
[2023-05-26 22:26:41,216] {logging_mixin.py:115} INFO - [2023-05-26 22:26:41,215] {dag.py:2379} INFO - Sync 1 DAGs
[2023-05-26 22:26:41,261] {logging_mixin.py:115} INFO - [2023-05-26 22:26:41,261] {dag.py:2927} INFO - Setting next_dagrun for example_xcom to 2021-01-01T00:00:00+00:00, run_after=2021-01-01T00:00:00+00:00
[2023-05-26 22:26:41,337] {processor.py:161} INFO - Processing /home/raf/pipeline-transform/.venv/lib/python3.9/site-packages/airflow/example_dags/example_xcom.py took 0.218 seconds
[2023-05-26 22:27:18,287] {processor.py:153} INFO - Started process (PID=32079) to work on /home/raf/pipeline-transform/.venv/lib/python3.9/site-packages/airflow/example_dags/example_xcom.py
[2023-05-26 22:27:18,305] {processor.py:641} INFO - Processing file /home/raf/pipeline-transform/.venv/lib/python3.9/site-packages/airflow/example_dags/example_xcom.py for tasks to queue
[2023-05-26 22:27:18,306] {logging_mixin.py:115} INFO - [2023-05-26 22:27:18,306] {dagbag.py:507} INFO - Filling up the DagBag from /home/raf/pipeline-transform/.venv/lib/python3.9/site-packages/airflow/example_dags/example_xcom.py
[2023-05-26 22:27:18,322] {processor.py:651} INFO - DAG(s) dict_keys(['example_xcom']) retrieved from /home/raf/pipeline-transform/.venv/lib/python3.9/site-packages/airflow/example_dags/example_xcom.py
[2023-05-26 22:27:18,336] {logging_mixin.py:115} INFO - [2023-05-26 22:27:18,336] {dag.py:2379} INFO - Sync 1 DAGs
[2023-05-26 22:27:18,355] {logging_mixin.py:115} INFO - [2023-05-26 22:27:18,355] {dag.py:2927} INFO - Setting next_dagrun for example_xcom to 2021-01-01T00:00:00+00:00, run_after=2021-01-01T00:00:00+00:00
[2023-05-26 22:27:18,376] {processor.py:161} INFO - Processing /home/raf/pipeline-transform/.venv/lib/python3.9/site-packages/airflow/example_dags/example_xcom.py took 0.091 seconds
[2023-05-26 22:27:55,020] {processor.py:153} INFO - Started process (PID=32210) to work on /home/raf/pipeline-transform/.venv/lib/python3.9/site-packages/airflow/example_dags/example_xcom.py
[2023-05-26 22:27:55,039] {processor.py:641} INFO - Processing file /home/raf/pipeline-transform/.venv/lib/python3.9/site-packages/airflow/example_dags/example_xcom.py for tasks to queue
[2023-05-26 22:27:55,040] {logging_mixin.py:115} INFO - [2023-05-26 22:27:55,040] {dagbag.py:507} INFO - Filling up the DagBag from /home/raf/pipeline-transform/.venv/lib/python3.9/site-packages/airflow/example_dags/example_xcom.py
[2023-05-26 22:27:55,062] {processor.py:651} INFO - DAG(s) dict_keys(['example_xcom']) retrieved from /home/raf/pipeline-transform/.venv/lib/python3.9/site-packages/airflow/example_dags/example_xcom.py
[2023-05-26 22:27:55,080] {logging_mixin.py:115} INFO - [2023-05-26 22:27:55,080] {dag.py:2379} INFO - Sync 1 DAGs
[2023-05-26 22:27:55,104] {logging_mixin.py:115} INFO - [2023-05-26 22:27:55,104] {dag.py:2927} INFO - Setting next_dagrun for example_xcom to 2021-01-01T00:00:00+00:00, run_after=2021-01-01T00:00:00+00:00
[2023-05-26 22:27:55,128] {processor.py:161} INFO - Processing /home/raf/pipeline-transform/.venv/lib/python3.9/site-packages/airflow/example_dags/example_xcom.py took 0.112 seconds
[2023-05-26 22:28:28,685] {processor.py:153} INFO - Started process (PID=32296) to work on /home/raf/pipeline-transform/.venv/lib/python3.9/site-packages/airflow/example_dags/example_xcom.py
[2023-05-26 22:28:28,706] {processor.py:641} INFO - Processing file /home/raf/pipeline-transform/.venv/lib/python3.9/site-packages/airflow/example_dags/example_xcom.py for tasks to queue
[2023-05-26 22:28:28,707] {logging_mixin.py:115} INFO - [2023-05-26 22:28:28,707] {dagbag.py:507} INFO - Filling up the DagBag from /home/raf/pipeline-transform/.venv/lib/python3.9/site-packages/airflow/example_dags/example_xcom.py
[2023-05-26 22:28:28,722] {processor.py:651} INFO - DAG(s) dict_keys(['example_xcom']) retrieved from /home/raf/pipeline-transform/.venv/lib/python3.9/site-packages/airflow/example_dags/example_xcom.py
[2023-05-26 22:28:28,735] {logging_mixin.py:115} INFO - [2023-05-26 22:28:28,735] {dag.py:2379} INFO - Sync 1 DAGs
[2023-05-26 22:28:28,752] {logging_mixin.py:115} INFO - [2023-05-26 22:28:28,752] {dag.py:2927} INFO - Setting next_dagrun for example_xcom to 2021-01-01T00:00:00+00:00, run_after=2021-01-01T00:00:00+00:00
[2023-05-26 22:28:28,768] {processor.py:161} INFO - Processing /home/raf/pipeline-transform/.venv/lib/python3.9/site-packages/airflow/example_dags/example_xcom.py took 0.085 seconds
[2023-05-26 22:29:03,781] {processor.py:153} INFO - Started process (PID=32384) to work on /home/raf/pipeline-transform/.venv/lib/python3.9/site-packages/airflow/example_dags/example_xcom.py
[2023-05-26 22:29:03,803] {processor.py:641} INFO - Processing file /home/raf/pipeline-transform/.venv/lib/python3.9/site-packages/airflow/example_dags/example_xcom.py for tasks to queue
[2023-05-26 22:29:03,804] {logging_mixin.py:115} INFO - [2023-05-26 22:29:03,804] {dagbag.py:507} INFO - Filling up the DagBag from /home/raf/pipeline-transform/.venv/lib/python3.9/site-packages/airflow/example_dags/example_xcom.py
[2023-05-26 22:29:03,821] {processor.py:651} INFO - DAG(s) dict_keys(['example_xcom']) retrieved from /home/raf/pipeline-transform/.venv/lib/python3.9/site-packages/airflow/example_dags/example_xcom.py
[2023-05-26 22:29:03,870] {logging_mixin.py:115} INFO - [2023-05-26 22:29:03,870] {dag.py:2379} INFO - Sync 1 DAGs
[2023-05-26 22:29:03,889] {logging_mixin.py:115} INFO - [2023-05-26 22:29:03,889] {dag.py:2927} INFO - Setting next_dagrun for example_xcom to 2021-01-01T00:00:00+00:00, run_after=2021-01-01T00:00:00+00:00
[2023-05-26 22:29:03,943] {processor.py:161} INFO - Processing /home/raf/pipeline-transform/.venv/lib/python3.9/site-packages/airflow/example_dags/example_xcom.py took 0.165 seconds
[2023-05-26 22:29:36,731] {processor.py:153} INFO - Started process (PID=32465) to work on /home/raf/pipeline-transform/.venv/lib/python3.9/site-packages/airflow/example_dags/example_xcom.py
[2023-05-26 22:29:36,755] {processor.py:641} INFO - Processing file /home/raf/pipeline-transform/.venv/lib/python3.9/site-packages/airflow/example_dags/example_xcom.py for tasks to queue
[2023-05-26 22:29:36,755] {logging_mixin.py:115} INFO - [2023-05-26 22:29:36,755] {dagbag.py:507} INFO - Filling up the DagBag from /home/raf/pipeline-transform/.venv/lib/python3.9/site-packages/airflow/example_dags/example_xcom.py
[2023-05-26 22:29:36,772] {processor.py:651} INFO - DAG(s) dict_keys(['example_xcom']) retrieved from /home/raf/pipeline-transform/.venv/lib/python3.9/site-packages/airflow/example_dags/example_xcom.py
[2023-05-26 22:29:36,788] {logging_mixin.py:115} INFO - [2023-05-26 22:29:36,788] {dag.py:2379} INFO - Sync 1 DAGs
[2023-05-26 22:29:36,808] {logging_mixin.py:115} INFO - [2023-05-26 22:29:36,808] {dag.py:2927} INFO - Setting next_dagrun for example_xcom to 2021-01-01T00:00:00+00:00, run_after=2021-01-01T00:00:00+00:00
[2023-05-26 22:29:36,827] {processor.py:161} INFO - Processing /home/raf/pipeline-transform/.venv/lib/python3.9/site-packages/airflow/example_dags/example_xcom.py took 0.098 seconds
[2023-05-26 22:30:13,347] {processor.py:153} INFO - Started process (PID=32557) to work on /home/raf/pipeline-transform/.venv/lib/python3.9/site-packages/airflow/example_dags/example_xcom.py
[2023-05-26 22:30:13,372] {processor.py:641} INFO - Processing file /home/raf/pipeline-transform/.venv/lib/python3.9/site-packages/airflow/example_dags/example_xcom.py for tasks to queue
[2023-05-26 22:30:13,373] {logging_mixin.py:115} INFO - [2023-05-26 22:30:13,373] {dagbag.py:507} INFO - Filling up the DagBag from /home/raf/pipeline-transform/.venv/lib/python3.9/site-packages/airflow/example_dags/example_xcom.py
[2023-05-26 22:30:13,387] {processor.py:651} INFO - DAG(s) dict_keys(['example_xcom']) retrieved from /home/raf/pipeline-transform/.venv/lib/python3.9/site-packages/airflow/example_dags/example_xcom.py
[2023-05-26 22:30:13,401] {logging_mixin.py:115} INFO - [2023-05-26 22:30:13,401] {dag.py:2379} INFO - Sync 1 DAGs
[2023-05-26 22:30:13,419] {logging_mixin.py:115} INFO - [2023-05-26 22:30:13,419] {dag.py:2927} INFO - Setting next_dagrun for example_xcom to 2021-01-01T00:00:00+00:00, run_after=2021-01-01T00:00:00+00:00
[2023-05-26 22:30:13,439] {processor.py:161} INFO - Processing /home/raf/pipeline-transform/.venv/lib/python3.9/site-packages/airflow/example_dags/example_xcom.py took 0.096 seconds
[2023-05-26 22:30:45,781] {processor.py:153} INFO - Started process (PID=32764) to work on /home/raf/pipeline-transform/.venv/lib/python3.9/site-packages/airflow/example_dags/example_xcom.py
[2023-05-26 22:30:45,807] {processor.py:641} INFO - Processing file /home/raf/pipeline-transform/.venv/lib/python3.9/site-packages/airflow/example_dags/example_xcom.py for tasks to queue
[2023-05-26 22:30:45,808] {logging_mixin.py:115} INFO - [2023-05-26 22:30:45,808] {dagbag.py:507} INFO - Filling up the DagBag from /home/raf/pipeline-transform/.venv/lib/python3.9/site-packages/airflow/example_dags/example_xcom.py
[2023-05-26 22:30:45,825] {processor.py:651} INFO - DAG(s) dict_keys(['example_xcom']) retrieved from /home/raf/pipeline-transform/.venv/lib/python3.9/site-packages/airflow/example_dags/example_xcom.py
[2023-05-26 22:30:45,867] {logging_mixin.py:115} INFO - [2023-05-26 22:30:45,867] {dag.py:2379} INFO - Sync 1 DAGs
[2023-05-26 22:30:45,882] {logging_mixin.py:115} INFO - [2023-05-26 22:30:45,882] {dag.py:2927} INFO - Setting next_dagrun for example_xcom to 2021-01-01T00:00:00+00:00, run_after=2021-01-01T00:00:00+00:00
[2023-05-26 22:30:45,905] {processor.py:161} INFO - Processing /home/raf/pipeline-transform/.venv/lib/python3.9/site-packages/airflow/example_dags/example_xcom.py took 0.127 seconds
[2023-05-26 22:31:23,230] {processor.py:153} INFO - Started process (PID=420) to work on /home/raf/pipeline-transform/.venv/lib/python3.9/site-packages/airflow/example_dags/example_xcom.py
[2023-05-26 22:31:23,233] {processor.py:641} INFO - Processing file /home/raf/pipeline-transform/.venv/lib/python3.9/site-packages/airflow/example_dags/example_xcom.py for tasks to queue
[2023-05-26 22:31:23,234] {logging_mixin.py:115} INFO - [2023-05-26 22:31:23,234] {dagbag.py:507} INFO - Filling up the DagBag from /home/raf/pipeline-transform/.venv/lib/python3.9/site-packages/airflow/example_dags/example_xcom.py
[2023-05-26 22:31:23,250] {processor.py:651} INFO - DAG(s) dict_keys(['example_xcom']) retrieved from /home/raf/pipeline-transform/.venv/lib/python3.9/site-packages/airflow/example_dags/example_xcom.py
[2023-05-26 22:31:23,266] {logging_mixin.py:115} INFO - [2023-05-26 22:31:23,266] {dag.py:2379} INFO - Sync 1 DAGs
[2023-05-26 22:31:23,283] {logging_mixin.py:115} INFO - [2023-05-26 22:31:23,283] {dag.py:2927} INFO - Setting next_dagrun for example_xcom to 2021-01-01T00:00:00+00:00, run_after=2021-01-01T00:00:00+00:00
[2023-05-26 22:31:23,304] {processor.py:161} INFO - Processing /home/raf/pipeline-transform/.venv/lib/python3.9/site-packages/airflow/example_dags/example_xcom.py took 0.077 seconds
[2023-05-26 22:31:57,088] {processor.py:153} INFO - Started process (PID=557) to work on /home/raf/pipeline-transform/.venv/lib/python3.9/site-packages/airflow/example_dags/example_xcom.py
[2023-05-26 22:31:57,092] {processor.py:641} INFO - Processing file /home/raf/pipeline-transform/.venv/lib/python3.9/site-packages/airflow/example_dags/example_xcom.py for tasks to queue
[2023-05-26 22:31:57,093] {logging_mixin.py:115} INFO - [2023-05-26 22:31:57,093] {dagbag.py:507} INFO - Filling up the DagBag from /home/raf/pipeline-transform/.venv/lib/python3.9/site-packages/airflow/example_dags/example_xcom.py
[2023-05-26 22:31:57,108] {processor.py:651} INFO - DAG(s) dict_keys(['example_xcom']) retrieved from /home/raf/pipeline-transform/.venv/lib/python3.9/site-packages/airflow/example_dags/example_xcom.py
[2023-05-26 22:31:57,122] {logging_mixin.py:115} INFO - [2023-05-26 22:31:57,122] {dag.py:2379} INFO - Sync 1 DAGs
[2023-05-26 22:31:57,139] {logging_mixin.py:115} INFO - [2023-05-26 22:31:57,139] {dag.py:2927} INFO - Setting next_dagrun for example_xcom to 2021-01-01T00:00:00+00:00, run_after=2021-01-01T00:00:00+00:00
[2023-05-26 22:31:57,161] {processor.py:161} INFO - Processing /home/raf/pipeline-transform/.venv/lib/python3.9/site-packages/airflow/example_dags/example_xcom.py took 0.076 seconds
