[2023-05-26 22:03:41,397] {processor.py:153} INFO - Started process (PID=26092) to work on /home/raf/pipeline-transform/.venv/lib/python3.9/site-packages/airflow/example_dags/example_branch_datetime_operator.py
[2023-05-26 22:03:41,397] {processor.py:641} INFO - Processing file /home/raf/pipeline-transform/.venv/lib/python3.9/site-packages/airflow/example_dags/example_branch_datetime_operator.py for tasks to queue
[2023-05-26 22:03:41,398] {logging_mixin.py:115} INFO - [2023-05-26 22:03:41,398] {dagbag.py:507} INFO - Filling up the DagBag from /home/raf/pipeline-transform/.venv/lib/python3.9/site-packages/airflow/example_dags/example_branch_datetime_operator.py
[2023-05-26 22:03:41,405] {processor.py:651} INFO - DAG(s) dict_keys(['example_branch_datetime_operator_2']) retrieved from /home/raf/pipeline-transform/.venv/lib/python3.9/site-packages/airflow/example_dags/example_branch_datetime_operator.py
[2023-05-26 22:03:41,448] {logging_mixin.py:115} INFO - [2023-05-26 22:03:41,448] {dag.py:2379} INFO - Sync 1 DAGs
[2023-05-26 22:03:41,464] {logging_mixin.py:115} INFO - [2023-05-26 22:03:41,464] {dag.py:2927} INFO - Setting next_dagrun for example_branch_datetime_operator_2 to 2023-05-26T00:00:00+00:00, run_after=2023-05-27T00:00:00+00:00
[2023-05-26 22:03:41,496] {processor.py:161} INFO - Processing /home/raf/pipeline-transform/.venv/lib/python3.9/site-packages/airflow/example_dags/example_branch_datetime_operator.py took 0.102 seconds
[2023-05-26 22:04:14,713] {processor.py:153} INFO - Started process (PID=26277) to work on /home/raf/pipeline-transform/.venv/lib/python3.9/site-packages/airflow/example_dags/example_branch_datetime_operator.py
[2023-05-26 22:04:14,719] {processor.py:641} INFO - Processing file /home/raf/pipeline-transform/.venv/lib/python3.9/site-packages/airflow/example_dags/example_branch_datetime_operator.py for tasks to queue
[2023-05-26 22:04:14,720] {logging_mixin.py:115} INFO - [2023-05-26 22:04:14,720] {dagbag.py:507} INFO - Filling up the DagBag from /home/raf/pipeline-transform/.venv/lib/python3.9/site-packages/airflow/example_dags/example_branch_datetime_operator.py
[2023-05-26 22:04:14,729] {processor.py:651} INFO - DAG(s) dict_keys(['example_branch_datetime_operator_2']) retrieved from /home/raf/pipeline-transform/.venv/lib/python3.9/site-packages/airflow/example_dags/example_branch_datetime_operator.py
[2023-05-26 22:04:14,745] {logging_mixin.py:115} INFO - [2023-05-26 22:04:14,744] {dag.py:2379} INFO - Sync 1 DAGs
[2023-05-26 22:04:14,763] {logging_mixin.py:115} INFO - [2023-05-26 22:04:14,763] {dag.py:2927} INFO - Setting next_dagrun for example_branch_datetime_operator_2 to 2023-05-26T00:00:00+00:00, run_after=2023-05-27T00:00:00+00:00
[2023-05-26 22:04:14,783] {processor.py:161} INFO - Processing /home/raf/pipeline-transform/.venv/lib/python3.9/site-packages/airflow/example_dags/example_branch_datetime_operator.py took 0.073 seconds
[2023-05-26 22:04:49,692] {processor.py:153} INFO - Started process (PID=26516) to work on /home/raf/pipeline-transform/.venv/lib/python3.9/site-packages/airflow/example_dags/example_branch_datetime_operator.py
[2023-05-26 22:04:49,700] {processor.py:641} INFO - Processing file /home/raf/pipeline-transform/.venv/lib/python3.9/site-packages/airflow/example_dags/example_branch_datetime_operator.py for tasks to queue
[2023-05-26 22:04:49,701] {logging_mixin.py:115} INFO - [2023-05-26 22:04:49,701] {dagbag.py:507} INFO - Filling up the DagBag from /home/raf/pipeline-transform/.venv/lib/python3.9/site-packages/airflow/example_dags/example_branch_datetime_operator.py
[2023-05-26 22:04:49,709] {processor.py:651} INFO - DAG(s) dict_keys(['example_branch_datetime_operator_2']) retrieved from /home/raf/pipeline-transform/.venv/lib/python3.9/site-packages/airflow/example_dags/example_branch_datetime_operator.py
[2023-05-26 22:04:49,724] {logging_mixin.py:115} INFO - [2023-05-26 22:04:49,724] {dag.py:2379} INFO - Sync 1 DAGs
[2023-05-26 22:04:49,743] {logging_mixin.py:115} INFO - [2023-05-26 22:04:49,743] {dag.py:2927} INFO - Setting next_dagrun for example_branch_datetime_operator_2 to 2023-05-26T00:00:00+00:00, run_after=2023-05-27T00:00:00+00:00
[2023-05-26 22:04:49,765] {processor.py:161} INFO - Processing /home/raf/pipeline-transform/.venv/lib/python3.9/site-packages/airflow/example_dags/example_branch_datetime_operator.py took 0.076 seconds
[2023-05-26 22:05:24,803] {processor.py:153} INFO - Started process (PID=26766) to work on /home/raf/pipeline-transform/.venv/lib/python3.9/site-packages/airflow/example_dags/example_branch_datetime_operator.py
[2023-05-26 22:05:24,841] {processor.py:641} INFO - Processing file /home/raf/pipeline-transform/.venv/lib/python3.9/site-packages/airflow/example_dags/example_branch_datetime_operator.py for tasks to queue
[2023-05-26 22:05:24,842] {logging_mixin.py:115} INFO - [2023-05-26 22:05:24,842] {dagbag.py:507} INFO - Filling up the DagBag from /home/raf/pipeline-transform/.venv/lib/python3.9/site-packages/airflow/example_dags/example_branch_datetime_operator.py
[2023-05-26 22:05:24,864] {processor.py:651} INFO - DAG(s) dict_keys(['example_branch_datetime_operator_2']) retrieved from /home/raf/pipeline-transform/.venv/lib/python3.9/site-packages/airflow/example_dags/example_branch_datetime_operator.py
[2023-05-26 22:05:24,917] {logging_mixin.py:115} INFO - [2023-05-26 22:05:24,917] {dag.py:2379} INFO - Sync 1 DAGs
[2023-05-26 22:05:24,956] {logging_mixin.py:115} INFO - [2023-05-26 22:05:24,956] {dag.py:2927} INFO - Setting next_dagrun for example_branch_datetime_operator_2 to 2023-05-26T00:00:00+00:00, run_after=2023-05-27T00:00:00+00:00
[2023-05-26 22:05:24,996] {processor.py:161} INFO - Processing /home/raf/pipeline-transform/.venv/lib/python3.9/site-packages/airflow/example_dags/example_branch_datetime_operator.py took 0.197 seconds
[2023-05-26 22:05:59,809] {processor.py:153} INFO - Started process (PID=26961) to work on /home/raf/pipeline-transform/.venv/lib/python3.9/site-packages/airflow/example_dags/example_branch_datetime_operator.py
[2023-05-26 22:05:59,819] {processor.py:641} INFO - Processing file /home/raf/pipeline-transform/.venv/lib/python3.9/site-packages/airflow/example_dags/example_branch_datetime_operator.py for tasks to queue
[2023-05-26 22:05:59,819] {logging_mixin.py:115} INFO - [2023-05-26 22:05:59,819] {dagbag.py:507} INFO - Filling up the DagBag from /home/raf/pipeline-transform/.venv/lib/python3.9/site-packages/airflow/example_dags/example_branch_datetime_operator.py
[2023-05-26 22:05:59,829] {processor.py:651} INFO - DAG(s) dict_keys(['example_branch_datetime_operator_2']) retrieved from /home/raf/pipeline-transform/.venv/lib/python3.9/site-packages/airflow/example_dags/example_branch_datetime_operator.py
[2023-05-26 22:05:59,845] {logging_mixin.py:115} INFO - [2023-05-26 22:05:59,845] {dag.py:2379} INFO - Sync 1 DAGs
[2023-05-26 22:05:59,864] {logging_mixin.py:115} INFO - [2023-05-26 22:05:59,864] {dag.py:2927} INFO - Setting next_dagrun for example_branch_datetime_operator_2 to 2023-05-26T00:00:00+00:00, run_after=2023-05-27T00:00:00+00:00
[2023-05-26 22:05:59,885] {processor.py:161} INFO - Processing /home/raf/pipeline-transform/.venv/lib/python3.9/site-packages/airflow/example_dags/example_branch_datetime_operator.py took 0.080 seconds
[2023-05-26 22:06:37,239] {processor.py:153} INFO - Started process (PID=27162) to work on /home/raf/pipeline-transform/.venv/lib/python3.9/site-packages/airflow/example_dags/example_branch_datetime_operator.py
[2023-05-26 22:06:37,250] {processor.py:641} INFO - Processing file /home/raf/pipeline-transform/.venv/lib/python3.9/site-packages/airflow/example_dags/example_branch_datetime_operator.py for tasks to queue
[2023-05-26 22:06:37,251] {logging_mixin.py:115} INFO - [2023-05-26 22:06:37,251] {dagbag.py:507} INFO - Filling up the DagBag from /home/raf/pipeline-transform/.venv/lib/python3.9/site-packages/airflow/example_dags/example_branch_datetime_operator.py
[2023-05-26 22:06:37,257] {processor.py:651} INFO - DAG(s) dict_keys(['example_branch_datetime_operator_2']) retrieved from /home/raf/pipeline-transform/.venv/lib/python3.9/site-packages/airflow/example_dags/example_branch_datetime_operator.py
[2023-05-26 22:06:37,270] {logging_mixin.py:115} INFO - [2023-05-26 22:06:37,270] {dag.py:2379} INFO - Sync 1 DAGs
[2023-05-26 22:06:37,285] {logging_mixin.py:115} INFO - [2023-05-26 22:06:37,285] {dag.py:2927} INFO - Setting next_dagrun for example_branch_datetime_operator_2 to 2023-05-26T00:00:00+00:00, run_after=2023-05-27T00:00:00+00:00
[2023-05-26 22:06:37,302] {processor.py:161} INFO - Processing /home/raf/pipeline-transform/.venv/lib/python3.9/site-packages/airflow/example_dags/example_branch_datetime_operator.py took 0.065 seconds
[2023-05-26 22:07:12,224] {processor.py:153} INFO - Started process (PID=27252) to work on /home/raf/pipeline-transform/.venv/lib/python3.9/site-packages/airflow/example_dags/example_branch_datetime_operator.py
[2023-05-26 22:07:12,235] {processor.py:641} INFO - Processing file /home/raf/pipeline-transform/.venv/lib/python3.9/site-packages/airflow/example_dags/example_branch_datetime_operator.py for tasks to queue
[2023-05-26 22:07:12,236] {logging_mixin.py:115} INFO - [2023-05-26 22:07:12,236] {dagbag.py:507} INFO - Filling up the DagBag from /home/raf/pipeline-transform/.venv/lib/python3.9/site-packages/airflow/example_dags/example_branch_datetime_operator.py
[2023-05-26 22:07:12,242] {processor.py:651} INFO - DAG(s) dict_keys(['example_branch_datetime_operator_2']) retrieved from /home/raf/pipeline-transform/.venv/lib/python3.9/site-packages/airflow/example_dags/example_branch_datetime_operator.py
[2023-05-26 22:07:12,257] {logging_mixin.py:115} INFO - [2023-05-26 22:07:12,257] {dag.py:2379} INFO - Sync 1 DAGs
[2023-05-26 22:07:12,274] {logging_mixin.py:115} INFO - [2023-05-26 22:07:12,274] {dag.py:2927} INFO - Setting next_dagrun for example_branch_datetime_operator_2 to 2023-05-26T00:00:00+00:00, run_after=2023-05-27T00:00:00+00:00
[2023-05-26 22:07:12,293] {processor.py:161} INFO - Processing /home/raf/pipeline-transform/.venv/lib/python3.9/site-packages/airflow/example_dags/example_branch_datetime_operator.py took 0.072 seconds
[2023-05-26 22:07:47,988] {processor.py:153} INFO - Started process (PID=27342) to work on /home/raf/pipeline-transform/.venv/lib/python3.9/site-packages/airflow/example_dags/example_branch_datetime_operator.py
[2023-05-26 22:07:48,001] {processor.py:641} INFO - Processing file /home/raf/pipeline-transform/.venv/lib/python3.9/site-packages/airflow/example_dags/example_branch_datetime_operator.py for tasks to queue
[2023-05-26 22:07:48,002] {logging_mixin.py:115} INFO - [2023-05-26 22:07:48,002] {dagbag.py:507} INFO - Filling up the DagBag from /home/raf/pipeline-transform/.venv/lib/python3.9/site-packages/airflow/example_dags/example_branch_datetime_operator.py
[2023-05-26 22:07:48,008] {processor.py:651} INFO - DAG(s) dict_keys(['example_branch_datetime_operator_2']) retrieved from /home/raf/pipeline-transform/.venv/lib/python3.9/site-packages/airflow/example_dags/example_branch_datetime_operator.py
[2023-05-26 22:07:48,021] {logging_mixin.py:115} INFO - [2023-05-26 22:07:48,020] {dag.py:2379} INFO - Sync 1 DAGs
[2023-05-26 22:07:48,036] {logging_mixin.py:115} INFO - [2023-05-26 22:07:48,036] {dag.py:2927} INFO - Setting next_dagrun for example_branch_datetime_operator_2 to 2023-05-26T00:00:00+00:00, run_after=2023-05-27T00:00:00+00:00
[2023-05-26 22:07:48,052] {processor.py:161} INFO - Processing /home/raf/pipeline-transform/.venv/lib/python3.9/site-packages/airflow/example_dags/example_branch_datetime_operator.py took 0.066 seconds
[2023-05-26 22:08:20,493] {processor.py:153} INFO - Started process (PID=27475) to work on /home/raf/pipeline-transform/.venv/lib/python3.9/site-packages/airflow/example_dags/example_branch_datetime_operator.py
[2023-05-26 22:08:20,494] {processor.py:641} INFO - Processing file /home/raf/pipeline-transform/.venv/lib/python3.9/site-packages/airflow/example_dags/example_branch_datetime_operator.py for tasks to queue
[2023-05-26 22:08:20,494] {logging_mixin.py:115} INFO - [2023-05-26 22:08:20,494] {dagbag.py:507} INFO - Filling up the DagBag from /home/raf/pipeline-transform/.venv/lib/python3.9/site-packages/airflow/example_dags/example_branch_datetime_operator.py
[2023-05-26 22:08:20,500] {processor.py:651} INFO - DAG(s) dict_keys(['example_branch_datetime_operator_2']) retrieved from /home/raf/pipeline-transform/.venv/lib/python3.9/site-packages/airflow/example_dags/example_branch_datetime_operator.py
[2023-05-26 22:08:20,513] {logging_mixin.py:115} INFO - [2023-05-26 22:08:20,513] {dag.py:2379} INFO - Sync 1 DAGs
[2023-05-26 22:08:20,528] {logging_mixin.py:115} INFO - [2023-05-26 22:08:20,528] {dag.py:2927} INFO - Setting next_dagrun for example_branch_datetime_operator_2 to 2023-05-26T00:00:00+00:00, run_after=2023-05-27T00:00:00+00:00
[2023-05-26 22:08:20,549] {processor.py:161} INFO - Processing /home/raf/pipeline-transform/.venv/lib/python3.9/site-packages/airflow/example_dags/example_branch_datetime_operator.py took 0.058 seconds
[2023-05-26 22:08:57,673] {processor.py:153} INFO - Started process (PID=27570) to work on /home/raf/pipeline-transform/.venv/lib/python3.9/site-packages/airflow/example_dags/example_branch_datetime_operator.py
[2023-05-26 22:08:57,675] {processor.py:641} INFO - Processing file /home/raf/pipeline-transform/.venv/lib/python3.9/site-packages/airflow/example_dags/example_branch_datetime_operator.py for tasks to queue
[2023-05-26 22:08:57,676] {logging_mixin.py:115} INFO - [2023-05-26 22:08:57,676] {dagbag.py:507} INFO - Filling up the DagBag from /home/raf/pipeline-transform/.venv/lib/python3.9/site-packages/airflow/example_dags/example_branch_datetime_operator.py
[2023-05-26 22:08:57,682] {processor.py:651} INFO - DAG(s) dict_keys(['example_branch_datetime_operator_2']) retrieved from /home/raf/pipeline-transform/.venv/lib/python3.9/site-packages/airflow/example_dags/example_branch_datetime_operator.py
[2023-05-26 22:08:57,695] {logging_mixin.py:115} INFO - [2023-05-26 22:08:57,695] {dag.py:2379} INFO - Sync 1 DAGs
[2023-05-26 22:08:57,711] {logging_mixin.py:115} INFO - [2023-05-26 22:08:57,711] {dag.py:2927} INFO - Setting next_dagrun for example_branch_datetime_operator_2 to 2023-05-26T00:00:00+00:00, run_after=2023-05-27T00:00:00+00:00
[2023-05-26 22:08:57,731] {processor.py:161} INFO - Processing /home/raf/pipeline-transform/.venv/lib/python3.9/site-packages/airflow/example_dags/example_branch_datetime_operator.py took 0.061 seconds
[2023-05-26 22:09:33,844] {processor.py:153} INFO - Started process (PID=27764) to work on /home/raf/pipeline-transform/.venv/lib/python3.9/site-packages/airflow/example_dags/example_branch_datetime_operator.py
[2023-05-26 22:09:33,864] {processor.py:641} INFO - Processing file /home/raf/pipeline-transform/.venv/lib/python3.9/site-packages/airflow/example_dags/example_branch_datetime_operator.py for tasks to queue
[2023-05-26 22:09:33,865] {logging_mixin.py:115} INFO - [2023-05-26 22:09:33,865] {dagbag.py:507} INFO - Filling up the DagBag from /home/raf/pipeline-transform/.venv/lib/python3.9/site-packages/airflow/example_dags/example_branch_datetime_operator.py
[2023-05-26 22:09:33,872] {processor.py:651} INFO - DAG(s) dict_keys(['example_branch_datetime_operator_2']) retrieved from /home/raf/pipeline-transform/.venv/lib/python3.9/site-packages/airflow/example_dags/example_branch_datetime_operator.py
[2023-05-26 22:09:33,891] {logging_mixin.py:115} INFO - [2023-05-26 22:09:33,891] {dag.py:2379} INFO - Sync 1 DAGs
[2023-05-26 22:09:33,910] {logging_mixin.py:115} INFO - [2023-05-26 22:09:33,910] {dag.py:2927} INFO - Setting next_dagrun for example_branch_datetime_operator_2 to 2023-05-26T00:00:00+00:00, run_after=2023-05-27T00:00:00+00:00
[2023-05-26 22:09:33,933] {processor.py:161} INFO - Processing /home/raf/pipeline-transform/.venv/lib/python3.9/site-packages/airflow/example_dags/example_branch_datetime_operator.py took 0.092 seconds
[2023-05-26 22:10:07,489] {processor.py:153} INFO - Started process (PID=27847) to work on /home/raf/pipeline-transform/.venv/lib/python3.9/site-packages/airflow/example_dags/example_branch_datetime_operator.py
[2023-05-26 22:10:07,490] {processor.py:641} INFO - Processing file /home/raf/pipeline-transform/.venv/lib/python3.9/site-packages/airflow/example_dags/example_branch_datetime_operator.py for tasks to queue
[2023-05-26 22:10:07,490] {logging_mixin.py:115} INFO - [2023-05-26 22:10:07,490] {dagbag.py:507} INFO - Filling up the DagBag from /home/raf/pipeline-transform/.venv/lib/python3.9/site-packages/airflow/example_dags/example_branch_datetime_operator.py
[2023-05-26 22:10:07,497] {processor.py:651} INFO - DAG(s) dict_keys(['example_branch_datetime_operator_2']) retrieved from /home/raf/pipeline-transform/.venv/lib/python3.9/site-packages/airflow/example_dags/example_branch_datetime_operator.py
[2023-05-26 22:10:07,509] {logging_mixin.py:115} INFO - [2023-05-26 22:10:07,509] {dag.py:2379} INFO - Sync 1 DAGs
[2023-05-26 22:10:07,525] {logging_mixin.py:115} INFO - [2023-05-26 22:10:07,525] {dag.py:2927} INFO - Setting next_dagrun for example_branch_datetime_operator_2 to 2023-05-26T00:00:00+00:00, run_after=2023-05-27T00:00:00+00:00
[2023-05-26 22:10:07,557] {processor.py:161} INFO - Processing /home/raf/pipeline-transform/.venv/lib/python3.9/site-packages/airflow/example_dags/example_branch_datetime_operator.py took 0.070 seconds
[2023-05-26 22:10:43,483] {processor.py:153} INFO - Started process (PID=27937) to work on /home/raf/pipeline-transform/.venv/lib/python3.9/site-packages/airflow/example_dags/example_branch_datetime_operator.py
[2023-05-26 22:10:43,505] {processor.py:641} INFO - Processing file /home/raf/pipeline-transform/.venv/lib/python3.9/site-packages/airflow/example_dags/example_branch_datetime_operator.py for tasks to queue
[2023-05-26 22:10:43,505] {logging_mixin.py:115} INFO - [2023-05-26 22:10:43,505] {dagbag.py:507} INFO - Filling up the DagBag from /home/raf/pipeline-transform/.venv/lib/python3.9/site-packages/airflow/example_dags/example_branch_datetime_operator.py
[2023-05-26 22:10:43,512] {processor.py:651} INFO - DAG(s) dict_keys(['example_branch_datetime_operator_2']) retrieved from /home/raf/pipeline-transform/.venv/lib/python3.9/site-packages/airflow/example_dags/example_branch_datetime_operator.py
[2023-05-26 22:10:43,526] {logging_mixin.py:115} INFO - [2023-05-26 22:10:43,526] {dag.py:2379} INFO - Sync 1 DAGs
[2023-05-26 22:10:43,544] {logging_mixin.py:115} INFO - [2023-05-26 22:10:43,543] {dag.py:2927} INFO - Setting next_dagrun for example_branch_datetime_operator_2 to 2023-05-26T00:00:00+00:00, run_after=2023-05-27T00:00:00+00:00
[2023-05-26 22:10:43,563] {processor.py:161} INFO - Processing /home/raf/pipeline-transform/.venv/lib/python3.9/site-packages/airflow/example_dags/example_branch_datetime_operator.py took 0.083 seconds
[2023-05-26 22:11:18,282] {processor.py:153} INFO - Started process (PID=28023) to work on /home/raf/pipeline-transform/.venv/lib/python3.9/site-packages/airflow/example_dags/example_branch_datetime_operator.py
[2023-05-26 22:11:18,304] {processor.py:641} INFO - Processing file /home/raf/pipeline-transform/.venv/lib/python3.9/site-packages/airflow/example_dags/example_branch_datetime_operator.py for tasks to queue
[2023-05-26 22:11:18,305] {logging_mixin.py:115} INFO - [2023-05-26 22:11:18,305] {dagbag.py:507} INFO - Filling up the DagBag from /home/raf/pipeline-transform/.venv/lib/python3.9/site-packages/airflow/example_dags/example_branch_datetime_operator.py
[2023-05-26 22:11:18,311] {processor.py:651} INFO - DAG(s) dict_keys(['example_branch_datetime_operator_2']) retrieved from /home/raf/pipeline-transform/.venv/lib/python3.9/site-packages/airflow/example_dags/example_branch_datetime_operator.py
[2023-05-26 22:11:18,324] {logging_mixin.py:115} INFO - [2023-05-26 22:11:18,324] {dag.py:2379} INFO - Sync 1 DAGs
[2023-05-26 22:11:18,344] {logging_mixin.py:115} INFO - [2023-05-26 22:11:18,344] {dag.py:2927} INFO - Setting next_dagrun for example_branch_datetime_operator_2 to 2023-05-26T00:00:00+00:00, run_after=2023-05-27T00:00:00+00:00
[2023-05-26 22:11:18,375] {processor.py:161} INFO - Processing /home/raf/pipeline-transform/.venv/lib/python3.9/site-packages/airflow/example_dags/example_branch_datetime_operator.py took 0.095 seconds
[2023-05-26 22:11:56,919] {processor.py:153} INFO - Started process (PID=28128) to work on /home/raf/pipeline-transform/.venv/lib/python3.9/site-packages/airflow/example_dags/example_branch_datetime_operator.py
[2023-05-26 22:11:56,923] {processor.py:641} INFO - Processing file /home/raf/pipeline-transform/.venv/lib/python3.9/site-packages/airflow/example_dags/example_branch_datetime_operator.py for tasks to queue
[2023-05-26 22:11:56,923] {logging_mixin.py:115} INFO - [2023-05-26 22:11:56,923] {dagbag.py:507} INFO - Filling up the DagBag from /home/raf/pipeline-transform/.venv/lib/python3.9/site-packages/airflow/example_dags/example_branch_datetime_operator.py
[2023-05-26 22:11:56,931] {processor.py:651} INFO - DAG(s) dict_keys(['example_branch_datetime_operator_2']) retrieved from /home/raf/pipeline-transform/.venv/lib/python3.9/site-packages/airflow/example_dags/example_branch_datetime_operator.py
[2023-05-26 22:11:56,952] {logging_mixin.py:115} INFO - [2023-05-26 22:11:56,951] {dag.py:2379} INFO - Sync 1 DAGs
[2023-05-26 22:11:56,981] {logging_mixin.py:115} INFO - [2023-05-26 22:11:56,981] {dag.py:2927} INFO - Setting next_dagrun for example_branch_datetime_operator_2 to 2023-05-26T00:00:00+00:00, run_after=2023-05-27T00:00:00+00:00
[2023-05-26 22:11:57,004] {processor.py:161} INFO - Processing /home/raf/pipeline-transform/.venv/lib/python3.9/site-packages/airflow/example_dags/example_branch_datetime_operator.py took 0.088 seconds
[2023-05-26 22:12:36,948] {processor.py:153} INFO - Started process (PID=28385) to work on /home/raf/pipeline-transform/.venv/lib/python3.9/site-packages/airflow/example_dags/example_branch_datetime_operator.py
[2023-05-26 22:12:36,954] {processor.py:641} INFO - Processing file /home/raf/pipeline-transform/.venv/lib/python3.9/site-packages/airflow/example_dags/example_branch_datetime_operator.py for tasks to queue
[2023-05-26 22:12:36,955] {logging_mixin.py:115} INFO - [2023-05-26 22:12:36,955] {dagbag.py:507} INFO - Filling up the DagBag from /home/raf/pipeline-transform/.venv/lib/python3.9/site-packages/airflow/example_dags/example_branch_datetime_operator.py
[2023-05-26 22:12:36,962] {processor.py:651} INFO - DAG(s) dict_keys(['example_branch_datetime_operator_2']) retrieved from /home/raf/pipeline-transform/.venv/lib/python3.9/site-packages/airflow/example_dags/example_branch_datetime_operator.py
[2023-05-26 22:12:36,975] {logging_mixin.py:115} INFO - [2023-05-26 22:12:36,975] {dag.py:2379} INFO - Sync 1 DAGs
[2023-05-26 22:12:36,993] {logging_mixin.py:115} INFO - [2023-05-26 22:12:36,993] {dag.py:2927} INFO - Setting next_dagrun for example_branch_datetime_operator_2 to 2023-05-26T00:00:00+00:00, run_after=2023-05-27T00:00:00+00:00
[2023-05-26 22:12:37,015] {processor.py:161} INFO - Processing /home/raf/pipeline-transform/.venv/lib/python3.9/site-packages/airflow/example_dags/example_branch_datetime_operator.py took 0.069 seconds
[2023-05-26 22:13:11,874] {processor.py:153} INFO - Started process (PID=28472) to work on /home/raf/pipeline-transform/.venv/lib/python3.9/site-packages/airflow/example_dags/example_branch_datetime_operator.py
[2023-05-26 22:13:11,882] {processor.py:641} INFO - Processing file /home/raf/pipeline-transform/.venv/lib/python3.9/site-packages/airflow/example_dags/example_branch_datetime_operator.py for tasks to queue
[2023-05-26 22:13:11,882] {logging_mixin.py:115} INFO - [2023-05-26 22:13:11,882] {dagbag.py:507} INFO - Filling up the DagBag from /home/raf/pipeline-transform/.venv/lib/python3.9/site-packages/airflow/example_dags/example_branch_datetime_operator.py
[2023-05-26 22:13:11,889] {processor.py:651} INFO - DAG(s) dict_keys(['example_branch_datetime_operator_2']) retrieved from /home/raf/pipeline-transform/.venv/lib/python3.9/site-packages/airflow/example_dags/example_branch_datetime_operator.py
[2023-05-26 22:13:11,902] {logging_mixin.py:115} INFO - [2023-05-26 22:13:11,902] {dag.py:2379} INFO - Sync 1 DAGs
[2023-05-26 22:13:11,918] {logging_mixin.py:115} INFO - [2023-05-26 22:13:11,918] {dag.py:2927} INFO - Setting next_dagrun for example_branch_datetime_operator_2 to 2023-05-26T00:00:00+00:00, run_after=2023-05-27T00:00:00+00:00
[2023-05-26 22:13:11,938] {processor.py:161} INFO - Processing /home/raf/pipeline-transform/.venv/lib/python3.9/site-packages/airflow/example_dags/example_branch_datetime_operator.py took 0.066 seconds
[2023-05-26 22:13:45,925] {processor.py:153} INFO - Started process (PID=28611) to work on /home/raf/pipeline-transform/.venv/lib/python3.9/site-packages/airflow/example_dags/example_branch_datetime_operator.py
[2023-05-26 22:13:45,931] {processor.py:641} INFO - Processing file /home/raf/pipeline-transform/.venv/lib/python3.9/site-packages/airflow/example_dags/example_branch_datetime_operator.py for tasks to queue
[2023-05-26 22:13:45,932] {logging_mixin.py:115} INFO - [2023-05-26 22:13:45,932] {dagbag.py:507} INFO - Filling up the DagBag from /home/raf/pipeline-transform/.venv/lib/python3.9/site-packages/airflow/example_dags/example_branch_datetime_operator.py
[2023-05-26 22:13:45,960] {processor.py:651} INFO - DAG(s) dict_keys(['example_branch_datetime_operator_2']) retrieved from /home/raf/pipeline-transform/.venv/lib/python3.9/site-packages/airflow/example_dags/example_branch_datetime_operator.py
[2023-05-26 22:13:45,984] {logging_mixin.py:115} INFO - [2023-05-26 22:13:45,984] {dag.py:2379} INFO - Sync 1 DAGs
[2023-05-26 22:13:46,020] {logging_mixin.py:115} INFO - [2023-05-26 22:13:46,020] {dag.py:2927} INFO - Setting next_dagrun for example_branch_datetime_operator_2 to 2023-05-26T00:00:00+00:00, run_after=2023-05-27T00:00:00+00:00
[2023-05-26 22:13:46,048] {processor.py:161} INFO - Processing /home/raf/pipeline-transform/.venv/lib/python3.9/site-packages/airflow/example_dags/example_branch_datetime_operator.py took 0.137 seconds
[2023-05-26 22:14:21,969] {processor.py:153} INFO - Started process (PID=28700) to work on /home/raf/pipeline-transform/.venv/lib/python3.9/site-packages/airflow/example_dags/example_branch_datetime_operator.py
[2023-05-26 22:14:21,970] {processor.py:641} INFO - Processing file /home/raf/pipeline-transform/.venv/lib/python3.9/site-packages/airflow/example_dags/example_branch_datetime_operator.py for tasks to queue
[2023-05-26 22:14:21,971] {logging_mixin.py:115} INFO - [2023-05-26 22:14:21,971] {dagbag.py:507} INFO - Filling up the DagBag from /home/raf/pipeline-transform/.venv/lib/python3.9/site-packages/airflow/example_dags/example_branch_datetime_operator.py
[2023-05-26 22:14:21,980] {processor.py:651} INFO - DAG(s) dict_keys(['example_branch_datetime_operator_2']) retrieved from /home/raf/pipeline-transform/.venv/lib/python3.9/site-packages/airflow/example_dags/example_branch_datetime_operator.py
[2023-05-26 22:14:21,997] {logging_mixin.py:115} INFO - [2023-05-26 22:14:21,997] {dag.py:2379} INFO - Sync 1 DAGs
[2023-05-26 22:14:22,016] {logging_mixin.py:115} INFO - [2023-05-26 22:14:22,016] {dag.py:2927} INFO - Setting next_dagrun for example_branch_datetime_operator_2 to 2023-05-26T00:00:00+00:00, run_after=2023-05-27T00:00:00+00:00
[2023-05-26 22:14:22,039] {processor.py:161} INFO - Processing /home/raf/pipeline-transform/.venv/lib/python3.9/site-packages/airflow/example_dags/example_branch_datetime_operator.py took 0.072 seconds
[2023-05-26 22:14:56,542] {processor.py:153} INFO - Started process (PID=28784) to work on /home/raf/pipeline-transform/.venv/lib/python3.9/site-packages/airflow/example_dags/example_branch_datetime_operator.py
[2023-05-26 22:14:56,563] {processor.py:641} INFO - Processing file /home/raf/pipeline-transform/.venv/lib/python3.9/site-packages/airflow/example_dags/example_branch_datetime_operator.py for tasks to queue
[2023-05-26 22:14:56,564] {logging_mixin.py:115} INFO - [2023-05-26 22:14:56,563] {dagbag.py:507} INFO - Filling up the DagBag from /home/raf/pipeline-transform/.venv/lib/python3.9/site-packages/airflow/example_dags/example_branch_datetime_operator.py
[2023-05-26 22:14:56,570] {processor.py:651} INFO - DAG(s) dict_keys(['example_branch_datetime_operator_2']) retrieved from /home/raf/pipeline-transform/.venv/lib/python3.9/site-packages/airflow/example_dags/example_branch_datetime_operator.py
[2023-05-26 22:14:56,583] {logging_mixin.py:115} INFO - [2023-05-26 22:14:56,583] {dag.py:2379} INFO - Sync 1 DAGs
[2023-05-26 22:14:56,598] {logging_mixin.py:115} INFO - [2023-05-26 22:14:56,598] {dag.py:2927} INFO - Setting next_dagrun for example_branch_datetime_operator_2 to 2023-05-26T00:00:00+00:00, run_after=2023-05-27T00:00:00+00:00
[2023-05-26 22:14:56,619] {processor.py:161} INFO - Processing /home/raf/pipeline-transform/.venv/lib/python3.9/site-packages/airflow/example_dags/example_branch_datetime_operator.py took 0.079 seconds
[2023-05-26 22:15:34,098] {processor.py:153} INFO - Started process (PID=28878) to work on /home/raf/pipeline-transform/.venv/lib/python3.9/site-packages/airflow/example_dags/example_branch_datetime_operator.py
[2023-05-26 22:15:34,120] {processor.py:641} INFO - Processing file /home/raf/pipeline-transform/.venv/lib/python3.9/site-packages/airflow/example_dags/example_branch_datetime_operator.py for tasks to queue
[2023-05-26 22:15:34,120] {logging_mixin.py:115} INFO - [2023-05-26 22:15:34,120] {dagbag.py:507} INFO - Filling up the DagBag from /home/raf/pipeline-transform/.venv/lib/python3.9/site-packages/airflow/example_dags/example_branch_datetime_operator.py
[2023-05-26 22:15:34,128] {processor.py:651} INFO - DAG(s) dict_keys(['example_branch_datetime_operator_2']) retrieved from /home/raf/pipeline-transform/.venv/lib/python3.9/site-packages/airflow/example_dags/example_branch_datetime_operator.py
[2023-05-26 22:15:34,153] {logging_mixin.py:115} INFO - [2023-05-26 22:15:34,153] {dag.py:2379} INFO - Sync 1 DAGs
[2023-05-26 22:15:34,181] {logging_mixin.py:115} INFO - [2023-05-26 22:15:34,180] {dag.py:2927} INFO - Setting next_dagrun for example_branch_datetime_operator_2 to 2023-05-26T00:00:00+00:00, run_after=2023-05-27T00:00:00+00:00
[2023-05-26 22:15:34,219] {processor.py:161} INFO - Processing /home/raf/pipeline-transform/.venv/lib/python3.9/site-packages/airflow/example_dags/example_branch_datetime_operator.py took 0.123 seconds
[2023-05-26 22:16:09,348] {processor.py:153} INFO - Started process (PID=28965) to work on /home/raf/pipeline-transform/.venv/lib/python3.9/site-packages/airflow/example_dags/example_branch_datetime_operator.py
[2023-05-26 22:16:09,372] {processor.py:641} INFO - Processing file /home/raf/pipeline-transform/.venv/lib/python3.9/site-packages/airflow/example_dags/example_branch_datetime_operator.py for tasks to queue
[2023-05-26 22:16:09,372] {logging_mixin.py:115} INFO - [2023-05-26 22:16:09,372] {dagbag.py:507} INFO - Filling up the DagBag from /home/raf/pipeline-transform/.venv/lib/python3.9/site-packages/airflow/example_dags/example_branch_datetime_operator.py
[2023-05-26 22:16:09,379] {processor.py:651} INFO - DAG(s) dict_keys(['example_branch_datetime_operator_2']) retrieved from /home/raf/pipeline-transform/.venv/lib/python3.9/site-packages/airflow/example_dags/example_branch_datetime_operator.py
[2023-05-26 22:16:09,391] {logging_mixin.py:115} INFO - [2023-05-26 22:16:09,391] {dag.py:2379} INFO - Sync 1 DAGs
[2023-05-26 22:16:09,407] {logging_mixin.py:115} INFO - [2023-05-26 22:16:09,407] {dag.py:2927} INFO - Setting next_dagrun for example_branch_datetime_operator_2 to 2023-05-26T00:00:00+00:00, run_after=2023-05-27T00:00:00+00:00
[2023-05-26 22:16:09,427] {processor.py:161} INFO - Processing /home/raf/pipeline-transform/.venv/lib/python3.9/site-packages/airflow/example_dags/example_branch_datetime_operator.py took 0.081 seconds
[2023-05-26 22:16:43,036] {processor.py:153} INFO - Started process (PID=29048) to work on /home/raf/pipeline-transform/.venv/lib/python3.9/site-packages/airflow/example_dags/example_branch_datetime_operator.py
[2023-05-26 22:16:43,047] {processor.py:641} INFO - Processing file /home/raf/pipeline-transform/.venv/lib/python3.9/site-packages/airflow/example_dags/example_branch_datetime_operator.py for tasks to queue
[2023-05-26 22:16:43,047] {logging_mixin.py:115} INFO - [2023-05-26 22:16:43,047] {dagbag.py:507} INFO - Filling up the DagBag from /home/raf/pipeline-transform/.venv/lib/python3.9/site-packages/airflow/example_dags/example_branch_datetime_operator.py
[2023-05-26 22:16:43,054] {processor.py:651} INFO - DAG(s) dict_keys(['example_branch_datetime_operator_2']) retrieved from /home/raf/pipeline-transform/.venv/lib/python3.9/site-packages/airflow/example_dags/example_branch_datetime_operator.py
[2023-05-26 22:16:43,067] {logging_mixin.py:115} INFO - [2023-05-26 22:16:43,067] {dag.py:2379} INFO - Sync 1 DAGs
[2023-05-26 22:16:43,083] {logging_mixin.py:115} INFO - [2023-05-26 22:16:43,083] {dag.py:2927} INFO - Setting next_dagrun for example_branch_datetime_operator_2 to 2023-05-26T00:00:00+00:00, run_after=2023-05-27T00:00:00+00:00
[2023-05-26 22:16:43,104] {processor.py:161} INFO - Processing /home/raf/pipeline-transform/.venv/lib/python3.9/site-packages/airflow/example_dags/example_branch_datetime_operator.py took 0.070 seconds
[2023-05-26 22:17:22,637] {processor.py:153} INFO - Started process (PID=29144) to work on /home/raf/pipeline-transform/.venv/lib/python3.9/site-packages/airflow/example_dags/example_branch_datetime_operator.py
[2023-05-26 22:17:22,662] {processor.py:641} INFO - Processing file /home/raf/pipeline-transform/.venv/lib/python3.9/site-packages/airflow/example_dags/example_branch_datetime_operator.py for tasks to queue
[2023-05-26 22:17:22,663] {logging_mixin.py:115} INFO - [2023-05-26 22:17:22,663] {dagbag.py:507} INFO - Filling up the DagBag from /home/raf/pipeline-transform/.venv/lib/python3.9/site-packages/airflow/example_dags/example_branch_datetime_operator.py
[2023-05-26 22:17:22,670] {processor.py:651} INFO - DAG(s) dict_keys(['example_branch_datetime_operator_2']) retrieved from /home/raf/pipeline-transform/.venv/lib/python3.9/site-packages/airflow/example_dags/example_branch_datetime_operator.py
[2023-05-26 22:17:22,684] {logging_mixin.py:115} INFO - [2023-05-26 22:17:22,684] {dag.py:2379} INFO - Sync 1 DAGs
[2023-05-26 22:17:22,700] {logging_mixin.py:115} INFO - [2023-05-26 22:17:22,700] {dag.py:2927} INFO - Setting next_dagrun for example_branch_datetime_operator_2 to 2023-05-26T00:00:00+00:00, run_after=2023-05-27T00:00:00+00:00
[2023-05-26 22:17:22,722] {processor.py:161} INFO - Processing /home/raf/pipeline-transform/.venv/lib/python3.9/site-packages/airflow/example_dags/example_branch_datetime_operator.py took 0.088 seconds
[2023-05-26 22:17:59,571] {processor.py:153} INFO - Started process (PID=29235) to work on /home/raf/pipeline-transform/.venv/lib/python3.9/site-packages/airflow/example_dags/example_branch_datetime_operator.py
[2023-05-26 22:17:59,665] {processor.py:641} INFO - Processing file /home/raf/pipeline-transform/.venv/lib/python3.9/site-packages/airflow/example_dags/example_branch_datetime_operator.py for tasks to queue
[2023-05-26 22:17:59,666] {logging_mixin.py:115} INFO - [2023-05-26 22:17:59,666] {dagbag.py:507} INFO - Filling up the DagBag from /home/raf/pipeline-transform/.venv/lib/python3.9/site-packages/airflow/example_dags/example_branch_datetime_operator.py
[2023-05-26 22:17:59,673] {processor.py:651} INFO - DAG(s) dict_keys(['example_branch_datetime_operator_2']) retrieved from /home/raf/pipeline-transform/.venv/lib/python3.9/site-packages/airflow/example_dags/example_branch_datetime_operator.py
[2023-05-26 22:17:59,690] {logging_mixin.py:115} INFO - [2023-05-26 22:17:59,690] {dag.py:2379} INFO - Sync 1 DAGs
[2023-05-26 22:17:59,707] {logging_mixin.py:115} INFO - [2023-05-26 22:17:59,707] {dag.py:2927} INFO - Setting next_dagrun for example_branch_datetime_operator_2 to 2023-05-26T00:00:00+00:00, run_after=2023-05-27T00:00:00+00:00
[2023-05-26 22:17:59,728] {processor.py:161} INFO - Processing /home/raf/pipeline-transform/.venv/lib/python3.9/site-packages/airflow/example_dags/example_branch_datetime_operator.py took 0.160 seconds
[2023-05-26 22:18:35,779] {processor.py:153} INFO - Started process (PID=29376) to work on /home/raf/pipeline-transform/.venv/lib/python3.9/site-packages/airflow/example_dags/example_branch_datetime_operator.py
[2023-05-26 22:18:35,786] {processor.py:641} INFO - Processing file /home/raf/pipeline-transform/.venv/lib/python3.9/site-packages/airflow/example_dags/example_branch_datetime_operator.py for tasks to queue
[2023-05-26 22:18:35,787] {logging_mixin.py:115} INFO - [2023-05-26 22:18:35,787] {dagbag.py:507} INFO - Filling up the DagBag from /home/raf/pipeline-transform/.venv/lib/python3.9/site-packages/airflow/example_dags/example_branch_datetime_operator.py
[2023-05-26 22:18:35,793] {processor.py:651} INFO - DAG(s) dict_keys(['example_branch_datetime_operator_2']) retrieved from /home/raf/pipeline-transform/.venv/lib/python3.9/site-packages/airflow/example_dags/example_branch_datetime_operator.py
[2023-05-26 22:18:35,807] {logging_mixin.py:115} INFO - [2023-05-26 22:18:35,807] {dag.py:2379} INFO - Sync 1 DAGs
[2023-05-26 22:18:35,824] {logging_mixin.py:115} INFO - [2023-05-26 22:18:35,824] {dag.py:2927} INFO - Setting next_dagrun for example_branch_datetime_operator_2 to 2023-05-26T00:00:00+00:00, run_after=2023-05-27T00:00:00+00:00
[2023-05-26 22:18:35,847] {processor.py:161} INFO - Processing /home/raf/pipeline-transform/.venv/lib/python3.9/site-packages/airflow/example_dags/example_branch_datetime_operator.py took 0.071 seconds
[2023-05-26 22:19:10,666] {processor.py:153} INFO - Started process (PID=29489) to work on /home/raf/pipeline-transform/.venv/lib/python3.9/site-packages/airflow/example_dags/example_branch_datetime_operator.py
[2023-05-26 22:19:10,667] {processor.py:641} INFO - Processing file /home/raf/pipeline-transform/.venv/lib/python3.9/site-packages/airflow/example_dags/example_branch_datetime_operator.py for tasks to queue
[2023-05-26 22:19:10,668] {logging_mixin.py:115} INFO - [2023-05-26 22:19:10,668] {dagbag.py:507} INFO - Filling up the DagBag from /home/raf/pipeline-transform/.venv/lib/python3.9/site-packages/airflow/example_dags/example_branch_datetime_operator.py
[2023-05-26 22:19:10,674] {processor.py:651} INFO - DAG(s) dict_keys(['example_branch_datetime_operator_2']) retrieved from /home/raf/pipeline-transform/.venv/lib/python3.9/site-packages/airflow/example_dags/example_branch_datetime_operator.py
[2023-05-26 22:19:10,688] {logging_mixin.py:115} INFO - [2023-05-26 22:19:10,687] {dag.py:2379} INFO - Sync 1 DAGs
[2023-05-26 22:19:10,705] {logging_mixin.py:115} INFO - [2023-05-26 22:19:10,705] {dag.py:2927} INFO - Setting next_dagrun for example_branch_datetime_operator_2 to 2023-05-26T00:00:00+00:00, run_after=2023-05-27T00:00:00+00:00
[2023-05-26 22:19:10,724] {processor.py:161} INFO - Processing /home/raf/pipeline-transform/.venv/lib/python3.9/site-packages/airflow/example_dags/example_branch_datetime_operator.py took 0.060 seconds
[2023-05-26 22:19:46,483] {processor.py:153} INFO - Started process (PID=29715) to work on /home/raf/pipeline-transform/.venv/lib/python3.9/site-packages/airflow/example_dags/example_branch_datetime_operator.py
[2023-05-26 22:19:46,493] {processor.py:641} INFO - Processing file /home/raf/pipeline-transform/.venv/lib/python3.9/site-packages/airflow/example_dags/example_branch_datetime_operator.py for tasks to queue
[2023-05-26 22:19:46,493] {logging_mixin.py:115} INFO - [2023-05-26 22:19:46,493] {dagbag.py:507} INFO - Filling up the DagBag from /home/raf/pipeline-transform/.venv/lib/python3.9/site-packages/airflow/example_dags/example_branch_datetime_operator.py
[2023-05-26 22:19:46,500] {processor.py:651} INFO - DAG(s) dict_keys(['example_branch_datetime_operator_2']) retrieved from /home/raf/pipeline-transform/.venv/lib/python3.9/site-packages/airflow/example_dags/example_branch_datetime_operator.py
[2023-05-26 22:19:46,513] {logging_mixin.py:115} INFO - [2023-05-26 22:19:46,513] {dag.py:2379} INFO - Sync 1 DAGs
[2023-05-26 22:19:46,531] {logging_mixin.py:115} INFO - [2023-05-26 22:19:46,531] {dag.py:2927} INFO - Setting next_dagrun for example_branch_datetime_operator_2 to 2023-05-26T00:00:00+00:00, run_after=2023-05-27T00:00:00+00:00
[2023-05-26 22:19:46,549] {processor.py:161} INFO - Processing /home/raf/pipeline-transform/.venv/lib/python3.9/site-packages/airflow/example_dags/example_branch_datetime_operator.py took 0.068 seconds
[2023-05-26 22:20:41,508] {processor.py:153} INFO - Started process (PID=30252) to work on /home/raf/pipeline-transform/.venv/lib/python3.9/site-packages/airflow/example_dags/example_branch_datetime_operator.py
[2023-05-26 22:20:41,520] {processor.py:641} INFO - Processing file /home/raf/pipeline-transform/.venv/lib/python3.9/site-packages/airflow/example_dags/example_branch_datetime_operator.py for tasks to queue
[2023-05-26 22:20:41,521] {logging_mixin.py:115} INFO - [2023-05-26 22:20:41,521] {dagbag.py:507} INFO - Filling up the DagBag from /home/raf/pipeline-transform/.venv/lib/python3.9/site-packages/airflow/example_dags/example_branch_datetime_operator.py
[2023-05-26 22:20:41,530] {processor.py:651} INFO - DAG(s) dict_keys(['example_branch_datetime_operator_2']) retrieved from /home/raf/pipeline-transform/.venv/lib/python3.9/site-packages/airflow/example_dags/example_branch_datetime_operator.py
[2023-05-26 22:20:41,547] {logging_mixin.py:115} INFO - [2023-05-26 22:20:41,547] {dag.py:2379} INFO - Sync 1 DAGs
[2023-05-26 22:20:41,573] {logging_mixin.py:115} INFO - [2023-05-26 22:20:41,573] {dag.py:2927} INFO - Setting next_dagrun for example_branch_datetime_operator_2 to 2023-05-26T00:00:00+00:00, run_after=2023-05-27T00:00:00+00:00
[2023-05-26 22:20:41,600] {processor.py:161} INFO - Processing /home/raf/pipeline-transform/.venv/lib/python3.9/site-packages/airflow/example_dags/example_branch_datetime_operator.py took 0.095 seconds
[2023-05-26 22:21:16,435] {processor.py:153} INFO - Started process (PID=30499) to work on /home/raf/pipeline-transform/.venv/lib/python3.9/site-packages/airflow/example_dags/example_branch_datetime_operator.py
[2023-05-26 22:21:16,448] {processor.py:641} INFO - Processing file /home/raf/pipeline-transform/.venv/lib/python3.9/site-packages/airflow/example_dags/example_branch_datetime_operator.py for tasks to queue
[2023-05-26 22:21:16,449] {logging_mixin.py:115} INFO - [2023-05-26 22:21:16,449] {dagbag.py:507} INFO - Filling up the DagBag from /home/raf/pipeline-transform/.venv/lib/python3.9/site-packages/airflow/example_dags/example_branch_datetime_operator.py
[2023-05-26 22:21:16,455] {processor.py:651} INFO - DAG(s) dict_keys(['example_branch_datetime_operator_2']) retrieved from /home/raf/pipeline-transform/.venv/lib/python3.9/site-packages/airflow/example_dags/example_branch_datetime_operator.py
[2023-05-26 22:21:16,468] {logging_mixin.py:115} INFO - [2023-05-26 22:21:16,468] {dag.py:2379} INFO - Sync 1 DAGs
[2023-05-26 22:21:16,483] {logging_mixin.py:115} INFO - [2023-05-26 22:21:16,483] {dag.py:2927} INFO - Setting next_dagrun for example_branch_datetime_operator_2 to 2023-05-26T00:00:00+00:00, run_after=2023-05-27T00:00:00+00:00
[2023-05-26 22:21:16,501] {processor.py:161} INFO - Processing /home/raf/pipeline-transform/.venv/lib/python3.9/site-packages/airflow/example_dags/example_branch_datetime_operator.py took 0.068 seconds
[2023-05-26 22:21:51,611] {processor.py:153} INFO - Started process (PID=30691) to work on /home/raf/pipeline-transform/.venv/lib/python3.9/site-packages/airflow/example_dags/example_branch_datetime_operator.py
[2023-05-26 22:21:51,626] {processor.py:641} INFO - Processing file /home/raf/pipeline-transform/.venv/lib/python3.9/site-packages/airflow/example_dags/example_branch_datetime_operator.py for tasks to queue
[2023-05-26 22:21:51,626] {logging_mixin.py:115} INFO - [2023-05-26 22:21:51,626] {dagbag.py:507} INFO - Filling up the DagBag from /home/raf/pipeline-transform/.venv/lib/python3.9/site-packages/airflow/example_dags/example_branch_datetime_operator.py
[2023-05-26 22:21:51,634] {processor.py:651} INFO - DAG(s) dict_keys(['example_branch_datetime_operator_2']) retrieved from /home/raf/pipeline-transform/.venv/lib/python3.9/site-packages/airflow/example_dags/example_branch_datetime_operator.py
[2023-05-26 22:21:51,648] {logging_mixin.py:115} INFO - [2023-05-26 22:21:51,648] {dag.py:2379} INFO - Sync 1 DAGs
[2023-05-26 22:21:51,664] {logging_mixin.py:115} INFO - [2023-05-26 22:21:51,664] {dag.py:2927} INFO - Setting next_dagrun for example_branch_datetime_operator_2 to 2023-05-26T00:00:00+00:00, run_after=2023-05-27T00:00:00+00:00
[2023-05-26 22:21:51,684] {processor.py:161} INFO - Processing /home/raf/pipeline-transform/.venv/lib/python3.9/site-packages/airflow/example_dags/example_branch_datetime_operator.py took 0.075 seconds
[2023-05-26 22:22:29,837] {processor.py:153} INFO - Started process (PID=31044) to work on /home/raf/pipeline-transform/.venv/lib/python3.9/site-packages/airflow/example_dags/example_branch_datetime_operator.py
[2023-05-26 22:22:29,855] {processor.py:641} INFO - Processing file /home/raf/pipeline-transform/.venv/lib/python3.9/site-packages/airflow/example_dags/example_branch_datetime_operator.py for tasks to queue
[2023-05-26 22:22:29,857] {logging_mixin.py:115} INFO - [2023-05-26 22:22:29,857] {dagbag.py:507} INFO - Filling up the DagBag from /home/raf/pipeline-transform/.venv/lib/python3.9/site-packages/airflow/example_dags/example_branch_datetime_operator.py
[2023-05-26 22:22:29,866] {processor.py:651} INFO - DAG(s) dict_keys(['example_branch_datetime_operator_2']) retrieved from /home/raf/pipeline-transform/.venv/lib/python3.9/site-packages/airflow/example_dags/example_branch_datetime_operator.py
[2023-05-26 22:22:29,884] {logging_mixin.py:115} INFO - [2023-05-26 22:22:29,884] {dag.py:2379} INFO - Sync 1 DAGs
[2023-05-26 22:22:29,908] {logging_mixin.py:115} INFO - [2023-05-26 22:22:29,908] {dag.py:2927} INFO - Setting next_dagrun for example_branch_datetime_operator_2 to 2023-05-26T00:00:00+00:00, run_after=2023-05-27T00:00:00+00:00
[2023-05-26 22:22:29,933] {processor.py:161} INFO - Processing /home/raf/pipeline-transform/.venv/lib/python3.9/site-packages/airflow/example_dags/example_branch_datetime_operator.py took 0.099 seconds
[2023-05-26 22:23:03,831] {processor.py:153} INFO - Started process (PID=31132) to work on /home/raf/pipeline-transform/.venv/lib/python3.9/site-packages/airflow/example_dags/example_branch_datetime_operator.py
[2023-05-26 22:23:03,835] {processor.py:641} INFO - Processing file /home/raf/pipeline-transform/.venv/lib/python3.9/site-packages/airflow/example_dags/example_branch_datetime_operator.py for tasks to queue
[2023-05-26 22:23:03,836] {logging_mixin.py:115} INFO - [2023-05-26 22:23:03,836] {dagbag.py:507} INFO - Filling up the DagBag from /home/raf/pipeline-transform/.venv/lib/python3.9/site-packages/airflow/example_dags/example_branch_datetime_operator.py
[2023-05-26 22:23:03,843] {processor.py:651} INFO - DAG(s) dict_keys(['example_branch_datetime_operator_2']) retrieved from /home/raf/pipeline-transform/.venv/lib/python3.9/site-packages/airflow/example_dags/example_branch_datetime_operator.py
[2023-05-26 22:23:03,857] {logging_mixin.py:115} INFO - [2023-05-26 22:23:03,857] {dag.py:2379} INFO - Sync 1 DAGs
[2023-05-26 22:23:03,877] {logging_mixin.py:115} INFO - [2023-05-26 22:23:03,876] {dag.py:2927} INFO - Setting next_dagrun for example_branch_datetime_operator_2 to 2023-05-26T00:00:00+00:00, run_after=2023-05-27T00:00:00+00:00
[2023-05-26 22:23:03,895] {processor.py:161} INFO - Processing /home/raf/pipeline-transform/.venv/lib/python3.9/site-packages/airflow/example_dags/example_branch_datetime_operator.py took 0.067 seconds
[2023-05-26 22:23:40,999] {processor.py:153} INFO - Started process (PID=31227) to work on /home/raf/pipeline-transform/.venv/lib/python3.9/site-packages/airflow/example_dags/example_branch_datetime_operator.py
[2023-05-26 22:23:41,006] {processor.py:641} INFO - Processing file /home/raf/pipeline-transform/.venv/lib/python3.9/site-packages/airflow/example_dags/example_branch_datetime_operator.py for tasks to queue
[2023-05-26 22:23:41,006] {logging_mixin.py:115} INFO - [2023-05-26 22:23:41,006] {dagbag.py:507} INFO - Filling up the DagBag from /home/raf/pipeline-transform/.venv/lib/python3.9/site-packages/airflow/example_dags/example_branch_datetime_operator.py
[2023-05-26 22:23:41,013] {processor.py:651} INFO - DAG(s) dict_keys(['example_branch_datetime_operator_2']) retrieved from /home/raf/pipeline-transform/.venv/lib/python3.9/site-packages/airflow/example_dags/example_branch_datetime_operator.py
[2023-05-26 22:23:41,026] {logging_mixin.py:115} INFO - [2023-05-26 22:23:41,026] {dag.py:2379} INFO - Sync 1 DAGs
[2023-05-26 22:23:41,043] {logging_mixin.py:115} INFO - [2023-05-26 22:23:41,043] {dag.py:2927} INFO - Setting next_dagrun for example_branch_datetime_operator_2 to 2023-05-26T00:00:00+00:00, run_after=2023-05-27T00:00:00+00:00
[2023-05-26 22:23:41,068] {processor.py:161} INFO - Processing /home/raf/pipeline-transform/.venv/lib/python3.9/site-packages/airflow/example_dags/example_branch_datetime_operator.py took 0.071 seconds
[2023-05-26 22:24:17,186] {processor.py:153} INFO - Started process (PID=31316) to work on /home/raf/pipeline-transform/.venv/lib/python3.9/site-packages/airflow/example_dags/example_branch_datetime_operator.py
[2023-05-26 22:24:17,188] {processor.py:641} INFO - Processing file /home/raf/pipeline-transform/.venv/lib/python3.9/site-packages/airflow/example_dags/example_branch_datetime_operator.py for tasks to queue
[2023-05-26 22:24:17,189] {logging_mixin.py:115} INFO - [2023-05-26 22:24:17,189] {dagbag.py:507} INFO - Filling up the DagBag from /home/raf/pipeline-transform/.venv/lib/python3.9/site-packages/airflow/example_dags/example_branch_datetime_operator.py
[2023-05-26 22:24:17,200] {processor.py:651} INFO - DAG(s) dict_keys(['example_branch_datetime_operator_2']) retrieved from /home/raf/pipeline-transform/.venv/lib/python3.9/site-packages/airflow/example_dags/example_branch_datetime_operator.py
[2023-05-26 22:24:17,216] {logging_mixin.py:115} INFO - [2023-05-26 22:24:17,216] {dag.py:2379} INFO - Sync 1 DAGs
[2023-05-26 22:24:17,235] {logging_mixin.py:115} INFO - [2023-05-26 22:24:17,235] {dag.py:2927} INFO - Setting next_dagrun for example_branch_datetime_operator_2 to 2023-05-26T00:00:00+00:00, run_after=2023-05-27T00:00:00+00:00
[2023-05-26 22:24:17,256] {processor.py:161} INFO - Processing /home/raf/pipeline-transform/.venv/lib/python3.9/site-packages/airflow/example_dags/example_branch_datetime_operator.py took 0.073 seconds
[2023-05-26 22:24:52,109] {processor.py:153} INFO - Started process (PID=31406) to work on /home/raf/pipeline-transform/.venv/lib/python3.9/site-packages/airflow/example_dags/example_branch_datetime_operator.py
[2023-05-26 22:24:52,133] {processor.py:641} INFO - Processing file /home/raf/pipeline-transform/.venv/lib/python3.9/site-packages/airflow/example_dags/example_branch_datetime_operator.py for tasks to queue
[2023-05-26 22:24:52,134] {logging_mixin.py:115} INFO - [2023-05-26 22:24:52,134] {dagbag.py:507} INFO - Filling up the DagBag from /home/raf/pipeline-transform/.venv/lib/python3.9/site-packages/airflow/example_dags/example_branch_datetime_operator.py
[2023-05-26 22:24:52,140] {processor.py:651} INFO - DAG(s) dict_keys(['example_branch_datetime_operator_2']) retrieved from /home/raf/pipeline-transform/.venv/lib/python3.9/site-packages/airflow/example_dags/example_branch_datetime_operator.py
[2023-05-26 22:24:52,154] {logging_mixin.py:115} INFO - [2023-05-26 22:24:52,154] {dag.py:2379} INFO - Sync 1 DAGs
[2023-05-26 22:24:52,169] {logging_mixin.py:115} INFO - [2023-05-26 22:24:52,169] {dag.py:2927} INFO - Setting next_dagrun for example_branch_datetime_operator_2 to 2023-05-26T00:00:00+00:00, run_after=2023-05-27T00:00:00+00:00
[2023-05-26 22:24:52,189] {processor.py:161} INFO - Processing /home/raf/pipeline-transform/.venv/lib/python3.9/site-packages/airflow/example_dags/example_branch_datetime_operator.py took 0.082 seconds
[2023-05-26 22:25:26,962] {processor.py:153} INFO - Started process (PID=31600) to work on /home/raf/pipeline-transform/.venv/lib/python3.9/site-packages/airflow/example_dags/example_branch_datetime_operator.py
[2023-05-26 22:25:26,963] {processor.py:641} INFO - Processing file /home/raf/pipeline-transform/.venv/lib/python3.9/site-packages/airflow/example_dags/example_branch_datetime_operator.py for tasks to queue
[2023-05-26 22:25:26,963] {logging_mixin.py:115} INFO - [2023-05-26 22:25:26,963] {dagbag.py:507} INFO - Filling up the DagBag from /home/raf/pipeline-transform/.venv/lib/python3.9/site-packages/airflow/example_dags/example_branch_datetime_operator.py
[2023-05-26 22:25:26,974] {processor.py:651} INFO - DAG(s) dict_keys(['example_branch_datetime_operator_2']) retrieved from /home/raf/pipeline-transform/.venv/lib/python3.9/site-packages/airflow/example_dags/example_branch_datetime_operator.py
[2023-05-26 22:25:26,994] {logging_mixin.py:115} INFO - [2023-05-26 22:25:26,994] {dag.py:2379} INFO - Sync 1 DAGs
[2023-05-26 22:25:27,017] {logging_mixin.py:115} INFO - [2023-05-26 22:25:27,017] {dag.py:2927} INFO - Setting next_dagrun for example_branch_datetime_operator_2 to 2023-05-26T00:00:00+00:00, run_after=2023-05-27T00:00:00+00:00
[2023-05-26 22:25:27,054] {processor.py:161} INFO - Processing /home/raf/pipeline-transform/.venv/lib/python3.9/site-packages/airflow/example_dags/example_branch_datetime_operator.py took 0.096 seconds
[2023-05-26 22:26:12,321] {processor.py:153} INFO - Started process (PID=31858) to work on /home/raf/pipeline-transform/.venv/lib/python3.9/site-packages/airflow/example_dags/example_branch_datetime_operator.py
[2023-05-26 22:26:12,338] {processor.py:641} INFO - Processing file /home/raf/pipeline-transform/.venv/lib/python3.9/site-packages/airflow/example_dags/example_branch_datetime_operator.py for tasks to queue
[2023-05-26 22:26:12,338] {logging_mixin.py:115} INFO - [2023-05-26 22:26:12,338] {dagbag.py:507} INFO - Filling up the DagBag from /home/raf/pipeline-transform/.venv/lib/python3.9/site-packages/airflow/example_dags/example_branch_datetime_operator.py
[2023-05-26 22:26:12,344] {processor.py:651} INFO - DAG(s) dict_keys(['example_branch_datetime_operator_2']) retrieved from /home/raf/pipeline-transform/.venv/lib/python3.9/site-packages/airflow/example_dags/example_branch_datetime_operator.py
[2023-05-26 22:26:12,359] {logging_mixin.py:115} INFO - [2023-05-26 22:26:12,359] {dag.py:2379} INFO - Sync 1 DAGs
[2023-05-26 22:26:12,375] {logging_mixin.py:115} INFO - [2023-05-26 22:26:12,375] {dag.py:2927} INFO - Setting next_dagrun for example_branch_datetime_operator_2 to 2023-05-26T00:00:00+00:00, run_after=2023-05-27T00:00:00+00:00
[2023-05-26 22:26:12,396] {processor.py:161} INFO - Processing /home/raf/pipeline-transform/.venv/lib/python3.9/site-packages/airflow/example_dags/example_branch_datetime_operator.py took 0.078 seconds
[2023-05-26 22:26:51,247] {processor.py:153} INFO - Started process (PID=31972) to work on /home/raf/pipeline-transform/.venv/lib/python3.9/site-packages/airflow/example_dags/example_branch_datetime_operator.py
[2023-05-26 22:26:51,264] {processor.py:641} INFO - Processing file /home/raf/pipeline-transform/.venv/lib/python3.9/site-packages/airflow/example_dags/example_branch_datetime_operator.py for tasks to queue
[2023-05-26 22:26:51,264] {logging_mixin.py:115} INFO - [2023-05-26 22:26:51,264] {dagbag.py:507} INFO - Filling up the DagBag from /home/raf/pipeline-transform/.venv/lib/python3.9/site-packages/airflow/example_dags/example_branch_datetime_operator.py
[2023-05-26 22:26:51,273] {processor.py:651} INFO - DAG(s) dict_keys(['example_branch_datetime_operator_2']) retrieved from /home/raf/pipeline-transform/.venv/lib/python3.9/site-packages/airflow/example_dags/example_branch_datetime_operator.py
[2023-05-26 22:26:51,294] {logging_mixin.py:115} INFO - [2023-05-26 22:26:51,294] {dag.py:2379} INFO - Sync 1 DAGs
[2023-05-26 22:26:51,310] {logging_mixin.py:115} INFO - [2023-05-26 22:26:51,309] {dag.py:2927} INFO - Setting next_dagrun for example_branch_datetime_operator_2 to 2023-05-26T00:00:00+00:00, run_after=2023-05-27T00:00:00+00:00
[2023-05-26 22:26:51,332] {processor.py:161} INFO - Processing /home/raf/pipeline-transform/.venv/lib/python3.9/site-packages/airflow/example_dags/example_branch_datetime_operator.py took 0.089 seconds
[2023-05-26 22:27:28,847] {processor.py:153} INFO - Started process (PID=32104) to work on /home/raf/pipeline-transform/.venv/lib/python3.9/site-packages/airflow/example_dags/example_branch_datetime_operator.py
[2023-05-26 22:27:28,866] {processor.py:641} INFO - Processing file /home/raf/pipeline-transform/.venv/lib/python3.9/site-packages/airflow/example_dags/example_branch_datetime_operator.py for tasks to queue
[2023-05-26 22:27:28,866] {logging_mixin.py:115} INFO - [2023-05-26 22:27:28,866] {dagbag.py:507} INFO - Filling up the DagBag from /home/raf/pipeline-transform/.venv/lib/python3.9/site-packages/airflow/example_dags/example_branch_datetime_operator.py
[2023-05-26 22:27:28,873] {processor.py:651} INFO - DAG(s) dict_keys(['example_branch_datetime_operator_2']) retrieved from /home/raf/pipeline-transform/.venv/lib/python3.9/site-packages/airflow/example_dags/example_branch_datetime_operator.py
[2023-05-26 22:27:28,887] {logging_mixin.py:115} INFO - [2023-05-26 22:27:28,887] {dag.py:2379} INFO - Sync 1 DAGs
[2023-05-26 22:27:28,903] {logging_mixin.py:115} INFO - [2023-05-26 22:27:28,903] {dag.py:2927} INFO - Setting next_dagrun for example_branch_datetime_operator_2 to 2023-05-26T00:00:00+00:00, run_after=2023-05-27T00:00:00+00:00
[2023-05-26 22:27:28,925] {processor.py:161} INFO - Processing /home/raf/pipeline-transform/.venv/lib/python3.9/site-packages/airflow/example_dags/example_branch_datetime_operator.py took 0.080 seconds
[2023-05-26 22:28:07,811] {processor.py:153} INFO - Started process (PID=32244) to work on /home/raf/pipeline-transform/.venv/lib/python3.9/site-packages/airflow/example_dags/example_branch_datetime_operator.py
[2023-05-26 22:28:07,832] {processor.py:641} INFO - Processing file /home/raf/pipeline-transform/.venv/lib/python3.9/site-packages/airflow/example_dags/example_branch_datetime_operator.py for tasks to queue
[2023-05-26 22:28:07,832] {logging_mixin.py:115} INFO - [2023-05-26 22:28:07,832] {dagbag.py:507} INFO - Filling up the DagBag from /home/raf/pipeline-transform/.venv/lib/python3.9/site-packages/airflow/example_dags/example_branch_datetime_operator.py
[2023-05-26 22:28:07,854] {processor.py:651} INFO - DAG(s) dict_keys(['example_branch_datetime_operator_2']) retrieved from /home/raf/pipeline-transform/.venv/lib/python3.9/site-packages/airflow/example_dags/example_branch_datetime_operator.py
[2023-05-26 22:28:07,874] {logging_mixin.py:115} INFO - [2023-05-26 22:28:07,874] {dag.py:2379} INFO - Sync 1 DAGs
[2023-05-26 22:28:07,907] {logging_mixin.py:115} INFO - [2023-05-26 22:28:07,907] {dag.py:2927} INFO - Setting next_dagrun for example_branch_datetime_operator_2 to 2023-05-26T00:00:00+00:00, run_after=2023-05-27T00:00:00+00:00
[2023-05-26 22:28:07,955] {processor.py:161} INFO - Processing /home/raf/pipeline-transform/.venv/lib/python3.9/site-packages/airflow/example_dags/example_branch_datetime_operator.py took 0.149 seconds
[2023-05-26 22:28:46,790] {processor.py:153} INFO - Started process (PID=32340) to work on /home/raf/pipeline-transform/.venv/lib/python3.9/site-packages/airflow/example_dags/example_branch_datetime_operator.py
[2023-05-26 22:28:46,805] {processor.py:641} INFO - Processing file /home/raf/pipeline-transform/.venv/lib/python3.9/site-packages/airflow/example_dags/example_branch_datetime_operator.py for tasks to queue
[2023-05-26 22:28:46,805] {logging_mixin.py:115} INFO - [2023-05-26 22:28:46,805] {dagbag.py:507} INFO - Filling up the DagBag from /home/raf/pipeline-transform/.venv/lib/python3.9/site-packages/airflow/example_dags/example_branch_datetime_operator.py
[2023-05-26 22:28:46,812] {processor.py:651} INFO - DAG(s) dict_keys(['example_branch_datetime_operator_2']) retrieved from /home/raf/pipeline-transform/.venv/lib/python3.9/site-packages/airflow/example_dags/example_branch_datetime_operator.py
[2023-05-26 22:28:46,826] {logging_mixin.py:115} INFO - [2023-05-26 22:28:46,826] {dag.py:2379} INFO - Sync 1 DAGs
[2023-05-26 22:28:46,842] {logging_mixin.py:115} INFO - [2023-05-26 22:28:46,842] {dag.py:2927} INFO - Setting next_dagrun for example_branch_datetime_operator_2 to 2023-05-26T00:00:00+00:00, run_after=2023-05-27T00:00:00+00:00
[2023-05-26 22:28:46,865] {processor.py:161} INFO - Processing /home/raf/pipeline-transform/.venv/lib/python3.9/site-packages/airflow/example_dags/example_branch_datetime_operator.py took 0.078 seconds
[2023-05-26 22:29:25,238] {processor.py:153} INFO - Started process (PID=32438) to work on /home/raf/pipeline-transform/.venv/lib/python3.9/site-packages/airflow/example_dags/example_branch_datetime_operator.py
[2023-05-26 22:29:25,239] {processor.py:641} INFO - Processing file /home/raf/pipeline-transform/.venv/lib/python3.9/site-packages/airflow/example_dags/example_branch_datetime_operator.py for tasks to queue
[2023-05-26 22:29:25,240] {logging_mixin.py:115} INFO - [2023-05-26 22:29:25,240] {dagbag.py:507} INFO - Filling up the DagBag from /home/raf/pipeline-transform/.venv/lib/python3.9/site-packages/airflow/example_dags/example_branch_datetime_operator.py
[2023-05-26 22:29:25,246] {processor.py:651} INFO - DAG(s) dict_keys(['example_branch_datetime_operator_2']) retrieved from /home/raf/pipeline-transform/.venv/lib/python3.9/site-packages/airflow/example_dags/example_branch_datetime_operator.py
[2023-05-26 22:29:25,261] {logging_mixin.py:115} INFO - [2023-05-26 22:29:25,260] {dag.py:2379} INFO - Sync 1 DAGs
[2023-05-26 22:29:25,276] {logging_mixin.py:115} INFO - [2023-05-26 22:29:25,276] {dag.py:2927} INFO - Setting next_dagrun for example_branch_datetime_operator_2 to 2023-05-26T00:00:00+00:00, run_after=2023-05-27T00:00:00+00:00
[2023-05-26 22:29:25,300] {processor.py:161} INFO - Processing /home/raf/pipeline-transform/.venv/lib/python3.9/site-packages/airflow/example_dags/example_branch_datetime_operator.py took 0.064 seconds
[2023-05-26 22:30:01,182] {processor.py:153} INFO - Started process (PID=32527) to work on /home/raf/pipeline-transform/.venv/lib/python3.9/site-packages/airflow/example_dags/example_branch_datetime_operator.py
[2023-05-26 22:30:01,207] {processor.py:641} INFO - Processing file /home/raf/pipeline-transform/.venv/lib/python3.9/site-packages/airflow/example_dags/example_branch_datetime_operator.py for tasks to queue
[2023-05-26 22:30:01,208] {logging_mixin.py:115} INFO - [2023-05-26 22:30:01,207] {dagbag.py:507} INFO - Filling up the DagBag from /home/raf/pipeline-transform/.venv/lib/python3.9/site-packages/airflow/example_dags/example_branch_datetime_operator.py
[2023-05-26 22:30:01,216] {processor.py:651} INFO - DAG(s) dict_keys(['example_branch_datetime_operator_2']) retrieved from /home/raf/pipeline-transform/.venv/lib/python3.9/site-packages/airflow/example_dags/example_branch_datetime_operator.py
[2023-05-26 22:30:01,232] {logging_mixin.py:115} INFO - [2023-05-26 22:30:01,232] {dag.py:2379} INFO - Sync 1 DAGs
[2023-05-26 22:30:01,250] {logging_mixin.py:115} INFO - [2023-05-26 22:30:01,250] {dag.py:2927} INFO - Setting next_dagrun for example_branch_datetime_operator_2 to 2023-05-26T00:00:00+00:00, run_after=2023-05-27T00:00:00+00:00
[2023-05-26 22:30:01,272] {processor.py:161} INFO - Processing /home/raf/pipeline-transform/.venv/lib/python3.9/site-packages/airflow/example_dags/example_branch_datetime_operator.py took 0.093 seconds
[2023-05-26 22:30:37,067] {processor.py:153} INFO - Started process (PID=32740) to work on /home/raf/pipeline-transform/.venv/lib/python3.9/site-packages/airflow/example_dags/example_branch_datetime_operator.py
[2023-05-26 22:30:37,093] {processor.py:641} INFO - Processing file /home/raf/pipeline-transform/.venv/lib/python3.9/site-packages/airflow/example_dags/example_branch_datetime_operator.py for tasks to queue
[2023-05-26 22:30:37,094] {logging_mixin.py:115} INFO - [2023-05-26 22:30:37,093] {dagbag.py:507} INFO - Filling up the DagBag from /home/raf/pipeline-transform/.venv/lib/python3.9/site-packages/airflow/example_dags/example_branch_datetime_operator.py
[2023-05-26 22:30:37,100] {processor.py:651} INFO - DAG(s) dict_keys(['example_branch_datetime_operator_2']) retrieved from /home/raf/pipeline-transform/.venv/lib/python3.9/site-packages/airflow/example_dags/example_branch_datetime_operator.py
[2023-05-26 22:30:37,114] {logging_mixin.py:115} INFO - [2023-05-26 22:30:37,114] {dag.py:2379} INFO - Sync 1 DAGs
[2023-05-26 22:30:37,132] {logging_mixin.py:115} INFO - [2023-05-26 22:30:37,132] {dag.py:2927} INFO - Setting next_dagrun for example_branch_datetime_operator_2 to 2023-05-26T00:00:00+00:00, run_after=2023-05-27T00:00:00+00:00
[2023-05-26 22:30:37,152] {processor.py:161} INFO - Processing /home/raf/pipeline-transform/.venv/lib/python3.9/site-packages/airflow/example_dags/example_branch_datetime_operator.py took 0.088 seconds
[2023-05-26 22:31:12,939] {processor.py:153} INFO - Started process (PID=395) to work on /home/raf/pipeline-transform/.venv/lib/python3.9/site-packages/airflow/example_dags/example_branch_datetime_operator.py
[2023-05-26 22:31:12,965] {processor.py:641} INFO - Processing file /home/raf/pipeline-transform/.venv/lib/python3.9/site-packages/airflow/example_dags/example_branch_datetime_operator.py for tasks to queue
[2023-05-26 22:31:12,966] {logging_mixin.py:115} INFO - [2023-05-26 22:31:12,966] {dagbag.py:507} INFO - Filling up the DagBag from /home/raf/pipeline-transform/.venv/lib/python3.9/site-packages/airflow/example_dags/example_branch_datetime_operator.py
[2023-05-26 22:31:12,973] {processor.py:651} INFO - DAG(s) dict_keys(['example_branch_datetime_operator_2']) retrieved from /home/raf/pipeline-transform/.venv/lib/python3.9/site-packages/airflow/example_dags/example_branch_datetime_operator.py
[2023-05-26 22:31:12,991] {logging_mixin.py:115} INFO - [2023-05-26 22:31:12,991] {dag.py:2379} INFO - Sync 1 DAGs
[2023-05-26 22:31:13,016] {logging_mixin.py:115} INFO - [2023-05-26 22:31:13,016] {dag.py:2927} INFO - Setting next_dagrun for example_branch_datetime_operator_2 to 2023-05-26T00:00:00+00:00, run_after=2023-05-27T00:00:00+00:00
[2023-05-26 22:31:13,037] {processor.py:161} INFO - Processing /home/raf/pipeline-transform/.venv/lib/python3.9/site-packages/airflow/example_dags/example_branch_datetime_operator.py took 0.100 seconds
[2023-05-26 22:31:49,860] {processor.py:153} INFO - Started process (PID=487) to work on /home/raf/pipeline-transform/.venv/lib/python3.9/site-packages/airflow/example_dags/example_branch_datetime_operator.py
[2023-05-26 22:31:49,865] {processor.py:641} INFO - Processing file /home/raf/pipeline-transform/.venv/lib/python3.9/site-packages/airflow/example_dags/example_branch_datetime_operator.py for tasks to queue
[2023-05-26 22:31:49,865] {logging_mixin.py:115} INFO - [2023-05-26 22:31:49,865] {dagbag.py:507} INFO - Filling up the DagBag from /home/raf/pipeline-transform/.venv/lib/python3.9/site-packages/airflow/example_dags/example_branch_datetime_operator.py
[2023-05-26 22:31:49,871] {processor.py:651} INFO - DAG(s) dict_keys(['example_branch_datetime_operator_2']) retrieved from /home/raf/pipeline-transform/.venv/lib/python3.9/site-packages/airflow/example_dags/example_branch_datetime_operator.py
[2023-05-26 22:31:49,887] {logging_mixin.py:115} INFO - [2023-05-26 22:31:49,887] {dag.py:2379} INFO - Sync 1 DAGs
[2023-05-26 22:31:49,906] {logging_mixin.py:115} INFO - [2023-05-26 22:31:49,906] {dag.py:2927} INFO - Setting next_dagrun for example_branch_datetime_operator_2 to 2023-05-26T00:00:00+00:00, run_after=2023-05-27T00:00:00+00:00
[2023-05-26 22:31:49,927] {processor.py:161} INFO - Processing /home/raf/pipeline-transform/.venv/lib/python3.9/site-packages/airflow/example_dags/example_branch_datetime_operator.py took 0.069 seconds
