[2023-05-26 22:03:20,351] {processor.py:153} INFO - Started process (PID=25837) to work on /home/raf/pipeline-transform/.venv/lib/python3.9/site-packages/airflow/example_dags/example_kubernetes_executor.py
[2023-05-26 22:03:20,351] {processor.py:641} INFO - Processing file /home/raf/pipeline-transform/.venv/lib/python3.9/site-packages/airflow/example_dags/example_kubernetes_executor.py for tasks to queue
[2023-05-26 22:03:20,352] {logging_mixin.py:115} INFO - [2023-05-26 22:03:20,352] {dagbag.py:507} INFO - Filling up the DagBag from /home/raf/pipeline-transform/.venv/lib/python3.9/site-packages/airflow/example_dags/example_kubernetes_executor.py
[2023-05-26 22:03:20,363] {logging_mixin.py:115} INFO - [2023-05-26 22:03:20,363] {example_kubernetes_executor.py:39} WARNING - The example_kubernetes_executor example DAG requires the kubernetes provider. Please install it with: pip install apache-airflow[cncf.kubernetes]
[2023-05-26 22:03:20,363] {processor.py:653} WARNING - No viable dags retrieved from /home/raf/pipeline-transform/.venv/lib/python3.9/site-packages/airflow/example_dags/example_kubernetes_executor.py
[2023-05-26 22:03:20,371] {processor.py:161} INFO - Processing /home/raf/pipeline-transform/.venv/lib/python3.9/site-packages/airflow/example_dags/example_kubernetes_executor.py took 0.023 seconds
[2023-05-26 22:03:56,765] {processor.py:153} INFO - Started process (PID=26234) to work on /home/raf/pipeline-transform/.venv/lib/python3.9/site-packages/airflow/example_dags/example_kubernetes_executor.py
[2023-05-26 22:03:56,771] {processor.py:641} INFO - Processing file /home/raf/pipeline-transform/.venv/lib/python3.9/site-packages/airflow/example_dags/example_kubernetes_executor.py for tasks to queue
[2023-05-26 22:03:56,772] {logging_mixin.py:115} INFO - [2023-05-26 22:03:56,772] {dagbag.py:507} INFO - Filling up the DagBag from /home/raf/pipeline-transform/.venv/lib/python3.9/site-packages/airflow/example_dags/example_kubernetes_executor.py
[2023-05-26 22:03:56,783] {logging_mixin.py:115} INFO - [2023-05-26 22:03:56,783] {example_kubernetes_executor.py:39} WARNING - The example_kubernetes_executor example DAG requires the kubernetes provider. Please install it with: pip install apache-airflow[cncf.kubernetes]
[2023-05-26 22:03:56,784] {processor.py:653} WARNING - No viable dags retrieved from /home/raf/pipeline-transform/.venv/lib/python3.9/site-packages/airflow/example_dags/example_kubernetes_executor.py
[2023-05-26 22:03:56,792] {processor.py:161} INFO - Processing /home/raf/pipeline-transform/.venv/lib/python3.9/site-packages/airflow/example_dags/example_kubernetes_executor.py took 0.029 seconds
[2023-05-26 22:04:30,979] {processor.py:153} INFO - Started process (PID=26317) to work on /home/raf/pipeline-transform/.venv/lib/python3.9/site-packages/airflow/example_dags/example_kubernetes_executor.py
[2023-05-26 22:04:30,986] {processor.py:641} INFO - Processing file /home/raf/pipeline-transform/.venv/lib/python3.9/site-packages/airflow/example_dags/example_kubernetes_executor.py for tasks to queue
[2023-05-26 22:04:30,987] {logging_mixin.py:115} INFO - [2023-05-26 22:04:30,987] {dagbag.py:507} INFO - Filling up the DagBag from /home/raf/pipeline-transform/.venv/lib/python3.9/site-packages/airflow/example_dags/example_kubernetes_executor.py
[2023-05-26 22:04:30,999] {logging_mixin.py:115} INFO - [2023-05-26 22:04:30,999] {example_kubernetes_executor.py:39} WARNING - The example_kubernetes_executor example DAG requires the kubernetes provider. Please install it with: pip install apache-airflow[cncf.kubernetes]
[2023-05-26 22:04:30,999] {processor.py:653} WARNING - No viable dags retrieved from /home/raf/pipeline-transform/.venv/lib/python3.9/site-packages/airflow/example_dags/example_kubernetes_executor.py
[2023-05-26 22:04:31,007] {processor.py:161} INFO - Processing /home/raf/pipeline-transform/.venv/lib/python3.9/site-packages/airflow/example_dags/example_kubernetes_executor.py took 0.031 seconds
[2023-05-26 22:05:05,161] {processor.py:153} INFO - Started process (PID=26658) to work on /home/raf/pipeline-transform/.venv/lib/python3.9/site-packages/airflow/example_dags/example_kubernetes_executor.py
[2023-05-26 22:05:05,170] {processor.py:641} INFO - Processing file /home/raf/pipeline-transform/.venv/lib/python3.9/site-packages/airflow/example_dags/example_kubernetes_executor.py for tasks to queue
[2023-05-26 22:05:05,170] {logging_mixin.py:115} INFO - [2023-05-26 22:05:05,170] {dagbag.py:507} INFO - Filling up the DagBag from /home/raf/pipeline-transform/.venv/lib/python3.9/site-packages/airflow/example_dags/example_kubernetes_executor.py
[2023-05-26 22:05:05,183] {logging_mixin.py:115} INFO - [2023-05-26 22:05:05,183] {example_kubernetes_executor.py:39} WARNING - The example_kubernetes_executor example DAG requires the kubernetes provider. Please install it with: pip install apache-airflow[cncf.kubernetes]
[2023-05-26 22:05:05,183] {processor.py:653} WARNING - No viable dags retrieved from /home/raf/pipeline-transform/.venv/lib/python3.9/site-packages/airflow/example_dags/example_kubernetes_executor.py
[2023-05-26 22:05:05,194] {processor.py:161} INFO - Processing /home/raf/pipeline-transform/.venv/lib/python3.9/site-packages/airflow/example_dags/example_kubernetes_executor.py took 0.035 seconds
[2023-05-26 22:05:40,380] {processor.py:153} INFO - Started process (PID=26911) to work on /home/raf/pipeline-transform/.venv/lib/python3.9/site-packages/airflow/example_dags/example_kubernetes_executor.py
[2023-05-26 22:05:40,385] {processor.py:641} INFO - Processing file /home/raf/pipeline-transform/.venv/lib/python3.9/site-packages/airflow/example_dags/example_kubernetes_executor.py for tasks to queue
[2023-05-26 22:05:40,386] {logging_mixin.py:115} INFO - [2023-05-26 22:05:40,386] {dagbag.py:507} INFO - Filling up the DagBag from /home/raf/pipeline-transform/.venv/lib/python3.9/site-packages/airflow/example_dags/example_kubernetes_executor.py
[2023-05-26 22:05:40,398] {logging_mixin.py:115} INFO - [2023-05-26 22:05:40,398] {example_kubernetes_executor.py:39} WARNING - The example_kubernetes_executor example DAG requires the kubernetes provider. Please install it with: pip install apache-airflow[cncf.kubernetes]
[2023-05-26 22:05:40,399] {processor.py:653} WARNING - No viable dags retrieved from /home/raf/pipeline-transform/.venv/lib/python3.9/site-packages/airflow/example_dags/example_kubernetes_executor.py
[2023-05-26 22:05:40,408] {processor.py:161} INFO - Processing /home/raf/pipeline-transform/.venv/lib/python3.9/site-packages/airflow/example_dags/example_kubernetes_executor.py took 0.031 seconds
[2023-05-26 22:06:15,886] {processor.py:153} INFO - Started process (PID=27005) to work on /home/raf/pipeline-transform/.venv/lib/python3.9/site-packages/airflow/example_dags/example_kubernetes_executor.py
[2023-05-26 22:06:15,896] {processor.py:641} INFO - Processing file /home/raf/pipeline-transform/.venv/lib/python3.9/site-packages/airflow/example_dags/example_kubernetes_executor.py for tasks to queue
[2023-05-26 22:06:15,896] {logging_mixin.py:115} INFO - [2023-05-26 22:06:15,896] {dagbag.py:507} INFO - Filling up the DagBag from /home/raf/pipeline-transform/.venv/lib/python3.9/site-packages/airflow/example_dags/example_kubernetes_executor.py
[2023-05-26 22:06:15,909] {logging_mixin.py:115} INFO - [2023-05-26 22:06:15,909] {example_kubernetes_executor.py:39} WARNING - The example_kubernetes_executor example DAG requires the kubernetes provider. Please install it with: pip install apache-airflow[cncf.kubernetes]
[2023-05-26 22:06:15,909] {processor.py:653} WARNING - No viable dags retrieved from /home/raf/pipeline-transform/.venv/lib/python3.9/site-packages/airflow/example_dags/example_kubernetes_executor.py
[2023-05-26 22:06:15,919] {processor.py:161} INFO - Processing /home/raf/pipeline-transform/.venv/lib/python3.9/site-packages/airflow/example_dags/example_kubernetes_executor.py took 0.036 seconds
[2023-05-26 22:06:47,353] {processor.py:153} INFO - Started process (PID=27187) to work on /home/raf/pipeline-transform/.venv/lib/python3.9/site-packages/airflow/example_dags/example_kubernetes_executor.py
[2023-05-26 22:06:47,354] {processor.py:641} INFO - Processing file /home/raf/pipeline-transform/.venv/lib/python3.9/site-packages/airflow/example_dags/example_kubernetes_executor.py for tasks to queue
[2023-05-26 22:06:47,355] {logging_mixin.py:115} INFO - [2023-05-26 22:06:47,355] {dagbag.py:507} INFO - Filling up the DagBag from /home/raf/pipeline-transform/.venv/lib/python3.9/site-packages/airflow/example_dags/example_kubernetes_executor.py
[2023-05-26 22:06:47,366] {logging_mixin.py:115} INFO - [2023-05-26 22:06:47,366] {example_kubernetes_executor.py:39} WARNING - The example_kubernetes_executor example DAG requires the kubernetes provider. Please install it with: pip install apache-airflow[cncf.kubernetes]
[2023-05-26 22:06:47,366] {processor.py:653} WARNING - No viable dags retrieved from /home/raf/pipeline-transform/.venv/lib/python3.9/site-packages/airflow/example_dags/example_kubernetes_executor.py
[2023-05-26 22:06:47,374] {processor.py:161} INFO - Processing /home/raf/pipeline-transform/.venv/lib/python3.9/site-packages/airflow/example_dags/example_kubernetes_executor.py took 0.024 seconds
[2023-05-26 22:07:22,548] {processor.py:153} INFO - Started process (PID=27278) to work on /home/raf/pipeline-transform/.venv/lib/python3.9/site-packages/airflow/example_dags/example_kubernetes_executor.py
[2023-05-26 22:07:22,560] {processor.py:641} INFO - Processing file /home/raf/pipeline-transform/.venv/lib/python3.9/site-packages/airflow/example_dags/example_kubernetes_executor.py for tasks to queue
[2023-05-26 22:07:22,561] {logging_mixin.py:115} INFO - [2023-05-26 22:07:22,561] {dagbag.py:507} INFO - Filling up the DagBag from /home/raf/pipeline-transform/.venv/lib/python3.9/site-packages/airflow/example_dags/example_kubernetes_executor.py
[2023-05-26 22:07:22,576] {logging_mixin.py:115} INFO - [2023-05-26 22:07:22,576] {example_kubernetes_executor.py:39} WARNING - The example_kubernetes_executor example DAG requires the kubernetes provider. Please install it with: pip install apache-airflow[cncf.kubernetes]
[2023-05-26 22:07:22,576] {processor.py:653} WARNING - No viable dags retrieved from /home/raf/pipeline-transform/.venv/lib/python3.9/site-packages/airflow/example_dags/example_kubernetes_executor.py
[2023-05-26 22:07:22,586] {processor.py:161} INFO - Processing /home/raf/pipeline-transform/.venv/lib/python3.9/site-packages/airflow/example_dags/example_kubernetes_executor.py took 0.040 seconds
[2023-05-26 22:07:56,003] {processor.py:153} INFO - Started process (PID=27363) to work on /home/raf/pipeline-transform/.venv/lib/python3.9/site-packages/airflow/example_dags/example_kubernetes_executor.py
[2023-05-26 22:07:56,004] {processor.py:641} INFO - Processing file /home/raf/pipeline-transform/.venv/lib/python3.9/site-packages/airflow/example_dags/example_kubernetes_executor.py for tasks to queue
[2023-05-26 22:07:56,004] {logging_mixin.py:115} INFO - [2023-05-26 22:07:56,004] {dagbag.py:507} INFO - Filling up the DagBag from /home/raf/pipeline-transform/.venv/lib/python3.9/site-packages/airflow/example_dags/example_kubernetes_executor.py
[2023-05-26 22:07:56,016] {logging_mixin.py:115} INFO - [2023-05-26 22:07:56,016] {example_kubernetes_executor.py:39} WARNING - The example_kubernetes_executor example DAG requires the kubernetes provider. Please install it with: pip install apache-airflow[cncf.kubernetes]
[2023-05-26 22:07:56,016] {processor.py:653} WARNING - No viable dags retrieved from /home/raf/pipeline-transform/.venv/lib/python3.9/site-packages/airflow/example_dags/example_kubernetes_executor.py
[2023-05-26 22:07:56,024] {processor.py:161} INFO - Processing /home/raf/pipeline-transform/.venv/lib/python3.9/site-packages/airflow/example_dags/example_kubernetes_executor.py took 0.023 seconds
[2023-05-26 22:08:29,310] {processor.py:153} INFO - Started process (PID=27499) to work on /home/raf/pipeline-transform/.venv/lib/python3.9/site-packages/airflow/example_dags/example_kubernetes_executor.py
[2023-05-26 22:08:29,324] {processor.py:641} INFO - Processing file /home/raf/pipeline-transform/.venv/lib/python3.9/site-packages/airflow/example_dags/example_kubernetes_executor.py for tasks to queue
[2023-05-26 22:08:29,325] {logging_mixin.py:115} INFO - [2023-05-26 22:08:29,325] {dagbag.py:507} INFO - Filling up the DagBag from /home/raf/pipeline-transform/.venv/lib/python3.9/site-packages/airflow/example_dags/example_kubernetes_executor.py
[2023-05-26 22:08:29,336] {logging_mixin.py:115} INFO - [2023-05-26 22:08:29,336] {example_kubernetes_executor.py:39} WARNING - The example_kubernetes_executor example DAG requires the kubernetes provider. Please install it with: pip install apache-airflow[cncf.kubernetes]
[2023-05-26 22:08:29,336] {processor.py:653} WARNING - No viable dags retrieved from /home/raf/pipeline-transform/.venv/lib/python3.9/site-packages/airflow/example_dags/example_kubernetes_executor.py
[2023-05-26 22:08:29,346] {processor.py:161} INFO - Processing /home/raf/pipeline-transform/.venv/lib/python3.9/site-packages/airflow/example_dags/example_kubernetes_executor.py took 0.039 seconds
[2023-05-26 22:09:01,641] {processor.py:153} INFO - Started process (PID=27580) to work on /home/raf/pipeline-transform/.venv/lib/python3.9/site-packages/airflow/example_dags/example_kubernetes_executor.py
[2023-05-26 22:09:01,641] {processor.py:641} INFO - Processing file /home/raf/pipeline-transform/.venv/lib/python3.9/site-packages/airflow/example_dags/example_kubernetes_executor.py for tasks to queue
[2023-05-26 22:09:01,641] {logging_mixin.py:115} INFO - [2023-05-26 22:09:01,641] {dagbag.py:507} INFO - Filling up the DagBag from /home/raf/pipeline-transform/.venv/lib/python3.9/site-packages/airflow/example_dags/example_kubernetes_executor.py
[2023-05-26 22:09:01,653] {logging_mixin.py:115} INFO - [2023-05-26 22:09:01,653] {example_kubernetes_executor.py:39} WARNING - The example_kubernetes_executor example DAG requires the kubernetes provider. Please install it with: pip install apache-airflow[cncf.kubernetes]
[2023-05-26 22:09:01,653] {processor.py:653} WARNING - No viable dags retrieved from /home/raf/pipeline-transform/.venv/lib/python3.9/site-packages/airflow/example_dags/example_kubernetes_executor.py
[2023-05-26 22:09:01,662] {processor.py:161} INFO - Processing /home/raf/pipeline-transform/.venv/lib/python3.9/site-packages/airflow/example_dags/example_kubernetes_executor.py took 0.024 seconds
[2023-05-26 22:09:36,699] {processor.py:153} INFO - Started process (PID=27770) to work on /home/raf/pipeline-transform/.venv/lib/python3.9/site-packages/airflow/example_dags/example_kubernetes_executor.py
[2023-05-26 22:09:36,719] {processor.py:641} INFO - Processing file /home/raf/pipeline-transform/.venv/lib/python3.9/site-packages/airflow/example_dags/example_kubernetes_executor.py for tasks to queue
[2023-05-26 22:09:36,720] {logging_mixin.py:115} INFO - [2023-05-26 22:09:36,720] {dagbag.py:507} INFO - Filling up the DagBag from /home/raf/pipeline-transform/.venv/lib/python3.9/site-packages/airflow/example_dags/example_kubernetes_executor.py
[2023-05-26 22:09:36,732] {logging_mixin.py:115} INFO - [2023-05-26 22:09:36,731] {example_kubernetes_executor.py:39} WARNING - The example_kubernetes_executor example DAG requires the kubernetes provider. Please install it with: pip install apache-airflow[cncf.kubernetes]
[2023-05-26 22:09:36,732] {processor.py:653} WARNING - No viable dags retrieved from /home/raf/pipeline-transform/.venv/lib/python3.9/site-packages/airflow/example_dags/example_kubernetes_executor.py
[2023-05-26 22:09:36,740] {processor.py:161} INFO - Processing /home/raf/pipeline-transform/.venv/lib/python3.9/site-packages/airflow/example_dags/example_kubernetes_executor.py took 0.044 seconds
[2023-05-26 22:10:08,634] {processor.py:153} INFO - Started process (PID=27851) to work on /home/raf/pipeline-transform/.venv/lib/python3.9/site-packages/airflow/example_dags/example_kubernetes_executor.py
[2023-05-26 22:10:08,655] {processor.py:641} INFO - Processing file /home/raf/pipeline-transform/.venv/lib/python3.9/site-packages/airflow/example_dags/example_kubernetes_executor.py for tasks to queue
[2023-05-26 22:10:08,656] {logging_mixin.py:115} INFO - [2023-05-26 22:10:08,656] {dagbag.py:507} INFO - Filling up the DagBag from /home/raf/pipeline-transform/.venv/lib/python3.9/site-packages/airflow/example_dags/example_kubernetes_executor.py
[2023-05-26 22:10:08,667] {logging_mixin.py:115} INFO - [2023-05-26 22:10:08,667] {example_kubernetes_executor.py:39} WARNING - The example_kubernetes_executor example DAG requires the kubernetes provider. Please install it with: pip install apache-airflow[cncf.kubernetes]
[2023-05-26 22:10:08,668] {processor.py:653} WARNING - No viable dags retrieved from /home/raf/pipeline-transform/.venv/lib/python3.9/site-packages/airflow/example_dags/example_kubernetes_executor.py
[2023-05-26 22:10:08,676] {processor.py:161} INFO - Processing /home/raf/pipeline-transform/.venv/lib/python3.9/site-packages/airflow/example_dags/example_kubernetes_executor.py took 0.045 seconds
[2023-05-26 22:10:41,223] {processor.py:153} INFO - Started process (PID=27932) to work on /home/raf/pipeline-transform/.venv/lib/python3.9/site-packages/airflow/example_dags/example_kubernetes_executor.py
[2023-05-26 22:10:41,223] {processor.py:641} INFO - Processing file /home/raf/pipeline-transform/.venv/lib/python3.9/site-packages/airflow/example_dags/example_kubernetes_executor.py for tasks to queue
[2023-05-26 22:10:41,224] {logging_mixin.py:115} INFO - [2023-05-26 22:10:41,224] {dagbag.py:507} INFO - Filling up the DagBag from /home/raf/pipeline-transform/.venv/lib/python3.9/site-packages/airflow/example_dags/example_kubernetes_executor.py
[2023-05-26 22:10:41,236] {logging_mixin.py:115} INFO - [2023-05-26 22:10:41,236] {example_kubernetes_executor.py:39} WARNING - The example_kubernetes_executor example DAG requires the kubernetes provider. Please install it with: pip install apache-airflow[cncf.kubernetes]
[2023-05-26 22:10:41,237] {processor.py:653} WARNING - No viable dags retrieved from /home/raf/pipeline-transform/.venv/lib/python3.9/site-packages/airflow/example_dags/example_kubernetes_executor.py
[2023-05-26 22:10:41,245] {processor.py:161} INFO - Processing /home/raf/pipeline-transform/.venv/lib/python3.9/site-packages/airflow/example_dags/example_kubernetes_executor.py took 0.025 seconds
[2023-05-26 22:11:16,009] {processor.py:153} INFO - Started process (PID=28018) to work on /home/raf/pipeline-transform/.venv/lib/python3.9/site-packages/airflow/example_dags/example_kubernetes_executor.py
[2023-05-26 22:11:16,032] {processor.py:641} INFO - Processing file /home/raf/pipeline-transform/.venv/lib/python3.9/site-packages/airflow/example_dags/example_kubernetes_executor.py for tasks to queue
[2023-05-26 22:11:16,033] {logging_mixin.py:115} INFO - [2023-05-26 22:11:16,033] {dagbag.py:507} INFO - Filling up the DagBag from /home/raf/pipeline-transform/.venv/lib/python3.9/site-packages/airflow/example_dags/example_kubernetes_executor.py
[2023-05-26 22:11:16,044] {logging_mixin.py:115} INFO - [2023-05-26 22:11:16,044] {example_kubernetes_executor.py:39} WARNING - The example_kubernetes_executor example DAG requires the kubernetes provider. Please install it with: pip install apache-airflow[cncf.kubernetes]
[2023-05-26 22:11:16,044] {processor.py:653} WARNING - No viable dags retrieved from /home/raf/pipeline-transform/.venv/lib/python3.9/site-packages/airflow/example_dags/example_kubernetes_executor.py
[2023-05-26 22:11:16,052] {processor.py:161} INFO - Processing /home/raf/pipeline-transform/.venv/lib/python3.9/site-packages/airflow/example_dags/example_kubernetes_executor.py took 0.046 seconds
[2023-05-26 22:11:51,857] {processor.py:153} INFO - Started process (PID=28114) to work on /home/raf/pipeline-transform/.venv/lib/python3.9/site-packages/airflow/example_dags/example_kubernetes_executor.py
[2023-05-26 22:11:51,860] {processor.py:641} INFO - Processing file /home/raf/pipeline-transform/.venv/lib/python3.9/site-packages/airflow/example_dags/example_kubernetes_executor.py for tasks to queue
[2023-05-26 22:11:51,861] {logging_mixin.py:115} INFO - [2023-05-26 22:11:51,861] {dagbag.py:507} INFO - Filling up the DagBag from /home/raf/pipeline-transform/.venv/lib/python3.9/site-packages/airflow/example_dags/example_kubernetes_executor.py
[2023-05-26 22:11:51,873] {logging_mixin.py:115} INFO - [2023-05-26 22:11:51,873] {example_kubernetes_executor.py:39} WARNING - The example_kubernetes_executor example DAG requires the kubernetes provider. Please install it with: pip install apache-airflow[cncf.kubernetes]
[2023-05-26 22:11:51,873] {processor.py:653} WARNING - No viable dags retrieved from /home/raf/pipeline-transform/.venv/lib/python3.9/site-packages/airflow/example_dags/example_kubernetes_executor.py
[2023-05-26 22:11:51,882] {processor.py:161} INFO - Processing /home/raf/pipeline-transform/.venv/lib/python3.9/site-packages/airflow/example_dags/example_kubernetes_executor.py took 0.027 seconds
[2023-05-26 22:12:26,439] {processor.py:153} INFO - Started process (PID=28310) to work on /home/raf/pipeline-transform/.venv/lib/python3.9/site-packages/airflow/example_dags/example_kubernetes_executor.py
[2023-05-26 22:12:26,444] {processor.py:641} INFO - Processing file /home/raf/pipeline-transform/.venv/lib/python3.9/site-packages/airflow/example_dags/example_kubernetes_executor.py for tasks to queue
[2023-05-26 22:12:26,445] {logging_mixin.py:115} INFO - [2023-05-26 22:12:26,445] {dagbag.py:507} INFO - Filling up the DagBag from /home/raf/pipeline-transform/.venv/lib/python3.9/site-packages/airflow/example_dags/example_kubernetes_executor.py
[2023-05-26 22:12:26,457] {logging_mixin.py:115} INFO - [2023-05-26 22:12:26,456] {example_kubernetes_executor.py:39} WARNING - The example_kubernetes_executor example DAG requires the kubernetes provider. Please install it with: pip install apache-airflow[cncf.kubernetes]
[2023-05-26 22:12:26,457] {processor.py:653} WARNING - No viable dags retrieved from /home/raf/pipeline-transform/.venv/lib/python3.9/site-packages/airflow/example_dags/example_kubernetes_executor.py
[2023-05-26 22:12:26,465] {processor.py:161} INFO - Processing /home/raf/pipeline-transform/.venv/lib/python3.9/site-packages/airflow/example_dags/example_kubernetes_executor.py took 0.029 seconds
[2023-05-26 22:12:59,226] {processor.py:153} INFO - Started process (PID=28439) to work on /home/raf/pipeline-transform/.venv/lib/python3.9/site-packages/airflow/example_dags/example_kubernetes_executor.py
[2023-05-26 22:12:59,226] {processor.py:641} INFO - Processing file /home/raf/pipeline-transform/.venv/lib/python3.9/site-packages/airflow/example_dags/example_kubernetes_executor.py for tasks to queue
[2023-05-26 22:12:59,227] {logging_mixin.py:115} INFO - [2023-05-26 22:12:59,226] {dagbag.py:507} INFO - Filling up the DagBag from /home/raf/pipeline-transform/.venv/lib/python3.9/site-packages/airflow/example_dags/example_kubernetes_executor.py
[2023-05-26 22:12:59,239] {logging_mixin.py:115} INFO - [2023-05-26 22:12:59,239] {example_kubernetes_executor.py:39} WARNING - The example_kubernetes_executor example DAG requires the kubernetes provider. Please install it with: pip install apache-airflow[cncf.kubernetes]
[2023-05-26 22:12:59,239] {processor.py:653} WARNING - No viable dags retrieved from /home/raf/pipeline-transform/.venv/lib/python3.9/site-packages/airflow/example_dags/example_kubernetes_executor.py
[2023-05-26 22:12:59,249] {processor.py:161} INFO - Processing /home/raf/pipeline-transform/.venv/lib/python3.9/site-packages/airflow/example_dags/example_kubernetes_executor.py took 0.026 seconds
[2023-05-26 22:13:31,492] {processor.py:153} INFO - Started process (PID=28571) to work on /home/raf/pipeline-transform/.venv/lib/python3.9/site-packages/airflow/example_dags/example_kubernetes_executor.py
[2023-05-26 22:13:31,502] {processor.py:641} INFO - Processing file /home/raf/pipeline-transform/.venv/lib/python3.9/site-packages/airflow/example_dags/example_kubernetes_executor.py for tasks to queue
[2023-05-26 22:13:31,503] {logging_mixin.py:115} INFO - [2023-05-26 22:13:31,503] {dagbag.py:507} INFO - Filling up the DagBag from /home/raf/pipeline-transform/.venv/lib/python3.9/site-packages/airflow/example_dags/example_kubernetes_executor.py
[2023-05-26 22:13:31,515] {logging_mixin.py:115} INFO - [2023-05-26 22:13:31,515] {example_kubernetes_executor.py:39} WARNING - The example_kubernetes_executor example DAG requires the kubernetes provider. Please install it with: pip install apache-airflow[cncf.kubernetes]
[2023-05-26 22:13:31,515] {processor.py:653} WARNING - No viable dags retrieved from /home/raf/pipeline-transform/.venv/lib/python3.9/site-packages/airflow/example_dags/example_kubernetes_executor.py
[2023-05-26 22:13:31,524] {processor.py:161} INFO - Processing /home/raf/pipeline-transform/.venv/lib/python3.9/site-packages/airflow/example_dags/example_kubernetes_executor.py took 0.035 seconds
[2023-05-26 22:14:05,702] {processor.py:153} INFO - Started process (PID=28660) to work on /home/raf/pipeline-transform/.venv/lib/python3.9/site-packages/airflow/example_dags/example_kubernetes_executor.py
[2023-05-26 22:14:05,721] {processor.py:641} INFO - Processing file /home/raf/pipeline-transform/.venv/lib/python3.9/site-packages/airflow/example_dags/example_kubernetes_executor.py for tasks to queue
[2023-05-26 22:14:05,721] {logging_mixin.py:115} INFO - [2023-05-26 22:14:05,721] {dagbag.py:507} INFO - Filling up the DagBag from /home/raf/pipeline-transform/.venv/lib/python3.9/site-packages/airflow/example_dags/example_kubernetes_executor.py
[2023-05-26 22:14:05,733] {logging_mixin.py:115} INFO - [2023-05-26 22:14:05,733] {example_kubernetes_executor.py:39} WARNING - The example_kubernetes_executor example DAG requires the kubernetes provider. Please install it with: pip install apache-airflow[cncf.kubernetes]
[2023-05-26 22:14:05,733] {processor.py:653} WARNING - No viable dags retrieved from /home/raf/pipeline-transform/.venv/lib/python3.9/site-packages/airflow/example_dags/example_kubernetes_executor.py
[2023-05-26 22:14:05,742] {processor.py:161} INFO - Processing /home/raf/pipeline-transform/.venv/lib/python3.9/site-packages/airflow/example_dags/example_kubernetes_executor.py took 0.043 seconds
[2023-05-26 22:14:37,210] {processor.py:153} INFO - Started process (PID=28737) to work on /home/raf/pipeline-transform/.venv/lib/python3.9/site-packages/airflow/example_dags/example_kubernetes_executor.py
[2023-05-26 22:14:37,210] {processor.py:641} INFO - Processing file /home/raf/pipeline-transform/.venv/lib/python3.9/site-packages/airflow/example_dags/example_kubernetes_executor.py for tasks to queue
[2023-05-26 22:14:37,211] {logging_mixin.py:115} INFO - [2023-05-26 22:14:37,210] {dagbag.py:507} INFO - Filling up the DagBag from /home/raf/pipeline-transform/.venv/lib/python3.9/site-packages/airflow/example_dags/example_kubernetes_executor.py
[2023-05-26 22:14:37,226] {logging_mixin.py:115} INFO - [2023-05-26 22:14:37,226] {example_kubernetes_executor.py:39} WARNING - The example_kubernetes_executor example DAG requires the kubernetes provider. Please install it with: pip install apache-airflow[cncf.kubernetes]
[2023-05-26 22:14:37,227] {processor.py:653} WARNING - No viable dags retrieved from /home/raf/pipeline-transform/.venv/lib/python3.9/site-packages/airflow/example_dags/example_kubernetes_executor.py
[2023-05-26 22:14:37,274] {processor.py:161} INFO - Processing /home/raf/pipeline-transform/.venv/lib/python3.9/site-packages/airflow/example_dags/example_kubernetes_executor.py took 0.067 seconds
[2023-05-26 22:15:07,479] {processor.py:153} INFO - Started process (PID=28813) to work on /home/raf/pipeline-transform/.venv/lib/python3.9/site-packages/airflow/example_dags/example_kubernetes_executor.py
[2023-05-26 22:15:07,483] {processor.py:641} INFO - Processing file /home/raf/pipeline-transform/.venv/lib/python3.9/site-packages/airflow/example_dags/example_kubernetes_executor.py for tasks to queue
[2023-05-26 22:15:07,483] {logging_mixin.py:115} INFO - [2023-05-26 22:15:07,483] {dagbag.py:507} INFO - Filling up the DagBag from /home/raf/pipeline-transform/.venv/lib/python3.9/site-packages/airflow/example_dags/example_kubernetes_executor.py
[2023-05-26 22:15:07,498] {logging_mixin.py:115} INFO - [2023-05-26 22:15:07,498] {example_kubernetes_executor.py:39} WARNING - The example_kubernetes_executor example DAG requires the kubernetes provider. Please install it with: pip install apache-airflow[cncf.kubernetes]
[2023-05-26 22:15:07,498] {processor.py:653} WARNING - No viable dags retrieved from /home/raf/pipeline-transform/.venv/lib/python3.9/site-packages/airflow/example_dags/example_kubernetes_executor.py
[2023-05-26 22:15:07,507] {processor.py:161} INFO - Processing /home/raf/pipeline-transform/.venv/lib/python3.9/site-packages/airflow/example_dags/example_kubernetes_executor.py took 0.031 seconds
[2023-05-26 22:15:39,199] {processor.py:153} INFO - Started process (PID=28890) to work on /home/raf/pipeline-transform/.venv/lib/python3.9/site-packages/airflow/example_dags/example_kubernetes_executor.py
[2023-05-26 22:15:39,201] {processor.py:641} INFO - Processing file /home/raf/pipeline-transform/.venv/lib/python3.9/site-packages/airflow/example_dags/example_kubernetes_executor.py for tasks to queue
[2023-05-26 22:15:39,202] {logging_mixin.py:115} INFO - [2023-05-26 22:15:39,202] {dagbag.py:507} INFO - Filling up the DagBag from /home/raf/pipeline-transform/.venv/lib/python3.9/site-packages/airflow/example_dags/example_kubernetes_executor.py
[2023-05-26 22:15:39,222] {logging_mixin.py:115} INFO - [2023-05-26 22:15:39,222] {example_kubernetes_executor.py:39} WARNING - The example_kubernetes_executor example DAG requires the kubernetes provider. Please install it with: pip install apache-airflow[cncf.kubernetes]
[2023-05-26 22:15:39,222] {processor.py:653} WARNING - No viable dags retrieved from /home/raf/pipeline-transform/.venv/lib/python3.9/site-packages/airflow/example_dags/example_kubernetes_executor.py
[2023-05-26 22:15:39,233] {processor.py:161} INFO - Processing /home/raf/pipeline-transform/.venv/lib/python3.9/site-packages/airflow/example_dags/example_kubernetes_executor.py took 0.039 seconds
[2023-05-26 22:16:10,477] {processor.py:153} INFO - Started process (PID=28966) to work on /home/raf/pipeline-transform/.venv/lib/python3.9/site-packages/airflow/example_dags/example_kubernetes_executor.py
[2023-05-26 22:16:10,501] {processor.py:641} INFO - Processing file /home/raf/pipeline-transform/.venv/lib/python3.9/site-packages/airflow/example_dags/example_kubernetes_executor.py for tasks to queue
[2023-05-26 22:16:10,502] {logging_mixin.py:115} INFO - [2023-05-26 22:16:10,502] {dagbag.py:507} INFO - Filling up the DagBag from /home/raf/pipeline-transform/.venv/lib/python3.9/site-packages/airflow/example_dags/example_kubernetes_executor.py
[2023-05-26 22:16:10,513] {logging_mixin.py:115} INFO - [2023-05-26 22:16:10,513] {example_kubernetes_executor.py:39} WARNING - The example_kubernetes_executor example DAG requires the kubernetes provider. Please install it with: pip install apache-airflow[cncf.kubernetes]
[2023-05-26 22:16:10,513] {processor.py:653} WARNING - No viable dags retrieved from /home/raf/pipeline-transform/.venv/lib/python3.9/site-packages/airflow/example_dags/example_kubernetes_executor.py
[2023-05-26 22:16:10,522] {processor.py:161} INFO - Processing /home/raf/pipeline-transform/.venv/lib/python3.9/site-packages/airflow/example_dags/example_kubernetes_executor.py took 0.047 seconds
[2023-05-26 22:16:44,164] {processor.py:153} INFO - Started process (PID=29052) to work on /home/raf/pipeline-transform/.venv/lib/python3.9/site-packages/airflow/example_dags/example_kubernetes_executor.py
[2023-05-26 22:16:44,168] {processor.py:641} INFO - Processing file /home/raf/pipeline-transform/.venv/lib/python3.9/site-packages/airflow/example_dags/example_kubernetes_executor.py for tasks to queue
[2023-05-26 22:16:44,169] {logging_mixin.py:115} INFO - [2023-05-26 22:16:44,169] {dagbag.py:507} INFO - Filling up the DagBag from /home/raf/pipeline-transform/.venv/lib/python3.9/site-packages/airflow/example_dags/example_kubernetes_executor.py
[2023-05-26 22:16:44,181] {logging_mixin.py:115} INFO - [2023-05-26 22:16:44,180] {example_kubernetes_executor.py:39} WARNING - The example_kubernetes_executor example DAG requires the kubernetes provider. Please install it with: pip install apache-airflow[cncf.kubernetes]
[2023-05-26 22:16:44,181] {processor.py:653} WARNING - No viable dags retrieved from /home/raf/pipeline-transform/.venv/lib/python3.9/site-packages/airflow/example_dags/example_kubernetes_executor.py
[2023-05-26 22:16:44,190] {processor.py:161} INFO - Processing /home/raf/pipeline-transform/.venv/lib/python3.9/site-packages/airflow/example_dags/example_kubernetes_executor.py took 0.028 seconds
[2023-05-26 22:17:18,100] {processor.py:153} INFO - Started process (PID=29134) to work on /home/raf/pipeline-transform/.venv/lib/python3.9/site-packages/airflow/example_dags/example_kubernetes_executor.py
[2023-05-26 22:17:18,125] {processor.py:641} INFO - Processing file /home/raf/pipeline-transform/.venv/lib/python3.9/site-packages/airflow/example_dags/example_kubernetes_executor.py for tasks to queue
[2023-05-26 22:17:18,126] {logging_mixin.py:115} INFO - [2023-05-26 22:17:18,126] {dagbag.py:507} INFO - Filling up the DagBag from /home/raf/pipeline-transform/.venv/lib/python3.9/site-packages/airflow/example_dags/example_kubernetes_executor.py
[2023-05-26 22:17:18,139] {logging_mixin.py:115} INFO - [2023-05-26 22:17:18,139] {example_kubernetes_executor.py:39} WARNING - The example_kubernetes_executor example DAG requires the kubernetes provider. Please install it with: pip install apache-airflow[cncf.kubernetes]
[2023-05-26 22:17:18,139] {processor.py:653} WARNING - No viable dags retrieved from /home/raf/pipeline-transform/.venv/lib/python3.9/site-packages/airflow/example_dags/example_kubernetes_executor.py
[2023-05-26 22:17:18,148] {processor.py:161} INFO - Processing /home/raf/pipeline-transform/.venv/lib/python3.9/site-packages/airflow/example_dags/example_kubernetes_executor.py took 0.051 seconds
[2023-05-26 22:17:49,251] {processor.py:153} INFO - Started process (PID=29210) to work on /home/raf/pipeline-transform/.venv/lib/python3.9/site-packages/airflow/example_dags/example_kubernetes_executor.py
[2023-05-26 22:17:49,252] {processor.py:641} INFO - Processing file /home/raf/pipeline-transform/.venv/lib/python3.9/site-packages/airflow/example_dags/example_kubernetes_executor.py for tasks to queue
[2023-05-26 22:17:49,252] {logging_mixin.py:115} INFO - [2023-05-26 22:17:49,252] {dagbag.py:507} INFO - Filling up the DagBag from /home/raf/pipeline-transform/.venv/lib/python3.9/site-packages/airflow/example_dags/example_kubernetes_executor.py
[2023-05-26 22:17:49,264] {logging_mixin.py:115} INFO - [2023-05-26 22:17:49,264] {example_kubernetes_executor.py:39} WARNING - The example_kubernetes_executor example DAG requires the kubernetes provider. Please install it with: pip install apache-airflow[cncf.kubernetes]
[2023-05-26 22:17:49,264] {processor.py:653} WARNING - No viable dags retrieved from /home/raf/pipeline-transform/.venv/lib/python3.9/site-packages/airflow/example_dags/example_kubernetes_executor.py
[2023-05-26 22:17:49,273] {processor.py:161} INFO - Processing /home/raf/pipeline-transform/.venv/lib/python3.9/site-packages/airflow/example_dags/example_kubernetes_executor.py took 0.024 seconds
[2023-05-26 22:18:20,305] {processor.py:153} INFO - Started process (PID=29337) to work on /home/raf/pipeline-transform/.venv/lib/python3.9/site-packages/airflow/example_dags/example_kubernetes_executor.py
[2023-05-26 22:18:20,312] {processor.py:641} INFO - Processing file /home/raf/pipeline-transform/.venv/lib/python3.9/site-packages/airflow/example_dags/example_kubernetes_executor.py for tasks to queue
[2023-05-26 22:18:20,313] {logging_mixin.py:115} INFO - [2023-05-26 22:18:20,313] {dagbag.py:507} INFO - Filling up the DagBag from /home/raf/pipeline-transform/.venv/lib/python3.9/site-packages/airflow/example_dags/example_kubernetes_executor.py
[2023-05-26 22:18:20,324] {logging_mixin.py:115} INFO - [2023-05-26 22:18:20,324] {example_kubernetes_executor.py:39} WARNING - The example_kubernetes_executor example DAG requires the kubernetes provider. Please install it with: pip install apache-airflow[cncf.kubernetes]
[2023-05-26 22:18:20,324] {processor.py:653} WARNING - No viable dags retrieved from /home/raf/pipeline-transform/.venv/lib/python3.9/site-packages/airflow/example_dags/example_kubernetes_executor.py
[2023-05-26 22:18:20,333] {processor.py:161} INFO - Processing /home/raf/pipeline-transform/.venv/lib/python3.9/site-packages/airflow/example_dags/example_kubernetes_executor.py took 0.031 seconds
[2023-05-26 22:18:51,257] {processor.py:153} INFO - Started process (PID=29413) to work on /home/raf/pipeline-transform/.venv/lib/python3.9/site-packages/airflow/example_dags/example_kubernetes_executor.py
[2023-05-26 22:18:51,257] {processor.py:641} INFO - Processing file /home/raf/pipeline-transform/.venv/lib/python3.9/site-packages/airflow/example_dags/example_kubernetes_executor.py for tasks to queue
[2023-05-26 22:18:51,258] {logging_mixin.py:115} INFO - [2023-05-26 22:18:51,257] {dagbag.py:507} INFO - Filling up the DagBag from /home/raf/pipeline-transform/.venv/lib/python3.9/site-packages/airflow/example_dags/example_kubernetes_executor.py
[2023-05-26 22:18:51,269] {logging_mixin.py:115} INFO - [2023-05-26 22:18:51,269] {example_kubernetes_executor.py:39} WARNING - The example_kubernetes_executor example DAG requires the kubernetes provider. Please install it with: pip install apache-airflow[cncf.kubernetes]
[2023-05-26 22:18:51,269] {processor.py:653} WARNING - No viable dags retrieved from /home/raf/pipeline-transform/.venv/lib/python3.9/site-packages/airflow/example_dags/example_kubernetes_executor.py
[2023-05-26 22:18:51,278] {processor.py:161} INFO - Processing /home/raf/pipeline-transform/.venv/lib/python3.9/site-packages/airflow/example_dags/example_kubernetes_executor.py took 0.024 seconds
[2023-05-26 22:19:23,929] {processor.py:153} INFO - Started process (PID=29660) to work on /home/raf/pipeline-transform/.venv/lib/python3.9/site-packages/airflow/example_dags/example_kubernetes_executor.py
[2023-05-26 22:19:23,938] {processor.py:641} INFO - Processing file /home/raf/pipeline-transform/.venv/lib/python3.9/site-packages/airflow/example_dags/example_kubernetes_executor.py for tasks to queue
[2023-05-26 22:19:23,938] {logging_mixin.py:115} INFO - [2023-05-26 22:19:23,938] {dagbag.py:507} INFO - Filling up the DagBag from /home/raf/pipeline-transform/.venv/lib/python3.9/site-packages/airflow/example_dags/example_kubernetes_executor.py
[2023-05-26 22:19:23,950] {logging_mixin.py:115} INFO - [2023-05-26 22:19:23,950] {example_kubernetes_executor.py:39} WARNING - The example_kubernetes_executor example DAG requires the kubernetes provider. Please install it with: pip install apache-airflow[cncf.kubernetes]
[2023-05-26 22:19:23,950] {processor.py:653} WARNING - No viable dags retrieved from /home/raf/pipeline-transform/.venv/lib/python3.9/site-packages/airflow/example_dags/example_kubernetes_executor.py
[2023-05-26 22:19:23,959] {processor.py:161} INFO - Processing /home/raf/pipeline-transform/.venv/lib/python3.9/site-packages/airflow/example_dags/example_kubernetes_executor.py took 0.032 seconds
[2023-05-26 22:19:58,535] {processor.py:153} INFO - Started process (PID=29796) to work on /home/raf/pipeline-transform/.venv/lib/python3.9/site-packages/airflow/example_dags/example_kubernetes_executor.py
[2023-05-26 22:19:58,545] {processor.py:641} INFO - Processing file /home/raf/pipeline-transform/.venv/lib/python3.9/site-packages/airflow/example_dags/example_kubernetes_executor.py for tasks to queue
[2023-05-26 22:19:58,546] {logging_mixin.py:115} INFO - [2023-05-26 22:19:58,546] {dagbag.py:507} INFO - Filling up the DagBag from /home/raf/pipeline-transform/.venv/lib/python3.9/site-packages/airflow/example_dags/example_kubernetes_executor.py
[2023-05-26 22:19:58,560] {logging_mixin.py:115} INFO - [2023-05-26 22:19:58,560] {example_kubernetes_executor.py:39} WARNING - The example_kubernetes_executor example DAG requires the kubernetes provider. Please install it with: pip install apache-airflow[cncf.kubernetes]
[2023-05-26 22:19:58,560] {processor.py:653} WARNING - No viable dags retrieved from /home/raf/pipeline-transform/.venv/lib/python3.9/site-packages/airflow/example_dags/example_kubernetes_executor.py
[2023-05-26 22:19:58,569] {processor.py:161} INFO - Processing /home/raf/pipeline-transform/.venv/lib/python3.9/site-packages/airflow/example_dags/example_kubernetes_executor.py took 0.036 seconds
[2023-05-26 22:20:22,068] {processor.py:153} INFO - Started process (PID=30050) to work on /home/raf/pipeline-transform/.venv/lib/python3.9/site-packages/airflow/example_dags/example_kubernetes_executor.py
[2023-05-26 22:20:22,069] {processor.py:641} INFO - Processing file /home/raf/pipeline-transform/.venv/lib/python3.9/site-packages/airflow/example_dags/example_kubernetes_executor.py for tasks to queue
[2023-05-26 22:20:22,069] {logging_mixin.py:115} INFO - [2023-05-26 22:20:22,069] {dagbag.py:507} INFO - Filling up the DagBag from /home/raf/pipeline-transform/.venv/lib/python3.9/site-packages/airflow/example_dags/example_kubernetes_executor.py
[2023-05-26 22:20:22,080] {logging_mixin.py:115} INFO - [2023-05-26 22:20:22,080] {example_kubernetes_executor.py:39} WARNING - The example_kubernetes_executor example DAG requires the kubernetes provider. Please install it with: pip install apache-airflow[cncf.kubernetes]
[2023-05-26 22:20:22,080] {processor.py:653} WARNING - No viable dags retrieved from /home/raf/pipeline-transform/.venv/lib/python3.9/site-packages/airflow/example_dags/example_kubernetes_executor.py
[2023-05-26 22:20:22,088] {processor.py:161} INFO - Processing /home/raf/pipeline-transform/.venv/lib/python3.9/site-packages/airflow/example_dags/example_kubernetes_executor.py took 0.023 seconds
[2023-05-26 22:20:58,181] {processor.py:153} INFO - Started process (PID=30298) to work on /home/raf/pipeline-transform/.venv/lib/python3.9/site-packages/airflow/example_dags/example_kubernetes_executor.py
[2023-05-26 22:20:58,193] {processor.py:641} INFO - Processing file /home/raf/pipeline-transform/.venv/lib/python3.9/site-packages/airflow/example_dags/example_kubernetes_executor.py for tasks to queue
[2023-05-26 22:20:58,194] {logging_mixin.py:115} INFO - [2023-05-26 22:20:58,194] {dagbag.py:507} INFO - Filling up the DagBag from /home/raf/pipeline-transform/.venv/lib/python3.9/site-packages/airflow/example_dags/example_kubernetes_executor.py
[2023-05-26 22:20:58,215] {logging_mixin.py:115} INFO - [2023-05-26 22:20:58,215] {example_kubernetes_executor.py:39} WARNING - The example_kubernetes_executor example DAG requires the kubernetes provider. Please install it with: pip install apache-airflow[cncf.kubernetes]
[2023-05-26 22:20:58,215] {processor.py:653} WARNING - No viable dags retrieved from /home/raf/pipeline-transform/.venv/lib/python3.9/site-packages/airflow/example_dags/example_kubernetes_executor.py
[2023-05-26 22:20:58,229] {processor.py:161} INFO - Processing /home/raf/pipeline-transform/.venv/lib/python3.9/site-packages/airflow/example_dags/example_kubernetes_executor.py took 0.059 seconds
[2023-05-26 22:21:32,807] {processor.py:153} INFO - Started process (PID=30593) to work on /home/raf/pipeline-transform/.venv/lib/python3.9/site-packages/airflow/example_dags/example_kubernetes_executor.py
[2023-05-26 22:21:32,820] {processor.py:641} INFO - Processing file /home/raf/pipeline-transform/.venv/lib/python3.9/site-packages/airflow/example_dags/example_kubernetes_executor.py for tasks to queue
[2023-05-26 22:21:32,821] {logging_mixin.py:115} INFO - [2023-05-26 22:21:32,821] {dagbag.py:507} INFO - Filling up the DagBag from /home/raf/pipeline-transform/.venv/lib/python3.9/site-packages/airflow/example_dags/example_kubernetes_executor.py
[2023-05-26 22:21:32,846] {logging_mixin.py:115} INFO - [2023-05-26 22:21:32,846] {example_kubernetes_executor.py:39} WARNING - The example_kubernetes_executor example DAG requires the kubernetes provider. Please install it with: pip install apache-airflow[cncf.kubernetes]
[2023-05-26 22:21:32,846] {processor.py:653} WARNING - No viable dags retrieved from /home/raf/pipeline-transform/.venv/lib/python3.9/site-packages/airflow/example_dags/example_kubernetes_executor.py
[2023-05-26 22:21:32,864] {processor.py:161} INFO - Processing /home/raf/pipeline-transform/.venv/lib/python3.9/site-packages/airflow/example_dags/example_kubernetes_executor.py took 0.060 seconds
[2023-05-26 22:22:10,607] {processor.py:153} INFO - Started process (PID=30945) to work on /home/raf/pipeline-transform/.venv/lib/python3.9/site-packages/airflow/example_dags/example_kubernetes_executor.py
[2023-05-26 22:22:10,625] {processor.py:641} INFO - Processing file /home/raf/pipeline-transform/.venv/lib/python3.9/site-packages/airflow/example_dags/example_kubernetes_executor.py for tasks to queue
[2023-05-26 22:22:10,626] {logging_mixin.py:115} INFO - [2023-05-26 22:22:10,626] {dagbag.py:507} INFO - Filling up the DagBag from /home/raf/pipeline-transform/.venv/lib/python3.9/site-packages/airflow/example_dags/example_kubernetes_executor.py
[2023-05-26 22:22:10,639] {logging_mixin.py:115} INFO - [2023-05-26 22:22:10,639] {example_kubernetes_executor.py:39} WARNING - The example_kubernetes_executor example DAG requires the kubernetes provider. Please install it with: pip install apache-airflow[cncf.kubernetes]
[2023-05-26 22:22:10,639] {processor.py:653} WARNING - No viable dags retrieved from /home/raf/pipeline-transform/.venv/lib/python3.9/site-packages/airflow/example_dags/example_kubernetes_executor.py
[2023-05-26 22:22:10,648] {processor.py:161} INFO - Processing /home/raf/pipeline-transform/.venv/lib/python3.9/site-packages/airflow/example_dags/example_kubernetes_executor.py took 0.045 seconds
[2023-05-26 22:22:46,286] {processor.py:153} INFO - Started process (PID=31084) to work on /home/raf/pipeline-transform/.venv/lib/python3.9/site-packages/airflow/example_dags/example_kubernetes_executor.py
[2023-05-26 22:22:46,305] {processor.py:641} INFO - Processing file /home/raf/pipeline-transform/.venv/lib/python3.9/site-packages/airflow/example_dags/example_kubernetes_executor.py for tasks to queue
[2023-05-26 22:22:46,306] {logging_mixin.py:115} INFO - [2023-05-26 22:22:46,306] {dagbag.py:507} INFO - Filling up the DagBag from /home/raf/pipeline-transform/.venv/lib/python3.9/site-packages/airflow/example_dags/example_kubernetes_executor.py
[2023-05-26 22:22:46,318] {logging_mixin.py:115} INFO - [2023-05-26 22:22:46,317] {example_kubernetes_executor.py:39} WARNING - The example_kubernetes_executor example DAG requires the kubernetes provider. Please install it with: pip install apache-airflow[cncf.kubernetes]
[2023-05-26 22:22:46,318] {processor.py:653} WARNING - No viable dags retrieved from /home/raf/pipeline-transform/.venv/lib/python3.9/site-packages/airflow/example_dags/example_kubernetes_executor.py
[2023-05-26 22:22:46,326] {processor.py:161} INFO - Processing /home/raf/pipeline-transform/.venv/lib/python3.9/site-packages/airflow/example_dags/example_kubernetes_executor.py took 0.043 seconds
[2023-05-26 22:23:20,742] {processor.py:153} INFO - Started process (PID=31179) to work on /home/raf/pipeline-transform/.venv/lib/python3.9/site-packages/airflow/example_dags/example_kubernetes_executor.py
[2023-05-26 22:23:20,762] {processor.py:641} INFO - Processing file /home/raf/pipeline-transform/.venv/lib/python3.9/site-packages/airflow/example_dags/example_kubernetes_executor.py for tasks to queue
[2023-05-26 22:23:20,763] {logging_mixin.py:115} INFO - [2023-05-26 22:23:20,763] {dagbag.py:507} INFO - Filling up the DagBag from /home/raf/pipeline-transform/.venv/lib/python3.9/site-packages/airflow/example_dags/example_kubernetes_executor.py
[2023-05-26 22:23:20,777] {logging_mixin.py:115} INFO - [2023-05-26 22:23:20,777] {example_kubernetes_executor.py:39} WARNING - The example_kubernetes_executor example DAG requires the kubernetes provider. Please install it with: pip install apache-airflow[cncf.kubernetes]
[2023-05-26 22:23:20,778] {processor.py:653} WARNING - No viable dags retrieved from /home/raf/pipeline-transform/.venv/lib/python3.9/site-packages/airflow/example_dags/example_kubernetes_executor.py
[2023-05-26 22:23:20,788] {processor.py:161} INFO - Processing /home/raf/pipeline-transform/.venv/lib/python3.9/site-packages/airflow/example_dags/example_kubernetes_executor.py took 0.050 seconds
[2023-05-26 22:23:53,531] {processor.py:153} INFO - Started process (PID=31257) to work on /home/raf/pipeline-transform/.venv/lib/python3.9/site-packages/airflow/example_dags/example_kubernetes_executor.py
[2023-05-26 22:23:53,532] {processor.py:641} INFO - Processing file /home/raf/pipeline-transform/.venv/lib/python3.9/site-packages/airflow/example_dags/example_kubernetes_executor.py for tasks to queue
[2023-05-26 22:23:53,533] {logging_mixin.py:115} INFO - [2023-05-26 22:23:53,533] {dagbag.py:507} INFO - Filling up the DagBag from /home/raf/pipeline-transform/.venv/lib/python3.9/site-packages/airflow/example_dags/example_kubernetes_executor.py
[2023-05-26 22:23:53,547] {logging_mixin.py:115} INFO - [2023-05-26 22:23:53,546] {example_kubernetes_executor.py:39} WARNING - The example_kubernetes_executor example DAG requires the kubernetes provider. Please install it with: pip install apache-airflow[cncf.kubernetes]
[2023-05-26 22:23:53,547] {processor.py:653} WARNING - No viable dags retrieved from /home/raf/pipeline-transform/.venv/lib/python3.9/site-packages/airflow/example_dags/example_kubernetes_executor.py
[2023-05-26 22:23:53,560] {processor.py:161} INFO - Processing /home/raf/pipeline-transform/.venv/lib/python3.9/site-packages/airflow/example_dags/example_kubernetes_executor.py took 0.031 seconds
[2023-05-26 22:24:27,544] {processor.py:153} INFO - Started process (PID=31345) to work on /home/raf/pipeline-transform/.venv/lib/python3.9/site-packages/airflow/example_dags/example_kubernetes_executor.py
[2023-05-26 22:24:27,567] {processor.py:641} INFO - Processing file /home/raf/pipeline-transform/.venv/lib/python3.9/site-packages/airflow/example_dags/example_kubernetes_executor.py for tasks to queue
[2023-05-26 22:24:27,567] {logging_mixin.py:115} INFO - [2023-05-26 22:24:27,567] {dagbag.py:507} INFO - Filling up the DagBag from /home/raf/pipeline-transform/.venv/lib/python3.9/site-packages/airflow/example_dags/example_kubernetes_executor.py
[2023-05-26 22:24:27,580] {logging_mixin.py:115} INFO - [2023-05-26 22:24:27,580] {example_kubernetes_executor.py:39} WARNING - The example_kubernetes_executor example DAG requires the kubernetes provider. Please install it with: pip install apache-airflow[cncf.kubernetes]
[2023-05-26 22:24:27,580] {processor.py:653} WARNING - No viable dags retrieved from /home/raf/pipeline-transform/.venv/lib/python3.9/site-packages/airflow/example_dags/example_kubernetes_executor.py
[2023-05-26 22:24:27,588] {processor.py:161} INFO - Processing /home/raf/pipeline-transform/.venv/lib/python3.9/site-packages/airflow/example_dags/example_kubernetes_executor.py took 0.048 seconds
[2023-05-26 22:25:00,681] {processor.py:153} INFO - Started process (PID=31426) to work on /home/raf/pipeline-transform/.venv/lib/python3.9/site-packages/airflow/example_dags/example_kubernetes_executor.py
[2023-05-26 22:25:00,681] {processor.py:641} INFO - Processing file /home/raf/pipeline-transform/.venv/lib/python3.9/site-packages/airflow/example_dags/example_kubernetes_executor.py for tasks to queue
[2023-05-26 22:25:00,682] {logging_mixin.py:115} INFO - [2023-05-26 22:25:00,682] {dagbag.py:507} INFO - Filling up the DagBag from /home/raf/pipeline-transform/.venv/lib/python3.9/site-packages/airflow/example_dags/example_kubernetes_executor.py
[2023-05-26 22:25:00,693] {logging_mixin.py:115} INFO - [2023-05-26 22:25:00,693] {example_kubernetes_executor.py:39} WARNING - The example_kubernetes_executor example DAG requires the kubernetes provider. Please install it with: pip install apache-airflow[cncf.kubernetes]
[2023-05-26 22:25:00,694] {processor.py:653} WARNING - No viable dags retrieved from /home/raf/pipeline-transform/.venv/lib/python3.9/site-packages/airflow/example_dags/example_kubernetes_executor.py
[2023-05-26 22:25:00,702] {processor.py:161} INFO - Processing /home/raf/pipeline-transform/.venv/lib/python3.9/site-packages/airflow/example_dags/example_kubernetes_executor.py took 0.023 seconds
[2023-05-26 22:25:33,837] {processor.py:153} INFO - Started process (PID=31643) to work on /home/raf/pipeline-transform/.venv/lib/python3.9/site-packages/airflow/example_dags/example_kubernetes_executor.py
[2023-05-26 22:25:33,838] {processor.py:641} INFO - Processing file /home/raf/pipeline-transform/.venv/lib/python3.9/site-packages/airflow/example_dags/example_kubernetes_executor.py for tasks to queue
[2023-05-26 22:25:33,839] {logging_mixin.py:115} INFO - [2023-05-26 22:25:33,839] {dagbag.py:507} INFO - Filling up the DagBag from /home/raf/pipeline-transform/.venv/lib/python3.9/site-packages/airflow/example_dags/example_kubernetes_executor.py
[2023-05-26 22:25:33,858] {logging_mixin.py:115} INFO - [2023-05-26 22:25:33,858] {example_kubernetes_executor.py:39} WARNING - The example_kubernetes_executor example DAG requires the kubernetes provider. Please install it with: pip install apache-airflow[cncf.kubernetes]
[2023-05-26 22:25:33,858] {processor.py:653} WARNING - No viable dags retrieved from /home/raf/pipeline-transform/.venv/lib/python3.9/site-packages/airflow/example_dags/example_kubernetes_executor.py
[2023-05-26 22:25:33,868] {processor.py:161} INFO - Processing /home/raf/pipeline-transform/.venv/lib/python3.9/site-packages/airflow/example_dags/example_kubernetes_executor.py took 0.035 seconds
[2023-05-26 22:26:08,790] {processor.py:153} INFO - Started process (PID=31852) to work on /home/raf/pipeline-transform/.venv/lib/python3.9/site-packages/airflow/example_dags/example_kubernetes_executor.py
[2023-05-26 22:26:08,792] {processor.py:641} INFO - Processing file /home/raf/pipeline-transform/.venv/lib/python3.9/site-packages/airflow/example_dags/example_kubernetes_executor.py for tasks to queue
[2023-05-26 22:26:08,793] {logging_mixin.py:115} INFO - [2023-05-26 22:26:08,793] {dagbag.py:507} INFO - Filling up the DagBag from /home/raf/pipeline-transform/.venv/lib/python3.9/site-packages/airflow/example_dags/example_kubernetes_executor.py
[2023-05-26 22:26:08,820] {logging_mixin.py:115} INFO - [2023-05-26 22:26:08,819] {example_kubernetes_executor.py:39} WARNING - The example_kubernetes_executor example DAG requires the kubernetes provider. Please install it with: pip install apache-airflow[cncf.kubernetes]
[2023-05-26 22:26:08,820] {processor.py:653} WARNING - No viable dags retrieved from /home/raf/pipeline-transform/.venv/lib/python3.9/site-packages/airflow/example_dags/example_kubernetes_executor.py
[2023-05-26 22:26:08,833] {processor.py:161} INFO - Processing /home/raf/pipeline-transform/.venv/lib/python3.9/site-packages/airflow/example_dags/example_kubernetes_executor.py took 0.046 seconds
[2023-05-26 22:26:46,177] {processor.py:153} INFO - Started process (PID=31962) to work on /home/raf/pipeline-transform/.venv/lib/python3.9/site-packages/airflow/example_dags/example_kubernetes_executor.py
[2023-05-26 22:26:46,187] {processor.py:641} INFO - Processing file /home/raf/pipeline-transform/.venv/lib/python3.9/site-packages/airflow/example_dags/example_kubernetes_executor.py for tasks to queue
[2023-05-26 22:26:46,187] {logging_mixin.py:115} INFO - [2023-05-26 22:26:46,187] {dagbag.py:507} INFO - Filling up the DagBag from /home/raf/pipeline-transform/.venv/lib/python3.9/site-packages/airflow/example_dags/example_kubernetes_executor.py
[2023-05-26 22:26:46,202] {logging_mixin.py:115} INFO - [2023-05-26 22:26:46,202] {example_kubernetes_executor.py:39} WARNING - The example_kubernetes_executor example DAG requires the kubernetes provider. Please install it with: pip install apache-airflow[cncf.kubernetes]
[2023-05-26 22:26:46,202] {processor.py:653} WARNING - No viable dags retrieved from /home/raf/pipeline-transform/.venv/lib/python3.9/site-packages/airflow/example_dags/example_kubernetes_executor.py
[2023-05-26 22:26:46,215] {processor.py:161} INFO - Processing /home/raf/pipeline-transform/.venv/lib/python3.9/site-packages/airflow/example_dags/example_kubernetes_executor.py took 0.042 seconds
[2023-05-26 22:27:19,424] {processor.py:153} INFO - Started process (PID=32083) to work on /home/raf/pipeline-transform/.venv/lib/python3.9/site-packages/airflow/example_dags/example_kubernetes_executor.py
[2023-05-26 22:27:19,428] {processor.py:641} INFO - Processing file /home/raf/pipeline-transform/.venv/lib/python3.9/site-packages/airflow/example_dags/example_kubernetes_executor.py for tasks to queue
[2023-05-26 22:27:19,428] {logging_mixin.py:115} INFO - [2023-05-26 22:27:19,428] {dagbag.py:507} INFO - Filling up the DagBag from /home/raf/pipeline-transform/.venv/lib/python3.9/site-packages/airflow/example_dags/example_kubernetes_executor.py
[2023-05-26 22:27:19,441] {logging_mixin.py:115} INFO - [2023-05-26 22:27:19,441] {example_kubernetes_executor.py:39} WARNING - The example_kubernetes_executor example DAG requires the kubernetes provider. Please install it with: pip install apache-airflow[cncf.kubernetes]
[2023-05-26 22:27:19,441] {processor.py:653} WARNING - No viable dags retrieved from /home/raf/pipeline-transform/.venv/lib/python3.9/site-packages/airflow/example_dags/example_kubernetes_executor.py
[2023-05-26 22:27:19,449] {processor.py:161} INFO - Processing /home/raf/pipeline-transform/.venv/lib/python3.9/site-packages/airflow/example_dags/example_kubernetes_executor.py took 0.027 seconds
[2023-05-26 22:27:56,254] {processor.py:153} INFO - Started process (PID=32211) to work on /home/raf/pipeline-transform/.venv/lib/python3.9/site-packages/airflow/example_dags/example_kubernetes_executor.py
[2023-05-26 22:27:56,274] {processor.py:641} INFO - Processing file /home/raf/pipeline-transform/.venv/lib/python3.9/site-packages/airflow/example_dags/example_kubernetes_executor.py for tasks to queue
[2023-05-26 22:27:56,275] {logging_mixin.py:115} INFO - [2023-05-26 22:27:56,275] {dagbag.py:507} INFO - Filling up the DagBag from /home/raf/pipeline-transform/.venv/lib/python3.9/site-packages/airflow/example_dags/example_kubernetes_executor.py
[2023-05-26 22:27:56,294] {logging_mixin.py:115} INFO - [2023-05-26 22:27:56,294] {example_kubernetes_executor.py:39} WARNING - The example_kubernetes_executor example DAG requires the kubernetes provider. Please install it with: pip install apache-airflow[cncf.kubernetes]
[2023-05-26 22:27:56,294] {processor.py:653} WARNING - No viable dags retrieved from /home/raf/pipeline-transform/.venv/lib/python3.9/site-packages/airflow/example_dags/example_kubernetes_executor.py
[2023-05-26 22:27:56,307] {processor.py:161} INFO - Processing /home/raf/pipeline-transform/.venv/lib/python3.9/site-packages/airflow/example_dags/example_kubernetes_executor.py took 0.059 seconds
[2023-05-26 22:28:29,834] {processor.py:153} INFO - Started process (PID=32297) to work on /home/raf/pipeline-transform/.venv/lib/python3.9/site-packages/airflow/example_dags/example_kubernetes_executor.py
[2023-05-26 22:28:29,856] {processor.py:641} INFO - Processing file /home/raf/pipeline-transform/.venv/lib/python3.9/site-packages/airflow/example_dags/example_kubernetes_executor.py for tasks to queue
[2023-05-26 22:28:29,857] {logging_mixin.py:115} INFO - [2023-05-26 22:28:29,857] {dagbag.py:507} INFO - Filling up the DagBag from /home/raf/pipeline-transform/.venv/lib/python3.9/site-packages/airflow/example_dags/example_kubernetes_executor.py
[2023-05-26 22:28:29,873] {logging_mixin.py:115} INFO - [2023-05-26 22:28:29,873] {example_kubernetes_executor.py:39} WARNING - The example_kubernetes_executor example DAG requires the kubernetes provider. Please install it with: pip install apache-airflow[cncf.kubernetes]
[2023-05-26 22:28:29,874] {processor.py:653} WARNING - No viable dags retrieved from /home/raf/pipeline-transform/.venv/lib/python3.9/site-packages/airflow/example_dags/example_kubernetes_executor.py
[2023-05-26 22:28:29,886] {processor.py:161} INFO - Processing /home/raf/pipeline-transform/.venv/lib/python3.9/site-packages/airflow/example_dags/example_kubernetes_executor.py took 0.054 seconds
[2023-05-26 22:29:04,797] {processor.py:153} INFO - Started process (PID=32385) to work on /home/raf/pipeline-transform/.venv/lib/python3.9/site-packages/airflow/example_dags/example_kubernetes_executor.py
[2023-05-26 22:29:04,819] {processor.py:641} INFO - Processing file /home/raf/pipeline-transform/.venv/lib/python3.9/site-packages/airflow/example_dags/example_kubernetes_executor.py for tasks to queue
[2023-05-26 22:29:04,820] {logging_mixin.py:115} INFO - [2023-05-26 22:29:04,820] {dagbag.py:507} INFO - Filling up the DagBag from /home/raf/pipeline-transform/.venv/lib/python3.9/site-packages/airflow/example_dags/example_kubernetes_executor.py
[2023-05-26 22:29:04,833] {logging_mixin.py:115} INFO - [2023-05-26 22:29:04,832] {example_kubernetes_executor.py:39} WARNING - The example_kubernetes_executor example DAG requires the kubernetes provider. Please install it with: pip install apache-airflow[cncf.kubernetes]
[2023-05-26 22:29:04,833] {processor.py:653} WARNING - No viable dags retrieved from /home/raf/pipeline-transform/.venv/lib/python3.9/site-packages/airflow/example_dags/example_kubernetes_executor.py
[2023-05-26 22:29:04,842] {processor.py:161} INFO - Processing /home/raf/pipeline-transform/.venv/lib/python3.9/site-packages/airflow/example_dags/example_kubernetes_executor.py took 0.048 seconds
[2023-05-26 22:29:38,021] {processor.py:153} INFO - Started process (PID=32469) to work on /home/raf/pipeline-transform/.venv/lib/python3.9/site-packages/airflow/example_dags/example_kubernetes_executor.py
[2023-05-26 22:29:38,027] {processor.py:641} INFO - Processing file /home/raf/pipeline-transform/.venv/lib/python3.9/site-packages/airflow/example_dags/example_kubernetes_executor.py for tasks to queue
[2023-05-26 22:29:38,027] {logging_mixin.py:115} INFO - [2023-05-26 22:29:38,027] {dagbag.py:507} INFO - Filling up the DagBag from /home/raf/pipeline-transform/.venv/lib/python3.9/site-packages/airflow/example_dags/example_kubernetes_executor.py
[2023-05-26 22:29:38,039] {logging_mixin.py:115} INFO - [2023-05-26 22:29:38,039] {example_kubernetes_executor.py:39} WARNING - The example_kubernetes_executor example DAG requires the kubernetes provider. Please install it with: pip install apache-airflow[cncf.kubernetes]
[2023-05-26 22:29:38,040] {processor.py:653} WARNING - No viable dags retrieved from /home/raf/pipeline-transform/.venv/lib/python3.9/site-packages/airflow/example_dags/example_kubernetes_executor.py
[2023-05-26 22:29:38,048] {processor.py:161} INFO - Processing /home/raf/pipeline-transform/.venv/lib/python3.9/site-packages/airflow/example_dags/example_kubernetes_executor.py took 0.030 seconds
[2023-05-26 22:30:14,509] {processor.py:153} INFO - Started process (PID=32561) to work on /home/raf/pipeline-transform/.venv/lib/python3.9/site-packages/airflow/example_dags/example_kubernetes_executor.py
[2023-05-26 22:30:14,512] {processor.py:641} INFO - Processing file /home/raf/pipeline-transform/.venv/lib/python3.9/site-packages/airflow/example_dags/example_kubernetes_executor.py for tasks to queue
[2023-05-26 22:30:14,512] {logging_mixin.py:115} INFO - [2023-05-26 22:30:14,512] {dagbag.py:507} INFO - Filling up the DagBag from /home/raf/pipeline-transform/.venv/lib/python3.9/site-packages/airflow/example_dags/example_kubernetes_executor.py
[2023-05-26 22:30:14,525] {logging_mixin.py:115} INFO - [2023-05-26 22:30:14,525] {example_kubernetes_executor.py:39} WARNING - The example_kubernetes_executor example DAG requires the kubernetes provider. Please install it with: pip install apache-airflow[cncf.kubernetes]
[2023-05-26 22:30:14,526] {processor.py:653} WARNING - No viable dags retrieved from /home/raf/pipeline-transform/.venv/lib/python3.9/site-packages/airflow/example_dags/example_kubernetes_executor.py
[2023-05-26 22:30:14,536] {processor.py:161} INFO - Processing /home/raf/pipeline-transform/.venv/lib/python3.9/site-packages/airflow/example_dags/example_kubernetes_executor.py took 0.029 seconds
[2023-05-26 22:30:47,015] {processor.py:153} INFO - Started process (PID=32765) to work on /home/raf/pipeline-transform/.venv/lib/python3.9/site-packages/airflow/example_dags/example_kubernetes_executor.py
[2023-05-26 22:30:47,015] {processor.py:641} INFO - Processing file /home/raf/pipeline-transform/.venv/lib/python3.9/site-packages/airflow/example_dags/example_kubernetes_executor.py for tasks to queue
[2023-05-26 22:30:47,016] {logging_mixin.py:115} INFO - [2023-05-26 22:30:47,016] {dagbag.py:507} INFO - Filling up the DagBag from /home/raf/pipeline-transform/.venv/lib/python3.9/site-packages/airflow/example_dags/example_kubernetes_executor.py
[2023-05-26 22:30:47,030] {logging_mixin.py:115} INFO - [2023-05-26 22:30:47,030] {example_kubernetes_executor.py:39} WARNING - The example_kubernetes_executor example DAG requires the kubernetes provider. Please install it with: pip install apache-airflow[cncf.kubernetes]
[2023-05-26 22:30:47,030] {processor.py:653} WARNING - No viable dags retrieved from /home/raf/pipeline-transform/.venv/lib/python3.9/site-packages/airflow/example_dags/example_kubernetes_executor.py
[2023-05-26 22:30:47,039] {processor.py:161} INFO - Processing /home/raf/pipeline-transform/.venv/lib/python3.9/site-packages/airflow/example_dags/example_kubernetes_executor.py took 0.026 seconds
[2023-05-26 22:31:24,367] {processor.py:153} INFO - Started process (PID=424) to work on /home/raf/pipeline-transform/.venv/lib/python3.9/site-packages/airflow/example_dags/example_kubernetes_executor.py
[2023-05-26 22:31:24,370] {processor.py:641} INFO - Processing file /home/raf/pipeline-transform/.venv/lib/python3.9/site-packages/airflow/example_dags/example_kubernetes_executor.py for tasks to queue
[2023-05-26 22:31:24,370] {logging_mixin.py:115} INFO - [2023-05-26 22:31:24,370] {dagbag.py:507} INFO - Filling up the DagBag from /home/raf/pipeline-transform/.venv/lib/python3.9/site-packages/airflow/example_dags/example_kubernetes_executor.py
[2023-05-26 22:31:24,383] {logging_mixin.py:115} INFO - [2023-05-26 22:31:24,383] {example_kubernetes_executor.py:39} WARNING - The example_kubernetes_executor example DAG requires the kubernetes provider. Please install it with: pip install apache-airflow[cncf.kubernetes]
[2023-05-26 22:31:24,383] {processor.py:653} WARNING - No viable dags retrieved from /home/raf/pipeline-transform/.venv/lib/python3.9/site-packages/airflow/example_dags/example_kubernetes_executor.py
[2023-05-26 22:31:24,392] {processor.py:161} INFO - Processing /home/raf/pipeline-transform/.venv/lib/python3.9/site-packages/airflow/example_dags/example_kubernetes_executor.py took 0.028 seconds
[2023-05-26 22:31:57,759] {processor.py:153} INFO - Started process (PID=558) to work on /home/raf/pipeline-transform/.venv/lib/python3.9/site-packages/airflow/example_dags/example_kubernetes_executor.py
[2023-05-26 22:31:57,764] {processor.py:641} INFO - Processing file /home/raf/pipeline-transform/.venv/lib/python3.9/site-packages/airflow/example_dags/example_kubernetes_executor.py for tasks to queue
[2023-05-26 22:31:57,764] {logging_mixin.py:115} INFO - [2023-05-26 22:31:57,764] {dagbag.py:507} INFO - Filling up the DagBag from /home/raf/pipeline-transform/.venv/lib/python3.9/site-packages/airflow/example_dags/example_kubernetes_executor.py
[2023-05-26 22:31:57,776] {logging_mixin.py:115} INFO - [2023-05-26 22:31:57,776] {example_kubernetes_executor.py:39} WARNING - The example_kubernetes_executor example DAG requires the kubernetes provider. Please install it with: pip install apache-airflow[cncf.kubernetes]
[2023-05-26 22:31:57,776] {processor.py:653} WARNING - No viable dags retrieved from /home/raf/pipeline-transform/.venv/lib/python3.9/site-packages/airflow/example_dags/example_kubernetes_executor.py
[2023-05-26 22:31:57,786] {processor.py:161} INFO - Processing /home/raf/pipeline-transform/.venv/lib/python3.9/site-packages/airflow/example_dags/example_kubernetes_executor.py took 0.030 seconds
