[2023-05-26 22:03:17,879] {processor.py:153} INFO - Started process (PID=25781) to work on /home/raf/pipeline-transform/.venv/lib/python3.9/site-packages/airflow/example_dags/example_short_circuit_operator.py
[2023-05-26 22:03:17,880] {processor.py:641} INFO - Processing file /home/raf/pipeline-transform/.venv/lib/python3.9/site-packages/airflow/example_dags/example_short_circuit_operator.py for tasks to queue
[2023-05-26 22:03:17,880] {logging_mixin.py:115} INFO - [2023-05-26 22:03:17,880] {dagbag.py:507} INFO - Filling up the DagBag from /home/raf/pipeline-transform/.venv/lib/python3.9/site-packages/airflow/example_dags/example_short_circuit_operator.py
[2023-05-26 22:03:17,912] {processor.py:651} INFO - DAG(s) dict_keys(['example_short_circuit_operator']) retrieved from /home/raf/pipeline-transform/.venv/lib/python3.9/site-packages/airflow/example_dags/example_short_circuit_operator.py
[2023-05-26 22:03:18,084] {logging_mixin.py:115} INFO - [2023-05-26 22:03:18,084] {dag.py:2379} INFO - Sync 1 DAGs
[2023-05-26 22:03:18,106] {logging_mixin.py:115} INFO - [2023-05-26 22:03:18,106] {dag.py:2927} INFO - Setting next_dagrun for example_short_circuit_operator to 2023-05-26T01:03:18.106180+00:00, run_after=2023-05-27T01:03:18.106180+00:00
[2023-05-26 22:03:18,159] {processor.py:161} INFO - Processing /home/raf/pipeline-transform/.venv/lib/python3.9/site-packages/airflow/example_dags/example_short_circuit_operator.py took 0.284 seconds
[2023-05-26 22:03:55,356] {processor.py:153} INFO - Started process (PID=26229) to work on /home/raf/pipeline-transform/.venv/lib/python3.9/site-packages/airflow/example_dags/example_short_circuit_operator.py
[2023-05-26 22:03:55,362] {processor.py:641} INFO - Processing file /home/raf/pipeline-transform/.venv/lib/python3.9/site-packages/airflow/example_dags/example_short_circuit_operator.py for tasks to queue
[2023-05-26 22:03:55,362] {logging_mixin.py:115} INFO - [2023-05-26 22:03:55,362] {dagbag.py:507} INFO - Filling up the DagBag from /home/raf/pipeline-transform/.venv/lib/python3.9/site-packages/airflow/example_dags/example_short_circuit_operator.py
[2023-05-26 22:03:55,370] {processor.py:651} INFO - DAG(s) dict_keys(['example_short_circuit_operator']) retrieved from /home/raf/pipeline-transform/.venv/lib/python3.9/site-packages/airflow/example_dags/example_short_circuit_operator.py
[2023-05-26 22:03:55,383] {logging_mixin.py:115} INFO - [2023-05-26 22:03:55,383] {dag.py:2379} INFO - Sync 1 DAGs
[2023-05-26 22:03:55,398] {logging_mixin.py:115} INFO - [2023-05-26 22:03:55,397] {dag.py:2927} INFO - Setting next_dagrun for example_short_circuit_operator to 2023-05-26T01:03:55.397714+00:00, run_after=2023-05-27T01:03:55.397714+00:00
[2023-05-26 22:03:55,416] {processor.py:161} INFO - Processing /home/raf/pipeline-transform/.venv/lib/python3.9/site-packages/airflow/example_dags/example_short_circuit_operator.py took 0.062 seconds
[2023-05-26 22:04:28,920] {processor.py:153} INFO - Started process (PID=26312) to work on /home/raf/pipeline-transform/.venv/lib/python3.9/site-packages/airflow/example_dags/example_short_circuit_operator.py
[2023-05-26 22:04:28,921] {processor.py:641} INFO - Processing file /home/raf/pipeline-transform/.venv/lib/python3.9/site-packages/airflow/example_dags/example_short_circuit_operator.py for tasks to queue
[2023-05-26 22:04:28,921] {logging_mixin.py:115} INFO - [2023-05-26 22:04:28,921] {dagbag.py:507} INFO - Filling up the DagBag from /home/raf/pipeline-transform/.venv/lib/python3.9/site-packages/airflow/example_dags/example_short_circuit_operator.py
[2023-05-26 22:04:28,929] {processor.py:651} INFO - DAG(s) dict_keys(['example_short_circuit_operator']) retrieved from /home/raf/pipeline-transform/.venv/lib/python3.9/site-packages/airflow/example_dags/example_short_circuit_operator.py
[2023-05-26 22:04:28,944] {logging_mixin.py:115} INFO - [2023-05-26 22:04:28,943] {dag.py:2379} INFO - Sync 1 DAGs
[2023-05-26 22:04:28,958] {logging_mixin.py:115} INFO - [2023-05-26 22:04:28,958] {dag.py:2927} INFO - Setting next_dagrun for example_short_circuit_operator to 2023-05-26T01:04:28.957989+00:00, run_after=2023-05-27T01:04:28.957989+00:00
[2023-05-26 22:04:28,979] {processor.py:161} INFO - Processing /home/raf/pipeline-transform/.venv/lib/python3.9/site-packages/airflow/example_dags/example_short_circuit_operator.py took 0.061 seconds
[2023-05-26 22:05:02,869] {processor.py:153} INFO - Started process (PID=26653) to work on /home/raf/pipeline-transform/.venv/lib/python3.9/site-packages/airflow/example_dags/example_short_circuit_operator.py
[2023-05-26 22:05:02,877] {processor.py:641} INFO - Processing file /home/raf/pipeline-transform/.venv/lib/python3.9/site-packages/airflow/example_dags/example_short_circuit_operator.py for tasks to queue
[2023-05-26 22:05:02,878] {logging_mixin.py:115} INFO - [2023-05-26 22:05:02,878] {dagbag.py:507} INFO - Filling up the DagBag from /home/raf/pipeline-transform/.venv/lib/python3.9/site-packages/airflow/example_dags/example_short_circuit_operator.py
[2023-05-26 22:05:02,887] {processor.py:651} INFO - DAG(s) dict_keys(['example_short_circuit_operator']) retrieved from /home/raf/pipeline-transform/.venv/lib/python3.9/site-packages/airflow/example_dags/example_short_circuit_operator.py
[2023-05-26 22:05:02,900] {logging_mixin.py:115} INFO - [2023-05-26 22:05:02,900] {dag.py:2379} INFO - Sync 1 DAGs
[2023-05-26 22:05:02,915] {logging_mixin.py:115} INFO - [2023-05-26 22:05:02,915] {dag.py:2927} INFO - Setting next_dagrun for example_short_circuit_operator to 2023-05-26T01:05:02.914933+00:00, run_after=2023-05-27T01:05:02.914933+00:00
[2023-05-26 22:05:02,934] {processor.py:161} INFO - Processing /home/raf/pipeline-transform/.venv/lib/python3.9/site-packages/airflow/example_dags/example_short_circuit_operator.py took 0.067 seconds
[2023-05-26 22:05:35,109] {processor.py:153} INFO - Started process (PID=26897) to work on /home/raf/pipeline-transform/.venv/lib/python3.9/site-packages/airflow/example_dags/example_short_circuit_operator.py
[2023-05-26 22:05:35,119] {processor.py:641} INFO - Processing file /home/raf/pipeline-transform/.venv/lib/python3.9/site-packages/airflow/example_dags/example_short_circuit_operator.py for tasks to queue
[2023-05-26 22:05:35,120] {logging_mixin.py:115} INFO - [2023-05-26 22:05:35,120] {dagbag.py:507} INFO - Filling up the DagBag from /home/raf/pipeline-transform/.venv/lib/python3.9/site-packages/airflow/example_dags/example_short_circuit_operator.py
[2023-05-26 22:05:35,127] {processor.py:651} INFO - DAG(s) dict_keys(['example_short_circuit_operator']) retrieved from /home/raf/pipeline-transform/.venv/lib/python3.9/site-packages/airflow/example_dags/example_short_circuit_operator.py
[2023-05-26 22:05:35,141] {logging_mixin.py:115} INFO - [2023-05-26 22:05:35,141] {dag.py:2379} INFO - Sync 1 DAGs
[2023-05-26 22:05:35,155] {logging_mixin.py:115} INFO - [2023-05-26 22:05:35,155] {dag.py:2927} INFO - Setting next_dagrun for example_short_circuit_operator to 2023-05-26T01:05:35.155339+00:00, run_after=2023-05-27T01:05:35.155339+00:00
[2023-05-26 22:05:35,174] {processor.py:161} INFO - Processing /home/raf/pipeline-transform/.venv/lib/python3.9/site-packages/airflow/example_dags/example_short_circuit_operator.py took 0.067 seconds
[2023-05-26 22:06:10,147] {processor.py:153} INFO - Started process (PID=26986) to work on /home/raf/pipeline-transform/.venv/lib/python3.9/site-packages/airflow/example_dags/example_short_circuit_operator.py
[2023-05-26 22:06:10,157] {processor.py:641} INFO - Processing file /home/raf/pipeline-transform/.venv/lib/python3.9/site-packages/airflow/example_dags/example_short_circuit_operator.py for tasks to queue
[2023-05-26 22:06:10,158] {logging_mixin.py:115} INFO - [2023-05-26 22:06:10,158] {dagbag.py:507} INFO - Filling up the DagBag from /home/raf/pipeline-transform/.venv/lib/python3.9/site-packages/airflow/example_dags/example_short_circuit_operator.py
[2023-05-26 22:06:10,165] {processor.py:651} INFO - DAG(s) dict_keys(['example_short_circuit_operator']) retrieved from /home/raf/pipeline-transform/.venv/lib/python3.9/site-packages/airflow/example_dags/example_short_circuit_operator.py
[2023-05-26 22:06:10,179] {logging_mixin.py:115} INFO - [2023-05-26 22:06:10,178] {dag.py:2379} INFO - Sync 1 DAGs
[2023-05-26 22:06:10,193] {logging_mixin.py:115} INFO - [2023-05-26 22:06:10,193] {dag.py:2927} INFO - Setting next_dagrun for example_short_circuit_operator to 2023-05-26T01:06:10.193411+00:00, run_after=2023-05-27T01:06:10.193411+00:00
[2023-05-26 22:06:10,212] {processor.py:161} INFO - Processing /home/raf/pipeline-transform/.venv/lib/python3.9/site-packages/airflow/example_dags/example_short_circuit_operator.py took 0.067 seconds
[2023-05-26 22:06:42,296] {processor.py:153} INFO - Started process (PID=27176) to work on /home/raf/pipeline-transform/.venv/lib/python3.9/site-packages/airflow/example_dags/example_short_circuit_operator.py
[2023-05-26 22:06:42,297] {processor.py:641} INFO - Processing file /home/raf/pipeline-transform/.venv/lib/python3.9/site-packages/airflow/example_dags/example_short_circuit_operator.py for tasks to queue
[2023-05-26 22:06:42,297] {logging_mixin.py:115} INFO - [2023-05-26 22:06:42,297] {dagbag.py:507} INFO - Filling up the DagBag from /home/raf/pipeline-transform/.venv/lib/python3.9/site-packages/airflow/example_dags/example_short_circuit_operator.py
[2023-05-26 22:06:42,304] {processor.py:651} INFO - DAG(s) dict_keys(['example_short_circuit_operator']) retrieved from /home/raf/pipeline-transform/.venv/lib/python3.9/site-packages/airflow/example_dags/example_short_circuit_operator.py
[2023-05-26 22:06:42,318] {logging_mixin.py:115} INFO - [2023-05-26 22:06:42,317] {dag.py:2379} INFO - Sync 1 DAGs
[2023-05-26 22:06:42,332] {logging_mixin.py:115} INFO - [2023-05-26 22:06:42,332] {dag.py:2927} INFO - Setting next_dagrun for example_short_circuit_operator to 2023-05-26T01:06:42.331955+00:00, run_after=2023-05-27T01:06:42.331955+00:00
[2023-05-26 22:06:42,350] {processor.py:161} INFO - Processing /home/raf/pipeline-transform/.venv/lib/python3.9/site-packages/airflow/example_dags/example_short_circuit_operator.py took 0.056 seconds
[2023-05-26 22:07:16,491] {processor.py:153} INFO - Started process (PID=27263) to work on /home/raf/pipeline-transform/.venv/lib/python3.9/site-packages/airflow/example_dags/example_short_circuit_operator.py
[2023-05-26 22:07:16,491] {processor.py:641} INFO - Processing file /home/raf/pipeline-transform/.venv/lib/python3.9/site-packages/airflow/example_dags/example_short_circuit_operator.py for tasks to queue
[2023-05-26 22:07:16,492] {logging_mixin.py:115} INFO - [2023-05-26 22:07:16,492] {dagbag.py:507} INFO - Filling up the DagBag from /home/raf/pipeline-transform/.venv/lib/python3.9/site-packages/airflow/example_dags/example_short_circuit_operator.py
[2023-05-26 22:07:16,499] {processor.py:651} INFO - DAG(s) dict_keys(['example_short_circuit_operator']) retrieved from /home/raf/pipeline-transform/.venv/lib/python3.9/site-packages/airflow/example_dags/example_short_circuit_operator.py
[2023-05-26 22:07:16,513] {logging_mixin.py:115} INFO - [2023-05-26 22:07:16,513] {dag.py:2379} INFO - Sync 1 DAGs
[2023-05-26 22:07:16,527] {logging_mixin.py:115} INFO - [2023-05-26 22:07:16,527] {dag.py:2927} INFO - Setting next_dagrun for example_short_circuit_operator to 2023-05-26T01:07:16.527006+00:00, run_after=2023-05-27T01:07:16.527006+00:00
[2023-05-26 22:07:16,546] {processor.py:161} INFO - Processing /home/raf/pipeline-transform/.venv/lib/python3.9/site-packages/airflow/example_dags/example_short_circuit_operator.py took 0.057 seconds
[2023-05-26 22:07:51,036] {processor.py:153} INFO - Started process (PID=27349) to work on /home/raf/pipeline-transform/.venv/lib/python3.9/site-packages/airflow/example_dags/example_short_circuit_operator.py
[2023-05-26 22:07:51,049] {processor.py:641} INFO - Processing file /home/raf/pipeline-transform/.venv/lib/python3.9/site-packages/airflow/example_dags/example_short_circuit_operator.py for tasks to queue
[2023-05-26 22:07:51,050] {logging_mixin.py:115} INFO - [2023-05-26 22:07:51,050] {dagbag.py:507} INFO - Filling up the DagBag from /home/raf/pipeline-transform/.venv/lib/python3.9/site-packages/airflow/example_dags/example_short_circuit_operator.py
[2023-05-26 22:07:51,058] {processor.py:651} INFO - DAG(s) dict_keys(['example_short_circuit_operator']) retrieved from /home/raf/pipeline-transform/.venv/lib/python3.9/site-packages/airflow/example_dags/example_short_circuit_operator.py
[2023-05-26 22:07:51,080] {logging_mixin.py:115} INFO - [2023-05-26 22:07:51,079] {dag.py:2379} INFO - Sync 1 DAGs
[2023-05-26 22:07:51,100] {logging_mixin.py:115} INFO - [2023-05-26 22:07:51,100] {dag.py:2927} INFO - Setting next_dagrun for example_short_circuit_operator to 2023-05-26T01:07:51.100542+00:00, run_after=2023-05-27T01:07:51.100542+00:00
[2023-05-26 22:07:51,119] {processor.py:161} INFO - Processing /home/raf/pipeline-transform/.venv/lib/python3.9/site-packages/airflow/example_dags/example_short_circuit_operator.py took 0.086 seconds
[2023-05-26 22:08:24,492] {processor.py:153} INFO - Started process (PID=27485) to work on /home/raf/pipeline-transform/.venv/lib/python3.9/site-packages/airflow/example_dags/example_short_circuit_operator.py
[2023-05-26 22:08:24,507] {processor.py:641} INFO - Processing file /home/raf/pipeline-transform/.venv/lib/python3.9/site-packages/airflow/example_dags/example_short_circuit_operator.py for tasks to queue
[2023-05-26 22:08:24,507] {logging_mixin.py:115} INFO - [2023-05-26 22:08:24,507] {dagbag.py:507} INFO - Filling up the DagBag from /home/raf/pipeline-transform/.venv/lib/python3.9/site-packages/airflow/example_dags/example_short_circuit_operator.py
[2023-05-26 22:08:24,514] {processor.py:651} INFO - DAG(s) dict_keys(['example_short_circuit_operator']) retrieved from /home/raf/pipeline-transform/.venv/lib/python3.9/site-packages/airflow/example_dags/example_short_circuit_operator.py
[2023-05-26 22:08:24,528] {logging_mixin.py:115} INFO - [2023-05-26 22:08:24,528] {dag.py:2379} INFO - Sync 1 DAGs
[2023-05-26 22:08:24,543] {logging_mixin.py:115} INFO - [2023-05-26 22:08:24,543] {dag.py:2927} INFO - Setting next_dagrun for example_short_circuit_operator to 2023-05-26T01:08:24.542844+00:00, run_after=2023-05-27T01:08:24.542844+00:00
[2023-05-26 22:08:24,565] {processor.py:161} INFO - Processing /home/raf/pipeline-transform/.venv/lib/python3.9/site-packages/airflow/example_dags/example_short_circuit_operator.py took 0.075 seconds
[2023-05-26 22:08:56,495] {processor.py:153} INFO - Started process (PID=27569) to work on /home/raf/pipeline-transform/.venv/lib/python3.9/site-packages/airflow/example_dags/example_short_circuit_operator.py
[2023-05-26 22:08:56,495] {processor.py:641} INFO - Processing file /home/raf/pipeline-transform/.venv/lib/python3.9/site-packages/airflow/example_dags/example_short_circuit_operator.py for tasks to queue
[2023-05-26 22:08:56,496] {logging_mixin.py:115} INFO - [2023-05-26 22:08:56,496] {dagbag.py:507} INFO - Filling up the DagBag from /home/raf/pipeline-transform/.venv/lib/python3.9/site-packages/airflow/example_dags/example_short_circuit_operator.py
[2023-05-26 22:08:56,505] {processor.py:651} INFO - DAG(s) dict_keys(['example_short_circuit_operator']) retrieved from /home/raf/pipeline-transform/.venv/lib/python3.9/site-packages/airflow/example_dags/example_short_circuit_operator.py
[2023-05-26 22:08:56,520] {logging_mixin.py:115} INFO - [2023-05-26 22:08:56,520] {dag.py:2379} INFO - Sync 1 DAGs
[2023-05-26 22:08:56,536] {logging_mixin.py:115} INFO - [2023-05-26 22:08:56,536] {dag.py:2927} INFO - Setting next_dagrun for example_short_circuit_operator to 2023-05-26T01:08:56.536568+00:00, run_after=2023-05-27T01:08:56.536568+00:00
[2023-05-26 22:08:56,570] {processor.py:161} INFO - Processing /home/raf/pipeline-transform/.venv/lib/python3.9/site-packages/airflow/example_dags/example_short_circuit_operator.py took 0.078 seconds
[2023-05-26 22:09:31,567] {processor.py:153} INFO - Started process (PID=27759) to work on /home/raf/pipeline-transform/.venv/lib/python3.9/site-packages/airflow/example_dags/example_short_circuit_operator.py
[2023-05-26 22:09:31,580] {processor.py:641} INFO - Processing file /home/raf/pipeline-transform/.venv/lib/python3.9/site-packages/airflow/example_dags/example_short_circuit_operator.py for tasks to queue
[2023-05-26 22:09:31,581] {logging_mixin.py:115} INFO - [2023-05-26 22:09:31,581] {dagbag.py:507} INFO - Filling up the DagBag from /home/raf/pipeline-transform/.venv/lib/python3.9/site-packages/airflow/example_dags/example_short_circuit_operator.py
[2023-05-26 22:09:31,589] {processor.py:651} INFO - DAG(s) dict_keys(['example_short_circuit_operator']) retrieved from /home/raf/pipeline-transform/.venv/lib/python3.9/site-packages/airflow/example_dags/example_short_circuit_operator.py
[2023-05-26 22:09:31,604] {logging_mixin.py:115} INFO - [2023-05-26 22:09:31,604] {dag.py:2379} INFO - Sync 1 DAGs
[2023-05-26 22:09:31,622] {logging_mixin.py:115} INFO - [2023-05-26 22:09:31,622] {dag.py:2927} INFO - Setting next_dagrun for example_short_circuit_operator to 2023-05-26T01:09:31.622148+00:00, run_after=2023-05-27T01:09:31.622148+00:00
[2023-05-26 22:09:31,647] {processor.py:161} INFO - Processing /home/raf/pipeline-transform/.venv/lib/python3.9/site-packages/airflow/example_dags/example_short_circuit_operator.py took 0.082 seconds
[2023-05-26 22:10:04,122] {processor.py:153} INFO - Started process (PID=27841) to work on /home/raf/pipeline-transform/.venv/lib/python3.9/site-packages/airflow/example_dags/example_short_circuit_operator.py
[2023-05-26 22:10:04,143] {processor.py:641} INFO - Processing file /home/raf/pipeline-transform/.venv/lib/python3.9/site-packages/airflow/example_dags/example_short_circuit_operator.py for tasks to queue
[2023-05-26 22:10:04,144] {logging_mixin.py:115} INFO - [2023-05-26 22:10:04,143] {dagbag.py:507} INFO - Filling up the DagBag from /home/raf/pipeline-transform/.venv/lib/python3.9/site-packages/airflow/example_dags/example_short_circuit_operator.py
[2023-05-26 22:10:04,150] {processor.py:651} INFO - DAG(s) dict_keys(['example_short_circuit_operator']) retrieved from /home/raf/pipeline-transform/.venv/lib/python3.9/site-packages/airflow/example_dags/example_short_circuit_operator.py
[2023-05-26 22:10:04,165] {logging_mixin.py:115} INFO - [2023-05-26 22:10:04,164] {dag.py:2379} INFO - Sync 1 DAGs
[2023-05-26 22:10:04,179] {logging_mixin.py:115} INFO - [2023-05-26 22:10:04,179] {dag.py:2927} INFO - Setting next_dagrun for example_short_circuit_operator to 2023-05-26T01:10:04.179083+00:00, run_after=2023-05-27T01:10:04.179083+00:00
[2023-05-26 22:10:04,200] {processor.py:161} INFO - Processing /home/raf/pipeline-transform/.venv/lib/python3.9/site-packages/airflow/example_dags/example_short_circuit_operator.py took 0.081 seconds
[2023-05-26 22:10:39,578] {processor.py:153} INFO - Started process (PID=27927) to work on /home/raf/pipeline-transform/.venv/lib/python3.9/site-packages/airflow/example_dags/example_short_circuit_operator.py
[2023-05-26 22:10:39,600] {processor.py:641} INFO - Processing file /home/raf/pipeline-transform/.venv/lib/python3.9/site-packages/airflow/example_dags/example_short_circuit_operator.py for tasks to queue
[2023-05-26 22:10:39,601] {logging_mixin.py:115} INFO - [2023-05-26 22:10:39,601] {dagbag.py:507} INFO - Filling up the DagBag from /home/raf/pipeline-transform/.venv/lib/python3.9/site-packages/airflow/example_dags/example_short_circuit_operator.py
[2023-05-26 22:10:39,608] {processor.py:651} INFO - DAG(s) dict_keys(['example_short_circuit_operator']) retrieved from /home/raf/pipeline-transform/.venv/lib/python3.9/site-packages/airflow/example_dags/example_short_circuit_operator.py
[2023-05-26 22:10:39,622] {logging_mixin.py:115} INFO - [2023-05-26 22:10:39,622] {dag.py:2379} INFO - Sync 1 DAGs
[2023-05-26 22:10:39,637] {logging_mixin.py:115} INFO - [2023-05-26 22:10:39,636] {dag.py:2927} INFO - Setting next_dagrun for example_short_circuit_operator to 2023-05-26T01:10:39.636720+00:00, run_after=2023-05-27T01:10:39.636720+00:00
[2023-05-26 22:10:39,658] {processor.py:161} INFO - Processing /home/raf/pipeline-transform/.venv/lib/python3.9/site-packages/airflow/example_dags/example_short_circuit_operator.py took 0.082 seconds
[2023-05-26 22:11:13,892] {processor.py:153} INFO - Started process (PID=28013) to work on /home/raf/pipeline-transform/.venv/lib/python3.9/site-packages/airflow/example_dags/example_short_circuit_operator.py
[2023-05-26 22:11:13,897] {processor.py:641} INFO - Processing file /home/raf/pipeline-transform/.venv/lib/python3.9/site-packages/airflow/example_dags/example_short_circuit_operator.py for tasks to queue
[2023-05-26 22:11:13,897] {logging_mixin.py:115} INFO - [2023-05-26 22:11:13,897] {dagbag.py:507} INFO - Filling up the DagBag from /home/raf/pipeline-transform/.venv/lib/python3.9/site-packages/airflow/example_dags/example_short_circuit_operator.py
[2023-05-26 22:11:13,904] {processor.py:651} INFO - DAG(s) dict_keys(['example_short_circuit_operator']) retrieved from /home/raf/pipeline-transform/.venv/lib/python3.9/site-packages/airflow/example_dags/example_short_circuit_operator.py
[2023-05-26 22:11:13,918] {logging_mixin.py:115} INFO - [2023-05-26 22:11:13,918] {dag.py:2379} INFO - Sync 1 DAGs
[2023-05-26 22:11:13,933] {logging_mixin.py:115} INFO - [2023-05-26 22:11:13,933] {dag.py:2927} INFO - Setting next_dagrun for example_short_circuit_operator to 2023-05-26T01:11:13.932834+00:00, run_after=2023-05-27T01:11:13.932834+00:00
[2023-05-26 22:11:13,954] {processor.py:161} INFO - Processing /home/raf/pipeline-transform/.venv/lib/python3.9/site-packages/airflow/example_dags/example_short_circuit_operator.py took 0.064 seconds
[2023-05-26 22:11:45,670] {processor.py:153} INFO - Started process (PID=28099) to work on /home/raf/pipeline-transform/.venv/lib/python3.9/site-packages/airflow/example_dags/example_short_circuit_operator.py
[2023-05-26 22:11:45,824] {processor.py:641} INFO - Processing file /home/raf/pipeline-transform/.venv/lib/python3.9/site-packages/airflow/example_dags/example_short_circuit_operator.py for tasks to queue
[2023-05-26 22:11:45,825] {logging_mixin.py:115} INFO - [2023-05-26 22:11:45,825] {dagbag.py:507} INFO - Filling up the DagBag from /home/raf/pipeline-transform/.venv/lib/python3.9/site-packages/airflow/example_dags/example_short_circuit_operator.py
[2023-05-26 22:11:45,832] {processor.py:651} INFO - DAG(s) dict_keys(['example_short_circuit_operator']) retrieved from /home/raf/pipeline-transform/.venv/lib/python3.9/site-packages/airflow/example_dags/example_short_circuit_operator.py
[2023-05-26 22:11:45,849] {logging_mixin.py:115} INFO - [2023-05-26 22:11:45,849] {dag.py:2379} INFO - Sync 1 DAGs
[2023-05-26 22:11:45,867] {logging_mixin.py:115} INFO - [2023-05-26 22:11:45,866] {dag.py:2927} INFO - Setting next_dagrun for example_short_circuit_operator to 2023-05-26T01:11:45.866733+00:00, run_after=2023-05-27T01:11:45.866733+00:00
[2023-05-26 22:11:45,888] {processor.py:161} INFO - Processing /home/raf/pipeline-transform/.venv/lib/python3.9/site-packages/airflow/example_dags/example_short_circuit_operator.py took 0.220 seconds
[2023-05-26 22:12:17,461] {processor.py:153} INFO - Started process (PID=28205) to work on /home/raf/pipeline-transform/.venv/lib/python3.9/site-packages/airflow/example_dags/example_short_circuit_operator.py
[2023-05-26 22:12:17,465] {processor.py:641} INFO - Processing file /home/raf/pipeline-transform/.venv/lib/python3.9/site-packages/airflow/example_dags/example_short_circuit_operator.py for tasks to queue
[2023-05-26 22:12:17,466] {logging_mixin.py:115} INFO - [2023-05-26 22:12:17,466] {dagbag.py:507} INFO - Filling up the DagBag from /home/raf/pipeline-transform/.venv/lib/python3.9/site-packages/airflow/example_dags/example_short_circuit_operator.py
[2023-05-26 22:12:17,476] {processor.py:651} INFO - DAG(s) dict_keys(['example_short_circuit_operator']) retrieved from /home/raf/pipeline-transform/.venv/lib/python3.9/site-packages/airflow/example_dags/example_short_circuit_operator.py
[2023-05-26 22:12:17,499] {logging_mixin.py:115} INFO - [2023-05-26 22:12:17,499] {dag.py:2379} INFO - Sync 1 DAGs
[2023-05-26 22:12:17,518] {logging_mixin.py:115} INFO - [2023-05-26 22:12:17,518] {dag.py:2927} INFO - Setting next_dagrun for example_short_circuit_operator to 2023-05-26T01:12:17.517743+00:00, run_after=2023-05-27T01:12:17.517743+00:00
[2023-05-26 22:12:17,548] {processor.py:161} INFO - Processing /home/raf/pipeline-transform/.venv/lib/python3.9/site-packages/airflow/example_dags/example_short_circuit_operator.py took 0.091 seconds
[2023-05-26 22:12:49,820] {processor.py:153} INFO - Started process (PID=28417) to work on /home/raf/pipeline-transform/.venv/lib/python3.9/site-packages/airflow/example_dags/example_short_circuit_operator.py
[2023-05-26 22:12:49,827] {processor.py:641} INFO - Processing file /home/raf/pipeline-transform/.venv/lib/python3.9/site-packages/airflow/example_dags/example_short_circuit_operator.py for tasks to queue
[2023-05-26 22:12:49,828] {logging_mixin.py:115} INFO - [2023-05-26 22:12:49,827] {dagbag.py:507} INFO - Filling up the DagBag from /home/raf/pipeline-transform/.venv/lib/python3.9/site-packages/airflow/example_dags/example_short_circuit_operator.py
[2023-05-26 22:12:49,836] {processor.py:651} INFO - DAG(s) dict_keys(['example_short_circuit_operator']) retrieved from /home/raf/pipeline-transform/.venv/lib/python3.9/site-packages/airflow/example_dags/example_short_circuit_operator.py
[2023-05-26 22:12:49,852] {logging_mixin.py:115} INFO - [2023-05-26 22:12:49,852] {dag.py:2379} INFO - Sync 1 DAGs
[2023-05-26 22:12:49,868] {logging_mixin.py:115} INFO - [2023-05-26 22:12:49,868] {dag.py:2927} INFO - Setting next_dagrun for example_short_circuit_operator to 2023-05-26T01:12:49.868503+00:00, run_after=2023-05-27T01:12:49.868503+00:00
[2023-05-26 22:12:49,893] {processor.py:161} INFO - Processing /home/raf/pipeline-transform/.venv/lib/python3.9/site-packages/airflow/example_dags/example_short_circuit_operator.py took 0.076 seconds
[2023-05-26 22:13:23,690] {processor.py:153} INFO - Started process (PID=28551) to work on /home/raf/pipeline-transform/.venv/lib/python3.9/site-packages/airflow/example_dags/example_short_circuit_operator.py
[2023-05-26 22:13:23,698] {processor.py:641} INFO - Processing file /home/raf/pipeline-transform/.venv/lib/python3.9/site-packages/airflow/example_dags/example_short_circuit_operator.py for tasks to queue
[2023-05-26 22:13:23,698] {logging_mixin.py:115} INFO - [2023-05-26 22:13:23,698] {dagbag.py:507} INFO - Filling up the DagBag from /home/raf/pipeline-transform/.venv/lib/python3.9/site-packages/airflow/example_dags/example_short_circuit_operator.py
[2023-05-26 22:13:23,707] {processor.py:651} INFO - DAG(s) dict_keys(['example_short_circuit_operator']) retrieved from /home/raf/pipeline-transform/.venv/lib/python3.9/site-packages/airflow/example_dags/example_short_circuit_operator.py
[2023-05-26 22:13:23,726] {logging_mixin.py:115} INFO - [2023-05-26 22:13:23,726] {dag.py:2379} INFO - Sync 1 DAGs
[2023-05-26 22:13:23,745] {logging_mixin.py:115} INFO - [2023-05-26 22:13:23,745] {dag.py:2927} INFO - Setting next_dagrun for example_short_circuit_operator to 2023-05-26T01:13:23.744902+00:00, run_after=2023-05-27T01:13:23.744902+00:00
[2023-05-26 22:13:23,763] {processor.py:161} INFO - Processing /home/raf/pipeline-transform/.venv/lib/python3.9/site-packages/airflow/example_dags/example_short_circuit_operator.py took 0.078 seconds
[2023-05-26 22:13:55,760] {processor.py:153} INFO - Started process (PID=28635) to work on /home/raf/pipeline-transform/.venv/lib/python3.9/site-packages/airflow/example_dags/example_short_circuit_operator.py
[2023-05-26 22:13:55,779] {processor.py:641} INFO - Processing file /home/raf/pipeline-transform/.venv/lib/python3.9/site-packages/airflow/example_dags/example_short_circuit_operator.py for tasks to queue
[2023-05-26 22:13:55,779] {logging_mixin.py:115} INFO - [2023-05-26 22:13:55,779] {dagbag.py:507} INFO - Filling up the DagBag from /home/raf/pipeline-transform/.venv/lib/python3.9/site-packages/airflow/example_dags/example_short_circuit_operator.py
[2023-05-26 22:13:55,788] {processor.py:651} INFO - DAG(s) dict_keys(['example_short_circuit_operator']) retrieved from /home/raf/pipeline-transform/.venv/lib/python3.9/site-packages/airflow/example_dags/example_short_circuit_operator.py
[2023-05-26 22:13:55,804] {logging_mixin.py:115} INFO - [2023-05-26 22:13:55,804] {dag.py:2379} INFO - Sync 1 DAGs
[2023-05-26 22:13:55,821] {logging_mixin.py:115} INFO - [2023-05-26 22:13:55,821] {dag.py:2927} INFO - Setting next_dagrun for example_short_circuit_operator to 2023-05-26T01:13:55.820784+00:00, run_after=2023-05-27T01:13:55.820784+00:00
[2023-05-26 22:13:55,842] {processor.py:161} INFO - Processing /home/raf/pipeline-transform/.venv/lib/python3.9/site-packages/airflow/example_dags/example_short_circuit_operator.py took 0.084 seconds
[2023-05-26 22:14:27,288] {processor.py:153} INFO - Started process (PID=28712) to work on /home/raf/pipeline-transform/.venv/lib/python3.9/site-packages/airflow/example_dags/example_short_circuit_operator.py
[2023-05-26 22:14:27,288] {processor.py:641} INFO - Processing file /home/raf/pipeline-transform/.venv/lib/python3.9/site-packages/airflow/example_dags/example_short_circuit_operator.py for tasks to queue
[2023-05-26 22:14:27,288] {logging_mixin.py:115} INFO - [2023-05-26 22:14:27,288] {dagbag.py:507} INFO - Filling up the DagBag from /home/raf/pipeline-transform/.venv/lib/python3.9/site-packages/airflow/example_dags/example_short_circuit_operator.py
[2023-05-26 22:14:27,297] {processor.py:651} INFO - DAG(s) dict_keys(['example_short_circuit_operator']) retrieved from /home/raf/pipeline-transform/.venv/lib/python3.9/site-packages/airflow/example_dags/example_short_circuit_operator.py
[2023-05-26 22:14:27,313] {logging_mixin.py:115} INFO - [2023-05-26 22:14:27,313] {dag.py:2379} INFO - Sync 1 DAGs
[2023-05-26 22:14:27,330] {logging_mixin.py:115} INFO - [2023-05-26 22:14:27,329] {dag.py:2927} INFO - Setting next_dagrun for example_short_circuit_operator to 2023-05-26T01:14:27.329551+00:00, run_after=2023-05-27T01:14:27.329551+00:00
[2023-05-26 22:14:27,365] {processor.py:161} INFO - Processing /home/raf/pipeline-transform/.venv/lib/python3.9/site-packages/airflow/example_dags/example_short_circuit_operator.py took 0.080 seconds
[2023-05-26 22:14:58,297] {processor.py:153} INFO - Started process (PID=28789) to work on /home/raf/pipeline-transform/.venv/lib/python3.9/site-packages/airflow/example_dags/example_short_circuit_operator.py
[2023-05-26 22:14:58,318] {processor.py:641} INFO - Processing file /home/raf/pipeline-transform/.venv/lib/python3.9/site-packages/airflow/example_dags/example_short_circuit_operator.py for tasks to queue
[2023-05-26 22:14:58,318] {logging_mixin.py:115} INFO - [2023-05-26 22:14:58,318] {dagbag.py:507} INFO - Filling up the DagBag from /home/raf/pipeline-transform/.venv/lib/python3.9/site-packages/airflow/example_dags/example_short_circuit_operator.py
[2023-05-26 22:14:58,326] {processor.py:651} INFO - DAG(s) dict_keys(['example_short_circuit_operator']) retrieved from /home/raf/pipeline-transform/.venv/lib/python3.9/site-packages/airflow/example_dags/example_short_circuit_operator.py
[2023-05-26 22:14:58,341] {logging_mixin.py:115} INFO - [2023-05-26 22:14:58,341] {dag.py:2379} INFO - Sync 1 DAGs
[2023-05-26 22:14:58,356] {logging_mixin.py:115} INFO - [2023-05-26 22:14:58,356] {dag.py:2927} INFO - Setting next_dagrun for example_short_circuit_operator to 2023-05-26T01:14:58.356123+00:00, run_after=2023-05-27T01:14:58.356123+00:00
[2023-05-26 22:14:58,377] {processor.py:161} INFO - Processing /home/raf/pipeline-transform/.venv/lib/python3.9/site-packages/airflow/example_dags/example_short_circuit_operator.py took 0.082 seconds
[2023-05-26 22:15:30,578] {processor.py:153} INFO - Started process (PID=28869) to work on /home/raf/pipeline-transform/.venv/lib/python3.9/site-packages/airflow/example_dags/example_short_circuit_operator.py
[2023-05-26 22:15:30,579] {processor.py:641} INFO - Processing file /home/raf/pipeline-transform/.venv/lib/python3.9/site-packages/airflow/example_dags/example_short_circuit_operator.py for tasks to queue
[2023-05-26 22:15:30,580] {logging_mixin.py:115} INFO - [2023-05-26 22:15:30,580] {dagbag.py:507} INFO - Filling up the DagBag from /home/raf/pipeline-transform/.venv/lib/python3.9/site-packages/airflow/example_dags/example_short_circuit_operator.py
[2023-05-26 22:15:30,592] {processor.py:651} INFO - DAG(s) dict_keys(['example_short_circuit_operator']) retrieved from /home/raf/pipeline-transform/.venv/lib/python3.9/site-packages/airflow/example_dags/example_short_circuit_operator.py
[2023-05-26 22:15:30,607] {logging_mixin.py:115} INFO - [2023-05-26 22:15:30,607] {dag.py:2379} INFO - Sync 1 DAGs
[2023-05-26 22:15:30,622] {logging_mixin.py:115} INFO - [2023-05-26 22:15:30,622] {dag.py:2927} INFO - Setting next_dagrun for example_short_circuit_operator to 2023-05-26T01:15:30.622219+00:00, run_after=2023-05-27T01:15:30.622219+00:00
[2023-05-26 22:15:30,652] {processor.py:161} INFO - Processing /home/raf/pipeline-transform/.venv/lib/python3.9/site-packages/airflow/example_dags/example_short_circuit_operator.py took 0.076 seconds
[2023-05-26 22:16:05,679] {processor.py:153} INFO - Started process (PID=28955) to work on /home/raf/pipeline-transform/.venv/lib/python3.9/site-packages/airflow/example_dags/example_short_circuit_operator.py
[2023-05-26 22:16:05,703] {processor.py:641} INFO - Processing file /home/raf/pipeline-transform/.venv/lib/python3.9/site-packages/airflow/example_dags/example_short_circuit_operator.py for tasks to queue
[2023-05-26 22:16:05,703] {logging_mixin.py:115} INFO - [2023-05-26 22:16:05,703] {dagbag.py:507} INFO - Filling up the DagBag from /home/raf/pipeline-transform/.venv/lib/python3.9/site-packages/airflow/example_dags/example_short_circuit_operator.py
[2023-05-26 22:16:05,711] {processor.py:651} INFO - DAG(s) dict_keys(['example_short_circuit_operator']) retrieved from /home/raf/pipeline-transform/.venv/lib/python3.9/site-packages/airflow/example_dags/example_short_circuit_operator.py
[2023-05-26 22:16:05,724] {logging_mixin.py:115} INFO - [2023-05-26 22:16:05,724] {dag.py:2379} INFO - Sync 1 DAGs
[2023-05-26 22:16:05,739] {logging_mixin.py:115} INFO - [2023-05-26 22:16:05,739] {dag.py:2927} INFO - Setting next_dagrun for example_short_circuit_operator to 2023-05-26T01:16:05.739143+00:00, run_after=2023-05-27T01:16:05.739143+00:00
[2023-05-26 22:16:05,760] {processor.py:161} INFO - Processing /home/raf/pipeline-transform/.venv/lib/python3.9/site-packages/airflow/example_dags/example_short_circuit_operator.py took 0.083 seconds
[2023-05-26 22:16:35,993] {processor.py:153} INFO - Started process (PID=29031) to work on /home/raf/pipeline-transform/.venv/lib/python3.9/site-packages/airflow/example_dags/example_short_circuit_operator.py
[2023-05-26 22:16:35,993] {processor.py:641} INFO - Processing file /home/raf/pipeline-transform/.venv/lib/python3.9/site-packages/airflow/example_dags/example_short_circuit_operator.py for tasks to queue
[2023-05-26 22:16:35,994] {logging_mixin.py:115} INFO - [2023-05-26 22:16:35,994] {dagbag.py:507} INFO - Filling up the DagBag from /home/raf/pipeline-transform/.venv/lib/python3.9/site-packages/airflow/example_dags/example_short_circuit_operator.py
[2023-05-26 22:16:36,001] {processor.py:651} INFO - DAG(s) dict_keys(['example_short_circuit_operator']) retrieved from /home/raf/pipeline-transform/.venv/lib/python3.9/site-packages/airflow/example_dags/example_short_circuit_operator.py
[2023-05-26 22:16:36,017] {logging_mixin.py:115} INFO - [2023-05-26 22:16:36,017] {dag.py:2379} INFO - Sync 1 DAGs
[2023-05-26 22:16:36,033] {logging_mixin.py:115} INFO - [2023-05-26 22:16:36,033] {dag.py:2927} INFO - Setting next_dagrun for example_short_circuit_operator to 2023-05-26T01:16:36.033518+00:00, run_after=2023-05-27T01:16:36.033518+00:00
[2023-05-26 22:16:36,065] {processor.py:161} INFO - Processing /home/raf/pipeline-transform/.venv/lib/python3.9/site-packages/airflow/example_dags/example_short_circuit_operator.py took 0.075 seconds
[2023-05-26 22:17:07,384] {processor.py:153} INFO - Started process (PID=29108) to work on /home/raf/pipeline-transform/.venv/lib/python3.9/site-packages/airflow/example_dags/example_short_circuit_operator.py
[2023-05-26 22:17:07,404] {processor.py:641} INFO - Processing file /home/raf/pipeline-transform/.venv/lib/python3.9/site-packages/airflow/example_dags/example_short_circuit_operator.py for tasks to queue
[2023-05-26 22:17:07,404] {logging_mixin.py:115} INFO - [2023-05-26 22:17:07,404] {dagbag.py:507} INFO - Filling up the DagBag from /home/raf/pipeline-transform/.venv/lib/python3.9/site-packages/airflow/example_dags/example_short_circuit_operator.py
[2023-05-26 22:17:07,411] {processor.py:651} INFO - DAG(s) dict_keys(['example_short_circuit_operator']) retrieved from /home/raf/pipeline-transform/.venv/lib/python3.9/site-packages/airflow/example_dags/example_short_circuit_operator.py
[2023-05-26 22:17:07,426] {logging_mixin.py:115} INFO - [2023-05-26 22:17:07,425] {dag.py:2379} INFO - Sync 1 DAGs
[2023-05-26 22:17:07,440] {logging_mixin.py:115} INFO - [2023-05-26 22:17:07,440] {dag.py:2927} INFO - Setting next_dagrun for example_short_circuit_operator to 2023-05-26T01:17:07.440427+00:00, run_after=2023-05-27T01:17:07.440427+00:00
[2023-05-26 22:17:07,462] {processor.py:161} INFO - Processing /home/raf/pipeline-transform/.venv/lib/python3.9/site-packages/airflow/example_dags/example_short_circuit_operator.py took 0.080 seconds
[2023-05-26 22:17:38,854] {processor.py:153} INFO - Started process (PID=29185) to work on /home/raf/pipeline-transform/.venv/lib/python3.9/site-packages/airflow/example_dags/example_short_circuit_operator.py
[2023-05-26 22:17:38,854] {processor.py:641} INFO - Processing file /home/raf/pipeline-transform/.venv/lib/python3.9/site-packages/airflow/example_dags/example_short_circuit_operator.py for tasks to queue
[2023-05-26 22:17:38,855] {logging_mixin.py:115} INFO - [2023-05-26 22:17:38,855] {dagbag.py:507} INFO - Filling up the DagBag from /home/raf/pipeline-transform/.venv/lib/python3.9/site-packages/airflow/example_dags/example_short_circuit_operator.py
[2023-05-26 22:17:38,862] {processor.py:651} INFO - DAG(s) dict_keys(['example_short_circuit_operator']) retrieved from /home/raf/pipeline-transform/.venv/lib/python3.9/site-packages/airflow/example_dags/example_short_circuit_operator.py
[2023-05-26 22:17:38,876] {logging_mixin.py:115} INFO - [2023-05-26 22:17:38,876] {dag.py:2379} INFO - Sync 1 DAGs
[2023-05-26 22:17:38,891] {logging_mixin.py:115} INFO - [2023-05-26 22:17:38,891] {dag.py:2927} INFO - Setting next_dagrun for example_short_circuit_operator to 2023-05-26T01:17:38.891432+00:00, run_after=2023-05-27T01:17:38.891432+00:00
[2023-05-26 22:17:38,923] {processor.py:161} INFO - Processing /home/raf/pipeline-transform/.venv/lib/python3.9/site-packages/airflow/example_dags/example_short_circuit_operator.py took 0.072 seconds
[2023-05-26 22:18:14,560] {processor.py:153} INFO - Started process (PID=29274) to work on /home/raf/pipeline-transform/.venv/lib/python3.9/site-packages/airflow/example_dags/example_short_circuit_operator.py
[2023-05-26 22:18:14,564] {processor.py:641} INFO - Processing file /home/raf/pipeline-transform/.venv/lib/python3.9/site-packages/airflow/example_dags/example_short_circuit_operator.py for tasks to queue
[2023-05-26 22:18:14,564] {logging_mixin.py:115} INFO - [2023-05-26 22:18:14,564] {dagbag.py:507} INFO - Filling up the DagBag from /home/raf/pipeline-transform/.venv/lib/python3.9/site-packages/airflow/example_dags/example_short_circuit_operator.py
[2023-05-26 22:18:14,572] {processor.py:651} INFO - DAG(s) dict_keys(['example_short_circuit_operator']) retrieved from /home/raf/pipeline-transform/.venv/lib/python3.9/site-packages/airflow/example_dags/example_short_circuit_operator.py
[2023-05-26 22:18:14,586] {logging_mixin.py:115} INFO - [2023-05-26 22:18:14,586] {dag.py:2379} INFO - Sync 1 DAGs
[2023-05-26 22:18:14,603] {logging_mixin.py:115} INFO - [2023-05-26 22:18:14,602] {dag.py:2927} INFO - Setting next_dagrun for example_short_circuit_operator to 2023-05-26T01:18:14.602720+00:00, run_after=2023-05-27T01:18:14.602720+00:00
[2023-05-26 22:18:14,622] {processor.py:161} INFO - Processing /home/raf/pipeline-transform/.venv/lib/python3.9/site-packages/airflow/example_dags/example_short_circuit_operator.py took 0.065 seconds
[2023-05-26 22:18:46,090] {processor.py:153} INFO - Started process (PID=29402) to work on /home/raf/pipeline-transform/.venv/lib/python3.9/site-packages/airflow/example_dags/example_short_circuit_operator.py
[2023-05-26 22:18:46,091] {processor.py:641} INFO - Processing file /home/raf/pipeline-transform/.venv/lib/python3.9/site-packages/airflow/example_dags/example_short_circuit_operator.py for tasks to queue
[2023-05-26 22:18:46,091] {logging_mixin.py:115} INFO - [2023-05-26 22:18:46,091] {dagbag.py:507} INFO - Filling up the DagBag from /home/raf/pipeline-transform/.venv/lib/python3.9/site-packages/airflow/example_dags/example_short_circuit_operator.py
[2023-05-26 22:18:46,100] {processor.py:651} INFO - DAG(s) dict_keys(['example_short_circuit_operator']) retrieved from /home/raf/pipeline-transform/.venv/lib/python3.9/site-packages/airflow/example_dags/example_short_circuit_operator.py
[2023-05-26 22:18:46,115] {logging_mixin.py:115} INFO - [2023-05-26 22:18:46,115] {dag.py:2379} INFO - Sync 1 DAGs
[2023-05-26 22:18:46,134] {logging_mixin.py:115} INFO - [2023-05-26 22:18:46,134] {dag.py:2927} INFO - Setting next_dagrun for example_short_circuit_operator to 2023-05-26T01:18:46.134365+00:00, run_after=2023-05-27T01:18:46.134365+00:00
[2023-05-26 22:18:46,165] {processor.py:161} INFO - Processing /home/raf/pipeline-transform/.venv/lib/python3.9/site-packages/airflow/example_dags/example_short_circuit_operator.py took 0.077 seconds
[2023-05-26 22:19:18,345] {processor.py:153} INFO - Started process (PID=29594) to work on /home/raf/pipeline-transform/.venv/lib/python3.9/site-packages/airflow/example_dags/example_short_circuit_operator.py
[2023-05-26 22:19:18,353] {processor.py:641} INFO - Processing file /home/raf/pipeline-transform/.venv/lib/python3.9/site-packages/airflow/example_dags/example_short_circuit_operator.py for tasks to queue
[2023-05-26 22:19:18,354] {logging_mixin.py:115} INFO - [2023-05-26 22:19:18,354] {dagbag.py:507} INFO - Filling up the DagBag from /home/raf/pipeline-transform/.venv/lib/python3.9/site-packages/airflow/example_dags/example_short_circuit_operator.py
[2023-05-26 22:19:18,369] {processor.py:651} INFO - DAG(s) dict_keys(['example_short_circuit_operator']) retrieved from /home/raf/pipeline-transform/.venv/lib/python3.9/site-packages/airflow/example_dags/example_short_circuit_operator.py
[2023-05-26 22:19:18,396] {logging_mixin.py:115} INFO - [2023-05-26 22:19:18,395] {dag.py:2379} INFO - Sync 1 DAGs
[2023-05-26 22:19:18,422] {logging_mixin.py:115} INFO - [2023-05-26 22:19:18,422] {dag.py:2927} INFO - Setting next_dagrun for example_short_circuit_operator to 2023-05-26T01:19:18.421782+00:00, run_after=2023-05-27T01:19:18.421782+00:00
[2023-05-26 22:19:18,454] {processor.py:161} INFO - Processing /home/raf/pipeline-transform/.venv/lib/python3.9/site-packages/airflow/example_dags/example_short_circuit_operator.py took 0.115 seconds
[2023-05-26 22:19:53,368] {processor.py:153} INFO - Started process (PID=29731) to work on /home/raf/pipeline-transform/.venv/lib/python3.9/site-packages/airflow/example_dags/example_short_circuit_operator.py
[2023-05-26 22:19:53,370] {processor.py:641} INFO - Processing file /home/raf/pipeline-transform/.venv/lib/python3.9/site-packages/airflow/example_dags/example_short_circuit_operator.py for tasks to queue
[2023-05-26 22:19:53,371] {logging_mixin.py:115} INFO - [2023-05-26 22:19:53,371] {dagbag.py:507} INFO - Filling up the DagBag from /home/raf/pipeline-transform/.venv/lib/python3.9/site-packages/airflow/example_dags/example_short_circuit_operator.py
[2023-05-26 22:19:53,378] {processor.py:651} INFO - DAG(s) dict_keys(['example_short_circuit_operator']) retrieved from /home/raf/pipeline-transform/.venv/lib/python3.9/site-packages/airflow/example_dags/example_short_circuit_operator.py
[2023-05-26 22:19:53,393] {logging_mixin.py:115} INFO - [2023-05-26 22:19:53,393] {dag.py:2379} INFO - Sync 1 DAGs
[2023-05-26 22:19:53,411] {logging_mixin.py:115} INFO - [2023-05-26 22:19:53,411] {dag.py:2927} INFO - Setting next_dagrun for example_short_circuit_operator to 2023-05-26T01:19:53.411664+00:00, run_after=2023-05-27T01:19:53.411664+00:00
[2023-05-26 22:19:53,430] {processor.py:161} INFO - Processing /home/raf/pipeline-transform/.venv/lib/python3.9/site-packages/airflow/example_dags/example_short_circuit_operator.py took 0.064 seconds
[2023-05-26 22:20:19,600] {processor.py:153} INFO - Started process (PID=30015) to work on /home/raf/pipeline-transform/.venv/lib/python3.9/site-packages/airflow/example_dags/example_short_circuit_operator.py
[2023-05-26 22:20:19,601] {processor.py:641} INFO - Processing file /home/raf/pipeline-transform/.venv/lib/python3.9/site-packages/airflow/example_dags/example_short_circuit_operator.py for tasks to queue
[2023-05-26 22:20:19,602] {logging_mixin.py:115} INFO - [2023-05-26 22:20:19,602] {dagbag.py:507} INFO - Filling up the DagBag from /home/raf/pipeline-transform/.venv/lib/python3.9/site-packages/airflow/example_dags/example_short_circuit_operator.py
[2023-05-26 22:20:19,624] {processor.py:651} INFO - DAG(s) dict_keys(['example_short_circuit_operator']) retrieved from /home/raf/pipeline-transform/.venv/lib/python3.9/site-packages/airflow/example_dags/example_short_circuit_operator.py
[2023-05-26 22:20:19,659] {logging_mixin.py:115} INFO - [2023-05-26 22:20:19,659] {dag.py:2379} INFO - Sync 1 DAGs
[2023-05-26 22:20:19,685] {logging_mixin.py:115} INFO - [2023-05-26 22:20:19,684] {dag.py:2927} INFO - Setting next_dagrun for example_short_circuit_operator to 2023-05-26T01:20:19.683930+00:00, run_after=2023-05-27T01:20:19.683930+00:00
[2023-05-26 22:20:19,751] {processor.py:161} INFO - Processing /home/raf/pipeline-transform/.venv/lib/python3.9/site-packages/airflow/example_dags/example_short_circuit_operator.py took 0.155 seconds
[2023-05-26 22:20:56,538] {processor.py:153} INFO - Started process (PID=30293) to work on /home/raf/pipeline-transform/.venv/lib/python3.9/site-packages/airflow/example_dags/example_short_circuit_operator.py
[2023-05-26 22:20:56,542] {processor.py:641} INFO - Processing file /home/raf/pipeline-transform/.venv/lib/python3.9/site-packages/airflow/example_dags/example_short_circuit_operator.py for tasks to queue
[2023-05-26 22:20:56,542] {logging_mixin.py:115} INFO - [2023-05-26 22:20:56,542] {dagbag.py:507} INFO - Filling up the DagBag from /home/raf/pipeline-transform/.venv/lib/python3.9/site-packages/airflow/example_dags/example_short_circuit_operator.py
[2023-05-26 22:20:56,551] {processor.py:651} INFO - DAG(s) dict_keys(['example_short_circuit_operator']) retrieved from /home/raf/pipeline-transform/.venv/lib/python3.9/site-packages/airflow/example_dags/example_short_circuit_operator.py
[2023-05-26 22:20:56,566] {logging_mixin.py:115} INFO - [2023-05-26 22:20:56,565] {dag.py:2379} INFO - Sync 1 DAGs
[2023-05-26 22:20:56,580] {logging_mixin.py:115} INFO - [2023-05-26 22:20:56,580] {dag.py:2927} INFO - Setting next_dagrun for example_short_circuit_operator to 2023-05-26T01:20:56.580209+00:00, run_after=2023-05-27T01:20:56.580209+00:00
[2023-05-26 22:20:56,599] {processor.py:161} INFO - Processing /home/raf/pipeline-transform/.venv/lib/python3.9/site-packages/airflow/example_dags/example_short_circuit_operator.py took 0.063 seconds
[2023-05-26 22:21:30,868] {processor.py:153} INFO - Started process (PID=30590) to work on /home/raf/pipeline-transform/.venv/lib/python3.9/site-packages/airflow/example_dags/example_short_circuit_operator.py
[2023-05-26 22:21:30,882] {processor.py:641} INFO - Processing file /home/raf/pipeline-transform/.venv/lib/python3.9/site-packages/airflow/example_dags/example_short_circuit_operator.py for tasks to queue
[2023-05-26 22:21:30,882] {logging_mixin.py:115} INFO - [2023-05-26 22:21:30,882] {dagbag.py:507} INFO - Filling up the DagBag from /home/raf/pipeline-transform/.venv/lib/python3.9/site-packages/airflow/example_dags/example_short_circuit_operator.py
[2023-05-26 22:21:30,889] {processor.py:651} INFO - DAG(s) dict_keys(['example_short_circuit_operator']) retrieved from /home/raf/pipeline-transform/.venv/lib/python3.9/site-packages/airflow/example_dags/example_short_circuit_operator.py
[2023-05-26 22:21:30,903] {logging_mixin.py:115} INFO - [2023-05-26 22:21:30,903] {dag.py:2379} INFO - Sync 1 DAGs
[2023-05-26 22:21:30,922] {logging_mixin.py:115} INFO - [2023-05-26 22:21:30,922] {dag.py:2927} INFO - Setting next_dagrun for example_short_circuit_operator to 2023-05-26T01:21:30.921820+00:00, run_after=2023-05-27T01:21:30.921820+00:00
[2023-05-26 22:21:30,939] {processor.py:161} INFO - Processing /home/raf/pipeline-transform/.venv/lib/python3.9/site-packages/airflow/example_dags/example_short_circuit_operator.py took 0.074 seconds
[2023-05-26 22:22:08,300] {processor.py:153} INFO - Started process (PID=30925) to work on /home/raf/pipeline-transform/.venv/lib/python3.9/site-packages/airflow/example_dags/example_short_circuit_operator.py
[2023-05-26 22:22:08,303] {processor.py:641} INFO - Processing file /home/raf/pipeline-transform/.venv/lib/python3.9/site-packages/airflow/example_dags/example_short_circuit_operator.py for tasks to queue
[2023-05-26 22:22:08,303] {logging_mixin.py:115} INFO - [2023-05-26 22:22:08,303] {dagbag.py:507} INFO - Filling up the DagBag from /home/raf/pipeline-transform/.venv/lib/python3.9/site-packages/airflow/example_dags/example_short_circuit_operator.py
[2023-05-26 22:22:08,315] {processor.py:651} INFO - DAG(s) dict_keys(['example_short_circuit_operator']) retrieved from /home/raf/pipeline-transform/.venv/lib/python3.9/site-packages/airflow/example_dags/example_short_circuit_operator.py
[2023-05-26 22:22:08,336] {logging_mixin.py:115} INFO - [2023-05-26 22:22:08,336] {dag.py:2379} INFO - Sync 1 DAGs
[2023-05-26 22:22:08,351] {logging_mixin.py:115} INFO - [2023-05-26 22:22:08,351] {dag.py:2927} INFO - Setting next_dagrun for example_short_circuit_operator to 2023-05-26T01:22:08.351247+00:00, run_after=2023-05-27T01:22:08.351247+00:00
[2023-05-26 22:22:08,375] {processor.py:161} INFO - Processing /home/raf/pipeline-transform/.venv/lib/python3.9/site-packages/airflow/example_dags/example_short_circuit_operator.py took 0.079 seconds
[2023-05-26 22:22:38,835] {processor.py:153} INFO - Started process (PID=31065) to work on /home/raf/pipeline-transform/.venv/lib/python3.9/site-packages/airflow/example_dags/example_short_circuit_operator.py
[2023-05-26 22:22:38,854] {processor.py:641} INFO - Processing file /home/raf/pipeline-transform/.venv/lib/python3.9/site-packages/airflow/example_dags/example_short_circuit_operator.py for tasks to queue
[2023-05-26 22:22:38,855] {logging_mixin.py:115} INFO - [2023-05-26 22:22:38,854] {dagbag.py:507} INFO - Filling up the DagBag from /home/raf/pipeline-transform/.venv/lib/python3.9/site-packages/airflow/example_dags/example_short_circuit_operator.py
[2023-05-26 22:22:38,862] {processor.py:651} INFO - DAG(s) dict_keys(['example_short_circuit_operator']) retrieved from /home/raf/pipeline-transform/.venv/lib/python3.9/site-packages/airflow/example_dags/example_short_circuit_operator.py
[2023-05-26 22:22:38,876] {logging_mixin.py:115} INFO - [2023-05-26 22:22:38,876] {dag.py:2379} INFO - Sync 1 DAGs
[2023-05-26 22:22:38,891] {logging_mixin.py:115} INFO - [2023-05-26 22:22:38,890] {dag.py:2927} INFO - Setting next_dagrun for example_short_circuit_operator to 2023-05-26T01:22:38.890730+00:00, run_after=2023-05-27T01:22:38.890730+00:00
[2023-05-26 22:22:38,914] {processor.py:161} INFO - Processing /home/raf/pipeline-transform/.venv/lib/python3.9/site-packages/airflow/example_dags/example_short_circuit_operator.py took 0.081 seconds
[2023-05-26 22:23:11,835] {processor.py:153} INFO - Started process (PID=31151) to work on /home/raf/pipeline-transform/.venv/lib/python3.9/site-packages/airflow/example_dags/example_short_circuit_operator.py
[2023-05-26 22:23:11,856] {processor.py:641} INFO - Processing file /home/raf/pipeline-transform/.venv/lib/python3.9/site-packages/airflow/example_dags/example_short_circuit_operator.py for tasks to queue
[2023-05-26 22:23:11,856] {logging_mixin.py:115} INFO - [2023-05-26 22:23:11,856] {dagbag.py:507} INFO - Filling up the DagBag from /home/raf/pipeline-transform/.venv/lib/python3.9/site-packages/airflow/example_dags/example_short_circuit_operator.py
[2023-05-26 22:23:11,863] {processor.py:651} INFO - DAG(s) dict_keys(['example_short_circuit_operator']) retrieved from /home/raf/pipeline-transform/.venv/lib/python3.9/site-packages/airflow/example_dags/example_short_circuit_operator.py
[2023-05-26 22:23:11,878] {logging_mixin.py:115} INFO - [2023-05-26 22:23:11,878] {dag.py:2379} INFO - Sync 1 DAGs
[2023-05-26 22:23:11,892] {logging_mixin.py:115} INFO - [2023-05-26 22:23:11,892] {dag.py:2927} INFO - Setting next_dagrun for example_short_circuit_operator to 2023-05-26T01:23:11.892519+00:00, run_after=2023-05-27T01:23:11.892519+00:00
[2023-05-26 22:23:11,911] {processor.py:161} INFO - Processing /home/raf/pipeline-transform/.venv/lib/python3.9/site-packages/airflow/example_dags/example_short_circuit_operator.py took 0.078 seconds
[2023-05-26 22:23:45,919] {processor.py:153} INFO - Started process (PID=31241) to work on /home/raf/pipeline-transform/.venv/lib/python3.9/site-packages/airflow/example_dags/example_short_circuit_operator.py
[2023-05-26 22:23:45,940] {processor.py:641} INFO - Processing file /home/raf/pipeline-transform/.venv/lib/python3.9/site-packages/airflow/example_dags/example_short_circuit_operator.py for tasks to queue
[2023-05-26 22:23:45,941] {logging_mixin.py:115} INFO - [2023-05-26 22:23:45,941] {dagbag.py:507} INFO - Filling up the DagBag from /home/raf/pipeline-transform/.venv/lib/python3.9/site-packages/airflow/example_dags/example_short_circuit_operator.py
[2023-05-26 22:23:45,949] {processor.py:651} INFO - DAG(s) dict_keys(['example_short_circuit_operator']) retrieved from /home/raf/pipeline-transform/.venv/lib/python3.9/site-packages/airflow/example_dags/example_short_circuit_operator.py
[2023-05-26 22:23:45,964] {logging_mixin.py:115} INFO - [2023-05-26 22:23:45,964] {dag.py:2379} INFO - Sync 1 DAGs
[2023-05-26 22:23:45,980] {logging_mixin.py:115} INFO - [2023-05-26 22:23:45,980] {dag.py:2927} INFO - Setting next_dagrun for example_short_circuit_operator to 2023-05-26T01:23:45.979918+00:00, run_after=2023-05-27T01:23:45.979918+00:00
[2023-05-26 22:23:46,001] {processor.py:161} INFO - Processing /home/raf/pipeline-transform/.venv/lib/python3.9/site-packages/airflow/example_dags/example_short_circuit_operator.py took 0.085 seconds
[2023-05-26 22:24:21,779] {processor.py:153} INFO - Started process (PID=31331) to work on /home/raf/pipeline-transform/.venv/lib/python3.9/site-packages/airflow/example_dags/example_short_circuit_operator.py
[2023-05-26 22:24:21,780] {processor.py:641} INFO - Processing file /home/raf/pipeline-transform/.venv/lib/python3.9/site-packages/airflow/example_dags/example_short_circuit_operator.py for tasks to queue
[2023-05-26 22:24:21,781] {logging_mixin.py:115} INFO - [2023-05-26 22:24:21,781] {dagbag.py:507} INFO - Filling up the DagBag from /home/raf/pipeline-transform/.venv/lib/python3.9/site-packages/airflow/example_dags/example_short_circuit_operator.py
[2023-05-26 22:24:21,792] {processor.py:651} INFO - DAG(s) dict_keys(['example_short_circuit_operator']) retrieved from /home/raf/pipeline-transform/.venv/lib/python3.9/site-packages/airflow/example_dags/example_short_circuit_operator.py
[2023-05-26 22:24:21,815] {logging_mixin.py:115} INFO - [2023-05-26 22:24:21,815] {dag.py:2379} INFO - Sync 1 DAGs
[2023-05-26 22:24:21,833] {logging_mixin.py:115} INFO - [2023-05-26 22:24:21,833] {dag.py:2927} INFO - Setting next_dagrun for example_short_circuit_operator to 2023-05-26T01:24:21.833516+00:00, run_after=2023-05-27T01:24:21.833516+00:00
[2023-05-26 22:24:21,887] {processor.py:161} INFO - Processing /home/raf/pipeline-transform/.venv/lib/python3.9/site-packages/airflow/example_dags/example_short_circuit_operator.py took 0.111 seconds
[2023-05-26 22:24:55,507] {processor.py:153} INFO - Started process (PID=31412) to work on /home/raf/pipeline-transform/.venv/lib/python3.9/site-packages/airflow/example_dags/example_short_circuit_operator.py
[2023-05-26 22:24:55,507] {processor.py:641} INFO - Processing file /home/raf/pipeline-transform/.venv/lib/python3.9/site-packages/airflow/example_dags/example_short_circuit_operator.py for tasks to queue
[2023-05-26 22:24:55,508] {logging_mixin.py:115} INFO - [2023-05-26 22:24:55,508] {dagbag.py:507} INFO - Filling up the DagBag from /home/raf/pipeline-transform/.venv/lib/python3.9/site-packages/airflow/example_dags/example_short_circuit_operator.py
[2023-05-26 22:24:55,515] {processor.py:651} INFO - DAG(s) dict_keys(['example_short_circuit_operator']) retrieved from /home/raf/pipeline-transform/.venv/lib/python3.9/site-packages/airflow/example_dags/example_short_circuit_operator.py
[2023-05-26 22:24:55,528] {logging_mixin.py:115} INFO - [2023-05-26 22:24:55,528] {dag.py:2379} INFO - Sync 1 DAGs
[2023-05-26 22:24:55,543] {logging_mixin.py:115} INFO - [2023-05-26 22:24:55,543] {dag.py:2927} INFO - Setting next_dagrun for example_short_circuit_operator to 2023-05-26T01:24:55.542803+00:00, run_after=2023-05-27T01:24:55.542803+00:00
[2023-05-26 22:24:55,577] {processor.py:161} INFO - Processing /home/raf/pipeline-transform/.venv/lib/python3.9/site-packages/airflow/example_dags/example_short_circuit_operator.py took 0.072 seconds
[2023-05-26 22:25:29,347] {processor.py:153} INFO - Started process (PID=31623) to work on /home/raf/pipeline-transform/.venv/lib/python3.9/site-packages/airflow/example_dags/example_short_circuit_operator.py
[2023-05-26 22:25:29,347] {processor.py:641} INFO - Processing file /home/raf/pipeline-transform/.venv/lib/python3.9/site-packages/airflow/example_dags/example_short_circuit_operator.py for tasks to queue
[2023-05-26 22:25:29,348] {logging_mixin.py:115} INFO - [2023-05-26 22:25:29,348] {dagbag.py:507} INFO - Filling up the DagBag from /home/raf/pipeline-transform/.venv/lib/python3.9/site-packages/airflow/example_dags/example_short_circuit_operator.py
[2023-05-26 22:25:29,358] {processor.py:651} INFO - DAG(s) dict_keys(['example_short_circuit_operator']) retrieved from /home/raf/pipeline-transform/.venv/lib/python3.9/site-packages/airflow/example_dags/example_short_circuit_operator.py
[2023-05-26 22:25:29,374] {logging_mixin.py:115} INFO - [2023-05-26 22:25:29,374] {dag.py:2379} INFO - Sync 1 DAGs
[2023-05-26 22:25:29,390] {logging_mixin.py:115} INFO - [2023-05-26 22:25:29,390] {dag.py:2927} INFO - Setting next_dagrun for example_short_circuit_operator to 2023-05-26T01:25:29.389640+00:00, run_after=2023-05-27T01:25:29.389640+00:00
[2023-05-26 22:25:29,412] {processor.py:161} INFO - Processing /home/raf/pipeline-transform/.venv/lib/python3.9/site-packages/airflow/example_dags/example_short_circuit_operator.py took 0.068 seconds
[2023-05-26 22:26:07,040] {processor.py:153} INFO - Started process (PID=31847) to work on /home/raf/pipeline-transform/.venv/lib/python3.9/site-packages/airflow/example_dags/example_short_circuit_operator.py
[2023-05-26 22:26:07,052] {processor.py:641} INFO - Processing file /home/raf/pipeline-transform/.venv/lib/python3.9/site-packages/airflow/example_dags/example_short_circuit_operator.py for tasks to queue
[2023-05-26 22:26:07,053] {logging_mixin.py:115} INFO - [2023-05-26 22:26:07,053] {dagbag.py:507} INFO - Filling up the DagBag from /home/raf/pipeline-transform/.venv/lib/python3.9/site-packages/airflow/example_dags/example_short_circuit_operator.py
[2023-05-26 22:26:07,064] {processor.py:651} INFO - DAG(s) dict_keys(['example_short_circuit_operator']) retrieved from /home/raf/pipeline-transform/.venv/lib/python3.9/site-packages/airflow/example_dags/example_short_circuit_operator.py
[2023-05-26 22:26:07,080] {logging_mixin.py:115} INFO - [2023-05-26 22:26:07,080] {dag.py:2379} INFO - Sync 1 DAGs
[2023-05-26 22:26:07,098] {logging_mixin.py:115} INFO - [2023-05-26 22:26:07,098] {dag.py:2927} INFO - Setting next_dagrun for example_short_circuit_operator to 2023-05-26T01:26:07.098141+00:00, run_after=2023-05-27T01:26:07.098141+00:00
[2023-05-26 22:26:07,129] {processor.py:161} INFO - Processing /home/raf/pipeline-transform/.venv/lib/python3.9/site-packages/airflow/example_dags/example_short_circuit_operator.py took 0.091 seconds
[2023-05-26 22:26:39,687] {processor.py:153} INFO - Started process (PID=31936) to work on /home/raf/pipeline-transform/.venv/lib/python3.9/site-packages/airflow/example_dags/example_short_circuit_operator.py
[2023-05-26 22:26:39,714] {processor.py:641} INFO - Processing file /home/raf/pipeline-transform/.venv/lib/python3.9/site-packages/airflow/example_dags/example_short_circuit_operator.py for tasks to queue
[2023-05-26 22:26:39,715] {logging_mixin.py:115} INFO - [2023-05-26 22:26:39,715] {dagbag.py:507} INFO - Filling up the DagBag from /home/raf/pipeline-transform/.venv/lib/python3.9/site-packages/airflow/example_dags/example_short_circuit_operator.py
[2023-05-26 22:26:39,734] {processor.py:651} INFO - DAG(s) dict_keys(['example_short_circuit_operator']) retrieved from /home/raf/pipeline-transform/.venv/lib/python3.9/site-packages/airflow/example_dags/example_short_circuit_operator.py
[2023-05-26 22:26:39,793] {logging_mixin.py:115} INFO - [2023-05-26 22:26:39,793] {dag.py:2379} INFO - Sync 1 DAGs
[2023-05-26 22:26:39,822] {logging_mixin.py:115} INFO - [2023-05-26 22:26:39,822] {dag.py:2927} INFO - Setting next_dagrun for example_short_circuit_operator to 2023-05-26T01:26:39.822517+00:00, run_after=2023-05-27T01:26:39.822517+00:00
[2023-05-26 22:26:39,892] {processor.py:161} INFO - Processing /home/raf/pipeline-transform/.venv/lib/python3.9/site-packages/airflow/example_dags/example_short_circuit_operator.py took 0.210 seconds
[2023-05-26 22:27:17,156] {processor.py:153} INFO - Started process (PID=32075) to work on /home/raf/pipeline-transform/.venv/lib/python3.9/site-packages/airflow/example_dags/example_short_circuit_operator.py
[2023-05-26 22:27:17,174] {processor.py:641} INFO - Processing file /home/raf/pipeline-transform/.venv/lib/python3.9/site-packages/airflow/example_dags/example_short_circuit_operator.py for tasks to queue
[2023-05-26 22:27:17,175] {logging_mixin.py:115} INFO - [2023-05-26 22:27:17,175] {dagbag.py:507} INFO - Filling up the DagBag from /home/raf/pipeline-transform/.venv/lib/python3.9/site-packages/airflow/example_dags/example_short_circuit_operator.py
[2023-05-26 22:27:17,182] {processor.py:651} INFO - DAG(s) dict_keys(['example_short_circuit_operator']) retrieved from /home/raf/pipeline-transform/.venv/lib/python3.9/site-packages/airflow/example_dags/example_short_circuit_operator.py
[2023-05-26 22:27:17,197] {logging_mixin.py:115} INFO - [2023-05-26 22:27:17,197] {dag.py:2379} INFO - Sync 1 DAGs
[2023-05-26 22:27:17,212] {logging_mixin.py:115} INFO - [2023-05-26 22:27:17,212] {dag.py:2927} INFO - Setting next_dagrun for example_short_circuit_operator to 2023-05-26T01:27:17.212607+00:00, run_after=2023-05-27T01:27:17.212607+00:00
[2023-05-26 22:27:17,234] {processor.py:161} INFO - Processing /home/raf/pipeline-transform/.venv/lib/python3.9/site-packages/airflow/example_dags/example_short_circuit_operator.py took 0.081 seconds
[2023-05-26 22:27:53,778] {processor.py:153} INFO - Started process (PID=32206) to work on /home/raf/pipeline-transform/.venv/lib/python3.9/site-packages/airflow/example_dags/example_short_circuit_operator.py
[2023-05-26 22:27:53,798] {processor.py:641} INFO - Processing file /home/raf/pipeline-transform/.venv/lib/python3.9/site-packages/airflow/example_dags/example_short_circuit_operator.py for tasks to queue
[2023-05-26 22:27:53,800] {logging_mixin.py:115} INFO - [2023-05-26 22:27:53,799] {dagbag.py:507} INFO - Filling up the DagBag from /home/raf/pipeline-transform/.venv/lib/python3.9/site-packages/airflow/example_dags/example_short_circuit_operator.py
[2023-05-26 22:27:53,812] {processor.py:651} INFO - DAG(s) dict_keys(['example_short_circuit_operator']) retrieved from /home/raf/pipeline-transform/.venv/lib/python3.9/site-packages/airflow/example_dags/example_short_circuit_operator.py
[2023-05-26 22:27:53,842] {logging_mixin.py:115} INFO - [2023-05-26 22:27:53,841] {dag.py:2379} INFO - Sync 1 DAGs
[2023-05-26 22:27:53,868] {logging_mixin.py:115} INFO - [2023-05-26 22:27:53,868] {dag.py:2927} INFO - Setting next_dagrun for example_short_circuit_operator to 2023-05-26T01:27:53.868451+00:00, run_after=2023-05-27T01:27:53.868451+00:00
[2023-05-26 22:27:53,895] {processor.py:161} INFO - Processing /home/raf/pipeline-transform/.venv/lib/python3.9/site-packages/airflow/example_dags/example_short_circuit_operator.py took 0.121 seconds
[2023-05-26 22:28:27,687] {processor.py:153} INFO - Started process (PID=32292) to work on /home/raf/pipeline-transform/.venv/lib/python3.9/site-packages/airflow/example_dags/example_short_circuit_operator.py
[2023-05-26 22:28:27,708] {processor.py:641} INFO - Processing file /home/raf/pipeline-transform/.venv/lib/python3.9/site-packages/airflow/example_dags/example_short_circuit_operator.py for tasks to queue
[2023-05-26 22:28:27,709] {logging_mixin.py:115} INFO - [2023-05-26 22:28:27,709] {dagbag.py:507} INFO - Filling up the DagBag from /home/raf/pipeline-transform/.venv/lib/python3.9/site-packages/airflow/example_dags/example_short_circuit_operator.py
[2023-05-26 22:28:27,717] {processor.py:651} INFO - DAG(s) dict_keys(['example_short_circuit_operator']) retrieved from /home/raf/pipeline-transform/.venv/lib/python3.9/site-packages/airflow/example_dags/example_short_circuit_operator.py
[2023-05-26 22:28:27,735] {logging_mixin.py:115} INFO - [2023-05-26 22:28:27,735] {dag.py:2379} INFO - Sync 1 DAGs
[2023-05-26 22:28:27,752] {logging_mixin.py:115} INFO - [2023-05-26 22:28:27,752] {dag.py:2927} INFO - Setting next_dagrun for example_short_circuit_operator to 2023-05-26T01:28:27.751800+00:00, run_after=2023-05-27T01:28:27.751800+00:00
[2023-05-26 22:28:27,775] {processor.py:161} INFO - Processing /home/raf/pipeline-transform/.venv/lib/python3.9/site-packages/airflow/example_dags/example_short_circuit_operator.py took 0.091 seconds
[2023-05-26 22:29:02,661] {processor.py:153} INFO - Started process (PID=32380) to work on /home/raf/pipeline-transform/.venv/lib/python3.9/site-packages/airflow/example_dags/example_short_circuit_operator.py
[2023-05-26 22:29:02,686] {processor.py:641} INFO - Processing file /home/raf/pipeline-transform/.venv/lib/python3.9/site-packages/airflow/example_dags/example_short_circuit_operator.py for tasks to queue
[2023-05-26 22:29:02,686] {logging_mixin.py:115} INFO - [2023-05-26 22:29:02,686] {dagbag.py:507} INFO - Filling up the DagBag from /home/raf/pipeline-transform/.venv/lib/python3.9/site-packages/airflow/example_dags/example_short_circuit_operator.py
[2023-05-26 22:29:02,694] {processor.py:651} INFO - DAG(s) dict_keys(['example_short_circuit_operator']) retrieved from /home/raf/pipeline-transform/.venv/lib/python3.9/site-packages/airflow/example_dags/example_short_circuit_operator.py
[2023-05-26 22:29:02,709] {logging_mixin.py:115} INFO - [2023-05-26 22:29:02,709] {dag.py:2379} INFO - Sync 1 DAGs
[2023-05-26 22:29:02,724] {logging_mixin.py:115} INFO - [2023-05-26 22:29:02,724] {dag.py:2927} INFO - Setting next_dagrun for example_short_circuit_operator to 2023-05-26T01:29:02.724098+00:00, run_after=2023-05-27T01:29:02.724098+00:00
[2023-05-26 22:29:02,742] {processor.py:161} INFO - Processing /home/raf/pipeline-transform/.venv/lib/python3.9/site-packages/airflow/example_dags/example_short_circuit_operator.py took 0.084 seconds
[2023-05-26 22:29:36,600] {processor.py:153} INFO - Started process (PID=32464) to work on /home/raf/pipeline-transform/.venv/lib/python3.9/site-packages/airflow/example_dags/example_short_circuit_operator.py
[2023-05-26 22:29:36,604] {processor.py:641} INFO - Processing file /home/raf/pipeline-transform/.venv/lib/python3.9/site-packages/airflow/example_dags/example_short_circuit_operator.py for tasks to queue
[2023-05-26 22:29:36,605] {logging_mixin.py:115} INFO - [2023-05-26 22:29:36,605] {dagbag.py:507} INFO - Filling up the DagBag from /home/raf/pipeline-transform/.venv/lib/python3.9/site-packages/airflow/example_dags/example_short_circuit_operator.py
[2023-05-26 22:29:36,612] {processor.py:651} INFO - DAG(s) dict_keys(['example_short_circuit_operator']) retrieved from /home/raf/pipeline-transform/.venv/lib/python3.9/site-packages/airflow/example_dags/example_short_circuit_operator.py
[2023-05-26 22:29:36,628] {logging_mixin.py:115} INFO - [2023-05-26 22:29:36,628] {dag.py:2379} INFO - Sync 1 DAGs
[2023-05-26 22:29:36,645] {logging_mixin.py:115} INFO - [2023-05-26 22:29:36,645] {dag.py:2927} INFO - Setting next_dagrun for example_short_circuit_operator to 2023-05-26T01:29:36.644906+00:00, run_after=2023-05-27T01:29:36.644906+00:00
[2023-05-26 22:29:36,670] {processor.py:161} INFO - Processing /home/raf/pipeline-transform/.venv/lib/python3.9/site-packages/airflow/example_dags/example_short_circuit_operator.py took 0.073 seconds
[2023-05-26 22:30:13,074] {processor.py:153} INFO - Started process (PID=32556) to work on /home/raf/pipeline-transform/.venv/lib/python3.9/site-packages/airflow/example_dags/example_short_circuit_operator.py
[2023-05-26 22:30:13,112] {processor.py:641} INFO - Processing file /home/raf/pipeline-transform/.venv/lib/python3.9/site-packages/airflow/example_dags/example_short_circuit_operator.py for tasks to queue
[2023-05-26 22:30:13,113] {logging_mixin.py:115} INFO - [2023-05-26 22:30:13,112] {dagbag.py:507} INFO - Filling up the DagBag from /home/raf/pipeline-transform/.venv/lib/python3.9/site-packages/airflow/example_dags/example_short_circuit_operator.py
[2023-05-26 22:30:13,122] {processor.py:651} INFO - DAG(s) dict_keys(['example_short_circuit_operator']) retrieved from /home/raf/pipeline-transform/.venv/lib/python3.9/site-packages/airflow/example_dags/example_short_circuit_operator.py
[2023-05-26 22:30:13,141] {logging_mixin.py:115} INFO - [2023-05-26 22:30:13,141] {dag.py:2379} INFO - Sync 1 DAGs
[2023-05-26 22:30:13,163] {logging_mixin.py:115} INFO - [2023-05-26 22:30:13,162] {dag.py:2927} INFO - Setting next_dagrun for example_short_circuit_operator to 2023-05-26T01:30:13.162535+00:00, run_after=2023-05-27T01:30:13.162535+00:00
[2023-05-26 22:30:13,220] {processor.py:161} INFO - Processing /home/raf/pipeline-transform/.venv/lib/python3.9/site-packages/airflow/example_dags/example_short_circuit_operator.py took 0.150 seconds
[2023-05-26 22:30:44,635] {processor.py:153} INFO - Started process (PID=32760) to work on /home/raf/pipeline-transform/.venv/lib/python3.9/site-packages/airflow/example_dags/example_short_circuit_operator.py
[2023-05-26 22:30:44,660] {processor.py:641} INFO - Processing file /home/raf/pipeline-transform/.venv/lib/python3.9/site-packages/airflow/example_dags/example_short_circuit_operator.py for tasks to queue
[2023-05-26 22:30:44,661] {logging_mixin.py:115} INFO - [2023-05-26 22:30:44,661] {dagbag.py:507} INFO - Filling up the DagBag from /home/raf/pipeline-transform/.venv/lib/python3.9/site-packages/airflow/example_dags/example_short_circuit_operator.py
[2023-05-26 22:30:44,668] {processor.py:651} INFO - DAG(s) dict_keys(['example_short_circuit_operator']) retrieved from /home/raf/pipeline-transform/.venv/lib/python3.9/site-packages/airflow/example_dags/example_short_circuit_operator.py
[2023-05-26 22:30:44,683] {logging_mixin.py:115} INFO - [2023-05-26 22:30:44,683] {dag.py:2379} INFO - Sync 1 DAGs
[2023-05-26 22:30:44,699] {logging_mixin.py:115} INFO - [2023-05-26 22:30:44,699] {dag.py:2927} INFO - Setting next_dagrun for example_short_circuit_operator to 2023-05-26T01:30:44.699376+00:00, run_after=2023-05-27T01:30:44.699376+00:00
[2023-05-26 22:30:44,718] {processor.py:161} INFO - Processing /home/raf/pipeline-transform/.venv/lib/python3.9/site-packages/airflow/example_dags/example_short_circuit_operator.py took 0.086 seconds
[2023-05-26 22:31:17,516] {processor.py:153} INFO - Started process (PID=408) to work on /home/raf/pipeline-transform/.venv/lib/python3.9/site-packages/airflow/example_dags/example_short_circuit_operator.py
[2023-05-26 22:31:17,517] {processor.py:641} INFO - Processing file /home/raf/pipeline-transform/.venv/lib/python3.9/site-packages/airflow/example_dags/example_short_circuit_operator.py for tasks to queue
[2023-05-26 22:31:17,517] {logging_mixin.py:115} INFO - [2023-05-26 22:31:17,517] {dagbag.py:507} INFO - Filling up the DagBag from /home/raf/pipeline-transform/.venv/lib/python3.9/site-packages/airflow/example_dags/example_short_circuit_operator.py
[2023-05-26 22:31:17,525] {processor.py:651} INFO - DAG(s) dict_keys(['example_short_circuit_operator']) retrieved from /home/raf/pipeline-transform/.venv/lib/python3.9/site-packages/airflow/example_dags/example_short_circuit_operator.py
[2023-05-26 22:31:17,539] {logging_mixin.py:115} INFO - [2023-05-26 22:31:17,539] {dag.py:2379} INFO - Sync 1 DAGs
[2023-05-26 22:31:17,556] {logging_mixin.py:115} INFO - [2023-05-26 22:31:17,556] {dag.py:2927} INFO - Setting next_dagrun for example_short_circuit_operator to 2023-05-26T01:31:17.556095+00:00, run_after=2023-05-27T01:31:17.556095+00:00
[2023-05-26 22:31:17,693] {processor.py:161} INFO - Processing /home/raf/pipeline-transform/.venv/lib/python3.9/site-packages/airflow/example_dags/example_short_circuit_operator.py took 0.179 seconds
[2023-05-26 22:31:52,119] {processor.py:153} INFO - Started process (PID=492) to work on /home/raf/pipeline-transform/.venv/lib/python3.9/site-packages/airflow/example_dags/example_short_circuit_operator.py
[2023-05-26 22:31:52,124] {processor.py:641} INFO - Processing file /home/raf/pipeline-transform/.venv/lib/python3.9/site-packages/airflow/example_dags/example_short_circuit_operator.py for tasks to queue
[2023-05-26 22:31:52,125] {logging_mixin.py:115} INFO - [2023-05-26 22:31:52,125] {dagbag.py:507} INFO - Filling up the DagBag from /home/raf/pipeline-transform/.venv/lib/python3.9/site-packages/airflow/example_dags/example_short_circuit_operator.py
[2023-05-26 22:31:52,132] {processor.py:651} INFO - DAG(s) dict_keys(['example_short_circuit_operator']) retrieved from /home/raf/pipeline-transform/.venv/lib/python3.9/site-packages/airflow/example_dags/example_short_circuit_operator.py
[2023-05-26 22:31:52,147] {logging_mixin.py:115} INFO - [2023-05-26 22:31:52,147] {dag.py:2379} INFO - Sync 1 DAGs
[2023-05-26 22:31:52,163] {logging_mixin.py:115} INFO - [2023-05-26 22:31:52,163] {dag.py:2927} INFO - Setting next_dagrun for example_short_circuit_operator to 2023-05-26T01:31:52.163472+00:00, run_after=2023-05-27T01:31:52.163472+00:00
[2023-05-26 22:31:52,182] {processor.py:161} INFO - Processing /home/raf/pipeline-transform/.venv/lib/python3.9/site-packages/airflow/example_dags/example_short_circuit_operator.py took 0.065 seconds
