[2023-05-26 22:03:50,246] {processor.py:153} INFO - Started process (PID=26164) to work on /home/raf/pipeline-transform/.venv/lib/python3.9/site-packages/airflow/example_dags/example_xcomargs.py
[2023-05-26 22:03:50,247] {processor.py:641} INFO - Processing file /home/raf/pipeline-transform/.venv/lib/python3.9/site-packages/airflow/example_dags/example_xcomargs.py for tasks to queue
[2023-05-26 22:03:50,247] {logging_mixin.py:115} INFO - [2023-05-26 22:03:50,247] {dagbag.py:507} INFO - Filling up the DagBag from /home/raf/pipeline-transform/.venv/lib/python3.9/site-packages/airflow/example_dags/example_xcomargs.py
[2023-05-26 22:03:50,265] {processor.py:651} INFO - DAG(s) dict_keys(['example_xcom_args', 'example_xcom_args_with_operators']) retrieved from /home/raf/pipeline-transform/.venv/lib/python3.9/site-packages/airflow/example_dags/example_xcomargs.py
[2023-05-26 22:03:50,350] {logging_mixin.py:115} INFO - [2023-05-26 22:03:50,349] {dag.py:2379} INFO - Sync 2 DAGs
[2023-05-26 22:03:50,409] {logging_mixin.py:115} INFO - [2023-05-26 22:03:50,409] {dag.py:2927} INFO - Setting next_dagrun for example_xcom_args to None, run_after=None
[2023-05-26 22:03:50,410] {logging_mixin.py:115} INFO - [2023-05-26 22:03:50,410] {dag.py:2927} INFO - Setting next_dagrun for example_xcom_args_with_operators to None, run_after=None
[2023-05-26 22:03:50,527] {processor.py:161} INFO - Processing /home/raf/pipeline-transform/.venv/lib/python3.9/site-packages/airflow/example_dags/example_xcomargs.py took 0.284 seconds
[2023-05-26 22:04:23,770] {processor.py:153} INFO - Started process (PID=26301) to work on /home/raf/pipeline-transform/.venv/lib/python3.9/site-packages/airflow/example_dags/example_xcomargs.py
[2023-05-26 22:04:23,771] {processor.py:641} INFO - Processing file /home/raf/pipeline-transform/.venv/lib/python3.9/site-packages/airflow/example_dags/example_xcomargs.py for tasks to queue
[2023-05-26 22:04:23,771] {logging_mixin.py:115} INFO - [2023-05-26 22:04:23,771] {dagbag.py:507} INFO - Filling up the DagBag from /home/raf/pipeline-transform/.venv/lib/python3.9/site-packages/airflow/example_dags/example_xcomargs.py
[2023-05-26 22:04:23,788] {processor.py:651} INFO - DAG(s) dict_keys(['example_xcom_args', 'example_xcom_args_with_operators']) retrieved from /home/raf/pipeline-transform/.venv/lib/python3.9/site-packages/airflow/example_dags/example_xcomargs.py
[2023-05-26 22:04:23,832] {logging_mixin.py:115} INFO - [2023-05-26 22:04:23,832] {dag.py:2379} INFO - Sync 2 DAGs
[2023-05-26 22:04:23,847] {logging_mixin.py:115} INFO - [2023-05-26 22:04:23,847] {dag.py:2927} INFO - Setting next_dagrun for example_xcom_args to None, run_after=None
[2023-05-26 22:04:23,847] {logging_mixin.py:115} INFO - [2023-05-26 22:04:23,847] {dag.py:2927} INFO - Setting next_dagrun for example_xcom_args_with_operators to None, run_after=None
[2023-05-26 22:04:23,870] {processor.py:161} INFO - Processing /home/raf/pipeline-transform/.venv/lib/python3.9/site-packages/airflow/example_dags/example_xcomargs.py took 0.102 seconds
[2023-05-26 22:05:00,103] {processor.py:153} INFO - Started process (PID=26644) to work on /home/raf/pipeline-transform/.venv/lib/python3.9/site-packages/airflow/example_dags/example_xcomargs.py
[2023-05-26 22:05:00,112] {processor.py:641} INFO - Processing file /home/raf/pipeline-transform/.venv/lib/python3.9/site-packages/airflow/example_dags/example_xcomargs.py for tasks to queue
[2023-05-26 22:05:00,112] {logging_mixin.py:115} INFO - [2023-05-26 22:05:00,112] {dagbag.py:507} INFO - Filling up the DagBag from /home/raf/pipeline-transform/.venv/lib/python3.9/site-packages/airflow/example_dags/example_xcomargs.py
[2023-05-26 22:05:00,127] {processor.py:651} INFO - DAG(s) dict_keys(['example_xcom_args', 'example_xcom_args_with_operators']) retrieved from /home/raf/pipeline-transform/.venv/lib/python3.9/site-packages/airflow/example_dags/example_xcomargs.py
[2023-05-26 22:05:00,142] {logging_mixin.py:115} INFO - [2023-05-26 22:05:00,142] {dag.py:2379} INFO - Sync 2 DAGs
[2023-05-26 22:05:00,158] {logging_mixin.py:115} INFO - [2023-05-26 22:05:00,158] {dag.py:2927} INFO - Setting next_dagrun for example_xcom_args to None, run_after=None
[2023-05-26 22:05:00,158] {logging_mixin.py:115} INFO - [2023-05-26 22:05:00,158] {dag.py:2927} INFO - Setting next_dagrun for example_xcom_args_with_operators to None, run_after=None
[2023-05-26 22:05:00,177] {processor.py:161} INFO - Processing /home/raf/pipeline-transform/.venv/lib/python3.9/site-packages/airflow/example_dags/example_xcomargs.py took 0.076 seconds
[2023-05-26 22:05:36,747] {processor.py:153} INFO - Started process (PID=26902) to work on /home/raf/pipeline-transform/.venv/lib/python3.9/site-packages/airflow/example_dags/example_xcomargs.py
[2023-05-26 22:05:36,748] {processor.py:641} INFO - Processing file /home/raf/pipeline-transform/.venv/lib/python3.9/site-packages/airflow/example_dags/example_xcomargs.py for tasks to queue
[2023-05-26 22:05:36,748] {logging_mixin.py:115} INFO - [2023-05-26 22:05:36,748] {dagbag.py:507} INFO - Filling up the DagBag from /home/raf/pipeline-transform/.venv/lib/python3.9/site-packages/airflow/example_dags/example_xcomargs.py
[2023-05-26 22:05:36,763] {processor.py:651} INFO - DAG(s) dict_keys(['example_xcom_args', 'example_xcom_args_with_operators']) retrieved from /home/raf/pipeline-transform/.venv/lib/python3.9/site-packages/airflow/example_dags/example_xcomargs.py
[2023-05-26 22:05:36,802] {logging_mixin.py:115} INFO - [2023-05-26 22:05:36,802] {dag.py:2379} INFO - Sync 2 DAGs
[2023-05-26 22:05:36,814] {logging_mixin.py:115} INFO - [2023-05-26 22:05:36,814] {dag.py:2927} INFO - Setting next_dagrun for example_xcom_args to None, run_after=None
[2023-05-26 22:05:36,814] {logging_mixin.py:115} INFO - [2023-05-26 22:05:36,814] {dag.py:2927} INFO - Setting next_dagrun for example_xcom_args_with_operators to None, run_after=None
[2023-05-26 22:05:36,854] {processor.py:161} INFO - Processing /home/raf/pipeline-transform/.venv/lib/python3.9/site-packages/airflow/example_dags/example_xcomargs.py took 0.110 seconds
[2023-05-26 22:06:14,931] {processor.py:153} INFO - Started process (PID=27003) to work on /home/raf/pipeline-transform/.venv/lib/python3.9/site-packages/airflow/example_dags/example_xcomargs.py
[2023-05-26 22:06:14,941] {processor.py:641} INFO - Processing file /home/raf/pipeline-transform/.venv/lib/python3.9/site-packages/airflow/example_dags/example_xcomargs.py for tasks to queue
[2023-05-26 22:06:14,942] {logging_mixin.py:115} INFO - [2023-05-26 22:06:14,942] {dagbag.py:507} INFO - Filling up the DagBag from /home/raf/pipeline-transform/.venv/lib/python3.9/site-packages/airflow/example_dags/example_xcomargs.py
[2023-05-26 22:06:14,956] {processor.py:651} INFO - DAG(s) dict_keys(['example_xcom_args', 'example_xcom_args_with_operators']) retrieved from /home/raf/pipeline-transform/.venv/lib/python3.9/site-packages/airflow/example_dags/example_xcomargs.py
[2023-05-26 22:06:14,970] {logging_mixin.py:115} INFO - [2023-05-26 22:06:14,970] {dag.py:2379} INFO - Sync 2 DAGs
[2023-05-26 22:06:14,986] {logging_mixin.py:115} INFO - [2023-05-26 22:06:14,986] {dag.py:2927} INFO - Setting next_dagrun for example_xcom_args to None, run_after=None
[2023-05-26 22:06:14,987] {logging_mixin.py:115} INFO - [2023-05-26 22:06:14,986] {dag.py:2927} INFO - Setting next_dagrun for example_xcom_args_with_operators to None, run_after=None
[2023-05-26 22:06:15,005] {processor.py:161} INFO - Processing /home/raf/pipeline-transform/.venv/lib/python3.9/site-packages/airflow/example_dags/example_xcomargs.py took 0.076 seconds
[2023-05-26 22:06:50,253] {processor.py:153} INFO - Started process (PID=27199) to work on /home/raf/pipeline-transform/.venv/lib/python3.9/site-packages/airflow/example_dags/example_xcomargs.py
[2023-05-26 22:06:50,265] {processor.py:641} INFO - Processing file /home/raf/pipeline-transform/.venv/lib/python3.9/site-packages/airflow/example_dags/example_xcomargs.py for tasks to queue
[2023-05-26 22:06:50,265] {logging_mixin.py:115} INFO - [2023-05-26 22:06:50,265] {dagbag.py:507} INFO - Filling up the DagBag from /home/raf/pipeline-transform/.venv/lib/python3.9/site-packages/airflow/example_dags/example_xcomargs.py
[2023-05-26 22:06:50,282] {processor.py:651} INFO - DAG(s) dict_keys(['example_xcom_args', 'example_xcom_args_with_operators']) retrieved from /home/raf/pipeline-transform/.venv/lib/python3.9/site-packages/airflow/example_dags/example_xcomargs.py
[2023-05-26 22:06:50,325] {logging_mixin.py:115} INFO - [2023-05-26 22:06:50,325] {dag.py:2379} INFO - Sync 2 DAGs
[2023-05-26 22:06:50,338] {logging_mixin.py:115} INFO - [2023-05-26 22:06:50,338] {dag.py:2927} INFO - Setting next_dagrun for example_xcom_args to None, run_after=None
[2023-05-26 22:06:50,338] {logging_mixin.py:115} INFO - [2023-05-26 22:06:50,338] {dag.py:2927} INFO - Setting next_dagrun for example_xcom_args_with_operators to None, run_after=None
[2023-05-26 22:06:50,365] {processor.py:161} INFO - Processing /home/raf/pipeline-transform/.venv/lib/python3.9/site-packages/airflow/example_dags/example_xcomargs.py took 0.115 seconds
[2023-05-26 22:07:26,074] {processor.py:153} INFO - Started process (PID=27287) to work on /home/raf/pipeline-transform/.venv/lib/python3.9/site-packages/airflow/example_dags/example_xcomargs.py
[2023-05-26 22:07:26,075] {processor.py:641} INFO - Processing file /home/raf/pipeline-transform/.venv/lib/python3.9/site-packages/airflow/example_dags/example_xcomargs.py for tasks to queue
[2023-05-26 22:07:26,075] {logging_mixin.py:115} INFO - [2023-05-26 22:07:26,075] {dagbag.py:507} INFO - Filling up the DagBag from /home/raf/pipeline-transform/.venv/lib/python3.9/site-packages/airflow/example_dags/example_xcomargs.py
[2023-05-26 22:07:26,091] {processor.py:651} INFO - DAG(s) dict_keys(['example_xcom_args', 'example_xcom_args_with_operators']) retrieved from /home/raf/pipeline-transform/.venv/lib/python3.9/site-packages/airflow/example_dags/example_xcomargs.py
[2023-05-26 22:07:26,142] {logging_mixin.py:115} INFO - [2023-05-26 22:07:26,142] {dag.py:2379} INFO - Sync 2 DAGs
[2023-05-26 22:07:26,157] {logging_mixin.py:115} INFO - [2023-05-26 22:07:26,157] {dag.py:2927} INFO - Setting next_dagrun for example_xcom_args to None, run_after=None
[2023-05-26 22:07:26,157] {logging_mixin.py:115} INFO - [2023-05-26 22:07:26,157] {dag.py:2927} INFO - Setting next_dagrun for example_xcom_args_with_operators to None, run_after=None
[2023-05-26 22:07:26,201] {processor.py:161} INFO - Processing /home/raf/pipeline-transform/.venv/lib/python3.9/site-packages/airflow/example_dags/example_xcomargs.py took 0.131 seconds
[2023-05-26 22:08:01,988] {processor.py:153} INFO - Started process (PID=27375) to work on /home/raf/pipeline-transform/.venv/lib/python3.9/site-packages/airflow/example_dags/example_xcomargs.py
[2023-05-26 22:08:02,002] {processor.py:641} INFO - Processing file /home/raf/pipeline-transform/.venv/lib/python3.9/site-packages/airflow/example_dags/example_xcomargs.py for tasks to queue
[2023-05-26 22:08:02,002] {logging_mixin.py:115} INFO - [2023-05-26 22:08:02,002] {dagbag.py:507} INFO - Filling up the DagBag from /home/raf/pipeline-transform/.venv/lib/python3.9/site-packages/airflow/example_dags/example_xcomargs.py
[2023-05-26 22:08:02,017] {processor.py:651} INFO - DAG(s) dict_keys(['example_xcom_args', 'example_xcom_args_with_operators']) retrieved from /home/raf/pipeline-transform/.venv/lib/python3.9/site-packages/airflow/example_dags/example_xcomargs.py
[2023-05-26 22:08:02,031] {logging_mixin.py:115} INFO - [2023-05-26 22:08:02,031] {dag.py:2379} INFO - Sync 2 DAGs
[2023-05-26 22:08:02,046] {logging_mixin.py:115} INFO - [2023-05-26 22:08:02,046] {dag.py:2927} INFO - Setting next_dagrun for example_xcom_args to None, run_after=None
[2023-05-26 22:08:02,047] {logging_mixin.py:115} INFO - [2023-05-26 22:08:02,047] {dag.py:2927} INFO - Setting next_dagrun for example_xcom_args_with_operators to None, run_after=None
[2023-05-26 22:08:02,065] {processor.py:161} INFO - Processing /home/raf/pipeline-transform/.venv/lib/python3.9/site-packages/airflow/example_dags/example_xcomargs.py took 0.080 seconds
[2023-05-26 22:08:34,629] {processor.py:153} INFO - Started process (PID=27511) to work on /home/raf/pipeline-transform/.venv/lib/python3.9/site-packages/airflow/example_dags/example_xcomargs.py
[2023-05-26 22:08:34,632] {processor.py:641} INFO - Processing file /home/raf/pipeline-transform/.venv/lib/python3.9/site-packages/airflow/example_dags/example_xcomargs.py for tasks to queue
[2023-05-26 22:08:34,632] {logging_mixin.py:115} INFO - [2023-05-26 22:08:34,632] {dagbag.py:507} INFO - Filling up the DagBag from /home/raf/pipeline-transform/.venv/lib/python3.9/site-packages/airflow/example_dags/example_xcomargs.py
[2023-05-26 22:08:34,653] {processor.py:651} INFO - DAG(s) dict_keys(['example_xcom_args', 'example_xcom_args_with_operators']) retrieved from /home/raf/pipeline-transform/.venv/lib/python3.9/site-packages/airflow/example_dags/example_xcomargs.py
[2023-05-26 22:08:34,715] {logging_mixin.py:115} INFO - [2023-05-26 22:08:34,714] {dag.py:2379} INFO - Sync 2 DAGs
[2023-05-26 22:08:34,731] {logging_mixin.py:115} INFO - [2023-05-26 22:08:34,731] {dag.py:2927} INFO - Setting next_dagrun for example_xcom_args to None, run_after=None
[2023-05-26 22:08:34,732] {logging_mixin.py:115} INFO - [2023-05-26 22:08:34,731] {dag.py:2927} INFO - Setting next_dagrun for example_xcom_args_with_operators to None, run_after=None
[2023-05-26 22:08:34,752] {processor.py:161} INFO - Processing /home/raf/pipeline-transform/.venv/lib/python3.9/site-packages/airflow/example_dags/example_xcomargs.py took 0.126 seconds
[2023-05-26 22:09:12,134] {processor.py:153} INFO - Started process (PID=27607) to work on /home/raf/pipeline-transform/.venv/lib/python3.9/site-packages/airflow/example_dags/example_xcomargs.py
[2023-05-26 22:09:12,153] {processor.py:641} INFO - Processing file /home/raf/pipeline-transform/.venv/lib/python3.9/site-packages/airflow/example_dags/example_xcomargs.py for tasks to queue
[2023-05-26 22:09:12,155] {logging_mixin.py:115} INFO - [2023-05-26 22:09:12,155] {dagbag.py:507} INFO - Filling up the DagBag from /home/raf/pipeline-transform/.venv/lib/python3.9/site-packages/airflow/example_dags/example_xcomargs.py
[2023-05-26 22:09:12,178] {processor.py:651} INFO - DAG(s) dict_keys(['example_xcom_args', 'example_xcom_args_with_operators']) retrieved from /home/raf/pipeline-transform/.venv/lib/python3.9/site-packages/airflow/example_dags/example_xcomargs.py
[2023-05-26 22:09:12,201] {logging_mixin.py:115} INFO - [2023-05-26 22:09:12,201] {dag.py:2379} INFO - Sync 2 DAGs
[2023-05-26 22:09:12,232] {logging_mixin.py:115} INFO - [2023-05-26 22:09:12,232] {dag.py:2927} INFO - Setting next_dagrun for example_xcom_args to None, run_after=None
[2023-05-26 22:09:12,232] {logging_mixin.py:115} INFO - [2023-05-26 22:09:12,232] {dag.py:2927} INFO - Setting next_dagrun for example_xcom_args_with_operators to None, run_after=None
[2023-05-26 22:09:12,263] {processor.py:161} INFO - Processing /home/raf/pipeline-transform/.venv/lib/python3.9/site-packages/airflow/example_dags/example_xcomargs.py took 0.131 seconds
[2023-05-26 22:09:50,109] {processor.py:153} INFO - Started process (PID=27805) to work on /home/raf/pipeline-transform/.venv/lib/python3.9/site-packages/airflow/example_dags/example_xcomargs.py
[2023-05-26 22:09:50,130] {processor.py:641} INFO - Processing file /home/raf/pipeline-transform/.venv/lib/python3.9/site-packages/airflow/example_dags/example_xcomargs.py for tasks to queue
[2023-05-26 22:09:50,131] {logging_mixin.py:115} INFO - [2023-05-26 22:09:50,131] {dagbag.py:507} INFO - Filling up the DagBag from /home/raf/pipeline-transform/.venv/lib/python3.9/site-packages/airflow/example_dags/example_xcomargs.py
[2023-05-26 22:09:50,147] {processor.py:651} INFO - DAG(s) dict_keys(['example_xcom_args', 'example_xcom_args_with_operators']) retrieved from /home/raf/pipeline-transform/.venv/lib/python3.9/site-packages/airflow/example_dags/example_xcomargs.py
[2023-05-26 22:09:50,163] {logging_mixin.py:115} INFO - [2023-05-26 22:09:50,163] {dag.py:2379} INFO - Sync 2 DAGs
[2023-05-26 22:09:50,180] {logging_mixin.py:115} INFO - [2023-05-26 22:09:50,180] {dag.py:2927} INFO - Setting next_dagrun for example_xcom_args to None, run_after=None
[2023-05-26 22:09:50,180] {logging_mixin.py:115} INFO - [2023-05-26 22:09:50,180] {dag.py:2927} INFO - Setting next_dagrun for example_xcom_args_with_operators to None, run_after=None
[2023-05-26 22:09:50,199] {processor.py:161} INFO - Processing /home/raf/pipeline-transform/.venv/lib/python3.9/site-packages/airflow/example_dags/example_xcomargs.py took 0.092 seconds
[2023-05-26 22:10:26,488] {processor.py:153} INFO - Started process (PID=27896) to work on /home/raf/pipeline-transform/.venv/lib/python3.9/site-packages/airflow/example_dags/example_xcomargs.py
[2023-05-26 22:10:26,509] {processor.py:641} INFO - Processing file /home/raf/pipeline-transform/.venv/lib/python3.9/site-packages/airflow/example_dags/example_xcomargs.py for tasks to queue
[2023-05-26 22:10:26,510] {logging_mixin.py:115} INFO - [2023-05-26 22:10:26,510] {dagbag.py:507} INFO - Filling up the DagBag from /home/raf/pipeline-transform/.venv/lib/python3.9/site-packages/airflow/example_dags/example_xcomargs.py
[2023-05-26 22:10:26,526] {processor.py:651} INFO - DAG(s) dict_keys(['example_xcom_args', 'example_xcom_args_with_operators']) retrieved from /home/raf/pipeline-transform/.venv/lib/python3.9/site-packages/airflow/example_dags/example_xcomargs.py
[2023-05-26 22:10:26,565] {logging_mixin.py:115} INFO - [2023-05-26 22:10:26,565] {dag.py:2379} INFO - Sync 2 DAGs
[2023-05-26 22:10:26,577] {logging_mixin.py:115} INFO - [2023-05-26 22:10:26,577] {dag.py:2927} INFO - Setting next_dagrun for example_xcom_args to None, run_after=None
[2023-05-26 22:10:26,577] {logging_mixin.py:115} INFO - [2023-05-26 22:10:26,577] {dag.py:2927} INFO - Setting next_dagrun for example_xcom_args_with_operators to None, run_after=None
[2023-05-26 22:10:26,597] {processor.py:161} INFO - Processing /home/raf/pipeline-transform/.venv/lib/python3.9/site-packages/airflow/example_dags/example_xcomargs.py took 0.112 seconds
[2023-05-26 22:11:02,631] {processor.py:153} INFO - Started process (PID=27984) to work on /home/raf/pipeline-transform/.venv/lib/python3.9/site-packages/airflow/example_dags/example_xcomargs.py
[2023-05-26 22:11:02,654] {processor.py:641} INFO - Processing file /home/raf/pipeline-transform/.venv/lib/python3.9/site-packages/airflow/example_dags/example_xcomargs.py for tasks to queue
[2023-05-26 22:11:02,654] {logging_mixin.py:115} INFO - [2023-05-26 22:11:02,654] {dagbag.py:507} INFO - Filling up the DagBag from /home/raf/pipeline-transform/.venv/lib/python3.9/site-packages/airflow/example_dags/example_xcomargs.py
[2023-05-26 22:11:02,669] {processor.py:651} INFO - DAG(s) dict_keys(['example_xcom_args', 'example_xcom_args_with_operators']) retrieved from /home/raf/pipeline-transform/.venv/lib/python3.9/site-packages/airflow/example_dags/example_xcomargs.py
[2023-05-26 22:11:02,707] {logging_mixin.py:115} INFO - [2023-05-26 22:11:02,707] {dag.py:2379} INFO - Sync 2 DAGs
[2023-05-26 22:11:02,719] {logging_mixin.py:115} INFO - [2023-05-26 22:11:02,719] {dag.py:2927} INFO - Setting next_dagrun for example_xcom_args to None, run_after=None
[2023-05-26 22:11:02,720] {logging_mixin.py:115} INFO - [2023-05-26 22:11:02,720] {dag.py:2927} INFO - Setting next_dagrun for example_xcom_args_with_operators to None, run_after=None
[2023-05-26 22:11:02,741] {processor.py:161} INFO - Processing /home/raf/pipeline-transform/.venv/lib/python3.9/site-packages/airflow/example_dags/example_xcomargs.py took 0.112 seconds
[2023-05-26 22:11:42,076] {processor.py:153} INFO - Started process (PID=28087) to work on /home/raf/pipeline-transform/.venv/lib/python3.9/site-packages/airflow/example_dags/example_xcomargs.py
[2023-05-26 22:11:42,081] {processor.py:641} INFO - Processing file /home/raf/pipeline-transform/.venv/lib/python3.9/site-packages/airflow/example_dags/example_xcomargs.py for tasks to queue
[2023-05-26 22:11:42,082] {logging_mixin.py:115} INFO - [2023-05-26 22:11:42,082] {dagbag.py:507} INFO - Filling up the DagBag from /home/raf/pipeline-transform/.venv/lib/python3.9/site-packages/airflow/example_dags/example_xcomargs.py
[2023-05-26 22:11:42,137] {processor.py:651} INFO - DAG(s) dict_keys(['example_xcom_args', 'example_xcom_args_with_operators']) retrieved from /home/raf/pipeline-transform/.venv/lib/python3.9/site-packages/airflow/example_dags/example_xcomargs.py
[2023-05-26 22:11:42,218] {logging_mixin.py:115} INFO - [2023-05-26 22:11:42,217] {dag.py:2379} INFO - Sync 2 DAGs
[2023-05-26 22:11:42,264] {logging_mixin.py:115} INFO - [2023-05-26 22:11:42,264] {dag.py:2927} INFO - Setting next_dagrun for example_xcom_args to None, run_after=None
[2023-05-26 22:11:42,265] {logging_mixin.py:115} INFO - [2023-05-26 22:11:42,265] {dag.py:2927} INFO - Setting next_dagrun for example_xcom_args_with_operators to None, run_after=None
[2023-05-26 22:11:42,310] {processor.py:161} INFO - Processing /home/raf/pipeline-transform/.venv/lib/python3.9/site-packages/airflow/example_dags/example_xcomargs.py took 0.241 seconds
[2023-05-26 22:12:19,522] {processor.py:153} INFO - Started process (PID=28240) to work on /home/raf/pipeline-transform/.venv/lib/python3.9/site-packages/airflow/example_dags/example_xcomargs.py
[2023-05-26 22:12:19,527] {processor.py:641} INFO - Processing file /home/raf/pipeline-transform/.venv/lib/python3.9/site-packages/airflow/example_dags/example_xcomargs.py for tasks to queue
[2023-05-26 22:12:19,527] {logging_mixin.py:115} INFO - [2023-05-26 22:12:19,527] {dagbag.py:507} INFO - Filling up the DagBag from /home/raf/pipeline-transform/.venv/lib/python3.9/site-packages/airflow/example_dags/example_xcomargs.py
[2023-05-26 22:12:19,546] {processor.py:651} INFO - DAG(s) dict_keys(['example_xcom_args', 'example_xcom_args_with_operators']) retrieved from /home/raf/pipeline-transform/.venv/lib/python3.9/site-packages/airflow/example_dags/example_xcomargs.py
[2023-05-26 22:12:19,594] {logging_mixin.py:115} INFO - [2023-05-26 22:12:19,594] {dag.py:2379} INFO - Sync 2 DAGs
[2023-05-26 22:12:19,609] {logging_mixin.py:115} INFO - [2023-05-26 22:12:19,609] {dag.py:2927} INFO - Setting next_dagrun for example_xcom_args to None, run_after=None
[2023-05-26 22:12:19,609] {logging_mixin.py:115} INFO - [2023-05-26 22:12:19,609] {dag.py:2927} INFO - Setting next_dagrun for example_xcom_args_with_operators to None, run_after=None
[2023-05-26 22:12:19,631] {processor.py:161} INFO - Processing /home/raf/pipeline-transform/.venv/lib/python3.9/site-packages/airflow/example_dags/example_xcomargs.py took 0.112 seconds
[2023-05-26 22:12:57,480] {processor.py:153} INFO - Started process (PID=28437) to work on /home/raf/pipeline-transform/.venv/lib/python3.9/site-packages/airflow/example_dags/example_xcomargs.py
[2023-05-26 22:12:57,487] {processor.py:641} INFO - Processing file /home/raf/pipeline-transform/.venv/lib/python3.9/site-packages/airflow/example_dags/example_xcomargs.py for tasks to queue
[2023-05-26 22:12:57,488] {logging_mixin.py:115} INFO - [2023-05-26 22:12:57,488] {dagbag.py:507} INFO - Filling up the DagBag from /home/raf/pipeline-transform/.venv/lib/python3.9/site-packages/airflow/example_dags/example_xcomargs.py
[2023-05-26 22:12:57,503] {processor.py:651} INFO - DAG(s) dict_keys(['example_xcom_args', 'example_xcom_args_with_operators']) retrieved from /home/raf/pipeline-transform/.venv/lib/python3.9/site-packages/airflow/example_dags/example_xcomargs.py
[2023-05-26 22:12:57,518] {logging_mixin.py:115} INFO - [2023-05-26 22:12:57,518] {dag.py:2379} INFO - Sync 2 DAGs
[2023-05-26 22:12:57,534] {logging_mixin.py:115} INFO - [2023-05-26 22:12:57,534] {dag.py:2927} INFO - Setting next_dagrun for example_xcom_args to None, run_after=None
[2023-05-26 22:12:57,535] {logging_mixin.py:115} INFO - [2023-05-26 22:12:57,535] {dag.py:2927} INFO - Setting next_dagrun for example_xcom_args_with_operators to None, run_after=None
[2023-05-26 22:12:57,554] {processor.py:161} INFO - Processing /home/raf/pipeline-transform/.venv/lib/python3.9/site-packages/airflow/example_dags/example_xcomargs.py took 0.076 seconds
[2023-05-26 22:13:33,753] {processor.py:153} INFO - Started process (PID=28576) to work on /home/raf/pipeline-transform/.venv/lib/python3.9/site-packages/airflow/example_dags/example_xcomargs.py
[2023-05-26 22:13:33,756] {processor.py:641} INFO - Processing file /home/raf/pipeline-transform/.venv/lib/python3.9/site-packages/airflow/example_dags/example_xcomargs.py for tasks to queue
[2023-05-26 22:13:33,756] {logging_mixin.py:115} INFO - [2023-05-26 22:13:33,756] {dagbag.py:507} INFO - Filling up the DagBag from /home/raf/pipeline-transform/.venv/lib/python3.9/site-packages/airflow/example_dags/example_xcomargs.py
[2023-05-26 22:13:33,779] {processor.py:651} INFO - DAG(s) dict_keys(['example_xcom_args', 'example_xcom_args_with_operators']) retrieved from /home/raf/pipeline-transform/.venv/lib/python3.9/site-packages/airflow/example_dags/example_xcomargs.py
[2023-05-26 22:13:33,824] {logging_mixin.py:115} INFO - [2023-05-26 22:13:33,824] {dag.py:2379} INFO - Sync 2 DAGs
[2023-05-26 22:13:33,848] {logging_mixin.py:115} INFO - [2023-05-26 22:13:33,848] {dag.py:2927} INFO - Setting next_dagrun for example_xcom_args to None, run_after=None
[2023-05-26 22:13:33,849] {logging_mixin.py:115} INFO - [2023-05-26 22:13:33,849] {dag.py:2927} INFO - Setting next_dagrun for example_xcom_args_with_operators to None, run_after=None
[2023-05-26 22:13:33,874] {processor.py:161} INFO - Processing /home/raf/pipeline-transform/.venv/lib/python3.9/site-packages/airflow/example_dags/example_xcomargs.py took 0.125 seconds
[2023-05-26 22:14:10,109] {processor.py:153} INFO - Started process (PID=28670) to work on /home/raf/pipeline-transform/.venv/lib/python3.9/site-packages/airflow/example_dags/example_xcomargs.py
[2023-05-26 22:14:10,129] {processor.py:641} INFO - Processing file /home/raf/pipeline-transform/.venv/lib/python3.9/site-packages/airflow/example_dags/example_xcomargs.py for tasks to queue
[2023-05-26 22:14:10,129] {logging_mixin.py:115} INFO - [2023-05-26 22:14:10,129] {dagbag.py:507} INFO - Filling up the DagBag from /home/raf/pipeline-transform/.venv/lib/python3.9/site-packages/airflow/example_dags/example_xcomargs.py
[2023-05-26 22:14:10,144] {processor.py:651} INFO - DAG(s) dict_keys(['example_xcom_args', 'example_xcom_args_with_operators']) retrieved from /home/raf/pipeline-transform/.venv/lib/python3.9/site-packages/airflow/example_dags/example_xcomargs.py
[2023-05-26 22:14:10,159] {logging_mixin.py:115} INFO - [2023-05-26 22:14:10,159] {dag.py:2379} INFO - Sync 2 DAGs
[2023-05-26 22:14:10,175] {logging_mixin.py:115} INFO - [2023-05-26 22:14:10,175] {dag.py:2927} INFO - Setting next_dagrun for example_xcom_args to None, run_after=None
[2023-05-26 22:14:10,176] {logging_mixin.py:115} INFO - [2023-05-26 22:14:10,176] {dag.py:2927} INFO - Setting next_dagrun for example_xcom_args_with_operators to None, run_after=None
[2023-05-26 22:14:10,194] {processor.py:161} INFO - Processing /home/raf/pipeline-transform/.venv/lib/python3.9/site-packages/airflow/example_dags/example_xcomargs.py took 0.087 seconds
[2023-05-26 22:14:45,104] {processor.py:153} INFO - Started process (PID=28757) to work on /home/raf/pipeline-transform/.venv/lib/python3.9/site-packages/airflow/example_dags/example_xcomargs.py
[2023-05-26 22:14:45,124] {processor.py:641} INFO - Processing file /home/raf/pipeline-transform/.venv/lib/python3.9/site-packages/airflow/example_dags/example_xcomargs.py for tasks to queue
[2023-05-26 22:14:45,124] {logging_mixin.py:115} INFO - [2023-05-26 22:14:45,124] {dagbag.py:507} INFO - Filling up the DagBag from /home/raf/pipeline-transform/.venv/lib/python3.9/site-packages/airflow/example_dags/example_xcomargs.py
[2023-05-26 22:14:45,140] {processor.py:651} INFO - DAG(s) dict_keys(['example_xcom_args', 'example_xcom_args_with_operators']) retrieved from /home/raf/pipeline-transform/.venv/lib/python3.9/site-packages/airflow/example_dags/example_xcomargs.py
[2023-05-26 22:14:45,155] {logging_mixin.py:115} INFO - [2023-05-26 22:14:45,154] {dag.py:2379} INFO - Sync 2 DAGs
[2023-05-26 22:14:45,171] {logging_mixin.py:115} INFO - [2023-05-26 22:14:45,171] {dag.py:2927} INFO - Setting next_dagrun for example_xcom_args to None, run_after=None
[2023-05-26 22:14:45,171] {logging_mixin.py:115} INFO - [2023-05-26 22:14:45,171] {dag.py:2927} INFO - Setting next_dagrun for example_xcom_args_with_operators to None, run_after=None
[2023-05-26 22:14:45,189] {processor.py:161} INFO - Processing /home/raf/pipeline-transform/.venv/lib/python3.9/site-packages/airflow/example_dags/example_xcomargs.py took 0.087 seconds
[2023-05-26 22:15:22,712] {processor.py:153} INFO - Started process (PID=28849) to work on /home/raf/pipeline-transform/.venv/lib/python3.9/site-packages/airflow/example_dags/example_xcomargs.py
[2023-05-26 22:15:22,716] {processor.py:641} INFO - Processing file /home/raf/pipeline-transform/.venv/lib/python3.9/site-packages/airflow/example_dags/example_xcomargs.py for tasks to queue
[2023-05-26 22:15:22,717] {logging_mixin.py:115} INFO - [2023-05-26 22:15:22,717] {dagbag.py:507} INFO - Filling up the DagBag from /home/raf/pipeline-transform/.venv/lib/python3.9/site-packages/airflow/example_dags/example_xcomargs.py
[2023-05-26 22:15:22,732] {processor.py:651} INFO - DAG(s) dict_keys(['example_xcom_args', 'example_xcom_args_with_operators']) retrieved from /home/raf/pipeline-transform/.venv/lib/python3.9/site-packages/airflow/example_dags/example_xcomargs.py
[2023-05-26 22:15:22,746] {logging_mixin.py:115} INFO - [2023-05-26 22:15:22,746] {dag.py:2379} INFO - Sync 2 DAGs
[2023-05-26 22:15:22,762] {logging_mixin.py:115} INFO - [2023-05-26 22:15:22,762] {dag.py:2927} INFO - Setting next_dagrun for example_xcom_args to None, run_after=None
[2023-05-26 22:15:22,763] {logging_mixin.py:115} INFO - [2023-05-26 22:15:22,763] {dag.py:2927} INFO - Setting next_dagrun for example_xcom_args_with_operators to None, run_after=None
[2023-05-26 22:15:22,781] {processor.py:161} INFO - Processing /home/raf/pipeline-transform/.venv/lib/python3.9/site-packages/airflow/example_dags/example_xcomargs.py took 0.072 seconds
[2023-05-26 22:15:58,468] {processor.py:153} INFO - Started process (PID=28936) to work on /home/raf/pipeline-transform/.venv/lib/python3.9/site-packages/airflow/example_dags/example_xcomargs.py
[2023-05-26 22:15:58,475] {processor.py:641} INFO - Processing file /home/raf/pipeline-transform/.venv/lib/python3.9/site-packages/airflow/example_dags/example_xcomargs.py for tasks to queue
[2023-05-26 22:15:58,475] {logging_mixin.py:115} INFO - [2023-05-26 22:15:58,475] {dagbag.py:507} INFO - Filling up the DagBag from /home/raf/pipeline-transform/.venv/lib/python3.9/site-packages/airflow/example_dags/example_xcomargs.py
[2023-05-26 22:15:58,490] {processor.py:651} INFO - DAG(s) dict_keys(['example_xcom_args', 'example_xcom_args_with_operators']) retrieved from /home/raf/pipeline-transform/.venv/lib/python3.9/site-packages/airflow/example_dags/example_xcomargs.py
[2023-05-26 22:15:58,505] {logging_mixin.py:115} INFO - [2023-05-26 22:15:58,504] {dag.py:2379} INFO - Sync 2 DAGs
[2023-05-26 22:15:58,522] {logging_mixin.py:115} INFO - [2023-05-26 22:15:58,522] {dag.py:2927} INFO - Setting next_dagrun for example_xcom_args to None, run_after=None
[2023-05-26 22:15:58,522] {logging_mixin.py:115} INFO - [2023-05-26 22:15:58,522] {dag.py:2927} INFO - Setting next_dagrun for example_xcom_args_with_operators to None, run_after=None
[2023-05-26 22:15:58,541] {processor.py:161} INFO - Processing /home/raf/pipeline-transform/.venv/lib/python3.9/site-packages/airflow/example_dags/example_xcomargs.py took 0.075 seconds
[2023-05-26 22:16:33,736] {processor.py:153} INFO - Started process (PID=29026) to work on /home/raf/pipeline-transform/.venv/lib/python3.9/site-packages/airflow/example_dags/example_xcomargs.py
[2023-05-26 22:16:33,740] {processor.py:641} INFO - Processing file /home/raf/pipeline-transform/.venv/lib/python3.9/site-packages/airflow/example_dags/example_xcomargs.py for tasks to queue
[2023-05-26 22:16:33,741] {logging_mixin.py:115} INFO - [2023-05-26 22:16:33,741] {dagbag.py:507} INFO - Filling up the DagBag from /home/raf/pipeline-transform/.venv/lib/python3.9/site-packages/airflow/example_dags/example_xcomargs.py
[2023-05-26 22:16:33,756] {processor.py:651} INFO - DAG(s) dict_keys(['example_xcom_args', 'example_xcom_args_with_operators']) retrieved from /home/raf/pipeline-transform/.venv/lib/python3.9/site-packages/airflow/example_dags/example_xcomargs.py
[2023-05-26 22:16:33,771] {logging_mixin.py:115} INFO - [2023-05-26 22:16:33,771] {dag.py:2379} INFO - Sync 2 DAGs
[2023-05-26 22:16:33,788] {logging_mixin.py:115} INFO - [2023-05-26 22:16:33,788] {dag.py:2927} INFO - Setting next_dagrun for example_xcom_args to None, run_after=None
[2023-05-26 22:16:33,788] {logging_mixin.py:115} INFO - [2023-05-26 22:16:33,788] {dag.py:2927} INFO - Setting next_dagrun for example_xcom_args_with_operators to None, run_after=None
[2023-05-26 22:16:33,806] {processor.py:161} INFO - Processing /home/raf/pipeline-transform/.venv/lib/python3.9/site-packages/airflow/example_dags/example_xcomargs.py took 0.072 seconds
[2023-05-26 22:17:11,219] {processor.py:153} INFO - Started process (PID=29118) to work on /home/raf/pipeline-transform/.venv/lib/python3.9/site-packages/airflow/example_dags/example_xcomargs.py
[2023-05-26 22:17:11,245] {processor.py:641} INFO - Processing file /home/raf/pipeline-transform/.venv/lib/python3.9/site-packages/airflow/example_dags/example_xcomargs.py for tasks to queue
[2023-05-26 22:17:11,245] {logging_mixin.py:115} INFO - [2023-05-26 22:17:11,245] {dagbag.py:507} INFO - Filling up the DagBag from /home/raf/pipeline-transform/.venv/lib/python3.9/site-packages/airflow/example_dags/example_xcomargs.py
[2023-05-26 22:17:11,261] {processor.py:651} INFO - DAG(s) dict_keys(['example_xcom_args', 'example_xcom_args_with_operators']) retrieved from /home/raf/pipeline-transform/.venv/lib/python3.9/site-packages/airflow/example_dags/example_xcomargs.py
[2023-05-26 22:17:11,300] {logging_mixin.py:115} INFO - [2023-05-26 22:17:11,300] {dag.py:2379} INFO - Sync 2 DAGs
[2023-05-26 22:17:11,313] {logging_mixin.py:115} INFO - [2023-05-26 22:17:11,313] {dag.py:2927} INFO - Setting next_dagrun for example_xcom_args to None, run_after=None
[2023-05-26 22:17:11,313] {logging_mixin.py:115} INFO - [2023-05-26 22:17:11,313] {dag.py:2927} INFO - Setting next_dagrun for example_xcom_args_with_operators to None, run_after=None
[2023-05-26 22:17:11,368] {processor.py:161} INFO - Processing /home/raf/pipeline-transform/.venv/lib/python3.9/site-packages/airflow/example_dags/example_xcomargs.py took 0.152 seconds
[2023-05-26 22:17:47,581] {processor.py:153} INFO - Started process (PID=29205) to work on /home/raf/pipeline-transform/.venv/lib/python3.9/site-packages/airflow/example_dags/example_xcomargs.py
[2023-05-26 22:17:47,607] {processor.py:641} INFO - Processing file /home/raf/pipeline-transform/.venv/lib/python3.9/site-packages/airflow/example_dags/example_xcomargs.py for tasks to queue
[2023-05-26 22:17:47,608] {logging_mixin.py:115} INFO - [2023-05-26 22:17:47,608] {dagbag.py:507} INFO - Filling up the DagBag from /home/raf/pipeline-transform/.venv/lib/python3.9/site-packages/airflow/example_dags/example_xcomargs.py
[2023-05-26 22:17:47,631] {processor.py:651} INFO - DAG(s) dict_keys(['example_xcom_args', 'example_xcom_args_with_operators']) retrieved from /home/raf/pipeline-transform/.venv/lib/python3.9/site-packages/airflow/example_dags/example_xcomargs.py
[2023-05-26 22:17:47,675] {logging_mixin.py:115} INFO - [2023-05-26 22:17:47,675] {dag.py:2379} INFO - Sync 2 DAGs
[2023-05-26 22:17:47,693] {logging_mixin.py:115} INFO - [2023-05-26 22:17:47,693] {dag.py:2927} INFO - Setting next_dagrun for example_xcom_args to None, run_after=None
[2023-05-26 22:17:47,693] {logging_mixin.py:115} INFO - [2023-05-26 22:17:47,693] {dag.py:2927} INFO - Setting next_dagrun for example_xcom_args_with_operators to None, run_after=None
[2023-05-26 22:17:47,720] {processor.py:161} INFO - Processing /home/raf/pipeline-transform/.venv/lib/python3.9/site-packages/airflow/example_dags/example_xcomargs.py took 0.142 seconds
[2023-05-26 22:18:23,382] {processor.py:153} INFO - Started process (PID=29346) to work on /home/raf/pipeline-transform/.venv/lib/python3.9/site-packages/airflow/example_dags/example_xcomargs.py
[2023-05-26 22:18:23,389] {processor.py:641} INFO - Processing file /home/raf/pipeline-transform/.venv/lib/python3.9/site-packages/airflow/example_dags/example_xcomargs.py for tasks to queue
[2023-05-26 22:18:23,390] {logging_mixin.py:115} INFO - [2023-05-26 22:18:23,390] {dagbag.py:507} INFO - Filling up the DagBag from /home/raf/pipeline-transform/.venv/lib/python3.9/site-packages/airflow/example_dags/example_xcomargs.py
[2023-05-26 22:18:23,407] {processor.py:651} INFO - DAG(s) dict_keys(['example_xcom_args', 'example_xcom_args_with_operators']) retrieved from /home/raf/pipeline-transform/.venv/lib/python3.9/site-packages/airflow/example_dags/example_xcomargs.py
[2023-05-26 22:18:23,451] {logging_mixin.py:115} INFO - [2023-05-26 22:18:23,451] {dag.py:2379} INFO - Sync 2 DAGs
[2023-05-26 22:18:23,495] {logging_mixin.py:115} INFO - [2023-05-26 22:18:23,495] {dag.py:2927} INFO - Setting next_dagrun for example_xcom_args to None, run_after=None
[2023-05-26 22:18:23,495] {logging_mixin.py:115} INFO - [2023-05-26 22:18:23,495] {dag.py:2927} INFO - Setting next_dagrun for example_xcom_args_with_operators to None, run_after=None
[2023-05-26 22:18:23,516] {processor.py:161} INFO - Processing /home/raf/pipeline-transform/.venv/lib/python3.9/site-packages/airflow/example_dags/example_xcomargs.py took 0.137 seconds
[2023-05-26 22:18:59,192] {processor.py:153} INFO - Started process (PID=29445) to work on /home/raf/pipeline-transform/.venv/lib/python3.9/site-packages/airflow/example_dags/example_xcomargs.py
[2023-05-26 22:18:59,201] {processor.py:641} INFO - Processing file /home/raf/pipeline-transform/.venv/lib/python3.9/site-packages/airflow/example_dags/example_xcomargs.py for tasks to queue
[2023-05-26 22:18:59,201] {logging_mixin.py:115} INFO - [2023-05-26 22:18:59,201] {dagbag.py:507} INFO - Filling up the DagBag from /home/raf/pipeline-transform/.venv/lib/python3.9/site-packages/airflow/example_dags/example_xcomargs.py
[2023-05-26 22:18:59,223] {processor.py:651} INFO - DAG(s) dict_keys(['example_xcom_args', 'example_xcom_args_with_operators']) retrieved from /home/raf/pipeline-transform/.venv/lib/python3.9/site-packages/airflow/example_dags/example_xcomargs.py
[2023-05-26 22:18:59,248] {logging_mixin.py:115} INFO - [2023-05-26 22:18:59,248] {dag.py:2379} INFO - Sync 2 DAGs
[2023-05-26 22:18:59,275] {logging_mixin.py:115} INFO - [2023-05-26 22:18:59,275] {dag.py:2927} INFO - Setting next_dagrun for example_xcom_args to None, run_after=None
[2023-05-26 22:18:59,276] {logging_mixin.py:115} INFO - [2023-05-26 22:18:59,276] {dag.py:2927} INFO - Setting next_dagrun for example_xcom_args_with_operators to None, run_after=None
[2023-05-26 22:18:59,299] {processor.py:161} INFO - Processing /home/raf/pipeline-transform/.venv/lib/python3.9/site-packages/airflow/example_dags/example_xcomargs.py took 0.111 seconds
[2023-05-26 22:19:35,044] {processor.py:153} INFO - Started process (PID=29689) to work on /home/raf/pipeline-transform/.venv/lib/python3.9/site-packages/airflow/example_dags/example_xcomargs.py
[2023-05-26 22:19:35,047] {processor.py:641} INFO - Processing file /home/raf/pipeline-transform/.venv/lib/python3.9/site-packages/airflow/example_dags/example_xcomargs.py for tasks to queue
[2023-05-26 22:19:35,048] {logging_mixin.py:115} INFO - [2023-05-26 22:19:35,048] {dagbag.py:507} INFO - Filling up the DagBag from /home/raf/pipeline-transform/.venv/lib/python3.9/site-packages/airflow/example_dags/example_xcomargs.py
[2023-05-26 22:19:35,067] {processor.py:651} INFO - DAG(s) dict_keys(['example_xcom_args', 'example_xcom_args_with_operators']) retrieved from /home/raf/pipeline-transform/.venv/lib/python3.9/site-packages/airflow/example_dags/example_xcomargs.py
[2023-05-26 22:19:35,110] {logging_mixin.py:115} INFO - [2023-05-26 22:19:35,110] {dag.py:2379} INFO - Sync 2 DAGs
[2023-05-26 22:19:35,135] {logging_mixin.py:115} INFO - [2023-05-26 22:19:35,134] {dag.py:2927} INFO - Setting next_dagrun for example_xcom_args to None, run_after=None
[2023-05-26 22:19:35,135] {logging_mixin.py:115} INFO - [2023-05-26 22:19:35,135] {dag.py:2927} INFO - Setting next_dagrun for example_xcom_args_with_operators to None, run_after=None
[2023-05-26 22:19:35,159] {processor.py:161} INFO - Processing /home/raf/pipeline-transform/.venv/lib/python3.9/site-packages/airflow/example_dags/example_xcomargs.py took 0.118 seconds
[2023-05-26 22:20:51,398] {processor.py:153} INFO - Started process (PID=30279) to work on /home/raf/pipeline-transform/.venv/lib/python3.9/site-packages/airflow/example_dags/example_xcomargs.py
[2023-05-26 22:20:51,409] {processor.py:641} INFO - Processing file /home/raf/pipeline-transform/.venv/lib/python3.9/site-packages/airflow/example_dags/example_xcomargs.py for tasks to queue
[2023-05-26 22:20:51,410] {logging_mixin.py:115} INFO - [2023-05-26 22:20:51,410] {dagbag.py:507} INFO - Filling up the DagBag from /home/raf/pipeline-transform/.venv/lib/python3.9/site-packages/airflow/example_dags/example_xcomargs.py
[2023-05-26 22:20:51,433] {processor.py:651} INFO - DAG(s) dict_keys(['example_xcom_args', 'example_xcom_args_with_operators']) retrieved from /home/raf/pipeline-transform/.venv/lib/python3.9/site-packages/airflow/example_dags/example_xcomargs.py
[2023-05-26 22:20:51,512] {logging_mixin.py:115} INFO - [2023-05-26 22:20:51,512] {dag.py:2379} INFO - Sync 2 DAGs
[2023-05-26 22:20:51,531] {logging_mixin.py:115} INFO - [2023-05-26 22:20:51,531] {dag.py:2927} INFO - Setting next_dagrun for example_xcom_args to None, run_after=None
[2023-05-26 22:20:51,532] {logging_mixin.py:115} INFO - [2023-05-26 22:20:51,532] {dag.py:2927} INFO - Setting next_dagrun for example_xcom_args_with_operators to None, run_after=None
[2023-05-26 22:20:51,553] {processor.py:161} INFO - Processing /home/raf/pipeline-transform/.venv/lib/python3.9/site-packages/airflow/example_dags/example_xcomargs.py took 0.161 seconds
[2023-05-26 22:21:28,301] {processor.py:153} INFO - Started process (PID=30581) to work on /home/raf/pipeline-transform/.venv/lib/python3.9/site-packages/airflow/example_dags/example_xcomargs.py
[2023-05-26 22:21:28,314] {processor.py:641} INFO - Processing file /home/raf/pipeline-transform/.venv/lib/python3.9/site-packages/airflow/example_dags/example_xcomargs.py for tasks to queue
[2023-05-26 22:21:28,315] {logging_mixin.py:115} INFO - [2023-05-26 22:21:28,315] {dagbag.py:507} INFO - Filling up the DagBag from /home/raf/pipeline-transform/.venv/lib/python3.9/site-packages/airflow/example_dags/example_xcomargs.py
[2023-05-26 22:21:28,357] {processor.py:651} INFO - DAG(s) dict_keys(['example_xcom_args', 'example_xcom_args_with_operators']) retrieved from /home/raf/pipeline-transform/.venv/lib/python3.9/site-packages/airflow/example_dags/example_xcomargs.py
[2023-05-26 22:21:28,538] {logging_mixin.py:115} INFO - [2023-05-26 22:21:28,538] {dag.py:2379} INFO - Sync 2 DAGs
[2023-05-26 22:21:28,563] {logging_mixin.py:115} INFO - [2023-05-26 22:21:28,563] {dag.py:2927} INFO - Setting next_dagrun for example_xcom_args to None, run_after=None
[2023-05-26 22:21:28,564] {logging_mixin.py:115} INFO - [2023-05-26 22:21:28,564] {dag.py:2927} INFO - Setting next_dagrun for example_xcom_args_with_operators to None, run_after=None
[2023-05-26 22:21:28,593] {processor.py:161} INFO - Processing /home/raf/pipeline-transform/.venv/lib/python3.9/site-packages/airflow/example_dags/example_xcomargs.py took 0.295 seconds
[2023-05-26 22:22:06,605] {processor.py:153} INFO - Started process (PID=30884) to work on /home/raf/pipeline-transform/.venv/lib/python3.9/site-packages/airflow/example_dags/example_xcomargs.py
[2023-05-26 22:22:06,623] {processor.py:641} INFO - Processing file /home/raf/pipeline-transform/.venv/lib/python3.9/site-packages/airflow/example_dags/example_xcomargs.py for tasks to queue
[2023-05-26 22:22:06,624] {logging_mixin.py:115} INFO - [2023-05-26 22:22:06,624] {dagbag.py:507} INFO - Filling up the DagBag from /home/raf/pipeline-transform/.venv/lib/python3.9/site-packages/airflow/example_dags/example_xcomargs.py
[2023-05-26 22:22:06,641] {processor.py:651} INFO - DAG(s) dict_keys(['example_xcom_args', 'example_xcom_args_with_operators']) retrieved from /home/raf/pipeline-transform/.venv/lib/python3.9/site-packages/airflow/example_dags/example_xcomargs.py
[2023-05-26 22:22:06,656] {logging_mixin.py:115} INFO - [2023-05-26 22:22:06,656] {dag.py:2379} INFO - Sync 2 DAGs
[2023-05-26 22:22:06,673] {logging_mixin.py:115} INFO - [2023-05-26 22:22:06,673] {dag.py:2927} INFO - Setting next_dagrun for example_xcom_args to None, run_after=None
[2023-05-26 22:22:06,673] {logging_mixin.py:115} INFO - [2023-05-26 22:22:06,673] {dag.py:2927} INFO - Setting next_dagrun for example_xcom_args_with_operators to None, run_after=None
[2023-05-26 22:22:06,693] {processor.py:161} INFO - Processing /home/raf/pipeline-transform/.venv/lib/python3.9/site-packages/airflow/example_dags/example_xcomargs.py took 0.090 seconds
[2023-05-26 22:22:42,645] {processor.py:153} INFO - Started process (PID=31075) to work on /home/raf/pipeline-transform/.venv/lib/python3.9/site-packages/airflow/example_dags/example_xcomargs.py
[2023-05-26 22:22:42,665] {processor.py:641} INFO - Processing file /home/raf/pipeline-transform/.venv/lib/python3.9/site-packages/airflow/example_dags/example_xcomargs.py for tasks to queue
[2023-05-26 22:22:42,665] {logging_mixin.py:115} INFO - [2023-05-26 22:22:42,665] {dagbag.py:507} INFO - Filling up the DagBag from /home/raf/pipeline-transform/.venv/lib/python3.9/site-packages/airflow/example_dags/example_xcomargs.py
[2023-05-26 22:22:42,681] {processor.py:651} INFO - DAG(s) dict_keys(['example_xcom_args', 'example_xcom_args_with_operators']) retrieved from /home/raf/pipeline-transform/.venv/lib/python3.9/site-packages/airflow/example_dags/example_xcomargs.py
[2023-05-26 22:22:42,727] {logging_mixin.py:115} INFO - [2023-05-26 22:22:42,727] {dag.py:2379} INFO - Sync 2 DAGs
[2023-05-26 22:22:42,740] {logging_mixin.py:115} INFO - [2023-05-26 22:22:42,740] {dag.py:2927} INFO - Setting next_dagrun for example_xcom_args to None, run_after=None
[2023-05-26 22:22:42,741] {logging_mixin.py:115} INFO - [2023-05-26 22:22:42,741] {dag.py:2927} INFO - Setting next_dagrun for example_xcom_args_with_operators to None, run_after=None
[2023-05-26 22:22:42,763] {processor.py:161} INFO - Processing /home/raf/pipeline-transform/.venv/lib/python3.9/site-packages/airflow/example_dags/example_xcomargs.py took 0.121 seconds
[2023-05-26 22:23:18,864] {processor.py:153} INFO - Started process (PID=31173) to work on /home/raf/pipeline-transform/.venv/lib/python3.9/site-packages/airflow/example_dags/example_xcomargs.py
[2023-05-26 22:23:18,878] {processor.py:641} INFO - Processing file /home/raf/pipeline-transform/.venv/lib/python3.9/site-packages/airflow/example_dags/example_xcomargs.py for tasks to queue
[2023-05-26 22:23:18,878] {logging_mixin.py:115} INFO - [2023-05-26 22:23:18,878] {dagbag.py:507} INFO - Filling up the DagBag from /home/raf/pipeline-transform/.venv/lib/python3.9/site-packages/airflow/example_dags/example_xcomargs.py
[2023-05-26 22:23:18,896] {processor.py:651} INFO - DAG(s) dict_keys(['example_xcom_args', 'example_xcom_args_with_operators']) retrieved from /home/raf/pipeline-transform/.venv/lib/python3.9/site-packages/airflow/example_dags/example_xcomargs.py
[2023-05-26 22:23:18,918] {logging_mixin.py:115} INFO - [2023-05-26 22:23:18,917] {dag.py:2379} INFO - Sync 2 DAGs
[2023-05-26 22:23:18,944] {logging_mixin.py:115} INFO - [2023-05-26 22:23:18,944] {dag.py:2927} INFO - Setting next_dagrun for example_xcom_args to None, run_after=None
[2023-05-26 22:23:18,944] {logging_mixin.py:115} INFO - [2023-05-26 22:23:18,944] {dag.py:2927} INFO - Setting next_dagrun for example_xcom_args_with_operators to None, run_after=None
[2023-05-26 22:23:18,968] {processor.py:161} INFO - Processing /home/raf/pipeline-transform/.venv/lib/python3.9/site-packages/airflow/example_dags/example_xcomargs.py took 0.107 seconds
[2023-05-26 22:23:56,242] {processor.py:153} INFO - Started process (PID=31266) to work on /home/raf/pipeline-transform/.venv/lib/python3.9/site-packages/airflow/example_dags/example_xcomargs.py
[2023-05-26 22:23:56,264] {processor.py:641} INFO - Processing file /home/raf/pipeline-transform/.venv/lib/python3.9/site-packages/airflow/example_dags/example_xcomargs.py for tasks to queue
[2023-05-26 22:23:56,265] {logging_mixin.py:115} INFO - [2023-05-26 22:23:56,265] {dagbag.py:507} INFO - Filling up the DagBag from /home/raf/pipeline-transform/.venv/lib/python3.9/site-packages/airflow/example_dags/example_xcomargs.py
[2023-05-26 22:23:56,279] {processor.py:651} INFO - DAG(s) dict_keys(['example_xcom_args', 'example_xcom_args_with_operators']) retrieved from /home/raf/pipeline-transform/.venv/lib/python3.9/site-packages/airflow/example_dags/example_xcomargs.py
[2023-05-26 22:23:56,319] {logging_mixin.py:115} INFO - [2023-05-26 22:23:56,318] {dag.py:2379} INFO - Sync 2 DAGs
[2023-05-26 22:23:56,331] {logging_mixin.py:115} INFO - [2023-05-26 22:23:56,331] {dag.py:2927} INFO - Setting next_dagrun for example_xcom_args to None, run_after=None
[2023-05-26 22:23:56,331] {logging_mixin.py:115} INFO - [2023-05-26 22:23:56,331] {dag.py:2927} INFO - Setting next_dagrun for example_xcom_args_with_operators to None, run_after=None
[2023-05-26 22:23:56,351] {processor.py:161} INFO - Processing /home/raf/pipeline-transform/.venv/lib/python3.9/site-packages/airflow/example_dags/example_xcomargs.py took 0.112 seconds
[2023-05-26 22:24:31,919] {processor.py:153} INFO - Started process (PID=31356) to work on /home/raf/pipeline-transform/.venv/lib/python3.9/site-packages/airflow/example_dags/example_xcomargs.py
[2023-05-26 22:24:31,942] {processor.py:641} INFO - Processing file /home/raf/pipeline-transform/.venv/lib/python3.9/site-packages/airflow/example_dags/example_xcomargs.py for tasks to queue
[2023-05-26 22:24:31,943] {logging_mixin.py:115} INFO - [2023-05-26 22:24:31,943] {dagbag.py:507} INFO - Filling up the DagBag from /home/raf/pipeline-transform/.venv/lib/python3.9/site-packages/airflow/example_dags/example_xcomargs.py
[2023-05-26 22:24:31,958] {processor.py:651} INFO - DAG(s) dict_keys(['example_xcom_args', 'example_xcom_args_with_operators']) retrieved from /home/raf/pipeline-transform/.venv/lib/python3.9/site-packages/airflow/example_dags/example_xcomargs.py
[2023-05-26 22:24:31,998] {logging_mixin.py:115} INFO - [2023-05-26 22:24:31,998] {dag.py:2379} INFO - Sync 2 DAGs
[2023-05-26 22:24:32,015] {logging_mixin.py:115} INFO - [2023-05-26 22:24:32,015] {dag.py:2927} INFO - Setting next_dagrun for example_xcom_args to None, run_after=None
[2023-05-26 22:24:32,015] {logging_mixin.py:115} INFO - [2023-05-26 22:24:32,015] {dag.py:2927} INFO - Setting next_dagrun for example_xcom_args_with_operators to None, run_after=None
[2023-05-26 22:24:32,038] {processor.py:161} INFO - Processing /home/raf/pipeline-transform/.venv/lib/python3.9/site-packages/airflow/example_dags/example_xcomargs.py took 0.122 seconds
[2023-05-26 22:25:09,993] {processor.py:153} INFO - Started process (PID=31448) to work on /home/raf/pipeline-transform/.venv/lib/python3.9/site-packages/airflow/example_dags/example_xcomargs.py
[2023-05-26 22:25:09,997] {processor.py:641} INFO - Processing file /home/raf/pipeline-transform/.venv/lib/python3.9/site-packages/airflow/example_dags/example_xcomargs.py for tasks to queue
[2023-05-26 22:25:09,998] {logging_mixin.py:115} INFO - [2023-05-26 22:25:09,998] {dagbag.py:507} INFO - Filling up the DagBag from /home/raf/pipeline-transform/.venv/lib/python3.9/site-packages/airflow/example_dags/example_xcomargs.py
[2023-05-26 22:25:10,023] {processor.py:651} INFO - DAG(s) dict_keys(['example_xcom_args', 'example_xcom_args_with_operators']) retrieved from /home/raf/pipeline-transform/.venv/lib/python3.9/site-packages/airflow/example_dags/example_xcomargs.py
[2023-05-26 22:25:10,048] {logging_mixin.py:115} INFO - [2023-05-26 22:25:10,048] {dag.py:2379} INFO - Sync 2 DAGs
[2023-05-26 22:25:10,098] {logging_mixin.py:115} INFO - [2023-05-26 22:25:10,098] {dag.py:2927} INFO - Setting next_dagrun for example_xcom_args to None, run_after=None
[2023-05-26 22:25:10,098] {logging_mixin.py:115} INFO - [2023-05-26 22:25:10,098] {dag.py:2927} INFO - Setting next_dagrun for example_xcom_args_with_operators to None, run_after=None
[2023-05-26 22:25:10,157] {processor.py:161} INFO - Processing /home/raf/pipeline-transform/.venv/lib/python3.9/site-packages/airflow/example_dags/example_xcomargs.py took 0.168 seconds
[2023-05-26 22:25:46,926] {processor.py:153} INFO - Started process (PID=31708) to work on /home/raf/pipeline-transform/.venv/lib/python3.9/site-packages/airflow/example_dags/example_xcomargs.py
[2023-05-26 22:25:46,938] {processor.py:641} INFO - Processing file /home/raf/pipeline-transform/.venv/lib/python3.9/site-packages/airflow/example_dags/example_xcomargs.py for tasks to queue
[2023-05-26 22:25:46,939] {logging_mixin.py:115} INFO - [2023-05-26 22:25:46,938] {dagbag.py:507} INFO - Filling up the DagBag from /home/raf/pipeline-transform/.venv/lib/python3.9/site-packages/airflow/example_dags/example_xcomargs.py
[2023-05-26 22:25:46,960] {processor.py:651} INFO - DAG(s) dict_keys(['example_xcom_args', 'example_xcom_args_with_operators']) retrieved from /home/raf/pipeline-transform/.venv/lib/python3.9/site-packages/airflow/example_dags/example_xcomargs.py
[2023-05-26 22:25:47,014] {logging_mixin.py:115} INFO - [2023-05-26 22:25:47,014] {dag.py:2379} INFO - Sync 2 DAGs
[2023-05-26 22:25:47,033] {logging_mixin.py:115} INFO - [2023-05-26 22:25:47,033] {dag.py:2927} INFO - Setting next_dagrun for example_xcom_args to None, run_after=None
[2023-05-26 22:25:47,034] {logging_mixin.py:115} INFO - [2023-05-26 22:25:47,034] {dag.py:2927} INFO - Setting next_dagrun for example_xcom_args_with_operators to None, run_after=None
[2023-05-26 22:25:47,077] {processor.py:161} INFO - Processing /home/raf/pipeline-transform/.venv/lib/python3.9/site-packages/airflow/example_dags/example_xcomargs.py took 0.156 seconds
[2023-05-26 22:26:30,851] {processor.py:153} INFO - Started process (PID=31911) to work on /home/raf/pipeline-transform/.venv/lib/python3.9/site-packages/airflow/example_dags/example_xcomargs.py
[2023-05-26 22:26:30,867] {processor.py:641} INFO - Processing file /home/raf/pipeline-transform/.venv/lib/python3.9/site-packages/airflow/example_dags/example_xcomargs.py for tasks to queue
[2023-05-26 22:26:30,868] {logging_mixin.py:115} INFO - [2023-05-26 22:26:30,868] {dagbag.py:507} INFO - Filling up the DagBag from /home/raf/pipeline-transform/.venv/lib/python3.9/site-packages/airflow/example_dags/example_xcomargs.py
[2023-05-26 22:26:30,900] {processor.py:651} INFO - DAG(s) dict_keys(['example_xcom_args', 'example_xcom_args_with_operators']) retrieved from /home/raf/pipeline-transform/.venv/lib/python3.9/site-packages/airflow/example_dags/example_xcomargs.py
[2023-05-26 22:26:30,941] {logging_mixin.py:115} INFO - [2023-05-26 22:26:30,941] {dag.py:2379} INFO - Sync 2 DAGs
[2023-05-26 22:26:30,978] {logging_mixin.py:115} INFO - [2023-05-26 22:26:30,978] {dag.py:2927} INFO - Setting next_dagrun for example_xcom_args to None, run_after=None
[2023-05-26 22:26:30,978] {logging_mixin.py:115} INFO - [2023-05-26 22:26:30,978] {dag.py:2927} INFO - Setting next_dagrun for example_xcom_args_with_operators to None, run_after=None
[2023-05-26 22:26:31,011] {processor.py:161} INFO - Processing /home/raf/pipeline-transform/.venv/lib/python3.9/site-packages/airflow/example_dags/example_xcomargs.py took 0.164 seconds
[2023-05-26 22:27:08,045] {processor.py:153} INFO - Started process (PID=32039) to work on /home/raf/pipeline-transform/.venv/lib/python3.9/site-packages/airflow/example_dags/example_xcomargs.py
[2023-05-26 22:27:08,063] {processor.py:641} INFO - Processing file /home/raf/pipeline-transform/.venv/lib/python3.9/site-packages/airflow/example_dags/example_xcomargs.py for tasks to queue
[2023-05-26 22:27:08,064] {logging_mixin.py:115} INFO - [2023-05-26 22:27:08,064] {dagbag.py:507} INFO - Filling up the DagBag from /home/raf/pipeline-transform/.venv/lib/python3.9/site-packages/airflow/example_dags/example_xcomargs.py
[2023-05-26 22:27:08,090] {processor.py:651} INFO - DAG(s) dict_keys(['example_xcom_args', 'example_xcom_args_with_operators']) retrieved from /home/raf/pipeline-transform/.venv/lib/python3.9/site-packages/airflow/example_dags/example_xcomargs.py
[2023-05-26 22:27:08,112] {logging_mixin.py:115} INFO - [2023-05-26 22:27:08,112] {dag.py:2379} INFO - Sync 2 DAGs
[2023-05-26 22:27:08,140] {logging_mixin.py:115} INFO - [2023-05-26 22:27:08,140] {dag.py:2927} INFO - Setting next_dagrun for example_xcom_args to None, run_after=None
[2023-05-26 22:27:08,141] {logging_mixin.py:115} INFO - [2023-05-26 22:27:08,140] {dag.py:2927} INFO - Setting next_dagrun for example_xcom_args_with_operators to None, run_after=None
[2023-05-26 22:27:08,175] {processor.py:161} INFO - Processing /home/raf/pipeline-transform/.venv/lib/python3.9/site-packages/airflow/example_dags/example_xcomargs.py took 0.133 seconds
[2023-05-26 22:27:44,778] {processor.py:153} INFO - Started process (PID=32174) to work on /home/raf/pipeline-transform/.venv/lib/python3.9/site-packages/airflow/example_dags/example_xcomargs.py
[2023-05-26 22:27:44,782] {processor.py:641} INFO - Processing file /home/raf/pipeline-transform/.venv/lib/python3.9/site-packages/airflow/example_dags/example_xcomargs.py for tasks to queue
[2023-05-26 22:27:44,783] {logging_mixin.py:115} INFO - [2023-05-26 22:27:44,783] {dagbag.py:507} INFO - Filling up the DagBag from /home/raf/pipeline-transform/.venv/lib/python3.9/site-packages/airflow/example_dags/example_xcomargs.py
[2023-05-26 22:27:44,799] {processor.py:651} INFO - DAG(s) dict_keys(['example_xcom_args', 'example_xcom_args_with_operators']) retrieved from /home/raf/pipeline-transform/.venv/lib/python3.9/site-packages/airflow/example_dags/example_xcomargs.py
[2023-05-26 22:27:44,843] {logging_mixin.py:115} INFO - [2023-05-26 22:27:44,843] {dag.py:2379} INFO - Sync 2 DAGs
[2023-05-26 22:27:44,857] {logging_mixin.py:115} INFO - [2023-05-26 22:27:44,857] {dag.py:2927} INFO - Setting next_dagrun for example_xcom_args to None, run_after=None
[2023-05-26 22:27:44,858] {logging_mixin.py:115} INFO - [2023-05-26 22:27:44,858] {dag.py:2927} INFO - Setting next_dagrun for example_xcom_args_with_operators to None, run_after=None
[2023-05-26 22:27:44,887] {processor.py:161} INFO - Processing /home/raf/pipeline-transform/.venv/lib/python3.9/site-packages/airflow/example_dags/example_xcomargs.py took 0.116 seconds
[2023-05-26 22:28:26,555] {processor.py:153} INFO - Started process (PID=32291) to work on /home/raf/pipeline-transform/.venv/lib/python3.9/site-packages/airflow/example_dags/example_xcomargs.py
[2023-05-26 22:28:26,579] {processor.py:641} INFO - Processing file /home/raf/pipeline-transform/.venv/lib/python3.9/site-packages/airflow/example_dags/example_xcomargs.py for tasks to queue
[2023-05-26 22:28:26,579] {logging_mixin.py:115} INFO - [2023-05-26 22:28:26,579] {dagbag.py:507} INFO - Filling up the DagBag from /home/raf/pipeline-transform/.venv/lib/python3.9/site-packages/airflow/example_dags/example_xcomargs.py
[2023-05-26 22:28:26,595] {processor.py:651} INFO - DAG(s) dict_keys(['example_xcom_args', 'example_xcom_args_with_operators']) retrieved from /home/raf/pipeline-transform/.venv/lib/python3.9/site-packages/airflow/example_dags/example_xcomargs.py
[2023-05-26 22:28:26,611] {logging_mixin.py:115} INFO - [2023-05-26 22:28:26,611] {dag.py:2379} INFO - Sync 2 DAGs
[2023-05-26 22:28:26,627] {logging_mixin.py:115} INFO - [2023-05-26 22:28:26,627] {dag.py:2927} INFO - Setting next_dagrun for example_xcom_args to None, run_after=None
[2023-05-26 22:28:26,627] {logging_mixin.py:115} INFO - [2023-05-26 22:28:26,627] {dag.py:2927} INFO - Setting next_dagrun for example_xcom_args_with_operators to None, run_after=None
[2023-05-26 22:28:26,647] {processor.py:161} INFO - Processing /home/raf/pipeline-transform/.venv/lib/python3.9/site-packages/airflow/example_dags/example_xcomargs.py took 0.094 seconds
[2023-05-26 22:29:07,842] {processor.py:153} INFO - Started process (PID=32396) to work on /home/raf/pipeline-transform/.venv/lib/python3.9/site-packages/airflow/example_dags/example_xcomargs.py
[2023-05-26 22:29:07,865] {processor.py:641} INFO - Processing file /home/raf/pipeline-transform/.venv/lib/python3.9/site-packages/airflow/example_dags/example_xcomargs.py for tasks to queue
[2023-05-26 22:29:07,866] {logging_mixin.py:115} INFO - [2023-05-26 22:29:07,866] {dagbag.py:507} INFO - Filling up the DagBag from /home/raf/pipeline-transform/.venv/lib/python3.9/site-packages/airflow/example_dags/example_xcomargs.py
[2023-05-26 22:29:07,899] {processor.py:651} INFO - DAG(s) dict_keys(['example_xcom_args', 'example_xcom_args_with_operators']) retrieved from /home/raf/pipeline-transform/.venv/lib/python3.9/site-packages/airflow/example_dags/example_xcomargs.py
[2023-05-26 22:29:07,969] {logging_mixin.py:115} INFO - [2023-05-26 22:29:07,969] {dag.py:2379} INFO - Sync 2 DAGs
[2023-05-26 22:29:07,986] {logging_mixin.py:115} INFO - [2023-05-26 22:29:07,986] {dag.py:2927} INFO - Setting next_dagrun for example_xcom_args to None, run_after=None
[2023-05-26 22:29:07,986] {logging_mixin.py:115} INFO - [2023-05-26 22:29:07,986] {dag.py:2927} INFO - Setting next_dagrun for example_xcom_args_with_operators to None, run_after=None
[2023-05-26 22:29:08,040] {processor.py:161} INFO - Processing /home/raf/pipeline-transform/.venv/lib/python3.9/site-packages/airflow/example_dags/example_xcomargs.py took 0.202 seconds
[2023-05-26 22:29:49,711] {processor.py:153} INFO - Started process (PID=32498) to work on /home/raf/pipeline-transform/.venv/lib/python3.9/site-packages/airflow/example_dags/example_xcomargs.py
[2023-05-26 22:29:49,714] {processor.py:641} INFO - Processing file /home/raf/pipeline-transform/.venv/lib/python3.9/site-packages/airflow/example_dags/example_xcomargs.py for tasks to queue
[2023-05-26 22:29:49,715] {logging_mixin.py:115} INFO - [2023-05-26 22:29:49,715] {dagbag.py:507} INFO - Filling up the DagBag from /home/raf/pipeline-transform/.venv/lib/python3.9/site-packages/airflow/example_dags/example_xcomargs.py
[2023-05-26 22:29:49,730] {processor.py:651} INFO - DAG(s) dict_keys(['example_xcom_args', 'example_xcom_args_with_operators']) retrieved from /home/raf/pipeline-transform/.venv/lib/python3.9/site-packages/airflow/example_dags/example_xcomargs.py
[2023-05-26 22:29:49,745] {logging_mixin.py:115} INFO - [2023-05-26 22:29:49,745] {dag.py:2379} INFO - Sync 2 DAGs
[2023-05-26 22:29:49,763] {logging_mixin.py:115} INFO - [2023-05-26 22:29:49,763] {dag.py:2927} INFO - Setting next_dagrun for example_xcom_args to None, run_after=None
[2023-05-26 22:29:49,763] {logging_mixin.py:115} INFO - [2023-05-26 22:29:49,763] {dag.py:2927} INFO - Setting next_dagrun for example_xcom_args_with_operators to None, run_after=None
[2023-05-26 22:29:49,784] {processor.py:161} INFO - Processing /home/raf/pipeline-transform/.venv/lib/python3.9/site-packages/airflow/example_dags/example_xcomargs.py took 0.075 seconds
[2023-05-26 22:30:32,704] {processor.py:153} INFO - Started process (PID=32729) to work on /home/raf/pipeline-transform/.venv/lib/python3.9/site-packages/airflow/example_dags/example_xcomargs.py
[2023-05-26 22:30:32,730] {processor.py:641} INFO - Processing file /home/raf/pipeline-transform/.venv/lib/python3.9/site-packages/airflow/example_dags/example_xcomargs.py for tasks to queue
[2023-05-26 22:30:32,730] {logging_mixin.py:115} INFO - [2023-05-26 22:30:32,730] {dagbag.py:507} INFO - Filling up the DagBag from /home/raf/pipeline-transform/.venv/lib/python3.9/site-packages/airflow/example_dags/example_xcomargs.py
[2023-05-26 22:30:32,745] {processor.py:651} INFO - DAG(s) dict_keys(['example_xcom_args', 'example_xcom_args_with_operators']) retrieved from /home/raf/pipeline-transform/.venv/lib/python3.9/site-packages/airflow/example_dags/example_xcomargs.py
[2023-05-26 22:30:32,785] {logging_mixin.py:115} INFO - [2023-05-26 22:30:32,785] {dag.py:2379} INFO - Sync 2 DAGs
[2023-05-26 22:30:32,798] {logging_mixin.py:115} INFO - [2023-05-26 22:30:32,798] {dag.py:2927} INFO - Setting next_dagrun for example_xcom_args to None, run_after=None
[2023-05-26 22:30:32,798] {logging_mixin.py:115} INFO - [2023-05-26 22:30:32,798] {dag.py:2927} INFO - Setting next_dagrun for example_xcom_args_with_operators to None, run_after=None
[2023-05-26 22:30:32,819] {processor.py:161} INFO - Processing /home/raf/pipeline-transform/.venv/lib/python3.9/site-packages/airflow/example_dags/example_xcomargs.py took 0.118 seconds
[2023-05-26 22:31:14,171] {processor.py:153} INFO - Started process (PID=399) to work on /home/raf/pipeline-transform/.venv/lib/python3.9/site-packages/airflow/example_dags/example_xcomargs.py
[2023-05-26 22:31:14,171] {processor.py:641} INFO - Processing file /home/raf/pipeline-transform/.venv/lib/python3.9/site-packages/airflow/example_dags/example_xcomargs.py for tasks to queue
[2023-05-26 22:31:14,172] {logging_mixin.py:115} INFO - [2023-05-26 22:31:14,172] {dagbag.py:507} INFO - Filling up the DagBag from /home/raf/pipeline-transform/.venv/lib/python3.9/site-packages/airflow/example_dags/example_xcomargs.py
[2023-05-26 22:31:14,189] {processor.py:651} INFO - DAG(s) dict_keys(['example_xcom_args', 'example_xcom_args_with_operators']) retrieved from /home/raf/pipeline-transform/.venv/lib/python3.9/site-packages/airflow/example_dags/example_xcomargs.py
[2023-05-26 22:31:14,205] {logging_mixin.py:115} INFO - [2023-05-26 22:31:14,205] {dag.py:2379} INFO - Sync 2 DAGs
[2023-05-26 22:31:14,223] {logging_mixin.py:115} INFO - [2023-05-26 22:31:14,223] {dag.py:2927} INFO - Setting next_dagrun for example_xcom_args to None, run_after=None
[2023-05-26 22:31:14,223] {logging_mixin.py:115} INFO - [2023-05-26 22:31:14,223] {dag.py:2927} INFO - Setting next_dagrun for example_xcom_args_with_operators to None, run_after=None
[2023-05-26 22:31:14,280] {processor.py:161} INFO - Processing /home/raf/pipeline-transform/.venv/lib/python3.9/site-packages/airflow/example_dags/example_xcomargs.py took 0.111 seconds
[2023-05-26 22:31:50,994] {processor.py:153} INFO - Started process (PID=491) to work on /home/raf/pipeline-transform/.venv/lib/python3.9/site-packages/airflow/example_dags/example_xcomargs.py
[2023-05-26 22:31:50,999] {processor.py:641} INFO - Processing file /home/raf/pipeline-transform/.venv/lib/python3.9/site-packages/airflow/example_dags/example_xcomargs.py for tasks to queue
[2023-05-26 22:31:51,000] {logging_mixin.py:115} INFO - [2023-05-26 22:31:51,000] {dagbag.py:507} INFO - Filling up the DagBag from /home/raf/pipeline-transform/.venv/lib/python3.9/site-packages/airflow/example_dags/example_xcomargs.py
[2023-05-26 22:31:51,022] {processor.py:651} INFO - DAG(s) dict_keys(['example_xcom_args', 'example_xcom_args_with_operators']) retrieved from /home/raf/pipeline-transform/.venv/lib/python3.9/site-packages/airflow/example_dags/example_xcomargs.py
[2023-05-26 22:31:51,042] {logging_mixin.py:115} INFO - [2023-05-26 22:31:51,042] {dag.py:2379} INFO - Sync 2 DAGs
[2023-05-26 22:31:51,058] {logging_mixin.py:115} INFO - [2023-05-26 22:31:51,057] {dag.py:2927} INFO - Setting next_dagrun for example_xcom_args to None, run_after=None
[2023-05-26 22:31:51,058] {logging_mixin.py:115} INFO - [2023-05-26 22:31:51,058] {dag.py:2927} INFO - Setting next_dagrun for example_xcom_args_with_operators to None, run_after=None
[2023-05-26 22:31:51,073] {processor.py:161} INFO - Processing /home/raf/pipeline-transform/.venv/lib/python3.9/site-packages/airflow/example_dags/example_xcomargs.py took 0.083 seconds
