[2023-05-26 22:03:38,598] {processor.py:153} INFO - Started process (PID=26057) to work on /home/raf/pipeline-transform/.venv/lib/python3.9/site-packages/airflow/example_dags/example_nested_branch_dag.py
[2023-05-26 22:03:38,599] {processor.py:641} INFO - Processing file /home/raf/pipeline-transform/.venv/lib/python3.9/site-packages/airflow/example_dags/example_nested_branch_dag.py for tasks to queue
[2023-05-26 22:03:38,599] {logging_mixin.py:115} INFO - [2023-05-26 22:03:38,599] {dagbag.py:507} INFO - Filling up the DagBag from /home/raf/pipeline-transform/.venv/lib/python3.9/site-packages/airflow/example_dags/example_nested_branch_dag.py
[2023-05-26 22:03:38,607] {processor.py:651} INFO - DAG(s) dict_keys(['example_nested_branch_dag']) retrieved from /home/raf/pipeline-transform/.venv/lib/python3.9/site-packages/airflow/example_dags/example_nested_branch_dag.py
[2023-05-26 22:03:38,655] {logging_mixin.py:115} INFO - [2023-05-26 22:03:38,654] {dag.py:2379} INFO - Sync 1 DAGs
[2023-05-26 22:03:38,672] {logging_mixin.py:115} INFO - [2023-05-26 22:03:38,672] {dag.py:2927} INFO - Setting next_dagrun for example_nested_branch_dag to 2023-05-26T00:00:00+00:00, run_after=2023-05-27T00:00:00+00:00
[2023-05-26 22:03:38,714] {processor.py:161} INFO - Processing /home/raf/pipeline-transform/.venv/lib/python3.9/site-packages/airflow/example_dags/example_nested_branch_dag.py took 0.118 seconds
[2023-05-26 22:04:12,305] {processor.py:153} INFO - Started process (PID=26271) to work on /home/raf/pipeline-transform/.venv/lib/python3.9/site-packages/airflow/example_dags/example_nested_branch_dag.py
[2023-05-26 22:04:12,306] {processor.py:641} INFO - Processing file /home/raf/pipeline-transform/.venv/lib/python3.9/site-packages/airflow/example_dags/example_nested_branch_dag.py for tasks to queue
[2023-05-26 22:04:12,306] {logging_mixin.py:115} INFO - [2023-05-26 22:04:12,306] {dagbag.py:507} INFO - Filling up the DagBag from /home/raf/pipeline-transform/.venv/lib/python3.9/site-packages/airflow/example_dags/example_nested_branch_dag.py
[2023-05-26 22:04:12,314] {processor.py:651} INFO - DAG(s) dict_keys(['example_nested_branch_dag']) retrieved from /home/raf/pipeline-transform/.venv/lib/python3.9/site-packages/airflow/example_dags/example_nested_branch_dag.py
[2023-05-26 22:04:12,328] {logging_mixin.py:115} INFO - [2023-05-26 22:04:12,328] {dag.py:2379} INFO - Sync 1 DAGs
[2023-05-26 22:04:12,346] {logging_mixin.py:115} INFO - [2023-05-26 22:04:12,345] {dag.py:2927} INFO - Setting next_dagrun for example_nested_branch_dag to 2023-05-26T00:00:00+00:00, run_after=2023-05-27T00:00:00+00:00
[2023-05-26 22:04:12,363] {processor.py:161} INFO - Processing /home/raf/pipeline-transform/.venv/lib/python3.9/site-packages/airflow/example_dags/example_nested_branch_dag.py took 0.061 seconds
[2023-05-26 22:04:47,252] {processor.py:153} INFO - Started process (PID=26510) to work on /home/raf/pipeline-transform/.venv/lib/python3.9/site-packages/airflow/example_dags/example_nested_branch_dag.py
[2023-05-26 22:04:47,256] {processor.py:641} INFO - Processing file /home/raf/pipeline-transform/.venv/lib/python3.9/site-packages/airflow/example_dags/example_nested_branch_dag.py for tasks to queue
[2023-05-26 22:04:47,257] {logging_mixin.py:115} INFO - [2023-05-26 22:04:47,257] {dagbag.py:507} INFO - Filling up the DagBag from /home/raf/pipeline-transform/.venv/lib/python3.9/site-packages/airflow/example_dags/example_nested_branch_dag.py
[2023-05-26 22:04:47,265] {processor.py:651} INFO - DAG(s) dict_keys(['example_nested_branch_dag']) retrieved from /home/raf/pipeline-transform/.venv/lib/python3.9/site-packages/airflow/example_dags/example_nested_branch_dag.py
[2023-05-26 22:04:47,278] {logging_mixin.py:115} INFO - [2023-05-26 22:04:47,278] {dag.py:2379} INFO - Sync 1 DAGs
[2023-05-26 22:04:47,294] {logging_mixin.py:115} INFO - [2023-05-26 22:04:47,294] {dag.py:2927} INFO - Setting next_dagrun for example_nested_branch_dag to 2023-05-26T00:00:00+00:00, run_after=2023-05-27T00:00:00+00:00
[2023-05-26 22:04:47,314] {processor.py:161} INFO - Processing /home/raf/pipeline-transform/.venv/lib/python3.9/site-packages/airflow/example_dags/example_nested_branch_dag.py took 0.065 seconds
[2023-05-26 22:05:21,890] {processor.py:153} INFO - Started process (PID=26751) to work on /home/raf/pipeline-transform/.venv/lib/python3.9/site-packages/airflow/example_dags/example_nested_branch_dag.py
[2023-05-26 22:05:21,898] {processor.py:641} INFO - Processing file /home/raf/pipeline-transform/.venv/lib/python3.9/site-packages/airflow/example_dags/example_nested_branch_dag.py for tasks to queue
[2023-05-26 22:05:21,899] {logging_mixin.py:115} INFO - [2023-05-26 22:05:21,899] {dagbag.py:507} INFO - Filling up the DagBag from /home/raf/pipeline-transform/.venv/lib/python3.9/site-packages/airflow/example_dags/example_nested_branch_dag.py
[2023-05-26 22:05:21,907] {processor.py:651} INFO - DAG(s) dict_keys(['example_nested_branch_dag']) retrieved from /home/raf/pipeline-transform/.venv/lib/python3.9/site-packages/airflow/example_dags/example_nested_branch_dag.py
[2023-05-26 22:05:21,920] {logging_mixin.py:115} INFO - [2023-05-26 22:05:21,920] {dag.py:2379} INFO - Sync 1 DAGs
[2023-05-26 22:05:21,935] {logging_mixin.py:115} INFO - [2023-05-26 22:05:21,935] {dag.py:2927} INFO - Setting next_dagrun for example_nested_branch_dag to 2023-05-26T00:00:00+00:00, run_after=2023-05-27T00:00:00+00:00
[2023-05-26 22:05:21,954] {processor.py:161} INFO - Processing /home/raf/pipeline-transform/.venv/lib/python3.9/site-packages/airflow/example_dags/example_nested_branch_dag.py took 0.067 seconds
[2023-05-26 22:05:57,114] {processor.py:153} INFO - Started process (PID=26955) to work on /home/raf/pipeline-transform/.venv/lib/python3.9/site-packages/airflow/example_dags/example_nested_branch_dag.py
[2023-05-26 22:05:57,123] {processor.py:641} INFO - Processing file /home/raf/pipeline-transform/.venv/lib/python3.9/site-packages/airflow/example_dags/example_nested_branch_dag.py for tasks to queue
[2023-05-26 22:05:57,124] {logging_mixin.py:115} INFO - [2023-05-26 22:05:57,124] {dagbag.py:507} INFO - Filling up the DagBag from /home/raf/pipeline-transform/.venv/lib/python3.9/site-packages/airflow/example_dags/example_nested_branch_dag.py
[2023-05-26 22:05:57,132] {processor.py:651} INFO - DAG(s) dict_keys(['example_nested_branch_dag']) retrieved from /home/raf/pipeline-transform/.venv/lib/python3.9/site-packages/airflow/example_dags/example_nested_branch_dag.py
[2023-05-26 22:05:57,150] {logging_mixin.py:115} INFO - [2023-05-26 22:05:57,150] {dag.py:2379} INFO - Sync 1 DAGs
[2023-05-26 22:05:57,180] {logging_mixin.py:115} INFO - [2023-05-26 22:05:57,180] {dag.py:2927} INFO - Setting next_dagrun for example_nested_branch_dag to 2023-05-26T00:00:00+00:00, run_after=2023-05-27T00:00:00+00:00
[2023-05-26 22:05:57,198] {processor.py:161} INFO - Processing /home/raf/pipeline-transform/.venv/lib/python3.9/site-packages/airflow/example_dags/example_nested_branch_dag.py took 0.087 seconds
[2023-05-26 22:06:32,082] {processor.py:153} INFO - Started process (PID=27069) to work on /home/raf/pipeline-transform/.venv/lib/python3.9/site-packages/airflow/example_dags/example_nested_branch_dag.py
[2023-05-26 22:06:32,093] {processor.py:641} INFO - Processing file /home/raf/pipeline-transform/.venv/lib/python3.9/site-packages/airflow/example_dags/example_nested_branch_dag.py for tasks to queue
[2023-05-26 22:06:32,093] {logging_mixin.py:115} INFO - [2023-05-26 22:06:32,093] {dagbag.py:507} INFO - Filling up the DagBag from /home/raf/pipeline-transform/.venv/lib/python3.9/site-packages/airflow/example_dags/example_nested_branch_dag.py
[2023-05-26 22:06:32,107] {processor.py:651} INFO - DAG(s) dict_keys(['example_nested_branch_dag']) retrieved from /home/raf/pipeline-transform/.venv/lib/python3.9/site-packages/airflow/example_dags/example_nested_branch_dag.py
[2023-05-26 22:06:32,130] {logging_mixin.py:115} INFO - [2023-05-26 22:06:32,130] {dag.py:2379} INFO - Sync 1 DAGs
[2023-05-26 22:06:32,156] {logging_mixin.py:115} INFO - [2023-05-26 22:06:32,155] {dag.py:2927} INFO - Setting next_dagrun for example_nested_branch_dag to 2023-05-26T00:00:00+00:00, run_after=2023-05-27T00:00:00+00:00
[2023-05-26 22:06:32,194] {processor.py:161} INFO - Processing /home/raf/pipeline-transform/.venv/lib/python3.9/site-packages/airflow/example_dags/example_nested_branch_dag.py took 0.114 seconds
[2023-05-26 22:07:06,858] {processor.py:153} INFO - Started process (PID=27241) to work on /home/raf/pipeline-transform/.venv/lib/python3.9/site-packages/airflow/example_dags/example_nested_branch_dag.py
[2023-05-26 22:07:06,859] {processor.py:641} INFO - Processing file /home/raf/pipeline-transform/.venv/lib/python3.9/site-packages/airflow/example_dags/example_nested_branch_dag.py for tasks to queue
[2023-05-26 22:07:06,860] {logging_mixin.py:115} INFO - [2023-05-26 22:07:06,860] {dagbag.py:507} INFO - Filling up the DagBag from /home/raf/pipeline-transform/.venv/lib/python3.9/site-packages/airflow/example_dags/example_nested_branch_dag.py
[2023-05-26 22:07:06,871] {processor.py:651} INFO - DAG(s) dict_keys(['example_nested_branch_dag']) retrieved from /home/raf/pipeline-transform/.venv/lib/python3.9/site-packages/airflow/example_dags/example_nested_branch_dag.py
[2023-05-26 22:07:06,886] {logging_mixin.py:115} INFO - [2023-05-26 22:07:06,886] {dag.py:2379} INFO - Sync 1 DAGs
[2023-05-26 22:07:06,901] {logging_mixin.py:115} INFO - [2023-05-26 22:07:06,901] {dag.py:2927} INFO - Setting next_dagrun for example_nested_branch_dag to 2023-05-26T00:00:00+00:00, run_after=2023-05-27T00:00:00+00:00
[2023-05-26 22:07:07,064] {processor.py:161} INFO - Processing /home/raf/pipeline-transform/.venv/lib/python3.9/site-packages/airflow/example_dags/example_nested_branch_dag.py took 0.208 seconds
[2023-05-26 22:07:43,260] {processor.py:153} INFO - Started process (PID=27328) to work on /home/raf/pipeline-transform/.venv/lib/python3.9/site-packages/airflow/example_dags/example_nested_branch_dag.py
[2023-05-26 22:07:43,262] {processor.py:641} INFO - Processing file /home/raf/pipeline-transform/.venv/lib/python3.9/site-packages/airflow/example_dags/example_nested_branch_dag.py for tasks to queue
[2023-05-26 22:07:43,262] {logging_mixin.py:115} INFO - [2023-05-26 22:07:43,262] {dagbag.py:507} INFO - Filling up the DagBag from /home/raf/pipeline-transform/.venv/lib/python3.9/site-packages/airflow/example_dags/example_nested_branch_dag.py
[2023-05-26 22:07:43,269] {processor.py:651} INFO - DAG(s) dict_keys(['example_nested_branch_dag']) retrieved from /home/raf/pipeline-transform/.venv/lib/python3.9/site-packages/airflow/example_dags/example_nested_branch_dag.py
[2023-05-26 22:07:43,282] {logging_mixin.py:115} INFO - [2023-05-26 22:07:43,282] {dag.py:2379} INFO - Sync 1 DAGs
[2023-05-26 22:07:43,298] {logging_mixin.py:115} INFO - [2023-05-26 22:07:43,297] {dag.py:2927} INFO - Setting next_dagrun for example_nested_branch_dag to 2023-05-26T00:00:00+00:00, run_after=2023-05-27T00:00:00+00:00
[2023-05-26 22:07:43,315] {processor.py:161} INFO - Processing /home/raf/pipeline-transform/.venv/lib/python3.9/site-packages/airflow/example_dags/example_nested_branch_dag.py took 0.057 seconds
[2023-05-26 22:08:17,119] {processor.py:153} INFO - Started process (PID=27468) to work on /home/raf/pipeline-transform/.venv/lib/python3.9/site-packages/airflow/example_dags/example_nested_branch_dag.py
[2023-05-26 22:08:17,119] {processor.py:641} INFO - Processing file /home/raf/pipeline-transform/.venv/lib/python3.9/site-packages/airflow/example_dags/example_nested_branch_dag.py for tasks to queue
[2023-05-26 22:08:17,119] {logging_mixin.py:115} INFO - [2023-05-26 22:08:17,119] {dagbag.py:507} INFO - Filling up the DagBag from /home/raf/pipeline-transform/.venv/lib/python3.9/site-packages/airflow/example_dags/example_nested_branch_dag.py
[2023-05-26 22:08:17,127] {processor.py:651} INFO - DAG(s) dict_keys(['example_nested_branch_dag']) retrieved from /home/raf/pipeline-transform/.venv/lib/python3.9/site-packages/airflow/example_dags/example_nested_branch_dag.py
[2023-05-26 22:08:17,140] {logging_mixin.py:115} INFO - [2023-05-26 22:08:17,140] {dag.py:2379} INFO - Sync 1 DAGs
[2023-05-26 22:08:17,156] {logging_mixin.py:115} INFO - [2023-05-26 22:08:17,156] {dag.py:2927} INFO - Setting next_dagrun for example_nested_branch_dag to 2023-05-26T00:00:00+00:00, run_after=2023-05-27T00:00:00+00:00
[2023-05-26 22:08:17,188] {processor.py:161} INFO - Processing /home/raf/pipeline-transform/.venv/lib/python3.9/site-packages/airflow/example_dags/example_nested_branch_dag.py took 0.072 seconds
[2023-05-26 22:08:52,541] {processor.py:153} INFO - Started process (PID=27559) to work on /home/raf/pipeline-transform/.venv/lib/python3.9/site-packages/airflow/example_dags/example_nested_branch_dag.py
[2023-05-26 22:08:52,546] {processor.py:641} INFO - Processing file /home/raf/pipeline-transform/.venv/lib/python3.9/site-packages/airflow/example_dags/example_nested_branch_dag.py for tasks to queue
[2023-05-26 22:08:52,547] {logging_mixin.py:115} INFO - [2023-05-26 22:08:52,547] {dagbag.py:507} INFO - Filling up the DagBag from /home/raf/pipeline-transform/.venv/lib/python3.9/site-packages/airflow/example_dags/example_nested_branch_dag.py
[2023-05-26 22:08:52,555] {processor.py:651} INFO - DAG(s) dict_keys(['example_nested_branch_dag']) retrieved from /home/raf/pipeline-transform/.venv/lib/python3.9/site-packages/airflow/example_dags/example_nested_branch_dag.py
[2023-05-26 22:08:52,568] {logging_mixin.py:115} INFO - [2023-05-26 22:08:52,568] {dag.py:2379} INFO - Sync 1 DAGs
[2023-05-26 22:08:52,583] {logging_mixin.py:115} INFO - [2023-05-26 22:08:52,583] {dag.py:2927} INFO - Setting next_dagrun for example_nested_branch_dag to 2023-05-26T00:00:00+00:00, run_after=2023-05-27T00:00:00+00:00
[2023-05-26 22:08:52,605] {processor.py:161} INFO - Processing /home/raf/pipeline-transform/.venv/lib/python3.9/site-packages/airflow/example_dags/example_nested_branch_dag.py took 0.066 seconds
[2023-05-26 22:09:29,847] {processor.py:153} INFO - Started process (PID=27753) to work on /home/raf/pipeline-transform/.venv/lib/python3.9/site-packages/airflow/example_dags/example_nested_branch_dag.py
[2023-05-26 22:09:29,854] {processor.py:641} INFO - Processing file /home/raf/pipeline-transform/.venv/lib/python3.9/site-packages/airflow/example_dags/example_nested_branch_dag.py for tasks to queue
[2023-05-26 22:09:29,854] {logging_mixin.py:115} INFO - [2023-05-26 22:09:29,854] {dagbag.py:507} INFO - Filling up the DagBag from /home/raf/pipeline-transform/.venv/lib/python3.9/site-packages/airflow/example_dags/example_nested_branch_dag.py
[2023-05-26 22:09:29,862] {processor.py:651} INFO - DAG(s) dict_keys(['example_nested_branch_dag']) retrieved from /home/raf/pipeline-transform/.venv/lib/python3.9/site-packages/airflow/example_dags/example_nested_branch_dag.py
[2023-05-26 22:09:29,875] {logging_mixin.py:115} INFO - [2023-05-26 22:09:29,875] {dag.py:2379} INFO - Sync 1 DAGs
[2023-05-26 22:09:29,890] {logging_mixin.py:115} INFO - [2023-05-26 22:09:29,890] {dag.py:2927} INFO - Setting next_dagrun for example_nested_branch_dag to 2023-05-26T00:00:00+00:00, run_after=2023-05-27T00:00:00+00:00
[2023-05-26 22:09:29,910] {processor.py:161} INFO - Processing /home/raf/pipeline-transform/.venv/lib/python3.9/site-packages/airflow/example_dags/example_nested_branch_dag.py took 0.065 seconds
[2023-05-26 22:10:02,362] {processor.py:153} INFO - Started process (PID=27836) to work on /home/raf/pipeline-transform/.venv/lib/python3.9/site-packages/airflow/example_dags/example_nested_branch_dag.py
[2023-05-26 22:10:02,362] {processor.py:641} INFO - Processing file /home/raf/pipeline-transform/.venv/lib/python3.9/site-packages/airflow/example_dags/example_nested_branch_dag.py for tasks to queue
[2023-05-26 22:10:02,363] {logging_mixin.py:115} INFO - [2023-05-26 22:10:02,363] {dagbag.py:507} INFO - Filling up the DagBag from /home/raf/pipeline-transform/.venv/lib/python3.9/site-packages/airflow/example_dags/example_nested_branch_dag.py
[2023-05-26 22:10:02,371] {processor.py:651} INFO - DAG(s) dict_keys(['example_nested_branch_dag']) retrieved from /home/raf/pipeline-transform/.venv/lib/python3.9/site-packages/airflow/example_dags/example_nested_branch_dag.py
[2023-05-26 22:10:02,385] {logging_mixin.py:115} INFO - [2023-05-26 22:10:02,385] {dag.py:2379} INFO - Sync 1 DAGs
[2023-05-26 22:10:02,401] {logging_mixin.py:115} INFO - [2023-05-26 22:10:02,401] {dag.py:2927} INFO - Setting next_dagrun for example_nested_branch_dag to 2023-05-26T00:00:00+00:00, run_after=2023-05-27T00:00:00+00:00
[2023-05-26 22:10:02,433] {processor.py:161} INFO - Processing /home/raf/pipeline-transform/.venv/lib/python3.9/site-packages/airflow/example_dags/example_nested_branch_dag.py took 0.075 seconds
[2023-05-26 22:10:37,927] {processor.py:153} INFO - Started process (PID=27922) to work on /home/raf/pipeline-transform/.venv/lib/python3.9/site-packages/airflow/example_dags/example_nested_branch_dag.py
[2023-05-26 22:10:37,949] {processor.py:641} INFO - Processing file /home/raf/pipeline-transform/.venv/lib/python3.9/site-packages/airflow/example_dags/example_nested_branch_dag.py for tasks to queue
[2023-05-26 22:10:37,949] {logging_mixin.py:115} INFO - [2023-05-26 22:10:37,949] {dagbag.py:507} INFO - Filling up the DagBag from /home/raf/pipeline-transform/.venv/lib/python3.9/site-packages/airflow/example_dags/example_nested_branch_dag.py
[2023-05-26 22:10:37,957] {processor.py:651} INFO - DAG(s) dict_keys(['example_nested_branch_dag']) retrieved from /home/raf/pipeline-transform/.venv/lib/python3.9/site-packages/airflow/example_dags/example_nested_branch_dag.py
[2023-05-26 22:10:37,970] {logging_mixin.py:115} INFO - [2023-05-26 22:10:37,970] {dag.py:2379} INFO - Sync 1 DAGs
[2023-05-26 22:10:37,986] {logging_mixin.py:115} INFO - [2023-05-26 22:10:37,985] {dag.py:2927} INFO - Setting next_dagrun for example_nested_branch_dag to 2023-05-26T00:00:00+00:00, run_after=2023-05-27T00:00:00+00:00
[2023-05-26 22:10:38,005] {processor.py:161} INFO - Processing /home/raf/pipeline-transform/.venv/lib/python3.9/site-packages/airflow/example_dags/example_nested_branch_dag.py took 0.081 seconds
[2023-05-26 22:11:11,632] {processor.py:153} INFO - Started process (PID=28005) to work on /home/raf/pipeline-transform/.venv/lib/python3.9/site-packages/airflow/example_dags/example_nested_branch_dag.py
[2023-05-26 22:11:11,654] {processor.py:641} INFO - Processing file /home/raf/pipeline-transform/.venv/lib/python3.9/site-packages/airflow/example_dags/example_nested_branch_dag.py for tasks to queue
[2023-05-26 22:11:11,655] {logging_mixin.py:115} INFO - [2023-05-26 22:11:11,655] {dagbag.py:507} INFO - Filling up the DagBag from /home/raf/pipeline-transform/.venv/lib/python3.9/site-packages/airflow/example_dags/example_nested_branch_dag.py
[2023-05-26 22:11:11,666] {processor.py:651} INFO - DAG(s) dict_keys(['example_nested_branch_dag']) retrieved from /home/raf/pipeline-transform/.venv/lib/python3.9/site-packages/airflow/example_dags/example_nested_branch_dag.py
[2023-05-26 22:11:11,680] {logging_mixin.py:115} INFO - [2023-05-26 22:11:11,680] {dag.py:2379} INFO - Sync 1 DAGs
[2023-05-26 22:11:11,695] {logging_mixin.py:115} INFO - [2023-05-26 22:11:11,695] {dag.py:2927} INFO - Setting next_dagrun for example_nested_branch_dag to 2023-05-26T00:00:00+00:00, run_after=2023-05-27T00:00:00+00:00
[2023-05-26 22:11:11,715] {processor.py:161} INFO - Processing /home/raf/pipeline-transform/.venv/lib/python3.9/site-packages/airflow/example_dags/example_nested_branch_dag.py took 0.086 seconds
[2023-05-26 22:11:48,956] {processor.py:153} INFO - Started process (PID=28108) to work on /home/raf/pipeline-transform/.venv/lib/python3.9/site-packages/airflow/example_dags/example_nested_branch_dag.py
[2023-05-26 22:11:49,126] {processor.py:641} INFO - Processing file /home/raf/pipeline-transform/.venv/lib/python3.9/site-packages/airflow/example_dags/example_nested_branch_dag.py for tasks to queue
[2023-05-26 22:11:49,127] {logging_mixin.py:115} INFO - [2023-05-26 22:11:49,127] {dagbag.py:507} INFO - Filling up the DagBag from /home/raf/pipeline-transform/.venv/lib/python3.9/site-packages/airflow/example_dags/example_nested_branch_dag.py
[2023-05-26 22:11:49,136] {processor.py:651} INFO - DAG(s) dict_keys(['example_nested_branch_dag']) retrieved from /home/raf/pipeline-transform/.venv/lib/python3.9/site-packages/airflow/example_dags/example_nested_branch_dag.py
[2023-05-26 22:11:49,160] {logging_mixin.py:115} INFO - [2023-05-26 22:11:49,160] {dag.py:2379} INFO - Sync 1 DAGs
[2023-05-26 22:11:49,176] {logging_mixin.py:115} INFO - [2023-05-26 22:11:49,176] {dag.py:2927} INFO - Setting next_dagrun for example_nested_branch_dag to 2023-05-26T00:00:00+00:00, run_after=2023-05-27T00:00:00+00:00
[2023-05-26 22:11:49,196] {processor.py:161} INFO - Processing /home/raf/pipeline-transform/.venv/lib/python3.9/site-packages/airflow/example_dags/example_nested_branch_dag.py took 0.243 seconds
[2023-05-26 22:12:24,184] {processor.py:153} INFO - Started process (PID=28305) to work on /home/raf/pipeline-transform/.venv/lib/python3.9/site-packages/airflow/example_dags/example_nested_branch_dag.py
[2023-05-26 22:12:24,189] {processor.py:641} INFO - Processing file /home/raf/pipeline-transform/.venv/lib/python3.9/site-packages/airflow/example_dags/example_nested_branch_dag.py for tasks to queue
[2023-05-26 22:12:24,190] {logging_mixin.py:115} INFO - [2023-05-26 22:12:24,190] {dagbag.py:507} INFO - Filling up the DagBag from /home/raf/pipeline-transform/.venv/lib/python3.9/site-packages/airflow/example_dags/example_nested_branch_dag.py
[2023-05-26 22:12:24,198] {processor.py:651} INFO - DAG(s) dict_keys(['example_nested_branch_dag']) retrieved from /home/raf/pipeline-transform/.venv/lib/python3.9/site-packages/airflow/example_dags/example_nested_branch_dag.py
[2023-05-26 22:12:24,214] {logging_mixin.py:115} INFO - [2023-05-26 22:12:24,214] {dag.py:2379} INFO - Sync 1 DAGs
[2023-05-26 22:12:24,231] {logging_mixin.py:115} INFO - [2023-05-26 22:12:24,231] {dag.py:2927} INFO - Setting next_dagrun for example_nested_branch_dag to 2023-05-26T00:00:00+00:00, run_after=2023-05-27T00:00:00+00:00
[2023-05-26 22:12:24,253] {processor.py:161} INFO - Processing /home/raf/pipeline-transform/.venv/lib/python3.9/site-packages/airflow/example_dags/example_nested_branch_dag.py took 0.071 seconds
[2023-05-26 22:13:02,652] {processor.py:153} INFO - Started process (PID=28448) to work on /home/raf/pipeline-transform/.venv/lib/python3.9/site-packages/airflow/example_dags/example_nested_branch_dag.py
[2023-05-26 22:13:02,659] {processor.py:641} INFO - Processing file /home/raf/pipeline-transform/.venv/lib/python3.9/site-packages/airflow/example_dags/example_nested_branch_dag.py for tasks to queue
[2023-05-26 22:13:02,660] {logging_mixin.py:115} INFO - [2023-05-26 22:13:02,660] {dagbag.py:507} INFO - Filling up the DagBag from /home/raf/pipeline-transform/.venv/lib/python3.9/site-packages/airflow/example_dags/example_nested_branch_dag.py
[2023-05-26 22:13:02,668] {processor.py:651} INFO - DAG(s) dict_keys(['example_nested_branch_dag']) retrieved from /home/raf/pipeline-transform/.venv/lib/python3.9/site-packages/airflow/example_dags/example_nested_branch_dag.py
[2023-05-26 22:13:02,681] {logging_mixin.py:115} INFO - [2023-05-26 22:13:02,681] {dag.py:2379} INFO - Sync 1 DAGs
[2023-05-26 22:13:02,698] {logging_mixin.py:115} INFO - [2023-05-26 22:13:02,698] {dag.py:2927} INFO - Setting next_dagrun for example_nested_branch_dag to 2023-05-26T00:00:00+00:00, run_after=2023-05-27T00:00:00+00:00
[2023-05-26 22:13:02,718] {processor.py:161} INFO - Processing /home/raf/pipeline-transform/.venv/lib/python3.9/site-packages/airflow/example_dags/example_nested_branch_dag.py took 0.069 seconds
[2023-05-26 22:13:37,894] {processor.py:153} INFO - Started process (PID=28587) to work on /home/raf/pipeline-transform/.venv/lib/python3.9/site-packages/airflow/example_dags/example_nested_branch_dag.py
[2023-05-26 22:13:37,913] {processor.py:641} INFO - Processing file /home/raf/pipeline-transform/.venv/lib/python3.9/site-packages/airflow/example_dags/example_nested_branch_dag.py for tasks to queue
[2023-05-26 22:13:37,914] {logging_mixin.py:115} INFO - [2023-05-26 22:13:37,914] {dagbag.py:507} INFO - Filling up the DagBag from /home/raf/pipeline-transform/.venv/lib/python3.9/site-packages/airflow/example_dags/example_nested_branch_dag.py
[2023-05-26 22:13:37,921] {processor.py:651} INFO - DAG(s) dict_keys(['example_nested_branch_dag']) retrieved from /home/raf/pipeline-transform/.venv/lib/python3.9/site-packages/airflow/example_dags/example_nested_branch_dag.py
[2023-05-26 22:13:37,935] {logging_mixin.py:115} INFO - [2023-05-26 22:13:37,935] {dag.py:2379} INFO - Sync 1 DAGs
[2023-05-26 22:13:37,951] {logging_mixin.py:115} INFO - [2023-05-26 22:13:37,951] {dag.py:2927} INFO - Setting next_dagrun for example_nested_branch_dag to 2023-05-26T00:00:00+00:00, run_after=2023-05-27T00:00:00+00:00
[2023-05-26 22:13:37,971] {processor.py:161} INFO - Processing /home/raf/pipeline-transform/.venv/lib/python3.9/site-packages/airflow/example_dags/example_nested_branch_dag.py took 0.079 seconds
[2023-05-26 22:14:14,892] {processor.py:153} INFO - Started process (PID=28681) to work on /home/raf/pipeline-transform/.venv/lib/python3.9/site-packages/airflow/example_dags/example_nested_branch_dag.py
[2023-05-26 22:14:14,911] {processor.py:641} INFO - Processing file /home/raf/pipeline-transform/.venv/lib/python3.9/site-packages/airflow/example_dags/example_nested_branch_dag.py for tasks to queue
[2023-05-26 22:14:14,912] {logging_mixin.py:115} INFO - [2023-05-26 22:14:14,912] {dagbag.py:507} INFO - Filling up the DagBag from /home/raf/pipeline-transform/.venv/lib/python3.9/site-packages/airflow/example_dags/example_nested_branch_dag.py
[2023-05-26 22:14:14,923] {processor.py:651} INFO - DAG(s) dict_keys(['example_nested_branch_dag']) retrieved from /home/raf/pipeline-transform/.venv/lib/python3.9/site-packages/airflow/example_dags/example_nested_branch_dag.py
[2023-05-26 22:14:14,938] {logging_mixin.py:115} INFO - [2023-05-26 22:14:14,938] {dag.py:2379} INFO - Sync 1 DAGs
[2023-05-26 22:14:14,957] {logging_mixin.py:115} INFO - [2023-05-26 22:14:14,957] {dag.py:2927} INFO - Setting next_dagrun for example_nested_branch_dag to 2023-05-26T00:00:00+00:00, run_after=2023-05-27T00:00:00+00:00
[2023-05-26 22:14:14,980] {processor.py:161} INFO - Processing /home/raf/pipeline-transform/.venv/lib/python3.9/site-packages/airflow/example_dags/example_nested_branch_dag.py took 0.092 seconds
[2023-05-26 22:14:47,975] {processor.py:153} INFO - Started process (PID=28764) to work on /home/raf/pipeline-transform/.venv/lib/python3.9/site-packages/airflow/example_dags/example_nested_branch_dag.py
[2023-05-26 22:14:47,995] {processor.py:641} INFO - Processing file /home/raf/pipeline-transform/.venv/lib/python3.9/site-packages/airflow/example_dags/example_nested_branch_dag.py for tasks to queue
[2023-05-26 22:14:47,996] {logging_mixin.py:115} INFO - [2023-05-26 22:14:47,996] {dagbag.py:507} INFO - Filling up the DagBag from /home/raf/pipeline-transform/.venv/lib/python3.9/site-packages/airflow/example_dags/example_nested_branch_dag.py
[2023-05-26 22:14:48,004] {processor.py:651} INFO - DAG(s) dict_keys(['example_nested_branch_dag']) retrieved from /home/raf/pipeline-transform/.venv/lib/python3.9/site-packages/airflow/example_dags/example_nested_branch_dag.py
[2023-05-26 22:14:48,018] {logging_mixin.py:115} INFO - [2023-05-26 22:14:48,018] {dag.py:2379} INFO - Sync 1 DAGs
[2023-05-26 22:14:48,040] {logging_mixin.py:115} INFO - [2023-05-26 22:14:48,039] {dag.py:2927} INFO - Setting next_dagrun for example_nested_branch_dag to 2023-05-26T00:00:00+00:00, run_after=2023-05-27T00:00:00+00:00
[2023-05-26 22:14:48,062] {processor.py:161} INFO - Processing /home/raf/pipeline-transform/.venv/lib/python3.9/site-packages/airflow/example_dags/example_nested_branch_dag.py took 0.090 seconds
[2023-05-26 22:15:21,482] {processor.py:153} INFO - Started process (PID=28845) to work on /home/raf/pipeline-transform/.venv/lib/python3.9/site-packages/airflow/example_dags/example_nested_branch_dag.py
[2023-05-26 22:15:21,506] {processor.py:641} INFO - Processing file /home/raf/pipeline-transform/.venv/lib/python3.9/site-packages/airflow/example_dags/example_nested_branch_dag.py for tasks to queue
[2023-05-26 22:15:21,507] {logging_mixin.py:115} INFO - [2023-05-26 22:15:21,506] {dagbag.py:507} INFO - Filling up the DagBag from /home/raf/pipeline-transform/.venv/lib/python3.9/site-packages/airflow/example_dags/example_nested_branch_dag.py
[2023-05-26 22:15:21,519] {processor.py:651} INFO - DAG(s) dict_keys(['example_nested_branch_dag']) retrieved from /home/raf/pipeline-transform/.venv/lib/python3.9/site-packages/airflow/example_dags/example_nested_branch_dag.py
[2023-05-26 22:15:21,537] {logging_mixin.py:115} INFO - [2023-05-26 22:15:21,537] {dag.py:2379} INFO - Sync 1 DAGs
[2023-05-26 22:15:21,552] {logging_mixin.py:115} INFO - [2023-05-26 22:15:21,552] {dag.py:2927} INFO - Setting next_dagrun for example_nested_branch_dag to 2023-05-26T00:00:00+00:00, run_after=2023-05-27T00:00:00+00:00
[2023-05-26 22:15:21,575] {processor.py:161} INFO - Processing /home/raf/pipeline-transform/.venv/lib/python3.9/site-packages/airflow/example_dags/example_nested_branch_dag.py took 0.097 seconds
[2023-05-26 22:15:57,338] {processor.py:153} INFO - Started process (PID=28935) to work on /home/raf/pipeline-transform/.venv/lib/python3.9/site-packages/airflow/example_dags/example_nested_branch_dag.py
[2023-05-26 22:15:57,362] {processor.py:641} INFO - Processing file /home/raf/pipeline-transform/.venv/lib/python3.9/site-packages/airflow/example_dags/example_nested_branch_dag.py for tasks to queue
[2023-05-26 22:15:57,362] {logging_mixin.py:115} INFO - [2023-05-26 22:15:57,362] {dagbag.py:507} INFO - Filling up the DagBag from /home/raf/pipeline-transform/.venv/lib/python3.9/site-packages/airflow/example_dags/example_nested_branch_dag.py
[2023-05-26 22:15:57,370] {processor.py:651} INFO - DAG(s) dict_keys(['example_nested_branch_dag']) retrieved from /home/raf/pipeline-transform/.venv/lib/python3.9/site-packages/airflow/example_dags/example_nested_branch_dag.py
[2023-05-26 22:15:57,383] {logging_mixin.py:115} INFO - [2023-05-26 22:15:57,383] {dag.py:2379} INFO - Sync 1 DAGs
[2023-05-26 22:15:57,399] {logging_mixin.py:115} INFO - [2023-05-26 22:15:57,398] {dag.py:2927} INFO - Setting next_dagrun for example_nested_branch_dag to 2023-05-26T00:00:00+00:00, run_after=2023-05-27T00:00:00+00:00
[2023-05-26 22:15:57,419] {processor.py:161} INFO - Processing /home/raf/pipeline-transform/.venv/lib/python3.9/site-packages/airflow/example_dags/example_nested_branch_dag.py took 0.083 seconds
[2023-05-26 22:16:32,603] {processor.py:153} INFO - Started process (PID=29022) to work on /home/raf/pipeline-transform/.venv/lib/python3.9/site-packages/airflow/example_dags/example_nested_branch_dag.py
[2023-05-26 22:16:32,627] {processor.py:641} INFO - Processing file /home/raf/pipeline-transform/.venv/lib/python3.9/site-packages/airflow/example_dags/example_nested_branch_dag.py for tasks to queue
[2023-05-26 22:16:32,628] {logging_mixin.py:115} INFO - [2023-05-26 22:16:32,628] {dagbag.py:507} INFO - Filling up the DagBag from /home/raf/pipeline-transform/.venv/lib/python3.9/site-packages/airflow/example_dags/example_nested_branch_dag.py
[2023-05-26 22:16:32,639] {processor.py:651} INFO - DAG(s) dict_keys(['example_nested_branch_dag']) retrieved from /home/raf/pipeline-transform/.venv/lib/python3.9/site-packages/airflow/example_dags/example_nested_branch_dag.py
[2023-05-26 22:16:32,654] {logging_mixin.py:115} INFO - [2023-05-26 22:16:32,654] {dag.py:2379} INFO - Sync 1 DAGs
[2023-05-26 22:16:32,672] {logging_mixin.py:115} INFO - [2023-05-26 22:16:32,672] {dag.py:2927} INFO - Setting next_dagrun for example_nested_branch_dag to 2023-05-26T00:00:00+00:00, run_after=2023-05-27T00:00:00+00:00
[2023-05-26 22:16:32,693] {processor.py:161} INFO - Processing /home/raf/pipeline-transform/.venv/lib/python3.9/site-packages/airflow/example_dags/example_nested_branch_dag.py took 0.093 seconds
[2023-05-26 22:17:10,083] {processor.py:153} INFO - Started process (PID=29114) to work on /home/raf/pipeline-transform/.venv/lib/python3.9/site-packages/airflow/example_dags/example_nested_branch_dag.py
[2023-05-26 22:17:10,087] {processor.py:641} INFO - Processing file /home/raf/pipeline-transform/.venv/lib/python3.9/site-packages/airflow/example_dags/example_nested_branch_dag.py for tasks to queue
[2023-05-26 22:17:10,087] {logging_mixin.py:115} INFO - [2023-05-26 22:17:10,087] {dagbag.py:507} INFO - Filling up the DagBag from /home/raf/pipeline-transform/.venv/lib/python3.9/site-packages/airflow/example_dags/example_nested_branch_dag.py
[2023-05-26 22:17:10,095] {processor.py:651} INFO - DAG(s) dict_keys(['example_nested_branch_dag']) retrieved from /home/raf/pipeline-transform/.venv/lib/python3.9/site-packages/airflow/example_dags/example_nested_branch_dag.py
[2023-05-26 22:17:10,108] {logging_mixin.py:115} INFO - [2023-05-26 22:17:10,108] {dag.py:2379} INFO - Sync 1 DAGs
[2023-05-26 22:17:10,124] {logging_mixin.py:115} INFO - [2023-05-26 22:17:10,124] {dag.py:2927} INFO - Setting next_dagrun for example_nested_branch_dag to 2023-05-26T00:00:00+00:00, run_after=2023-05-27T00:00:00+00:00
[2023-05-26 22:17:10,145] {processor.py:161} INFO - Processing /home/raf/pipeline-transform/.venv/lib/python3.9/site-packages/airflow/example_dags/example_nested_branch_dag.py took 0.065 seconds
[2023-05-26 22:17:46,452] {processor.py:153} INFO - Started process (PID=29204) to work on /home/raf/pipeline-transform/.venv/lib/python3.9/site-packages/airflow/example_dags/example_nested_branch_dag.py
[2023-05-26 22:17:46,453] {processor.py:641} INFO - Processing file /home/raf/pipeline-transform/.venv/lib/python3.9/site-packages/airflow/example_dags/example_nested_branch_dag.py for tasks to queue
[2023-05-26 22:17:46,454] {logging_mixin.py:115} INFO - [2023-05-26 22:17:46,454] {dagbag.py:507} INFO - Filling up the DagBag from /home/raf/pipeline-transform/.venv/lib/python3.9/site-packages/airflow/example_dags/example_nested_branch_dag.py
[2023-05-26 22:17:46,462] {processor.py:651} INFO - DAG(s) dict_keys(['example_nested_branch_dag']) retrieved from /home/raf/pipeline-transform/.venv/lib/python3.9/site-packages/airflow/example_dags/example_nested_branch_dag.py
[2023-05-26 22:17:46,476] {logging_mixin.py:115} INFO - [2023-05-26 22:17:46,476] {dag.py:2379} INFO - Sync 1 DAGs
[2023-05-26 22:17:46,492] {logging_mixin.py:115} INFO - [2023-05-26 22:17:46,492] {dag.py:2927} INFO - Setting next_dagrun for example_nested_branch_dag to 2023-05-26T00:00:00+00:00, run_after=2023-05-27T00:00:00+00:00
[2023-05-26 22:17:46,512] {processor.py:161} INFO - Processing /home/raf/pipeline-transform/.venv/lib/python3.9/site-packages/airflow/example_dags/example_nested_branch_dag.py took 0.062 seconds
[2023-05-26 22:18:22,585] {processor.py:153} INFO - Started process (PID=29342) to work on /home/raf/pipeline-transform/.venv/lib/python3.9/site-packages/airflow/example_dags/example_nested_branch_dag.py
[2023-05-26 22:18:22,593] {processor.py:641} INFO - Processing file /home/raf/pipeline-transform/.venv/lib/python3.9/site-packages/airflow/example_dags/example_nested_branch_dag.py for tasks to queue
[2023-05-26 22:18:22,593] {logging_mixin.py:115} INFO - [2023-05-26 22:18:22,593] {dagbag.py:507} INFO - Filling up the DagBag from /home/raf/pipeline-transform/.venv/lib/python3.9/site-packages/airflow/example_dags/example_nested_branch_dag.py
[2023-05-26 22:18:22,601] {processor.py:651} INFO - DAG(s) dict_keys(['example_nested_branch_dag']) retrieved from /home/raf/pipeline-transform/.venv/lib/python3.9/site-packages/airflow/example_dags/example_nested_branch_dag.py
[2023-05-26 22:18:22,613] {logging_mixin.py:115} INFO - [2023-05-26 22:18:22,613] {dag.py:2379} INFO - Sync 1 DAGs
[2023-05-26 22:18:22,631] {logging_mixin.py:115} INFO - [2023-05-26 22:18:22,630] {dag.py:2927} INFO - Setting next_dagrun for example_nested_branch_dag to 2023-05-26T00:00:00+00:00, run_after=2023-05-27T00:00:00+00:00
[2023-05-26 22:18:22,649] {processor.py:161} INFO - Processing /home/raf/pipeline-transform/.venv/lib/python3.9/site-packages/airflow/example_dags/example_nested_branch_dag.py took 0.067 seconds
[2023-05-26 22:18:58,733] {processor.py:153} INFO - Started process (PID=29444) to work on /home/raf/pipeline-transform/.venv/lib/python3.9/site-packages/airflow/example_dags/example_nested_branch_dag.py
[2023-05-26 22:18:58,737] {processor.py:641} INFO - Processing file /home/raf/pipeline-transform/.venv/lib/python3.9/site-packages/airflow/example_dags/example_nested_branch_dag.py for tasks to queue
[2023-05-26 22:18:58,738] {logging_mixin.py:115} INFO - [2023-05-26 22:18:58,738] {dagbag.py:507} INFO - Filling up the DagBag from /home/raf/pipeline-transform/.venv/lib/python3.9/site-packages/airflow/example_dags/example_nested_branch_dag.py
[2023-05-26 22:18:58,746] {processor.py:651} INFO - DAG(s) dict_keys(['example_nested_branch_dag']) retrieved from /home/raf/pipeline-transform/.venv/lib/python3.9/site-packages/airflow/example_dags/example_nested_branch_dag.py
[2023-05-26 22:18:58,760] {logging_mixin.py:115} INFO - [2023-05-26 22:18:58,759] {dag.py:2379} INFO - Sync 1 DAGs
[2023-05-26 22:18:58,777] {logging_mixin.py:115} INFO - [2023-05-26 22:18:58,777] {dag.py:2927} INFO - Setting next_dagrun for example_nested_branch_dag to 2023-05-26T00:00:00+00:00, run_after=2023-05-27T00:00:00+00:00
[2023-05-26 22:18:58,795] {processor.py:161} INFO - Processing /home/raf/pipeline-transform/.venv/lib/python3.9/site-packages/airflow/example_dags/example_nested_branch_dag.py took 0.064 seconds
[2023-05-26 22:19:32,658] {processor.py:153} INFO - Started process (PID=29681) to work on /home/raf/pipeline-transform/.venv/lib/python3.9/site-packages/airflow/example_dags/example_nested_branch_dag.py
[2023-05-26 22:19:32,659] {processor.py:641} INFO - Processing file /home/raf/pipeline-transform/.venv/lib/python3.9/site-packages/airflow/example_dags/example_nested_branch_dag.py for tasks to queue
[2023-05-26 22:19:32,659] {logging_mixin.py:115} INFO - [2023-05-26 22:19:32,659] {dagbag.py:507} INFO - Filling up the DagBag from /home/raf/pipeline-transform/.venv/lib/python3.9/site-packages/airflow/example_dags/example_nested_branch_dag.py
[2023-05-26 22:19:32,667] {processor.py:651} INFO - DAG(s) dict_keys(['example_nested_branch_dag']) retrieved from /home/raf/pipeline-transform/.venv/lib/python3.9/site-packages/airflow/example_dags/example_nested_branch_dag.py
[2023-05-26 22:19:32,680] {logging_mixin.py:115} INFO - [2023-05-26 22:19:32,680] {dag.py:2379} INFO - Sync 1 DAGs
[2023-05-26 22:19:32,705] {logging_mixin.py:115} INFO - [2023-05-26 22:19:32,705] {dag.py:2927} INFO - Setting next_dagrun for example_nested_branch_dag to 2023-05-26T00:00:00+00:00, run_after=2023-05-27T00:00:00+00:00
[2023-05-26 22:19:32,759] {processor.py:161} INFO - Processing /home/raf/pipeline-transform/.venv/lib/python3.9/site-packages/airflow/example_dags/example_nested_branch_dag.py took 0.103 seconds
[2023-05-26 22:20:38,633] {processor.py:153} INFO - Started process (PID=30243) to work on /home/raf/pipeline-transform/.venv/lib/python3.9/site-packages/airflow/example_dags/example_nested_branch_dag.py
[2023-05-26 22:20:38,644] {processor.py:641} INFO - Processing file /home/raf/pipeline-transform/.venv/lib/python3.9/site-packages/airflow/example_dags/example_nested_branch_dag.py for tasks to queue
[2023-05-26 22:20:38,645] {logging_mixin.py:115} INFO - [2023-05-26 22:20:38,645] {dagbag.py:507} INFO - Filling up the DagBag from /home/raf/pipeline-transform/.venv/lib/python3.9/site-packages/airflow/example_dags/example_nested_branch_dag.py
[2023-05-26 22:20:38,653] {processor.py:651} INFO - DAG(s) dict_keys(['example_nested_branch_dag']) retrieved from /home/raf/pipeline-transform/.venv/lib/python3.9/site-packages/airflow/example_dags/example_nested_branch_dag.py
[2023-05-26 22:20:38,670] {logging_mixin.py:115} INFO - [2023-05-26 22:20:38,670] {dag.py:2379} INFO - Sync 1 DAGs
[2023-05-26 22:20:38,686] {logging_mixin.py:115} INFO - [2023-05-26 22:20:38,686] {dag.py:2927} INFO - Setting next_dagrun for example_nested_branch_dag to 2023-05-26T00:00:00+00:00, run_after=2023-05-27T00:00:00+00:00
[2023-05-26 22:20:38,703] {processor.py:161} INFO - Processing /home/raf/pipeline-transform/.venv/lib/python3.9/site-packages/airflow/example_dags/example_nested_branch_dag.py took 0.072 seconds
[2023-05-26 22:21:13,817] {processor.py:153} INFO - Started process (PID=30461) to work on /home/raf/pipeline-transform/.venv/lib/python3.9/site-packages/airflow/example_dags/example_nested_branch_dag.py
[2023-05-26 22:21:13,824] {processor.py:641} INFO - Processing file /home/raf/pipeline-transform/.venv/lib/python3.9/site-packages/airflow/example_dags/example_nested_branch_dag.py for tasks to queue
[2023-05-26 22:21:13,824] {logging_mixin.py:115} INFO - [2023-05-26 22:21:13,824] {dagbag.py:507} INFO - Filling up the DagBag from /home/raf/pipeline-transform/.venv/lib/python3.9/site-packages/airflow/example_dags/example_nested_branch_dag.py
[2023-05-26 22:21:13,838] {processor.py:651} INFO - DAG(s) dict_keys(['example_nested_branch_dag']) retrieved from /home/raf/pipeline-transform/.venv/lib/python3.9/site-packages/airflow/example_dags/example_nested_branch_dag.py
[2023-05-26 22:21:13,879] {logging_mixin.py:115} INFO - [2023-05-26 22:21:13,878] {dag.py:2379} INFO - Sync 1 DAGs
[2023-05-26 22:21:13,916] {logging_mixin.py:115} INFO - [2023-05-26 22:21:13,916] {dag.py:2927} INFO - Setting next_dagrun for example_nested_branch_dag to 2023-05-26T00:00:00+00:00, run_after=2023-05-27T00:00:00+00:00
[2023-05-26 22:21:13,972] {processor.py:161} INFO - Processing /home/raf/pipeline-transform/.venv/lib/python3.9/site-packages/airflow/example_dags/example_nested_branch_dag.py took 0.160 seconds
[2023-05-26 22:21:49,166] {processor.py:153} INFO - Started process (PID=30685) to work on /home/raf/pipeline-transform/.venv/lib/python3.9/site-packages/airflow/example_dags/example_nested_branch_dag.py
[2023-05-26 22:21:49,180] {processor.py:641} INFO - Processing file /home/raf/pipeline-transform/.venv/lib/python3.9/site-packages/airflow/example_dags/example_nested_branch_dag.py for tasks to queue
[2023-05-26 22:21:49,181] {logging_mixin.py:115} INFO - [2023-05-26 22:21:49,181] {dagbag.py:507} INFO - Filling up the DagBag from /home/raf/pipeline-transform/.venv/lib/python3.9/site-packages/airflow/example_dags/example_nested_branch_dag.py
[2023-05-26 22:21:49,190] {processor.py:651} INFO - DAG(s) dict_keys(['example_nested_branch_dag']) retrieved from /home/raf/pipeline-transform/.venv/lib/python3.9/site-packages/airflow/example_dags/example_nested_branch_dag.py
[2023-05-26 22:21:49,208] {logging_mixin.py:115} INFO - [2023-05-26 22:21:49,208] {dag.py:2379} INFO - Sync 1 DAGs
[2023-05-26 22:21:49,229] {logging_mixin.py:115} INFO - [2023-05-26 22:21:49,228] {dag.py:2927} INFO - Setting next_dagrun for example_nested_branch_dag to 2023-05-26T00:00:00+00:00, run_after=2023-05-27T00:00:00+00:00
[2023-05-26 22:21:49,249] {processor.py:161} INFO - Processing /home/raf/pipeline-transform/.venv/lib/python3.9/site-packages/airflow/example_dags/example_nested_branch_dag.py took 0.087 seconds
[2023-05-26 22:22:27,148] {processor.py:153} INFO - Started process (PID=31038) to work on /home/raf/pipeline-transform/.venv/lib/python3.9/site-packages/airflow/example_dags/example_nested_branch_dag.py
[2023-05-26 22:22:27,167] {processor.py:641} INFO - Processing file /home/raf/pipeline-transform/.venv/lib/python3.9/site-packages/airflow/example_dags/example_nested_branch_dag.py for tasks to queue
[2023-05-26 22:22:27,168] {logging_mixin.py:115} INFO - [2023-05-26 22:22:27,167] {dagbag.py:507} INFO - Filling up the DagBag from /home/raf/pipeline-transform/.venv/lib/python3.9/site-packages/airflow/example_dags/example_nested_branch_dag.py
[2023-05-26 22:22:27,177] {processor.py:651} INFO - DAG(s) dict_keys(['example_nested_branch_dag']) retrieved from /home/raf/pipeline-transform/.venv/lib/python3.9/site-packages/airflow/example_dags/example_nested_branch_dag.py
[2023-05-26 22:22:27,192] {logging_mixin.py:115} INFO - [2023-05-26 22:22:27,192] {dag.py:2379} INFO - Sync 1 DAGs
[2023-05-26 22:22:27,211] {logging_mixin.py:115} INFO - [2023-05-26 22:22:27,211] {dag.py:2927} INFO - Setting next_dagrun for example_nested_branch_dag to 2023-05-26T00:00:00+00:00, run_after=2023-05-27T00:00:00+00:00
[2023-05-26 22:22:27,231] {processor.py:161} INFO - Processing /home/raf/pipeline-transform/.venv/lib/python3.9/site-packages/airflow/example_dags/example_nested_branch_dag.py took 0.085 seconds
[2023-05-26 22:23:01,707] {processor.py:153} INFO - Started process (PID=31126) to work on /home/raf/pipeline-transform/.venv/lib/python3.9/site-packages/airflow/example_dags/example_nested_branch_dag.py
[2023-05-26 22:23:01,726] {processor.py:641} INFO - Processing file /home/raf/pipeline-transform/.venv/lib/python3.9/site-packages/airflow/example_dags/example_nested_branch_dag.py for tasks to queue
[2023-05-26 22:23:01,727] {logging_mixin.py:115} INFO - [2023-05-26 22:23:01,727] {dagbag.py:507} INFO - Filling up the DagBag from /home/raf/pipeline-transform/.venv/lib/python3.9/site-packages/airflow/example_dags/example_nested_branch_dag.py
[2023-05-26 22:23:01,736] {processor.py:651} INFO - DAG(s) dict_keys(['example_nested_branch_dag']) retrieved from /home/raf/pipeline-transform/.venv/lib/python3.9/site-packages/airflow/example_dags/example_nested_branch_dag.py
[2023-05-26 22:23:01,752] {logging_mixin.py:115} INFO - [2023-05-26 22:23:01,752] {dag.py:2379} INFO - Sync 1 DAGs
[2023-05-26 22:23:01,771] {logging_mixin.py:115} INFO - [2023-05-26 22:23:01,771] {dag.py:2927} INFO - Setting next_dagrun for example_nested_branch_dag to 2023-05-26T00:00:00+00:00, run_after=2023-05-27T00:00:00+00:00
[2023-05-26 22:23:01,791] {processor.py:161} INFO - Processing /home/raf/pipeline-transform/.venv/lib/python3.9/site-packages/airflow/example_dags/example_nested_branch_dag.py took 0.086 seconds
[2023-05-26 22:23:36,598] {processor.py:153} INFO - Started process (PID=31216) to work on /home/raf/pipeline-transform/.venv/lib/python3.9/site-packages/airflow/example_dags/example_nested_branch_dag.py
[2023-05-26 22:23:36,620] {processor.py:641} INFO - Processing file /home/raf/pipeline-transform/.venv/lib/python3.9/site-packages/airflow/example_dags/example_nested_branch_dag.py for tasks to queue
[2023-05-26 22:23:36,620] {logging_mixin.py:115} INFO - [2023-05-26 22:23:36,620] {dagbag.py:507} INFO - Filling up the DagBag from /home/raf/pipeline-transform/.venv/lib/python3.9/site-packages/airflow/example_dags/example_nested_branch_dag.py
[2023-05-26 22:23:36,628] {processor.py:651} INFO - DAG(s) dict_keys(['example_nested_branch_dag']) retrieved from /home/raf/pipeline-transform/.venv/lib/python3.9/site-packages/airflow/example_dags/example_nested_branch_dag.py
[2023-05-26 22:23:36,642] {logging_mixin.py:115} INFO - [2023-05-26 22:23:36,642] {dag.py:2379} INFO - Sync 1 DAGs
[2023-05-26 22:23:36,657] {logging_mixin.py:115} INFO - [2023-05-26 22:23:36,657] {dag.py:2927} INFO - Setting next_dagrun for example_nested_branch_dag to 2023-05-26T00:00:00+00:00, run_after=2023-05-27T00:00:00+00:00
[2023-05-26 22:23:36,677] {processor.py:161} INFO - Processing /home/raf/pipeline-transform/.venv/lib/python3.9/site-packages/airflow/example_dags/example_nested_branch_dag.py took 0.081 seconds
[2023-05-26 22:24:11,431] {processor.py:153} INFO - Started process (PID=31302) to work on /home/raf/pipeline-transform/.venv/lib/python3.9/site-packages/airflow/example_dags/example_nested_branch_dag.py
[2023-05-26 22:24:11,454] {processor.py:641} INFO - Processing file /home/raf/pipeline-transform/.venv/lib/python3.9/site-packages/airflow/example_dags/example_nested_branch_dag.py for tasks to queue
[2023-05-26 22:24:11,455] {logging_mixin.py:115} INFO - [2023-05-26 22:24:11,455] {dagbag.py:507} INFO - Filling up the DagBag from /home/raf/pipeline-transform/.venv/lib/python3.9/site-packages/airflow/example_dags/example_nested_branch_dag.py
[2023-05-26 22:24:11,463] {processor.py:651} INFO - DAG(s) dict_keys(['example_nested_branch_dag']) retrieved from /home/raf/pipeline-transform/.venv/lib/python3.9/site-packages/airflow/example_dags/example_nested_branch_dag.py
[2023-05-26 22:24:11,478] {logging_mixin.py:115} INFO - [2023-05-26 22:24:11,478] {dag.py:2379} INFO - Sync 1 DAGs
[2023-05-26 22:24:11,496] {logging_mixin.py:115} INFO - [2023-05-26 22:24:11,496] {dag.py:2927} INFO - Setting next_dagrun for example_nested_branch_dag to 2023-05-26T00:00:00+00:00, run_after=2023-05-27T00:00:00+00:00
[2023-05-26 22:24:11,516] {processor.py:161} INFO - Processing /home/raf/pipeline-transform/.venv/lib/python3.9/site-packages/airflow/example_dags/example_nested_branch_dag.py took 0.088 seconds
[2023-05-26 22:24:46,960] {processor.py:153} INFO - Started process (PID=31392) to work on /home/raf/pipeline-transform/.venv/lib/python3.9/site-packages/airflow/example_dags/example_nested_branch_dag.py
[2023-05-26 22:24:46,985] {processor.py:641} INFO - Processing file /home/raf/pipeline-transform/.venv/lib/python3.9/site-packages/airflow/example_dags/example_nested_branch_dag.py for tasks to queue
[2023-05-26 22:24:46,986] {logging_mixin.py:115} INFO - [2023-05-26 22:24:46,986] {dagbag.py:507} INFO - Filling up the DagBag from /home/raf/pipeline-transform/.venv/lib/python3.9/site-packages/airflow/example_dags/example_nested_branch_dag.py
[2023-05-26 22:24:46,995] {processor.py:651} INFO - DAG(s) dict_keys(['example_nested_branch_dag']) retrieved from /home/raf/pipeline-transform/.venv/lib/python3.9/site-packages/airflow/example_dags/example_nested_branch_dag.py
[2023-05-26 22:24:47,012] {logging_mixin.py:115} INFO - [2023-05-26 22:24:47,012] {dag.py:2379} INFO - Sync 1 DAGs
[2023-05-26 22:24:47,043] {logging_mixin.py:115} INFO - [2023-05-26 22:24:47,042] {dag.py:2927} INFO - Setting next_dagrun for example_nested_branch_dag to 2023-05-26T00:00:00+00:00, run_after=2023-05-27T00:00:00+00:00
[2023-05-26 22:24:47,072] {processor.py:161} INFO - Processing /home/raf/pipeline-transform/.venv/lib/python3.9/site-packages/airflow/example_dags/example_nested_branch_dag.py took 0.116 seconds
[2023-05-26 22:25:21,799] {processor.py:153} INFO - Started process (PID=31559) to work on /home/raf/pipeline-transform/.venv/lib/python3.9/site-packages/airflow/example_dags/example_nested_branch_dag.py
[2023-05-26 22:25:21,801] {processor.py:641} INFO - Processing file /home/raf/pipeline-transform/.venv/lib/python3.9/site-packages/airflow/example_dags/example_nested_branch_dag.py for tasks to queue
[2023-05-26 22:25:21,802] {logging_mixin.py:115} INFO - [2023-05-26 22:25:21,801] {dagbag.py:507} INFO - Filling up the DagBag from /home/raf/pipeline-transform/.venv/lib/python3.9/site-packages/airflow/example_dags/example_nested_branch_dag.py
[2023-05-26 22:25:21,810] {processor.py:651} INFO - DAG(s) dict_keys(['example_nested_branch_dag']) retrieved from /home/raf/pipeline-transform/.venv/lib/python3.9/site-packages/airflow/example_dags/example_nested_branch_dag.py
[2023-05-26 22:25:21,823] {logging_mixin.py:115} INFO - [2023-05-26 22:25:21,823] {dag.py:2379} INFO - Sync 1 DAGs
[2023-05-26 22:25:21,842] {logging_mixin.py:115} INFO - [2023-05-26 22:25:21,842] {dag.py:2927} INFO - Setting next_dagrun for example_nested_branch_dag to 2023-05-26T00:00:00+00:00, run_after=2023-05-27T00:00:00+00:00
[2023-05-26 22:25:21,866] {processor.py:161} INFO - Processing /home/raf/pipeline-transform/.venv/lib/python3.9/site-packages/airflow/example_dags/example_nested_branch_dag.py took 0.069 seconds
[2023-05-26 22:26:03,408] {processor.py:153} INFO - Started process (PID=31834) to work on /home/raf/pipeline-transform/.venv/lib/python3.9/site-packages/airflow/example_dags/example_nested_branch_dag.py
[2023-05-26 22:26:03,414] {processor.py:641} INFO - Processing file /home/raf/pipeline-transform/.venv/lib/python3.9/site-packages/airflow/example_dags/example_nested_branch_dag.py for tasks to queue
[2023-05-26 22:26:03,415] {logging_mixin.py:115} INFO - [2023-05-26 22:26:03,415] {dagbag.py:507} INFO - Filling up the DagBag from /home/raf/pipeline-transform/.venv/lib/python3.9/site-packages/airflow/example_dags/example_nested_branch_dag.py
[2023-05-26 22:26:03,423] {processor.py:651} INFO - DAG(s) dict_keys(['example_nested_branch_dag']) retrieved from /home/raf/pipeline-transform/.venv/lib/python3.9/site-packages/airflow/example_dags/example_nested_branch_dag.py
[2023-05-26 22:26:03,439] {logging_mixin.py:115} INFO - [2023-05-26 22:26:03,439] {dag.py:2379} INFO - Sync 1 DAGs
[2023-05-26 22:26:03,456] {logging_mixin.py:115} INFO - [2023-05-26 22:26:03,456] {dag.py:2927} INFO - Setting next_dagrun for example_nested_branch_dag to 2023-05-26T00:00:00+00:00, run_after=2023-05-27T00:00:00+00:00
[2023-05-26 22:26:03,481] {processor.py:161} INFO - Processing /home/raf/pipeline-transform/.venv/lib/python3.9/site-packages/airflow/example_dags/example_nested_branch_dag.py took 0.076 seconds
[2023-05-26 22:26:42,637] {processor.py:153} INFO - Started process (PID=31952) to work on /home/raf/pipeline-transform/.venv/lib/python3.9/site-packages/airflow/example_dags/example_nested_branch_dag.py
[2023-05-26 22:26:42,654] {processor.py:641} INFO - Processing file /home/raf/pipeline-transform/.venv/lib/python3.9/site-packages/airflow/example_dags/example_nested_branch_dag.py for tasks to queue
[2023-05-26 22:26:42,654] {logging_mixin.py:115} INFO - [2023-05-26 22:26:42,654] {dagbag.py:507} INFO - Filling up the DagBag from /home/raf/pipeline-transform/.venv/lib/python3.9/site-packages/airflow/example_dags/example_nested_branch_dag.py
[2023-05-26 22:26:42,664] {processor.py:651} INFO - DAG(s) dict_keys(['example_nested_branch_dag']) retrieved from /home/raf/pipeline-transform/.venv/lib/python3.9/site-packages/airflow/example_dags/example_nested_branch_dag.py
[2023-05-26 22:26:42,680] {logging_mixin.py:115} INFO - [2023-05-26 22:26:42,680] {dag.py:2379} INFO - Sync 1 DAGs
[2023-05-26 22:26:42,697] {logging_mixin.py:115} INFO - [2023-05-26 22:26:42,697] {dag.py:2927} INFO - Setting next_dagrun for example_nested_branch_dag to 2023-05-26T00:00:00+00:00, run_after=2023-05-27T00:00:00+00:00
[2023-05-26 22:26:42,719] {processor.py:161} INFO - Processing /home/raf/pipeline-transform/.venv/lib/python3.9/site-packages/airflow/example_dags/example_nested_branch_dag.py took 0.084 seconds
[2023-05-26 22:27:21,155] {processor.py:153} INFO - Started process (PID=32085) to work on /home/raf/pipeline-transform/.venv/lib/python3.9/site-packages/airflow/example_dags/example_nested_branch_dag.py
[2023-05-26 22:27:21,173] {processor.py:641} INFO - Processing file /home/raf/pipeline-transform/.venv/lib/python3.9/site-packages/airflow/example_dags/example_nested_branch_dag.py for tasks to queue
[2023-05-26 22:27:21,174] {logging_mixin.py:115} INFO - [2023-05-26 22:27:21,174] {dagbag.py:507} INFO - Filling up the DagBag from /home/raf/pipeline-transform/.venv/lib/python3.9/site-packages/airflow/example_dags/example_nested_branch_dag.py
[2023-05-26 22:27:21,182] {processor.py:651} INFO - DAG(s) dict_keys(['example_nested_branch_dag']) retrieved from /home/raf/pipeline-transform/.venv/lib/python3.9/site-packages/airflow/example_dags/example_nested_branch_dag.py
[2023-05-26 22:27:21,196] {logging_mixin.py:115} INFO - [2023-05-26 22:27:21,196] {dag.py:2379} INFO - Sync 1 DAGs
[2023-05-26 22:27:21,212] {logging_mixin.py:115} INFO - [2023-05-26 22:27:21,212] {dag.py:2927} INFO - Setting next_dagrun for example_nested_branch_dag to 2023-05-26T00:00:00+00:00, run_after=2023-05-27T00:00:00+00:00
[2023-05-26 22:27:21,233] {processor.py:161} INFO - Processing /home/raf/pipeline-transform/.venv/lib/python3.9/site-packages/airflow/example_dags/example_nested_branch_dag.py took 0.081 seconds
[2023-05-26 22:27:58,625] {processor.py:153} INFO - Started process (PID=32216) to work on /home/raf/pipeline-transform/.venv/lib/python3.9/site-packages/airflow/example_dags/example_nested_branch_dag.py
[2023-05-26 22:27:58,646] {processor.py:641} INFO - Processing file /home/raf/pipeline-transform/.venv/lib/python3.9/site-packages/airflow/example_dags/example_nested_branch_dag.py for tasks to queue
[2023-05-26 22:27:58,647] {logging_mixin.py:115} INFO - [2023-05-26 22:27:58,646] {dagbag.py:507} INFO - Filling up the DagBag from /home/raf/pipeline-transform/.venv/lib/python3.9/site-packages/airflow/example_dags/example_nested_branch_dag.py
[2023-05-26 22:27:58,655] {processor.py:651} INFO - DAG(s) dict_keys(['example_nested_branch_dag']) retrieved from /home/raf/pipeline-transform/.venv/lib/python3.9/site-packages/airflow/example_dags/example_nested_branch_dag.py
[2023-05-26 22:27:58,671] {logging_mixin.py:115} INFO - [2023-05-26 22:27:58,670] {dag.py:2379} INFO - Sync 1 DAGs
[2023-05-26 22:27:58,687] {logging_mixin.py:115} INFO - [2023-05-26 22:27:58,687] {dag.py:2927} INFO - Setting next_dagrun for example_nested_branch_dag to 2023-05-26T00:00:00+00:00, run_after=2023-05-27T00:00:00+00:00
[2023-05-26 22:27:58,708] {processor.py:161} INFO - Processing /home/raf/pipeline-transform/.venv/lib/python3.9/site-packages/airflow/example_dags/example_nested_branch_dag.py took 0.086 seconds
[2023-05-26 22:28:38,876] {processor.py:153} INFO - Started process (PID=32321) to work on /home/raf/pipeline-transform/.venv/lib/python3.9/site-packages/airflow/example_dags/example_nested_branch_dag.py
[2023-05-26 22:28:38,877] {processor.py:641} INFO - Processing file /home/raf/pipeline-transform/.venv/lib/python3.9/site-packages/airflow/example_dags/example_nested_branch_dag.py for tasks to queue
[2023-05-26 22:28:38,877] {logging_mixin.py:115} INFO - [2023-05-26 22:28:38,877] {dagbag.py:507} INFO - Filling up the DagBag from /home/raf/pipeline-transform/.venv/lib/python3.9/site-packages/airflow/example_dags/example_nested_branch_dag.py
[2023-05-26 22:28:38,890] {processor.py:651} INFO - DAG(s) dict_keys(['example_nested_branch_dag']) retrieved from /home/raf/pipeline-transform/.venv/lib/python3.9/site-packages/airflow/example_dags/example_nested_branch_dag.py
[2023-05-26 22:28:38,918] {logging_mixin.py:115} INFO - [2023-05-26 22:28:38,917] {dag.py:2379} INFO - Sync 1 DAGs
[2023-05-26 22:28:38,986] {logging_mixin.py:115} INFO - [2023-05-26 22:28:38,986] {dag.py:2927} INFO - Setting next_dagrun for example_nested_branch_dag to 2023-05-26T00:00:00+00:00, run_after=2023-05-27T00:00:00+00:00
[2023-05-26 22:28:39,068] {processor.py:161} INFO - Processing /home/raf/pipeline-transform/.venv/lib/python3.9/site-packages/airflow/example_dags/example_nested_branch_dag.py took 0.195 seconds
[2023-05-26 22:29:14,942] {processor.py:153} INFO - Started process (PID=32413) to work on /home/raf/pipeline-transform/.venv/lib/python3.9/site-packages/airflow/example_dags/example_nested_branch_dag.py
[2023-05-26 22:29:14,947] {processor.py:641} INFO - Processing file /home/raf/pipeline-transform/.venv/lib/python3.9/site-packages/airflow/example_dags/example_nested_branch_dag.py for tasks to queue
[2023-05-26 22:29:14,948] {logging_mixin.py:115} INFO - [2023-05-26 22:29:14,947] {dagbag.py:507} INFO - Filling up the DagBag from /home/raf/pipeline-transform/.venv/lib/python3.9/site-packages/airflow/example_dags/example_nested_branch_dag.py
[2023-05-26 22:29:14,968] {processor.py:651} INFO - DAG(s) dict_keys(['example_nested_branch_dag']) retrieved from /home/raf/pipeline-transform/.venv/lib/python3.9/site-packages/airflow/example_dags/example_nested_branch_dag.py
[2023-05-26 22:29:15,000] {logging_mixin.py:115} INFO - [2023-05-26 22:29:15,000] {dag.py:2379} INFO - Sync 1 DAGs
[2023-05-26 22:29:15,058] {logging_mixin.py:115} INFO - [2023-05-26 22:29:15,057] {dag.py:2927} INFO - Setting next_dagrun for example_nested_branch_dag to 2023-05-26T00:00:00+00:00, run_after=2023-05-27T00:00:00+00:00
[2023-05-26 22:29:15,133] {processor.py:161} INFO - Processing /home/raf/pipeline-transform/.venv/lib/python3.9/site-packages/airflow/example_dags/example_nested_branch_dag.py took 0.203 seconds
[2023-05-26 22:29:55,141] {processor.py:153} INFO - Started process (PID=32512) to work on /home/raf/pipeline-transform/.venv/lib/python3.9/site-packages/airflow/example_dags/example_nested_branch_dag.py
[2023-05-26 22:29:55,165] {processor.py:641} INFO - Processing file /home/raf/pipeline-transform/.venv/lib/python3.9/site-packages/airflow/example_dags/example_nested_branch_dag.py for tasks to queue
[2023-05-26 22:29:55,165] {logging_mixin.py:115} INFO - [2023-05-26 22:29:55,165] {dagbag.py:507} INFO - Filling up the DagBag from /home/raf/pipeline-transform/.venv/lib/python3.9/site-packages/airflow/example_dags/example_nested_branch_dag.py
[2023-05-26 22:29:55,175] {processor.py:651} INFO - DAG(s) dict_keys(['example_nested_branch_dag']) retrieved from /home/raf/pipeline-transform/.venv/lib/python3.9/site-packages/airflow/example_dags/example_nested_branch_dag.py
[2023-05-26 22:29:55,191] {logging_mixin.py:115} INFO - [2023-05-26 22:29:55,190] {dag.py:2379} INFO - Sync 1 DAGs
[2023-05-26 22:29:55,210] {logging_mixin.py:115} INFO - [2023-05-26 22:29:55,210] {dag.py:2927} INFO - Setting next_dagrun for example_nested_branch_dag to 2023-05-26T00:00:00+00:00, run_after=2023-05-27T00:00:00+00:00
[2023-05-26 22:29:55,233] {processor.py:161} INFO - Processing /home/raf/pipeline-transform/.venv/lib/python3.9/site-packages/airflow/example_dags/example_nested_branch_dag.py took 0.096 seconds
[2023-05-26 22:30:30,344] {processor.py:153} INFO - Started process (PID=32724) to work on /home/raf/pipeline-transform/.venv/lib/python3.9/site-packages/airflow/example_dags/example_nested_branch_dag.py
[2023-05-26 22:30:30,370] {processor.py:641} INFO - Processing file /home/raf/pipeline-transform/.venv/lib/python3.9/site-packages/airflow/example_dags/example_nested_branch_dag.py for tasks to queue
[2023-05-26 22:30:30,370] {logging_mixin.py:115} INFO - [2023-05-26 22:30:30,370] {dagbag.py:507} INFO - Filling up the DagBag from /home/raf/pipeline-transform/.venv/lib/python3.9/site-packages/airflow/example_dags/example_nested_branch_dag.py
[2023-05-26 22:30:30,378] {processor.py:651} INFO - DAG(s) dict_keys(['example_nested_branch_dag']) retrieved from /home/raf/pipeline-transform/.venv/lib/python3.9/site-packages/airflow/example_dags/example_nested_branch_dag.py
[2023-05-26 22:30:30,392] {logging_mixin.py:115} INFO - [2023-05-26 22:30:30,392] {dag.py:2379} INFO - Sync 1 DAGs
[2023-05-26 22:30:30,410] {logging_mixin.py:115} INFO - [2023-05-26 22:30:30,410] {dag.py:2927} INFO - Setting next_dagrun for example_nested_branch_dag to 2023-05-26T00:00:00+00:00, run_after=2023-05-27T00:00:00+00:00
[2023-05-26 22:30:30,430] {processor.py:161} INFO - Processing /home/raf/pipeline-transform/.venv/lib/python3.9/site-packages/airflow/example_dags/example_nested_branch_dag.py took 0.088 seconds
[2023-05-26 22:31:06,424] {processor.py:153} INFO - Started process (PID=380) to work on /home/raf/pipeline-transform/.venv/lib/python3.9/site-packages/airflow/example_dags/example_nested_branch_dag.py
[2023-05-26 22:31:06,450] {processor.py:641} INFO - Processing file /home/raf/pipeline-transform/.venv/lib/python3.9/site-packages/airflow/example_dags/example_nested_branch_dag.py for tasks to queue
[2023-05-26 22:31:06,451] {logging_mixin.py:115} INFO - [2023-05-26 22:31:06,451] {dagbag.py:507} INFO - Filling up the DagBag from /home/raf/pipeline-transform/.venv/lib/python3.9/site-packages/airflow/example_dags/example_nested_branch_dag.py
[2023-05-26 22:31:06,460] {processor.py:651} INFO - DAG(s) dict_keys(['example_nested_branch_dag']) retrieved from /home/raf/pipeline-transform/.venv/lib/python3.9/site-packages/airflow/example_dags/example_nested_branch_dag.py
[2023-05-26 22:31:06,476] {logging_mixin.py:115} INFO - [2023-05-26 22:31:06,476] {dag.py:2379} INFO - Sync 1 DAGs
[2023-05-26 22:31:06,509] {logging_mixin.py:115} INFO - [2023-05-26 22:31:06,509] {dag.py:2927} INFO - Setting next_dagrun for example_nested_branch_dag to 2023-05-26T00:00:00+00:00, run_after=2023-05-27T00:00:00+00:00
[2023-05-26 22:31:06,535] {processor.py:161} INFO - Processing /home/raf/pipeline-transform/.venv/lib/python3.9/site-packages/airflow/example_dags/example_nested_branch_dag.py took 0.114 seconds
[2023-05-26 22:31:45,627] {processor.py:153} INFO - Started process (PID=476) to work on /home/raf/pipeline-transform/.venv/lib/python3.9/site-packages/airflow/example_dags/example_nested_branch_dag.py
[2023-05-26 22:31:45,631] {processor.py:641} INFO - Processing file /home/raf/pipeline-transform/.venv/lib/python3.9/site-packages/airflow/example_dags/example_nested_branch_dag.py for tasks to queue
[2023-05-26 22:31:45,631] {logging_mixin.py:115} INFO - [2023-05-26 22:31:45,631] {dagbag.py:507} INFO - Filling up the DagBag from /home/raf/pipeline-transform/.venv/lib/python3.9/site-packages/airflow/example_dags/example_nested_branch_dag.py
[2023-05-26 22:31:45,639] {processor.py:651} INFO - DAG(s) dict_keys(['example_nested_branch_dag']) retrieved from /home/raf/pipeline-transform/.venv/lib/python3.9/site-packages/airflow/example_dags/example_nested_branch_dag.py
[2023-05-26 22:31:45,653] {logging_mixin.py:115} INFO - [2023-05-26 22:31:45,653] {dag.py:2379} INFO - Sync 1 DAGs
[2023-05-26 22:31:45,671] {logging_mixin.py:115} INFO - [2023-05-26 22:31:45,671] {dag.py:2927} INFO - Setting next_dagrun for example_nested_branch_dag to 2023-05-26T00:00:00+00:00, run_after=2023-05-27T00:00:00+00:00
[2023-05-26 22:31:45,690] {processor.py:161} INFO - Processing /home/raf/pipeline-transform/.venv/lib/python3.9/site-packages/airflow/example_dags/example_nested_branch_dag.py took 0.066 seconds
