[2023-05-26 22:03:49,018] {processor.py:153} INFO - Started process (PID=26163) to work on /home/raf/pipeline-transform/.venv/lib/python3.9/site-packages/airflow/example_dags/example_external_task_marker_dag.py
[2023-05-26 22:03:49,019] {processor.py:641} INFO - Processing file /home/raf/pipeline-transform/.venv/lib/python3.9/site-packages/airflow/example_dags/example_external_task_marker_dag.py for tasks to queue
[2023-05-26 22:03:49,019] {logging_mixin.py:115} INFO - [2023-05-26 22:03:49,019] {dagbag.py:507} INFO - Filling up the DagBag from /home/raf/pipeline-transform/.venv/lib/python3.9/site-packages/airflow/example_dags/example_external_task_marker_dag.py
[2023-05-26 22:03:49,024] {processor.py:651} INFO - DAG(s) dict_keys(['example_external_task_marker_parent', 'example_external_task_marker_child']) retrieved from /home/raf/pipeline-transform/.venv/lib/python3.9/site-packages/airflow/example_dags/example_external_task_marker_dag.py
[2023-05-26 22:03:49,080] {logging_mixin.py:115} INFO - [2023-05-26 22:03:49,080] {dag.py:2379} INFO - Sync 2 DAGs
[2023-05-26 22:03:49,092] {logging_mixin.py:115} INFO - [2023-05-26 22:03:49,092] {dag.py:2927} INFO - Setting next_dagrun for example_external_task_marker_child to None, run_after=None
[2023-05-26 22:03:49,093] {logging_mixin.py:115} INFO - [2023-05-26 22:03:49,093] {dag.py:2927} INFO - Setting next_dagrun for example_external_task_marker_parent to None, run_after=None
[2023-05-26 22:03:49,133] {processor.py:161} INFO - Processing /home/raf/pipeline-transform/.venv/lib/python3.9/site-packages/airflow/example_dags/example_external_task_marker_dag.py took 0.117 seconds
[2023-05-26 22:04:22,642] {processor.py:153} INFO - Started process (PID=26297) to work on /home/raf/pipeline-transform/.venv/lib/python3.9/site-packages/airflow/example_dags/example_external_task_marker_dag.py
[2023-05-26 22:04:22,649] {processor.py:641} INFO - Processing file /home/raf/pipeline-transform/.venv/lib/python3.9/site-packages/airflow/example_dags/example_external_task_marker_dag.py for tasks to queue
[2023-05-26 22:04:22,650] {logging_mixin.py:115} INFO - [2023-05-26 22:04:22,650] {dagbag.py:507} INFO - Filling up the DagBag from /home/raf/pipeline-transform/.venv/lib/python3.9/site-packages/airflow/example_dags/example_external_task_marker_dag.py
[2023-05-26 22:04:22,653] {processor.py:651} INFO - DAG(s) dict_keys(['example_external_task_marker_parent', 'example_external_task_marker_child']) retrieved from /home/raf/pipeline-transform/.venv/lib/python3.9/site-packages/airflow/example_dags/example_external_task_marker_dag.py
[2023-05-26 22:04:22,675] {logging_mixin.py:115} INFO - [2023-05-26 22:04:22,674] {dag.py:2379} INFO - Sync 2 DAGs
[2023-05-26 22:04:22,689] {logging_mixin.py:115} INFO - [2023-05-26 22:04:22,689] {dag.py:2927} INFO - Setting next_dagrun for example_external_task_marker_child to None, run_after=None
[2023-05-26 22:04:22,689] {logging_mixin.py:115} INFO - [2023-05-26 22:04:22,689] {dag.py:2927} INFO - Setting next_dagrun for example_external_task_marker_parent to None, run_after=None
[2023-05-26 22:04:22,708] {processor.py:161} INFO - Processing /home/raf/pipeline-transform/.venv/lib/python3.9/site-packages/airflow/example_dags/example_external_task_marker_dag.py took 0.068 seconds
[2023-05-26 22:04:58,877] {processor.py:153} INFO - Started process (PID=26643) to work on /home/raf/pipeline-transform/.venv/lib/python3.9/site-packages/airflow/example_dags/example_external_task_marker_dag.py
[2023-05-26 22:04:58,881] {processor.py:641} INFO - Processing file /home/raf/pipeline-transform/.venv/lib/python3.9/site-packages/airflow/example_dags/example_external_task_marker_dag.py for tasks to queue
[2023-05-26 22:04:58,883] {logging_mixin.py:115} INFO - [2023-05-26 22:04:58,882] {dagbag.py:507} INFO - Filling up the DagBag from /home/raf/pipeline-transform/.venv/lib/python3.9/site-packages/airflow/example_dags/example_external_task_marker_dag.py
[2023-05-26 22:04:58,890] {processor.py:651} INFO - DAG(s) dict_keys(['example_external_task_marker_parent', 'example_external_task_marker_child']) retrieved from /home/raf/pipeline-transform/.venv/lib/python3.9/site-packages/airflow/example_dags/example_external_task_marker_dag.py
[2023-05-26 22:04:58,928] {logging_mixin.py:115} INFO - [2023-05-26 22:04:58,928] {dag.py:2379} INFO - Sync 2 DAGs
[2023-05-26 22:04:58,945] {logging_mixin.py:115} INFO - [2023-05-26 22:04:58,945] {dag.py:2927} INFO - Setting next_dagrun for example_external_task_marker_child to None, run_after=None
[2023-05-26 22:04:58,945] {logging_mixin.py:115} INFO - [2023-05-26 22:04:58,945] {dag.py:2927} INFO - Setting next_dagrun for example_external_task_marker_parent to None, run_after=None
[2023-05-26 22:04:58,978] {processor.py:161} INFO - Processing /home/raf/pipeline-transform/.venv/lib/python3.9/site-packages/airflow/example_dags/example_external_task_marker_dag.py took 0.106 seconds
[2023-05-26 22:05:36,238] {processor.py:153} INFO - Started process (PID=26901) to work on /home/raf/pipeline-transform/.venv/lib/python3.9/site-packages/airflow/example_dags/example_external_task_marker_dag.py
[2023-05-26 22:05:36,247] {processor.py:641} INFO - Processing file /home/raf/pipeline-transform/.venv/lib/python3.9/site-packages/airflow/example_dags/example_external_task_marker_dag.py for tasks to queue
[2023-05-26 22:05:36,248] {logging_mixin.py:115} INFO - [2023-05-26 22:05:36,247] {dagbag.py:507} INFO - Filling up the DagBag from /home/raf/pipeline-transform/.venv/lib/python3.9/site-packages/airflow/example_dags/example_external_task_marker_dag.py
[2023-05-26 22:05:36,251] {processor.py:651} INFO - DAG(s) dict_keys(['example_external_task_marker_parent', 'example_external_task_marker_child']) retrieved from /home/raf/pipeline-transform/.venv/lib/python3.9/site-packages/airflow/example_dags/example_external_task_marker_dag.py
[2023-05-26 22:05:36,272] {logging_mixin.py:115} INFO - [2023-05-26 22:05:36,272] {dag.py:2379} INFO - Sync 2 DAGs
[2023-05-26 22:05:36,288] {logging_mixin.py:115} INFO - [2023-05-26 22:05:36,288] {dag.py:2927} INFO - Setting next_dagrun for example_external_task_marker_child to None, run_after=None
[2023-05-26 22:05:36,288] {logging_mixin.py:115} INFO - [2023-05-26 22:05:36,288] {dag.py:2927} INFO - Setting next_dagrun for example_external_task_marker_parent to None, run_after=None
[2023-05-26 22:05:36,307] {processor.py:161} INFO - Processing /home/raf/pipeline-transform/.venv/lib/python3.9/site-packages/airflow/example_dags/example_external_task_marker_dag.py took 0.072 seconds
[2023-05-26 22:06:13,800] {processor.py:153} INFO - Started process (PID=26999) to work on /home/raf/pipeline-transform/.venv/lib/python3.9/site-packages/airflow/example_dags/example_external_task_marker_dag.py
[2023-05-26 22:06:13,810] {processor.py:641} INFO - Processing file /home/raf/pipeline-transform/.venv/lib/python3.9/site-packages/airflow/example_dags/example_external_task_marker_dag.py for tasks to queue
[2023-05-26 22:06:13,810] {logging_mixin.py:115} INFO - [2023-05-26 22:06:13,810] {dagbag.py:507} INFO - Filling up the DagBag from /home/raf/pipeline-transform/.venv/lib/python3.9/site-packages/airflow/example_dags/example_external_task_marker_dag.py
[2023-05-26 22:06:13,814] {processor.py:651} INFO - DAG(s) dict_keys(['example_external_task_marker_parent', 'example_external_task_marker_child']) retrieved from /home/raf/pipeline-transform/.venv/lib/python3.9/site-packages/airflow/example_dags/example_external_task_marker_dag.py
[2023-05-26 22:06:13,837] {logging_mixin.py:115} INFO - [2023-05-26 22:06:13,837] {dag.py:2379} INFO - Sync 2 DAGs
[2023-05-26 22:06:13,854] {logging_mixin.py:115} INFO - [2023-05-26 22:06:13,854] {dag.py:2927} INFO - Setting next_dagrun for example_external_task_marker_child to None, run_after=None
[2023-05-26 22:06:13,854] {logging_mixin.py:115} INFO - [2023-05-26 22:06:13,854] {dag.py:2927} INFO - Setting next_dagrun for example_external_task_marker_parent to None, run_after=None
[2023-05-26 22:06:13,873] {processor.py:161} INFO - Processing /home/raf/pipeline-transform/.venv/lib/python3.9/site-packages/airflow/example_dags/example_external_task_marker_dag.py took 0.075 seconds
[2023-05-26 22:06:49,126] {processor.py:153} INFO - Started process (PID=27195) to work on /home/raf/pipeline-transform/.venv/lib/python3.9/site-packages/airflow/example_dags/example_external_task_marker_dag.py
[2023-05-26 22:06:49,138] {processor.py:641} INFO - Processing file /home/raf/pipeline-transform/.venv/lib/python3.9/site-packages/airflow/example_dags/example_external_task_marker_dag.py for tasks to queue
[2023-05-26 22:06:49,138] {logging_mixin.py:115} INFO - [2023-05-26 22:06:49,138] {dagbag.py:507} INFO - Filling up the DagBag from /home/raf/pipeline-transform/.venv/lib/python3.9/site-packages/airflow/example_dags/example_external_task_marker_dag.py
[2023-05-26 22:06:49,144] {processor.py:651} INFO - DAG(s) dict_keys(['example_external_task_marker_parent', 'example_external_task_marker_child']) retrieved from /home/raf/pipeline-transform/.venv/lib/python3.9/site-packages/airflow/example_dags/example_external_task_marker_dag.py
[2023-05-26 22:06:49,168] {logging_mixin.py:115} INFO - [2023-05-26 22:06:49,168] {dag.py:2379} INFO - Sync 2 DAGs
[2023-05-26 22:06:49,183] {logging_mixin.py:115} INFO - [2023-05-26 22:06:49,183] {dag.py:2927} INFO - Setting next_dagrun for example_external_task_marker_child to None, run_after=None
[2023-05-26 22:06:49,184] {logging_mixin.py:115} INFO - [2023-05-26 22:06:49,184] {dag.py:2927} INFO - Setting next_dagrun for example_external_task_marker_parent to None, run_after=None
[2023-05-26 22:06:49,201] {processor.py:161} INFO - Processing /home/raf/pipeline-transform/.venv/lib/python3.9/site-packages/airflow/example_dags/example_external_task_marker_dag.py took 0.077 seconds
[2023-05-26 22:07:24,845] {processor.py:153} INFO - Started process (PID=27283) to work on /home/raf/pipeline-transform/.venv/lib/python3.9/site-packages/airflow/example_dags/example_external_task_marker_dag.py
[2023-05-26 22:07:24,846] {processor.py:641} INFO - Processing file /home/raf/pipeline-transform/.venv/lib/python3.9/site-packages/airflow/example_dags/example_external_task_marker_dag.py for tasks to queue
[2023-05-26 22:07:24,846] {logging_mixin.py:115} INFO - [2023-05-26 22:07:24,846] {dagbag.py:507} INFO - Filling up the DagBag from /home/raf/pipeline-transform/.venv/lib/python3.9/site-packages/airflow/example_dags/example_external_task_marker_dag.py
[2023-05-26 22:07:24,850] {processor.py:651} INFO - DAG(s) dict_keys(['example_external_task_marker_parent', 'example_external_task_marker_child']) retrieved from /home/raf/pipeline-transform/.venv/lib/python3.9/site-packages/airflow/example_dags/example_external_task_marker_dag.py
[2023-05-26 22:07:24,877] {logging_mixin.py:115} INFO - [2023-05-26 22:07:24,876] {dag.py:2379} INFO - Sync 2 DAGs
[2023-05-26 22:07:24,894] {logging_mixin.py:115} INFO - [2023-05-26 22:07:24,894] {dag.py:2927} INFO - Setting next_dagrun for example_external_task_marker_child to None, run_after=None
[2023-05-26 22:07:24,894] {logging_mixin.py:115} INFO - [2023-05-26 22:07:24,894] {dag.py:2927} INFO - Setting next_dagrun for example_external_task_marker_parent to None, run_after=None
[2023-05-26 22:07:24,954] {processor.py:161} INFO - Processing /home/raf/pipeline-transform/.venv/lib/python3.9/site-packages/airflow/example_dags/example_external_task_marker_dag.py took 0.112 seconds
[2023-05-26 22:08:01,290] {processor.py:153} INFO - Started process (PID=27374) to work on /home/raf/pipeline-transform/.venv/lib/python3.9/site-packages/airflow/example_dags/example_external_task_marker_dag.py
[2023-05-26 22:08:01,303] {processor.py:641} INFO - Processing file /home/raf/pipeline-transform/.venv/lib/python3.9/site-packages/airflow/example_dags/example_external_task_marker_dag.py for tasks to queue
[2023-05-26 22:08:01,304] {logging_mixin.py:115} INFO - [2023-05-26 22:08:01,304] {dagbag.py:507} INFO - Filling up the DagBag from /home/raf/pipeline-transform/.venv/lib/python3.9/site-packages/airflow/example_dags/example_external_task_marker_dag.py
[2023-05-26 22:08:01,307] {processor.py:651} INFO - DAG(s) dict_keys(['example_external_task_marker_parent', 'example_external_task_marker_child']) retrieved from /home/raf/pipeline-transform/.venv/lib/python3.9/site-packages/airflow/example_dags/example_external_task_marker_dag.py
[2023-05-26 22:08:01,327] {logging_mixin.py:115} INFO - [2023-05-26 22:08:01,327] {dag.py:2379} INFO - Sync 2 DAGs
[2023-05-26 22:08:01,341] {logging_mixin.py:115} INFO - [2023-05-26 22:08:01,341] {dag.py:2927} INFO - Setting next_dagrun for example_external_task_marker_child to None, run_after=None
[2023-05-26 22:08:01,342] {logging_mixin.py:115} INFO - [2023-05-26 22:08:01,342] {dag.py:2927} INFO - Setting next_dagrun for example_external_task_marker_parent to None, run_after=None
[2023-05-26 22:08:01,360] {processor.py:161} INFO - Processing /home/raf/pipeline-transform/.venv/lib/python3.9/site-packages/airflow/example_dags/example_external_task_marker_dag.py took 0.073 seconds
[2023-05-26 22:08:33,495] {processor.py:153} INFO - Started process (PID=27510) to work on /home/raf/pipeline-transform/.venv/lib/python3.9/site-packages/airflow/example_dags/example_external_task_marker_dag.py
[2023-05-26 22:08:33,510] {processor.py:641} INFO - Processing file /home/raf/pipeline-transform/.venv/lib/python3.9/site-packages/airflow/example_dags/example_external_task_marker_dag.py for tasks to queue
[2023-05-26 22:08:33,511] {logging_mixin.py:115} INFO - [2023-05-26 22:08:33,510] {dagbag.py:507} INFO - Filling up the DagBag from /home/raf/pipeline-transform/.venv/lib/python3.9/site-packages/airflow/example_dags/example_external_task_marker_dag.py
[2023-05-26 22:08:33,515] {processor.py:651} INFO - DAG(s) dict_keys(['example_external_task_marker_parent', 'example_external_task_marker_child']) retrieved from /home/raf/pipeline-transform/.venv/lib/python3.9/site-packages/airflow/example_dags/example_external_task_marker_dag.py
[2023-05-26 22:08:33,539] {logging_mixin.py:115} INFO - [2023-05-26 22:08:33,539] {dag.py:2379} INFO - Sync 2 DAGs
[2023-05-26 22:08:33,558] {logging_mixin.py:115} INFO - [2023-05-26 22:08:33,558] {dag.py:2927} INFO - Setting next_dagrun for example_external_task_marker_child to None, run_after=None
[2023-05-26 22:08:33,558] {logging_mixin.py:115} INFO - [2023-05-26 22:08:33,558] {dag.py:2927} INFO - Setting next_dagrun for example_external_task_marker_parent to None, run_after=None
[2023-05-26 22:08:33,576] {processor.py:161} INFO - Processing /home/raf/pipeline-transform/.venv/lib/python3.9/site-packages/airflow/example_dags/example_external_task_marker_dag.py took 0.084 seconds
[2023-05-26 22:09:10,805] {processor.py:153} INFO - Started process (PID=27604) to work on /home/raf/pipeline-transform/.venv/lib/python3.9/site-packages/airflow/example_dags/example_external_task_marker_dag.py
[2023-05-26 22:09:10,829] {processor.py:641} INFO - Processing file /home/raf/pipeline-transform/.venv/lib/python3.9/site-packages/airflow/example_dags/example_external_task_marker_dag.py for tasks to queue
[2023-05-26 22:09:10,831] {logging_mixin.py:115} INFO - [2023-05-26 22:09:10,830] {dagbag.py:507} INFO - Filling up the DagBag from /home/raf/pipeline-transform/.venv/lib/python3.9/site-packages/airflow/example_dags/example_external_task_marker_dag.py
[2023-05-26 22:09:10,848] {processor.py:651} INFO - DAG(s) dict_keys(['example_external_task_marker_parent', 'example_external_task_marker_child']) retrieved from /home/raf/pipeline-transform/.venv/lib/python3.9/site-packages/airflow/example_dags/example_external_task_marker_dag.py
[2023-05-26 22:09:10,929] {logging_mixin.py:115} INFO - [2023-05-26 22:09:10,929] {dag.py:2379} INFO - Sync 2 DAGs
[2023-05-26 22:09:10,973] {logging_mixin.py:115} INFO - [2023-05-26 22:09:10,973] {dag.py:2927} INFO - Setting next_dagrun for example_external_task_marker_child to None, run_after=None
[2023-05-26 22:09:10,974] {logging_mixin.py:115} INFO - [2023-05-26 22:09:10,974] {dag.py:2927} INFO - Setting next_dagrun for example_external_task_marker_parent to None, run_after=None
[2023-05-26 22:09:11,060] {processor.py:161} INFO - Processing /home/raf/pipeline-transform/.venv/lib/python3.9/site-packages/airflow/example_dags/example_external_task_marker_dag.py took 0.261 seconds
[2023-05-26 22:09:45,236] {processor.py:153} INFO - Started process (PID=27794) to work on /home/raf/pipeline-transform/.venv/lib/python3.9/site-packages/airflow/example_dags/example_external_task_marker_dag.py
[2023-05-26 22:09:45,238] {processor.py:641} INFO - Processing file /home/raf/pipeline-transform/.venv/lib/python3.9/site-packages/airflow/example_dags/example_external_task_marker_dag.py for tasks to queue
[2023-05-26 22:09:45,238] {logging_mixin.py:115} INFO - [2023-05-26 22:09:45,238] {dagbag.py:507} INFO - Filling up the DagBag from /home/raf/pipeline-transform/.venv/lib/python3.9/site-packages/airflow/example_dags/example_external_task_marker_dag.py
[2023-05-26 22:09:45,243] {processor.py:651} INFO - DAG(s) dict_keys(['example_external_task_marker_parent', 'example_external_task_marker_child']) retrieved from /home/raf/pipeline-transform/.venv/lib/python3.9/site-packages/airflow/example_dags/example_external_task_marker_dag.py
[2023-05-26 22:09:45,275] {logging_mixin.py:115} INFO - [2023-05-26 22:09:45,275] {dag.py:2379} INFO - Sync 2 DAGs
[2023-05-26 22:09:45,296] {logging_mixin.py:115} INFO - [2023-05-26 22:09:45,296] {dag.py:2927} INFO - Setting next_dagrun for example_external_task_marker_child to None, run_after=None
[2023-05-26 22:09:45,297] {logging_mixin.py:115} INFO - [2023-05-26 22:09:45,297] {dag.py:2927} INFO - Setting next_dagrun for example_external_task_marker_parent to None, run_after=None
[2023-05-26 22:09:45,348] {processor.py:161} INFO - Processing /home/raf/pipeline-transform/.venv/lib/python3.9/site-packages/airflow/example_dags/example_external_task_marker_dag.py took 0.116 seconds
[2023-05-26 22:10:20,958] {processor.py:153} INFO - Started process (PID=27882) to work on /home/raf/pipeline-transform/.venv/lib/python3.9/site-packages/airflow/example_dags/example_external_task_marker_dag.py
[2023-05-26 22:10:20,980] {processor.py:641} INFO - Processing file /home/raf/pipeline-transform/.venv/lib/python3.9/site-packages/airflow/example_dags/example_external_task_marker_dag.py for tasks to queue
[2023-05-26 22:10:20,980] {logging_mixin.py:115} INFO - [2023-05-26 22:10:20,980] {dagbag.py:507} INFO - Filling up the DagBag from /home/raf/pipeline-transform/.venv/lib/python3.9/site-packages/airflow/example_dags/example_external_task_marker_dag.py
[2023-05-26 22:10:20,984] {processor.py:651} INFO - DAG(s) dict_keys(['example_external_task_marker_parent', 'example_external_task_marker_child']) retrieved from /home/raf/pipeline-transform/.venv/lib/python3.9/site-packages/airflow/example_dags/example_external_task_marker_dag.py
[2023-05-26 22:10:21,004] {logging_mixin.py:115} INFO - [2023-05-26 22:10:21,004] {dag.py:2379} INFO - Sync 2 DAGs
[2023-05-26 22:10:21,018] {logging_mixin.py:115} INFO - [2023-05-26 22:10:21,018] {dag.py:2927} INFO - Setting next_dagrun for example_external_task_marker_child to None, run_after=None
[2023-05-26 22:10:21,018] {logging_mixin.py:115} INFO - [2023-05-26 22:10:21,018] {dag.py:2927} INFO - Setting next_dagrun for example_external_task_marker_parent to None, run_after=None
[2023-05-26 22:10:21,036] {processor.py:161} INFO - Processing /home/raf/pipeline-transform/.venv/lib/python3.9/site-packages/airflow/example_dags/example_external_task_marker_dag.py took 0.080 seconds
[2023-05-26 22:10:57,249] {processor.py:153} INFO - Started process (PID=27973) to work on /home/raf/pipeline-transform/.venv/lib/python3.9/site-packages/airflow/example_dags/example_external_task_marker_dag.py
[2023-05-26 22:10:57,271] {processor.py:641} INFO - Processing file /home/raf/pipeline-transform/.venv/lib/python3.9/site-packages/airflow/example_dags/example_external_task_marker_dag.py for tasks to queue
[2023-05-26 22:10:57,272] {logging_mixin.py:115} INFO - [2023-05-26 22:10:57,272] {dagbag.py:507} INFO - Filling up the DagBag from /home/raf/pipeline-transform/.venv/lib/python3.9/site-packages/airflow/example_dags/example_external_task_marker_dag.py
[2023-05-26 22:10:57,278] {processor.py:651} INFO - DAG(s) dict_keys(['example_external_task_marker_parent', 'example_external_task_marker_child']) retrieved from /home/raf/pipeline-transform/.venv/lib/python3.9/site-packages/airflow/example_dags/example_external_task_marker_dag.py
[2023-05-26 22:10:57,301] {logging_mixin.py:115} INFO - [2023-05-26 22:10:57,301] {dag.py:2379} INFO - Sync 2 DAGs
[2023-05-26 22:10:57,318] {logging_mixin.py:115} INFO - [2023-05-26 22:10:57,317] {dag.py:2927} INFO - Setting next_dagrun for example_external_task_marker_child to None, run_after=None
[2023-05-26 22:10:57,318] {logging_mixin.py:115} INFO - [2023-05-26 22:10:57,318] {dag.py:2927} INFO - Setting next_dagrun for example_external_task_marker_parent to None, run_after=None
[2023-05-26 22:10:57,336] {processor.py:161} INFO - Processing /home/raf/pipeline-transform/.venv/lib/python3.9/site-packages/airflow/example_dags/example_external_task_marker_dag.py took 0.091 seconds
[2023-05-26 22:11:36,800] {processor.py:153} INFO - Started process (PID=28074) to work on /home/raf/pipeline-transform/.venv/lib/python3.9/site-packages/airflow/example_dags/example_external_task_marker_dag.py
[2023-05-26 22:11:36,803] {processor.py:641} INFO - Processing file /home/raf/pipeline-transform/.venv/lib/python3.9/site-packages/airflow/example_dags/example_external_task_marker_dag.py for tasks to queue
[2023-05-26 22:11:36,804] {logging_mixin.py:115} INFO - [2023-05-26 22:11:36,804] {dagbag.py:507} INFO - Filling up the DagBag from /home/raf/pipeline-transform/.venv/lib/python3.9/site-packages/airflow/example_dags/example_external_task_marker_dag.py
[2023-05-26 22:11:36,810] {processor.py:651} INFO - DAG(s) dict_keys(['example_external_task_marker_parent', 'example_external_task_marker_child']) retrieved from /home/raf/pipeline-transform/.venv/lib/python3.9/site-packages/airflow/example_dags/example_external_task_marker_dag.py
[2023-05-26 22:11:36,835] {logging_mixin.py:115} INFO - [2023-05-26 22:11:36,835] {dag.py:2379} INFO - Sync 2 DAGs
[2023-05-26 22:11:36,859] {logging_mixin.py:115} INFO - [2023-05-26 22:11:36,859] {dag.py:2927} INFO - Setting next_dagrun for example_external_task_marker_child to None, run_after=None
[2023-05-26 22:11:36,860] {logging_mixin.py:115} INFO - [2023-05-26 22:11:36,860] {dag.py:2927} INFO - Setting next_dagrun for example_external_task_marker_parent to None, run_after=None
[2023-05-26 22:11:36,878] {processor.py:161} INFO - Processing /home/raf/pipeline-transform/.venv/lib/python3.9/site-packages/airflow/example_dags/example_external_task_marker_dag.py took 0.081 seconds
[2023-05-26 22:12:14,977] {processor.py:153} INFO - Started process (PID=28178) to work on /home/raf/pipeline-transform/.venv/lib/python3.9/site-packages/airflow/example_dags/example_external_task_marker_dag.py
[2023-05-26 22:12:14,986] {processor.py:641} INFO - Processing file /home/raf/pipeline-transform/.venv/lib/python3.9/site-packages/airflow/example_dags/example_external_task_marker_dag.py for tasks to queue
[2023-05-26 22:12:14,986] {logging_mixin.py:115} INFO - [2023-05-26 22:12:14,986] {dagbag.py:507} INFO - Filling up the DagBag from /home/raf/pipeline-transform/.venv/lib/python3.9/site-packages/airflow/example_dags/example_external_task_marker_dag.py
[2023-05-26 22:12:14,991] {processor.py:651} INFO - DAG(s) dict_keys(['example_external_task_marker_parent', 'example_external_task_marker_child']) retrieved from /home/raf/pipeline-transform/.venv/lib/python3.9/site-packages/airflow/example_dags/example_external_task_marker_dag.py
[2023-05-26 22:12:15,022] {logging_mixin.py:115} INFO - [2023-05-26 22:12:15,022] {dag.py:2379} INFO - Sync 2 DAGs
[2023-05-26 22:12:15,042] {logging_mixin.py:115} INFO - [2023-05-26 22:12:15,042] {dag.py:2927} INFO - Setting next_dagrun for example_external_task_marker_child to None, run_after=None
[2023-05-26 22:12:15,042] {logging_mixin.py:115} INFO - [2023-05-26 22:12:15,042] {dag.py:2927} INFO - Setting next_dagrun for example_external_task_marker_parent to None, run_after=None
[2023-05-26 22:12:15,077] {processor.py:161} INFO - Processing /home/raf/pipeline-transform/.venv/lib/python3.9/site-packages/airflow/example_dags/example_external_task_marker_dag.py took 0.103 seconds
[2023-05-26 22:12:53,434] {processor.py:153} INFO - Started process (PID=28426) to work on /home/raf/pipeline-transform/.venv/lib/python3.9/site-packages/airflow/example_dags/example_external_task_marker_dag.py
[2023-05-26 22:12:53,440] {processor.py:641} INFO - Processing file /home/raf/pipeline-transform/.venv/lib/python3.9/site-packages/airflow/example_dags/example_external_task_marker_dag.py for tasks to queue
[2023-05-26 22:12:53,441] {logging_mixin.py:115} INFO - [2023-05-26 22:12:53,441] {dagbag.py:507} INFO - Filling up the DagBag from /home/raf/pipeline-transform/.venv/lib/python3.9/site-packages/airflow/example_dags/example_external_task_marker_dag.py
[2023-05-26 22:12:53,444] {processor.py:651} INFO - DAG(s) dict_keys(['example_external_task_marker_parent', 'example_external_task_marker_child']) retrieved from /home/raf/pipeline-transform/.venv/lib/python3.9/site-packages/airflow/example_dags/example_external_task_marker_dag.py
[2023-05-26 22:12:53,466] {logging_mixin.py:115} INFO - [2023-05-26 22:12:53,466] {dag.py:2379} INFO - Sync 2 DAGs
[2023-05-26 22:12:53,480] {logging_mixin.py:115} INFO - [2023-05-26 22:12:53,480] {dag.py:2927} INFO - Setting next_dagrun for example_external_task_marker_child to None, run_after=None
[2023-05-26 22:12:53,481] {logging_mixin.py:115} INFO - [2023-05-26 22:12:53,481] {dag.py:2927} INFO - Setting next_dagrun for example_external_task_marker_parent to None, run_after=None
[2023-05-26 22:12:53,499] {processor.py:161} INFO - Processing /home/raf/pipeline-transform/.venv/lib/python3.9/site-packages/airflow/example_dags/example_external_task_marker_dag.py took 0.067 seconds
[2023-05-26 22:13:26,329] {processor.py:153} INFO - Started process (PID=28560) to work on /home/raf/pipeline-transform/.venv/lib/python3.9/site-packages/airflow/example_dags/example_external_task_marker_dag.py
[2023-05-26 22:13:26,330] {processor.py:641} INFO - Processing file /home/raf/pipeline-transform/.venv/lib/python3.9/site-packages/airflow/example_dags/example_external_task_marker_dag.py for tasks to queue
[2023-05-26 22:13:26,331] {logging_mixin.py:115} INFO - [2023-05-26 22:13:26,331] {dagbag.py:507} INFO - Filling up the DagBag from /home/raf/pipeline-transform/.venv/lib/python3.9/site-packages/airflow/example_dags/example_external_task_marker_dag.py
[2023-05-26 22:13:26,334] {processor.py:651} INFO - DAG(s) dict_keys(['example_external_task_marker_parent', 'example_external_task_marker_child']) retrieved from /home/raf/pipeline-transform/.venv/lib/python3.9/site-packages/airflow/example_dags/example_external_task_marker_dag.py
[2023-05-26 22:13:26,355] {logging_mixin.py:115} INFO - [2023-05-26 22:13:26,355] {dag.py:2379} INFO - Sync 2 DAGs
[2023-05-26 22:13:26,370] {logging_mixin.py:115} INFO - [2023-05-26 22:13:26,370] {dag.py:2927} INFO - Setting next_dagrun for example_external_task_marker_child to None, run_after=None
[2023-05-26 22:13:26,370] {logging_mixin.py:115} INFO - [2023-05-26 22:13:26,370] {dag.py:2927} INFO - Setting next_dagrun for example_external_task_marker_parent to None, run_after=None
[2023-05-26 22:13:26,390] {processor.py:161} INFO - Processing /home/raf/pipeline-transform/.venv/lib/python3.9/site-packages/airflow/example_dags/example_external_task_marker_dag.py took 0.063 seconds
[2023-05-26 22:14:04,759] {processor.py:153} INFO - Started process (PID=28656) to work on /home/raf/pipeline-transform/.venv/lib/python3.9/site-packages/airflow/example_dags/example_external_task_marker_dag.py
[2023-05-26 22:14:04,778] {processor.py:641} INFO - Processing file /home/raf/pipeline-transform/.venv/lib/python3.9/site-packages/airflow/example_dags/example_external_task_marker_dag.py for tasks to queue
[2023-05-26 22:14:04,779] {logging_mixin.py:115} INFO - [2023-05-26 22:14:04,779] {dagbag.py:507} INFO - Filling up the DagBag from /home/raf/pipeline-transform/.venv/lib/python3.9/site-packages/airflow/example_dags/example_external_task_marker_dag.py
[2023-05-26 22:14:04,782] {processor.py:651} INFO - DAG(s) dict_keys(['example_external_task_marker_parent', 'example_external_task_marker_child']) retrieved from /home/raf/pipeline-transform/.venv/lib/python3.9/site-packages/airflow/example_dags/example_external_task_marker_dag.py
[2023-05-26 22:14:04,803] {logging_mixin.py:115} INFO - [2023-05-26 22:14:04,803] {dag.py:2379} INFO - Sync 2 DAGs
[2023-05-26 22:14:04,818] {logging_mixin.py:115} INFO - [2023-05-26 22:14:04,818] {dag.py:2927} INFO - Setting next_dagrun for example_external_task_marker_child to None, run_after=None
[2023-05-26 22:14:04,818] {logging_mixin.py:115} INFO - [2023-05-26 22:14:04,818] {dag.py:2927} INFO - Setting next_dagrun for example_external_task_marker_parent to None, run_after=None
[2023-05-26 22:14:04,840] {processor.py:161} INFO - Processing /home/raf/pipeline-transform/.venv/lib/python3.9/site-packages/airflow/example_dags/example_external_task_marker_dag.py took 0.083 seconds
[2023-05-26 22:14:41,057] {processor.py:153} INFO - Started process (PID=28747) to work on /home/raf/pipeline-transform/.venv/lib/python3.9/site-packages/airflow/example_dags/example_external_task_marker_dag.py
[2023-05-26 22:14:41,077] {processor.py:641} INFO - Processing file /home/raf/pipeline-transform/.venv/lib/python3.9/site-packages/airflow/example_dags/example_external_task_marker_dag.py for tasks to queue
[2023-05-26 22:14:41,078] {logging_mixin.py:115} INFO - [2023-05-26 22:14:41,078] {dagbag.py:507} INFO - Filling up the DagBag from /home/raf/pipeline-transform/.venv/lib/python3.9/site-packages/airflow/example_dags/example_external_task_marker_dag.py
[2023-05-26 22:14:41,081] {processor.py:651} INFO - DAG(s) dict_keys(['example_external_task_marker_parent', 'example_external_task_marker_child']) retrieved from /home/raf/pipeline-transform/.venv/lib/python3.9/site-packages/airflow/example_dags/example_external_task_marker_dag.py
[2023-05-26 22:14:41,102] {logging_mixin.py:115} INFO - [2023-05-26 22:14:41,102] {dag.py:2379} INFO - Sync 2 DAGs
[2023-05-26 22:14:41,116] {logging_mixin.py:115} INFO - [2023-05-26 22:14:41,116] {dag.py:2927} INFO - Setting next_dagrun for example_external_task_marker_child to None, run_after=None
[2023-05-26 22:14:41,116] {logging_mixin.py:115} INFO - [2023-05-26 22:14:41,116] {dag.py:2927} INFO - Setting next_dagrun for example_external_task_marker_parent to None, run_after=None
[2023-05-26 22:14:41,137] {processor.py:161} INFO - Processing /home/raf/pipeline-transform/.venv/lib/python3.9/site-packages/airflow/example_dags/example_external_task_marker_dag.py took 0.083 seconds
[2023-05-26 22:15:17,974] {processor.py:153} INFO - Started process (PID=28838) to work on /home/raf/pipeline-transform/.venv/lib/python3.9/site-packages/airflow/example_dags/example_external_task_marker_dag.py
[2023-05-26 22:15:17,977] {processor.py:641} INFO - Processing file /home/raf/pipeline-transform/.venv/lib/python3.9/site-packages/airflow/example_dags/example_external_task_marker_dag.py for tasks to queue
[2023-05-26 22:15:17,977] {logging_mixin.py:115} INFO - [2023-05-26 22:15:17,977] {dagbag.py:507} INFO - Filling up the DagBag from /home/raf/pipeline-transform/.venv/lib/python3.9/site-packages/airflow/example_dags/example_external_task_marker_dag.py
[2023-05-26 22:15:17,981] {processor.py:651} INFO - DAG(s) dict_keys(['example_external_task_marker_parent', 'example_external_task_marker_child']) retrieved from /home/raf/pipeline-transform/.venv/lib/python3.9/site-packages/airflow/example_dags/example_external_task_marker_dag.py
[2023-05-26 22:15:18,002] {logging_mixin.py:115} INFO - [2023-05-26 22:15:18,001] {dag.py:2379} INFO - Sync 2 DAGs
[2023-05-26 22:15:18,016] {logging_mixin.py:115} INFO - [2023-05-26 22:15:18,016] {dag.py:2927} INFO - Setting next_dagrun for example_external_task_marker_child to None, run_after=None
[2023-05-26 22:15:18,016] {logging_mixin.py:115} INFO - [2023-05-26 22:15:18,016] {dag.py:2927} INFO - Setting next_dagrun for example_external_task_marker_parent to None, run_after=None
[2023-05-26 22:15:18,038] {processor.py:161} INFO - Processing /home/raf/pipeline-transform/.venv/lib/python3.9/site-packages/airflow/example_dags/example_external_task_marker_dag.py took 0.066 seconds
[2023-05-26 22:15:53,082] {processor.py:153} INFO - Started process (PID=28925) to work on /home/raf/pipeline-transform/.venv/lib/python3.9/site-packages/airflow/example_dags/example_external_task_marker_dag.py
[2023-05-26 22:15:53,091] {processor.py:641} INFO - Processing file /home/raf/pipeline-transform/.venv/lib/python3.9/site-packages/airflow/example_dags/example_external_task_marker_dag.py for tasks to queue
[2023-05-26 22:15:53,091] {logging_mixin.py:115} INFO - [2023-05-26 22:15:53,091] {dagbag.py:507} INFO - Filling up the DagBag from /home/raf/pipeline-transform/.venv/lib/python3.9/site-packages/airflow/example_dags/example_external_task_marker_dag.py
[2023-05-26 22:15:53,094] {processor.py:651} INFO - DAG(s) dict_keys(['example_external_task_marker_parent', 'example_external_task_marker_child']) retrieved from /home/raf/pipeline-transform/.venv/lib/python3.9/site-packages/airflow/example_dags/example_external_task_marker_dag.py
[2023-05-26 22:15:53,115] {logging_mixin.py:115} INFO - [2023-05-26 22:15:53,115] {dag.py:2379} INFO - Sync 2 DAGs
[2023-05-26 22:15:53,129] {logging_mixin.py:115} INFO - [2023-05-26 22:15:53,129] {dag.py:2927} INFO - Setting next_dagrun for example_external_task_marker_child to None, run_after=None
[2023-05-26 22:15:53,130] {logging_mixin.py:115} INFO - [2023-05-26 22:15:53,129] {dag.py:2927} INFO - Setting next_dagrun for example_external_task_marker_parent to None, run_after=None
[2023-05-26 22:15:53,151] {processor.py:161} INFO - Processing /home/raf/pipeline-transform/.venv/lib/python3.9/site-packages/airflow/example_dags/example_external_task_marker_dag.py took 0.071 seconds
[2023-05-26 22:16:30,188] {processor.py:153} INFO - Started process (PID=29016) to work on /home/raf/pipeline-transform/.venv/lib/python3.9/site-packages/airflow/example_dags/example_external_task_marker_dag.py
[2023-05-26 22:16:30,212] {processor.py:641} INFO - Processing file /home/raf/pipeline-transform/.venv/lib/python3.9/site-packages/airflow/example_dags/example_external_task_marker_dag.py for tasks to queue
[2023-05-26 22:16:30,213] {logging_mixin.py:115} INFO - [2023-05-26 22:16:30,213] {dagbag.py:507} INFO - Filling up the DagBag from /home/raf/pipeline-transform/.venv/lib/python3.9/site-packages/airflow/example_dags/example_external_task_marker_dag.py
[2023-05-26 22:16:30,216] {processor.py:651} INFO - DAG(s) dict_keys(['example_external_task_marker_parent', 'example_external_task_marker_child']) retrieved from /home/raf/pipeline-transform/.venv/lib/python3.9/site-packages/airflow/example_dags/example_external_task_marker_dag.py
[2023-05-26 22:16:30,238] {logging_mixin.py:115} INFO - [2023-05-26 22:16:30,238] {dag.py:2379} INFO - Sync 2 DAGs
[2023-05-26 22:16:30,253] {logging_mixin.py:115} INFO - [2023-05-26 22:16:30,253] {dag.py:2927} INFO - Setting next_dagrun for example_external_task_marker_child to None, run_after=None
[2023-05-26 22:16:30,253] {logging_mixin.py:115} INFO - [2023-05-26 22:16:30,253] {dag.py:2927} INFO - Setting next_dagrun for example_external_task_marker_parent to None, run_after=None
[2023-05-26 22:16:30,276] {processor.py:161} INFO - Processing /home/raf/pipeline-transform/.venv/lib/python3.9/site-packages/airflow/example_dags/example_external_task_marker_dag.py took 0.091 seconds
[2023-05-26 22:17:06,255] {processor.py:153} INFO - Started process (PID=29104) to work on /home/raf/pipeline-transform/.venv/lib/python3.9/site-packages/airflow/example_dags/example_external_task_marker_dag.py
[2023-05-26 22:17:06,256] {processor.py:641} INFO - Processing file /home/raf/pipeline-transform/.venv/lib/python3.9/site-packages/airflow/example_dags/example_external_task_marker_dag.py for tasks to queue
[2023-05-26 22:17:06,257] {logging_mixin.py:115} INFO - [2023-05-26 22:17:06,257] {dagbag.py:507} INFO - Filling up the DagBag from /home/raf/pipeline-transform/.venv/lib/python3.9/site-packages/airflow/example_dags/example_external_task_marker_dag.py
[2023-05-26 22:17:06,260] {processor.py:651} INFO - DAG(s) dict_keys(['example_external_task_marker_parent', 'example_external_task_marker_child']) retrieved from /home/raf/pipeline-transform/.venv/lib/python3.9/site-packages/airflow/example_dags/example_external_task_marker_dag.py
[2023-05-26 22:17:06,281] {logging_mixin.py:115} INFO - [2023-05-26 22:17:06,281] {dag.py:2379} INFO - Sync 2 DAGs
[2023-05-26 22:17:06,296] {logging_mixin.py:115} INFO - [2023-05-26 22:17:06,296] {dag.py:2927} INFO - Setting next_dagrun for example_external_task_marker_child to None, run_after=None
[2023-05-26 22:17:06,296] {logging_mixin.py:115} INFO - [2023-05-26 22:17:06,296] {dag.py:2927} INFO - Setting next_dagrun for example_external_task_marker_parent to None, run_after=None
[2023-05-26 22:17:06,316] {processor.py:161} INFO - Processing /home/raf/pipeline-transform/.venv/lib/python3.9/site-packages/airflow/example_dags/example_external_task_marker_dag.py took 0.063 seconds
[2023-05-26 22:17:43,521] {processor.py:153} INFO - Started process (PID=29198) to work on /home/raf/pipeline-transform/.venv/lib/python3.9/site-packages/airflow/example_dags/example_external_task_marker_dag.py
[2023-05-26 22:17:43,547] {processor.py:641} INFO - Processing file /home/raf/pipeline-transform/.venv/lib/python3.9/site-packages/airflow/example_dags/example_external_task_marker_dag.py for tasks to queue
[2023-05-26 22:17:43,548] {logging_mixin.py:115} INFO - [2023-05-26 22:17:43,548] {dagbag.py:507} INFO - Filling up the DagBag from /home/raf/pipeline-transform/.venv/lib/python3.9/site-packages/airflow/example_dags/example_external_task_marker_dag.py
[2023-05-26 22:17:43,551] {processor.py:651} INFO - DAG(s) dict_keys(['example_external_task_marker_parent', 'example_external_task_marker_child']) retrieved from /home/raf/pipeline-transform/.venv/lib/python3.9/site-packages/airflow/example_dags/example_external_task_marker_dag.py
[2023-05-26 22:17:43,573] {logging_mixin.py:115} INFO - [2023-05-26 22:17:43,573] {dag.py:2379} INFO - Sync 2 DAGs
[2023-05-26 22:17:43,588] {logging_mixin.py:115} INFO - [2023-05-26 22:17:43,588] {dag.py:2927} INFO - Setting next_dagrun for example_external_task_marker_child to None, run_after=None
[2023-05-26 22:17:43,589] {logging_mixin.py:115} INFO - [2023-05-26 22:17:43,588] {dag.py:2927} INFO - Setting next_dagrun for example_external_task_marker_parent to None, run_after=None
[2023-05-26 22:17:43,608] {processor.py:161} INFO - Processing /home/raf/pipeline-transform/.venv/lib/python3.9/site-packages/airflow/example_dags/example_external_task_marker_dag.py took 0.090 seconds
[2023-05-26 22:18:19,796] {processor.py:153} INFO - Started process (PID=29336) to work on /home/raf/pipeline-transform/.venv/lib/python3.9/site-packages/airflow/example_dags/example_external_task_marker_dag.py
[2023-05-26 22:18:19,803] {processor.py:641} INFO - Processing file /home/raf/pipeline-transform/.venv/lib/python3.9/site-packages/airflow/example_dags/example_external_task_marker_dag.py for tasks to queue
[2023-05-26 22:18:19,804] {logging_mixin.py:115} INFO - [2023-05-26 22:18:19,804] {dagbag.py:507} INFO - Filling up the DagBag from /home/raf/pipeline-transform/.venv/lib/python3.9/site-packages/airflow/example_dags/example_external_task_marker_dag.py
[2023-05-26 22:18:19,807] {processor.py:651} INFO - DAG(s) dict_keys(['example_external_task_marker_parent', 'example_external_task_marker_child']) retrieved from /home/raf/pipeline-transform/.venv/lib/python3.9/site-packages/airflow/example_dags/example_external_task_marker_dag.py
[2023-05-26 22:18:19,828] {logging_mixin.py:115} INFO - [2023-05-26 22:18:19,828] {dag.py:2379} INFO - Sync 2 DAGs
[2023-05-26 22:18:19,845] {logging_mixin.py:115} INFO - [2023-05-26 22:18:19,844] {dag.py:2927} INFO - Setting next_dagrun for example_external_task_marker_child to None, run_after=None
[2023-05-26 22:18:19,845] {logging_mixin.py:115} INFO - [2023-05-26 22:18:19,845] {dag.py:2927} INFO - Setting next_dagrun for example_external_task_marker_parent to None, run_after=None
[2023-05-26 22:18:19,864] {processor.py:161} INFO - Processing /home/raf/pipeline-transform/.venv/lib/python3.9/site-packages/airflow/example_dags/example_external_task_marker_dag.py took 0.071 seconds
[2023-05-26 22:18:55,938] {processor.py:153} INFO - Started process (PID=29426) to work on /home/raf/pipeline-transform/.venv/lib/python3.9/site-packages/airflow/example_dags/example_external_task_marker_dag.py
[2023-05-26 22:18:55,946] {processor.py:641} INFO - Processing file /home/raf/pipeline-transform/.venv/lib/python3.9/site-packages/airflow/example_dags/example_external_task_marker_dag.py for tasks to queue
[2023-05-26 22:18:55,946] {logging_mixin.py:115} INFO - [2023-05-26 22:18:55,946] {dagbag.py:507} INFO - Filling up the DagBag from /home/raf/pipeline-transform/.venv/lib/python3.9/site-packages/airflow/example_dags/example_external_task_marker_dag.py
[2023-05-26 22:18:55,950] {processor.py:651} INFO - DAG(s) dict_keys(['example_external_task_marker_parent', 'example_external_task_marker_child']) retrieved from /home/raf/pipeline-transform/.venv/lib/python3.9/site-packages/airflow/example_dags/example_external_task_marker_dag.py
[2023-05-26 22:18:55,971] {logging_mixin.py:115} INFO - [2023-05-26 22:18:55,971] {dag.py:2379} INFO - Sync 2 DAGs
[2023-05-26 22:18:55,987] {logging_mixin.py:115} INFO - [2023-05-26 22:18:55,987] {dag.py:2927} INFO - Setting next_dagrun for example_external_task_marker_child to None, run_after=None
[2023-05-26 22:18:55,988] {logging_mixin.py:115} INFO - [2023-05-26 22:18:55,988] {dag.py:2927} INFO - Setting next_dagrun for example_external_task_marker_parent to None, run_after=None
[2023-05-26 22:18:56,006] {processor.py:161} INFO - Processing /home/raf/pipeline-transform/.venv/lib/python3.9/site-packages/airflow/example_dags/example_external_task_marker_dag.py took 0.071 seconds
[2023-05-26 22:19:33,914] {processor.py:153} INFO - Started process (PID=29685) to work on /home/raf/pipeline-transform/.venv/lib/python3.9/site-packages/airflow/example_dags/example_external_task_marker_dag.py
[2023-05-26 22:19:33,917] {processor.py:641} INFO - Processing file /home/raf/pipeline-transform/.venv/lib/python3.9/site-packages/airflow/example_dags/example_external_task_marker_dag.py for tasks to queue
[2023-05-26 22:19:33,918] {logging_mixin.py:115} INFO - [2023-05-26 22:19:33,918] {dagbag.py:507} INFO - Filling up the DagBag from /home/raf/pipeline-transform/.venv/lib/python3.9/site-packages/airflow/example_dags/example_external_task_marker_dag.py
[2023-05-26 22:19:33,922] {processor.py:651} INFO - DAG(s) dict_keys(['example_external_task_marker_parent', 'example_external_task_marker_child']) retrieved from /home/raf/pipeline-transform/.venv/lib/python3.9/site-packages/airflow/example_dags/example_external_task_marker_dag.py
[2023-05-26 22:19:33,943] {logging_mixin.py:115} INFO - [2023-05-26 22:19:33,943] {dag.py:2379} INFO - Sync 2 DAGs
[2023-05-26 22:19:33,960] {logging_mixin.py:115} INFO - [2023-05-26 22:19:33,960] {dag.py:2927} INFO - Setting next_dagrun for example_external_task_marker_child to None, run_after=None
[2023-05-26 22:19:33,961] {logging_mixin.py:115} INFO - [2023-05-26 22:19:33,961] {dag.py:2927} INFO - Setting next_dagrun for example_external_task_marker_parent to None, run_after=None
[2023-05-26 22:19:33,982] {processor.py:161} INFO - Processing /home/raf/pipeline-transform/.venv/lib/python3.9/site-packages/airflow/example_dags/example_external_task_marker_dag.py took 0.070 seconds
[2023-05-26 22:20:50,256] {processor.py:153} INFO - Started process (PID=30277) to work on /home/raf/pipeline-transform/.venv/lib/python3.9/site-packages/airflow/example_dags/example_external_task_marker_dag.py
[2023-05-26 22:20:50,268] {processor.py:641} INFO - Processing file /home/raf/pipeline-transform/.venv/lib/python3.9/site-packages/airflow/example_dags/example_external_task_marker_dag.py for tasks to queue
[2023-05-26 22:20:50,269] {logging_mixin.py:115} INFO - [2023-05-26 22:20:50,268] {dagbag.py:507} INFO - Filling up the DagBag from /home/raf/pipeline-transform/.venv/lib/python3.9/site-packages/airflow/example_dags/example_external_task_marker_dag.py
[2023-05-26 22:20:50,272] {processor.py:651} INFO - DAG(s) dict_keys(['example_external_task_marker_parent', 'example_external_task_marker_child']) retrieved from /home/raf/pipeline-transform/.venv/lib/python3.9/site-packages/airflow/example_dags/example_external_task_marker_dag.py
[2023-05-26 22:20:50,294] {logging_mixin.py:115} INFO - [2023-05-26 22:20:50,293] {dag.py:2379} INFO - Sync 2 DAGs
[2023-05-26 22:20:50,318] {logging_mixin.py:115} INFO - [2023-05-26 22:20:50,318] {dag.py:2927} INFO - Setting next_dagrun for example_external_task_marker_child to None, run_after=None
[2023-05-26 22:20:50,318] {logging_mixin.py:115} INFO - [2023-05-26 22:20:50,318] {dag.py:2927} INFO - Setting next_dagrun for example_external_task_marker_parent to None, run_after=None
[2023-05-26 22:20:50,336] {processor.py:161} INFO - Processing /home/raf/pipeline-transform/.venv/lib/python3.9/site-packages/airflow/example_dags/example_external_task_marker_dag.py took 0.082 seconds
[2023-05-26 22:21:24,299] {processor.py:153} INFO - Started process (PID=30571) to work on /home/raf/pipeline-transform/.venv/lib/python3.9/site-packages/airflow/example_dags/example_external_task_marker_dag.py
[2023-05-26 22:21:24,311] {processor.py:641} INFO - Processing file /home/raf/pipeline-transform/.venv/lib/python3.9/site-packages/airflow/example_dags/example_external_task_marker_dag.py for tasks to queue
[2023-05-26 22:21:24,312] {logging_mixin.py:115} INFO - [2023-05-26 22:21:24,312] {dagbag.py:507} INFO - Filling up the DagBag from /home/raf/pipeline-transform/.venv/lib/python3.9/site-packages/airflow/example_dags/example_external_task_marker_dag.py
[2023-05-26 22:21:24,315] {processor.py:651} INFO - DAG(s) dict_keys(['example_external_task_marker_parent', 'example_external_task_marker_child']) retrieved from /home/raf/pipeline-transform/.venv/lib/python3.9/site-packages/airflow/example_dags/example_external_task_marker_dag.py
[2023-05-26 22:21:24,344] {logging_mixin.py:115} INFO - [2023-05-26 22:21:24,344] {dag.py:2379} INFO - Sync 2 DAGs
[2023-05-26 22:21:24,371] {logging_mixin.py:115} INFO - [2023-05-26 22:21:24,371] {dag.py:2927} INFO - Setting next_dagrun for example_external_task_marker_child to None, run_after=None
[2023-05-26 22:21:24,371] {logging_mixin.py:115} INFO - [2023-05-26 22:21:24,371] {dag.py:2927} INFO - Setting next_dagrun for example_external_task_marker_parent to None, run_after=None
[2023-05-26 22:21:24,397] {processor.py:161} INFO - Processing /home/raf/pipeline-transform/.venv/lib/python3.9/site-packages/airflow/example_dags/example_external_task_marker_dag.py took 0.101 seconds
[2023-05-26 22:22:05,417] {processor.py:153} INFO - Started process (PID=30880) to work on /home/raf/pipeline-transform/.venv/lib/python3.9/site-packages/airflow/example_dags/example_external_task_marker_dag.py
[2023-05-26 22:22:05,434] {processor.py:641} INFO - Processing file /home/raf/pipeline-transform/.venv/lib/python3.9/site-packages/airflow/example_dags/example_external_task_marker_dag.py for tasks to queue
[2023-05-26 22:22:05,434] {logging_mixin.py:115} INFO - [2023-05-26 22:22:05,434] {dagbag.py:507} INFO - Filling up the DagBag from /home/raf/pipeline-transform/.venv/lib/python3.9/site-packages/airflow/example_dags/example_external_task_marker_dag.py
[2023-05-26 22:22:05,438] {processor.py:651} INFO - DAG(s) dict_keys(['example_external_task_marker_parent', 'example_external_task_marker_child']) retrieved from /home/raf/pipeline-transform/.venv/lib/python3.9/site-packages/airflow/example_dags/example_external_task_marker_dag.py
[2023-05-26 22:22:05,460] {logging_mixin.py:115} INFO - [2023-05-26 22:22:05,460] {dag.py:2379} INFO - Sync 2 DAGs
[2023-05-26 22:22:05,476] {logging_mixin.py:115} INFO - [2023-05-26 22:22:05,476] {dag.py:2927} INFO - Setting next_dagrun for example_external_task_marker_child to None, run_after=None
[2023-05-26 22:22:05,476] {logging_mixin.py:115} INFO - [2023-05-26 22:22:05,476] {dag.py:2927} INFO - Setting next_dagrun for example_external_task_marker_parent to None, run_after=None
[2023-05-26 22:22:05,498] {processor.py:161} INFO - Processing /home/raf/pipeline-transform/.venv/lib/python3.9/site-packages/airflow/example_dags/example_external_task_marker_dag.py took 0.085 seconds
[2023-05-26 22:22:41,501] {processor.py:153} INFO - Started process (PID=31074) to work on /home/raf/pipeline-transform/.venv/lib/python3.9/site-packages/airflow/example_dags/example_external_task_marker_dag.py
[2023-05-26 22:22:41,521] {processor.py:641} INFO - Processing file /home/raf/pipeline-transform/.venv/lib/python3.9/site-packages/airflow/example_dags/example_external_task_marker_dag.py for tasks to queue
[2023-05-26 22:22:41,521] {logging_mixin.py:115} INFO - [2023-05-26 22:22:41,521] {dagbag.py:507} INFO - Filling up the DagBag from /home/raf/pipeline-transform/.venv/lib/python3.9/site-packages/airflow/example_dags/example_external_task_marker_dag.py
[2023-05-26 22:22:41,525] {processor.py:651} INFO - DAG(s) dict_keys(['example_external_task_marker_parent', 'example_external_task_marker_child']) retrieved from /home/raf/pipeline-transform/.venv/lib/python3.9/site-packages/airflow/example_dags/example_external_task_marker_dag.py
[2023-05-26 22:22:41,551] {logging_mixin.py:115} INFO - [2023-05-26 22:22:41,551] {dag.py:2379} INFO - Sync 2 DAGs
[2023-05-26 22:22:41,568] {logging_mixin.py:115} INFO - [2023-05-26 22:22:41,568] {dag.py:2927} INFO - Setting next_dagrun for example_external_task_marker_child to None, run_after=None
[2023-05-26 22:22:41,568] {logging_mixin.py:115} INFO - [2023-05-26 22:22:41,568] {dag.py:2927} INFO - Setting next_dagrun for example_external_task_marker_parent to None, run_after=None
[2023-05-26 22:22:41,590] {processor.py:161} INFO - Processing /home/raf/pipeline-transform/.venv/lib/python3.9/site-packages/airflow/example_dags/example_external_task_marker_dag.py took 0.091 seconds
[2023-05-26 22:23:17,675] {processor.py:153} INFO - Started process (PID=31166) to work on /home/raf/pipeline-transform/.venv/lib/python3.9/site-packages/airflow/example_dags/example_external_task_marker_dag.py
[2023-05-26 22:23:17,696] {processor.py:641} INFO - Processing file /home/raf/pipeline-transform/.venv/lib/python3.9/site-packages/airflow/example_dags/example_external_task_marker_dag.py for tasks to queue
[2023-05-26 22:23:17,697] {logging_mixin.py:115} INFO - [2023-05-26 22:23:17,697] {dagbag.py:507} INFO - Filling up the DagBag from /home/raf/pipeline-transform/.venv/lib/python3.9/site-packages/airflow/example_dags/example_external_task_marker_dag.py
[2023-05-26 22:23:17,700] {processor.py:651} INFO - DAG(s) dict_keys(['example_external_task_marker_parent', 'example_external_task_marker_child']) retrieved from /home/raf/pipeline-transform/.venv/lib/python3.9/site-packages/airflow/example_dags/example_external_task_marker_dag.py
[2023-05-26 22:23:17,721] {logging_mixin.py:115} INFO - [2023-05-26 22:23:17,721] {dag.py:2379} INFO - Sync 2 DAGs
[2023-05-26 22:23:17,735] {logging_mixin.py:115} INFO - [2023-05-26 22:23:17,735] {dag.py:2927} INFO - Setting next_dagrun for example_external_task_marker_child to None, run_after=None
[2023-05-26 22:23:17,735] {logging_mixin.py:115} INFO - [2023-05-26 22:23:17,735] {dag.py:2927} INFO - Setting next_dagrun for example_external_task_marker_parent to None, run_after=None
[2023-05-26 22:23:17,755] {processor.py:161} INFO - Processing /home/raf/pipeline-transform/.venv/lib/python3.9/site-packages/airflow/example_dags/example_external_task_marker_dag.py took 0.082 seconds
[2023-05-26 22:23:52,401] {processor.py:153} INFO - Started process (PID=31256) to work on /home/raf/pipeline-transform/.venv/lib/python3.9/site-packages/airflow/example_dags/example_external_task_marker_dag.py
[2023-05-26 22:23:52,405] {processor.py:641} INFO - Processing file /home/raf/pipeline-transform/.venv/lib/python3.9/site-packages/airflow/example_dags/example_external_task_marker_dag.py for tasks to queue
[2023-05-26 22:23:52,405] {logging_mixin.py:115} INFO - [2023-05-26 22:23:52,405] {dagbag.py:507} INFO - Filling up the DagBag from /home/raf/pipeline-transform/.venv/lib/python3.9/site-packages/airflow/example_dags/example_external_task_marker_dag.py
[2023-05-26 22:23:52,408] {processor.py:651} INFO - DAG(s) dict_keys(['example_external_task_marker_parent', 'example_external_task_marker_child']) retrieved from /home/raf/pipeline-transform/.venv/lib/python3.9/site-packages/airflow/example_dags/example_external_task_marker_dag.py
[2023-05-26 22:23:52,429] {logging_mixin.py:115} INFO - [2023-05-26 22:23:52,429] {dag.py:2379} INFO - Sync 2 DAGs
[2023-05-26 22:23:52,443] {logging_mixin.py:115} INFO - [2023-05-26 22:23:52,443] {dag.py:2927} INFO - Setting next_dagrun for example_external_task_marker_child to None, run_after=None
[2023-05-26 22:23:52,444] {logging_mixin.py:115} INFO - [2023-05-26 22:23:52,444] {dag.py:2927} INFO - Setting next_dagrun for example_external_task_marker_parent to None, run_after=None
[2023-05-26 22:23:52,463] {processor.py:161} INFO - Processing /home/raf/pipeline-transform/.venv/lib/python3.9/site-packages/airflow/example_dags/example_external_task_marker_dag.py took 0.064 seconds
[2023-05-26 22:24:30,777] {processor.py:153} INFO - Started process (PID=31352) to work on /home/raf/pipeline-transform/.venv/lib/python3.9/site-packages/airflow/example_dags/example_external_task_marker_dag.py
[2023-05-26 22:24:30,778] {processor.py:641} INFO - Processing file /home/raf/pipeline-transform/.venv/lib/python3.9/site-packages/airflow/example_dags/example_external_task_marker_dag.py for tasks to queue
[2023-05-26 22:24:30,778] {logging_mixin.py:115} INFO - [2023-05-26 22:24:30,778] {dagbag.py:507} INFO - Filling up the DagBag from /home/raf/pipeline-transform/.venv/lib/python3.9/site-packages/airflow/example_dags/example_external_task_marker_dag.py
[2023-05-26 22:24:30,782] {processor.py:651} INFO - DAG(s) dict_keys(['example_external_task_marker_parent', 'example_external_task_marker_child']) retrieved from /home/raf/pipeline-transform/.venv/lib/python3.9/site-packages/airflow/example_dags/example_external_task_marker_dag.py
[2023-05-26 22:24:30,812] {logging_mixin.py:115} INFO - [2023-05-26 22:24:30,812] {dag.py:2379} INFO - Sync 2 DAGs
[2023-05-26 22:24:30,834] {logging_mixin.py:115} INFO - [2023-05-26 22:24:30,833] {dag.py:2927} INFO - Setting next_dagrun for example_external_task_marker_child to None, run_after=None
[2023-05-26 22:24:30,834] {logging_mixin.py:115} INFO - [2023-05-26 22:24:30,834] {dag.py:2927} INFO - Setting next_dagrun for example_external_task_marker_parent to None, run_after=None
[2023-05-26 22:24:30,855] {processor.py:161} INFO - Processing /home/raf/pipeline-transform/.venv/lib/python3.9/site-packages/airflow/example_dags/example_external_task_marker_dag.py took 0.080 seconds
[2023-05-26 22:25:08,755] {processor.py:153} INFO - Started process (PID=31447) to work on /home/raf/pipeline-transform/.venv/lib/python3.9/site-packages/airflow/example_dags/example_external_task_marker_dag.py
[2023-05-26 22:25:08,756] {processor.py:641} INFO - Processing file /home/raf/pipeline-transform/.venv/lib/python3.9/site-packages/airflow/example_dags/example_external_task_marker_dag.py for tasks to queue
[2023-05-26 22:25:08,757] {logging_mixin.py:115} INFO - [2023-05-26 22:25:08,756] {dagbag.py:507} INFO - Filling up the DagBag from /home/raf/pipeline-transform/.venv/lib/python3.9/site-packages/airflow/example_dags/example_external_task_marker_dag.py
[2023-05-26 22:25:08,763] {processor.py:651} INFO - DAG(s) dict_keys(['example_external_task_marker_parent', 'example_external_task_marker_child']) retrieved from /home/raf/pipeline-transform/.venv/lib/python3.9/site-packages/airflow/example_dags/example_external_task_marker_dag.py
[2023-05-26 22:25:08,790] {logging_mixin.py:115} INFO - [2023-05-26 22:25:08,790] {dag.py:2379} INFO - Sync 2 DAGs
[2023-05-26 22:25:08,808] {logging_mixin.py:115} INFO - [2023-05-26 22:25:08,808] {dag.py:2927} INFO - Setting next_dagrun for example_external_task_marker_child to None, run_after=None
[2023-05-26 22:25:08,808] {logging_mixin.py:115} INFO - [2023-05-26 22:25:08,808] {dag.py:2927} INFO - Setting next_dagrun for example_external_task_marker_parent to None, run_after=None
[2023-05-26 22:25:08,868] {processor.py:161} INFO - Processing /home/raf/pipeline-transform/.venv/lib/python3.9/site-packages/airflow/example_dags/example_external_task_marker_dag.py took 0.116 seconds
[2023-05-26 22:25:45,546] {processor.py:153} INFO - Started process (PID=31694) to work on /home/raf/pipeline-transform/.venv/lib/python3.9/site-packages/airflow/example_dags/example_external_task_marker_dag.py
[2023-05-26 22:25:45,561] {processor.py:641} INFO - Processing file /home/raf/pipeline-transform/.venv/lib/python3.9/site-packages/airflow/example_dags/example_external_task_marker_dag.py for tasks to queue
[2023-05-26 22:25:45,566] {logging_mixin.py:115} INFO - [2023-05-26 22:25:45,562] {dagbag.py:507} INFO - Filling up the DagBag from /home/raf/pipeline-transform/.venv/lib/python3.9/site-packages/airflow/example_dags/example_external_task_marker_dag.py
[2023-05-26 22:25:45,583] {processor.py:651} INFO - DAG(s) dict_keys(['example_external_task_marker_parent', 'example_external_task_marker_child']) retrieved from /home/raf/pipeline-transform/.venv/lib/python3.9/site-packages/airflow/example_dags/example_external_task_marker_dag.py
[2023-05-26 22:25:45,663] {logging_mixin.py:115} INFO - [2023-05-26 22:25:45,662] {dag.py:2379} INFO - Sync 2 DAGs
[2023-05-26 22:25:45,703] {logging_mixin.py:115} INFO - [2023-05-26 22:25:45,702] {dag.py:2927} INFO - Setting next_dagrun for example_external_task_marker_child to None, run_after=None
[2023-05-26 22:25:45,703] {logging_mixin.py:115} INFO - [2023-05-26 22:25:45,703] {dag.py:2927} INFO - Setting next_dagrun for example_external_task_marker_parent to None, run_after=None
[2023-05-26 22:25:45,752] {processor.py:161} INFO - Processing /home/raf/pipeline-transform/.venv/lib/python3.9/site-packages/airflow/example_dags/example_external_task_marker_dag.py took 0.218 seconds
[2023-05-26 22:26:29,550] {processor.py:153} INFO - Started process (PID=31908) to work on /home/raf/pipeline-transform/.venv/lib/python3.9/site-packages/airflow/example_dags/example_external_task_marker_dag.py
[2023-05-26 22:26:29,551] {processor.py:641} INFO - Processing file /home/raf/pipeline-transform/.venv/lib/python3.9/site-packages/airflow/example_dags/example_external_task_marker_dag.py for tasks to queue
[2023-05-26 22:26:29,552] {logging_mixin.py:115} INFO - [2023-05-26 22:26:29,552] {dagbag.py:507} INFO - Filling up the DagBag from /home/raf/pipeline-transform/.venv/lib/python3.9/site-packages/airflow/example_dags/example_external_task_marker_dag.py
[2023-05-26 22:26:29,558] {processor.py:651} INFO - DAG(s) dict_keys(['example_external_task_marker_parent', 'example_external_task_marker_child']) retrieved from /home/raf/pipeline-transform/.venv/lib/python3.9/site-packages/airflow/example_dags/example_external_task_marker_dag.py
[2023-05-26 22:26:29,600] {logging_mixin.py:115} INFO - [2023-05-26 22:26:29,600] {dag.py:2379} INFO - Sync 2 DAGs
[2023-05-26 22:26:29,625] {logging_mixin.py:115} INFO - [2023-05-26 22:26:29,625] {dag.py:2927} INFO - Setting next_dagrun for example_external_task_marker_child to None, run_after=None
[2023-05-26 22:26:29,625] {logging_mixin.py:115} INFO - [2023-05-26 22:26:29,625] {dag.py:2927} INFO - Setting next_dagrun for example_external_task_marker_parent to None, run_after=None
[2023-05-26 22:26:29,646] {processor.py:161} INFO - Processing /home/raf/pipeline-transform/.venv/lib/python3.9/site-packages/airflow/example_dags/example_external_task_marker_dag.py took 0.099 seconds
[2023-05-26 22:27:06,814] {processor.py:153} INFO - Started process (PID=32010) to work on /home/raf/pipeline-transform/.venv/lib/python3.9/site-packages/airflow/example_dags/example_external_task_marker_dag.py
[2023-05-26 22:27:06,834] {processor.py:641} INFO - Processing file /home/raf/pipeline-transform/.venv/lib/python3.9/site-packages/airflow/example_dags/example_external_task_marker_dag.py for tasks to queue
[2023-05-26 22:27:06,835] {logging_mixin.py:115} INFO - [2023-05-26 22:27:06,835] {dagbag.py:507} INFO - Filling up the DagBag from /home/raf/pipeline-transform/.venv/lib/python3.9/site-packages/airflow/example_dags/example_external_task_marker_dag.py
[2023-05-26 22:27:06,842] {processor.py:651} INFO - DAG(s) dict_keys(['example_external_task_marker_parent', 'example_external_task_marker_child']) retrieved from /home/raf/pipeline-transform/.venv/lib/python3.9/site-packages/airflow/example_dags/example_external_task_marker_dag.py
[2023-05-26 22:27:06,894] {logging_mixin.py:115} INFO - [2023-05-26 22:27:06,894] {dag.py:2379} INFO - Sync 2 DAGs
[2023-05-26 22:27:06,918] {logging_mixin.py:115} INFO - [2023-05-26 22:27:06,918] {dag.py:2927} INFO - Setting next_dagrun for example_external_task_marker_child to None, run_after=None
[2023-05-26 22:27:06,919] {logging_mixin.py:115} INFO - [2023-05-26 22:27:06,918] {dag.py:2927} INFO - Setting next_dagrun for example_external_task_marker_parent to None, run_after=None
[2023-05-26 22:27:06,955] {processor.py:161} INFO - Processing /home/raf/pipeline-transform/.venv/lib/python3.9/site-packages/airflow/example_dags/example_external_task_marker_dag.py took 0.144 seconds
[2023-05-26 22:27:43,537] {processor.py:153} INFO - Started process (PID=32169) to work on /home/raf/pipeline-transform/.venv/lib/python3.9/site-packages/airflow/example_dags/example_external_task_marker_dag.py
[2023-05-26 22:27:43,556] {processor.py:641} INFO - Processing file /home/raf/pipeline-transform/.venv/lib/python3.9/site-packages/airflow/example_dags/example_external_task_marker_dag.py for tasks to queue
[2023-05-26 22:27:43,557] {logging_mixin.py:115} INFO - [2023-05-26 22:27:43,556] {dagbag.py:507} INFO - Filling up the DagBag from /home/raf/pipeline-transform/.venv/lib/python3.9/site-packages/airflow/example_dags/example_external_task_marker_dag.py
[2023-05-26 22:27:43,561] {processor.py:651} INFO - DAG(s) dict_keys(['example_external_task_marker_parent', 'example_external_task_marker_child']) retrieved from /home/raf/pipeline-transform/.venv/lib/python3.9/site-packages/airflow/example_dags/example_external_task_marker_dag.py
[2023-05-26 22:27:43,591] {logging_mixin.py:115} INFO - [2023-05-26 22:27:43,591] {dag.py:2379} INFO - Sync 2 DAGs
[2023-05-26 22:27:43,611] {logging_mixin.py:115} INFO - [2023-05-26 22:27:43,611] {dag.py:2927} INFO - Setting next_dagrun for example_external_task_marker_child to None, run_after=None
[2023-05-26 22:27:43,612] {logging_mixin.py:115} INFO - [2023-05-26 22:27:43,612] {dag.py:2927} INFO - Setting next_dagrun for example_external_task_marker_parent to None, run_after=None
[2023-05-26 22:27:43,634] {processor.py:161} INFO - Processing /home/raf/pipeline-transform/.venv/lib/python3.9/site-packages/airflow/example_dags/example_external_task_marker_dag.py took 0.099 seconds
[2023-05-26 22:28:25,331] {processor.py:153} INFO - Started process (PID=32287) to work on /home/raf/pipeline-transform/.venv/lib/python3.9/site-packages/airflow/example_dags/example_external_task_marker_dag.py
[2023-05-26 22:28:25,346] {processor.py:641} INFO - Processing file /home/raf/pipeline-transform/.venv/lib/python3.9/site-packages/airflow/example_dags/example_external_task_marker_dag.py for tasks to queue
[2023-05-26 22:28:25,346] {logging_mixin.py:115} INFO - [2023-05-26 22:28:25,346] {dagbag.py:507} INFO - Filling up the DagBag from /home/raf/pipeline-transform/.venv/lib/python3.9/site-packages/airflow/example_dags/example_external_task_marker_dag.py
[2023-05-26 22:28:25,354] {processor.py:651} INFO - DAG(s) dict_keys(['example_external_task_marker_parent', 'example_external_task_marker_child']) retrieved from /home/raf/pipeline-transform/.venv/lib/python3.9/site-packages/airflow/example_dags/example_external_task_marker_dag.py
[2023-05-26 22:28:25,412] {logging_mixin.py:115} INFO - [2023-05-26 22:28:25,412] {dag.py:2379} INFO - Sync 2 DAGs
[2023-05-26 22:28:25,431] {logging_mixin.py:115} INFO - [2023-05-26 22:28:25,431] {dag.py:2927} INFO - Setting next_dagrun for example_external_task_marker_child to None, run_after=None
[2023-05-26 22:28:25,432] {logging_mixin.py:115} INFO - [2023-05-26 22:28:25,431] {dag.py:2927} INFO - Setting next_dagrun for example_external_task_marker_parent to None, run_after=None
[2023-05-26 22:28:25,486] {processor.py:161} INFO - Processing /home/raf/pipeline-transform/.venv/lib/python3.9/site-packages/airflow/example_dags/example_external_task_marker_dag.py took 0.166 seconds
[2023-05-26 22:29:01,423] {processor.py:153} INFO - Started process (PID=32376) to work on /home/raf/pipeline-transform/.venv/lib/python3.9/site-packages/airflow/example_dags/example_external_task_marker_dag.py
[2023-05-26 22:29:01,442] {processor.py:641} INFO - Processing file /home/raf/pipeline-transform/.venv/lib/python3.9/site-packages/airflow/example_dags/example_external_task_marker_dag.py for tasks to queue
[2023-05-26 22:29:01,443] {logging_mixin.py:115} INFO - [2023-05-26 22:29:01,443] {dagbag.py:507} INFO - Filling up the DagBag from /home/raf/pipeline-transform/.venv/lib/python3.9/site-packages/airflow/example_dags/example_external_task_marker_dag.py
[2023-05-26 22:29:01,449] {processor.py:651} INFO - DAG(s) dict_keys(['example_external_task_marker_parent', 'example_external_task_marker_child']) retrieved from /home/raf/pipeline-transform/.venv/lib/python3.9/site-packages/airflow/example_dags/example_external_task_marker_dag.py
[2023-05-26 22:29:01,527] {logging_mixin.py:115} INFO - [2023-05-26 22:29:01,527] {dag.py:2379} INFO - Sync 2 DAGs
[2023-05-26 22:29:01,549] {logging_mixin.py:115} INFO - [2023-05-26 22:29:01,549] {dag.py:2927} INFO - Setting next_dagrun for example_external_task_marker_child to None, run_after=None
[2023-05-26 22:29:01,549] {logging_mixin.py:115} INFO - [2023-05-26 22:29:01,549] {dag.py:2927} INFO - Setting next_dagrun for example_external_task_marker_parent to None, run_after=None
[2023-05-26 22:29:01,602] {processor.py:161} INFO - Processing /home/raf/pipeline-transform/.venv/lib/python3.9/site-packages/airflow/example_dags/example_external_task_marker_dag.py took 0.184 seconds
[2023-05-26 22:29:42,022] {processor.py:153} INFO - Started process (PID=32479) to work on /home/raf/pipeline-transform/.venv/lib/python3.9/site-packages/airflow/example_dags/example_external_task_marker_dag.py
[2023-05-26 22:29:42,042] {processor.py:641} INFO - Processing file /home/raf/pipeline-transform/.venv/lib/python3.9/site-packages/airflow/example_dags/example_external_task_marker_dag.py for tasks to queue
[2023-05-26 22:29:42,042] {logging_mixin.py:115} INFO - [2023-05-26 22:29:42,042] {dagbag.py:507} INFO - Filling up the DagBag from /home/raf/pipeline-transform/.venv/lib/python3.9/site-packages/airflow/example_dags/example_external_task_marker_dag.py
[2023-05-26 22:29:42,047] {processor.py:651} INFO - DAG(s) dict_keys(['example_external_task_marker_parent', 'example_external_task_marker_child']) retrieved from /home/raf/pipeline-transform/.venv/lib/python3.9/site-packages/airflow/example_dags/example_external_task_marker_dag.py
[2023-05-26 22:29:42,074] {logging_mixin.py:115} INFO - [2023-05-26 22:29:42,074] {dag.py:2379} INFO - Sync 2 DAGs
[2023-05-26 22:29:42,092] {logging_mixin.py:115} INFO - [2023-05-26 22:29:42,091] {dag.py:2927} INFO - Setting next_dagrun for example_external_task_marker_child to None, run_after=None
[2023-05-26 22:29:42,092] {logging_mixin.py:115} INFO - [2023-05-26 22:29:42,092] {dag.py:2927} INFO - Setting next_dagrun for example_external_task_marker_parent to None, run_after=None
[2023-05-26 22:29:42,146] {processor.py:161} INFO - Processing /home/raf/pipeline-transform/.venv/lib/python3.9/site-packages/airflow/example_dags/example_external_task_marker_dag.py took 0.128 seconds
[2023-05-26 22:30:18,508] {processor.py:153} INFO - Started process (PID=32626) to work on /home/raf/pipeline-transform/.venv/lib/python3.9/site-packages/airflow/example_dags/example_external_task_marker_dag.py
[2023-05-26 22:30:18,533] {processor.py:641} INFO - Processing file /home/raf/pipeline-transform/.venv/lib/python3.9/site-packages/airflow/example_dags/example_external_task_marker_dag.py for tasks to queue
[2023-05-26 22:30:18,534] {logging_mixin.py:115} INFO - [2023-05-26 22:30:18,534] {dagbag.py:507} INFO - Filling up the DagBag from /home/raf/pipeline-transform/.venv/lib/python3.9/site-packages/airflow/example_dags/example_external_task_marker_dag.py
[2023-05-26 22:30:18,539] {processor.py:651} INFO - DAG(s) dict_keys(['example_external_task_marker_parent', 'example_external_task_marker_child']) retrieved from /home/raf/pipeline-transform/.venv/lib/python3.9/site-packages/airflow/example_dags/example_external_task_marker_dag.py
[2023-05-26 22:30:18,569] {logging_mixin.py:115} INFO - [2023-05-26 22:30:18,569] {dag.py:2379} INFO - Sync 2 DAGs
[2023-05-26 22:30:18,588] {logging_mixin.py:115} INFO - [2023-05-26 22:30:18,588] {dag.py:2927} INFO - Setting next_dagrun for example_external_task_marker_child to None, run_after=None
[2023-05-26 22:30:18,588] {logging_mixin.py:115} INFO - [2023-05-26 22:30:18,588] {dag.py:2927} INFO - Setting next_dagrun for example_external_task_marker_parent to None, run_after=None
[2023-05-26 22:30:18,609] {processor.py:161} INFO - Processing /home/raf/pipeline-transform/.venv/lib/python3.9/site-packages/airflow/example_dags/example_external_task_marker_dag.py took 0.104 seconds
[2023-05-26 22:30:54,094] {processor.py:153} INFO - Started process (PID=317) to work on /home/raf/pipeline-transform/.venv/lib/python3.9/site-packages/airflow/example_dags/example_external_task_marker_dag.py
[2023-05-26 22:30:54,098] {processor.py:641} INFO - Processing file /home/raf/pipeline-transform/.venv/lib/python3.9/site-packages/airflow/example_dags/example_external_task_marker_dag.py for tasks to queue
[2023-05-26 22:30:54,099] {logging_mixin.py:115} INFO - [2023-05-26 22:30:54,099] {dagbag.py:507} INFO - Filling up the DagBag from /home/raf/pipeline-transform/.venv/lib/python3.9/site-packages/airflow/example_dags/example_external_task_marker_dag.py
[2023-05-26 22:30:54,102] {processor.py:651} INFO - DAG(s) dict_keys(['example_external_task_marker_parent', 'example_external_task_marker_child']) retrieved from /home/raf/pipeline-transform/.venv/lib/python3.9/site-packages/airflow/example_dags/example_external_task_marker_dag.py
[2023-05-26 22:30:54,128] {logging_mixin.py:115} INFO - [2023-05-26 22:30:54,128] {dag.py:2379} INFO - Sync 2 DAGs
[2023-05-26 22:30:54,144] {logging_mixin.py:115} INFO - [2023-05-26 22:30:54,144] {dag.py:2927} INFO - Setting next_dagrun for example_external_task_marker_child to None, run_after=None
[2023-05-26 22:30:54,145] {logging_mixin.py:115} INFO - [2023-05-26 22:30:54,145] {dag.py:2927} INFO - Setting next_dagrun for example_external_task_marker_parent to None, run_after=None
[2023-05-26 22:30:54,165] {processor.py:161} INFO - Processing /home/raf/pipeline-transform/.venv/lib/python3.9/site-packages/airflow/example_dags/example_external_task_marker_dag.py took 0.074 seconds
[2023-05-26 22:31:38,594] {processor.py:153} INFO - Started process (PID=460) to work on /home/raf/pipeline-transform/.venv/lib/python3.9/site-packages/airflow/example_dags/example_external_task_marker_dag.py
[2023-05-26 22:31:38,598] {processor.py:641} INFO - Processing file /home/raf/pipeline-transform/.venv/lib/python3.9/site-packages/airflow/example_dags/example_external_task_marker_dag.py for tasks to queue
[2023-05-26 22:31:38,599] {logging_mixin.py:115} INFO - [2023-05-26 22:31:38,599] {dagbag.py:507} INFO - Filling up the DagBag from /home/raf/pipeline-transform/.venv/lib/python3.9/site-packages/airflow/example_dags/example_external_task_marker_dag.py
[2023-05-26 22:31:38,603] {processor.py:651} INFO - DAG(s) dict_keys(['example_external_task_marker_parent', 'example_external_task_marker_child']) retrieved from /home/raf/pipeline-transform/.venv/lib/python3.9/site-packages/airflow/example_dags/example_external_task_marker_dag.py
[2023-05-26 22:31:38,628] {logging_mixin.py:115} INFO - [2023-05-26 22:31:38,627] {dag.py:2379} INFO - Sync 2 DAGs
[2023-05-26 22:31:38,644] {logging_mixin.py:115} INFO - [2023-05-26 22:31:38,644] {dag.py:2927} INFO - Setting next_dagrun for example_external_task_marker_child to None, run_after=None
[2023-05-26 22:31:38,644] {logging_mixin.py:115} INFO - [2023-05-26 22:31:38,644] {dag.py:2927} INFO - Setting next_dagrun for example_external_task_marker_parent to None, run_after=None
[2023-05-26 22:31:38,663] {processor.py:161} INFO - Processing /home/raf/pipeline-transform/.venv/lib/python3.9/site-packages/airflow/example_dags/example_external_task_marker_dag.py took 0.071 seconds
