[2023-05-26 22:03:46,545] {processor.py:153} INFO - Started process (PID=26107) to work on /home/raf/pipeline-transform/.venv/lib/python3.9/site-packages/airflow/example_dags/example_trigger_target_dag.py
[2023-05-26 22:03:46,546] {processor.py:641} INFO - Processing file /home/raf/pipeline-transform/.venv/lib/python3.9/site-packages/airflow/example_dags/example_trigger_target_dag.py for tasks to queue
[2023-05-26 22:03:46,546] {logging_mixin.py:115} INFO - [2023-05-26 22:03:46,546] {dagbag.py:507} INFO - Filling up the DagBag from /home/raf/pipeline-transform/.venv/lib/python3.9/site-packages/airflow/example_dags/example_trigger_target_dag.py
[2023-05-26 22:03:46,563] {processor.py:651} INFO - DAG(s) dict_keys(['example_trigger_target_dag']) retrieved from /home/raf/pipeline-transform/.venv/lib/python3.9/site-packages/airflow/example_dags/example_trigger_target_dag.py
[2023-05-26 22:03:46,602] {logging_mixin.py:115} INFO - [2023-05-26 22:03:46,602] {dag.py:2379} INFO - Sync 1 DAGs
[2023-05-26 22:03:46,616] {logging_mixin.py:115} INFO - [2023-05-26 22:03:46,616] {dag.py:2927} INFO - Setting next_dagrun for example_trigger_target_dag to None, run_after=None
[2023-05-26 22:03:46,650] {processor.py:161} INFO - Processing /home/raf/pipeline-transform/.venv/lib/python3.9/site-packages/airflow/example_dags/example_trigger_target_dag.py took 0.107 seconds
[2023-05-26 22:04:20,863] {processor.py:153} INFO - Started process (PID=26292) to work on /home/raf/pipeline-transform/.venv/lib/python3.9/site-packages/airflow/example_dags/example_trigger_target_dag.py
[2023-05-26 22:04:20,870] {processor.py:641} INFO - Processing file /home/raf/pipeline-transform/.venv/lib/python3.9/site-packages/airflow/example_dags/example_trigger_target_dag.py for tasks to queue
[2023-05-26 22:04:20,870] {logging_mixin.py:115} INFO - [2023-05-26 22:04:20,870] {dagbag.py:507} INFO - Filling up the DagBag from /home/raf/pipeline-transform/.venv/lib/python3.9/site-packages/airflow/example_dags/example_trigger_target_dag.py
[2023-05-26 22:04:20,888] {processor.py:651} INFO - DAG(s) dict_keys(['example_trigger_target_dag']) retrieved from /home/raf/pipeline-transform/.venv/lib/python3.9/site-packages/airflow/example_dags/example_trigger_target_dag.py
[2023-05-26 22:04:20,901] {logging_mixin.py:115} INFO - [2023-05-26 22:04:20,901] {dag.py:2379} INFO - Sync 1 DAGs
[2023-05-26 22:04:20,918] {logging_mixin.py:115} INFO - [2023-05-26 22:04:20,918] {dag.py:2927} INFO - Setting next_dagrun for example_trigger_target_dag to None, run_after=None
[2023-05-26 22:04:20,936] {processor.py:161} INFO - Processing /home/raf/pipeline-transform/.venv/lib/python3.9/site-packages/airflow/example_dags/example_trigger_target_dag.py took 0.076 seconds
[2023-05-26 22:04:55,984] {processor.py:153} INFO - Started process (PID=26582) to work on /home/raf/pipeline-transform/.venv/lib/python3.9/site-packages/airflow/example_dags/example_trigger_target_dag.py
[2023-05-26 22:04:55,992] {processor.py:641} INFO - Processing file /home/raf/pipeline-transform/.venv/lib/python3.9/site-packages/airflow/example_dags/example_trigger_target_dag.py for tasks to queue
[2023-05-26 22:04:55,993] {logging_mixin.py:115} INFO - [2023-05-26 22:04:55,993] {dagbag.py:507} INFO - Filling up the DagBag from /home/raf/pipeline-transform/.venv/lib/python3.9/site-packages/airflow/example_dags/example_trigger_target_dag.py
[2023-05-26 22:04:56,008] {processor.py:651} INFO - DAG(s) dict_keys(['example_trigger_target_dag']) retrieved from /home/raf/pipeline-transform/.venv/lib/python3.9/site-packages/airflow/example_dags/example_trigger_target_dag.py
[2023-05-26 22:04:56,024] {logging_mixin.py:115} INFO - [2023-05-26 22:04:56,024] {dag.py:2379} INFO - Sync 1 DAGs
[2023-05-26 22:04:56,043] {logging_mixin.py:115} INFO - [2023-05-26 22:04:56,043] {dag.py:2927} INFO - Setting next_dagrun for example_trigger_target_dag to None, run_after=None
[2023-05-26 22:04:56,066] {processor.py:161} INFO - Processing /home/raf/pipeline-transform/.venv/lib/python3.9/site-packages/airflow/example_dags/example_trigger_target_dag.py took 0.085 seconds
[2023-05-26 22:05:32,644] {processor.py:153} INFO - Started process (PID=26862) to work on /home/raf/pipeline-transform/.venv/lib/python3.9/site-packages/airflow/example_dags/example_trigger_target_dag.py
[2023-05-26 22:05:32,654] {processor.py:641} INFO - Processing file /home/raf/pipeline-transform/.venv/lib/python3.9/site-packages/airflow/example_dags/example_trigger_target_dag.py for tasks to queue
[2023-05-26 22:05:32,654] {logging_mixin.py:115} INFO - [2023-05-26 22:05:32,654] {dagbag.py:507} INFO - Filling up the DagBag from /home/raf/pipeline-transform/.venv/lib/python3.9/site-packages/airflow/example_dags/example_trigger_target_dag.py
[2023-05-26 22:05:32,667] {processor.py:651} INFO - DAG(s) dict_keys(['example_trigger_target_dag']) retrieved from /home/raf/pipeline-transform/.venv/lib/python3.9/site-packages/airflow/example_dags/example_trigger_target_dag.py
[2023-05-26 22:05:32,679] {logging_mixin.py:115} INFO - [2023-05-26 22:05:32,679] {dag.py:2379} INFO - Sync 1 DAGs
[2023-05-26 22:05:32,695] {logging_mixin.py:115} INFO - [2023-05-26 22:05:32,695] {dag.py:2927} INFO - Setting next_dagrun for example_trigger_target_dag to None, run_after=None
[2023-05-26 22:05:32,715] {processor.py:161} INFO - Processing /home/raf/pipeline-transform/.venv/lib/python3.9/site-packages/airflow/example_dags/example_trigger_target_dag.py took 0.073 seconds
[2023-05-26 22:06:08,380] {processor.py:153} INFO - Started process (PID=26981) to work on /home/raf/pipeline-transform/.venv/lib/python3.9/site-packages/airflow/example_dags/example_trigger_target_dag.py
[2023-05-26 22:06:08,390] {processor.py:641} INFO - Processing file /home/raf/pipeline-transform/.venv/lib/python3.9/site-packages/airflow/example_dags/example_trigger_target_dag.py for tasks to queue
[2023-05-26 22:06:08,391] {logging_mixin.py:115} INFO - [2023-05-26 22:06:08,391] {dagbag.py:507} INFO - Filling up the DagBag from /home/raf/pipeline-transform/.venv/lib/python3.9/site-packages/airflow/example_dags/example_trigger_target_dag.py
[2023-05-26 22:06:08,403] {processor.py:651} INFO - DAG(s) dict_keys(['example_trigger_target_dag']) retrieved from /home/raf/pipeline-transform/.venv/lib/python3.9/site-packages/airflow/example_dags/example_trigger_target_dag.py
[2023-05-26 22:06:08,416] {logging_mixin.py:115} INFO - [2023-05-26 22:06:08,416] {dag.py:2379} INFO - Sync 1 DAGs
[2023-05-26 22:06:08,432] {logging_mixin.py:115} INFO - [2023-05-26 22:06:08,432] {dag.py:2927} INFO - Setting next_dagrun for example_trigger_target_dag to None, run_after=None
[2023-05-26 22:06:08,449] {processor.py:161} INFO - Processing /home/raf/pipeline-transform/.venv/lib/python3.9/site-packages/airflow/example_dags/example_trigger_target_dag.py took 0.071 seconds
[2023-05-26 22:06:45,687] {processor.py:153} INFO - Started process (PID=27182) to work on /home/raf/pipeline-transform/.venv/lib/python3.9/site-packages/airflow/example_dags/example_trigger_target_dag.py
[2023-05-26 22:06:45,689] {processor.py:641} INFO - Processing file /home/raf/pipeline-transform/.venv/lib/python3.9/site-packages/airflow/example_dags/example_trigger_target_dag.py for tasks to queue
[2023-05-26 22:06:45,689] {logging_mixin.py:115} INFO - [2023-05-26 22:06:45,689] {dagbag.py:507} INFO - Filling up the DagBag from /home/raf/pipeline-transform/.venv/lib/python3.9/site-packages/airflow/example_dags/example_trigger_target_dag.py
[2023-05-26 22:06:45,701] {processor.py:651} INFO - DAG(s) dict_keys(['example_trigger_target_dag']) retrieved from /home/raf/pipeline-transform/.venv/lib/python3.9/site-packages/airflow/example_dags/example_trigger_target_dag.py
[2023-05-26 22:06:45,714] {logging_mixin.py:115} INFO - [2023-05-26 22:06:45,713] {dag.py:2379} INFO - Sync 1 DAGs
[2023-05-26 22:06:45,729] {logging_mixin.py:115} INFO - [2023-05-26 22:06:45,729] {dag.py:2927} INFO - Setting next_dagrun for example_trigger_target_dag to None, run_after=None
[2023-05-26 22:06:45,750] {processor.py:161} INFO - Processing /home/raf/pipeline-transform/.venv/lib/python3.9/site-packages/airflow/example_dags/example_trigger_target_dag.py took 0.065 seconds
[2023-05-26 22:07:20,635] {processor.py:153} INFO - Started process (PID=27273) to work on /home/raf/pipeline-transform/.venv/lib/python3.9/site-packages/airflow/example_dags/example_trigger_target_dag.py
[2023-05-26 22:07:20,647] {processor.py:641} INFO - Processing file /home/raf/pipeline-transform/.venv/lib/python3.9/site-packages/airflow/example_dags/example_trigger_target_dag.py for tasks to queue
[2023-05-26 22:07:20,647] {logging_mixin.py:115} INFO - [2023-05-26 22:07:20,647] {dagbag.py:507} INFO - Filling up the DagBag from /home/raf/pipeline-transform/.venv/lib/python3.9/site-packages/airflow/example_dags/example_trigger_target_dag.py
[2023-05-26 22:07:20,664] {processor.py:651} INFO - DAG(s) dict_keys(['example_trigger_target_dag']) retrieved from /home/raf/pipeline-transform/.venv/lib/python3.9/site-packages/airflow/example_dags/example_trigger_target_dag.py
[2023-05-26 22:07:20,681] {logging_mixin.py:115} INFO - [2023-05-26 22:07:20,681] {dag.py:2379} INFO - Sync 1 DAGs
[2023-05-26 22:07:20,707] {logging_mixin.py:115} INFO - [2023-05-26 22:07:20,707] {dag.py:2927} INFO - Setting next_dagrun for example_trigger_target_dag to None, run_after=None
[2023-05-26 22:07:20,743] {processor.py:161} INFO - Processing /home/raf/pipeline-transform/.venv/lib/python3.9/site-packages/airflow/example_dags/example_trigger_target_dag.py took 0.112 seconds
[2023-05-26 22:07:57,132] {processor.py:153} INFO - Started process (PID=27364) to work on /home/raf/pipeline-transform/.venv/lib/python3.9/site-packages/airflow/example_dags/example_trigger_target_dag.py
[2023-05-26 22:07:57,136] {processor.py:641} INFO - Processing file /home/raf/pipeline-transform/.venv/lib/python3.9/site-packages/airflow/example_dags/example_trigger_target_dag.py for tasks to queue
[2023-05-26 22:07:57,137] {logging_mixin.py:115} INFO - [2023-05-26 22:07:57,137] {dagbag.py:507} INFO - Filling up the DagBag from /home/raf/pipeline-transform/.venv/lib/python3.9/site-packages/airflow/example_dags/example_trigger_target_dag.py
[2023-05-26 22:07:57,151] {processor.py:651} INFO - DAG(s) dict_keys(['example_trigger_target_dag']) retrieved from /home/raf/pipeline-transform/.venv/lib/python3.9/site-packages/airflow/example_dags/example_trigger_target_dag.py
[2023-05-26 22:07:57,165] {logging_mixin.py:115} INFO - [2023-05-26 22:07:57,165] {dag.py:2379} INFO - Sync 1 DAGs
[2023-05-26 22:07:57,183] {logging_mixin.py:115} INFO - [2023-05-26 22:07:57,183] {dag.py:2927} INFO - Setting next_dagrun for example_trigger_target_dag to None, run_after=None
[2023-05-26 22:07:57,202] {processor.py:161} INFO - Processing /home/raf/pipeline-transform/.venv/lib/python3.9/site-packages/airflow/example_dags/example_trigger_target_dag.py took 0.074 seconds
[2023-05-26 22:08:30,769] {processor.py:153} INFO - Started process (PID=27501) to work on /home/raf/pipeline-transform/.venv/lib/python3.9/site-packages/airflow/example_dags/example_trigger_target_dag.py
[2023-05-26 22:08:30,782] {processor.py:641} INFO - Processing file /home/raf/pipeline-transform/.venv/lib/python3.9/site-packages/airflow/example_dags/example_trigger_target_dag.py for tasks to queue
[2023-05-26 22:08:30,783] {logging_mixin.py:115} INFO - [2023-05-26 22:08:30,783] {dagbag.py:507} INFO - Filling up the DagBag from /home/raf/pipeline-transform/.venv/lib/python3.9/site-packages/airflow/example_dags/example_trigger_target_dag.py
[2023-05-26 22:08:30,795] {processor.py:651} INFO - DAG(s) dict_keys(['example_trigger_target_dag']) retrieved from /home/raf/pipeline-transform/.venv/lib/python3.9/site-packages/airflow/example_dags/example_trigger_target_dag.py
[2023-05-26 22:08:30,808] {logging_mixin.py:115} INFO - [2023-05-26 22:08:30,808] {dag.py:2379} INFO - Sync 1 DAGs
[2023-05-26 22:08:30,825] {logging_mixin.py:115} INFO - [2023-05-26 22:08:30,825] {dag.py:2927} INFO - Setting next_dagrun for example_trigger_target_dag to None, run_after=None
[2023-05-26 22:08:30,841] {processor.py:161} INFO - Processing /home/raf/pipeline-transform/.venv/lib/python3.9/site-packages/airflow/example_dags/example_trigger_target_dag.py took 0.074 seconds
[2023-05-26 22:09:09,060] {processor.py:153} INFO - Started process (PID=27599) to work on /home/raf/pipeline-transform/.venv/lib/python3.9/site-packages/airflow/example_dags/example_trigger_target_dag.py
[2023-05-26 22:09:09,080] {processor.py:641} INFO - Processing file /home/raf/pipeline-transform/.venv/lib/python3.9/site-packages/airflow/example_dags/example_trigger_target_dag.py for tasks to queue
[2023-05-26 22:09:09,081] {logging_mixin.py:115} INFO - [2023-05-26 22:09:09,080] {dagbag.py:507} INFO - Filling up the DagBag from /home/raf/pipeline-transform/.venv/lib/python3.9/site-packages/airflow/example_dags/example_trigger_target_dag.py
[2023-05-26 22:09:09,093] {processor.py:651} INFO - DAG(s) dict_keys(['example_trigger_target_dag']) retrieved from /home/raf/pipeline-transform/.venv/lib/python3.9/site-packages/airflow/example_dags/example_trigger_target_dag.py
[2023-05-26 22:09:09,105] {logging_mixin.py:115} INFO - [2023-05-26 22:09:09,105] {dag.py:2379} INFO - Sync 1 DAGs
[2023-05-26 22:09:09,122] {logging_mixin.py:115} INFO - [2023-05-26 22:09:09,122] {dag.py:2927} INFO - Setting next_dagrun for example_trigger_target_dag to None, run_after=None
[2023-05-26 22:09:09,141] {processor.py:161} INFO - Processing /home/raf/pipeline-transform/.venv/lib/python3.9/site-packages/airflow/example_dags/example_trigger_target_dag.py took 0.083 seconds
[2023-05-26 22:09:42,959] {processor.py:153} INFO - Started process (PID=27786) to work on /home/raf/pipeline-transform/.venv/lib/python3.9/site-packages/airflow/example_dags/example_trigger_target_dag.py
[2023-05-26 22:09:42,959] {processor.py:641} INFO - Processing file /home/raf/pipeline-transform/.venv/lib/python3.9/site-packages/airflow/example_dags/example_trigger_target_dag.py for tasks to queue
[2023-05-26 22:09:42,960] {logging_mixin.py:115} INFO - [2023-05-26 22:09:42,959] {dagbag.py:507} INFO - Filling up the DagBag from /home/raf/pipeline-transform/.venv/lib/python3.9/site-packages/airflow/example_dags/example_trigger_target_dag.py
[2023-05-26 22:09:42,974] {processor.py:651} INFO - DAG(s) dict_keys(['example_trigger_target_dag']) retrieved from /home/raf/pipeline-transform/.venv/lib/python3.9/site-packages/airflow/example_dags/example_trigger_target_dag.py
[2023-05-26 22:09:42,987] {logging_mixin.py:115} INFO - [2023-05-26 22:09:42,987] {dag.py:2379} INFO - Sync 1 DAGs
[2023-05-26 22:09:43,003] {logging_mixin.py:115} INFO - [2023-05-26 22:09:43,003] {dag.py:2927} INFO - Setting next_dagrun for example_trigger_target_dag to None, run_after=None
[2023-05-26 22:09:43,020] {processor.py:161} INFO - Processing /home/raf/pipeline-transform/.venv/lib/python3.9/site-packages/airflow/example_dags/example_trigger_target_dag.py took 0.064 seconds
[2023-05-26 22:10:19,273] {processor.py:153} INFO - Started process (PID=27877) to work on /home/raf/pipeline-transform/.venv/lib/python3.9/site-packages/airflow/example_dags/example_trigger_target_dag.py
[2023-05-26 22:10:19,294] {processor.py:641} INFO - Processing file /home/raf/pipeline-transform/.venv/lib/python3.9/site-packages/airflow/example_dags/example_trigger_target_dag.py for tasks to queue
[2023-05-26 22:10:19,295] {logging_mixin.py:115} INFO - [2023-05-26 22:10:19,294] {dagbag.py:507} INFO - Filling up the DagBag from /home/raf/pipeline-transform/.venv/lib/python3.9/site-packages/airflow/example_dags/example_trigger_target_dag.py
[2023-05-26 22:10:19,307] {processor.py:651} INFO - DAG(s) dict_keys(['example_trigger_target_dag']) retrieved from /home/raf/pipeline-transform/.venv/lib/python3.9/site-packages/airflow/example_dags/example_trigger_target_dag.py
[2023-05-26 22:10:19,319] {logging_mixin.py:115} INFO - [2023-05-26 22:10:19,319] {dag.py:2379} INFO - Sync 1 DAGs
[2023-05-26 22:10:19,335] {logging_mixin.py:115} INFO - [2023-05-26 22:10:19,335] {dag.py:2927} INFO - Setting next_dagrun for example_trigger_target_dag to None, run_after=None
[2023-05-26 22:10:19,351] {processor.py:161} INFO - Processing /home/raf/pipeline-transform/.venv/lib/python3.9/site-packages/airflow/example_dags/example_trigger_target_dag.py took 0.080 seconds
[2023-05-26 22:10:54,984] {processor.py:153} INFO - Started process (PID=27965) to work on /home/raf/pipeline-transform/.venv/lib/python3.9/site-packages/airflow/example_dags/example_trigger_target_dag.py
[2023-05-26 22:10:54,990] {processor.py:641} INFO - Processing file /home/raf/pipeline-transform/.venv/lib/python3.9/site-packages/airflow/example_dags/example_trigger_target_dag.py for tasks to queue
[2023-05-26 22:10:54,991] {logging_mixin.py:115} INFO - [2023-05-26 22:10:54,991] {dagbag.py:507} INFO - Filling up the DagBag from /home/raf/pipeline-transform/.venv/lib/python3.9/site-packages/airflow/example_dags/example_trigger_target_dag.py
[2023-05-26 22:10:55,004] {processor.py:651} INFO - DAG(s) dict_keys(['example_trigger_target_dag']) retrieved from /home/raf/pipeline-transform/.venv/lib/python3.9/site-packages/airflow/example_dags/example_trigger_target_dag.py
[2023-05-26 22:10:55,017] {logging_mixin.py:115} INFO - [2023-05-26 22:10:55,017] {dag.py:2379} INFO - Sync 1 DAGs
[2023-05-26 22:10:55,034] {logging_mixin.py:115} INFO - [2023-05-26 22:10:55,034] {dag.py:2927} INFO - Setting next_dagrun for example_trigger_target_dag to None, run_after=None
[2023-05-26 22:10:55,054] {processor.py:161} INFO - Processing /home/raf/pipeline-transform/.venv/lib/python3.9/site-packages/airflow/example_dags/example_trigger_target_dag.py took 0.073 seconds
[2023-05-26 22:11:34,956] {processor.py:153} INFO - Started process (PID=28068) to work on /home/raf/pipeline-transform/.venv/lib/python3.9/site-packages/airflow/example_dags/example_trigger_target_dag.py
[2023-05-26 22:11:34,961] {processor.py:641} INFO - Processing file /home/raf/pipeline-transform/.venv/lib/python3.9/site-packages/airflow/example_dags/example_trigger_target_dag.py for tasks to queue
[2023-05-26 22:11:34,961] {logging_mixin.py:115} INFO - [2023-05-26 22:11:34,961] {dagbag.py:507} INFO - Filling up the DagBag from /home/raf/pipeline-transform/.venv/lib/python3.9/site-packages/airflow/example_dags/example_trigger_target_dag.py
[2023-05-26 22:11:34,977] {processor.py:651} INFO - DAG(s) dict_keys(['example_trigger_target_dag']) retrieved from /home/raf/pipeline-transform/.venv/lib/python3.9/site-packages/airflow/example_dags/example_trigger_target_dag.py
[2023-05-26 22:11:34,993] {logging_mixin.py:115} INFO - [2023-05-26 22:11:34,993] {dag.py:2379} INFO - Sync 1 DAGs
[2023-05-26 22:11:35,013] {logging_mixin.py:115} INFO - [2023-05-26 22:11:35,013] {dag.py:2927} INFO - Setting next_dagrun for example_trigger_target_dag to None, run_after=None
[2023-05-26 22:11:35,048] {processor.py:161} INFO - Processing /home/raf/pipeline-transform/.venv/lib/python3.9/site-packages/airflow/example_dags/example_trigger_target_dag.py took 0.094 seconds
[2023-05-26 22:12:12,577] {processor.py:153} INFO - Started process (PID=28173) to work on /home/raf/pipeline-transform/.venv/lib/python3.9/site-packages/airflow/example_dags/example_trigger_target_dag.py
[2023-05-26 22:12:12,582] {processor.py:641} INFO - Processing file /home/raf/pipeline-transform/.venv/lib/python3.9/site-packages/airflow/example_dags/example_trigger_target_dag.py for tasks to queue
[2023-05-26 22:12:12,582] {logging_mixin.py:115} INFO - [2023-05-26 22:12:12,582] {dagbag.py:507} INFO - Filling up the DagBag from /home/raf/pipeline-transform/.venv/lib/python3.9/site-packages/airflow/example_dags/example_trigger_target_dag.py
[2023-05-26 22:12:12,595] {processor.py:651} INFO - DAG(s) dict_keys(['example_trigger_target_dag']) retrieved from /home/raf/pipeline-transform/.venv/lib/python3.9/site-packages/airflow/example_dags/example_trigger_target_dag.py
[2023-05-26 22:12:12,607] {logging_mixin.py:115} INFO - [2023-05-26 22:12:12,607] {dag.py:2379} INFO - Sync 1 DAGs
[2023-05-26 22:12:12,624] {logging_mixin.py:115} INFO - [2023-05-26 22:12:12,624] {dag.py:2927} INFO - Setting next_dagrun for example_trigger_target_dag to None, run_after=None
[2023-05-26 22:12:12,643] {processor.py:161} INFO - Processing /home/raf/pipeline-transform/.venv/lib/python3.9/site-packages/airflow/example_dags/example_trigger_target_dag.py took 0.068 seconds
[2023-05-26 22:12:48,292] {processor.py:153} INFO - Started process (PID=28412) to work on /home/raf/pipeline-transform/.venv/lib/python3.9/site-packages/airflow/example_dags/example_trigger_target_dag.py
[2023-05-26 22:12:48,299] {processor.py:641} INFO - Processing file /home/raf/pipeline-transform/.venv/lib/python3.9/site-packages/airflow/example_dags/example_trigger_target_dag.py for tasks to queue
[2023-05-26 22:12:48,299] {logging_mixin.py:115} INFO - [2023-05-26 22:12:48,299] {dagbag.py:507} INFO - Filling up the DagBag from /home/raf/pipeline-transform/.venv/lib/python3.9/site-packages/airflow/example_dags/example_trigger_target_dag.py
[2023-05-26 22:12:48,312] {processor.py:651} INFO - DAG(s) dict_keys(['example_trigger_target_dag']) retrieved from /home/raf/pipeline-transform/.venv/lib/python3.9/site-packages/airflow/example_dags/example_trigger_target_dag.py
[2023-05-26 22:12:48,325] {logging_mixin.py:115} INFO - [2023-05-26 22:12:48,325] {dag.py:2379} INFO - Sync 1 DAGs
[2023-05-26 22:12:48,342] {logging_mixin.py:115} INFO - [2023-05-26 22:12:48,342] {dag.py:2927} INFO - Setting next_dagrun for example_trigger_target_dag to None, run_after=None
[2023-05-26 22:12:48,363] {processor.py:161} INFO - Processing /home/raf/pipeline-transform/.venv/lib/python3.9/site-packages/airflow/example_dags/example_trigger_target_dag.py took 0.073 seconds
[2023-05-26 22:13:22,455] {processor.py:153} INFO - Started process (PID=28550) to work on /home/raf/pipeline-transform/.venv/lib/python3.9/site-packages/airflow/example_dags/example_trigger_target_dag.py
[2023-05-26 22:13:22,456] {processor.py:641} INFO - Processing file /home/raf/pipeline-transform/.venv/lib/python3.9/site-packages/airflow/example_dags/example_trigger_target_dag.py for tasks to queue
[2023-05-26 22:13:22,457] {logging_mixin.py:115} INFO - [2023-05-26 22:13:22,457] {dagbag.py:507} INFO - Filling up the DagBag from /home/raf/pipeline-transform/.venv/lib/python3.9/site-packages/airflow/example_dags/example_trigger_target_dag.py
[2023-05-26 22:13:22,474] {processor.py:651} INFO - DAG(s) dict_keys(['example_trigger_target_dag']) retrieved from /home/raf/pipeline-transform/.venv/lib/python3.9/site-packages/airflow/example_dags/example_trigger_target_dag.py
[2023-05-26 22:13:22,489] {logging_mixin.py:115} INFO - [2023-05-26 22:13:22,489] {dag.py:2379} INFO - Sync 1 DAGs
[2023-05-26 22:13:22,513] {logging_mixin.py:115} INFO - [2023-05-26 22:13:22,512] {dag.py:2927} INFO - Setting next_dagrun for example_trigger_target_dag to None, run_after=None
[2023-05-26 22:13:22,562] {processor.py:161} INFO - Processing /home/raf/pipeline-transform/.venv/lib/python3.9/site-packages/airflow/example_dags/example_trigger_target_dag.py took 0.110 seconds
[2023-05-26 22:13:58,643] {processor.py:153} INFO - Started process (PID=28641) to work on /home/raf/pipeline-transform/.venv/lib/python3.9/site-packages/airflow/example_dags/example_trigger_target_dag.py
[2023-05-26 22:13:58,647] {processor.py:641} INFO - Processing file /home/raf/pipeline-transform/.venv/lib/python3.9/site-packages/airflow/example_dags/example_trigger_target_dag.py for tasks to queue
[2023-05-26 22:13:58,648] {logging_mixin.py:115} INFO - [2023-05-26 22:13:58,647] {dagbag.py:507} INFO - Filling up the DagBag from /home/raf/pipeline-transform/.venv/lib/python3.9/site-packages/airflow/example_dags/example_trigger_target_dag.py
[2023-05-26 22:13:58,660] {processor.py:651} INFO - DAG(s) dict_keys(['example_trigger_target_dag']) retrieved from /home/raf/pipeline-transform/.venv/lib/python3.9/site-packages/airflow/example_dags/example_trigger_target_dag.py
[2023-05-26 22:13:58,673] {logging_mixin.py:115} INFO - [2023-05-26 22:13:58,673] {dag.py:2379} INFO - Sync 1 DAGs
[2023-05-26 22:13:58,688] {logging_mixin.py:115} INFO - [2023-05-26 22:13:58,688] {dag.py:2927} INFO - Setting next_dagrun for example_trigger_target_dag to None, run_after=None
[2023-05-26 22:13:58,707] {processor.py:161} INFO - Processing /home/raf/pipeline-transform/.venv/lib/python3.9/site-packages/airflow/example_dags/example_trigger_target_dag.py took 0.067 seconds
[2023-05-26 22:14:35,154] {processor.py:153} INFO - Started process (PID=28732) to work on /home/raf/pipeline-transform/.venv/lib/python3.9/site-packages/airflow/example_dags/example_trigger_target_dag.py
[2023-05-26 22:14:35,174] {processor.py:641} INFO - Processing file /home/raf/pipeline-transform/.venv/lib/python3.9/site-packages/airflow/example_dags/example_trigger_target_dag.py for tasks to queue
[2023-05-26 22:14:35,174] {logging_mixin.py:115} INFO - [2023-05-26 22:14:35,174] {dagbag.py:507} INFO - Filling up the DagBag from /home/raf/pipeline-transform/.venv/lib/python3.9/site-packages/airflow/example_dags/example_trigger_target_dag.py
[2023-05-26 22:14:35,187] {processor.py:651} INFO - DAG(s) dict_keys(['example_trigger_target_dag']) retrieved from /home/raf/pipeline-transform/.venv/lib/python3.9/site-packages/airflow/example_dags/example_trigger_target_dag.py
[2023-05-26 22:14:35,200] {logging_mixin.py:115} INFO - [2023-05-26 22:14:35,200] {dag.py:2379} INFO - Sync 1 DAGs
[2023-05-26 22:14:35,216] {logging_mixin.py:115} INFO - [2023-05-26 22:14:35,216] {dag.py:2927} INFO - Setting next_dagrun for example_trigger_target_dag to None, run_after=None
[2023-05-26 22:14:35,237] {processor.py:161} INFO - Processing /home/raf/pipeline-transform/.venv/lib/python3.9/site-packages/airflow/example_dags/example_trigger_target_dag.py took 0.086 seconds
[2023-05-26 22:15:10,883] {processor.py:153} INFO - Started process (PID=28819) to work on /home/raf/pipeline-transform/.venv/lib/python3.9/site-packages/airflow/example_dags/example_trigger_target_dag.py
[2023-05-26 22:15:10,903] {processor.py:641} INFO - Processing file /home/raf/pipeline-transform/.venv/lib/python3.9/site-packages/airflow/example_dags/example_trigger_target_dag.py for tasks to queue
[2023-05-26 22:15:10,904] {logging_mixin.py:115} INFO - [2023-05-26 22:15:10,904] {dagbag.py:507} INFO - Filling up the DagBag from /home/raf/pipeline-transform/.venv/lib/python3.9/site-packages/airflow/example_dags/example_trigger_target_dag.py
[2023-05-26 22:15:10,918] {processor.py:651} INFO - DAG(s) dict_keys(['example_trigger_target_dag']) retrieved from /home/raf/pipeline-transform/.venv/lib/python3.9/site-packages/airflow/example_dags/example_trigger_target_dag.py
[2023-05-26 22:15:10,931] {logging_mixin.py:115} INFO - [2023-05-26 22:15:10,931] {dag.py:2379} INFO - Sync 1 DAGs
[2023-05-26 22:15:10,947] {logging_mixin.py:115} INFO - [2023-05-26 22:15:10,947] {dag.py:2927} INFO - Setting next_dagrun for example_trigger_target_dag to None, run_after=None
[2023-05-26 22:15:10,964] {processor.py:161} INFO - Processing /home/raf/pipeline-transform/.venv/lib/python3.9/site-packages/airflow/example_dags/example_trigger_target_dag.py took 0.084 seconds
[2023-05-26 22:15:47,206] {processor.py:153} INFO - Started process (PID=28910) to work on /home/raf/pipeline-transform/.venv/lib/python3.9/site-packages/airflow/example_dags/example_trigger_target_dag.py
[2023-05-26 22:15:47,207] {processor.py:641} INFO - Processing file /home/raf/pipeline-transform/.venv/lib/python3.9/site-packages/airflow/example_dags/example_trigger_target_dag.py for tasks to queue
[2023-05-26 22:15:47,208] {logging_mixin.py:115} INFO - [2023-05-26 22:15:47,208] {dagbag.py:507} INFO - Filling up the DagBag from /home/raf/pipeline-transform/.venv/lib/python3.9/site-packages/airflow/example_dags/example_trigger_target_dag.py
[2023-05-26 22:15:47,221] {processor.py:651} INFO - DAG(s) dict_keys(['example_trigger_target_dag']) retrieved from /home/raf/pipeline-transform/.venv/lib/python3.9/site-packages/airflow/example_dags/example_trigger_target_dag.py
[2023-05-26 22:15:47,234] {logging_mixin.py:115} INFO - [2023-05-26 22:15:47,234] {dag.py:2379} INFO - Sync 1 DAGs
[2023-05-26 22:15:47,250] {logging_mixin.py:115} INFO - [2023-05-26 22:15:47,250] {dag.py:2927} INFO - Setting next_dagrun for example_trigger_target_dag to None, run_after=None
[2023-05-26 22:15:47,268] {processor.py:161} INFO - Processing /home/raf/pipeline-transform/.venv/lib/python3.9/site-packages/airflow/example_dags/example_trigger_target_dag.py took 0.065 seconds
[2023-05-26 22:16:24,579] {processor.py:153} INFO - Started process (PID=29001) to work on /home/raf/pipeline-transform/.venv/lib/python3.9/site-packages/airflow/example_dags/example_trigger_target_dag.py
[2023-05-26 22:16:24,603] {processor.py:641} INFO - Processing file /home/raf/pipeline-transform/.venv/lib/python3.9/site-packages/airflow/example_dags/example_trigger_target_dag.py for tasks to queue
[2023-05-26 22:16:24,604] {logging_mixin.py:115} INFO - [2023-05-26 22:16:24,604] {dagbag.py:507} INFO - Filling up the DagBag from /home/raf/pipeline-transform/.venv/lib/python3.9/site-packages/airflow/example_dags/example_trigger_target_dag.py
[2023-05-26 22:16:24,617] {processor.py:651} INFO - DAG(s) dict_keys(['example_trigger_target_dag']) retrieved from /home/raf/pipeline-transform/.venv/lib/python3.9/site-packages/airflow/example_dags/example_trigger_target_dag.py
[2023-05-26 22:16:24,629] {logging_mixin.py:115} INFO - [2023-05-26 22:16:24,629] {dag.py:2379} INFO - Sync 1 DAGs
[2023-05-26 22:16:24,646] {logging_mixin.py:115} INFO - [2023-05-26 22:16:24,646] {dag.py:2927} INFO - Setting next_dagrun for example_trigger_target_dag to None, run_after=None
[2023-05-26 22:16:24,664] {processor.py:161} INFO - Processing /home/raf/pipeline-transform/.venv/lib/python3.9/site-packages/airflow/example_dags/example_trigger_target_dag.py took 0.087 seconds
[2023-05-26 22:16:59,879] {processor.py:153} INFO - Started process (PID=29089) to work on /home/raf/pipeline-transform/.venv/lib/python3.9/site-packages/airflow/example_dags/example_trigger_target_dag.py
[2023-05-26 22:16:59,882] {processor.py:641} INFO - Processing file /home/raf/pipeline-transform/.venv/lib/python3.9/site-packages/airflow/example_dags/example_trigger_target_dag.py for tasks to queue
[2023-05-26 22:16:59,883] {logging_mixin.py:115} INFO - [2023-05-26 22:16:59,883] {dagbag.py:507} INFO - Filling up the DagBag from /home/raf/pipeline-transform/.venv/lib/python3.9/site-packages/airflow/example_dags/example_trigger_target_dag.py
[2023-05-26 22:16:59,897] {processor.py:651} INFO - DAG(s) dict_keys(['example_trigger_target_dag']) retrieved from /home/raf/pipeline-transform/.venv/lib/python3.9/site-packages/airflow/example_dags/example_trigger_target_dag.py
[2023-05-26 22:16:59,912] {logging_mixin.py:115} INFO - [2023-05-26 22:16:59,912] {dag.py:2379} INFO - Sync 1 DAGs
[2023-05-26 22:16:59,931] {logging_mixin.py:115} INFO - [2023-05-26 22:16:59,931] {dag.py:2927} INFO - Setting next_dagrun for example_trigger_target_dag to None, run_after=None
[2023-05-26 22:16:59,952] {processor.py:161} INFO - Processing /home/raf/pipeline-transform/.venv/lib/python3.9/site-packages/airflow/example_dags/example_trigger_target_dag.py took 0.076 seconds
[2023-05-26 22:17:37,111] {processor.py:153} INFO - Started process (PID=29180) to work on /home/raf/pipeline-transform/.venv/lib/python3.9/site-packages/airflow/example_dags/example_trigger_target_dag.py
[2023-05-26 22:17:37,137] {processor.py:641} INFO - Processing file /home/raf/pipeline-transform/.venv/lib/python3.9/site-packages/airflow/example_dags/example_trigger_target_dag.py for tasks to queue
[2023-05-26 22:17:37,137] {logging_mixin.py:115} INFO - [2023-05-26 22:17:37,137] {dagbag.py:507} INFO - Filling up the DagBag from /home/raf/pipeline-transform/.venv/lib/python3.9/site-packages/airflow/example_dags/example_trigger_target_dag.py
[2023-05-26 22:17:37,150] {processor.py:651} INFO - DAG(s) dict_keys(['example_trigger_target_dag']) retrieved from /home/raf/pipeline-transform/.venv/lib/python3.9/site-packages/airflow/example_dags/example_trigger_target_dag.py
[2023-05-26 22:17:37,163] {logging_mixin.py:115} INFO - [2023-05-26 22:17:37,163] {dag.py:2379} INFO - Sync 1 DAGs
[2023-05-26 22:17:37,180] {logging_mixin.py:115} INFO - [2023-05-26 22:17:37,180] {dag.py:2927} INFO - Setting next_dagrun for example_trigger_target_dag to None, run_after=None
[2023-05-26 22:17:37,200] {processor.py:161} INFO - Processing /home/raf/pipeline-transform/.venv/lib/python3.9/site-packages/airflow/example_dags/example_trigger_target_dag.py took 0.092 seconds
[2023-05-26 22:18:12,283] {processor.py:153} INFO - Started process (PID=29266) to work on /home/raf/pipeline-transform/.venv/lib/python3.9/site-packages/airflow/example_dags/example_trigger_target_dag.py
[2023-05-26 22:18:12,290] {processor.py:641} INFO - Processing file /home/raf/pipeline-transform/.venv/lib/python3.9/site-packages/airflow/example_dags/example_trigger_target_dag.py for tasks to queue
[2023-05-26 22:18:12,291] {logging_mixin.py:115} INFO - [2023-05-26 22:18:12,291] {dagbag.py:507} INFO - Filling up the DagBag from /home/raf/pipeline-transform/.venv/lib/python3.9/site-packages/airflow/example_dags/example_trigger_target_dag.py
[2023-05-26 22:18:12,306] {processor.py:651} INFO - DAG(s) dict_keys(['example_trigger_target_dag']) retrieved from /home/raf/pipeline-transform/.venv/lib/python3.9/site-packages/airflow/example_dags/example_trigger_target_dag.py
[2023-05-26 22:18:12,320] {logging_mixin.py:115} INFO - [2023-05-26 22:18:12,320] {dag.py:2379} INFO - Sync 1 DAGs
[2023-05-26 22:18:12,338] {logging_mixin.py:115} INFO - [2023-05-26 22:18:12,338] {dag.py:2927} INFO - Setting next_dagrun for example_trigger_target_dag to None, run_after=None
[2023-05-26 22:18:12,357] {processor.py:161} INFO - Processing /home/raf/pipeline-transform/.venv/lib/python3.9/site-packages/airflow/example_dags/example_trigger_target_dag.py took 0.077 seconds
[2023-05-26 22:18:49,056] {processor.py:153} INFO - Started process (PID=29408) to work on /home/raf/pipeline-transform/.venv/lib/python3.9/site-packages/airflow/example_dags/example_trigger_target_dag.py
[2023-05-26 22:18:49,064] {processor.py:641} INFO - Processing file /home/raf/pipeline-transform/.venv/lib/python3.9/site-packages/airflow/example_dags/example_trigger_target_dag.py for tasks to queue
[2023-05-26 22:18:49,065] {logging_mixin.py:115} INFO - [2023-05-26 22:18:49,065] {dagbag.py:507} INFO - Filling up the DagBag from /home/raf/pipeline-transform/.venv/lib/python3.9/site-packages/airflow/example_dags/example_trigger_target_dag.py
[2023-05-26 22:18:49,080] {processor.py:651} INFO - DAG(s) dict_keys(['example_trigger_target_dag']) retrieved from /home/raf/pipeline-transform/.venv/lib/python3.9/site-packages/airflow/example_dags/example_trigger_target_dag.py
[2023-05-26 22:18:49,098] {logging_mixin.py:115} INFO - [2023-05-26 22:18:49,098] {dag.py:2379} INFO - Sync 1 DAGs
[2023-05-26 22:18:49,121] {logging_mixin.py:115} INFO - [2023-05-26 22:18:49,121] {dag.py:2927} INFO - Setting next_dagrun for example_trigger_target_dag to None, run_after=None
[2023-05-26 22:18:49,146] {processor.py:161} INFO - Processing /home/raf/pipeline-transform/.venv/lib/python3.9/site-packages/airflow/example_dags/example_trigger_target_dag.py took 0.093 seconds
[2023-05-26 22:19:27,488] {processor.py:153} INFO - Started process (PID=29670) to work on /home/raf/pipeline-transform/.venv/lib/python3.9/site-packages/airflow/example_dags/example_trigger_target_dag.py
[2023-05-26 22:19:27,497] {processor.py:641} INFO - Processing file /home/raf/pipeline-transform/.venv/lib/python3.9/site-packages/airflow/example_dags/example_trigger_target_dag.py for tasks to queue
[2023-05-26 22:19:27,497] {logging_mixin.py:115} INFO - [2023-05-26 22:19:27,497] {dagbag.py:507} INFO - Filling up the DagBag from /home/raf/pipeline-transform/.venv/lib/python3.9/site-packages/airflow/example_dags/example_trigger_target_dag.py
[2023-05-26 22:19:27,512] {processor.py:651} INFO - DAG(s) dict_keys(['example_trigger_target_dag']) retrieved from /home/raf/pipeline-transform/.venv/lib/python3.9/site-packages/airflow/example_dags/example_trigger_target_dag.py
[2023-05-26 22:19:27,525] {logging_mixin.py:115} INFO - [2023-05-26 22:19:27,525] {dag.py:2379} INFO - Sync 1 DAGs
[2023-05-26 22:19:27,541] {logging_mixin.py:115} INFO - [2023-05-26 22:19:27,541] {dag.py:2927} INFO - Setting next_dagrun for example_trigger_target_dag to None, run_after=None
[2023-05-26 22:19:27,560] {processor.py:161} INFO - Processing /home/raf/pipeline-transform/.venv/lib/python3.9/site-packages/airflow/example_dags/example_trigger_target_dag.py took 0.075 seconds
[2023-05-26 22:20:03,679] {processor.py:153} INFO - Started process (PID=29877) to work on /home/raf/pipeline-transform/.venv/lib/python3.9/site-packages/airflow/example_dags/example_trigger_target_dag.py
[2023-05-26 22:20:03,690] {processor.py:641} INFO - Processing file /home/raf/pipeline-transform/.venv/lib/python3.9/site-packages/airflow/example_dags/example_trigger_target_dag.py for tasks to queue
[2023-05-26 22:20:03,690] {logging_mixin.py:115} INFO - [2023-05-26 22:20:03,690] {dagbag.py:507} INFO - Filling up the DagBag from /home/raf/pipeline-transform/.venv/lib/python3.9/site-packages/airflow/example_dags/example_trigger_target_dag.py
[2023-05-26 22:20:03,703] {processor.py:651} INFO - DAG(s) dict_keys(['example_trigger_target_dag']) retrieved from /home/raf/pipeline-transform/.venv/lib/python3.9/site-packages/airflow/example_dags/example_trigger_target_dag.py
[2023-05-26 22:20:03,716] {logging_mixin.py:115} INFO - [2023-05-26 22:20:03,716] {dag.py:2379} INFO - Sync 1 DAGs
[2023-05-26 22:20:03,732] {logging_mixin.py:115} INFO - [2023-05-26 22:20:03,732] {dag.py:2927} INFO - Setting next_dagrun for example_trigger_target_dag to None, run_after=None
[2023-05-26 22:20:03,752] {processor.py:161} INFO - Processing /home/raf/pipeline-transform/.venv/lib/python3.9/site-packages/airflow/example_dags/example_trigger_target_dag.py took 0.075 seconds
[2023-05-26 22:20:47,894] {processor.py:153} INFO - Started process (PID=30272) to work on /home/raf/pipeline-transform/.venv/lib/python3.9/site-packages/airflow/example_dags/example_trigger_target_dag.py
[2023-05-26 22:20:47,899] {processor.py:641} INFO - Processing file /home/raf/pipeline-transform/.venv/lib/python3.9/site-packages/airflow/example_dags/example_trigger_target_dag.py for tasks to queue
[2023-05-26 22:20:47,899] {logging_mixin.py:115} INFO - [2023-05-26 22:20:47,899] {dagbag.py:507} INFO - Filling up the DagBag from /home/raf/pipeline-transform/.venv/lib/python3.9/site-packages/airflow/example_dags/example_trigger_target_dag.py
[2023-05-26 22:20:47,912] {processor.py:651} INFO - DAG(s) dict_keys(['example_trigger_target_dag']) retrieved from /home/raf/pipeline-transform/.venv/lib/python3.9/site-packages/airflow/example_dags/example_trigger_target_dag.py
[2023-05-26 22:20:47,926] {logging_mixin.py:115} INFO - [2023-05-26 22:20:47,926] {dag.py:2379} INFO - Sync 1 DAGs
[2023-05-26 22:20:47,944] {logging_mixin.py:115} INFO - [2023-05-26 22:20:47,944] {dag.py:2927} INFO - Setting next_dagrun for example_trigger_target_dag to None, run_after=None
[2023-05-26 22:20:47,962] {processor.py:161} INFO - Processing /home/raf/pipeline-transform/.venv/lib/python3.9/site-packages/airflow/example_dags/example_trigger_target_dag.py took 0.070 seconds
[2023-05-26 22:21:22,386] {processor.py:153} INFO - Started process (PID=30562) to work on /home/raf/pipeline-transform/.venv/lib/python3.9/site-packages/airflow/example_dags/example_trigger_target_dag.py
[2023-05-26 22:21:22,390] {processor.py:641} INFO - Processing file /home/raf/pipeline-transform/.venv/lib/python3.9/site-packages/airflow/example_dags/example_trigger_target_dag.py for tasks to queue
[2023-05-26 22:21:22,391] {logging_mixin.py:115} INFO - [2023-05-26 22:21:22,390] {dagbag.py:507} INFO - Filling up the DagBag from /home/raf/pipeline-transform/.venv/lib/python3.9/site-packages/airflow/example_dags/example_trigger_target_dag.py
[2023-05-26 22:21:22,410] {processor.py:651} INFO - DAG(s) dict_keys(['example_trigger_target_dag']) retrieved from /home/raf/pipeline-transform/.venv/lib/python3.9/site-packages/airflow/example_dags/example_trigger_target_dag.py
[2023-05-26 22:21:22,425] {logging_mixin.py:115} INFO - [2023-05-26 22:21:22,424] {dag.py:2379} INFO - Sync 1 DAGs
[2023-05-26 22:21:22,443] {logging_mixin.py:115} INFO - [2023-05-26 22:21:22,443] {dag.py:2927} INFO - Setting next_dagrun for example_trigger_target_dag to None, run_after=None
[2023-05-26 22:21:22,460] {processor.py:161} INFO - Processing /home/raf/pipeline-transform/.venv/lib/python3.9/site-packages/airflow/example_dags/example_trigger_target_dag.py took 0.079 seconds
[2023-05-26 22:22:03,385] {processor.py:153} INFO - Started process (PID=30875) to work on /home/raf/pipeline-transform/.venv/lib/python3.9/site-packages/airflow/example_dags/example_trigger_target_dag.py
[2023-05-26 22:22:03,400] {processor.py:641} INFO - Processing file /home/raf/pipeline-transform/.venv/lib/python3.9/site-packages/airflow/example_dags/example_trigger_target_dag.py for tasks to queue
[2023-05-26 22:22:03,400] {logging_mixin.py:115} INFO - [2023-05-26 22:22:03,400] {dagbag.py:507} INFO - Filling up the DagBag from /home/raf/pipeline-transform/.venv/lib/python3.9/site-packages/airflow/example_dags/example_trigger_target_dag.py
[2023-05-26 22:22:03,414] {processor.py:651} INFO - DAG(s) dict_keys(['example_trigger_target_dag']) retrieved from /home/raf/pipeline-transform/.venv/lib/python3.9/site-packages/airflow/example_dags/example_trigger_target_dag.py
[2023-05-26 22:22:03,428] {logging_mixin.py:115} INFO - [2023-05-26 22:22:03,428] {dag.py:2379} INFO - Sync 1 DAGs
[2023-05-26 22:22:03,448] {logging_mixin.py:115} INFO - [2023-05-26 22:22:03,448] {dag.py:2927} INFO - Setting next_dagrun for example_trigger_target_dag to None, run_after=None
[2023-05-26 22:22:03,468] {processor.py:161} INFO - Processing /home/raf/pipeline-transform/.venv/lib/python3.9/site-packages/airflow/example_dags/example_trigger_target_dag.py took 0.086 seconds
[2023-05-26 22:22:40,023] {processor.py:153} INFO - Started process (PID=31069) to work on /home/raf/pipeline-transform/.venv/lib/python3.9/site-packages/airflow/example_dags/example_trigger_target_dag.py
[2023-05-26 22:22:40,026] {processor.py:641} INFO - Processing file /home/raf/pipeline-transform/.venv/lib/python3.9/site-packages/airflow/example_dags/example_trigger_target_dag.py for tasks to queue
[2023-05-26 22:22:40,026] {logging_mixin.py:115} INFO - [2023-05-26 22:22:40,026] {dagbag.py:507} INFO - Filling up the DagBag from /home/raf/pipeline-transform/.venv/lib/python3.9/site-packages/airflow/example_dags/example_trigger_target_dag.py
[2023-05-26 22:22:40,041] {processor.py:651} INFO - DAG(s) dict_keys(['example_trigger_target_dag']) retrieved from /home/raf/pipeline-transform/.venv/lib/python3.9/site-packages/airflow/example_dags/example_trigger_target_dag.py
[2023-05-26 22:22:40,056] {logging_mixin.py:115} INFO - [2023-05-26 22:22:40,056] {dag.py:2379} INFO - Sync 1 DAGs
[2023-05-26 22:22:40,073] {logging_mixin.py:115} INFO - [2023-05-26 22:22:40,073] {dag.py:2927} INFO - Setting next_dagrun for example_trigger_target_dag to None, run_after=None
[2023-05-26 22:22:40,095] {processor.py:161} INFO - Processing /home/raf/pipeline-transform/.venv/lib/python3.9/site-packages/airflow/example_dags/example_trigger_target_dag.py took 0.074 seconds
[2023-05-26 22:23:14,811] {processor.py:153} INFO - Started process (PID=31160) to work on /home/raf/pipeline-transform/.venv/lib/python3.9/site-packages/airflow/example_dags/example_trigger_target_dag.py
[2023-05-26 22:23:14,812] {processor.py:641} INFO - Processing file /home/raf/pipeline-transform/.venv/lib/python3.9/site-packages/airflow/example_dags/example_trigger_target_dag.py for tasks to queue
[2023-05-26 22:23:14,812] {logging_mixin.py:115} INFO - [2023-05-26 22:23:14,812] {dagbag.py:507} INFO - Filling up the DagBag from /home/raf/pipeline-transform/.venv/lib/python3.9/site-packages/airflow/example_dags/example_trigger_target_dag.py
[2023-05-26 22:23:14,825] {processor.py:651} INFO - DAG(s) dict_keys(['example_trigger_target_dag']) retrieved from /home/raf/pipeline-transform/.venv/lib/python3.9/site-packages/airflow/example_dags/example_trigger_target_dag.py
[2023-05-26 22:23:14,838] {logging_mixin.py:115} INFO - [2023-05-26 22:23:14,838] {dag.py:2379} INFO - Sync 1 DAGs
[2023-05-26 22:23:14,854] {logging_mixin.py:115} INFO - [2023-05-26 22:23:14,854] {dag.py:2927} INFO - Setting next_dagrun for example_trigger_target_dag to None, run_after=None
[2023-05-26 22:23:14,876] {processor.py:161} INFO - Processing /home/raf/pipeline-transform/.venv/lib/python3.9/site-packages/airflow/example_dags/example_trigger_target_dag.py took 0.067 seconds
[2023-05-26 22:23:49,934] {processor.py:153} INFO - Started process (PID=31251) to work on /home/raf/pipeline-transform/.venv/lib/python3.9/site-packages/airflow/example_dags/example_trigger_target_dag.py
[2023-05-26 22:23:49,936] {processor.py:641} INFO - Processing file /home/raf/pipeline-transform/.venv/lib/python3.9/site-packages/airflow/example_dags/example_trigger_target_dag.py for tasks to queue
[2023-05-26 22:23:49,937] {logging_mixin.py:115} INFO - [2023-05-26 22:23:49,936] {dagbag.py:507} INFO - Filling up the DagBag from /home/raf/pipeline-transform/.venv/lib/python3.9/site-packages/airflow/example_dags/example_trigger_target_dag.py
[2023-05-26 22:23:49,951] {processor.py:651} INFO - DAG(s) dict_keys(['example_trigger_target_dag']) retrieved from /home/raf/pipeline-transform/.venv/lib/python3.9/site-packages/airflow/example_dags/example_trigger_target_dag.py
[2023-05-26 22:23:49,965] {logging_mixin.py:115} INFO - [2023-05-26 22:23:49,965] {dag.py:2379} INFO - Sync 1 DAGs
[2023-05-26 22:23:49,985] {logging_mixin.py:115} INFO - [2023-05-26 22:23:49,985] {dag.py:2927} INFO - Setting next_dagrun for example_trigger_target_dag to None, run_after=None
[2023-05-26 22:23:50,036] {processor.py:161} INFO - Processing /home/raf/pipeline-transform/.venv/lib/python3.9/site-packages/airflow/example_dags/example_trigger_target_dag.py took 0.105 seconds
[2023-05-26 22:24:26,414] {processor.py:153} INFO - Started process (PID=31341) to work on /home/raf/pipeline-transform/.venv/lib/python3.9/site-packages/airflow/example_dags/example_trigger_target_dag.py
[2023-05-26 22:24:26,437] {processor.py:641} INFO - Processing file /home/raf/pipeline-transform/.venv/lib/python3.9/site-packages/airflow/example_dags/example_trigger_target_dag.py for tasks to queue
[2023-05-26 22:24:26,438] {logging_mixin.py:115} INFO - [2023-05-26 22:24:26,438] {dagbag.py:507} INFO - Filling up the DagBag from /home/raf/pipeline-transform/.venv/lib/python3.9/site-packages/airflow/example_dags/example_trigger_target_dag.py
[2023-05-26 22:24:26,450] {processor.py:651} INFO - DAG(s) dict_keys(['example_trigger_target_dag']) retrieved from /home/raf/pipeline-transform/.venv/lib/python3.9/site-packages/airflow/example_dags/example_trigger_target_dag.py
[2023-05-26 22:24:26,462] {logging_mixin.py:115} INFO - [2023-05-26 22:24:26,462] {dag.py:2379} INFO - Sync 1 DAGs
[2023-05-26 22:24:26,478] {logging_mixin.py:115} INFO - [2023-05-26 22:24:26,478] {dag.py:2927} INFO - Setting next_dagrun for example_trigger_target_dag to None, run_after=None
[2023-05-26 22:24:26,496] {processor.py:161} INFO - Processing /home/raf/pipeline-transform/.venv/lib/python3.9/site-packages/airflow/example_dags/example_trigger_target_dag.py took 0.084 seconds
[2023-05-26 22:25:03,566] {processor.py:153} INFO - Started process (PID=31433) to work on /home/raf/pipeline-transform/.venv/lib/python3.9/site-packages/airflow/example_dags/example_trigger_target_dag.py
[2023-05-26 22:25:03,567] {processor.py:641} INFO - Processing file /home/raf/pipeline-transform/.venv/lib/python3.9/site-packages/airflow/example_dags/example_trigger_target_dag.py for tasks to queue
[2023-05-26 22:25:03,567] {logging_mixin.py:115} INFO - [2023-05-26 22:25:03,567] {dagbag.py:507} INFO - Filling up the DagBag from /home/raf/pipeline-transform/.venv/lib/python3.9/site-packages/airflow/example_dags/example_trigger_target_dag.py
[2023-05-26 22:25:03,580] {processor.py:651} INFO - DAG(s) dict_keys(['example_trigger_target_dag']) retrieved from /home/raf/pipeline-transform/.venv/lib/python3.9/site-packages/airflow/example_dags/example_trigger_target_dag.py
[2023-05-26 22:25:03,592] {logging_mixin.py:115} INFO - [2023-05-26 22:25:03,592] {dag.py:2379} INFO - Sync 1 DAGs
[2023-05-26 22:25:03,608] {logging_mixin.py:115} INFO - [2023-05-26 22:25:03,608] {dag.py:2927} INFO - Setting next_dagrun for example_trigger_target_dag to None, run_after=None
[2023-05-26 22:25:03,627] {processor.py:161} INFO - Processing /home/raf/pipeline-transform/.venv/lib/python3.9/site-packages/airflow/example_dags/example_trigger_target_dag.py took 0.064 seconds
[2023-05-26 22:25:40,130] {processor.py:153} INFO - Started process (PID=31676) to work on /home/raf/pipeline-transform/.venv/lib/python3.9/site-packages/airflow/example_dags/example_trigger_target_dag.py
[2023-05-26 22:25:40,135] {processor.py:641} INFO - Processing file /home/raf/pipeline-transform/.venv/lib/python3.9/site-packages/airflow/example_dags/example_trigger_target_dag.py for tasks to queue
[2023-05-26 22:25:40,136] {logging_mixin.py:115} INFO - [2023-05-26 22:25:40,136] {dagbag.py:507} INFO - Filling up the DagBag from /home/raf/pipeline-transform/.venv/lib/python3.9/site-packages/airflow/example_dags/example_trigger_target_dag.py
[2023-05-26 22:25:40,151] {processor.py:651} INFO - DAG(s) dict_keys(['example_trigger_target_dag']) retrieved from /home/raf/pipeline-transform/.venv/lib/python3.9/site-packages/airflow/example_dags/example_trigger_target_dag.py
[2023-05-26 22:25:40,165] {logging_mixin.py:115} INFO - [2023-05-26 22:25:40,164] {dag.py:2379} INFO - Sync 1 DAGs
[2023-05-26 22:25:40,181] {logging_mixin.py:115} INFO - [2023-05-26 22:25:40,181] {dag.py:2927} INFO - Setting next_dagrun for example_trigger_target_dag to None, run_after=None
[2023-05-26 22:25:40,199] {processor.py:161} INFO - Processing /home/raf/pipeline-transform/.venv/lib/python3.9/site-packages/airflow/example_dags/example_trigger_target_dag.py took 0.072 seconds
[2023-05-26 22:26:21,047] {processor.py:153} INFO - Started process (PID=31886) to work on /home/raf/pipeline-transform/.venv/lib/python3.9/site-packages/airflow/example_dags/example_trigger_target_dag.py
[2023-05-26 22:26:21,064] {processor.py:641} INFO - Processing file /home/raf/pipeline-transform/.venv/lib/python3.9/site-packages/airflow/example_dags/example_trigger_target_dag.py for tasks to queue
[2023-05-26 22:26:21,064] {logging_mixin.py:115} INFO - [2023-05-26 22:26:21,064] {dagbag.py:507} INFO - Filling up the DagBag from /home/raf/pipeline-transform/.venv/lib/python3.9/site-packages/airflow/example_dags/example_trigger_target_dag.py
[2023-05-26 22:26:21,079] {processor.py:651} INFO - DAG(s) dict_keys(['example_trigger_target_dag']) retrieved from /home/raf/pipeline-transform/.venv/lib/python3.9/site-packages/airflow/example_dags/example_trigger_target_dag.py
[2023-05-26 22:26:21,097] {logging_mixin.py:115} INFO - [2023-05-26 22:26:21,097] {dag.py:2379} INFO - Sync 1 DAGs
[2023-05-26 22:26:21,124] {logging_mixin.py:115} INFO - [2023-05-26 22:26:21,124] {dag.py:2927} INFO - Setting next_dagrun for example_trigger_target_dag to None, run_after=None
[2023-05-26 22:26:21,161] {processor.py:161} INFO - Processing /home/raf/pipeline-transform/.venv/lib/python3.9/site-packages/airflow/example_dags/example_trigger_target_dag.py took 0.116 seconds
[2023-05-26 22:26:59,902] {processor.py:153} INFO - Started process (PID=31993) to work on /home/raf/pipeline-transform/.venv/lib/python3.9/site-packages/airflow/example_dags/example_trigger_target_dag.py
[2023-05-26 22:26:59,904] {processor.py:641} INFO - Processing file /home/raf/pipeline-transform/.venv/lib/python3.9/site-packages/airflow/example_dags/example_trigger_target_dag.py for tasks to queue
[2023-05-26 22:26:59,905] {logging_mixin.py:115} INFO - [2023-05-26 22:26:59,904] {dagbag.py:507} INFO - Filling up the DagBag from /home/raf/pipeline-transform/.venv/lib/python3.9/site-packages/airflow/example_dags/example_trigger_target_dag.py
[2023-05-26 22:26:59,932] {processor.py:651} INFO - DAG(s) dict_keys(['example_trigger_target_dag']) retrieved from /home/raf/pipeline-transform/.venv/lib/python3.9/site-packages/airflow/example_dags/example_trigger_target_dag.py
[2023-05-26 22:26:59,954] {logging_mixin.py:115} INFO - [2023-05-26 22:26:59,954] {dag.py:2379} INFO - Sync 1 DAGs
[2023-05-26 22:26:59,990] {logging_mixin.py:115} INFO - [2023-05-26 22:26:59,990] {dag.py:2927} INFO - Setting next_dagrun for example_trigger_target_dag to None, run_after=None
[2023-05-26 22:27:00,039] {processor.py:161} INFO - Processing /home/raf/pipeline-transform/.venv/lib/python3.9/site-packages/airflow/example_dags/example_trigger_target_dag.py took 0.141 seconds
[2023-05-26 22:27:36,764] {processor.py:153} INFO - Started process (PID=32124) to work on /home/raf/pipeline-transform/.venv/lib/python3.9/site-packages/airflow/example_dags/example_trigger_target_dag.py
[2023-05-26 22:27:36,783] {processor.py:641} INFO - Processing file /home/raf/pipeline-transform/.venv/lib/python3.9/site-packages/airflow/example_dags/example_trigger_target_dag.py for tasks to queue
[2023-05-26 22:27:36,784] {logging_mixin.py:115} INFO - [2023-05-26 22:27:36,784] {dagbag.py:507} INFO - Filling up the DagBag from /home/raf/pipeline-transform/.venv/lib/python3.9/site-packages/airflow/example_dags/example_trigger_target_dag.py
[2023-05-26 22:27:36,797] {processor.py:651} INFO - DAG(s) dict_keys(['example_trigger_target_dag']) retrieved from /home/raf/pipeline-transform/.venv/lib/python3.9/site-packages/airflow/example_dags/example_trigger_target_dag.py
[2023-05-26 22:27:36,810] {logging_mixin.py:115} INFO - [2023-05-26 22:27:36,810] {dag.py:2379} INFO - Sync 1 DAGs
[2023-05-26 22:27:36,829] {logging_mixin.py:115} INFO - [2023-05-26 22:27:36,829] {dag.py:2927} INFO - Setting next_dagrun for example_trigger_target_dag to None, run_after=None
[2023-05-26 22:27:36,848] {processor.py:161} INFO - Processing /home/raf/pipeline-transform/.venv/lib/python3.9/site-packages/airflow/example_dags/example_trigger_target_dag.py took 0.087 seconds
[2023-05-26 22:28:17,449] {processor.py:153} INFO - Started process (PID=32265) to work on /home/raf/pipeline-transform/.venv/lib/python3.9/site-packages/airflow/example_dags/example_trigger_target_dag.py
[2023-05-26 22:28:17,471] {processor.py:641} INFO - Processing file /home/raf/pipeline-transform/.venv/lib/python3.9/site-packages/airflow/example_dags/example_trigger_target_dag.py for tasks to queue
[2023-05-26 22:28:17,471] {logging_mixin.py:115} INFO - [2023-05-26 22:28:17,471] {dagbag.py:507} INFO - Filling up the DagBag from /home/raf/pipeline-transform/.venv/lib/python3.9/site-packages/airflow/example_dags/example_trigger_target_dag.py
[2023-05-26 22:28:17,486] {processor.py:651} INFO - DAG(s) dict_keys(['example_trigger_target_dag']) retrieved from /home/raf/pipeline-transform/.venv/lib/python3.9/site-packages/airflow/example_dags/example_trigger_target_dag.py
[2023-05-26 22:28:17,500] {logging_mixin.py:115} INFO - [2023-05-26 22:28:17,500] {dag.py:2379} INFO - Sync 1 DAGs
[2023-05-26 22:28:17,517] {logging_mixin.py:115} INFO - [2023-05-26 22:28:17,517] {dag.py:2927} INFO - Setting next_dagrun for example_trigger_target_dag to None, run_after=None
[2023-05-26 22:28:17,537] {processor.py:161} INFO - Processing /home/raf/pipeline-transform/.venv/lib/python3.9/site-packages/airflow/example_dags/example_trigger_target_dag.py took 0.091 seconds
[2023-05-26 22:28:54,661] {processor.py:153} INFO - Started process (PID=32360) to work on /home/raf/pipeline-transform/.venv/lib/python3.9/site-packages/airflow/example_dags/example_trigger_target_dag.py
[2023-05-26 22:28:54,683] {processor.py:641} INFO - Processing file /home/raf/pipeline-transform/.venv/lib/python3.9/site-packages/airflow/example_dags/example_trigger_target_dag.py for tasks to queue
[2023-05-26 22:28:54,683] {logging_mixin.py:115} INFO - [2023-05-26 22:28:54,683] {dagbag.py:507} INFO - Filling up the DagBag from /home/raf/pipeline-transform/.venv/lib/python3.9/site-packages/airflow/example_dags/example_trigger_target_dag.py
[2023-05-26 22:28:54,697] {processor.py:651} INFO - DAG(s) dict_keys(['example_trigger_target_dag']) retrieved from /home/raf/pipeline-transform/.venv/lib/python3.9/site-packages/airflow/example_dags/example_trigger_target_dag.py
[2023-05-26 22:28:54,710] {logging_mixin.py:115} INFO - [2023-05-26 22:28:54,710] {dag.py:2379} INFO - Sync 1 DAGs
[2023-05-26 22:28:54,727] {logging_mixin.py:115} INFO - [2023-05-26 22:28:54,726] {dag.py:2927} INFO - Setting next_dagrun for example_trigger_target_dag to None, run_after=None
[2023-05-26 22:28:54,746] {processor.py:161} INFO - Processing /home/raf/pipeline-transform/.venv/lib/python3.9/site-packages/airflow/example_dags/example_trigger_target_dag.py took 0.088 seconds
[2023-05-26 22:29:34,994] {processor.py:153} INFO - Started process (PID=32462) to work on /home/raf/pipeline-transform/.venv/lib/python3.9/site-packages/airflow/example_dags/example_trigger_target_dag.py
[2023-05-26 22:29:35,018] {processor.py:641} INFO - Processing file /home/raf/pipeline-transform/.venv/lib/python3.9/site-packages/airflow/example_dags/example_trigger_target_dag.py for tasks to queue
[2023-05-26 22:29:35,018] {logging_mixin.py:115} INFO - [2023-05-26 22:29:35,018] {dagbag.py:507} INFO - Filling up the DagBag from /home/raf/pipeline-transform/.venv/lib/python3.9/site-packages/airflow/example_dags/example_trigger_target_dag.py
[2023-05-26 22:29:35,031] {processor.py:651} INFO - DAG(s) dict_keys(['example_trigger_target_dag']) retrieved from /home/raf/pipeline-transform/.venv/lib/python3.9/site-packages/airflow/example_dags/example_trigger_target_dag.py
[2023-05-26 22:29:35,044] {logging_mixin.py:115} INFO - [2023-05-26 22:29:35,044] {dag.py:2379} INFO - Sync 1 DAGs
[2023-05-26 22:29:35,061] {logging_mixin.py:115} INFO - [2023-05-26 22:29:35,061] {dag.py:2927} INFO - Setting next_dagrun for example_trigger_target_dag to None, run_after=None
[2023-05-26 22:29:35,079] {processor.py:161} INFO - Processing /home/raf/pipeline-transform/.venv/lib/python3.9/site-packages/airflow/example_dags/example_trigger_target_dag.py took 0.087 seconds
[2023-05-26 22:30:11,845] {processor.py:153} INFO - Started process (PID=32552) to work on /home/raf/pipeline-transform/.venv/lib/python3.9/site-packages/airflow/example_dags/example_trigger_target_dag.py
[2023-05-26 22:30:11,870] {processor.py:641} INFO - Processing file /home/raf/pipeline-transform/.venv/lib/python3.9/site-packages/airflow/example_dags/example_trigger_target_dag.py for tasks to queue
[2023-05-26 22:30:11,871] {logging_mixin.py:115} INFO - [2023-05-26 22:30:11,871] {dagbag.py:507} INFO - Filling up the DagBag from /home/raf/pipeline-transform/.venv/lib/python3.9/site-packages/airflow/example_dags/example_trigger_target_dag.py
[2023-05-26 22:30:11,889] {processor.py:651} INFO - DAG(s) dict_keys(['example_trigger_target_dag']) retrieved from /home/raf/pipeline-transform/.venv/lib/python3.9/site-packages/airflow/example_dags/example_trigger_target_dag.py
[2023-05-26 22:30:11,904] {logging_mixin.py:115} INFO - [2023-05-26 22:30:11,904] {dag.py:2379} INFO - Sync 1 DAGs
[2023-05-26 22:30:11,924] {logging_mixin.py:115} INFO - [2023-05-26 22:30:11,924] {dag.py:2927} INFO - Setting next_dagrun for example_trigger_target_dag to None, run_after=None
[2023-05-26 22:30:11,947] {processor.py:161} INFO - Processing /home/raf/pipeline-transform/.venv/lib/python3.9/site-packages/airflow/example_dags/example_trigger_target_dag.py took 0.105 seconds
[2023-05-26 22:30:49,458] {processor.py:153} INFO - Started process (PID=303) to work on /home/raf/pipeline-transform/.venv/lib/python3.9/site-packages/airflow/example_dags/example_trigger_target_dag.py
[2023-05-26 22:30:49,485] {processor.py:641} INFO - Processing file /home/raf/pipeline-transform/.venv/lib/python3.9/site-packages/airflow/example_dags/example_trigger_target_dag.py for tasks to queue
[2023-05-26 22:30:49,485] {logging_mixin.py:115} INFO - [2023-05-26 22:30:49,485] {dagbag.py:507} INFO - Filling up the DagBag from /home/raf/pipeline-transform/.venv/lib/python3.9/site-packages/airflow/example_dags/example_trigger_target_dag.py
[2023-05-26 22:30:49,499] {processor.py:651} INFO - DAG(s) dict_keys(['example_trigger_target_dag']) retrieved from /home/raf/pipeline-transform/.venv/lib/python3.9/site-packages/airflow/example_dags/example_trigger_target_dag.py
[2023-05-26 22:30:49,512] {logging_mixin.py:115} INFO - [2023-05-26 22:30:49,512] {dag.py:2379} INFO - Sync 1 DAGs
[2023-05-26 22:30:49,528] {logging_mixin.py:115} INFO - [2023-05-26 22:30:49,528] {dag.py:2927} INFO - Setting next_dagrun for example_trigger_target_dag to None, run_after=None
[2023-05-26 22:30:49,547] {processor.py:161} INFO - Processing /home/raf/pipeline-transform/.venv/lib/python3.9/site-packages/airflow/example_dags/example_trigger_target_dag.py took 0.091 seconds
[2023-05-26 22:31:30,729] {processor.py:153} INFO - Started process (PID=439) to work on /home/raf/pipeline-transform/.venv/lib/python3.9/site-packages/airflow/example_dags/example_trigger_target_dag.py
[2023-05-26 22:31:30,733] {processor.py:641} INFO - Processing file /home/raf/pipeline-transform/.venv/lib/python3.9/site-packages/airflow/example_dags/example_trigger_target_dag.py for tasks to queue
[2023-05-26 22:31:30,733] {logging_mixin.py:115} INFO - [2023-05-26 22:31:30,733] {dagbag.py:507} INFO - Filling up the DagBag from /home/raf/pipeline-transform/.venv/lib/python3.9/site-packages/airflow/example_dags/example_trigger_target_dag.py
[2023-05-26 22:31:30,746] {processor.py:651} INFO - DAG(s) dict_keys(['example_trigger_target_dag']) retrieved from /home/raf/pipeline-transform/.venv/lib/python3.9/site-packages/airflow/example_dags/example_trigger_target_dag.py
[2023-05-26 22:31:30,759] {logging_mixin.py:115} INFO - [2023-05-26 22:31:30,759] {dag.py:2379} INFO - Sync 1 DAGs
[2023-05-26 22:31:30,776] {logging_mixin.py:115} INFO - [2023-05-26 22:31:30,776] {dag.py:2927} INFO - Setting next_dagrun for example_trigger_target_dag to None, run_after=None
[2023-05-26 22:31:30,795] {processor.py:161} INFO - Processing /home/raf/pipeline-transform/.venv/lib/python3.9/site-packages/airflow/example_dags/example_trigger_target_dag.py took 0.068 seconds
[2023-05-26 22:32:05,229] {processor.py:153} INFO - Started process (PID=628) to work on /home/raf/pipeline-transform/.venv/lib/python3.9/site-packages/airflow/example_dags/example_trigger_target_dag.py
[2023-05-26 22:32:05,230] {processor.py:641} INFO - Processing file /home/raf/pipeline-transform/.venv/lib/python3.9/site-packages/airflow/example_dags/example_trigger_target_dag.py for tasks to queue
[2023-05-26 22:32:05,231] {logging_mixin.py:115} INFO - [2023-05-26 22:32:05,231] {dagbag.py:507} INFO - Filling up the DagBag from /home/raf/pipeline-transform/.venv/lib/python3.9/site-packages/airflow/example_dags/example_trigger_target_dag.py
[2023-05-26 22:32:05,243] {processor.py:651} INFO - DAG(s) dict_keys(['example_trigger_target_dag']) retrieved from /home/raf/pipeline-transform/.venv/lib/python3.9/site-packages/airflow/example_dags/example_trigger_target_dag.py
[2023-05-26 22:32:05,257] {logging_mixin.py:115} INFO - [2023-05-26 22:32:05,257] {dag.py:2379} INFO - Sync 1 DAGs
[2023-05-26 22:32:05,273] {logging_mixin.py:115} INFO - [2023-05-26 22:32:05,272] {dag.py:2927} INFO - Setting next_dagrun for example_trigger_target_dag to None, run_after=None
[2023-05-26 22:32:05,293] {processor.py:161} INFO - Processing /home/raf/pipeline-transform/.venv/lib/python3.9/site-packages/airflow/example_dags/example_trigger_target_dag.py took 0.066 seconds
