[2023-05-26 22:03:42,630] {processor.py:153} INFO - Started process (PID=26096) to work on /home/raf/pipeline-transform/.venv/lib/python3.9/site-packages/airflow/example_dags/example_task_group_decorator.py
[2023-05-26 22:03:42,630] {processor.py:641} INFO - Processing file /home/raf/pipeline-transform/.venv/lib/python3.9/site-packages/airflow/example_dags/example_task_group_decorator.py for tasks to queue
[2023-05-26 22:03:42,631] {logging_mixin.py:115} INFO - [2023-05-26 22:03:42,631] {dagbag.py:507} INFO - Filling up the DagBag from /home/raf/pipeline-transform/.venv/lib/python3.9/site-packages/airflow/example_dags/example_task_group_decorator.py
[2023-05-26 22:03:42,654] {processor.py:651} INFO - DAG(s) dict_keys(['example_task_group_decorator']) retrieved from /home/raf/pipeline-transform/.venv/lib/python3.9/site-packages/airflow/example_dags/example_task_group_decorator.py
[2023-05-26 22:03:42,708] {logging_mixin.py:115} INFO - [2023-05-26 22:03:42,708] {dag.py:2379} INFO - Sync 1 DAGs
[2023-05-26 22:03:42,731] {logging_mixin.py:115} INFO - [2023-05-26 22:03:42,731] {dag.py:2927} INFO - Setting next_dagrun for example_task_group_decorator to 2023-05-26T01:03:42.730737+00:00, run_after=2023-05-27T01:03:42.730737+00:00
[2023-05-26 22:03:42,771] {processor.py:161} INFO - Processing /home/raf/pipeline-transform/.venv/lib/python3.9/site-packages/airflow/example_dags/example_task_group_decorator.py took 0.144 seconds
[2023-05-26 22:04:15,625] {processor.py:153} INFO - Started process (PID=26281) to work on /home/raf/pipeline-transform/.venv/lib/python3.9/site-packages/airflow/example_dags/example_task_group_decorator.py
[2023-05-26 22:04:15,632] {processor.py:641} INFO - Processing file /home/raf/pipeline-transform/.venv/lib/python3.9/site-packages/airflow/example_dags/example_task_group_decorator.py for tasks to queue
[2023-05-26 22:04:15,633] {logging_mixin.py:115} INFO - [2023-05-26 22:04:15,633] {dagbag.py:507} INFO - Filling up the DagBag from /home/raf/pipeline-transform/.venv/lib/python3.9/site-packages/airflow/example_dags/example_task_group_decorator.py
[2023-05-26 22:04:15,657] {processor.py:651} INFO - DAG(s) dict_keys(['example_task_group_decorator']) retrieved from /home/raf/pipeline-transform/.venv/lib/python3.9/site-packages/airflow/example_dags/example_task_group_decorator.py
[2023-05-26 22:04:15,697] {logging_mixin.py:115} INFO - [2023-05-26 22:04:15,697] {dag.py:2379} INFO - Sync 1 DAGs
[2023-05-26 22:04:15,710] {logging_mixin.py:115} INFO - [2023-05-26 22:04:15,710] {dag.py:2927} INFO - Setting next_dagrun for example_task_group_decorator to 2023-05-26T01:04:15.710125+00:00, run_after=2023-05-27T01:04:15.710125+00:00
[2023-05-26 22:04:15,732] {processor.py:161} INFO - Processing /home/raf/pipeline-transform/.venv/lib/python3.9/site-packages/airflow/example_dags/example_task_group_decorator.py took 0.109 seconds
[2023-05-26 22:04:50,824] {processor.py:153} INFO - Started process (PID=26520) to work on /home/raf/pipeline-transform/.venv/lib/python3.9/site-packages/airflow/example_dags/example_task_group_decorator.py
[2023-05-26 22:04:50,825] {processor.py:641} INFO - Processing file /home/raf/pipeline-transform/.venv/lib/python3.9/site-packages/airflow/example_dags/example_task_group_decorator.py for tasks to queue
[2023-05-26 22:04:50,825] {logging_mixin.py:115} INFO - [2023-05-26 22:04:50,825] {dagbag.py:507} INFO - Filling up the DagBag from /home/raf/pipeline-transform/.venv/lib/python3.9/site-packages/airflow/example_dags/example_task_group_decorator.py
[2023-05-26 22:04:50,856] {processor.py:651} INFO - DAG(s) dict_keys(['example_task_group_decorator']) retrieved from /home/raf/pipeline-transform/.venv/lib/python3.9/site-packages/airflow/example_dags/example_task_group_decorator.py
[2023-05-26 22:04:50,887] {logging_mixin.py:115} INFO - [2023-05-26 22:04:50,886] {dag.py:2379} INFO - Sync 1 DAGs
[2023-05-26 22:04:50,965] {logging_mixin.py:115} INFO - [2023-05-26 22:04:50,965] {dag.py:2927} INFO - Setting next_dagrun for example_task_group_decorator to 2023-05-26T01:04:50.964841+00:00, run_after=2023-05-27T01:04:50.964841+00:00
[2023-05-26 22:04:50,988] {processor.py:161} INFO - Processing /home/raf/pipeline-transform/.venv/lib/python3.9/site-packages/airflow/example_dags/example_task_group_decorator.py took 0.166 seconds
[2023-05-26 22:05:26,139] {processor.py:153} INFO - Started process (PID=26773) to work on /home/raf/pipeline-transform/.venv/lib/python3.9/site-packages/airflow/example_dags/example_task_group_decorator.py
[2023-05-26 22:05:26,142] {processor.py:641} INFO - Processing file /home/raf/pipeline-transform/.venv/lib/python3.9/site-packages/airflow/example_dags/example_task_group_decorator.py for tasks to queue
[2023-05-26 22:05:26,143] {logging_mixin.py:115} INFO - [2023-05-26 22:05:26,143] {dagbag.py:507} INFO - Filling up the DagBag from /home/raf/pipeline-transform/.venv/lib/python3.9/site-packages/airflow/example_dags/example_task_group_decorator.py
[2023-05-26 22:05:26,182] {processor.py:651} INFO - DAG(s) dict_keys(['example_task_group_decorator']) retrieved from /home/raf/pipeline-transform/.venv/lib/python3.9/site-packages/airflow/example_dags/example_task_group_decorator.py
[2023-05-26 22:05:26,297] {logging_mixin.py:115} INFO - [2023-05-26 22:05:26,297] {dag.py:2379} INFO - Sync 1 DAGs
[2023-05-26 22:05:26,321] {logging_mixin.py:115} INFO - [2023-05-26 22:05:26,321] {dag.py:2927} INFO - Setting next_dagrun for example_task_group_decorator to 2023-05-26T01:05:26.321045+00:00, run_after=2023-05-27T01:05:26.321045+00:00
[2023-05-26 22:05:26,390] {processor.py:161} INFO - Processing /home/raf/pipeline-transform/.venv/lib/python3.9/site-packages/airflow/example_dags/example_task_group_decorator.py took 0.256 seconds
[2023-05-26 22:06:00,750] {processor.py:153} INFO - Started process (PID=26965) to work on /home/raf/pipeline-transform/.venv/lib/python3.9/site-packages/airflow/example_dags/example_task_group_decorator.py
[2023-05-26 22:06:00,760] {processor.py:641} INFO - Processing file /home/raf/pipeline-transform/.venv/lib/python3.9/site-packages/airflow/example_dags/example_task_group_decorator.py for tasks to queue
[2023-05-26 22:06:00,761] {logging_mixin.py:115} INFO - [2023-05-26 22:06:00,761] {dagbag.py:507} INFO - Filling up the DagBag from /home/raf/pipeline-transform/.venv/lib/python3.9/site-packages/airflow/example_dags/example_task_group_decorator.py
[2023-05-26 22:06:00,781] {processor.py:651} INFO - DAG(s) dict_keys(['example_task_group_decorator']) retrieved from /home/raf/pipeline-transform/.venv/lib/python3.9/site-packages/airflow/example_dags/example_task_group_decorator.py
[2023-05-26 22:06:00,796] {logging_mixin.py:115} INFO - [2023-05-26 22:06:00,796] {dag.py:2379} INFO - Sync 1 DAGs
[2023-05-26 22:06:00,814] {logging_mixin.py:115} INFO - [2023-05-26 22:06:00,814] {dag.py:2927} INFO - Setting next_dagrun for example_task_group_decorator to 2023-05-26T01:06:00.814420+00:00, run_after=2023-05-27T01:06:00.814420+00:00
[2023-05-26 22:06:00,834] {processor.py:161} INFO - Processing /home/raf/pipeline-transform/.venv/lib/python3.9/site-packages/airflow/example_dags/example_task_group_decorator.py took 0.086 seconds
[2023-05-26 22:06:37,661] {processor.py:153} INFO - Started process (PID=27166) to work on /home/raf/pipeline-transform/.venv/lib/python3.9/site-packages/airflow/example_dags/example_task_group_decorator.py
[2023-05-26 22:06:37,672] {processor.py:641} INFO - Processing file /home/raf/pipeline-transform/.venv/lib/python3.9/site-packages/airflow/example_dags/example_task_group_decorator.py for tasks to queue
[2023-05-26 22:06:37,673] {logging_mixin.py:115} INFO - [2023-05-26 22:06:37,672] {dagbag.py:507} INFO - Filling up the DagBag from /home/raf/pipeline-transform/.venv/lib/python3.9/site-packages/airflow/example_dags/example_task_group_decorator.py
[2023-05-26 22:06:37,696] {processor.py:651} INFO - DAG(s) dict_keys(['example_task_group_decorator']) retrieved from /home/raf/pipeline-transform/.venv/lib/python3.9/site-packages/airflow/example_dags/example_task_group_decorator.py
[2023-05-26 22:06:37,736] {logging_mixin.py:115} INFO - [2023-05-26 22:06:37,736] {dag.py:2379} INFO - Sync 1 DAGs
[2023-05-26 22:06:37,748] {logging_mixin.py:115} INFO - [2023-05-26 22:06:37,748] {dag.py:2927} INFO - Setting next_dagrun for example_task_group_decorator to 2023-05-26T01:06:37.748498+00:00, run_after=2023-05-27T01:06:37.748498+00:00
[2023-05-26 22:06:37,771] {processor.py:161} INFO - Processing /home/raf/pipeline-transform/.venv/lib/python3.9/site-packages/airflow/example_dags/example_task_group_decorator.py took 0.113 seconds
[2023-05-26 22:07:13,394] {processor.py:153} INFO - Started process (PID=27257) to work on /home/raf/pipeline-transform/.venv/lib/python3.9/site-packages/airflow/example_dags/example_task_group_decorator.py
[2023-05-26 22:07:13,406] {processor.py:641} INFO - Processing file /home/raf/pipeline-transform/.venv/lib/python3.9/site-packages/airflow/example_dags/example_task_group_decorator.py for tasks to queue
[2023-05-26 22:07:13,406] {logging_mixin.py:115} INFO - [2023-05-26 22:07:13,406] {dagbag.py:507} INFO - Filling up the DagBag from /home/raf/pipeline-transform/.venv/lib/python3.9/site-packages/airflow/example_dags/example_task_group_decorator.py
[2023-05-26 22:07:13,433] {processor.py:651} INFO - DAG(s) dict_keys(['example_task_group_decorator']) retrieved from /home/raf/pipeline-transform/.venv/lib/python3.9/site-packages/airflow/example_dags/example_task_group_decorator.py
[2023-05-26 22:07:13,493] {logging_mixin.py:115} INFO - [2023-05-26 22:07:13,493] {dag.py:2379} INFO - Sync 1 DAGs
[2023-05-26 22:07:13,513] {logging_mixin.py:115} INFO - [2023-05-26 22:07:13,513] {dag.py:2927} INFO - Setting next_dagrun for example_task_group_decorator to 2023-05-26T01:07:13.512925+00:00, run_after=2023-05-27T01:07:13.512925+00:00
[2023-05-26 22:07:13,543] {processor.py:161} INFO - Processing /home/raf/pipeline-transform/.venv/lib/python3.9/site-packages/airflow/example_dags/example_task_group_decorator.py took 0.151 seconds
[2023-05-26 22:07:48,433] {processor.py:153} INFO - Started process (PID=27343) to work on /home/raf/pipeline-transform/.venv/lib/python3.9/site-packages/airflow/example_dags/example_task_group_decorator.py
[2023-05-26 22:07:48,447] {processor.py:641} INFO - Processing file /home/raf/pipeline-transform/.venv/lib/python3.9/site-packages/airflow/example_dags/example_task_group_decorator.py for tasks to queue
[2023-05-26 22:07:48,448] {logging_mixin.py:115} INFO - [2023-05-26 22:07:48,448] {dagbag.py:507} INFO - Filling up the DagBag from /home/raf/pipeline-transform/.venv/lib/python3.9/site-packages/airflow/example_dags/example_task_group_decorator.py
[2023-05-26 22:07:48,491] {processor.py:651} INFO - DAG(s) dict_keys(['example_task_group_decorator']) retrieved from /home/raf/pipeline-transform/.venv/lib/python3.9/site-packages/airflow/example_dags/example_task_group_decorator.py
[2023-05-26 22:07:48,505] {logging_mixin.py:115} INFO - [2023-05-26 22:07:48,505] {dag.py:2379} INFO - Sync 1 DAGs
[2023-05-26 22:07:48,521] {logging_mixin.py:115} INFO - [2023-05-26 22:07:48,521] {dag.py:2927} INFO - Setting next_dagrun for example_task_group_decorator to 2023-05-26T01:07:48.521286+00:00, run_after=2023-05-27T01:07:48.521286+00:00
[2023-05-26 22:07:48,564] {processor.py:161} INFO - Processing /home/raf/pipeline-transform/.venv/lib/python3.9/site-packages/airflow/example_dags/example_task_group_decorator.py took 0.133 seconds
[2023-05-26 22:08:21,686] {processor.py:153} INFO - Started process (PID=27479) to work on /home/raf/pipeline-transform/.venv/lib/python3.9/site-packages/airflow/example_dags/example_task_group_decorator.py
[2023-05-26 22:08:21,687] {processor.py:641} INFO - Processing file /home/raf/pipeline-transform/.venv/lib/python3.9/site-packages/airflow/example_dags/example_task_group_decorator.py for tasks to queue
[2023-05-26 22:08:21,687] {logging_mixin.py:115} INFO - [2023-05-26 22:08:21,687] {dagbag.py:507} INFO - Filling up the DagBag from /home/raf/pipeline-transform/.venv/lib/python3.9/site-packages/airflow/example_dags/example_task_group_decorator.py
[2023-05-26 22:08:21,707] {processor.py:651} INFO - DAG(s) dict_keys(['example_task_group_decorator']) retrieved from /home/raf/pipeline-transform/.venv/lib/python3.9/site-packages/airflow/example_dags/example_task_group_decorator.py
[2023-05-26 22:08:21,744] {logging_mixin.py:115} INFO - [2023-05-26 22:08:21,744] {dag.py:2379} INFO - Sync 1 DAGs
[2023-05-26 22:08:21,757] {logging_mixin.py:115} INFO - [2023-05-26 22:08:21,757] {dag.py:2927} INFO - Setting next_dagrun for example_task_group_decorator to 2023-05-26T01:08:21.756817+00:00, run_after=2023-05-27T01:08:21.756817+00:00
[2023-05-26 22:08:21,801] {processor.py:161} INFO - Processing /home/raf/pipeline-transform/.venv/lib/python3.9/site-packages/airflow/example_dags/example_task_group_decorator.py took 0.118 seconds
[2023-05-26 22:08:58,809] {processor.py:153} INFO - Started process (PID=27574) to work on /home/raf/pipeline-transform/.venv/lib/python3.9/site-packages/airflow/example_dags/example_task_group_decorator.py
[2023-05-26 22:08:58,829] {processor.py:641} INFO - Processing file /home/raf/pipeline-transform/.venv/lib/python3.9/site-packages/airflow/example_dags/example_task_group_decorator.py for tasks to queue
[2023-05-26 22:08:58,829] {logging_mixin.py:115} INFO - [2023-05-26 22:08:58,829] {dagbag.py:507} INFO - Filling up the DagBag from /home/raf/pipeline-transform/.venv/lib/python3.9/site-packages/airflow/example_dags/example_task_group_decorator.py
[2023-05-26 22:08:58,849] {processor.py:651} INFO - DAG(s) dict_keys(['example_task_group_decorator']) retrieved from /home/raf/pipeline-transform/.venv/lib/python3.9/site-packages/airflow/example_dags/example_task_group_decorator.py
[2023-05-26 22:08:58,864] {logging_mixin.py:115} INFO - [2023-05-26 22:08:58,863] {dag.py:2379} INFO - Sync 1 DAGs
[2023-05-26 22:08:58,885] {logging_mixin.py:115} INFO - [2023-05-26 22:08:58,885] {dag.py:2927} INFO - Setting next_dagrun for example_task_group_decorator to 2023-05-26T01:08:58.885026+00:00, run_after=2023-05-27T01:08:58.885026+00:00
[2023-05-26 22:08:58,905] {processor.py:161} INFO - Processing /home/raf/pipeline-transform/.venv/lib/python3.9/site-packages/airflow/example_dags/example_task_group_decorator.py took 0.098 seconds
[2023-05-26 22:09:34,990] {processor.py:153} INFO - Started process (PID=27768) to work on /home/raf/pipeline-transform/.venv/lib/python3.9/site-packages/airflow/example_dags/example_task_group_decorator.py
[2023-05-26 22:09:34,993] {processor.py:641} INFO - Processing file /home/raf/pipeline-transform/.venv/lib/python3.9/site-packages/airflow/example_dags/example_task_group_decorator.py for tasks to queue
[2023-05-26 22:09:34,994] {logging_mixin.py:115} INFO - [2023-05-26 22:09:34,994] {dagbag.py:507} INFO - Filling up the DagBag from /home/raf/pipeline-transform/.venv/lib/python3.9/site-packages/airflow/example_dags/example_task_group_decorator.py
[2023-05-26 22:09:35,018] {processor.py:651} INFO - DAG(s) dict_keys(['example_task_group_decorator']) retrieved from /home/raf/pipeline-transform/.venv/lib/python3.9/site-packages/airflow/example_dags/example_task_group_decorator.py
[2023-05-26 22:09:35,033] {logging_mixin.py:115} INFO - [2023-05-26 22:09:35,033] {dag.py:2379} INFO - Sync 1 DAGs
[2023-05-26 22:09:35,049] {logging_mixin.py:115} INFO - [2023-05-26 22:09:35,049] {dag.py:2927} INFO - Setting next_dagrun for example_task_group_decorator to 2023-05-26T01:09:35.048980+00:00, run_after=2023-05-27T01:09:35.048980+00:00
[2023-05-26 22:09:35,067] {processor.py:161} INFO - Processing /home/raf/pipeline-transform/.venv/lib/python3.9/site-packages/airflow/example_dags/example_task_group_decorator.py took 0.080 seconds
[2023-05-26 22:10:10,726] {processor.py:153} INFO - Started process (PID=27856) to work on /home/raf/pipeline-transform/.venv/lib/python3.9/site-packages/airflow/example_dags/example_task_group_decorator.py
[2023-05-26 22:10:10,748] {processor.py:641} INFO - Processing file /home/raf/pipeline-transform/.venv/lib/python3.9/site-packages/airflow/example_dags/example_task_group_decorator.py for tasks to queue
[2023-05-26 22:10:10,748] {logging_mixin.py:115} INFO - [2023-05-26 22:10:10,748] {dagbag.py:507} INFO - Filling up the DagBag from /home/raf/pipeline-transform/.venv/lib/python3.9/site-packages/airflow/example_dags/example_task_group_decorator.py
[2023-05-26 22:10:10,771] {processor.py:651} INFO - DAG(s) dict_keys(['example_task_group_decorator']) retrieved from /home/raf/pipeline-transform/.venv/lib/python3.9/site-packages/airflow/example_dags/example_task_group_decorator.py
[2023-05-26 22:10:10,787] {logging_mixin.py:115} INFO - [2023-05-26 22:10:10,787] {dag.py:2379} INFO - Sync 1 DAGs
[2023-05-26 22:10:10,805] {logging_mixin.py:115} INFO - [2023-05-26 22:10:10,805] {dag.py:2927} INFO - Setting next_dagrun for example_task_group_decorator to 2023-05-26T01:10:10.804941+00:00, run_after=2023-05-27T01:10:10.804941+00:00
[2023-05-26 22:10:10,826] {processor.py:161} INFO - Processing /home/raf/pipeline-transform/.venv/lib/python3.9/site-packages/airflow/example_dags/example_task_group_decorator.py took 0.103 seconds
[2023-05-26 22:10:48,121] {processor.py:153} INFO - Started process (PID=27947) to work on /home/raf/pipeline-transform/.venv/lib/python3.9/site-packages/airflow/example_dags/example_task_group_decorator.py
[2023-05-26 22:10:48,135] {processor.py:641} INFO - Processing file /home/raf/pipeline-transform/.venv/lib/python3.9/site-packages/airflow/example_dags/example_task_group_decorator.py for tasks to queue
[2023-05-26 22:10:48,136] {logging_mixin.py:115} INFO - [2023-05-26 22:10:48,136] {dagbag.py:507} INFO - Filling up the DagBag from /home/raf/pipeline-transform/.venv/lib/python3.9/site-packages/airflow/example_dags/example_task_group_decorator.py
[2023-05-26 22:10:48,156] {processor.py:651} INFO - DAG(s) dict_keys(['example_task_group_decorator']) retrieved from /home/raf/pipeline-transform/.venv/lib/python3.9/site-packages/airflow/example_dags/example_task_group_decorator.py
[2023-05-26 22:10:48,194] {logging_mixin.py:115} INFO - [2023-05-26 22:10:48,194] {dag.py:2379} INFO - Sync 1 DAGs
[2023-05-26 22:10:48,206] {logging_mixin.py:115} INFO - [2023-05-26 22:10:48,206] {dag.py:2927} INFO - Setting next_dagrun for example_task_group_decorator to 2023-05-26T01:10:48.206364+00:00, run_after=2023-05-27T01:10:48.206364+00:00
[2023-05-26 22:10:48,258] {processor.py:161} INFO - Processing /home/raf/pipeline-transform/.venv/lib/python3.9/site-packages/airflow/example_dags/example_task_group_decorator.py took 0.140 seconds
[2023-05-26 22:11:21,764] {processor.py:153} INFO - Started process (PID=28030) to work on /home/raf/pipeline-transform/.venv/lib/python3.9/site-packages/airflow/example_dags/example_task_group_decorator.py
[2023-05-26 22:11:21,789] {processor.py:641} INFO - Processing file /home/raf/pipeline-transform/.venv/lib/python3.9/site-packages/airflow/example_dags/example_task_group_decorator.py for tasks to queue
[2023-05-26 22:11:21,790] {logging_mixin.py:115} INFO - [2023-05-26 22:11:21,790] {dagbag.py:507} INFO - Filling up the DagBag from /home/raf/pipeline-transform/.venv/lib/python3.9/site-packages/airflow/example_dags/example_task_group_decorator.py
[2023-05-26 22:11:21,810] {processor.py:651} INFO - DAG(s) dict_keys(['example_task_group_decorator']) retrieved from /home/raf/pipeline-transform/.venv/lib/python3.9/site-packages/airflow/example_dags/example_task_group_decorator.py
[2023-05-26 22:11:21,830] {logging_mixin.py:115} INFO - [2023-05-26 22:11:21,829] {dag.py:2379} INFO - Sync 1 DAGs
[2023-05-26 22:11:21,846] {logging_mixin.py:115} INFO - [2023-05-26 22:11:21,846] {dag.py:2927} INFO - Setting next_dagrun for example_task_group_decorator to 2023-05-26T01:11:21.846287+00:00, run_after=2023-05-27T01:11:21.846287+00:00
[2023-05-26 22:11:21,866] {processor.py:161} INFO - Processing /home/raf/pipeline-transform/.venv/lib/python3.9/site-packages/airflow/example_dags/example_task_group_decorator.py took 0.105 seconds
[2023-05-26 22:12:02,060] {processor.py:153} INFO - Started process (PID=28142) to work on /home/raf/pipeline-transform/.venv/lib/python3.9/site-packages/airflow/example_dags/example_task_group_decorator.py
[2023-05-26 22:12:02,063] {processor.py:641} INFO - Processing file /home/raf/pipeline-transform/.venv/lib/python3.9/site-packages/airflow/example_dags/example_task_group_decorator.py for tasks to queue
[2023-05-26 22:12:02,064] {logging_mixin.py:115} INFO - [2023-05-26 22:12:02,064] {dagbag.py:507} INFO - Filling up the DagBag from /home/raf/pipeline-transform/.venv/lib/python3.9/site-packages/airflow/example_dags/example_task_group_decorator.py
[2023-05-26 22:12:02,090] {processor.py:651} INFO - DAG(s) dict_keys(['example_task_group_decorator']) retrieved from /home/raf/pipeline-transform/.venv/lib/python3.9/site-packages/airflow/example_dags/example_task_group_decorator.py
[2023-05-26 22:12:02,132] {logging_mixin.py:115} INFO - [2023-05-26 22:12:02,132] {dag.py:2379} INFO - Sync 1 DAGs
[2023-05-26 22:12:02,145] {logging_mixin.py:115} INFO - [2023-05-26 22:12:02,145] {dag.py:2927} INFO - Setting next_dagrun for example_task_group_decorator to 2023-05-26T01:12:02.144897+00:00, run_after=2023-05-27T01:12:02.144897+00:00
[2023-05-26 22:12:02,165] {processor.py:161} INFO - Processing /home/raf/pipeline-transform/.venv/lib/python3.9/site-packages/airflow/example_dags/example_task_group_decorator.py took 0.108 seconds
[2023-05-26 22:12:40,881] {processor.py:153} INFO - Started process (PID=28395) to work on /home/raf/pipeline-transform/.venv/lib/python3.9/site-packages/airflow/example_dags/example_task_group_decorator.py
[2023-05-26 22:12:40,887] {processor.py:641} INFO - Processing file /home/raf/pipeline-transform/.venv/lib/python3.9/site-packages/airflow/example_dags/example_task_group_decorator.py for tasks to queue
[2023-05-26 22:12:40,888] {logging_mixin.py:115} INFO - [2023-05-26 22:12:40,888] {dagbag.py:507} INFO - Filling up the DagBag from /home/raf/pipeline-transform/.venv/lib/python3.9/site-packages/airflow/example_dags/example_task_group_decorator.py
[2023-05-26 22:12:40,914] {processor.py:651} INFO - DAG(s) dict_keys(['example_task_group_decorator']) retrieved from /home/raf/pipeline-transform/.venv/lib/python3.9/site-packages/airflow/example_dags/example_task_group_decorator.py
[2023-05-26 22:12:40,953] {logging_mixin.py:115} INFO - [2023-05-26 22:12:40,953] {dag.py:2379} INFO - Sync 1 DAGs
[2023-05-26 22:12:40,987] {logging_mixin.py:115} INFO - [2023-05-26 22:12:40,987] {dag.py:2927} INFO - Setting next_dagrun for example_task_group_decorator to 2023-05-26T01:12:40.986908+00:00, run_after=2023-05-27T01:12:40.986908+00:00
[2023-05-26 22:12:41,022] {processor.py:161} INFO - Processing /home/raf/pipeline-transform/.venv/lib/python3.9/site-packages/airflow/example_dags/example_task_group_decorator.py took 0.143 seconds
[2023-05-26 22:13:14,382] {processor.py:153} INFO - Started process (PID=28478) to work on /home/raf/pipeline-transform/.venv/lib/python3.9/site-packages/airflow/example_dags/example_task_group_decorator.py
[2023-05-26 22:13:14,383] {processor.py:641} INFO - Processing file /home/raf/pipeline-transform/.venv/lib/python3.9/site-packages/airflow/example_dags/example_task_group_decorator.py for tasks to queue
[2023-05-26 22:13:14,383] {logging_mixin.py:115} INFO - [2023-05-26 22:13:14,383] {dagbag.py:507} INFO - Filling up the DagBag from /home/raf/pipeline-transform/.venv/lib/python3.9/site-packages/airflow/example_dags/example_task_group_decorator.py
[2023-05-26 22:13:14,404] {processor.py:651} INFO - DAG(s) dict_keys(['example_task_group_decorator']) retrieved from /home/raf/pipeline-transform/.venv/lib/python3.9/site-packages/airflow/example_dags/example_task_group_decorator.py
[2023-05-26 22:13:14,445] {logging_mixin.py:115} INFO - [2023-05-26 22:13:14,445] {dag.py:2379} INFO - Sync 1 DAGs
[2023-05-26 22:13:14,459] {logging_mixin.py:115} INFO - [2023-05-26 22:13:14,459] {dag.py:2927} INFO - Setting next_dagrun for example_task_group_decorator to 2023-05-26T01:13:14.459175+00:00, run_after=2023-05-27T01:13:14.459175+00:00
[2023-05-26 22:13:14,500] {processor.py:161} INFO - Processing /home/raf/pipeline-transform/.venv/lib/python3.9/site-packages/airflow/example_dags/example_task_group_decorator.py took 0.120 seconds
[2023-05-26 22:13:49,467] {processor.py:153} INFO - Started process (PID=28620) to work on /home/raf/pipeline-transform/.venv/lib/python3.9/site-packages/airflow/example_dags/example_task_group_decorator.py
[2023-05-26 22:13:49,486] {processor.py:641} INFO - Processing file /home/raf/pipeline-transform/.venv/lib/python3.9/site-packages/airflow/example_dags/example_task_group_decorator.py for tasks to queue
[2023-05-26 22:13:49,486] {logging_mixin.py:115} INFO - [2023-05-26 22:13:49,486] {dagbag.py:507} INFO - Filling up the DagBag from /home/raf/pipeline-transform/.venv/lib/python3.9/site-packages/airflow/example_dags/example_task_group_decorator.py
[2023-05-26 22:13:49,512] {processor.py:651} INFO - DAG(s) dict_keys(['example_task_group_decorator']) retrieved from /home/raf/pipeline-transform/.venv/lib/python3.9/site-packages/airflow/example_dags/example_task_group_decorator.py
[2023-05-26 22:13:49,559] {logging_mixin.py:115} INFO - [2023-05-26 22:13:49,559] {dag.py:2379} INFO - Sync 1 DAGs
[2023-05-26 22:13:49,578] {logging_mixin.py:115} INFO - [2023-05-26 22:13:49,578] {dag.py:2927} INFO - Setting next_dagrun for example_task_group_decorator to 2023-05-26T01:13:49.578580+00:00, run_after=2023-05-27T01:13:49.578580+00:00
[2023-05-26 22:13:49,605] {processor.py:161} INFO - Processing /home/raf/pipeline-transform/.venv/lib/python3.9/site-packages/airflow/example_dags/example_task_group_decorator.py took 0.142 seconds
[2023-05-26 22:14:25,024] {processor.py:153} INFO - Started process (PID=28707) to work on /home/raf/pipeline-transform/.venv/lib/python3.9/site-packages/airflow/example_dags/example_task_group_decorator.py
[2023-05-26 22:14:25,043] {processor.py:641} INFO - Processing file /home/raf/pipeline-transform/.venv/lib/python3.9/site-packages/airflow/example_dags/example_task_group_decorator.py for tasks to queue
[2023-05-26 22:14:25,044] {logging_mixin.py:115} INFO - [2023-05-26 22:14:25,044] {dagbag.py:507} INFO - Filling up the DagBag from /home/raf/pipeline-transform/.venv/lib/python3.9/site-packages/airflow/example_dags/example_task_group_decorator.py
[2023-05-26 22:14:25,064] {processor.py:651} INFO - DAG(s) dict_keys(['example_task_group_decorator']) retrieved from /home/raf/pipeline-transform/.venv/lib/python3.9/site-packages/airflow/example_dags/example_task_group_decorator.py
[2023-05-26 22:14:25,079] {logging_mixin.py:115} INFO - [2023-05-26 22:14:25,079] {dag.py:2379} INFO - Sync 1 DAGs
[2023-05-26 22:14:25,096] {logging_mixin.py:115} INFO - [2023-05-26 22:14:25,095] {dag.py:2927} INFO - Setting next_dagrun for example_task_group_decorator to 2023-05-26T01:14:25.095689+00:00, run_after=2023-05-27T01:14:25.095689+00:00
[2023-05-26 22:14:25,115] {processor.py:161} INFO - Processing /home/raf/pipeline-transform/.venv/lib/python3.9/site-packages/airflow/example_dags/example_task_group_decorator.py took 0.094 seconds
[2023-05-26 22:15:00,570] {processor.py:153} INFO - Started process (PID=28794) to work on /home/raf/pipeline-transform/.venv/lib/python3.9/site-packages/airflow/example_dags/example_task_group_decorator.py
[2023-05-26 22:15:00,591] {processor.py:641} INFO - Processing file /home/raf/pipeline-transform/.venv/lib/python3.9/site-packages/airflow/example_dags/example_task_group_decorator.py for tasks to queue
[2023-05-26 22:15:00,592] {logging_mixin.py:115} INFO - [2023-05-26 22:15:00,591] {dagbag.py:507} INFO - Filling up the DagBag from /home/raf/pipeline-transform/.venv/lib/python3.9/site-packages/airflow/example_dags/example_task_group_decorator.py
[2023-05-26 22:15:00,612] {processor.py:651} INFO - DAG(s) dict_keys(['example_task_group_decorator']) retrieved from /home/raf/pipeline-transform/.venv/lib/python3.9/site-packages/airflow/example_dags/example_task_group_decorator.py
[2023-05-26 22:15:00,626] {logging_mixin.py:115} INFO - [2023-05-26 22:15:00,626] {dag.py:2379} INFO - Sync 1 DAGs
[2023-05-26 22:15:00,643] {logging_mixin.py:115} INFO - [2023-05-26 22:15:00,643] {dag.py:2927} INFO - Setting next_dagrun for example_task_group_decorator to 2023-05-26T01:15:00.642838+00:00, run_after=2023-05-27T01:15:00.642838+00:00
[2023-05-26 22:15:00,662] {processor.py:161} INFO - Processing /home/raf/pipeline-transform/.venv/lib/python3.9/site-packages/airflow/example_dags/example_task_group_decorator.py took 0.094 seconds
[2023-05-26 22:15:36,713] {processor.py:153} INFO - Started process (PID=28885) to work on /home/raf/pipeline-transform/.venv/lib/python3.9/site-packages/airflow/example_dags/example_task_group_decorator.py
[2023-05-26 22:15:36,735] {processor.py:641} INFO - Processing file /home/raf/pipeline-transform/.venv/lib/python3.9/site-packages/airflow/example_dags/example_task_group_decorator.py for tasks to queue
[2023-05-26 22:15:36,736] {logging_mixin.py:115} INFO - [2023-05-26 22:15:36,736] {dagbag.py:507} INFO - Filling up the DagBag from /home/raf/pipeline-transform/.venv/lib/python3.9/site-packages/airflow/example_dags/example_task_group_decorator.py
[2023-05-26 22:15:36,756] {processor.py:651} INFO - DAG(s) dict_keys(['example_task_group_decorator']) retrieved from /home/raf/pipeline-transform/.venv/lib/python3.9/site-packages/airflow/example_dags/example_task_group_decorator.py
[2023-05-26 22:15:36,779] {logging_mixin.py:115} INFO - [2023-05-26 22:15:36,779] {dag.py:2379} INFO - Sync 1 DAGs
[2023-05-26 22:15:36,796] {logging_mixin.py:115} INFO - [2023-05-26 22:15:36,796] {dag.py:2927} INFO - Setting next_dagrun for example_task_group_decorator to 2023-05-26T01:15:36.796152+00:00, run_after=2023-05-27T01:15:36.796152+00:00
[2023-05-26 22:15:36,817] {processor.py:161} INFO - Processing /home/raf/pipeline-transform/.venv/lib/python3.9/site-packages/airflow/example_dags/example_task_group_decorator.py took 0.107 seconds
[2023-05-26 22:16:14,232] {processor.py:153} INFO - Started process (PID=28976) to work on /home/raf/pipeline-transform/.venv/lib/python3.9/site-packages/airflow/example_dags/example_task_group_decorator.py
[2023-05-26 22:16:14,256] {processor.py:641} INFO - Processing file /home/raf/pipeline-transform/.venv/lib/python3.9/site-packages/airflow/example_dags/example_task_group_decorator.py for tasks to queue
[2023-05-26 22:16:14,256] {logging_mixin.py:115} INFO - [2023-05-26 22:16:14,256] {dagbag.py:507} INFO - Filling up the DagBag from /home/raf/pipeline-transform/.venv/lib/python3.9/site-packages/airflow/example_dags/example_task_group_decorator.py
[2023-05-26 22:16:14,284] {processor.py:651} INFO - DAG(s) dict_keys(['example_task_group_decorator']) retrieved from /home/raf/pipeline-transform/.venv/lib/python3.9/site-packages/airflow/example_dags/example_task_group_decorator.py
[2023-05-26 22:16:14,300] {logging_mixin.py:115} INFO - [2023-05-26 22:16:14,300] {dag.py:2379} INFO - Sync 1 DAGs
[2023-05-26 22:16:14,319] {logging_mixin.py:115} INFO - [2023-05-26 22:16:14,319] {dag.py:2927} INFO - Setting next_dagrun for example_task_group_decorator to 2023-05-26T01:16:14.319255+00:00, run_after=2023-05-27T01:16:14.319255+00:00
[2023-05-26 22:16:14,340] {processor.py:161} INFO - Processing /home/raf/pipeline-transform/.venv/lib/python3.9/site-packages/airflow/example_dags/example_task_group_decorator.py took 0.111 seconds
[2023-05-26 22:16:51,810] {processor.py:153} INFO - Started process (PID=29068) to work on /home/raf/pipeline-transform/.venv/lib/python3.9/site-packages/airflow/example_dags/example_task_group_decorator.py
[2023-05-26 22:16:51,835] {processor.py:641} INFO - Processing file /home/raf/pipeline-transform/.venv/lib/python3.9/site-packages/airflow/example_dags/example_task_group_decorator.py for tasks to queue
[2023-05-26 22:16:51,836] {logging_mixin.py:115} INFO - [2023-05-26 22:16:51,836] {dagbag.py:507} INFO - Filling up the DagBag from /home/raf/pipeline-transform/.venv/lib/python3.9/site-packages/airflow/example_dags/example_task_group_decorator.py
[2023-05-26 22:16:51,856] {processor.py:651} INFO - DAG(s) dict_keys(['example_task_group_decorator']) retrieved from /home/raf/pipeline-transform/.venv/lib/python3.9/site-packages/airflow/example_dags/example_task_group_decorator.py
[2023-05-26 22:16:51,896] {logging_mixin.py:115} INFO - [2023-05-26 22:16:51,896] {dag.py:2379} INFO - Sync 1 DAGs
[2023-05-26 22:16:51,909] {logging_mixin.py:115} INFO - [2023-05-26 22:16:51,909] {dag.py:2927} INFO - Setting next_dagrun for example_task_group_decorator to 2023-05-26T01:16:51.909648+00:00, run_after=2023-05-27T01:16:51.909648+00:00
[2023-05-26 22:16:51,933] {processor.py:161} INFO - Processing /home/raf/pipeline-transform/.venv/lib/python3.9/site-packages/airflow/example_dags/example_task_group_decorator.py took 0.125 seconds
[2023-05-26 22:17:26,749] {processor.py:153} INFO - Started process (PID=29155) to work on /home/raf/pipeline-transform/.venv/lib/python3.9/site-packages/airflow/example_dags/example_task_group_decorator.py
[2023-05-26 22:17:26,750] {processor.py:641} INFO - Processing file /home/raf/pipeline-transform/.venv/lib/python3.9/site-packages/airflow/example_dags/example_task_group_decorator.py for tasks to queue
[2023-05-26 22:17:26,750] {logging_mixin.py:115} INFO - [2023-05-26 22:17:26,750] {dagbag.py:507} INFO - Filling up the DagBag from /home/raf/pipeline-transform/.venv/lib/python3.9/site-packages/airflow/example_dags/example_task_group_decorator.py
[2023-05-26 22:17:26,771] {processor.py:651} INFO - DAG(s) dict_keys(['example_task_group_decorator']) retrieved from /home/raf/pipeline-transform/.venv/lib/python3.9/site-packages/airflow/example_dags/example_task_group_decorator.py
[2023-05-26 22:17:26,810] {logging_mixin.py:115} INFO - [2023-05-26 22:17:26,810] {dag.py:2379} INFO - Sync 1 DAGs
[2023-05-26 22:17:26,823] {logging_mixin.py:115} INFO - [2023-05-26 22:17:26,823] {dag.py:2927} INFO - Setting next_dagrun for example_task_group_decorator to 2023-05-26T01:17:26.823419+00:00, run_after=2023-05-27T01:17:26.823419+00:00
[2023-05-26 22:17:26,885] {processor.py:161} INFO - Processing /home/raf/pipeline-transform/.venv/lib/python3.9/site-packages/airflow/example_dags/example_task_group_decorator.py took 0.138 seconds
[2023-05-26 22:18:05,995] {processor.py:153} INFO - Started process (PID=29250) to work on /home/raf/pipeline-transform/.venv/lib/python3.9/site-packages/airflow/example_dags/example_task_group_decorator.py
[2023-05-26 22:18:05,999] {processor.py:641} INFO - Processing file /home/raf/pipeline-transform/.venv/lib/python3.9/site-packages/airflow/example_dags/example_task_group_decorator.py for tasks to queue
[2023-05-26 22:18:05,999] {logging_mixin.py:115} INFO - [2023-05-26 22:18:05,999] {dagbag.py:507} INFO - Filling up the DagBag from /home/raf/pipeline-transform/.venv/lib/python3.9/site-packages/airflow/example_dags/example_task_group_decorator.py
[2023-05-26 22:18:06,019] {processor.py:651} INFO - DAG(s) dict_keys(['example_task_group_decorator']) retrieved from /home/raf/pipeline-transform/.venv/lib/python3.9/site-packages/airflow/example_dags/example_task_group_decorator.py
[2023-05-26 22:18:06,034] {logging_mixin.py:115} INFO - [2023-05-26 22:18:06,034] {dag.py:2379} INFO - Sync 1 DAGs
[2023-05-26 22:18:06,051] {logging_mixin.py:115} INFO - [2023-05-26 22:18:06,051] {dag.py:2927} INFO - Setting next_dagrun for example_task_group_decorator to 2023-05-26T01:18:06.050954+00:00, run_after=2023-05-27T01:18:06.050954+00:00
[2023-05-26 22:18:06,071] {processor.py:161} INFO - Processing /home/raf/pipeline-transform/.venv/lib/python3.9/site-packages/airflow/example_dags/example_task_group_decorator.py took 0.079 seconds
[2023-05-26 22:18:40,054] {processor.py:153} INFO - Started process (PID=29387) to work on /home/raf/pipeline-transform/.venv/lib/python3.9/site-packages/airflow/example_dags/example_task_group_decorator.py
[2023-05-26 22:18:40,062] {processor.py:641} INFO - Processing file /home/raf/pipeline-transform/.venv/lib/python3.9/site-packages/airflow/example_dags/example_task_group_decorator.py for tasks to queue
[2023-05-26 22:18:40,062] {logging_mixin.py:115} INFO - [2023-05-26 22:18:40,062] {dagbag.py:507} INFO - Filling up the DagBag from /home/raf/pipeline-transform/.venv/lib/python3.9/site-packages/airflow/example_dags/example_task_group_decorator.py
[2023-05-26 22:18:40,082] {processor.py:651} INFO - DAG(s) dict_keys(['example_task_group_decorator']) retrieved from /home/raf/pipeline-transform/.venv/lib/python3.9/site-packages/airflow/example_dags/example_task_group_decorator.py
[2023-05-26 22:18:40,121] {logging_mixin.py:115} INFO - [2023-05-26 22:18:40,121] {dag.py:2379} INFO - Sync 1 DAGs
[2023-05-26 22:18:40,134] {logging_mixin.py:115} INFO - [2023-05-26 22:18:40,134] {dag.py:2927} INFO - Setting next_dagrun for example_task_group_decorator to 2023-05-26T01:18:40.134040+00:00, run_after=2023-05-27T01:18:40.134040+00:00
[2023-05-26 22:18:40,156] {processor.py:161} INFO - Processing /home/raf/pipeline-transform/.venv/lib/python3.9/site-packages/airflow/example_dags/example_task_group_decorator.py took 0.104 seconds
[2023-05-26 22:19:16,964] {processor.py:153} INFO - Started process (PID=29540) to work on /home/raf/pipeline-transform/.venv/lib/python3.9/site-packages/airflow/example_dags/example_task_group_decorator.py
[2023-05-26 22:19:16,979] {processor.py:641} INFO - Processing file /home/raf/pipeline-transform/.venv/lib/python3.9/site-packages/airflow/example_dags/example_task_group_decorator.py for tasks to queue
[2023-05-26 22:19:16,980] {logging_mixin.py:115} INFO - [2023-05-26 22:19:16,980] {dagbag.py:507} INFO - Filling up the DagBag from /home/raf/pipeline-transform/.venv/lib/python3.9/site-packages/airflow/example_dags/example_task_group_decorator.py
[2023-05-26 22:19:17,015] {processor.py:651} INFO - DAG(s) dict_keys(['example_task_group_decorator']) retrieved from /home/raf/pipeline-transform/.venv/lib/python3.9/site-packages/airflow/example_dags/example_task_group_decorator.py
[2023-05-26 22:19:17,082] {logging_mixin.py:115} INFO - [2023-05-26 22:19:17,082] {dag.py:2379} INFO - Sync 1 DAGs
[2023-05-26 22:19:17,102] {logging_mixin.py:115} INFO - [2023-05-26 22:19:17,102] {dag.py:2927} INFO - Setting next_dagrun for example_task_group_decorator to 2023-05-26T01:19:17.102101+00:00, run_after=2023-05-27T01:19:17.102101+00:00
[2023-05-26 22:19:17,164] {processor.py:161} INFO - Processing /home/raf/pipeline-transform/.venv/lib/python3.9/site-packages/airflow/example_dags/example_task_group_decorator.py took 0.203 seconds
[2023-05-26 22:19:52,423] {processor.py:153} INFO - Started process (PID=29730) to work on /home/raf/pipeline-transform/.venv/lib/python3.9/site-packages/airflow/example_dags/example_task_group_decorator.py
[2023-05-26 22:19:52,427] {processor.py:641} INFO - Processing file /home/raf/pipeline-transform/.venv/lib/python3.9/site-packages/airflow/example_dags/example_task_group_decorator.py for tasks to queue
[2023-05-26 22:19:52,427] {logging_mixin.py:115} INFO - [2023-05-26 22:19:52,427] {dagbag.py:507} INFO - Filling up the DagBag from /home/raf/pipeline-transform/.venv/lib/python3.9/site-packages/airflow/example_dags/example_task_group_decorator.py
[2023-05-26 22:19:52,457] {processor.py:651} INFO - DAG(s) dict_keys(['example_task_group_decorator']) retrieved from /home/raf/pipeline-transform/.venv/lib/python3.9/site-packages/airflow/example_dags/example_task_group_decorator.py
[2023-05-26 22:19:52,511] {logging_mixin.py:115} INFO - [2023-05-26 22:19:52,511] {dag.py:2379} INFO - Sync 1 DAGs
[2023-05-26 22:19:52,526] {logging_mixin.py:115} INFO - [2023-05-26 22:19:52,526] {dag.py:2927} INFO - Setting next_dagrun for example_task_group_decorator to 2023-05-26T01:19:52.525936+00:00, run_after=2023-05-27T01:19:52.525936+00:00
[2023-05-26 22:19:52,550] {processor.py:161} INFO - Processing /home/raf/pipeline-transform/.venv/lib/python3.9/site-packages/airflow/example_dags/example_task_group_decorator.py took 0.130 seconds
[2023-05-26 22:20:42,659] {processor.py:153} INFO - Started process (PID=30253) to work on /home/raf/pipeline-transform/.venv/lib/python3.9/site-packages/airflow/example_dags/example_task_group_decorator.py
[2023-05-26 22:20:42,664] {processor.py:641} INFO - Processing file /home/raf/pipeline-transform/.venv/lib/python3.9/site-packages/airflow/example_dags/example_task_group_decorator.py for tasks to queue
[2023-05-26 22:20:42,664] {logging_mixin.py:115} INFO - [2023-05-26 22:20:42,664] {dagbag.py:507} INFO - Filling up the DagBag from /home/raf/pipeline-transform/.venv/lib/python3.9/site-packages/airflow/example_dags/example_task_group_decorator.py
[2023-05-26 22:20:42,707] {processor.py:651} INFO - DAG(s) dict_keys(['example_task_group_decorator']) retrieved from /home/raf/pipeline-transform/.venv/lib/python3.9/site-packages/airflow/example_dags/example_task_group_decorator.py
[2023-05-26 22:20:42,755] {logging_mixin.py:115} INFO - [2023-05-26 22:20:42,755] {dag.py:2379} INFO - Sync 1 DAGs
[2023-05-26 22:20:42,768] {logging_mixin.py:115} INFO - [2023-05-26 22:20:42,768] {dag.py:2927} INFO - Setting next_dagrun for example_task_group_decorator to 2023-05-26T01:20:42.768083+00:00, run_after=2023-05-27T01:20:42.768083+00:00
[2023-05-26 22:20:42,809] {processor.py:161} INFO - Processing /home/raf/pipeline-transform/.venv/lib/python3.9/site-packages/airflow/example_dags/example_task_group_decorator.py took 0.154 seconds
[2023-05-26 22:21:17,300] {processor.py:153} INFO - Started process (PID=30500) to work on /home/raf/pipeline-transform/.venv/lib/python3.9/site-packages/airflow/example_dags/example_task_group_decorator.py
[2023-05-26 22:21:17,313] {processor.py:641} INFO - Processing file /home/raf/pipeline-transform/.venv/lib/python3.9/site-packages/airflow/example_dags/example_task_group_decorator.py for tasks to queue
[2023-05-26 22:21:17,315] {logging_mixin.py:115} INFO - [2023-05-26 22:21:17,315] {dagbag.py:507} INFO - Filling up the DagBag from /home/raf/pipeline-transform/.venv/lib/python3.9/site-packages/airflow/example_dags/example_task_group_decorator.py
[2023-05-26 22:21:17,338] {processor.py:651} INFO - DAG(s) dict_keys(['example_task_group_decorator']) retrieved from /home/raf/pipeline-transform/.venv/lib/python3.9/site-packages/airflow/example_dags/example_task_group_decorator.py
[2023-05-26 22:21:17,385] {logging_mixin.py:115} INFO - [2023-05-26 22:21:17,384] {dag.py:2379} INFO - Sync 1 DAGs
[2023-05-26 22:21:17,400] {logging_mixin.py:115} INFO - [2023-05-26 22:21:17,400] {dag.py:2927} INFO - Setting next_dagrun for example_task_group_decorator to 2023-05-26T01:21:17.400185+00:00, run_after=2023-05-27T01:21:17.400185+00:00
[2023-05-26 22:21:17,445] {processor.py:161} INFO - Processing /home/raf/pipeline-transform/.venv/lib/python3.9/site-packages/airflow/example_dags/example_task_group_decorator.py took 0.148 seconds
[2023-05-26 22:21:52,740] {processor.py:153} INFO - Started process (PID=30717) to work on /home/raf/pipeline-transform/.venv/lib/python3.9/site-packages/airflow/example_dags/example_task_group_decorator.py
[2023-05-26 22:21:52,754] {processor.py:641} INFO - Processing file /home/raf/pipeline-transform/.venv/lib/python3.9/site-packages/airflow/example_dags/example_task_group_decorator.py for tasks to queue
[2023-05-26 22:21:52,755] {logging_mixin.py:115} INFO - [2023-05-26 22:21:52,754] {dagbag.py:507} INFO - Filling up the DagBag from /home/raf/pipeline-transform/.venv/lib/python3.9/site-packages/airflow/example_dags/example_task_group_decorator.py
[2023-05-26 22:21:52,775] {processor.py:651} INFO - DAG(s) dict_keys(['example_task_group_decorator']) retrieved from /home/raf/pipeline-transform/.venv/lib/python3.9/site-packages/airflow/example_dags/example_task_group_decorator.py
[2023-05-26 22:21:52,790] {logging_mixin.py:115} INFO - [2023-05-26 22:21:52,790] {dag.py:2379} INFO - Sync 1 DAGs
[2023-05-26 22:21:52,807] {logging_mixin.py:115} INFO - [2023-05-26 22:21:52,806] {dag.py:2927} INFO - Setting next_dagrun for example_task_group_decorator to 2023-05-26T01:21:52.806753+00:00, run_after=2023-05-27T01:21:52.806753+00:00
[2023-05-26 22:21:52,828] {processor.py:161} INFO - Processing /home/raf/pipeline-transform/.venv/lib/python3.9/site-packages/airflow/example_dags/example_task_group_decorator.py took 0.090 seconds
[2023-05-26 22:22:31,067] {processor.py:153} INFO - Started process (PID=31048) to work on /home/raf/pipeline-transform/.venv/lib/python3.9/site-packages/airflow/example_dags/example_task_group_decorator.py
[2023-05-26 22:22:31,070] {processor.py:641} INFO - Processing file /home/raf/pipeline-transform/.venv/lib/python3.9/site-packages/airflow/example_dags/example_task_group_decorator.py for tasks to queue
[2023-05-26 22:22:31,071] {logging_mixin.py:115} INFO - [2023-05-26 22:22:31,071] {dagbag.py:507} INFO - Filling up the DagBag from /home/raf/pipeline-transform/.venv/lib/python3.9/site-packages/airflow/example_dags/example_task_group_decorator.py
[2023-05-26 22:22:31,091] {processor.py:651} INFO - DAG(s) dict_keys(['example_task_group_decorator']) retrieved from /home/raf/pipeline-transform/.venv/lib/python3.9/site-packages/airflow/example_dags/example_task_group_decorator.py
[2023-05-26 22:22:31,133] {logging_mixin.py:115} INFO - [2023-05-26 22:22:31,133] {dag.py:2379} INFO - Sync 1 DAGs
[2023-05-26 22:22:31,150] {logging_mixin.py:115} INFO - [2023-05-26 22:22:31,150] {dag.py:2927} INFO - Setting next_dagrun for example_task_group_decorator to 2023-05-26T01:22:31.150159+00:00, run_after=2023-05-27T01:22:31.150159+00:00
[2023-05-26 22:22:31,182] {processor.py:161} INFO - Processing /home/raf/pipeline-transform/.venv/lib/python3.9/site-packages/airflow/example_dags/example_task_group_decorator.py took 0.118 seconds
[2023-05-26 22:23:04,964] {processor.py:153} INFO - Started process (PID=31136) to work on /home/raf/pipeline-transform/.venv/lib/python3.9/site-packages/airflow/example_dags/example_task_group_decorator.py
[2023-05-26 22:23:04,984] {processor.py:641} INFO - Processing file /home/raf/pipeline-transform/.venv/lib/python3.9/site-packages/airflow/example_dags/example_task_group_decorator.py for tasks to queue
[2023-05-26 22:23:04,985] {logging_mixin.py:115} INFO - [2023-05-26 22:23:04,985] {dagbag.py:507} INFO - Filling up the DagBag from /home/raf/pipeline-transform/.venv/lib/python3.9/site-packages/airflow/example_dags/example_task_group_decorator.py
[2023-05-26 22:23:05,005] {processor.py:651} INFO - DAG(s) dict_keys(['example_task_group_decorator']) retrieved from /home/raf/pipeline-transform/.venv/lib/python3.9/site-packages/airflow/example_dags/example_task_group_decorator.py
[2023-05-26 22:23:05,020] {logging_mixin.py:115} INFO - [2023-05-26 22:23:05,020] {dag.py:2379} INFO - Sync 1 DAGs
[2023-05-26 22:23:05,036] {logging_mixin.py:115} INFO - [2023-05-26 22:23:05,036] {dag.py:2927} INFO - Setting next_dagrun for example_task_group_decorator to 2023-05-26T01:23:05.036507+00:00, run_after=2023-05-27T01:23:05.036507+00:00
[2023-05-26 22:23:05,060] {processor.py:161} INFO - Processing /home/raf/pipeline-transform/.venv/lib/python3.9/site-packages/airflow/example_dags/example_task_group_decorator.py took 0.098 seconds
[2023-05-26 22:23:42,138] {processor.py:153} INFO - Started process (PID=31231) to work on /home/raf/pipeline-transform/.venv/lib/python3.9/site-packages/airflow/example_dags/example_task_group_decorator.py
[2023-05-26 22:23:42,160] {processor.py:641} INFO - Processing file /home/raf/pipeline-transform/.venv/lib/python3.9/site-packages/airflow/example_dags/example_task_group_decorator.py for tasks to queue
[2023-05-26 22:23:42,160] {logging_mixin.py:115} INFO - [2023-05-26 22:23:42,160] {dagbag.py:507} INFO - Filling up the DagBag from /home/raf/pipeline-transform/.venv/lib/python3.9/site-packages/airflow/example_dags/example_task_group_decorator.py
[2023-05-26 22:23:42,184] {processor.py:651} INFO - DAG(s) dict_keys(['example_task_group_decorator']) retrieved from /home/raf/pipeline-transform/.venv/lib/python3.9/site-packages/airflow/example_dags/example_task_group_decorator.py
[2023-05-26 22:23:42,229] {logging_mixin.py:115} INFO - [2023-05-26 22:23:42,228] {dag.py:2379} INFO - Sync 1 DAGs
[2023-05-26 22:23:42,246] {logging_mixin.py:115} INFO - [2023-05-26 22:23:42,246] {dag.py:2927} INFO - Setting next_dagrun for example_task_group_decorator to 2023-05-26T01:23:42.246290+00:00, run_after=2023-05-27T01:23:42.246290+00:00
[2023-05-26 22:23:42,299] {processor.py:161} INFO - Processing /home/raf/pipeline-transform/.venv/lib/python3.9/site-packages/airflow/example_dags/example_task_group_decorator.py took 0.163 seconds
[2023-05-26 22:24:18,357] {processor.py:153} INFO - Started process (PID=31320) to work on /home/raf/pipeline-transform/.venv/lib/python3.9/site-packages/airflow/example_dags/example_task_group_decorator.py
[2023-05-26 22:24:18,380] {processor.py:641} INFO - Processing file /home/raf/pipeline-transform/.venv/lib/python3.9/site-packages/airflow/example_dags/example_task_group_decorator.py for tasks to queue
[2023-05-26 22:24:18,381] {logging_mixin.py:115} INFO - [2023-05-26 22:24:18,381] {dagbag.py:507} INFO - Filling up the DagBag from /home/raf/pipeline-transform/.venv/lib/python3.9/site-packages/airflow/example_dags/example_task_group_decorator.py
[2023-05-26 22:24:18,411] {processor.py:651} INFO - DAG(s) dict_keys(['example_task_group_decorator']) retrieved from /home/raf/pipeline-transform/.venv/lib/python3.9/site-packages/airflow/example_dags/example_task_group_decorator.py
[2023-05-26 22:24:18,456] {logging_mixin.py:115} INFO - [2023-05-26 22:24:18,455] {dag.py:2379} INFO - Sync 1 DAGs
[2023-05-26 22:24:18,473] {logging_mixin.py:115} INFO - [2023-05-26 22:24:18,473] {dag.py:2927} INFO - Setting next_dagrun for example_task_group_decorator to 2023-05-26T01:24:18.472939+00:00, run_after=2023-05-27T01:24:18.472939+00:00
[2023-05-26 22:24:18,528] {processor.py:161} INFO - Processing /home/raf/pipeline-transform/.venv/lib/python3.9/site-packages/airflow/example_dags/example_task_group_decorator.py took 0.175 seconds
[2023-05-26 22:24:53,238] {processor.py:153} INFO - Started process (PID=31407) to work on /home/raf/pipeline-transform/.venv/lib/python3.9/site-packages/airflow/example_dags/example_task_group_decorator.py
[2023-05-26 22:24:53,262] {processor.py:641} INFO - Processing file /home/raf/pipeline-transform/.venv/lib/python3.9/site-packages/airflow/example_dags/example_task_group_decorator.py for tasks to queue
[2023-05-26 22:24:53,262] {logging_mixin.py:115} INFO - [2023-05-26 22:24:53,262] {dagbag.py:507} INFO - Filling up the DagBag from /home/raf/pipeline-transform/.venv/lib/python3.9/site-packages/airflow/example_dags/example_task_group_decorator.py
[2023-05-26 22:24:53,282] {processor.py:651} INFO - DAG(s) dict_keys(['example_task_group_decorator']) retrieved from /home/raf/pipeline-transform/.venv/lib/python3.9/site-packages/airflow/example_dags/example_task_group_decorator.py
[2023-05-26 22:24:53,296] {logging_mixin.py:115} INFO - [2023-05-26 22:24:53,296] {dag.py:2379} INFO - Sync 1 DAGs
[2023-05-26 22:24:53,312] {logging_mixin.py:115} INFO - [2023-05-26 22:24:53,312] {dag.py:2927} INFO - Setting next_dagrun for example_task_group_decorator to 2023-05-26T01:24:53.312457+00:00, run_after=2023-05-27T01:24:53.312457+00:00
[2023-05-26 22:24:53,332] {processor.py:161} INFO - Processing /home/raf/pipeline-transform/.venv/lib/python3.9/site-packages/airflow/example_dags/example_task_group_decorator.py took 0.096 seconds
[2023-05-26 22:25:31,499] {processor.py:153} INFO - Started process (PID=31628) to work on /home/raf/pipeline-transform/.venv/lib/python3.9/site-packages/airflow/example_dags/example_task_group_decorator.py
[2023-05-26 22:25:31,582] {processor.py:641} INFO - Processing file /home/raf/pipeline-transform/.venv/lib/python3.9/site-packages/airflow/example_dags/example_task_group_decorator.py for tasks to queue
[2023-05-26 22:25:31,583] {logging_mixin.py:115} INFO - [2023-05-26 22:25:31,583] {dagbag.py:507} INFO - Filling up the DagBag from /home/raf/pipeline-transform/.venv/lib/python3.9/site-packages/airflow/example_dags/example_task_group_decorator.py
[2023-05-26 22:25:31,609] {processor.py:651} INFO - DAG(s) dict_keys(['example_task_group_decorator']) retrieved from /home/raf/pipeline-transform/.venv/lib/python3.9/site-packages/airflow/example_dags/example_task_group_decorator.py
[2023-05-26 22:25:31,661] {logging_mixin.py:115} INFO - [2023-05-26 22:25:31,661] {dag.py:2379} INFO - Sync 1 DAGs
[2023-05-26 22:25:31,678] {logging_mixin.py:115} INFO - [2023-05-26 22:25:31,678] {dag.py:2927} INFO - Setting next_dagrun for example_task_group_decorator to 2023-05-26T01:25:31.678417+00:00, run_after=2023-05-27T01:25:31.678417+00:00
[2023-05-26 22:25:31,873] {processor.py:161} INFO - Processing /home/raf/pipeline-transform/.venv/lib/python3.9/site-packages/airflow/example_dags/example_task_group_decorator.py took 0.377 seconds
[2023-05-26 22:26:13,456] {processor.py:153} INFO - Started process (PID=31863) to work on /home/raf/pipeline-transform/.venv/lib/python3.9/site-packages/airflow/example_dags/example_task_group_decorator.py
[2023-05-26 22:26:13,472] {processor.py:641} INFO - Processing file /home/raf/pipeline-transform/.venv/lib/python3.9/site-packages/airflow/example_dags/example_task_group_decorator.py for tasks to queue
[2023-05-26 22:26:13,473] {logging_mixin.py:115} INFO - [2023-05-26 22:26:13,472] {dagbag.py:507} INFO - Filling up the DagBag from /home/raf/pipeline-transform/.venv/lib/python3.9/site-packages/airflow/example_dags/example_task_group_decorator.py
[2023-05-26 22:26:13,511] {processor.py:651} INFO - DAG(s) dict_keys(['example_task_group_decorator']) retrieved from /home/raf/pipeline-transform/.venv/lib/python3.9/site-packages/airflow/example_dags/example_task_group_decorator.py
[2023-05-26 22:26:13,544] {logging_mixin.py:115} INFO - [2023-05-26 22:26:13,544] {dag.py:2379} INFO - Sync 1 DAGs
[2023-05-26 22:26:13,582] {logging_mixin.py:115} INFO - [2023-05-26 22:26:13,582] {dag.py:2927} INFO - Setting next_dagrun for example_task_group_decorator to 2023-05-26T01:26:13.581653+00:00, run_after=2023-05-27T01:26:13.581653+00:00
[2023-05-26 22:26:13,607] {processor.py:161} INFO - Processing /home/raf/pipeline-transform/.venv/lib/python3.9/site-packages/airflow/example_dags/example_task_group_decorator.py took 0.154 seconds
[2023-05-26 22:26:52,376] {processor.py:153} INFO - Started process (PID=31976) to work on /home/raf/pipeline-transform/.venv/lib/python3.9/site-packages/airflow/example_dags/example_task_group_decorator.py
[2023-05-26 22:26:52,377] {processor.py:641} INFO - Processing file /home/raf/pipeline-transform/.venv/lib/python3.9/site-packages/airflow/example_dags/example_task_group_decorator.py for tasks to queue
[2023-05-26 22:26:52,377] {logging_mixin.py:115} INFO - [2023-05-26 22:26:52,377] {dagbag.py:507} INFO - Filling up the DagBag from /home/raf/pipeline-transform/.venv/lib/python3.9/site-packages/airflow/example_dags/example_task_group_decorator.py
[2023-05-26 22:26:52,399] {processor.py:651} INFO - DAG(s) dict_keys(['example_task_group_decorator']) retrieved from /home/raf/pipeline-transform/.venv/lib/python3.9/site-packages/airflow/example_dags/example_task_group_decorator.py
[2023-05-26 22:26:52,414] {logging_mixin.py:115} INFO - [2023-05-26 22:26:52,414] {dag.py:2379} INFO - Sync 1 DAGs
[2023-05-26 22:26:52,430] {logging_mixin.py:115} INFO - [2023-05-26 22:26:52,430] {dag.py:2927} INFO - Setting next_dagrun for example_task_group_decorator to 2023-05-26T01:26:52.430187+00:00, run_after=2023-05-27T01:26:52.430187+00:00
[2023-05-26 22:26:52,479] {processor.py:161} INFO - Processing /home/raf/pipeline-transform/.venv/lib/python3.9/site-packages/airflow/example_dags/example_task_group_decorator.py took 0.105 seconds
[2023-05-26 22:27:29,979] {processor.py:153} INFO - Started process (PID=32108) to work on /home/raf/pipeline-transform/.venv/lib/python3.9/site-packages/airflow/example_dags/example_task_group_decorator.py
[2023-05-26 22:27:29,998] {processor.py:641} INFO - Processing file /home/raf/pipeline-transform/.venv/lib/python3.9/site-packages/airflow/example_dags/example_task_group_decorator.py for tasks to queue
[2023-05-26 22:27:29,999] {logging_mixin.py:115} INFO - [2023-05-26 22:27:29,999] {dagbag.py:507} INFO - Filling up the DagBag from /home/raf/pipeline-transform/.venv/lib/python3.9/site-packages/airflow/example_dags/example_task_group_decorator.py
[2023-05-26 22:27:30,019] {processor.py:651} INFO - DAG(s) dict_keys(['example_task_group_decorator']) retrieved from /home/raf/pipeline-transform/.venv/lib/python3.9/site-packages/airflow/example_dags/example_task_group_decorator.py
[2023-05-26 22:27:30,060] {logging_mixin.py:115} INFO - [2023-05-26 22:27:30,060] {dag.py:2379} INFO - Sync 1 DAGs
[2023-05-26 22:27:30,073] {logging_mixin.py:115} INFO - [2023-05-26 22:27:30,073] {dag.py:2927} INFO - Setting next_dagrun for example_task_group_decorator to 2023-05-26T01:27:30.072798+00:00, run_after=2023-05-27T01:27:30.072798+00:00
[2023-05-26 22:27:30,096] {processor.py:161} INFO - Processing /home/raf/pipeline-transform/.venv/lib/python3.9/site-packages/airflow/example_dags/example_task_group_decorator.py took 0.119 seconds
[2023-05-26 22:28:09,108] {processor.py:153} INFO - Started process (PID=32245) to work on /home/raf/pipeline-transform/.venv/lib/python3.9/site-packages/airflow/example_dags/example_task_group_decorator.py
[2023-05-26 22:28:09,129] {processor.py:641} INFO - Processing file /home/raf/pipeline-transform/.venv/lib/python3.9/site-packages/airflow/example_dags/example_task_group_decorator.py for tasks to queue
[2023-05-26 22:28:09,129] {logging_mixin.py:115} INFO - [2023-05-26 22:28:09,129] {dagbag.py:507} INFO - Filling up the DagBag from /home/raf/pipeline-transform/.venv/lib/python3.9/site-packages/airflow/example_dags/example_task_group_decorator.py
[2023-05-26 22:28:09,153] {processor.py:651} INFO - DAG(s) dict_keys(['example_task_group_decorator']) retrieved from /home/raf/pipeline-transform/.venv/lib/python3.9/site-packages/airflow/example_dags/example_task_group_decorator.py
[2023-05-26 22:28:09,199] {logging_mixin.py:115} INFO - [2023-05-26 22:28:09,199] {dag.py:2379} INFO - Sync 1 DAGs
[2023-05-26 22:28:09,216] {logging_mixin.py:115} INFO - [2023-05-26 22:28:09,216] {dag.py:2927} INFO - Setting next_dagrun for example_task_group_decorator to 2023-05-26T01:28:09.216455+00:00, run_after=2023-05-27T01:28:09.216455+00:00
[2023-05-26 22:28:09,269] {processor.py:161} INFO - Processing /home/raf/pipeline-transform/.venv/lib/python3.9/site-packages/airflow/example_dags/example_task_group_decorator.py took 0.165 seconds
[2023-05-26 22:28:47,927] {processor.py:153} INFO - Started process (PID=32344) to work on /home/raf/pipeline-transform/.venv/lib/python3.9/site-packages/airflow/example_dags/example_task_group_decorator.py
[2023-05-26 22:28:47,949] {processor.py:641} INFO - Processing file /home/raf/pipeline-transform/.venv/lib/python3.9/site-packages/airflow/example_dags/example_task_group_decorator.py for tasks to queue
[2023-05-26 22:28:47,950] {logging_mixin.py:115} INFO - [2023-05-26 22:28:47,950] {dagbag.py:507} INFO - Filling up the DagBag from /home/raf/pipeline-transform/.venv/lib/python3.9/site-packages/airflow/example_dags/example_task_group_decorator.py
[2023-05-26 22:28:47,973] {processor.py:651} INFO - DAG(s) dict_keys(['example_task_group_decorator']) retrieved from /home/raf/pipeline-transform/.venv/lib/python3.9/site-packages/airflow/example_dags/example_task_group_decorator.py
[2023-05-26 22:28:47,990] {logging_mixin.py:115} INFO - [2023-05-26 22:28:47,990] {dag.py:2379} INFO - Sync 1 DAGs
[2023-05-26 22:28:48,009] {logging_mixin.py:115} INFO - [2023-05-26 22:28:48,009] {dag.py:2927} INFO - Setting next_dagrun for example_task_group_decorator to 2023-05-26T01:28:48.008838+00:00, run_after=2023-05-27T01:28:48.008838+00:00
[2023-05-26 22:28:48,061] {processor.py:161} INFO - Processing /home/raf/pipeline-transform/.venv/lib/python3.9/site-packages/airflow/example_dags/example_task_group_decorator.py took 0.136 seconds
[2023-05-26 22:29:26,172] {processor.py:153} INFO - Started process (PID=32439) to work on /home/raf/pipeline-transform/.venv/lib/python3.9/site-packages/airflow/example_dags/example_task_group_decorator.py
[2023-05-26 22:29:26,195] {processor.py:641} INFO - Processing file /home/raf/pipeline-transform/.venv/lib/python3.9/site-packages/airflow/example_dags/example_task_group_decorator.py for tasks to queue
[2023-05-26 22:29:26,196] {logging_mixin.py:115} INFO - [2023-05-26 22:29:26,196] {dagbag.py:507} INFO - Filling up the DagBag from /home/raf/pipeline-transform/.venv/lib/python3.9/site-packages/airflow/example_dags/example_task_group_decorator.py
[2023-05-26 22:29:26,216] {processor.py:651} INFO - DAG(s) dict_keys(['example_task_group_decorator']) retrieved from /home/raf/pipeline-transform/.venv/lib/python3.9/site-packages/airflow/example_dags/example_task_group_decorator.py
[2023-05-26 22:29:26,257] {logging_mixin.py:115} INFO - [2023-05-26 22:29:26,257] {dag.py:2379} INFO - Sync 1 DAGs
[2023-05-26 22:29:26,275] {logging_mixin.py:115} INFO - [2023-05-26 22:29:26,275] {dag.py:2927} INFO - Setting next_dagrun for example_task_group_decorator to 2023-05-26T01:29:26.274323+00:00, run_after=2023-05-27T01:29:26.274323+00:00
[2023-05-26 22:29:26,298] {processor.py:161} INFO - Processing /home/raf/pipeline-transform/.venv/lib/python3.9/site-packages/airflow/example_dags/example_task_group_decorator.py took 0.129 seconds
[2023-05-26 22:30:02,315] {processor.py:153} INFO - Started process (PID=32531) to work on /home/raf/pipeline-transform/.venv/lib/python3.9/site-packages/airflow/example_dags/example_task_group_decorator.py
[2023-05-26 22:30:02,340] {processor.py:641} INFO - Processing file /home/raf/pipeline-transform/.venv/lib/python3.9/site-packages/airflow/example_dags/example_task_group_decorator.py for tasks to queue
[2023-05-26 22:30:02,340] {logging_mixin.py:115} INFO - [2023-05-26 22:30:02,340] {dagbag.py:507} INFO - Filling up the DagBag from /home/raf/pipeline-transform/.venv/lib/python3.9/site-packages/airflow/example_dags/example_task_group_decorator.py
[2023-05-26 22:30:02,365] {processor.py:651} INFO - DAG(s) dict_keys(['example_task_group_decorator']) retrieved from /home/raf/pipeline-transform/.venv/lib/python3.9/site-packages/airflow/example_dags/example_task_group_decorator.py
[2023-05-26 22:30:02,382] {logging_mixin.py:115} INFO - [2023-05-26 22:30:02,382] {dag.py:2379} INFO - Sync 1 DAGs
[2023-05-26 22:30:02,400] {logging_mixin.py:115} INFO - [2023-05-26 22:30:02,400] {dag.py:2927} INFO - Setting next_dagrun for example_task_group_decorator to 2023-05-26T01:30:02.400463+00:00, run_after=2023-05-27T01:30:02.400463+00:00
[2023-05-26 22:30:02,455] {processor.py:161} INFO - Processing /home/raf/pipeline-transform/.venv/lib/python3.9/site-packages/airflow/example_dags/example_task_group_decorator.py took 0.142 seconds
[2023-05-26 22:30:37,623] {processor.py:153} INFO - Started process (PID=32744) to work on /home/raf/pipeline-transform/.venv/lib/python3.9/site-packages/airflow/example_dags/example_task_group_decorator.py
[2023-05-26 22:30:37,624] {processor.py:641} INFO - Processing file /home/raf/pipeline-transform/.venv/lib/python3.9/site-packages/airflow/example_dags/example_task_group_decorator.py for tasks to queue
[2023-05-26 22:30:37,625] {logging_mixin.py:115} INFO - [2023-05-26 22:30:37,625] {dagbag.py:507} INFO - Filling up the DagBag from /home/raf/pipeline-transform/.venv/lib/python3.9/site-packages/airflow/example_dags/example_task_group_decorator.py
[2023-05-26 22:30:37,645] {processor.py:651} INFO - DAG(s) dict_keys(['example_task_group_decorator']) retrieved from /home/raf/pipeline-transform/.venv/lib/python3.9/site-packages/airflow/example_dags/example_task_group_decorator.py
[2023-05-26 22:30:37,684] {logging_mixin.py:115} INFO - [2023-05-26 22:30:37,684] {dag.py:2379} INFO - Sync 1 DAGs
[2023-05-26 22:30:37,697] {logging_mixin.py:115} INFO - [2023-05-26 22:30:37,696] {dag.py:2927} INFO - Setting next_dagrun for example_task_group_decorator to 2023-05-26T01:30:37.696739+00:00, run_after=2023-05-27T01:30:37.696739+00:00
[2023-05-26 22:30:37,755] {processor.py:161} INFO - Processing /home/raf/pipeline-transform/.venv/lib/python3.9/site-packages/airflow/example_dags/example_task_group_decorator.py took 0.135 seconds
[2023-05-26 22:31:19,464] {processor.py:153} INFO - Started process (PID=413) to work on /home/raf/pipeline-transform/.venv/lib/python3.9/site-packages/airflow/example_dags/example_task_group_decorator.py
[2023-05-26 22:31:19,466] {processor.py:641} INFO - Processing file /home/raf/pipeline-transform/.venv/lib/python3.9/site-packages/airflow/example_dags/example_task_group_decorator.py for tasks to queue
[2023-05-26 22:31:19,466] {logging_mixin.py:115} INFO - [2023-05-26 22:31:19,466] {dagbag.py:507} INFO - Filling up the DagBag from /home/raf/pipeline-transform/.venv/lib/python3.9/site-packages/airflow/example_dags/example_task_group_decorator.py
[2023-05-26 22:31:19,487] {processor.py:651} INFO - DAG(s) dict_keys(['example_task_group_decorator']) retrieved from /home/raf/pipeline-transform/.venv/lib/python3.9/site-packages/airflow/example_dags/example_task_group_decorator.py
[2023-05-26 22:31:19,502] {logging_mixin.py:115} INFO - [2023-05-26 22:31:19,502] {dag.py:2379} INFO - Sync 1 DAGs
[2023-05-26 22:31:19,519] {logging_mixin.py:115} INFO - [2023-05-26 22:31:19,519] {dag.py:2927} INFO - Setting next_dagrun for example_task_group_decorator to 2023-05-26T01:31:19.519141+00:00, run_after=2023-05-27T01:31:19.519141+00:00
[2023-05-26 22:31:19,555] {processor.py:161} INFO - Processing /home/raf/pipeline-transform/.venv/lib/python3.9/site-packages/airflow/example_dags/example_task_group_decorator.py took 0.093 seconds
[2023-05-26 22:31:53,499] {processor.py:153} INFO - Started process (PID=497) to work on /home/raf/pipeline-transform/.venv/lib/python3.9/site-packages/airflow/example_dags/example_task_group_decorator.py
[2023-05-26 22:31:53,504] {processor.py:641} INFO - Processing file /home/raf/pipeline-transform/.venv/lib/python3.9/site-packages/airflow/example_dags/example_task_group_decorator.py for tasks to queue
[2023-05-26 22:31:53,505] {logging_mixin.py:115} INFO - [2023-05-26 22:31:53,505] {dagbag.py:507} INFO - Filling up the DagBag from /home/raf/pipeline-transform/.venv/lib/python3.9/site-packages/airflow/example_dags/example_task_group_decorator.py
[2023-05-26 22:31:53,528] {processor.py:651} INFO - DAG(s) dict_keys(['example_task_group_decorator']) retrieved from /home/raf/pipeline-transform/.venv/lib/python3.9/site-packages/airflow/example_dags/example_task_group_decorator.py
[2023-05-26 22:31:53,544] {logging_mixin.py:115} INFO - [2023-05-26 22:31:53,543] {dag.py:2379} INFO - Sync 1 DAGs
[2023-05-26 22:31:53,561] {logging_mixin.py:115} INFO - [2023-05-26 22:31:53,561] {dag.py:2927} INFO - Setting next_dagrun for example_task_group_decorator to 2023-05-26T01:31:53.561241+00:00, run_after=2023-05-27T01:31:53.561241+00:00
[2023-05-26 22:31:53,581] {processor.py:161} INFO - Processing /home/raf/pipeline-transform/.venv/lib/python3.9/site-packages/airflow/example_dags/example_task_group_decorator.py took 0.086 seconds
