[2023-05-26 22:03:22,708] {processor.py:153} INFO - Started process (PID=25842) to work on /home/raf/pipeline-transform/.venv/lib/python3.9/site-packages/airflow/example_dags/example_branch_operator_decorator.py
[2023-05-26 22:03:22,708] {processor.py:641} INFO - Processing file /home/raf/pipeline-transform/.venv/lib/python3.9/site-packages/airflow/example_dags/example_branch_operator_decorator.py for tasks to queue
[2023-05-26 22:03:22,709] {logging_mixin.py:115} INFO - [2023-05-26 22:03:22,709] {dagbag.py:507} INFO - Filling up the DagBag from /home/raf/pipeline-transform/.venv/lib/python3.9/site-packages/airflow/example_dags/example_branch_operator_decorator.py
[2023-05-26 22:03:22,723] {processor.py:651} INFO - DAG(s) dict_keys(['example_branch_python_operator_decorator']) retrieved from /home/raf/pipeline-transform/.venv/lib/python3.9/site-packages/airflow/example_dags/example_branch_operator_decorator.py
[2023-05-26 22:03:22,761] {logging_mixin.py:115} INFO - [2023-05-26 22:03:22,761] {dag.py:2379} INFO - Sync 1 DAGs
[2023-05-26 22:03:22,775] {logging_mixin.py:115} INFO - [2023-05-26 22:03:22,775] {dag.py:2927} INFO - Setting next_dagrun for example_branch_python_operator_decorator to 2023-05-26T00:00:00+00:00, run_after=2023-05-27T00:00:00+00:00
[2023-05-26 22:03:22,798] {processor.py:161} INFO - Processing /home/raf/pipeline-transform/.venv/lib/python3.9/site-packages/airflow/example_dags/example_branch_operator_decorator.py took 0.093 seconds
[2023-05-26 22:03:59,027] {processor.py:153} INFO - Started process (PID=26239) to work on /home/raf/pipeline-transform/.venv/lib/python3.9/site-packages/airflow/example_dags/example_branch_operator_decorator.py
[2023-05-26 22:03:59,034] {processor.py:641} INFO - Processing file /home/raf/pipeline-transform/.venv/lib/python3.9/site-packages/airflow/example_dags/example_branch_operator_decorator.py for tasks to queue
[2023-05-26 22:03:59,035] {logging_mixin.py:115} INFO - [2023-05-26 22:03:59,034] {dagbag.py:507} INFO - Filling up the DagBag from /home/raf/pipeline-transform/.venv/lib/python3.9/site-packages/airflow/example_dags/example_branch_operator_decorator.py
[2023-05-26 22:03:59,049] {processor.py:651} INFO - DAG(s) dict_keys(['example_branch_python_operator_decorator']) retrieved from /home/raf/pipeline-transform/.venv/lib/python3.9/site-packages/airflow/example_dags/example_branch_operator_decorator.py
[2023-05-26 22:03:59,063] {logging_mixin.py:115} INFO - [2023-05-26 22:03:59,063] {dag.py:2379} INFO - Sync 1 DAGs
[2023-05-26 22:03:59,080] {logging_mixin.py:115} INFO - [2023-05-26 22:03:59,080] {dag.py:2927} INFO - Setting next_dagrun for example_branch_python_operator_decorator to 2023-05-26T00:00:00+00:00, run_after=2023-05-27T00:00:00+00:00
[2023-05-26 22:03:59,099] {processor.py:161} INFO - Processing /home/raf/pipeline-transform/.venv/lib/python3.9/site-packages/airflow/example_dags/example_branch_operator_decorator.py took 0.074 seconds
[2023-05-26 22:04:32,954] {processor.py:153} INFO - Started process (PID=26322) to work on /home/raf/pipeline-transform/.venv/lib/python3.9/site-packages/airflow/example_dags/example_branch_operator_decorator.py
[2023-05-26 22:04:32,961] {processor.py:641} INFO - Processing file /home/raf/pipeline-transform/.venv/lib/python3.9/site-packages/airflow/example_dags/example_branch_operator_decorator.py for tasks to queue
[2023-05-26 22:04:32,962] {logging_mixin.py:115} INFO - [2023-05-26 22:04:32,962] {dagbag.py:507} INFO - Filling up the DagBag from /home/raf/pipeline-transform/.venv/lib/python3.9/site-packages/airflow/example_dags/example_branch_operator_decorator.py
[2023-05-26 22:04:32,979] {processor.py:651} INFO - DAG(s) dict_keys(['example_branch_python_operator_decorator']) retrieved from /home/raf/pipeline-transform/.venv/lib/python3.9/site-packages/airflow/example_dags/example_branch_operator_decorator.py
[2023-05-26 22:04:32,995] {logging_mixin.py:115} INFO - [2023-05-26 22:04:32,994] {dag.py:2379} INFO - Sync 1 DAGs
[2023-05-26 22:04:33,015] {logging_mixin.py:115} INFO - [2023-05-26 22:04:33,015] {dag.py:2927} INFO - Setting next_dagrun for example_branch_python_operator_decorator to 2023-05-26T00:00:00+00:00, run_after=2023-05-27T00:00:00+00:00
[2023-05-26 22:04:33,034] {processor.py:161} INFO - Processing /home/raf/pipeline-transform/.venv/lib/python3.9/site-packages/airflow/example_dags/example_branch_operator_decorator.py took 0.083 seconds
[2023-05-26 22:05:07,426] {processor.py:153} INFO - Started process (PID=26663) to work on /home/raf/pipeline-transform/.venv/lib/python3.9/site-packages/airflow/example_dags/example_branch_operator_decorator.py
[2023-05-26 22:05:07,434] {processor.py:641} INFO - Processing file /home/raf/pipeline-transform/.venv/lib/python3.9/site-packages/airflow/example_dags/example_branch_operator_decorator.py for tasks to queue
[2023-05-26 22:05:07,434] {logging_mixin.py:115} INFO - [2023-05-26 22:05:07,434] {dagbag.py:507} INFO - Filling up the DagBag from /home/raf/pipeline-transform/.venv/lib/python3.9/site-packages/airflow/example_dags/example_branch_operator_decorator.py
[2023-05-26 22:05:07,453] {processor.py:651} INFO - DAG(s) dict_keys(['example_branch_python_operator_decorator']) retrieved from /home/raf/pipeline-transform/.venv/lib/python3.9/site-packages/airflow/example_dags/example_branch_operator_decorator.py
[2023-05-26 22:05:07,473] {logging_mixin.py:115} INFO - [2023-05-26 22:05:07,473] {dag.py:2379} INFO - Sync 1 DAGs
[2023-05-26 22:05:07,495] {logging_mixin.py:115} INFO - [2023-05-26 22:05:07,495] {dag.py:2927} INFO - Setting next_dagrun for example_branch_python_operator_decorator to 2023-05-26T00:00:00+00:00, run_after=2023-05-27T00:00:00+00:00
[2023-05-26 22:05:07,526] {processor.py:161} INFO - Processing /home/raf/pipeline-transform/.venv/lib/python3.9/site-packages/airflow/example_dags/example_branch_operator_decorator.py took 0.104 seconds
[2023-05-26 22:05:42,639] {processor.py:153} INFO - Started process (PID=26916) to work on /home/raf/pipeline-transform/.venv/lib/python3.9/site-packages/airflow/example_dags/example_branch_operator_decorator.py
[2023-05-26 22:05:42,648] {processor.py:641} INFO - Processing file /home/raf/pipeline-transform/.venv/lib/python3.9/site-packages/airflow/example_dags/example_branch_operator_decorator.py for tasks to queue
[2023-05-26 22:05:42,649] {logging_mixin.py:115} INFO - [2023-05-26 22:05:42,649] {dagbag.py:507} INFO - Filling up the DagBag from /home/raf/pipeline-transform/.venv/lib/python3.9/site-packages/airflow/example_dags/example_branch_operator_decorator.py
[2023-05-26 22:05:42,665] {processor.py:651} INFO - DAG(s) dict_keys(['example_branch_python_operator_decorator']) retrieved from /home/raf/pipeline-transform/.venv/lib/python3.9/site-packages/airflow/example_dags/example_branch_operator_decorator.py
[2023-05-26 22:05:42,679] {logging_mixin.py:115} INFO - [2023-05-26 22:05:42,679] {dag.py:2379} INFO - Sync 1 DAGs
[2023-05-26 22:05:42,699] {logging_mixin.py:115} INFO - [2023-05-26 22:05:42,699] {dag.py:2927} INFO - Setting next_dagrun for example_branch_python_operator_decorator to 2023-05-26T00:00:00+00:00, run_after=2023-05-27T00:00:00+00:00
[2023-05-26 22:05:42,720] {processor.py:161} INFO - Processing /home/raf/pipeline-transform/.venv/lib/python3.9/site-packages/airflow/example_dags/example_branch_operator_decorator.py took 0.083 seconds
[2023-05-26 22:06:17,379] {processor.py:153} INFO - Started process (PID=27010) to work on /home/raf/pipeline-transform/.venv/lib/python3.9/site-packages/airflow/example_dags/example_branch_operator_decorator.py
[2023-05-26 22:06:17,389] {processor.py:641} INFO - Processing file /home/raf/pipeline-transform/.venv/lib/python3.9/site-packages/airflow/example_dags/example_branch_operator_decorator.py for tasks to queue
[2023-05-26 22:06:17,390] {logging_mixin.py:115} INFO - [2023-05-26 22:06:17,390] {dagbag.py:507} INFO - Filling up the DagBag from /home/raf/pipeline-transform/.venv/lib/python3.9/site-packages/airflow/example_dags/example_branch_operator_decorator.py
[2023-05-26 22:06:17,404] {processor.py:651} INFO - DAG(s) dict_keys(['example_branch_python_operator_decorator']) retrieved from /home/raf/pipeline-transform/.venv/lib/python3.9/site-packages/airflow/example_dags/example_branch_operator_decorator.py
[2023-05-26 22:06:17,417] {logging_mixin.py:115} INFO - [2023-05-26 22:06:17,417] {dag.py:2379} INFO - Sync 1 DAGs
[2023-05-26 22:06:17,434] {logging_mixin.py:115} INFO - [2023-05-26 22:06:17,434] {dag.py:2927} INFO - Setting next_dagrun for example_branch_python_operator_decorator to 2023-05-26T00:00:00+00:00, run_after=2023-05-27T00:00:00+00:00
[2023-05-26 22:06:17,454] {processor.py:161} INFO - Processing /home/raf/pipeline-transform/.venv/lib/python3.9/site-packages/airflow/example_dags/example_branch_operator_decorator.py took 0.077 seconds
[2023-05-26 22:06:53,655] {processor.py:153} INFO - Started process (PID=27206) to work on /home/raf/pipeline-transform/.venv/lib/python3.9/site-packages/airflow/example_dags/example_branch_operator_decorator.py
[2023-05-26 22:06:53,666] {processor.py:641} INFO - Processing file /home/raf/pipeline-transform/.venv/lib/python3.9/site-packages/airflow/example_dags/example_branch_operator_decorator.py for tasks to queue
[2023-05-26 22:06:53,666] {logging_mixin.py:115} INFO - [2023-05-26 22:06:53,666] {dagbag.py:507} INFO - Filling up the DagBag from /home/raf/pipeline-transform/.venv/lib/python3.9/site-packages/airflow/example_dags/example_branch_operator_decorator.py
[2023-05-26 22:06:53,681] {processor.py:651} INFO - DAG(s) dict_keys(['example_branch_python_operator_decorator']) retrieved from /home/raf/pipeline-transform/.venv/lib/python3.9/site-packages/airflow/example_dags/example_branch_operator_decorator.py
[2023-05-26 22:06:53,694] {logging_mixin.py:115} INFO - [2023-05-26 22:06:53,694] {dag.py:2379} INFO - Sync 1 DAGs
[2023-05-26 22:06:53,712] {logging_mixin.py:115} INFO - [2023-05-26 22:06:53,712] {dag.py:2927} INFO - Setting next_dagrun for example_branch_python_operator_decorator to 2023-05-26T00:00:00+00:00, run_after=2023-05-27T00:00:00+00:00
[2023-05-26 22:06:53,730] {processor.py:161} INFO - Processing /home/raf/pipeline-transform/.venv/lib/python3.9/site-packages/airflow/example_dags/example_branch_operator_decorator.py took 0.077 seconds
[2023-05-26 22:07:28,506] {processor.py:153} INFO - Started process (PID=27293) to work on /home/raf/pipeline-transform/.venv/lib/python3.9/site-packages/airflow/example_dags/example_branch_operator_decorator.py
[2023-05-26 22:07:28,507] {processor.py:641} INFO - Processing file /home/raf/pipeline-transform/.venv/lib/python3.9/site-packages/airflow/example_dags/example_branch_operator_decorator.py for tasks to queue
[2023-05-26 22:07:28,507] {logging_mixin.py:115} INFO - [2023-05-26 22:07:28,507] {dagbag.py:507} INFO - Filling up the DagBag from /home/raf/pipeline-transform/.venv/lib/python3.9/site-packages/airflow/example_dags/example_branch_operator_decorator.py
[2023-05-26 22:07:28,529] {processor.py:651} INFO - DAG(s) dict_keys(['example_branch_python_operator_decorator']) retrieved from /home/raf/pipeline-transform/.venv/lib/python3.9/site-packages/airflow/example_dags/example_branch_operator_decorator.py
[2023-05-26 22:07:28,545] {logging_mixin.py:115} INFO - [2023-05-26 22:07:28,545] {dag.py:2379} INFO - Sync 1 DAGs
[2023-05-26 22:07:28,563] {logging_mixin.py:115} INFO - [2023-05-26 22:07:28,563] {dag.py:2927} INFO - Setting next_dagrun for example_branch_python_operator_decorator to 2023-05-26T00:00:00+00:00, run_after=2023-05-27T00:00:00+00:00
[2023-05-26 22:07:28,585] {processor.py:161} INFO - Processing /home/raf/pipeline-transform/.venv/lib/python3.9/site-packages/airflow/example_dags/example_branch_operator_decorator.py took 0.082 seconds
[2023-05-26 22:08:00,065] {processor.py:153} INFO - Started process (PID=27373) to work on /home/raf/pipeline-transform/.venv/lib/python3.9/site-packages/airflow/example_dags/example_branch_operator_decorator.py
[2023-05-26 22:08:00,065] {processor.py:641} INFO - Processing file /home/raf/pipeline-transform/.venv/lib/python3.9/site-packages/airflow/example_dags/example_branch_operator_decorator.py for tasks to queue
[2023-05-26 22:08:00,066] {logging_mixin.py:115} INFO - [2023-05-26 22:08:00,066] {dagbag.py:507} INFO - Filling up the DagBag from /home/raf/pipeline-transform/.venv/lib/python3.9/site-packages/airflow/example_dags/example_branch_operator_decorator.py
[2023-05-26 22:08:00,115] {processor.py:651} INFO - DAG(s) dict_keys(['example_branch_python_operator_decorator']) retrieved from /home/raf/pipeline-transform/.venv/lib/python3.9/site-packages/airflow/example_dags/example_branch_operator_decorator.py
[2023-05-26 22:08:00,135] {logging_mixin.py:115} INFO - [2023-05-26 22:08:00,135] {dag.py:2379} INFO - Sync 1 DAGs
[2023-05-26 22:08:00,166] {logging_mixin.py:115} INFO - [2023-05-26 22:08:00,166] {dag.py:2927} INFO - Setting next_dagrun for example_branch_python_operator_decorator to 2023-05-26T00:00:00+00:00, run_after=2023-05-27T00:00:00+00:00
[2023-05-26 22:08:00,209] {processor.py:161} INFO - Processing /home/raf/pipeline-transform/.venv/lib/python3.9/site-packages/airflow/example_dags/example_branch_operator_decorator.py took 0.147 seconds
[2023-05-26 22:08:32,257] {processor.py:153} INFO - Started process (PID=27506) to work on /home/raf/pipeline-transform/.venv/lib/python3.9/site-packages/airflow/example_dags/example_branch_operator_decorator.py
[2023-05-26 22:08:32,258] {processor.py:641} INFO - Processing file /home/raf/pipeline-transform/.venv/lib/python3.9/site-packages/airflow/example_dags/example_branch_operator_decorator.py for tasks to queue
[2023-05-26 22:08:32,259] {logging_mixin.py:115} INFO - [2023-05-26 22:08:32,258] {dagbag.py:507} INFO - Filling up the DagBag from /home/raf/pipeline-transform/.venv/lib/python3.9/site-packages/airflow/example_dags/example_branch_operator_decorator.py
[2023-05-26 22:08:32,285] {processor.py:651} INFO - DAG(s) dict_keys(['example_branch_python_operator_decorator']) retrieved from /home/raf/pipeline-transform/.venv/lib/python3.9/site-packages/airflow/example_dags/example_branch_operator_decorator.py
[2023-05-26 22:08:32,302] {logging_mixin.py:115} INFO - [2023-05-26 22:08:32,302] {dag.py:2379} INFO - Sync 1 DAGs
[2023-05-26 22:08:32,326] {logging_mixin.py:115} INFO - [2023-05-26 22:08:32,326] {dag.py:2927} INFO - Setting next_dagrun for example_branch_python_operator_decorator to 2023-05-26T00:00:00+00:00, run_after=2023-05-27T00:00:00+00:00
[2023-05-26 22:08:32,370] {processor.py:161} INFO - Processing /home/raf/pipeline-transform/.venv/lib/python3.9/site-packages/airflow/example_dags/example_branch_operator_decorator.py took 0.116 seconds
[2023-05-26 22:09:06,778] {processor.py:153} INFO - Started process (PID=27594) to work on /home/raf/pipeline-transform/.venv/lib/python3.9/site-packages/airflow/example_dags/example_branch_operator_decorator.py
[2023-05-26 22:09:06,798] {processor.py:641} INFO - Processing file /home/raf/pipeline-transform/.venv/lib/python3.9/site-packages/airflow/example_dags/example_branch_operator_decorator.py for tasks to queue
[2023-05-26 22:09:06,798] {logging_mixin.py:115} INFO - [2023-05-26 22:09:06,798] {dagbag.py:507} INFO - Filling up the DagBag from /home/raf/pipeline-transform/.venv/lib/python3.9/site-packages/airflow/example_dags/example_branch_operator_decorator.py
[2023-05-26 22:09:06,814] {processor.py:651} INFO - DAG(s) dict_keys(['example_branch_python_operator_decorator']) retrieved from /home/raf/pipeline-transform/.venv/lib/python3.9/site-packages/airflow/example_dags/example_branch_operator_decorator.py
[2023-05-26 22:09:06,829] {logging_mixin.py:115} INFO - [2023-05-26 22:09:06,829] {dag.py:2379} INFO - Sync 1 DAGs
[2023-05-26 22:09:06,848] {logging_mixin.py:115} INFO - [2023-05-26 22:09:06,848] {dag.py:2927} INFO - Setting next_dagrun for example_branch_python_operator_decorator to 2023-05-26T00:00:00+00:00, run_after=2023-05-27T00:00:00+00:00
[2023-05-26 22:09:06,867] {processor.py:161} INFO - Processing /home/raf/pipeline-transform/.venv/lib/python3.9/site-packages/airflow/example_dags/example_branch_operator_decorator.py took 0.092 seconds
[2023-05-26 22:09:41,462] {processor.py:153} INFO - Started process (PID=27784) to work on /home/raf/pipeline-transform/.venv/lib/python3.9/site-packages/airflow/example_dags/example_branch_operator_decorator.py
[2023-05-26 22:09:41,482] {processor.py:641} INFO - Processing file /home/raf/pipeline-transform/.venv/lib/python3.9/site-packages/airflow/example_dags/example_branch_operator_decorator.py for tasks to queue
[2023-05-26 22:09:41,483] {logging_mixin.py:115} INFO - [2023-05-26 22:09:41,483] {dagbag.py:507} INFO - Filling up the DagBag from /home/raf/pipeline-transform/.venv/lib/python3.9/site-packages/airflow/example_dags/example_branch_operator_decorator.py
[2023-05-26 22:09:41,497] {processor.py:651} INFO - DAG(s) dict_keys(['example_branch_python_operator_decorator']) retrieved from /home/raf/pipeline-transform/.venv/lib/python3.9/site-packages/airflow/example_dags/example_branch_operator_decorator.py
[2023-05-26 22:09:41,510] {logging_mixin.py:115} INFO - [2023-05-26 22:09:41,510] {dag.py:2379} INFO - Sync 1 DAGs
[2023-05-26 22:09:41,528] {logging_mixin.py:115} INFO - [2023-05-26 22:09:41,527] {dag.py:2927} INFO - Setting next_dagrun for example_branch_python_operator_decorator to 2023-05-26T00:00:00+00:00, run_after=2023-05-27T00:00:00+00:00
[2023-05-26 22:09:41,546] {processor.py:161} INFO - Processing /home/raf/pipeline-transform/.venv/lib/python3.9/site-packages/airflow/example_dags/example_branch_operator_decorator.py took 0.087 seconds
[2023-05-26 22:10:12,634] {processor.py:153} INFO - Started process (PID=27861) to work on /home/raf/pipeline-transform/.venv/lib/python3.9/site-packages/airflow/example_dags/example_branch_operator_decorator.py
[2023-05-26 22:10:12,634] {processor.py:641} INFO - Processing file /home/raf/pipeline-transform/.venv/lib/python3.9/site-packages/airflow/example_dags/example_branch_operator_decorator.py for tasks to queue
[2023-05-26 22:10:12,634] {logging_mixin.py:115} INFO - [2023-05-26 22:10:12,634] {dagbag.py:507} INFO - Filling up the DagBag from /home/raf/pipeline-transform/.venv/lib/python3.9/site-packages/airflow/example_dags/example_branch_operator_decorator.py
[2023-05-26 22:10:12,649] {processor.py:651} INFO - DAG(s) dict_keys(['example_branch_python_operator_decorator']) retrieved from /home/raf/pipeline-transform/.venv/lib/python3.9/site-packages/airflow/example_dags/example_branch_operator_decorator.py
[2023-05-26 22:10:12,662] {logging_mixin.py:115} INFO - [2023-05-26 22:10:12,662] {dag.py:2379} INFO - Sync 1 DAGs
[2023-05-26 22:10:12,680] {logging_mixin.py:115} INFO - [2023-05-26 22:10:12,680] {dag.py:2927} INFO - Setting next_dagrun for example_branch_python_operator_decorator to 2023-05-26T00:00:00+00:00, run_after=2023-05-27T00:00:00+00:00
[2023-05-26 22:10:12,710] {processor.py:161} INFO - Processing /home/raf/pipeline-transform/.venv/lib/python3.9/site-packages/airflow/example_dags/example_branch_operator_decorator.py took 0.079 seconds
[2023-05-26 22:10:45,762] {processor.py:153} INFO - Started process (PID=27942) to work on /home/raf/pipeline-transform/.venv/lib/python3.9/site-packages/airflow/example_dags/example_branch_operator_decorator.py
[2023-05-26 22:10:45,767] {processor.py:641} INFO - Processing file /home/raf/pipeline-transform/.venv/lib/python3.9/site-packages/airflow/example_dags/example_branch_operator_decorator.py for tasks to queue
[2023-05-26 22:10:45,767] {logging_mixin.py:115} INFO - [2023-05-26 22:10:45,767] {dagbag.py:507} INFO - Filling up the DagBag from /home/raf/pipeline-transform/.venv/lib/python3.9/site-packages/airflow/example_dags/example_branch_operator_decorator.py
[2023-05-26 22:10:45,782] {processor.py:651} INFO - DAG(s) dict_keys(['example_branch_python_operator_decorator']) retrieved from /home/raf/pipeline-transform/.venv/lib/python3.9/site-packages/airflow/example_dags/example_branch_operator_decorator.py
[2023-05-26 22:10:45,795] {logging_mixin.py:115} INFO - [2023-05-26 22:10:45,795] {dag.py:2379} INFO - Sync 1 DAGs
[2023-05-26 22:10:45,812] {logging_mixin.py:115} INFO - [2023-05-26 22:10:45,812] {dag.py:2927} INFO - Setting next_dagrun for example_branch_python_operator_decorator to 2023-05-26T00:00:00+00:00, run_after=2023-05-27T00:00:00+00:00
[2023-05-26 22:10:45,829] {processor.py:161} INFO - Processing /home/raf/pipeline-transform/.venv/lib/python3.9/site-packages/airflow/example_dags/example_branch_operator_decorator.py took 0.069 seconds
[2023-05-26 22:11:19,831] {processor.py:153} INFO - Started process (PID=28025) to work on /home/raf/pipeline-transform/.venv/lib/python3.9/site-packages/airflow/example_dags/example_branch_operator_decorator.py
[2023-05-26 22:11:19,875] {processor.py:641} INFO - Processing file /home/raf/pipeline-transform/.venv/lib/python3.9/site-packages/airflow/example_dags/example_branch_operator_decorator.py for tasks to queue
[2023-05-26 22:11:19,876] {logging_mixin.py:115} INFO - [2023-05-26 22:11:19,876] {dagbag.py:507} INFO - Filling up the DagBag from /home/raf/pipeline-transform/.venv/lib/python3.9/site-packages/airflow/example_dags/example_branch_operator_decorator.py
[2023-05-26 22:11:19,934] {processor.py:651} INFO - DAG(s) dict_keys(['example_branch_python_operator_decorator']) retrieved from /home/raf/pipeline-transform/.venv/lib/python3.9/site-packages/airflow/example_dags/example_branch_operator_decorator.py
[2023-05-26 22:11:19,974] {logging_mixin.py:115} INFO - [2023-05-26 22:11:19,973] {dag.py:2379} INFO - Sync 1 DAGs
[2023-05-26 22:11:20,019] {logging_mixin.py:115} INFO - [2023-05-26 22:11:20,019] {dag.py:2927} INFO - Setting next_dagrun for example_branch_python_operator_decorator to 2023-05-26T00:00:00+00:00, run_after=2023-05-27T00:00:00+00:00
[2023-05-26 22:11:20,108] {processor.py:161} INFO - Processing /home/raf/pipeline-transform/.venv/lib/python3.9/site-packages/airflow/example_dags/example_branch_operator_decorator.py took 0.282 seconds
[2023-05-26 22:11:53,534] {processor.py:153} INFO - Started process (PID=28122) to work on /home/raf/pipeline-transform/.venv/lib/python3.9/site-packages/airflow/example_dags/example_branch_operator_decorator.py
[2023-05-26 22:11:53,542] {processor.py:641} INFO - Processing file /home/raf/pipeline-transform/.venv/lib/python3.9/site-packages/airflow/example_dags/example_branch_operator_decorator.py for tasks to queue
[2023-05-26 22:11:53,542] {logging_mixin.py:115} INFO - [2023-05-26 22:11:53,542] {dagbag.py:507} INFO - Filling up the DagBag from /home/raf/pipeline-transform/.venv/lib/python3.9/site-packages/airflow/example_dags/example_branch_operator_decorator.py
[2023-05-26 22:11:53,557] {processor.py:651} INFO - DAG(s) dict_keys(['example_branch_python_operator_decorator']) retrieved from /home/raf/pipeline-transform/.venv/lib/python3.9/site-packages/airflow/example_dags/example_branch_operator_decorator.py
[2023-05-26 22:11:53,570] {logging_mixin.py:115} INFO - [2023-05-26 22:11:53,570] {dag.py:2379} INFO - Sync 1 DAGs
[2023-05-26 22:11:53,587] {logging_mixin.py:115} INFO - [2023-05-26 22:11:53,587] {dag.py:2927} INFO - Setting next_dagrun for example_branch_python_operator_decorator to 2023-05-26T00:00:00+00:00, run_after=2023-05-27T00:00:00+00:00
[2023-05-26 22:11:53,605] {processor.py:161} INFO - Processing /home/raf/pipeline-transform/.venv/lib/python3.9/site-packages/airflow/example_dags/example_branch_operator_decorator.py took 0.073 seconds
[2023-05-26 22:12:28,183] {processor.py:153} INFO - Started process (PID=28334) to work on /home/raf/pipeline-transform/.venv/lib/python3.9/site-packages/airflow/example_dags/example_branch_operator_decorator.py
[2023-05-26 22:12:28,188] {processor.py:641} INFO - Processing file /home/raf/pipeline-transform/.venv/lib/python3.9/site-packages/airflow/example_dags/example_branch_operator_decorator.py for tasks to queue
[2023-05-26 22:12:28,189] {logging_mixin.py:115} INFO - [2023-05-26 22:12:28,189] {dagbag.py:507} INFO - Filling up the DagBag from /home/raf/pipeline-transform/.venv/lib/python3.9/site-packages/airflow/example_dags/example_branch_operator_decorator.py
[2023-05-26 22:12:28,204] {processor.py:651} INFO - DAG(s) dict_keys(['example_branch_python_operator_decorator']) retrieved from /home/raf/pipeline-transform/.venv/lib/python3.9/site-packages/airflow/example_dags/example_branch_operator_decorator.py
[2023-05-26 22:12:28,218] {logging_mixin.py:115} INFO - [2023-05-26 22:12:28,218] {dag.py:2379} INFO - Sync 1 DAGs
[2023-05-26 22:12:28,240] {logging_mixin.py:115} INFO - [2023-05-26 22:12:28,240] {dag.py:2927} INFO - Setting next_dagrun for example_branch_python_operator_decorator to 2023-05-26T00:00:00+00:00, run_after=2023-05-27T00:00:00+00:00
[2023-05-26 22:12:28,260] {processor.py:161} INFO - Processing /home/raf/pipeline-transform/.venv/lib/python3.9/site-packages/airflow/example_dags/example_branch_operator_decorator.py took 0.080 seconds
[2023-05-26 22:13:01,524] {processor.py:153} INFO - Started process (PID=28447) to work on /home/raf/pipeline-transform/.venv/lib/python3.9/site-packages/airflow/example_dags/example_branch_operator_decorator.py
[2023-05-26 22:13:01,531] {processor.py:641} INFO - Processing file /home/raf/pipeline-transform/.venv/lib/python3.9/site-packages/airflow/example_dags/example_branch_operator_decorator.py for tasks to queue
[2023-05-26 22:13:01,532] {logging_mixin.py:115} INFO - [2023-05-26 22:13:01,532] {dagbag.py:507} INFO - Filling up the DagBag from /home/raf/pipeline-transform/.venv/lib/python3.9/site-packages/airflow/example_dags/example_branch_operator_decorator.py
[2023-05-26 22:13:01,546] {processor.py:651} INFO - DAG(s) dict_keys(['example_branch_python_operator_decorator']) retrieved from /home/raf/pipeline-transform/.venv/lib/python3.9/site-packages/airflow/example_dags/example_branch_operator_decorator.py
[2023-05-26 22:13:01,561] {logging_mixin.py:115} INFO - [2023-05-26 22:13:01,560] {dag.py:2379} INFO - Sync 1 DAGs
[2023-05-26 22:13:01,579] {logging_mixin.py:115} INFO - [2023-05-26 22:13:01,579] {dag.py:2927} INFO - Setting next_dagrun for example_branch_python_operator_decorator to 2023-05-26T00:00:00+00:00, run_after=2023-05-27T00:00:00+00:00
[2023-05-26 22:13:01,595] {processor.py:161} INFO - Processing /home/raf/pipeline-transform/.venv/lib/python3.9/site-packages/airflow/example_dags/example_branch_operator_decorator.py took 0.073 seconds
[2023-05-26 22:13:35,325] {processor.py:153} INFO - Started process (PID=28581) to work on /home/raf/pipeline-transform/.venv/lib/python3.9/site-packages/airflow/example_dags/example_branch_operator_decorator.py
[2023-05-26 22:13:35,343] {processor.py:641} INFO - Processing file /home/raf/pipeline-transform/.venv/lib/python3.9/site-packages/airflow/example_dags/example_branch_operator_decorator.py for tasks to queue
[2023-05-26 22:13:35,344] {logging_mixin.py:115} INFO - [2023-05-26 22:13:35,344] {dagbag.py:507} INFO - Filling up the DagBag from /home/raf/pipeline-transform/.venv/lib/python3.9/site-packages/airflow/example_dags/example_branch_operator_decorator.py
[2023-05-26 22:13:35,358] {processor.py:651} INFO - DAG(s) dict_keys(['example_branch_python_operator_decorator']) retrieved from /home/raf/pipeline-transform/.venv/lib/python3.9/site-packages/airflow/example_dags/example_branch_operator_decorator.py
[2023-05-26 22:13:35,372] {logging_mixin.py:115} INFO - [2023-05-26 22:13:35,372] {dag.py:2379} INFO - Sync 1 DAGs
[2023-05-26 22:13:35,390] {logging_mixin.py:115} INFO - [2023-05-26 22:13:35,390] {dag.py:2927} INFO - Setting next_dagrun for example_branch_python_operator_decorator to 2023-05-26T00:00:00+00:00, run_after=2023-05-27T00:00:00+00:00
[2023-05-26 22:13:35,407] {processor.py:161} INFO - Processing /home/raf/pipeline-transform/.venv/lib/python3.9/site-packages/airflow/example_dags/example_branch_operator_decorator.py took 0.085 seconds
[2023-05-26 22:14:07,852] {processor.py:153} INFO - Started process (PID=28665) to work on /home/raf/pipeline-transform/.venv/lib/python3.9/site-packages/airflow/example_dags/example_branch_operator_decorator.py
[2023-05-26 22:14:07,852] {processor.py:641} INFO - Processing file /home/raf/pipeline-transform/.venv/lib/python3.9/site-packages/airflow/example_dags/example_branch_operator_decorator.py for tasks to queue
[2023-05-26 22:14:07,853] {logging_mixin.py:115} INFO - [2023-05-26 22:14:07,853] {dagbag.py:507} INFO - Filling up the DagBag from /home/raf/pipeline-transform/.venv/lib/python3.9/site-packages/airflow/example_dags/example_branch_operator_decorator.py
[2023-05-26 22:14:07,870] {processor.py:651} INFO - DAG(s) dict_keys(['example_branch_python_operator_decorator']) retrieved from /home/raf/pipeline-transform/.venv/lib/python3.9/site-packages/airflow/example_dags/example_branch_operator_decorator.py
[2023-05-26 22:14:07,885] {logging_mixin.py:115} INFO - [2023-05-26 22:14:07,885] {dag.py:2379} INFO - Sync 1 DAGs
[2023-05-26 22:14:07,906] {logging_mixin.py:115} INFO - [2023-05-26 22:14:07,906] {dag.py:2927} INFO - Setting next_dagrun for example_branch_python_operator_decorator to 2023-05-26T00:00:00+00:00, run_after=2023-05-27T00:00:00+00:00
[2023-05-26 22:14:07,942] {processor.py:161} INFO - Processing /home/raf/pipeline-transform/.venv/lib/python3.9/site-packages/airflow/example_dags/example_branch_operator_decorator.py took 0.093 seconds
[2023-05-26 22:14:42,793] {processor.py:153} INFO - Started process (PID=28752) to work on /home/raf/pipeline-transform/.venv/lib/python3.9/site-packages/airflow/example_dags/example_branch_operator_decorator.py
[2023-05-26 22:14:42,794] {processor.py:641} INFO - Processing file /home/raf/pipeline-transform/.venv/lib/python3.9/site-packages/airflow/example_dags/example_branch_operator_decorator.py for tasks to queue
[2023-05-26 22:14:42,795] {logging_mixin.py:115} INFO - [2023-05-26 22:14:42,794] {dagbag.py:507} INFO - Filling up the DagBag from /home/raf/pipeline-transform/.venv/lib/python3.9/site-packages/airflow/example_dags/example_branch_operator_decorator.py
[2023-05-26 22:14:42,809] {processor.py:651} INFO - DAG(s) dict_keys(['example_branch_python_operator_decorator']) retrieved from /home/raf/pipeline-transform/.venv/lib/python3.9/site-packages/airflow/example_dags/example_branch_operator_decorator.py
[2023-05-26 22:14:42,822] {logging_mixin.py:115} INFO - [2023-05-26 22:14:42,822] {dag.py:2379} INFO - Sync 1 DAGs
[2023-05-26 22:14:42,840] {logging_mixin.py:115} INFO - [2023-05-26 22:14:42,840] {dag.py:2927} INFO - Setting next_dagrun for example_branch_python_operator_decorator to 2023-05-26T00:00:00+00:00, run_after=2023-05-27T00:00:00+00:00
[2023-05-26 22:14:42,856] {processor.py:161} INFO - Processing /home/raf/pipeline-transform/.venv/lib/python3.9/site-packages/airflow/example_dags/example_branch_operator_decorator.py took 0.066 seconds
[2023-05-26 22:15:14,899] {processor.py:153} INFO - Started process (PID=28829) to work on /home/raf/pipeline-transform/.venv/lib/python3.9/site-packages/airflow/example_dags/example_branch_operator_decorator.py
[2023-05-26 22:15:14,900] {processor.py:641} INFO - Processing file /home/raf/pipeline-transform/.venv/lib/python3.9/site-packages/airflow/example_dags/example_branch_operator_decorator.py for tasks to queue
[2023-05-26 22:15:14,900] {logging_mixin.py:115} INFO - [2023-05-26 22:15:14,900] {dagbag.py:507} INFO - Filling up the DagBag from /home/raf/pipeline-transform/.venv/lib/python3.9/site-packages/airflow/example_dags/example_branch_operator_decorator.py
[2023-05-26 22:15:14,919] {processor.py:651} INFO - DAG(s) dict_keys(['example_branch_python_operator_decorator']) retrieved from /home/raf/pipeline-transform/.venv/lib/python3.9/site-packages/airflow/example_dags/example_branch_operator_decorator.py
[2023-05-26 22:15:14,934] {logging_mixin.py:115} INFO - [2023-05-26 22:15:14,933] {dag.py:2379} INFO - Sync 1 DAGs
[2023-05-26 22:15:14,952] {logging_mixin.py:115} INFO - [2023-05-26 22:15:14,952] {dag.py:2927} INFO - Setting next_dagrun for example_branch_python_operator_decorator to 2023-05-26T00:00:00+00:00, run_after=2023-05-27T00:00:00+00:00
[2023-05-26 22:15:14,986] {processor.py:161} INFO - Processing /home/raf/pipeline-transform/.venv/lib/python3.9/site-packages/airflow/example_dags/example_branch_operator_decorator.py took 0.090 seconds
[2023-05-26 22:15:49,566] {processor.py:153} INFO - Started process (PID=28915) to work on /home/raf/pipeline-transform/.venv/lib/python3.9/site-packages/airflow/example_dags/example_branch_operator_decorator.py
[2023-05-26 22:15:49,590] {processor.py:641} INFO - Processing file /home/raf/pipeline-transform/.venv/lib/python3.9/site-packages/airflow/example_dags/example_branch_operator_decorator.py for tasks to queue
[2023-05-26 22:15:49,591] {logging_mixin.py:115} INFO - [2023-05-26 22:15:49,591] {dagbag.py:507} INFO - Filling up the DagBag from /home/raf/pipeline-transform/.venv/lib/python3.9/site-packages/airflow/example_dags/example_branch_operator_decorator.py
[2023-05-26 22:15:49,608] {processor.py:651} INFO - DAG(s) dict_keys(['example_branch_python_operator_decorator']) retrieved from /home/raf/pipeline-transform/.venv/lib/python3.9/site-packages/airflow/example_dags/example_branch_operator_decorator.py
[2023-05-26 22:15:49,624] {logging_mixin.py:115} INFO - [2023-05-26 22:15:49,624] {dag.py:2379} INFO - Sync 1 DAGs
[2023-05-26 22:15:49,644] {logging_mixin.py:115} INFO - [2023-05-26 22:15:49,643] {dag.py:2927} INFO - Setting next_dagrun for example_branch_python_operator_decorator to 2023-05-26T00:00:00+00:00, run_after=2023-05-27T00:00:00+00:00
[2023-05-26 22:15:49,665] {processor.py:161} INFO - Processing /home/raf/pipeline-transform/.venv/lib/python3.9/site-packages/airflow/example_dags/example_branch_operator_decorator.py took 0.101 seconds
[2023-05-26 22:16:20,994] {processor.py:153} INFO - Started process (PID=28992) to work on /home/raf/pipeline-transform/.venv/lib/python3.9/site-packages/airflow/example_dags/example_branch_operator_decorator.py
[2023-05-26 22:16:20,995] {processor.py:641} INFO - Processing file /home/raf/pipeline-transform/.venv/lib/python3.9/site-packages/airflow/example_dags/example_branch_operator_decorator.py for tasks to queue
[2023-05-26 22:16:20,995] {logging_mixin.py:115} INFO - [2023-05-26 22:16:20,995] {dagbag.py:507} INFO - Filling up the DagBag from /home/raf/pipeline-transform/.venv/lib/python3.9/site-packages/airflow/example_dags/example_branch_operator_decorator.py
[2023-05-26 22:16:21,013] {processor.py:651} INFO - DAG(s) dict_keys(['example_branch_python_operator_decorator']) retrieved from /home/raf/pipeline-transform/.venv/lib/python3.9/site-packages/airflow/example_dags/example_branch_operator_decorator.py
[2023-05-26 22:16:21,028] {logging_mixin.py:115} INFO - [2023-05-26 22:16:21,028] {dag.py:2379} INFO - Sync 1 DAGs
[2023-05-26 22:16:21,046] {logging_mixin.py:115} INFO - [2023-05-26 22:16:21,046] {dag.py:2927} INFO - Setting next_dagrun for example_branch_python_operator_decorator to 2023-05-26T00:00:00+00:00, run_after=2023-05-27T00:00:00+00:00
[2023-05-26 22:16:21,100] {processor.py:161} INFO - Processing /home/raf/pipeline-transform/.venv/lib/python3.9/site-packages/airflow/example_dags/example_branch_operator_decorator.py took 0.108 seconds
[2023-05-26 22:16:52,577] {processor.py:153} INFO - Started process (PID=29073) to work on /home/raf/pipeline-transform/.venv/lib/python3.9/site-packages/airflow/example_dags/example_branch_operator_decorator.py
[2023-05-26 22:16:52,578] {processor.py:641} INFO - Processing file /home/raf/pipeline-transform/.venv/lib/python3.9/site-packages/airflow/example_dags/example_branch_operator_decorator.py for tasks to queue
[2023-05-26 22:16:52,579] {logging_mixin.py:115} INFO - [2023-05-26 22:16:52,579] {dagbag.py:507} INFO - Filling up the DagBag from /home/raf/pipeline-transform/.venv/lib/python3.9/site-packages/airflow/example_dags/example_branch_operator_decorator.py
[2023-05-26 22:16:52,595] {processor.py:651} INFO - DAG(s) dict_keys(['example_branch_python_operator_decorator']) retrieved from /home/raf/pipeline-transform/.venv/lib/python3.9/site-packages/airflow/example_dags/example_branch_operator_decorator.py
[2023-05-26 22:16:52,611] {logging_mixin.py:115} INFO - [2023-05-26 22:16:52,610] {dag.py:2379} INFO - Sync 1 DAGs
[2023-05-26 22:16:52,632] {logging_mixin.py:115} INFO - [2023-05-26 22:16:52,631] {dag.py:2927} INFO - Setting next_dagrun for example_branch_python_operator_decorator to 2023-05-26T00:00:00+00:00, run_after=2023-05-27T00:00:00+00:00
[2023-05-26 22:16:52,686] {processor.py:161} INFO - Processing /home/raf/pipeline-transform/.venv/lib/python3.9/site-packages/airflow/example_dags/example_branch_operator_decorator.py took 0.111 seconds
[2023-05-26 22:17:24,394] {processor.py:153} INFO - Started process (PID=29150) to work on /home/raf/pipeline-transform/.venv/lib/python3.9/site-packages/airflow/example_dags/example_branch_operator_decorator.py
[2023-05-26 22:17:24,394] {processor.py:641} INFO - Processing file /home/raf/pipeline-transform/.venv/lib/python3.9/site-packages/airflow/example_dags/example_branch_operator_decorator.py for tasks to queue
[2023-05-26 22:17:24,395] {logging_mixin.py:115} INFO - [2023-05-26 22:17:24,395] {dagbag.py:507} INFO - Filling up the DagBag from /home/raf/pipeline-transform/.venv/lib/python3.9/site-packages/airflow/example_dags/example_branch_operator_decorator.py
[2023-05-26 22:17:24,411] {processor.py:651} INFO - DAG(s) dict_keys(['example_branch_python_operator_decorator']) retrieved from /home/raf/pipeline-transform/.venv/lib/python3.9/site-packages/airflow/example_dags/example_branch_operator_decorator.py
[2023-05-26 22:17:24,424] {logging_mixin.py:115} INFO - [2023-05-26 22:17:24,424] {dag.py:2379} INFO - Sync 1 DAGs
[2023-05-26 22:17:24,443] {logging_mixin.py:115} INFO - [2023-05-26 22:17:24,442] {dag.py:2927} INFO - Setting next_dagrun for example_branch_python_operator_decorator to 2023-05-26T00:00:00+00:00, run_after=2023-05-27T00:00:00+00:00
[2023-05-26 22:17:24,475] {processor.py:161} INFO - Processing /home/raf/pipeline-transform/.venv/lib/python3.9/site-packages/airflow/example_dags/example_branch_operator_decorator.py took 0.083 seconds
[2023-05-26 22:18:01,966] {processor.py:153} INFO - Started process (PID=29240) to work on /home/raf/pipeline-transform/.venv/lib/python3.9/site-packages/airflow/example_dags/example_branch_operator_decorator.py
[2023-05-26 22:18:01,970] {processor.py:641} INFO - Processing file /home/raf/pipeline-transform/.venv/lib/python3.9/site-packages/airflow/example_dags/example_branch_operator_decorator.py for tasks to queue
[2023-05-26 22:18:01,970] {logging_mixin.py:115} INFO - [2023-05-26 22:18:01,970] {dagbag.py:507} INFO - Filling up the DagBag from /home/raf/pipeline-transform/.venv/lib/python3.9/site-packages/airflow/example_dags/example_branch_operator_decorator.py
[2023-05-26 22:18:01,985] {processor.py:651} INFO - DAG(s) dict_keys(['example_branch_python_operator_decorator']) retrieved from /home/raf/pipeline-transform/.venv/lib/python3.9/site-packages/airflow/example_dags/example_branch_operator_decorator.py
[2023-05-26 22:18:01,999] {logging_mixin.py:115} INFO - [2023-05-26 22:18:01,999] {dag.py:2379} INFO - Sync 1 DAGs
[2023-05-26 22:18:02,021] {logging_mixin.py:115} INFO - [2023-05-26 22:18:02,021] {dag.py:2927} INFO - Setting next_dagrun for example_branch_python_operator_decorator to 2023-05-26T00:00:00+00:00, run_after=2023-05-27T00:00:00+00:00
[2023-05-26 22:18:02,038] {processor.py:161} INFO - Processing /home/raf/pipeline-transform/.venv/lib/python3.9/site-packages/airflow/example_dags/example_branch_operator_decorator.py took 0.074 seconds
[2023-05-26 22:18:36,948] {processor.py:153} INFO - Started process (PID=29377) to work on /home/raf/pipeline-transform/.venv/lib/python3.9/site-packages/airflow/example_dags/example_branch_operator_decorator.py
[2023-05-26 22:18:36,955] {processor.py:641} INFO - Processing file /home/raf/pipeline-transform/.venv/lib/python3.9/site-packages/airflow/example_dags/example_branch_operator_decorator.py for tasks to queue
[2023-05-26 22:18:36,955] {logging_mixin.py:115} INFO - [2023-05-26 22:18:36,955] {dagbag.py:507} INFO - Filling up the DagBag from /home/raf/pipeline-transform/.venv/lib/python3.9/site-packages/airflow/example_dags/example_branch_operator_decorator.py
[2023-05-26 22:18:36,972] {processor.py:651} INFO - DAG(s) dict_keys(['example_branch_python_operator_decorator']) retrieved from /home/raf/pipeline-transform/.venv/lib/python3.9/site-packages/airflow/example_dags/example_branch_operator_decorator.py
[2023-05-26 22:18:36,988] {logging_mixin.py:115} INFO - [2023-05-26 22:18:36,988] {dag.py:2379} INFO - Sync 1 DAGs
[2023-05-26 22:18:37,008] {logging_mixin.py:115} INFO - [2023-05-26 22:18:37,007] {dag.py:2927} INFO - Setting next_dagrun for example_branch_python_operator_decorator to 2023-05-26T00:00:00+00:00, run_after=2023-05-27T00:00:00+00:00
[2023-05-26 22:18:37,026] {processor.py:161} INFO - Processing /home/raf/pipeline-transform/.venv/lib/python3.9/site-packages/airflow/example_dags/example_branch_operator_decorator.py took 0.082 seconds
[2023-05-26 22:19:12,966] {processor.py:153} INFO - Started process (PID=29515) to work on /home/raf/pipeline-transform/.venv/lib/python3.9/site-packages/airflow/example_dags/example_branch_operator_decorator.py
[2023-05-26 22:19:12,975] {processor.py:641} INFO - Processing file /home/raf/pipeline-transform/.venv/lib/python3.9/site-packages/airflow/example_dags/example_branch_operator_decorator.py for tasks to queue
[2023-05-26 22:19:12,977] {logging_mixin.py:115} INFO - [2023-05-26 22:19:12,976] {dagbag.py:507} INFO - Filling up the DagBag from /home/raf/pipeline-transform/.venv/lib/python3.9/site-packages/airflow/example_dags/example_branch_operator_decorator.py
[2023-05-26 22:19:13,001] {processor.py:651} INFO - DAG(s) dict_keys(['example_branch_python_operator_decorator']) retrieved from /home/raf/pipeline-transform/.venv/lib/python3.9/site-packages/airflow/example_dags/example_branch_operator_decorator.py
[2023-05-26 22:19:13,018] {logging_mixin.py:115} INFO - [2023-05-26 22:19:13,018] {dag.py:2379} INFO - Sync 1 DAGs
[2023-05-26 22:19:13,040] {logging_mixin.py:115} INFO - [2023-05-26 22:19:13,040] {dag.py:2927} INFO - Setting next_dagrun for example_branch_python_operator_decorator to 2023-05-26T00:00:00+00:00, run_after=2023-05-27T00:00:00+00:00
[2023-05-26 22:19:13,063] {processor.py:161} INFO - Processing /home/raf/pipeline-transform/.venv/lib/python3.9/site-packages/airflow/example_dags/example_branch_operator_decorator.py took 0.100 seconds
[2023-05-26 22:19:48,224] {processor.py:153} INFO - Started process (PID=29720) to work on /home/raf/pipeline-transform/.venv/lib/python3.9/site-packages/airflow/example_dags/example_branch_operator_decorator.py
[2023-05-26 22:19:48,233] {processor.py:641} INFO - Processing file /home/raf/pipeline-transform/.venv/lib/python3.9/site-packages/airflow/example_dags/example_branch_operator_decorator.py for tasks to queue
[2023-05-26 22:19:48,234] {logging_mixin.py:115} INFO - [2023-05-26 22:19:48,234] {dagbag.py:507} INFO - Filling up the DagBag from /home/raf/pipeline-transform/.venv/lib/python3.9/site-packages/airflow/example_dags/example_branch_operator_decorator.py
[2023-05-26 22:19:48,252] {processor.py:651} INFO - DAG(s) dict_keys(['example_branch_python_operator_decorator']) retrieved from /home/raf/pipeline-transform/.venv/lib/python3.9/site-packages/airflow/example_dags/example_branch_operator_decorator.py
[2023-05-26 22:19:48,265] {logging_mixin.py:115} INFO - [2023-05-26 22:19:48,265] {dag.py:2379} INFO - Sync 1 DAGs
[2023-05-26 22:19:48,282] {logging_mixin.py:115} INFO - [2023-05-26 22:19:48,282] {dag.py:2927} INFO - Setting next_dagrun for example_branch_python_operator_decorator to 2023-05-26T00:00:00+00:00, run_after=2023-05-27T00:00:00+00:00
[2023-05-26 22:19:48,301] {processor.py:161} INFO - Processing /home/raf/pipeline-transform/.venv/lib/python3.9/site-packages/airflow/example_dags/example_branch_operator_decorator.py took 0.079 seconds
[2023-05-26 22:20:24,333] {processor.py:153} INFO - Started process (PID=30077) to work on /home/raf/pipeline-transform/.venv/lib/python3.9/site-packages/airflow/example_dags/example_branch_operator_decorator.py
[2023-05-26 22:20:24,344] {processor.py:641} INFO - Processing file /home/raf/pipeline-transform/.venv/lib/python3.9/site-packages/airflow/example_dags/example_branch_operator_decorator.py for tasks to queue
[2023-05-26 22:20:24,344] {logging_mixin.py:115} INFO - [2023-05-26 22:20:24,344] {dagbag.py:507} INFO - Filling up the DagBag from /home/raf/pipeline-transform/.venv/lib/python3.9/site-packages/airflow/example_dags/example_branch_operator_decorator.py
[2023-05-26 22:20:24,360] {processor.py:651} INFO - DAG(s) dict_keys(['example_branch_python_operator_decorator']) retrieved from /home/raf/pipeline-transform/.venv/lib/python3.9/site-packages/airflow/example_dags/example_branch_operator_decorator.py
[2023-05-26 22:20:24,374] {logging_mixin.py:115} INFO - [2023-05-26 22:20:24,374] {dag.py:2379} INFO - Sync 1 DAGs
[2023-05-26 22:20:24,393] {logging_mixin.py:115} INFO - [2023-05-26 22:20:24,393] {dag.py:2927} INFO - Setting next_dagrun for example_branch_python_operator_decorator to 2023-05-26T00:00:00+00:00, run_after=2023-05-27T00:00:00+00:00
[2023-05-26 22:20:24,414] {processor.py:161} INFO - Processing /home/raf/pipeline-transform/.venv/lib/python3.9/site-packages/airflow/example_dags/example_branch_operator_decorator.py took 0.085 seconds
[2023-05-26 22:21:00,454] {processor.py:153} INFO - Started process (PID=30354) to work on /home/raf/pipeline-transform/.venv/lib/python3.9/site-packages/airflow/example_dags/example_branch_operator_decorator.py
[2023-05-26 22:21:00,466] {processor.py:641} INFO - Processing file /home/raf/pipeline-transform/.venv/lib/python3.9/site-packages/airflow/example_dags/example_branch_operator_decorator.py for tasks to queue
[2023-05-26 22:21:00,467] {logging_mixin.py:115} INFO - [2023-05-26 22:21:00,467] {dagbag.py:507} INFO - Filling up the DagBag from /home/raf/pipeline-transform/.venv/lib/python3.9/site-packages/airflow/example_dags/example_branch_operator_decorator.py
[2023-05-26 22:21:00,481] {processor.py:651} INFO - DAG(s) dict_keys(['example_branch_python_operator_decorator']) retrieved from /home/raf/pipeline-transform/.venv/lib/python3.9/site-packages/airflow/example_dags/example_branch_operator_decorator.py
[2023-05-26 22:21:00,496] {logging_mixin.py:115} INFO - [2023-05-26 22:21:00,496] {dag.py:2379} INFO - Sync 1 DAGs
[2023-05-26 22:21:00,514] {logging_mixin.py:115} INFO - [2023-05-26 22:21:00,514] {dag.py:2927} INFO - Setting next_dagrun for example_branch_python_operator_decorator to 2023-05-26T00:00:00+00:00, run_after=2023-05-27T00:00:00+00:00
[2023-05-26 22:21:00,534] {processor.py:161} INFO - Processing /home/raf/pipeline-transform/.venv/lib/python3.9/site-packages/airflow/example_dags/example_branch_operator_decorator.py took 0.082 seconds
[2023-05-26 22:21:34,891] {processor.py:153} INFO - Started process (PID=30598) to work on /home/raf/pipeline-transform/.venv/lib/python3.9/site-packages/airflow/example_dags/example_branch_operator_decorator.py
[2023-05-26 22:21:34,905] {processor.py:641} INFO - Processing file /home/raf/pipeline-transform/.venv/lib/python3.9/site-packages/airflow/example_dags/example_branch_operator_decorator.py for tasks to queue
[2023-05-26 22:21:34,906] {logging_mixin.py:115} INFO - [2023-05-26 22:21:34,905] {dagbag.py:507} INFO - Filling up the DagBag from /home/raf/pipeline-transform/.venv/lib/python3.9/site-packages/airflow/example_dags/example_branch_operator_decorator.py
[2023-05-26 22:21:34,940] {processor.py:651} INFO - DAG(s) dict_keys(['example_branch_python_operator_decorator']) retrieved from /home/raf/pipeline-transform/.venv/lib/python3.9/site-packages/airflow/example_dags/example_branch_operator_decorator.py
[2023-05-26 22:21:34,963] {logging_mixin.py:115} INFO - [2023-05-26 22:21:34,962] {dag.py:2379} INFO - Sync 1 DAGs
[2023-05-26 22:21:34,994] {logging_mixin.py:115} INFO - [2023-05-26 22:21:34,994] {dag.py:2927} INFO - Setting next_dagrun for example_branch_python_operator_decorator to 2023-05-26T00:00:00+00:00, run_after=2023-05-27T00:00:00+00:00
[2023-05-26 22:21:35,016] {processor.py:161} INFO - Processing /home/raf/pipeline-transform/.venv/lib/python3.9/site-packages/airflow/example_dags/example_branch_operator_decorator.py took 0.128 seconds
[2023-05-26 22:22:12,887] {processor.py:153} INFO - Started process (PID=30972) to work on /home/raf/pipeline-transform/.venv/lib/python3.9/site-packages/airflow/example_dags/example_branch_operator_decorator.py
[2023-05-26 22:22:12,905] {processor.py:641} INFO - Processing file /home/raf/pipeline-transform/.venv/lib/python3.9/site-packages/airflow/example_dags/example_branch_operator_decorator.py for tasks to queue
[2023-05-26 22:22:12,906] {logging_mixin.py:115} INFO - [2023-05-26 22:22:12,906] {dagbag.py:507} INFO - Filling up the DagBag from /home/raf/pipeline-transform/.venv/lib/python3.9/site-packages/airflow/example_dags/example_branch_operator_decorator.py
[2023-05-26 22:22:12,926] {processor.py:651} INFO - DAG(s) dict_keys(['example_branch_python_operator_decorator']) retrieved from /home/raf/pipeline-transform/.venv/lib/python3.9/site-packages/airflow/example_dags/example_branch_operator_decorator.py
[2023-05-26 22:22:12,941] {logging_mixin.py:115} INFO - [2023-05-26 22:22:12,941] {dag.py:2379} INFO - Sync 1 DAGs
[2023-05-26 22:22:12,959] {logging_mixin.py:115} INFO - [2023-05-26 22:22:12,959] {dag.py:2927} INFO - Setting next_dagrun for example_branch_python_operator_decorator to 2023-05-26T00:00:00+00:00, run_after=2023-05-27T00:00:00+00:00
[2023-05-26 22:22:12,980] {processor.py:161} INFO - Processing /home/raf/pipeline-transform/.venv/lib/python3.9/site-packages/airflow/example_dags/example_branch_operator_decorator.py took 0.098 seconds
[2023-05-26 22:22:47,565] {processor.py:153} INFO - Started process (PID=31089) to work on /home/raf/pipeline-transform/.venv/lib/python3.9/site-packages/airflow/example_dags/example_branch_operator_decorator.py
[2023-05-26 22:22:47,585] {processor.py:641} INFO - Processing file /home/raf/pipeline-transform/.venv/lib/python3.9/site-packages/airflow/example_dags/example_branch_operator_decorator.py for tasks to queue
[2023-05-26 22:22:47,586] {logging_mixin.py:115} INFO - [2023-05-26 22:22:47,586] {dagbag.py:507} INFO - Filling up the DagBag from /home/raf/pipeline-transform/.venv/lib/python3.9/site-packages/airflow/example_dags/example_branch_operator_decorator.py
[2023-05-26 22:22:47,601] {processor.py:651} INFO - DAG(s) dict_keys(['example_branch_python_operator_decorator']) retrieved from /home/raf/pipeline-transform/.venv/lib/python3.9/site-packages/airflow/example_dags/example_branch_operator_decorator.py
[2023-05-26 22:22:47,615] {logging_mixin.py:115} INFO - [2023-05-26 22:22:47,615] {dag.py:2379} INFO - Sync 1 DAGs
[2023-05-26 22:22:47,632] {logging_mixin.py:115} INFO - [2023-05-26 22:22:47,632] {dag.py:2927} INFO - Setting next_dagrun for example_branch_python_operator_decorator to 2023-05-26T00:00:00+00:00, run_after=2023-05-27T00:00:00+00:00
[2023-05-26 22:22:47,651] {processor.py:161} INFO - Processing /home/raf/pipeline-transform/.venv/lib/python3.9/site-packages/airflow/example_dags/example_branch_operator_decorator.py took 0.089 seconds
[2023-05-26 22:23:22,861] {processor.py:153} INFO - Started process (PID=31184) to work on /home/raf/pipeline-transform/.venv/lib/python3.9/site-packages/airflow/example_dags/example_branch_operator_decorator.py
[2023-05-26 22:23:22,882] {processor.py:641} INFO - Processing file /home/raf/pipeline-transform/.venv/lib/python3.9/site-packages/airflow/example_dags/example_branch_operator_decorator.py for tasks to queue
[2023-05-26 22:23:22,883] {logging_mixin.py:115} INFO - [2023-05-26 22:23:22,883] {dagbag.py:507} INFO - Filling up the DagBag from /home/raf/pipeline-transform/.venv/lib/python3.9/site-packages/airflow/example_dags/example_branch_operator_decorator.py
[2023-05-26 22:23:22,898] {processor.py:651} INFO - DAG(s) dict_keys(['example_branch_python_operator_decorator']) retrieved from /home/raf/pipeline-transform/.venv/lib/python3.9/site-packages/airflow/example_dags/example_branch_operator_decorator.py
[2023-05-26 22:23:22,915] {logging_mixin.py:115} INFO - [2023-05-26 22:23:22,915] {dag.py:2379} INFO - Sync 1 DAGs
[2023-05-26 22:23:22,937] {logging_mixin.py:115} INFO - [2023-05-26 22:23:22,937] {dag.py:2927} INFO - Setting next_dagrun for example_branch_python_operator_decorator to 2023-05-26T00:00:00+00:00, run_after=2023-05-27T00:00:00+00:00
[2023-05-26 22:23:22,954] {processor.py:161} INFO - Processing /home/raf/pipeline-transform/.venv/lib/python3.9/site-packages/airflow/example_dags/example_branch_operator_decorator.py took 0.097 seconds
[2023-05-26 22:23:55,113] {processor.py:153} INFO - Started process (PID=31262) to work on /home/raf/pipeline-transform/.venv/lib/python3.9/site-packages/airflow/example_dags/example_branch_operator_decorator.py
[2023-05-26 22:23:55,114] {processor.py:641} INFO - Processing file /home/raf/pipeline-transform/.venv/lib/python3.9/site-packages/airflow/example_dags/example_branch_operator_decorator.py for tasks to queue
[2023-05-26 22:23:55,114] {logging_mixin.py:115} INFO - [2023-05-26 22:23:55,114] {dagbag.py:507} INFO - Filling up the DagBag from /home/raf/pipeline-transform/.venv/lib/python3.9/site-packages/airflow/example_dags/example_branch_operator_decorator.py
[2023-05-26 22:23:55,128] {processor.py:651} INFO - DAG(s) dict_keys(['example_branch_python_operator_decorator']) retrieved from /home/raf/pipeline-transform/.venv/lib/python3.9/site-packages/airflow/example_dags/example_branch_operator_decorator.py
[2023-05-26 22:23:55,142] {logging_mixin.py:115} INFO - [2023-05-26 22:23:55,142] {dag.py:2379} INFO - Sync 1 DAGs
[2023-05-26 22:23:55,159] {logging_mixin.py:115} INFO - [2023-05-26 22:23:55,159] {dag.py:2927} INFO - Setting next_dagrun for example_branch_python_operator_decorator to 2023-05-26T00:00:00+00:00, run_after=2023-05-27T00:00:00+00:00
[2023-05-26 22:23:55,189] {processor.py:161} INFO - Processing /home/raf/pipeline-transform/.venv/lib/python3.9/site-packages/airflow/example_dags/example_branch_operator_decorator.py took 0.079 seconds
[2023-05-26 22:24:29,934] {processor.py:153} INFO - Started process (PID=31350) to work on /home/raf/pipeline-transform/.venv/lib/python3.9/site-packages/airflow/example_dags/example_branch_operator_decorator.py
[2023-05-26 22:24:29,937] {processor.py:641} INFO - Processing file /home/raf/pipeline-transform/.venv/lib/python3.9/site-packages/airflow/example_dags/example_branch_operator_decorator.py for tasks to queue
[2023-05-26 22:24:29,938] {logging_mixin.py:115} INFO - [2023-05-26 22:24:29,937] {dagbag.py:507} INFO - Filling up the DagBag from /home/raf/pipeline-transform/.venv/lib/python3.9/site-packages/airflow/example_dags/example_branch_operator_decorator.py
[2023-05-26 22:24:29,952] {processor.py:651} INFO - DAG(s) dict_keys(['example_branch_python_operator_decorator']) retrieved from /home/raf/pipeline-transform/.venv/lib/python3.9/site-packages/airflow/example_dags/example_branch_operator_decorator.py
[2023-05-26 22:24:29,965] {logging_mixin.py:115} INFO - [2023-05-26 22:24:29,965] {dag.py:2379} INFO - Sync 1 DAGs
[2023-05-26 22:24:29,983] {logging_mixin.py:115} INFO - [2023-05-26 22:24:29,983] {dag.py:2927} INFO - Setting next_dagrun for example_branch_python_operator_decorator to 2023-05-26T00:00:00+00:00, run_after=2023-05-27T00:00:00+00:00
[2023-05-26 22:24:30,001] {processor.py:161} INFO - Processing /home/raf/pipeline-transform/.venv/lib/python3.9/site-packages/airflow/example_dags/example_branch_operator_decorator.py took 0.070 seconds
[2023-05-26 22:25:01,291] {processor.py:153} INFO - Started process (PID=31428) to work on /home/raf/pipeline-transform/.venv/lib/python3.9/site-packages/airflow/example_dags/example_branch_operator_decorator.py
[2023-05-26 22:25:01,315] {processor.py:641} INFO - Processing file /home/raf/pipeline-transform/.venv/lib/python3.9/site-packages/airflow/example_dags/example_branch_operator_decorator.py for tasks to queue
[2023-05-26 22:25:01,316] {logging_mixin.py:115} INFO - [2023-05-26 22:25:01,316] {dagbag.py:507} INFO - Filling up the DagBag from /home/raf/pipeline-transform/.venv/lib/python3.9/site-packages/airflow/example_dags/example_branch_operator_decorator.py
[2023-05-26 22:25:01,330] {processor.py:651} INFO - DAG(s) dict_keys(['example_branch_python_operator_decorator']) retrieved from /home/raf/pipeline-transform/.venv/lib/python3.9/site-packages/airflow/example_dags/example_branch_operator_decorator.py
[2023-05-26 22:25:01,344] {logging_mixin.py:115} INFO - [2023-05-26 22:25:01,344] {dag.py:2379} INFO - Sync 1 DAGs
[2023-05-26 22:25:01,361] {logging_mixin.py:115} INFO - [2023-05-26 22:25:01,361] {dag.py:2927} INFO - Setting next_dagrun for example_branch_python_operator_decorator to 2023-05-26T00:00:00+00:00, run_after=2023-05-27T00:00:00+00:00
[2023-05-26 22:25:01,380] {processor.py:161} INFO - Processing /home/raf/pipeline-transform/.venv/lib/python3.9/site-packages/airflow/example_dags/example_branch_operator_decorator.py took 0.092 seconds
[2023-05-26 22:25:35,549] {processor.py:153} INFO - Started process (PID=31653) to work on /home/raf/pipeline-transform/.venv/lib/python3.9/site-packages/airflow/example_dags/example_branch_operator_decorator.py
[2023-05-26 22:25:35,550] {processor.py:641} INFO - Processing file /home/raf/pipeline-transform/.venv/lib/python3.9/site-packages/airflow/example_dags/example_branch_operator_decorator.py for tasks to queue
[2023-05-26 22:25:35,551] {logging_mixin.py:115} INFO - [2023-05-26 22:25:35,551] {dagbag.py:507} INFO - Filling up the DagBag from /home/raf/pipeline-transform/.venv/lib/python3.9/site-packages/airflow/example_dags/example_branch_operator_decorator.py
[2023-05-26 22:25:35,574] {processor.py:651} INFO - DAG(s) dict_keys(['example_branch_python_operator_decorator']) retrieved from /home/raf/pipeline-transform/.venv/lib/python3.9/site-packages/airflow/example_dags/example_branch_operator_decorator.py
[2023-05-26 22:25:35,593] {logging_mixin.py:115} INFO - [2023-05-26 22:25:35,593] {dag.py:2379} INFO - Sync 1 DAGs
[2023-05-26 22:25:35,624] {logging_mixin.py:115} INFO - [2023-05-26 22:25:35,624] {dag.py:2927} INFO - Setting next_dagrun for example_branch_python_operator_decorator to 2023-05-26T00:00:00+00:00, run_after=2023-05-27T00:00:00+00:00
[2023-05-26 22:25:35,662] {processor.py:161} INFO - Processing /home/raf/pipeline-transform/.venv/lib/python3.9/site-packages/airflow/example_dags/example_branch_operator_decorator.py took 0.116 seconds
[2023-05-26 22:26:11,061] {processor.py:153} INFO - Started process (PID=31857) to work on /home/raf/pipeline-transform/.venv/lib/python3.9/site-packages/airflow/example_dags/example_branch_operator_decorator.py
[2023-05-26 22:26:11,077] {processor.py:641} INFO - Processing file /home/raf/pipeline-transform/.venv/lib/python3.9/site-packages/airflow/example_dags/example_branch_operator_decorator.py for tasks to queue
[2023-05-26 22:26:11,077] {logging_mixin.py:115} INFO - [2023-05-26 22:26:11,077] {dagbag.py:507} INFO - Filling up the DagBag from /home/raf/pipeline-transform/.venv/lib/python3.9/site-packages/airflow/example_dags/example_branch_operator_decorator.py
[2023-05-26 22:26:11,103] {processor.py:651} INFO - DAG(s) dict_keys(['example_branch_python_operator_decorator']) retrieved from /home/raf/pipeline-transform/.venv/lib/python3.9/site-packages/airflow/example_dags/example_branch_operator_decorator.py
[2023-05-26 22:26:11,122] {logging_mixin.py:115} INFO - [2023-05-26 22:26:11,122] {dag.py:2379} INFO - Sync 1 DAGs
[2023-05-26 22:26:11,148] {logging_mixin.py:115} INFO - [2023-05-26 22:26:11,148] {dag.py:2927} INFO - Setting next_dagrun for example_branch_python_operator_decorator to 2023-05-26T00:00:00+00:00, run_after=2023-05-27T00:00:00+00:00
[2023-05-26 22:26:11,194] {processor.py:161} INFO - Processing /home/raf/pipeline-transform/.venv/lib/python3.9/site-packages/airflow/example_dags/example_branch_operator_decorator.py took 0.136 seconds
[2023-05-26 22:26:48,477] {processor.py:153} INFO - Started process (PID=31967) to work on /home/raf/pipeline-transform/.venv/lib/python3.9/site-packages/airflow/example_dags/example_branch_operator_decorator.py
[2023-05-26 22:26:48,498] {processor.py:641} INFO - Processing file /home/raf/pipeline-transform/.venv/lib/python3.9/site-packages/airflow/example_dags/example_branch_operator_decorator.py for tasks to queue
[2023-05-26 22:26:48,499] {logging_mixin.py:115} INFO - [2023-05-26 22:26:48,498] {dagbag.py:507} INFO - Filling up the DagBag from /home/raf/pipeline-transform/.venv/lib/python3.9/site-packages/airflow/example_dags/example_branch_operator_decorator.py
[2023-05-26 22:26:48,566] {processor.py:651} INFO - DAG(s) dict_keys(['example_branch_python_operator_decorator']) retrieved from /home/raf/pipeline-transform/.venv/lib/python3.9/site-packages/airflow/example_dags/example_branch_operator_decorator.py
[2023-05-26 22:26:48,633] {logging_mixin.py:115} INFO - [2023-05-26 22:26:48,633] {dag.py:2379} INFO - Sync 1 DAGs
[2023-05-26 22:26:48,698] {logging_mixin.py:115} INFO - [2023-05-26 22:26:48,697] {dag.py:2927} INFO - Setting next_dagrun for example_branch_python_operator_decorator to 2023-05-26T00:00:00+00:00, run_after=2023-05-27T00:00:00+00:00
[2023-05-26 22:26:48,827] {processor.py:161} INFO - Processing /home/raf/pipeline-transform/.venv/lib/python3.9/site-packages/airflow/example_dags/example_branch_operator_decorator.py took 0.355 seconds
[2023-05-26 22:27:26,333] {processor.py:153} INFO - Started process (PID=32099) to work on /home/raf/pipeline-transform/.venv/lib/python3.9/site-packages/airflow/example_dags/example_branch_operator_decorator.py
[2023-05-26 22:27:26,334] {processor.py:641} INFO - Processing file /home/raf/pipeline-transform/.venv/lib/python3.9/site-packages/airflow/example_dags/example_branch_operator_decorator.py for tasks to queue
[2023-05-26 22:27:26,334] {logging_mixin.py:115} INFO - [2023-05-26 22:27:26,334] {dagbag.py:507} INFO - Filling up the DagBag from /home/raf/pipeline-transform/.venv/lib/python3.9/site-packages/airflow/example_dags/example_branch_operator_decorator.py
[2023-05-26 22:27:26,352] {processor.py:651} INFO - DAG(s) dict_keys(['example_branch_python_operator_decorator']) retrieved from /home/raf/pipeline-transform/.venv/lib/python3.9/site-packages/airflow/example_dags/example_branch_operator_decorator.py
[2023-05-26 22:27:26,369] {logging_mixin.py:115} INFO - [2023-05-26 22:27:26,369] {dag.py:2379} INFO - Sync 1 DAGs
[2023-05-26 22:27:26,392] {logging_mixin.py:115} INFO - [2023-05-26 22:27:26,392] {dag.py:2927} INFO - Setting next_dagrun for example_branch_python_operator_decorator to 2023-05-26T00:00:00+00:00, run_after=2023-05-27T00:00:00+00:00
[2023-05-26 22:27:26,444] {processor.py:161} INFO - Processing /home/raf/pipeline-transform/.venv/lib/python3.9/site-packages/airflow/example_dags/example_branch_operator_decorator.py took 0.113 seconds
[2023-05-26 22:28:05,049] {processor.py:153} INFO - Started process (PID=32235) to work on /home/raf/pipeline-transform/.venv/lib/python3.9/site-packages/airflow/example_dags/example_branch_operator_decorator.py
[2023-05-26 22:28:05,070] {processor.py:641} INFO - Processing file /home/raf/pipeline-transform/.venv/lib/python3.9/site-packages/airflow/example_dags/example_branch_operator_decorator.py for tasks to queue
[2023-05-26 22:28:05,071] {logging_mixin.py:115} INFO - [2023-05-26 22:28:05,071] {dagbag.py:507} INFO - Filling up the DagBag from /home/raf/pipeline-transform/.venv/lib/python3.9/site-packages/airflow/example_dags/example_branch_operator_decorator.py
[2023-05-26 22:28:05,093] {processor.py:651} INFO - DAG(s) dict_keys(['example_branch_python_operator_decorator']) retrieved from /home/raf/pipeline-transform/.venv/lib/python3.9/site-packages/airflow/example_dags/example_branch_operator_decorator.py
[2023-05-26 22:28:05,113] {logging_mixin.py:115} INFO - [2023-05-26 22:28:05,113] {dag.py:2379} INFO - Sync 1 DAGs
[2023-05-26 22:28:05,144] {logging_mixin.py:115} INFO - [2023-05-26 22:28:05,144] {dag.py:2927} INFO - Setting next_dagrun for example_branch_python_operator_decorator to 2023-05-26T00:00:00+00:00, run_after=2023-05-27T00:00:00+00:00
[2023-05-26 22:28:05,200] {processor.py:161} INFO - Processing /home/raf/pipeline-transform/.venv/lib/python3.9/site-packages/airflow/example_dags/example_branch_operator_decorator.py took 0.154 seconds
[2023-05-26 22:28:37,618] {processor.py:153} INFO - Started process (PID=32317) to work on /home/raf/pipeline-transform/.venv/lib/python3.9/site-packages/airflow/example_dags/example_branch_operator_decorator.py
[2023-05-26 22:28:37,645] {processor.py:641} INFO - Processing file /home/raf/pipeline-transform/.venv/lib/python3.9/site-packages/airflow/example_dags/example_branch_operator_decorator.py for tasks to queue
[2023-05-26 22:28:37,645] {logging_mixin.py:115} INFO - [2023-05-26 22:28:37,645] {dagbag.py:507} INFO - Filling up the DagBag from /home/raf/pipeline-transform/.venv/lib/python3.9/site-packages/airflow/example_dags/example_branch_operator_decorator.py
[2023-05-26 22:28:37,668] {processor.py:651} INFO - DAG(s) dict_keys(['example_branch_python_operator_decorator']) retrieved from /home/raf/pipeline-transform/.venv/lib/python3.9/site-packages/airflow/example_dags/example_branch_operator_decorator.py
[2023-05-26 22:28:37,693] {logging_mixin.py:115} INFO - [2023-05-26 22:28:37,692] {dag.py:2379} INFO - Sync 1 DAGs
[2023-05-26 22:28:37,743] {logging_mixin.py:115} INFO - [2023-05-26 22:28:37,742] {dag.py:2927} INFO - Setting next_dagrun for example_branch_python_operator_decorator to 2023-05-26T00:00:00+00:00, run_after=2023-05-27T00:00:00+00:00
[2023-05-26 22:28:37,802] {processor.py:161} INFO - Processing /home/raf/pipeline-transform/.venv/lib/python3.9/site-packages/airflow/example_dags/example_branch_operator_decorator.py took 0.186 seconds
[2023-05-26 22:29:10,600] {processor.py:153} INFO - Started process (PID=32402) to work on /home/raf/pipeline-transform/.venv/lib/python3.9/site-packages/airflow/example_dags/example_branch_operator_decorator.py
[2023-05-26 22:29:10,622] {processor.py:641} INFO - Processing file /home/raf/pipeline-transform/.venv/lib/python3.9/site-packages/airflow/example_dags/example_branch_operator_decorator.py for tasks to queue
[2023-05-26 22:29:10,623] {logging_mixin.py:115} INFO - [2023-05-26 22:29:10,622] {dagbag.py:507} INFO - Filling up the DagBag from /home/raf/pipeline-transform/.venv/lib/python3.9/site-packages/airflow/example_dags/example_branch_operator_decorator.py
[2023-05-26 22:29:10,637] {processor.py:651} INFO - DAG(s) dict_keys(['example_branch_python_operator_decorator']) retrieved from /home/raf/pipeline-transform/.venv/lib/python3.9/site-packages/airflow/example_dags/example_branch_operator_decorator.py
[2023-05-26 22:29:10,652] {logging_mixin.py:115} INFO - [2023-05-26 22:29:10,652] {dag.py:2379} INFO - Sync 1 DAGs
[2023-05-26 22:29:10,670] {logging_mixin.py:115} INFO - [2023-05-26 22:29:10,669] {dag.py:2927} INFO - Setting next_dagrun for example_branch_python_operator_decorator to 2023-05-26T00:00:00+00:00, run_after=2023-05-27T00:00:00+00:00
[2023-05-26 22:29:10,690] {processor.py:161} INFO - Processing /home/raf/pipeline-transform/.venv/lib/python3.9/site-packages/airflow/example_dags/example_branch_operator_decorator.py took 0.093 seconds
[2023-05-26 22:29:45,600] {processor.py:153} INFO - Started process (PID=32488) to work on /home/raf/pipeline-transform/.venv/lib/python3.9/site-packages/airflow/example_dags/example_branch_operator_decorator.py
[2023-05-26 22:29:45,624] {processor.py:641} INFO - Processing file /home/raf/pipeline-transform/.venv/lib/python3.9/site-packages/airflow/example_dags/example_branch_operator_decorator.py for tasks to queue
[2023-05-26 22:29:45,625] {logging_mixin.py:115} INFO - [2023-05-26 22:29:45,624] {dagbag.py:507} INFO - Filling up the DagBag from /home/raf/pipeline-transform/.venv/lib/python3.9/site-packages/airflow/example_dags/example_branch_operator_decorator.py
[2023-05-26 22:29:45,644] {processor.py:651} INFO - DAG(s) dict_keys(['example_branch_python_operator_decorator']) retrieved from /home/raf/pipeline-transform/.venv/lib/python3.9/site-packages/airflow/example_dags/example_branch_operator_decorator.py
[2023-05-26 22:29:45,661] {logging_mixin.py:115} INFO - [2023-05-26 22:29:45,661] {dag.py:2379} INFO - Sync 1 DAGs
[2023-05-26 22:29:45,686] {logging_mixin.py:115} INFO - [2023-05-26 22:29:45,686] {dag.py:2927} INFO - Setting next_dagrun for example_branch_python_operator_decorator to 2023-05-26T00:00:00+00:00, run_after=2023-05-27T00:00:00+00:00
[2023-05-26 22:29:45,717] {processor.py:161} INFO - Processing /home/raf/pipeline-transform/.venv/lib/python3.9/site-packages/airflow/example_dags/example_branch_operator_decorator.py took 0.120 seconds
[2023-05-26 22:30:22,063] {processor.py:153} INFO - Started process (PID=32632) to work on /home/raf/pipeline-transform/.venv/lib/python3.9/site-packages/airflow/example_dags/example_branch_operator_decorator.py
[2023-05-26 22:30:22,067] {processor.py:641} INFO - Processing file /home/raf/pipeline-transform/.venv/lib/python3.9/site-packages/airflow/example_dags/example_branch_operator_decorator.py for tasks to queue
[2023-05-26 22:30:22,068] {logging_mixin.py:115} INFO - [2023-05-26 22:30:22,068] {dagbag.py:507} INFO - Filling up the DagBag from /home/raf/pipeline-transform/.venv/lib/python3.9/site-packages/airflow/example_dags/example_branch_operator_decorator.py
[2023-05-26 22:30:22,083] {processor.py:651} INFO - DAG(s) dict_keys(['example_branch_python_operator_decorator']) retrieved from /home/raf/pipeline-transform/.venv/lib/python3.9/site-packages/airflow/example_dags/example_branch_operator_decorator.py
[2023-05-26 22:30:22,097] {logging_mixin.py:115} INFO - [2023-05-26 22:30:22,097] {dag.py:2379} INFO - Sync 1 DAGs
[2023-05-26 22:30:22,115] {logging_mixin.py:115} INFO - [2023-05-26 22:30:22,115] {dag.py:2927} INFO - Setting next_dagrun for example_branch_python_operator_decorator to 2023-05-26T00:00:00+00:00, run_after=2023-05-27T00:00:00+00:00
[2023-05-26 22:30:22,135] {processor.py:161} INFO - Processing /home/raf/pipeline-transform/.venv/lib/python3.9/site-packages/airflow/example_dags/example_branch_operator_decorator.py took 0.074 seconds
[2023-05-26 22:30:57,329] {processor.py:153} INFO - Started process (PID=324) to work on /home/raf/pipeline-transform/.venv/lib/python3.9/site-packages/airflow/example_dags/example_branch_operator_decorator.py
[2023-05-26 22:30:57,356] {processor.py:641} INFO - Processing file /home/raf/pipeline-transform/.venv/lib/python3.9/site-packages/airflow/example_dags/example_branch_operator_decorator.py for tasks to queue
[2023-05-26 22:30:57,356] {logging_mixin.py:115} INFO - [2023-05-26 22:30:57,356] {dagbag.py:507} INFO - Filling up the DagBag from /home/raf/pipeline-transform/.venv/lib/python3.9/site-packages/airflow/example_dags/example_branch_operator_decorator.py
[2023-05-26 22:30:57,388] {processor.py:651} INFO - DAG(s) dict_keys(['example_branch_python_operator_decorator']) retrieved from /home/raf/pipeline-transform/.venv/lib/python3.9/site-packages/airflow/example_dags/example_branch_operator_decorator.py
[2023-05-26 22:30:57,406] {logging_mixin.py:115} INFO - [2023-05-26 22:30:57,406] {dag.py:2379} INFO - Sync 1 DAGs
[2023-05-26 22:30:57,430] {logging_mixin.py:115} INFO - [2023-05-26 22:30:57,430] {dag.py:2927} INFO - Setting next_dagrun for example_branch_python_operator_decorator to 2023-05-26T00:00:00+00:00, run_after=2023-05-27T00:00:00+00:00
[2023-05-26 22:30:57,453] {processor.py:161} INFO - Processing /home/raf/pipeline-transform/.venv/lib/python3.9/site-packages/airflow/example_dags/example_branch_operator_decorator.py took 0.128 seconds
[2023-05-26 22:31:35,304] {processor.py:153} INFO - Started process (PID=449) to work on /home/raf/pipeline-transform/.venv/lib/python3.9/site-packages/airflow/example_dags/example_branch_operator_decorator.py
[2023-05-26 22:31:35,308] {processor.py:641} INFO - Processing file /home/raf/pipeline-transform/.venv/lib/python3.9/site-packages/airflow/example_dags/example_branch_operator_decorator.py for tasks to queue
[2023-05-26 22:31:35,309] {logging_mixin.py:115} INFO - [2023-05-26 22:31:35,309] {dagbag.py:507} INFO - Filling up the DagBag from /home/raf/pipeline-transform/.venv/lib/python3.9/site-packages/airflow/example_dags/example_branch_operator_decorator.py
[2023-05-26 22:31:35,324] {processor.py:651} INFO - DAG(s) dict_keys(['example_branch_python_operator_decorator']) retrieved from /home/raf/pipeline-transform/.venv/lib/python3.9/site-packages/airflow/example_dags/example_branch_operator_decorator.py
[2023-05-26 22:31:35,338] {logging_mixin.py:115} INFO - [2023-05-26 22:31:35,338] {dag.py:2379} INFO - Sync 1 DAGs
[2023-05-26 22:31:35,356] {logging_mixin.py:115} INFO - [2023-05-26 22:31:35,356] {dag.py:2927} INFO - Setting next_dagrun for example_branch_python_operator_decorator to 2023-05-26T00:00:00+00:00, run_after=2023-05-27T00:00:00+00:00
[2023-05-26 22:31:35,376] {processor.py:161} INFO - Processing /home/raf/pipeline-transform/.venv/lib/python3.9/site-packages/airflow/example_dags/example_branch_operator_decorator.py took 0.074 seconds
[2023-05-26 22:32:08,631] {processor.py:153} INFO - Started process (PID=635) to work on /home/raf/pipeline-transform/.venv/lib/python3.9/site-packages/airflow/example_dags/example_branch_operator_decorator.py
[2023-05-26 22:32:08,632] {processor.py:641} INFO - Processing file /home/raf/pipeline-transform/.venv/lib/python3.9/site-packages/airflow/example_dags/example_branch_operator_decorator.py for tasks to queue
[2023-05-26 22:32:08,632] {logging_mixin.py:115} INFO - [2023-05-26 22:32:08,632] {dagbag.py:507} INFO - Filling up the DagBag from /home/raf/pipeline-transform/.venv/lib/python3.9/site-packages/airflow/example_dags/example_branch_operator_decorator.py
[2023-05-26 22:32:08,650] {processor.py:651} INFO - DAG(s) dict_keys(['example_branch_python_operator_decorator']) retrieved from /home/raf/pipeline-transform/.venv/lib/python3.9/site-packages/airflow/example_dags/example_branch_operator_decorator.py
[2023-05-26 22:32:08,666] {logging_mixin.py:115} INFO - [2023-05-26 22:32:08,666] {dag.py:2379} INFO - Sync 1 DAGs
[2023-05-26 22:32:08,690] {logging_mixin.py:115} INFO - [2023-05-26 22:32:08,690] {dag.py:2927} INFO - Setting next_dagrun for example_branch_python_operator_decorator to 2023-05-26T00:00:00+00:00, run_after=2023-05-27T00:00:00+00:00
[2023-05-26 22:32:08,715] {processor.py:161} INFO - Processing /home/raf/pipeline-transform/.venv/lib/python3.9/site-packages/airflow/example_dags/example_branch_operator_decorator.py took 0.086 seconds
