[2023-05-26 22:03:28,069] {processor.py:153} INFO - Started process (PID=25907) to work on /home/raf/pipeline-transform/.venv/lib/python3.9/site-packages/airflow/example_dags/example_skip_dag.py
[2023-05-26 22:03:28,070] {processor.py:641} INFO - Processing file /home/raf/pipeline-transform/.venv/lib/python3.9/site-packages/airflow/example_dags/example_skip_dag.py for tasks to queue
[2023-05-26 22:03:28,070] {logging_mixin.py:115} INFO - [2023-05-26 22:03:28,070] {dagbag.py:507} INFO - Filling up the DagBag from /home/raf/pipeline-transform/.venv/lib/python3.9/site-packages/airflow/example_dags/example_skip_dag.py
[2023-05-26 22:03:28,074] {processor.py:651} INFO - DAG(s) dict_keys(['example_skip_dag']) retrieved from /home/raf/pipeline-transform/.venv/lib/python3.9/site-packages/airflow/example_dags/example_skip_dag.py
[2023-05-26 22:03:28,112] {logging_mixin.py:115} INFO - [2023-05-26 22:03:28,112] {dag.py:2379} INFO - Sync 1 DAGs
[2023-05-26 22:03:28,125] {logging_mixin.py:115} INFO - [2023-05-26 22:03:28,125] {dag.py:2927} INFO - Setting next_dagrun for example_skip_dag to 2023-05-26T01:03:28.124800+00:00, run_after=2023-05-27T01:03:28.124800+00:00
[2023-05-26 22:03:28,150] {processor.py:161} INFO - Processing /home/raf/pipeline-transform/.venv/lib/python3.9/site-packages/airflow/example_dags/example_skip_dag.py took 0.082 seconds
[2023-05-26 22:04:04,136] {processor.py:153} INFO - Started process (PID=26250) to work on /home/raf/pipeline-transform/.venv/lib/python3.9/site-packages/airflow/example_dags/example_skip_dag.py
[2023-05-26 22:04:04,142] {processor.py:641} INFO - Processing file /home/raf/pipeline-transform/.venv/lib/python3.9/site-packages/airflow/example_dags/example_skip_dag.py for tasks to queue
[2023-05-26 22:04:04,143] {logging_mixin.py:115} INFO - [2023-05-26 22:04:04,142] {dagbag.py:507} INFO - Filling up the DagBag from /home/raf/pipeline-transform/.venv/lib/python3.9/site-packages/airflow/example_dags/example_skip_dag.py
[2023-05-26 22:04:04,146] {processor.py:651} INFO - DAG(s) dict_keys(['example_skip_dag']) retrieved from /home/raf/pipeline-transform/.venv/lib/python3.9/site-packages/airflow/example_dags/example_skip_dag.py
[2023-05-26 22:04:04,161] {logging_mixin.py:115} INFO - [2023-05-26 22:04:04,161] {dag.py:2379} INFO - Sync 1 DAGs
[2023-05-26 22:04:04,176] {logging_mixin.py:115} INFO - [2023-05-26 22:04:04,176] {dag.py:2927} INFO - Setting next_dagrun for example_skip_dag to 2023-05-26T01:04:04.175843+00:00, run_after=2023-05-27T01:04:04.175843+00:00
[2023-05-26 22:04:04,194] {processor.py:161} INFO - Processing /home/raf/pipeline-transform/.venv/lib/python3.9/site-packages/airflow/example_dags/example_skip_dag.py took 0.060 seconds
[2023-05-26 22:04:38,123] {processor.py:153} INFO - Started process (PID=26387) to work on /home/raf/pipeline-transform/.venv/lib/python3.9/site-packages/airflow/example_dags/example_skip_dag.py
[2023-05-26 22:04:38,131] {processor.py:641} INFO - Processing file /home/raf/pipeline-transform/.venv/lib/python3.9/site-packages/airflow/example_dags/example_skip_dag.py for tasks to queue
[2023-05-26 22:04:38,131] {logging_mixin.py:115} INFO - [2023-05-26 22:04:38,131] {dagbag.py:507} INFO - Filling up the DagBag from /home/raf/pipeline-transform/.venv/lib/python3.9/site-packages/airflow/example_dags/example_skip_dag.py
[2023-05-26 22:04:38,136] {processor.py:651} INFO - DAG(s) dict_keys(['example_skip_dag']) retrieved from /home/raf/pipeline-transform/.venv/lib/python3.9/site-packages/airflow/example_dags/example_skip_dag.py
[2023-05-26 22:04:38,149] {logging_mixin.py:115} INFO - [2023-05-26 22:04:38,149] {dag.py:2379} INFO - Sync 1 DAGs
[2023-05-26 22:04:38,164] {logging_mixin.py:115} INFO - [2023-05-26 22:04:38,164] {dag.py:2927} INFO - Setting next_dagrun for example_skip_dag to 2023-05-26T01:04:38.164168+00:00, run_after=2023-05-27T01:04:38.164168+00:00
[2023-05-26 22:04:38,182] {processor.py:161} INFO - Processing /home/raf/pipeline-transform/.venv/lib/python3.9/site-packages/airflow/example_dags/example_skip_dag.py took 0.061 seconds
[2023-05-26 22:05:12,812] {processor.py:153} INFO - Started process (PID=26674) to work on /home/raf/pipeline-transform/.venv/lib/python3.9/site-packages/airflow/example_dags/example_skip_dag.py
[2023-05-26 22:05:12,820] {processor.py:641} INFO - Processing file /home/raf/pipeline-transform/.venv/lib/python3.9/site-packages/airflow/example_dags/example_skip_dag.py for tasks to queue
[2023-05-26 22:05:12,821] {logging_mixin.py:115} INFO - [2023-05-26 22:05:12,821] {dagbag.py:507} INFO - Filling up the DagBag from /home/raf/pipeline-transform/.venv/lib/python3.9/site-packages/airflow/example_dags/example_skip_dag.py
[2023-05-26 22:05:12,825] {processor.py:651} INFO - DAG(s) dict_keys(['example_skip_dag']) retrieved from /home/raf/pipeline-transform/.venv/lib/python3.9/site-packages/airflow/example_dags/example_skip_dag.py
[2023-05-26 22:05:12,839] {logging_mixin.py:115} INFO - [2023-05-26 22:05:12,838] {dag.py:2379} INFO - Sync 1 DAGs
[2023-05-26 22:05:12,853] {logging_mixin.py:115} INFO - [2023-05-26 22:05:12,853] {dag.py:2927} INFO - Setting next_dagrun for example_skip_dag to 2023-05-26T01:05:12.853360+00:00, run_after=2023-05-27T01:05:12.853360+00:00
[2023-05-26 22:05:12,872] {processor.py:161} INFO - Processing /home/raf/pipeline-transform/.venv/lib/python3.9/site-packages/airflow/example_dags/example_skip_dag.py took 0.063 seconds
[2023-05-26 22:05:48,119] {processor.py:153} INFO - Started process (PID=26933) to work on /home/raf/pipeline-transform/.venv/lib/python3.9/site-packages/airflow/example_dags/example_skip_dag.py
[2023-05-26 22:05:48,128] {processor.py:641} INFO - Processing file /home/raf/pipeline-transform/.venv/lib/python3.9/site-packages/airflow/example_dags/example_skip_dag.py for tasks to queue
[2023-05-26 22:05:48,129] {logging_mixin.py:115} INFO - [2023-05-26 22:05:48,129] {dagbag.py:507} INFO - Filling up the DagBag from /home/raf/pipeline-transform/.venv/lib/python3.9/site-packages/airflow/example_dags/example_skip_dag.py
[2023-05-26 22:05:48,134] {processor.py:651} INFO - DAG(s) dict_keys(['example_skip_dag']) retrieved from /home/raf/pipeline-transform/.venv/lib/python3.9/site-packages/airflow/example_dags/example_skip_dag.py
[2023-05-26 22:05:48,167] {logging_mixin.py:115} INFO - [2023-05-26 22:05:48,166] {dag.py:2379} INFO - Sync 1 DAGs
[2023-05-26 22:05:48,212] {logging_mixin.py:115} INFO - [2023-05-26 22:05:48,212] {dag.py:2927} INFO - Setting next_dagrun for example_skip_dag to 2023-05-26T01:05:48.211905+00:00, run_after=2023-05-27T01:05:48.211905+00:00
[2023-05-26 22:05:48,267] {processor.py:161} INFO - Processing /home/raf/pipeline-transform/.venv/lib/python3.9/site-packages/airflow/example_dags/example_skip_dag.py took 0.152 seconds
[2023-05-26 22:06:22,743] {processor.py:153} INFO - Started process (PID=27023) to work on /home/raf/pipeline-transform/.venv/lib/python3.9/site-packages/airflow/example_dags/example_skip_dag.py
[2023-05-26 22:06:22,753] {processor.py:641} INFO - Processing file /home/raf/pipeline-transform/.venv/lib/python3.9/site-packages/airflow/example_dags/example_skip_dag.py for tasks to queue
[2023-05-26 22:06:22,754] {logging_mixin.py:115} INFO - [2023-05-26 22:06:22,754] {dagbag.py:507} INFO - Filling up the DagBag from /home/raf/pipeline-transform/.venv/lib/python3.9/site-packages/airflow/example_dags/example_skip_dag.py
[2023-05-26 22:06:22,758] {processor.py:651} INFO - DAG(s) dict_keys(['example_skip_dag']) retrieved from /home/raf/pipeline-transform/.venv/lib/python3.9/site-packages/airflow/example_dags/example_skip_dag.py
[2023-05-26 22:06:22,772] {logging_mixin.py:115} INFO - [2023-05-26 22:06:22,772] {dag.py:2379} INFO - Sync 1 DAGs
[2023-05-26 22:06:22,790] {logging_mixin.py:115} INFO - [2023-05-26 22:06:22,790] {dag.py:2927} INFO - Setting next_dagrun for example_skip_dag to 2023-05-26T01:06:22.790341+00:00, run_after=2023-05-27T01:06:22.790341+00:00
[2023-05-26 22:06:22,816] {processor.py:161} INFO - Processing /home/raf/pipeline-transform/.venv/lib/python3.9/site-packages/airflow/example_dags/example_skip_dag.py took 0.076 seconds
[2023-05-26 22:06:58,125] {processor.py:153} INFO - Started process (PID=27217) to work on /home/raf/pipeline-transform/.venv/lib/python3.9/site-packages/airflow/example_dags/example_skip_dag.py
[2023-05-26 22:06:58,137] {processor.py:641} INFO - Processing file /home/raf/pipeline-transform/.venv/lib/python3.9/site-packages/airflow/example_dags/example_skip_dag.py for tasks to queue
[2023-05-26 22:06:58,137] {logging_mixin.py:115} INFO - [2023-05-26 22:06:58,137] {dagbag.py:507} INFO - Filling up the DagBag from /home/raf/pipeline-transform/.venv/lib/python3.9/site-packages/airflow/example_dags/example_skip_dag.py
[2023-05-26 22:06:58,141] {processor.py:651} INFO - DAG(s) dict_keys(['example_skip_dag']) retrieved from /home/raf/pipeline-transform/.venv/lib/python3.9/site-packages/airflow/example_dags/example_skip_dag.py
[2023-05-26 22:06:58,155] {logging_mixin.py:115} INFO - [2023-05-26 22:06:58,155] {dag.py:2379} INFO - Sync 1 DAGs
[2023-05-26 22:06:58,173] {logging_mixin.py:115} INFO - [2023-05-26 22:06:58,173] {dag.py:2927} INFO - Setting next_dagrun for example_skip_dag to 2023-05-26T01:06:58.172662+00:00, run_after=2023-05-27T01:06:58.172662+00:00
[2023-05-26 22:06:58,192] {processor.py:161} INFO - Processing /home/raf/pipeline-transform/.venv/lib/python3.9/site-packages/airflow/example_dags/example_skip_dag.py took 0.069 seconds
[2023-05-26 22:07:34,201] {processor.py:153} INFO - Started process (PID=27307) to work on /home/raf/pipeline-transform/.venv/lib/python3.9/site-packages/airflow/example_dags/example_skip_dag.py
[2023-05-26 22:07:34,204] {processor.py:641} INFO - Processing file /home/raf/pipeline-transform/.venv/lib/python3.9/site-packages/airflow/example_dags/example_skip_dag.py for tasks to queue
[2023-05-26 22:07:34,205] {logging_mixin.py:115} INFO - [2023-05-26 22:07:34,205] {dagbag.py:507} INFO - Filling up the DagBag from /home/raf/pipeline-transform/.venv/lib/python3.9/site-packages/airflow/example_dags/example_skip_dag.py
[2023-05-26 22:07:34,213] {processor.py:651} INFO - DAG(s) dict_keys(['example_skip_dag']) retrieved from /home/raf/pipeline-transform/.venv/lib/python3.9/site-packages/airflow/example_dags/example_skip_dag.py
[2023-05-26 22:07:34,255] {logging_mixin.py:115} INFO - [2023-05-26 22:07:34,254] {dag.py:2379} INFO - Sync 1 DAGs
[2023-05-26 22:07:34,292] {logging_mixin.py:115} INFO - [2023-05-26 22:07:34,292] {dag.py:2927} INFO - Setting next_dagrun for example_skip_dag to 2023-05-26T01:07:34.291948+00:00, run_after=2023-05-27T01:07:34.291948+00:00
[2023-05-26 22:07:34,321] {processor.py:161} INFO - Processing /home/raf/pipeline-transform/.venv/lib/python3.9/site-packages/airflow/example_dags/example_skip_dag.py took 0.124 seconds
[2023-05-26 22:08:08,576] {processor.py:153} INFO - Started process (PID=27393) to work on /home/raf/pipeline-transform/.venv/lib/python3.9/site-packages/airflow/example_dags/example_skip_dag.py
[2023-05-26 22:08:08,578] {processor.py:641} INFO - Processing file /home/raf/pipeline-transform/.venv/lib/python3.9/site-packages/airflow/example_dags/example_skip_dag.py for tasks to queue
[2023-05-26 22:08:08,578] {logging_mixin.py:115} INFO - [2023-05-26 22:08:08,578] {dagbag.py:507} INFO - Filling up the DagBag from /home/raf/pipeline-transform/.venv/lib/python3.9/site-packages/airflow/example_dags/example_skip_dag.py
[2023-05-26 22:08:08,582] {processor.py:651} INFO - DAG(s) dict_keys(['example_skip_dag']) retrieved from /home/raf/pipeline-transform/.venv/lib/python3.9/site-packages/airflow/example_dags/example_skip_dag.py
[2023-05-26 22:08:08,598] {logging_mixin.py:115} INFO - [2023-05-26 22:08:08,597] {dag.py:2379} INFO - Sync 1 DAGs
[2023-05-26 22:08:08,612] {logging_mixin.py:115} INFO - [2023-05-26 22:08:08,611] {dag.py:2927} INFO - Setting next_dagrun for example_skip_dag to 2023-05-26T01:08:08.611717+00:00, run_after=2023-05-27T01:08:08.611717+00:00
[2023-05-26 22:08:08,630] {processor.py:161} INFO - Processing /home/raf/pipeline-transform/.venv/lib/python3.9/site-packages/airflow/example_dags/example_skip_dag.py took 0.056 seconds
[2023-05-26 22:08:41,105] {processor.py:153} INFO - Started process (PID=27529) to work on /home/raf/pipeline-transform/.venv/lib/python3.9/site-packages/airflow/example_dags/example_skip_dag.py
[2023-05-26 22:08:41,106] {processor.py:641} INFO - Processing file /home/raf/pipeline-transform/.venv/lib/python3.9/site-packages/airflow/example_dags/example_skip_dag.py for tasks to queue
[2023-05-26 22:08:41,106] {logging_mixin.py:115} INFO - [2023-05-26 22:08:41,106] {dagbag.py:507} INFO - Filling up the DagBag from /home/raf/pipeline-transform/.venv/lib/python3.9/site-packages/airflow/example_dags/example_skip_dag.py
[2023-05-26 22:08:41,113] {processor.py:651} INFO - DAG(s) dict_keys(['example_skip_dag']) retrieved from /home/raf/pipeline-transform/.venv/lib/python3.9/site-packages/airflow/example_dags/example_skip_dag.py
[2023-05-26 22:08:41,127] {logging_mixin.py:115} INFO - [2023-05-26 22:08:41,126] {dag.py:2379} INFO - Sync 1 DAGs
[2023-05-26 22:08:41,143] {logging_mixin.py:115} INFO - [2023-05-26 22:08:41,143] {dag.py:2927} INFO - Setting next_dagrun for example_skip_dag to 2023-05-26T01:08:41.143254+00:00, run_after=2023-05-27T01:08:41.143254+00:00
[2023-05-26 22:08:41,177] {processor.py:161} INFO - Processing /home/raf/pipeline-transform/.venv/lib/python3.9/site-packages/airflow/example_dags/example_skip_dag.py took 0.074 seconds
[2023-05-26 22:09:16,132] {processor.py:153} INFO - Started process (PID=27617) to work on /home/raf/pipeline-transform/.venv/lib/python3.9/site-packages/airflow/example_dags/example_skip_dag.py
[2023-05-26 22:09:16,152] {processor.py:641} INFO - Processing file /home/raf/pipeline-transform/.venv/lib/python3.9/site-packages/airflow/example_dags/example_skip_dag.py for tasks to queue
[2023-05-26 22:09:16,153] {logging_mixin.py:115} INFO - [2023-05-26 22:09:16,153] {dagbag.py:507} INFO - Filling up the DagBag from /home/raf/pipeline-transform/.venv/lib/python3.9/site-packages/airflow/example_dags/example_skip_dag.py
[2023-05-26 22:09:16,158] {processor.py:651} INFO - DAG(s) dict_keys(['example_skip_dag']) retrieved from /home/raf/pipeline-transform/.venv/lib/python3.9/site-packages/airflow/example_dags/example_skip_dag.py
[2023-05-26 22:09:16,192] {logging_mixin.py:115} INFO - [2023-05-26 22:09:16,191] {dag.py:2379} INFO - Sync 1 DAGs
[2023-05-26 22:09:16,210] {logging_mixin.py:115} INFO - [2023-05-26 22:09:16,209] {dag.py:2927} INFO - Setting next_dagrun for example_skip_dag to 2023-05-26T01:09:16.209648+00:00, run_after=2023-05-27T01:09:16.209648+00:00
[2023-05-26 22:09:16,227] {processor.py:161} INFO - Processing /home/raf/pipeline-transform/.venv/lib/python3.9/site-packages/airflow/example_dags/example_skip_dag.py took 0.097 seconds
[2023-05-26 22:09:48,977] {processor.py:153} INFO - Started process (PID=27801) to work on /home/raf/pipeline-transform/.venv/lib/python3.9/site-packages/airflow/example_dags/example_skip_dag.py
[2023-05-26 22:09:48,998] {processor.py:641} INFO - Processing file /home/raf/pipeline-transform/.venv/lib/python3.9/site-packages/airflow/example_dags/example_skip_dag.py for tasks to queue
[2023-05-26 22:09:48,998] {logging_mixin.py:115} INFO - [2023-05-26 22:09:48,998] {dagbag.py:507} INFO - Filling up the DagBag from /home/raf/pipeline-transform/.venv/lib/python3.9/site-packages/airflow/example_dags/example_skip_dag.py
[2023-05-26 22:09:49,002] {processor.py:651} INFO - DAG(s) dict_keys(['example_skip_dag']) retrieved from /home/raf/pipeline-transform/.venv/lib/python3.9/site-packages/airflow/example_dags/example_skip_dag.py
[2023-05-26 22:09:49,016] {logging_mixin.py:115} INFO - [2023-05-26 22:09:49,016] {dag.py:2379} INFO - Sync 1 DAGs
[2023-05-26 22:09:49,030] {logging_mixin.py:115} INFO - [2023-05-26 22:09:49,030] {dag.py:2927} INFO - Setting next_dagrun for example_skip_dag to 2023-05-26T01:09:49.030225+00:00, run_after=2023-05-27T01:09:49.030225+00:00
[2023-05-26 22:09:49,048] {processor.py:161} INFO - Processing /home/raf/pipeline-transform/.venv/lib/python3.9/site-packages/airflow/example_dags/example_skip_dag.py took 0.073 seconds
[2023-05-26 22:10:22,928] {processor.py:153} INFO - Started process (PID=27887) to work on /home/raf/pipeline-transform/.venv/lib/python3.9/site-packages/airflow/example_dags/example_skip_dag.py
[2023-05-26 22:10:22,928] {processor.py:641} INFO - Processing file /home/raf/pipeline-transform/.venv/lib/python3.9/site-packages/airflow/example_dags/example_skip_dag.py for tasks to queue
[2023-05-26 22:10:22,929] {logging_mixin.py:115} INFO - [2023-05-26 22:10:22,929] {dagbag.py:507} INFO - Filling up the DagBag from /home/raf/pipeline-transform/.venv/lib/python3.9/site-packages/airflow/example_dags/example_skip_dag.py
[2023-05-26 22:10:22,933] {processor.py:651} INFO - DAG(s) dict_keys(['example_skip_dag']) retrieved from /home/raf/pipeline-transform/.venv/lib/python3.9/site-packages/airflow/example_dags/example_skip_dag.py
[2023-05-26 22:10:22,946] {logging_mixin.py:115} INFO - [2023-05-26 22:10:22,946] {dag.py:2379} INFO - Sync 1 DAGs
[2023-05-26 22:10:22,961] {logging_mixin.py:115} INFO - [2023-05-26 22:10:22,960] {dag.py:2927} INFO - Setting next_dagrun for example_skip_dag to 2023-05-26T01:10:22.960630+00:00, run_after=2023-05-27T01:10:22.960630+00:00
[2023-05-26 22:10:22,980] {processor.py:161} INFO - Processing /home/raf/pipeline-transform/.venv/lib/python3.9/site-packages/airflow/example_dags/example_skip_dag.py took 0.055 seconds
[2023-05-26 22:10:53,807] {processor.py:153} INFO - Started process (PID=27964) to work on /home/raf/pipeline-transform/.venv/lib/python3.9/site-packages/airflow/example_dags/example_skip_dag.py
[2023-05-26 22:10:53,829] {processor.py:641} INFO - Processing file /home/raf/pipeline-transform/.venv/lib/python3.9/site-packages/airflow/example_dags/example_skip_dag.py for tasks to queue
[2023-05-26 22:10:53,829] {logging_mixin.py:115} INFO - [2023-05-26 22:10:53,829] {dagbag.py:507} INFO - Filling up the DagBag from /home/raf/pipeline-transform/.venv/lib/python3.9/site-packages/airflow/example_dags/example_skip_dag.py
[2023-05-26 22:10:53,833] {processor.py:651} INFO - DAG(s) dict_keys(['example_skip_dag']) retrieved from /home/raf/pipeline-transform/.venv/lib/python3.9/site-packages/airflow/example_dags/example_skip_dag.py
[2023-05-26 22:10:53,847] {logging_mixin.py:115} INFO - [2023-05-26 22:10:53,847] {dag.py:2379} INFO - Sync 1 DAGs
[2023-05-26 22:10:53,861] {logging_mixin.py:115} INFO - [2023-05-26 22:10:53,861] {dag.py:2927} INFO - Setting next_dagrun for example_skip_dag to 2023-05-26T01:10:53.861295+00:00, run_after=2023-05-27T01:10:53.861295+00:00
[2023-05-26 22:10:53,880] {processor.py:161} INFO - Processing /home/raf/pipeline-transform/.venv/lib/python3.9/site-packages/airflow/example_dags/example_skip_dag.py took 0.075 seconds
[2023-05-26 22:11:27,502] {processor.py:153} INFO - Started process (PID=28045) to work on /home/raf/pipeline-transform/.venv/lib/python3.9/site-packages/airflow/example_dags/example_skip_dag.py
[2023-05-26 22:11:27,528] {processor.py:641} INFO - Processing file /home/raf/pipeline-transform/.venv/lib/python3.9/site-packages/airflow/example_dags/example_skip_dag.py for tasks to queue
[2023-05-26 22:11:27,529] {logging_mixin.py:115} INFO - [2023-05-26 22:11:27,529] {dagbag.py:507} INFO - Filling up the DagBag from /home/raf/pipeline-transform/.venv/lib/python3.9/site-packages/airflow/example_dags/example_skip_dag.py
[2023-05-26 22:11:27,533] {processor.py:651} INFO - DAG(s) dict_keys(['example_skip_dag']) retrieved from /home/raf/pipeline-transform/.venv/lib/python3.9/site-packages/airflow/example_dags/example_skip_dag.py
[2023-05-26 22:11:27,548] {logging_mixin.py:115} INFO - [2023-05-26 22:11:27,548] {dag.py:2379} INFO - Sync 1 DAGs
[2023-05-26 22:11:27,564] {logging_mixin.py:115} INFO - [2023-05-26 22:11:27,564] {dag.py:2927} INFO - Setting next_dagrun for example_skip_dag to 2023-05-26T01:11:27.563830+00:00, run_after=2023-05-27T01:11:27.563830+00:00
[2023-05-26 22:11:27,582] {processor.py:161} INFO - Processing /home/raf/pipeline-transform/.venv/lib/python3.9/site-packages/airflow/example_dags/example_skip_dag.py took 0.083 seconds
[2023-05-26 22:12:01,465] {processor.py:153} INFO - Started process (PID=28141) to work on /home/raf/pipeline-transform/.venv/lib/python3.9/site-packages/airflow/example_dags/example_skip_dag.py
[2023-05-26 22:12:01,468] {processor.py:641} INFO - Processing file /home/raf/pipeline-transform/.venv/lib/python3.9/site-packages/airflow/example_dags/example_skip_dag.py for tasks to queue
[2023-05-26 22:12:01,469] {logging_mixin.py:115} INFO - [2023-05-26 22:12:01,469] {dagbag.py:507} INFO - Filling up the DagBag from /home/raf/pipeline-transform/.venv/lib/python3.9/site-packages/airflow/example_dags/example_skip_dag.py
[2023-05-26 22:12:01,473] {processor.py:651} INFO - DAG(s) dict_keys(['example_skip_dag']) retrieved from /home/raf/pipeline-transform/.venv/lib/python3.9/site-packages/airflow/example_dags/example_skip_dag.py
[2023-05-26 22:12:01,486] {logging_mixin.py:115} INFO - [2023-05-26 22:12:01,486] {dag.py:2379} INFO - Sync 1 DAGs
[2023-05-26 22:12:01,501] {logging_mixin.py:115} INFO - [2023-05-26 22:12:01,501] {dag.py:2927} INFO - Setting next_dagrun for example_skip_dag to 2023-05-26T01:12:01.501197+00:00, run_after=2023-05-27T01:12:01.501197+00:00
[2023-05-26 22:12:01,521] {processor.py:161} INFO - Processing /home/raf/pipeline-transform/.venv/lib/python3.9/site-packages/airflow/example_dags/example_skip_dag.py took 0.058 seconds
[2023-05-26 22:12:35,819] {processor.py:153} INFO - Started process (PID=28381) to work on /home/raf/pipeline-transform/.venv/lib/python3.9/site-packages/airflow/example_dags/example_skip_dag.py
[2023-05-26 22:12:35,824] {processor.py:641} INFO - Processing file /home/raf/pipeline-transform/.venv/lib/python3.9/site-packages/airflow/example_dags/example_skip_dag.py for tasks to queue
[2023-05-26 22:12:35,825] {logging_mixin.py:115} INFO - [2023-05-26 22:12:35,825] {dagbag.py:507} INFO - Filling up the DagBag from /home/raf/pipeline-transform/.venv/lib/python3.9/site-packages/airflow/example_dags/example_skip_dag.py
[2023-05-26 22:12:35,829] {processor.py:651} INFO - DAG(s) dict_keys(['example_skip_dag']) retrieved from /home/raf/pipeline-transform/.venv/lib/python3.9/site-packages/airflow/example_dags/example_skip_dag.py
[2023-05-26 22:12:35,843] {logging_mixin.py:115} INFO - [2023-05-26 22:12:35,843] {dag.py:2379} INFO - Sync 1 DAGs
[2023-05-26 22:12:35,858] {logging_mixin.py:115} INFO - [2023-05-26 22:12:35,858] {dag.py:2927} INFO - Setting next_dagrun for example_skip_dag to 2023-05-26T01:12:35.858521+00:00, run_after=2023-05-27T01:12:35.858521+00:00
[2023-05-26 22:12:35,876] {processor.py:161} INFO - Processing /home/raf/pipeline-transform/.venv/lib/python3.9/site-packages/airflow/example_dags/example_skip_dag.py took 0.060 seconds
[2023-05-26 22:13:10,748] {processor.py:153} INFO - Started process (PID=28468) to work on /home/raf/pipeline-transform/.venv/lib/python3.9/site-packages/airflow/example_dags/example_skip_dag.py
[2023-05-26 22:13:10,755] {processor.py:641} INFO - Processing file /home/raf/pipeline-transform/.venv/lib/python3.9/site-packages/airflow/example_dags/example_skip_dag.py for tasks to queue
[2023-05-26 22:13:10,755] {logging_mixin.py:115} INFO - [2023-05-26 22:13:10,755] {dagbag.py:507} INFO - Filling up the DagBag from /home/raf/pipeline-transform/.venv/lib/python3.9/site-packages/airflow/example_dags/example_skip_dag.py
[2023-05-26 22:13:10,759] {processor.py:651} INFO - DAG(s) dict_keys(['example_skip_dag']) retrieved from /home/raf/pipeline-transform/.venv/lib/python3.9/site-packages/airflow/example_dags/example_skip_dag.py
[2023-05-26 22:13:10,774] {logging_mixin.py:115} INFO - [2023-05-26 22:13:10,774] {dag.py:2379} INFO - Sync 1 DAGs
[2023-05-26 22:13:10,789] {logging_mixin.py:115} INFO - [2023-05-26 22:13:10,789] {dag.py:2927} INFO - Setting next_dagrun for example_skip_dag to 2023-05-26T01:13:10.789038+00:00, run_after=2023-05-27T01:13:10.789038+00:00
[2023-05-26 22:13:10,807] {processor.py:161} INFO - Processing /home/raf/pipeline-transform/.venv/lib/python3.9/site-packages/airflow/example_dags/example_skip_dag.py took 0.062 seconds
[2023-05-26 22:13:44,176] {processor.py:153} INFO - Started process (PID=28602) to work on /home/raf/pipeline-transform/.venv/lib/python3.9/site-packages/airflow/example_dags/example_skip_dag.py
[2023-05-26 22:13:44,176] {processor.py:641} INFO - Processing file /home/raf/pipeline-transform/.venv/lib/python3.9/site-packages/airflow/example_dags/example_skip_dag.py for tasks to queue
[2023-05-26 22:13:44,176] {logging_mixin.py:115} INFO - [2023-05-26 22:13:44,176] {dagbag.py:507} INFO - Filling up the DagBag from /home/raf/pipeline-transform/.venv/lib/python3.9/site-packages/airflow/example_dags/example_skip_dag.py
[2023-05-26 22:13:44,181] {processor.py:651} INFO - DAG(s) dict_keys(['example_skip_dag']) retrieved from /home/raf/pipeline-transform/.venv/lib/python3.9/site-packages/airflow/example_dags/example_skip_dag.py
[2023-05-26 22:13:44,195] {logging_mixin.py:115} INFO - [2023-05-26 22:13:44,195] {dag.py:2379} INFO - Sync 1 DAGs
[2023-05-26 22:13:44,212] {logging_mixin.py:115} INFO - [2023-05-26 22:13:44,211] {dag.py:2927} INFO - Setting next_dagrun for example_skip_dag to 2023-05-26T01:13:44.211745+00:00, run_after=2023-05-27T01:13:44.211745+00:00
[2023-05-26 22:13:44,245] {processor.py:161} INFO - Processing /home/raf/pipeline-transform/.venv/lib/python3.9/site-packages/airflow/example_dags/example_skip_dag.py took 0.072 seconds
[2023-05-26 22:14:18,204] {processor.py:153} INFO - Started process (PID=28690) to work on /home/raf/pipeline-transform/.venv/lib/python3.9/site-packages/airflow/example_dags/example_skip_dag.py
[2023-05-26 22:14:18,223] {processor.py:641} INFO - Processing file /home/raf/pipeline-transform/.venv/lib/python3.9/site-packages/airflow/example_dags/example_skip_dag.py for tasks to queue
[2023-05-26 22:14:18,224] {logging_mixin.py:115} INFO - [2023-05-26 22:14:18,224] {dagbag.py:507} INFO - Filling up the DagBag from /home/raf/pipeline-transform/.venv/lib/python3.9/site-packages/airflow/example_dags/example_skip_dag.py
[2023-05-26 22:14:18,228] {processor.py:651} INFO - DAG(s) dict_keys(['example_skip_dag']) retrieved from /home/raf/pipeline-transform/.venv/lib/python3.9/site-packages/airflow/example_dags/example_skip_dag.py
[2023-05-26 22:14:18,242] {logging_mixin.py:115} INFO - [2023-05-26 22:14:18,242] {dag.py:2379} INFO - Sync 1 DAGs
[2023-05-26 22:14:18,258] {logging_mixin.py:115} INFO - [2023-05-26 22:14:18,258] {dag.py:2927} INFO - Setting next_dagrun for example_skip_dag to 2023-05-26T01:14:18.257819+00:00, run_after=2023-05-27T01:14:18.257819+00:00
[2023-05-26 22:14:18,279] {processor.py:161} INFO - Processing /home/raf/pipeline-transform/.venv/lib/python3.9/site-packages/airflow/example_dags/example_skip_dag.py took 0.078 seconds
[2023-05-26 22:14:51,209] {processor.py:153} INFO - Started process (PID=28773) to work on /home/raf/pipeline-transform/.venv/lib/python3.9/site-packages/airflow/example_dags/example_skip_dag.py
[2023-05-26 22:14:51,229] {processor.py:641} INFO - Processing file /home/raf/pipeline-transform/.venv/lib/python3.9/site-packages/airflow/example_dags/example_skip_dag.py for tasks to queue
[2023-05-26 22:14:51,230] {logging_mixin.py:115} INFO - [2023-05-26 22:14:51,230] {dagbag.py:507} INFO - Filling up the DagBag from /home/raf/pipeline-transform/.venv/lib/python3.9/site-packages/airflow/example_dags/example_skip_dag.py
[2023-05-26 22:14:51,234] {processor.py:651} INFO - DAG(s) dict_keys(['example_skip_dag']) retrieved from /home/raf/pipeline-transform/.venv/lib/python3.9/site-packages/airflow/example_dags/example_skip_dag.py
[2023-05-26 22:14:51,248] {logging_mixin.py:115} INFO - [2023-05-26 22:14:51,248] {dag.py:2379} INFO - Sync 1 DAGs
[2023-05-26 22:14:51,263] {logging_mixin.py:115} INFO - [2023-05-26 22:14:51,263] {dag.py:2927} INFO - Setting next_dagrun for example_skip_dag to 2023-05-26T01:14:51.262958+00:00, run_after=2023-05-27T01:14:51.262958+00:00
[2023-05-26 22:14:51,284] {processor.py:161} INFO - Processing /home/raf/pipeline-transform/.venv/lib/python3.9/site-packages/airflow/example_dags/example_skip_dag.py took 0.077 seconds
[2023-05-26 22:15:25,809] {processor.py:153} INFO - Started process (PID=28859) to work on /home/raf/pipeline-transform/.venv/lib/python3.9/site-packages/airflow/example_dags/example_skip_dag.py
[2023-05-26 22:15:25,810] {processor.py:641} INFO - Processing file /home/raf/pipeline-transform/.venv/lib/python3.9/site-packages/airflow/example_dags/example_skip_dag.py for tasks to queue
[2023-05-26 22:15:25,810] {logging_mixin.py:115} INFO - [2023-05-26 22:15:25,810] {dagbag.py:507} INFO - Filling up the DagBag from /home/raf/pipeline-transform/.venv/lib/python3.9/site-packages/airflow/example_dags/example_skip_dag.py
[2023-05-26 22:15:25,815] {processor.py:651} INFO - DAG(s) dict_keys(['example_skip_dag']) retrieved from /home/raf/pipeline-transform/.venv/lib/python3.9/site-packages/airflow/example_dags/example_skip_dag.py
[2023-05-26 22:15:25,836] {logging_mixin.py:115} INFO - [2023-05-26 22:15:25,835] {dag.py:2379} INFO - Sync 1 DAGs
[2023-05-26 22:15:25,854] {logging_mixin.py:115} INFO - [2023-05-26 22:15:25,853] {dag.py:2927} INFO - Setting next_dagrun for example_skip_dag to 2023-05-26T01:15:25.853464+00:00, run_after=2023-05-27T01:15:25.853464+00:00
[2023-05-26 22:15:25,876] {processor.py:161} INFO - Processing /home/raf/pipeline-transform/.venv/lib/python3.9/site-packages/airflow/example_dags/example_skip_dag.py took 0.069 seconds
[2023-05-26 22:16:02,809] {processor.py:153} INFO - Started process (PID=28949) to work on /home/raf/pipeline-transform/.venv/lib/python3.9/site-packages/airflow/example_dags/example_skip_dag.py
[2023-05-26 22:16:02,833] {processor.py:641} INFO - Processing file /home/raf/pipeline-transform/.venv/lib/python3.9/site-packages/airflow/example_dags/example_skip_dag.py for tasks to queue
[2023-05-26 22:16:02,834] {logging_mixin.py:115} INFO - [2023-05-26 22:16:02,834] {dagbag.py:507} INFO - Filling up the DagBag from /home/raf/pipeline-transform/.venv/lib/python3.9/site-packages/airflow/example_dags/example_skip_dag.py
[2023-05-26 22:16:02,838] {processor.py:651} INFO - DAG(s) dict_keys(['example_skip_dag']) retrieved from /home/raf/pipeline-transform/.venv/lib/python3.9/site-packages/airflow/example_dags/example_skip_dag.py
[2023-05-26 22:16:02,851] {logging_mixin.py:115} INFO - [2023-05-26 22:16:02,851] {dag.py:2379} INFO - Sync 1 DAGs
[2023-05-26 22:16:02,866] {logging_mixin.py:115} INFO - [2023-05-26 22:16:02,866] {dag.py:2927} INFO - Setting next_dagrun for example_skip_dag to 2023-05-26T01:16:02.866048+00:00, run_after=2023-05-27T01:16:02.866048+00:00
[2023-05-26 22:16:02,886] {processor.py:161} INFO - Processing /home/raf/pipeline-transform/.venv/lib/python3.9/site-packages/airflow/example_dags/example_skip_dag.py took 0.079 seconds
[2023-05-26 22:16:36,930] {processor.py:153} INFO - Started process (PID=29033) to work on /home/raf/pipeline-transform/.venv/lib/python3.9/site-packages/airflow/example_dags/example_skip_dag.py
[2023-05-26 22:16:36,955] {processor.py:641} INFO - Processing file /home/raf/pipeline-transform/.venv/lib/python3.9/site-packages/airflow/example_dags/example_skip_dag.py for tasks to queue
[2023-05-26 22:16:36,955] {logging_mixin.py:115} INFO - [2023-05-26 22:16:36,955] {dagbag.py:507} INFO - Filling up the DagBag from /home/raf/pipeline-transform/.venv/lib/python3.9/site-packages/airflow/example_dags/example_skip_dag.py
[2023-05-26 22:16:36,960] {processor.py:651} INFO - DAG(s) dict_keys(['example_skip_dag']) retrieved from /home/raf/pipeline-transform/.venv/lib/python3.9/site-packages/airflow/example_dags/example_skip_dag.py
[2023-05-26 22:16:36,975] {logging_mixin.py:115} INFO - [2023-05-26 22:16:36,975] {dag.py:2379} INFO - Sync 1 DAGs
[2023-05-26 22:16:36,992] {logging_mixin.py:115} INFO - [2023-05-26 22:16:36,992] {dag.py:2927} INFO - Setting next_dagrun for example_skip_dag to 2023-05-26T01:16:36.991800+00:00, run_after=2023-05-27T01:16:36.991800+00:00
[2023-05-26 22:16:37,013] {processor.py:161} INFO - Processing /home/raf/pipeline-transform/.venv/lib/python3.9/site-packages/airflow/example_dags/example_skip_dag.py took 0.085 seconds
[2023-05-26 22:17:08,956] {processor.py:153} INFO - Started process (PID=29113) to work on /home/raf/pipeline-transform/.venv/lib/python3.9/site-packages/airflow/example_dags/example_skip_dag.py
[2023-05-26 22:17:08,957] {processor.py:641} INFO - Processing file /home/raf/pipeline-transform/.venv/lib/python3.9/site-packages/airflow/example_dags/example_skip_dag.py for tasks to queue
[2023-05-26 22:17:08,957] {logging_mixin.py:115} INFO - [2023-05-26 22:17:08,957] {dagbag.py:507} INFO - Filling up the DagBag from /home/raf/pipeline-transform/.venv/lib/python3.9/site-packages/airflow/example_dags/example_skip_dag.py
[2023-05-26 22:17:08,961] {processor.py:651} INFO - DAG(s) dict_keys(['example_skip_dag']) retrieved from /home/raf/pipeline-transform/.venv/lib/python3.9/site-packages/airflow/example_dags/example_skip_dag.py
[2023-05-26 22:17:08,975] {logging_mixin.py:115} INFO - [2023-05-26 22:17:08,975] {dag.py:2379} INFO - Sync 1 DAGs
[2023-05-26 22:17:08,991] {logging_mixin.py:115} INFO - [2023-05-26 22:17:08,990] {dag.py:2927} INFO - Setting next_dagrun for example_skip_dag to 2023-05-26T01:17:08.990707+00:00, run_after=2023-05-27T01:17:08.990707+00:00
[2023-05-26 22:17:09,022] {processor.py:161} INFO - Processing /home/raf/pipeline-transform/.venv/lib/python3.9/site-packages/airflow/example_dags/example_skip_dag.py took 0.069 seconds
[2023-05-26 22:17:45,319] {processor.py:153} INFO - Started process (PID=29200) to work on /home/raf/pipeline-transform/.venv/lib/python3.9/site-packages/airflow/example_dags/example_skip_dag.py
[2023-05-26 22:17:45,344] {processor.py:641} INFO - Processing file /home/raf/pipeline-transform/.venv/lib/python3.9/site-packages/airflow/example_dags/example_skip_dag.py for tasks to queue
[2023-05-26 22:17:45,345] {logging_mixin.py:115} INFO - [2023-05-26 22:17:45,345] {dagbag.py:507} INFO - Filling up the DagBag from /home/raf/pipeline-transform/.venv/lib/python3.9/site-packages/airflow/example_dags/example_skip_dag.py
[2023-05-26 22:17:45,349] {processor.py:651} INFO - DAG(s) dict_keys(['example_skip_dag']) retrieved from /home/raf/pipeline-transform/.venv/lib/python3.9/site-packages/airflow/example_dags/example_skip_dag.py
[2023-05-26 22:17:45,367] {logging_mixin.py:115} INFO - [2023-05-26 22:17:45,367] {dag.py:2379} INFO - Sync 1 DAGs
[2023-05-26 22:17:45,384] {logging_mixin.py:115} INFO - [2023-05-26 22:17:45,384] {dag.py:2927} INFO - Setting next_dagrun for example_skip_dag to 2023-05-26T01:17:45.384045+00:00, run_after=2023-05-27T01:17:45.384045+00:00
[2023-05-26 22:17:45,405] {processor.py:161} INFO - Processing /home/raf/pipeline-transform/.venv/lib/python3.9/site-packages/airflow/example_dags/example_skip_dag.py took 0.089 seconds
[2023-05-26 22:18:21,453] {processor.py:153} INFO - Started process (PID=29341) to work on /home/raf/pipeline-transform/.venv/lib/python3.9/site-packages/airflow/example_dags/example_skip_dag.py
[2023-05-26 22:18:21,460] {processor.py:641} INFO - Processing file /home/raf/pipeline-transform/.venv/lib/python3.9/site-packages/airflow/example_dags/example_skip_dag.py for tasks to queue
[2023-05-26 22:18:21,461] {logging_mixin.py:115} INFO - [2023-05-26 22:18:21,461] {dagbag.py:507} INFO - Filling up the DagBag from /home/raf/pipeline-transform/.venv/lib/python3.9/site-packages/airflow/example_dags/example_skip_dag.py
[2023-05-26 22:18:21,465] {processor.py:651} INFO - DAG(s) dict_keys(['example_skip_dag']) retrieved from /home/raf/pipeline-transform/.venv/lib/python3.9/site-packages/airflow/example_dags/example_skip_dag.py
[2023-05-26 22:18:21,479] {logging_mixin.py:115} INFO - [2023-05-26 22:18:21,479] {dag.py:2379} INFO - Sync 1 DAGs
[2023-05-26 22:18:21,495] {logging_mixin.py:115} INFO - [2023-05-26 22:18:21,493] {dag.py:2927} INFO - Setting next_dagrun for example_skip_dag to 2023-05-26T01:18:21.493555+00:00, run_after=2023-05-27T01:18:21.493555+00:00
[2023-05-26 22:18:21,515] {processor.py:161} INFO - Processing /home/raf/pipeline-transform/.venv/lib/python3.9/site-packages/airflow/example_dags/example_skip_dag.py took 0.065 seconds
[2023-05-26 22:18:57,600] {processor.py:153} INFO - Started process (PID=29438) to work on /home/raf/pipeline-transform/.venv/lib/python3.9/site-packages/airflow/example_dags/example_skip_dag.py
[2023-05-26 22:18:57,608] {processor.py:641} INFO - Processing file /home/raf/pipeline-transform/.venv/lib/python3.9/site-packages/airflow/example_dags/example_skip_dag.py for tasks to queue
[2023-05-26 22:18:57,608] {logging_mixin.py:115} INFO - [2023-05-26 22:18:57,608] {dagbag.py:507} INFO - Filling up the DagBag from /home/raf/pipeline-transform/.venv/lib/python3.9/site-packages/airflow/example_dags/example_skip_dag.py
[2023-05-26 22:18:57,612] {processor.py:651} INFO - DAG(s) dict_keys(['example_skip_dag']) retrieved from /home/raf/pipeline-transform/.venv/lib/python3.9/site-packages/airflow/example_dags/example_skip_dag.py
[2023-05-26 22:18:57,628] {logging_mixin.py:115} INFO - [2023-05-26 22:18:57,627] {dag.py:2379} INFO - Sync 1 DAGs
[2023-05-26 22:18:57,644] {logging_mixin.py:115} INFO - [2023-05-26 22:18:57,642] {dag.py:2927} INFO - Setting next_dagrun for example_skip_dag to 2023-05-26T01:18:57.642641+00:00, run_after=2023-05-27T01:18:57.642641+00:00
[2023-05-26 22:18:57,664] {processor.py:161} INFO - Processing /home/raf/pipeline-transform/.venv/lib/python3.9/site-packages/airflow/example_dags/example_skip_dag.py took 0.067 seconds
[2023-05-26 22:19:30,924] {processor.py:153} INFO - Started process (PID=29679) to work on /home/raf/pipeline-transform/.venv/lib/python3.9/site-packages/airflow/example_dags/example_skip_dag.py
[2023-05-26 22:19:30,933] {processor.py:641} INFO - Processing file /home/raf/pipeline-transform/.venv/lib/python3.9/site-packages/airflow/example_dags/example_skip_dag.py for tasks to queue
[2023-05-26 22:19:30,934] {logging_mixin.py:115} INFO - [2023-05-26 22:19:30,933] {dagbag.py:507} INFO - Filling up the DagBag from /home/raf/pipeline-transform/.venv/lib/python3.9/site-packages/airflow/example_dags/example_skip_dag.py
[2023-05-26 22:19:30,938] {processor.py:651} INFO - DAG(s) dict_keys(['example_skip_dag']) retrieved from /home/raf/pipeline-transform/.venv/lib/python3.9/site-packages/airflow/example_dags/example_skip_dag.py
[2023-05-26 22:19:30,953] {logging_mixin.py:115} INFO - [2023-05-26 22:19:30,952] {dag.py:2379} INFO - Sync 1 DAGs
[2023-05-26 22:19:30,969] {logging_mixin.py:115} INFO - [2023-05-26 22:19:30,967] {dag.py:2927} INFO - Setting next_dagrun for example_skip_dag to 2023-05-26T01:19:30.967523+00:00, run_after=2023-05-27T01:19:30.967523+00:00
[2023-05-26 22:19:30,990] {processor.py:161} INFO - Processing /home/raf/pipeline-transform/.venv/lib/python3.9/site-packages/airflow/example_dags/example_skip_dag.py took 0.068 seconds
[2023-05-26 22:20:05,975] {processor.py:153} INFO - Started process (PID=29882) to work on /home/raf/pipeline-transform/.venv/lib/python3.9/site-packages/airflow/example_dags/example_skip_dag.py
[2023-05-26 22:20:05,979] {processor.py:641} INFO - Processing file /home/raf/pipeline-transform/.venv/lib/python3.9/site-packages/airflow/example_dags/example_skip_dag.py for tasks to queue
[2023-05-26 22:20:05,979] {logging_mixin.py:115} INFO - [2023-05-26 22:20:05,979] {dagbag.py:507} INFO - Filling up the DagBag from /home/raf/pipeline-transform/.venv/lib/python3.9/site-packages/airflow/example_dags/example_skip_dag.py
[2023-05-26 22:20:05,984] {processor.py:651} INFO - DAG(s) dict_keys(['example_skip_dag']) retrieved from /home/raf/pipeline-transform/.venv/lib/python3.9/site-packages/airflow/example_dags/example_skip_dag.py
[2023-05-26 22:20:06,001] {logging_mixin.py:115} INFO - [2023-05-26 22:20:06,001] {dag.py:2379} INFO - Sync 1 DAGs
[2023-05-26 22:20:06,031] {logging_mixin.py:115} INFO - [2023-05-26 22:20:06,028] {dag.py:2927} INFO - Setting next_dagrun for example_skip_dag to 2023-05-26T01:20:06.028040+00:00, run_after=2023-05-27T01:20:06.028040+00:00
[2023-05-26 22:20:06,054] {processor.py:161} INFO - Processing /home/raf/pipeline-transform/.venv/lib/python3.9/site-packages/airflow/example_dags/example_skip_dag.py took 0.082 seconds
[2023-05-26 22:20:29,689] {processor.py:153} INFO - Started process (PID=30171) to work on /home/raf/pipeline-transform/.venv/lib/python3.9/site-packages/airflow/example_dags/example_skip_dag.py
[2023-05-26 22:20:29,689] {processor.py:641} INFO - Processing file /home/raf/pipeline-transform/.venv/lib/python3.9/site-packages/airflow/example_dags/example_skip_dag.py for tasks to queue
[2023-05-26 22:20:29,690] {logging_mixin.py:115} INFO - [2023-05-26 22:20:29,690] {dagbag.py:507} INFO - Filling up the DagBag from /home/raf/pipeline-transform/.venv/lib/python3.9/site-packages/airflow/example_dags/example_skip_dag.py
[2023-05-26 22:20:29,695] {processor.py:651} INFO - DAG(s) dict_keys(['example_skip_dag']) retrieved from /home/raf/pipeline-transform/.venv/lib/python3.9/site-packages/airflow/example_dags/example_skip_dag.py
[2023-05-26 22:20:29,714] {logging_mixin.py:115} INFO - [2023-05-26 22:20:29,714] {dag.py:2379} INFO - Sync 1 DAGs
[2023-05-26 22:20:29,736] {logging_mixin.py:115} INFO - [2023-05-26 22:20:29,736] {dag.py:2927} INFO - Setting next_dagrun for example_skip_dag to 2023-05-26T01:20:29.735751+00:00, run_after=2023-05-27T01:20:29.735751+00:00
[2023-05-26 22:20:29,772] {processor.py:161} INFO - Processing /home/raf/pipeline-transform/.venv/lib/python3.9/site-packages/airflow/example_dags/example_skip_dag.py took 0.086 seconds
[2023-05-26 22:21:05,703] {processor.py:153} INFO - Started process (PID=30418) to work on /home/raf/pipeline-transform/.venv/lib/python3.9/site-packages/airflow/example_dags/example_skip_dag.py
[2023-05-26 22:21:05,715] {processor.py:641} INFO - Processing file /home/raf/pipeline-transform/.venv/lib/python3.9/site-packages/airflow/example_dags/example_skip_dag.py for tasks to queue
[2023-05-26 22:21:05,716] {logging_mixin.py:115} INFO - [2023-05-26 22:21:05,716] {dagbag.py:507} INFO - Filling up the DagBag from /home/raf/pipeline-transform/.venv/lib/python3.9/site-packages/airflow/example_dags/example_skip_dag.py
[2023-05-26 22:21:05,721] {processor.py:651} INFO - DAG(s) dict_keys(['example_skip_dag']) retrieved from /home/raf/pipeline-transform/.venv/lib/python3.9/site-packages/airflow/example_dags/example_skip_dag.py
[2023-05-26 22:21:05,739] {logging_mixin.py:115} INFO - [2023-05-26 22:21:05,739] {dag.py:2379} INFO - Sync 1 DAGs
[2023-05-26 22:21:05,759] {logging_mixin.py:115} INFO - [2023-05-26 22:21:05,758] {dag.py:2927} INFO - Setting next_dagrun for example_skip_dag to 2023-05-26T01:21:05.758563+00:00, run_after=2023-05-27T01:21:05.758563+00:00
[2023-05-26 22:21:05,779] {processor.py:161} INFO - Processing /home/raf/pipeline-transform/.venv/lib/python3.9/site-packages/airflow/example_dags/example_skip_dag.py took 0.079 seconds
[2023-05-26 22:21:40,061] {processor.py:153} INFO - Started process (PID=30613) to work on /home/raf/pipeline-transform/.venv/lib/python3.9/site-packages/airflow/example_dags/example_skip_dag.py
[2023-05-26 22:21:40,074] {processor.py:641} INFO - Processing file /home/raf/pipeline-transform/.venv/lib/python3.9/site-packages/airflow/example_dags/example_skip_dag.py for tasks to queue
[2023-05-26 22:21:40,075] {logging_mixin.py:115} INFO - [2023-05-26 22:21:40,075] {dagbag.py:507} INFO - Filling up the DagBag from /home/raf/pipeline-transform/.venv/lib/python3.9/site-packages/airflow/example_dags/example_skip_dag.py
[2023-05-26 22:21:40,079] {processor.py:651} INFO - DAG(s) dict_keys(['example_skip_dag']) retrieved from /home/raf/pipeline-transform/.venv/lib/python3.9/site-packages/airflow/example_dags/example_skip_dag.py
[2023-05-26 22:21:40,094] {logging_mixin.py:115} INFO - [2023-05-26 22:21:40,094] {dag.py:2379} INFO - Sync 1 DAGs
[2023-05-26 22:21:40,112] {logging_mixin.py:115} INFO - [2023-05-26 22:21:40,112] {dag.py:2927} INFO - Setting next_dagrun for example_skip_dag to 2023-05-26T01:21:40.112048+00:00, run_after=2023-05-27T01:21:40.112048+00:00
[2023-05-26 22:21:40,130] {processor.py:161} INFO - Processing /home/raf/pipeline-transform/.venv/lib/python3.9/site-packages/airflow/example_dags/example_skip_dag.py took 0.072 seconds
[2023-05-26 22:22:17,383] {processor.py:153} INFO - Started process (PID=31012) to work on /home/raf/pipeline-transform/.venv/lib/python3.9/site-packages/airflow/example_dags/example_skip_dag.py
[2023-05-26 22:22:17,401] {processor.py:641} INFO - Processing file /home/raf/pipeline-transform/.venv/lib/python3.9/site-packages/airflow/example_dags/example_skip_dag.py for tasks to queue
[2023-05-26 22:22:17,402] {logging_mixin.py:115} INFO - [2023-05-26 22:22:17,402] {dagbag.py:507} INFO - Filling up the DagBag from /home/raf/pipeline-transform/.venv/lib/python3.9/site-packages/airflow/example_dags/example_skip_dag.py
[2023-05-26 22:22:17,406] {processor.py:651} INFO - DAG(s) dict_keys(['example_skip_dag']) retrieved from /home/raf/pipeline-transform/.venv/lib/python3.9/site-packages/airflow/example_dags/example_skip_dag.py
[2023-05-26 22:22:17,420] {logging_mixin.py:115} INFO - [2023-05-26 22:22:17,420] {dag.py:2379} INFO - Sync 1 DAGs
[2023-05-26 22:22:17,435] {logging_mixin.py:115} INFO - [2023-05-26 22:22:17,435] {dag.py:2927} INFO - Setting next_dagrun for example_skip_dag to 2023-05-26T01:22:17.435198+00:00, run_after=2023-05-27T01:22:17.435198+00:00
[2023-05-26 22:22:17,454] {processor.py:161} INFO - Processing /home/raf/pipeline-transform/.venv/lib/python3.9/site-packages/airflow/example_dags/example_skip_dag.py took 0.074 seconds
[2023-05-26 22:22:51,821] {processor.py:153} INFO - Started process (PID=31100) to work on /home/raf/pipeline-transform/.venv/lib/python3.9/site-packages/airflow/example_dags/example_skip_dag.py
[2023-05-26 22:22:51,840] {processor.py:641} INFO - Processing file /home/raf/pipeline-transform/.venv/lib/python3.9/site-packages/airflow/example_dags/example_skip_dag.py for tasks to queue
[2023-05-26 22:22:51,840] {logging_mixin.py:115} INFO - [2023-05-26 22:22:51,840] {dagbag.py:507} INFO - Filling up the DagBag from /home/raf/pipeline-transform/.venv/lib/python3.9/site-packages/airflow/example_dags/example_skip_dag.py
[2023-05-26 22:22:51,844] {processor.py:651} INFO - DAG(s) dict_keys(['example_skip_dag']) retrieved from /home/raf/pipeline-transform/.venv/lib/python3.9/site-packages/airflow/example_dags/example_skip_dag.py
[2023-05-26 22:22:51,858] {logging_mixin.py:115} INFO - [2023-05-26 22:22:51,858] {dag.py:2379} INFO - Sync 1 DAGs
[2023-05-26 22:22:51,873] {logging_mixin.py:115} INFO - [2023-05-26 22:22:51,873] {dag.py:2927} INFO - Setting next_dagrun for example_skip_dag to 2023-05-26T01:22:51.873480+00:00, run_after=2023-05-27T01:22:51.873480+00:00
[2023-05-26 22:22:51,893] {processor.py:161} INFO - Processing /home/raf/pipeline-transform/.venv/lib/python3.9/site-packages/airflow/example_dags/example_skip_dag.py took 0.075 seconds
[2023-05-26 22:23:28,013] {processor.py:153} INFO - Started process (PID=31195) to work on /home/raf/pipeline-transform/.venv/lib/python3.9/site-packages/airflow/example_dags/example_skip_dag.py
[2023-05-26 22:23:28,014] {processor.py:641} INFO - Processing file /home/raf/pipeline-transform/.venv/lib/python3.9/site-packages/airflow/example_dags/example_skip_dag.py for tasks to queue
[2023-05-26 22:23:28,015] {logging_mixin.py:115} INFO - [2023-05-26 22:23:28,015] {dagbag.py:507} INFO - Filling up the DagBag from /home/raf/pipeline-transform/.venv/lib/python3.9/site-packages/airflow/example_dags/example_skip_dag.py
[2023-05-26 22:23:28,019] {processor.py:651} INFO - DAG(s) dict_keys(['example_skip_dag']) retrieved from /home/raf/pipeline-transform/.venv/lib/python3.9/site-packages/airflow/example_dags/example_skip_dag.py
[2023-05-26 22:23:28,033] {logging_mixin.py:115} INFO - [2023-05-26 22:23:28,033] {dag.py:2379} INFO - Sync 1 DAGs
[2023-05-26 22:23:28,047] {logging_mixin.py:115} INFO - [2023-05-26 22:23:28,047] {dag.py:2927} INFO - Setting next_dagrun for example_skip_dag to 2023-05-26T01:23:28.047498+00:00, run_after=2023-05-27T01:23:28.047498+00:00
[2023-05-26 22:23:28,067] {processor.py:161} INFO - Processing /home/raf/pipeline-transform/.venv/lib/python3.9/site-packages/airflow/example_dags/example_skip_dag.py took 0.057 seconds
[2023-05-26 22:24:02,430] {processor.py:153} INFO - Started process (PID=31281) to work on /home/raf/pipeline-transform/.venv/lib/python3.9/site-packages/airflow/example_dags/example_skip_dag.py
[2023-05-26 22:24:02,452] {processor.py:641} INFO - Processing file /home/raf/pipeline-transform/.venv/lib/python3.9/site-packages/airflow/example_dags/example_skip_dag.py for tasks to queue
[2023-05-26 22:24:02,453] {logging_mixin.py:115} INFO - [2023-05-26 22:24:02,453] {dagbag.py:507} INFO - Filling up the DagBag from /home/raf/pipeline-transform/.venv/lib/python3.9/site-packages/airflow/example_dags/example_skip_dag.py
[2023-05-26 22:24:02,459] {processor.py:651} INFO - DAG(s) dict_keys(['example_skip_dag']) retrieved from /home/raf/pipeline-transform/.venv/lib/python3.9/site-packages/airflow/example_dags/example_skip_dag.py
[2023-05-26 22:24:02,475] {logging_mixin.py:115} INFO - [2023-05-26 22:24:02,475] {dag.py:2379} INFO - Sync 1 DAGs
[2023-05-26 22:24:02,491] {logging_mixin.py:115} INFO - [2023-05-26 22:24:02,491] {dag.py:2927} INFO - Setting next_dagrun for example_skip_dag to 2023-05-26T01:24:02.491248+00:00, run_after=2023-05-27T01:24:02.491248+00:00
[2023-05-26 22:24:02,509] {processor.py:161} INFO - Processing /home/raf/pipeline-transform/.venv/lib/python3.9/site-packages/airflow/example_dags/example_skip_dag.py took 0.082 seconds
[2023-05-26 22:24:36,742] {processor.py:153} INFO - Started process (PID=31367) to work on /home/raf/pipeline-transform/.venv/lib/python3.9/site-packages/airflow/example_dags/example_skip_dag.py
[2023-05-26 22:24:36,745] {processor.py:641} INFO - Processing file /home/raf/pipeline-transform/.venv/lib/python3.9/site-packages/airflow/example_dags/example_skip_dag.py for tasks to queue
[2023-05-26 22:24:36,745] {logging_mixin.py:115} INFO - [2023-05-26 22:24:36,745] {dagbag.py:507} INFO - Filling up the DagBag from /home/raf/pipeline-transform/.venv/lib/python3.9/site-packages/airflow/example_dags/example_skip_dag.py
[2023-05-26 22:24:36,749] {processor.py:651} INFO - DAG(s) dict_keys(['example_skip_dag']) retrieved from /home/raf/pipeline-transform/.venv/lib/python3.9/site-packages/airflow/example_dags/example_skip_dag.py
[2023-05-26 22:24:36,763] {logging_mixin.py:115} INFO - [2023-05-26 22:24:36,763] {dag.py:2379} INFO - Sync 1 DAGs
[2023-05-26 22:24:36,777] {logging_mixin.py:115} INFO - [2023-05-26 22:24:36,777] {dag.py:2927} INFO - Setting next_dagrun for example_skip_dag to 2023-05-26T01:24:36.777389+00:00, run_after=2023-05-27T01:24:36.777389+00:00
[2023-05-26 22:24:36,797] {processor.py:161} INFO - Processing /home/raf/pipeline-transform/.venv/lib/python3.9/site-packages/airflow/example_dags/example_skip_dag.py took 0.058 seconds
[2023-05-26 22:25:11,499] {processor.py:153} INFO - Started process (PID=31453) to work on /home/raf/pipeline-transform/.venv/lib/python3.9/site-packages/airflow/example_dags/example_skip_dag.py
[2023-05-26 22:25:11,524] {processor.py:641} INFO - Processing file /home/raf/pipeline-transform/.venv/lib/python3.9/site-packages/airflow/example_dags/example_skip_dag.py for tasks to queue
[2023-05-26 22:25:11,524] {logging_mixin.py:115} INFO - [2023-05-26 22:25:11,524] {dagbag.py:507} INFO - Filling up the DagBag from /home/raf/pipeline-transform/.venv/lib/python3.9/site-packages/airflow/example_dags/example_skip_dag.py
[2023-05-26 22:25:11,528] {processor.py:651} INFO - DAG(s) dict_keys(['example_skip_dag']) retrieved from /home/raf/pipeline-transform/.venv/lib/python3.9/site-packages/airflow/example_dags/example_skip_dag.py
[2023-05-26 22:25:11,542] {logging_mixin.py:115} INFO - [2023-05-26 22:25:11,542] {dag.py:2379} INFO - Sync 1 DAGs
[2023-05-26 22:25:11,556] {logging_mixin.py:115} INFO - [2023-05-26 22:25:11,556] {dag.py:2927} INFO - Setting next_dagrun for example_skip_dag to 2023-05-26T01:25:11.556404+00:00, run_after=2023-05-27T01:25:11.556404+00:00
[2023-05-26 22:25:11,575] {processor.py:161} INFO - Processing /home/raf/pipeline-transform/.venv/lib/python3.9/site-packages/airflow/example_dags/example_skip_dag.py took 0.079 seconds
[2023-05-26 22:25:49,556] {processor.py:153} INFO - Started process (PID=31738) to work on /home/raf/pipeline-transform/.venv/lib/python3.9/site-packages/airflow/example_dags/example_skip_dag.py
[2023-05-26 22:25:49,568] {processor.py:641} INFO - Processing file /home/raf/pipeline-transform/.venv/lib/python3.9/site-packages/airflow/example_dags/example_skip_dag.py for tasks to queue
[2023-05-26 22:25:49,570] {logging_mixin.py:115} INFO - [2023-05-26 22:25:49,570] {dagbag.py:507} INFO - Filling up the DagBag from /home/raf/pipeline-transform/.venv/lib/python3.9/site-packages/airflow/example_dags/example_skip_dag.py
[2023-05-26 22:25:49,600] {processor.py:651} INFO - DAG(s) dict_keys(['example_skip_dag']) retrieved from /home/raf/pipeline-transform/.venv/lib/python3.9/site-packages/airflow/example_dags/example_skip_dag.py
[2023-05-26 22:25:49,638] {logging_mixin.py:115} INFO - [2023-05-26 22:25:49,638] {dag.py:2379} INFO - Sync 1 DAGs
[2023-05-26 22:25:49,668] {logging_mixin.py:115} INFO - [2023-05-26 22:25:49,668] {dag.py:2927} INFO - Setting next_dagrun for example_skip_dag to 2023-05-26T01:25:49.668282+00:00, run_after=2023-05-27T01:25:49.668282+00:00
[2023-05-26 22:25:49,710] {processor.py:161} INFO - Processing /home/raf/pipeline-transform/.venv/lib/python3.9/site-packages/airflow/example_dags/example_skip_dag.py took 0.158 seconds
[2023-05-26 22:26:25,556] {processor.py:153} INFO - Started process (PID=31898) to work on /home/raf/pipeline-transform/.venv/lib/python3.9/site-packages/airflow/example_dags/example_skip_dag.py
[2023-05-26 22:26:25,557] {processor.py:641} INFO - Processing file /home/raf/pipeline-transform/.venv/lib/python3.9/site-packages/airflow/example_dags/example_skip_dag.py for tasks to queue
[2023-05-26 22:26:25,558] {logging_mixin.py:115} INFO - [2023-05-26 22:26:25,558] {dagbag.py:507} INFO - Filling up the DagBag from /home/raf/pipeline-transform/.venv/lib/python3.9/site-packages/airflow/example_dags/example_skip_dag.py
[2023-05-26 22:26:25,562] {processor.py:651} INFO - DAG(s) dict_keys(['example_skip_dag']) retrieved from /home/raf/pipeline-transform/.venv/lib/python3.9/site-packages/airflow/example_dags/example_skip_dag.py
[2023-05-26 22:26:25,581] {logging_mixin.py:115} INFO - [2023-05-26 22:26:25,581] {dag.py:2379} INFO - Sync 1 DAGs
[2023-05-26 22:26:25,606] {logging_mixin.py:115} INFO - [2023-05-26 22:26:25,606] {dag.py:2927} INFO - Setting next_dagrun for example_skip_dag to 2023-05-26T01:26:25.605964+00:00, run_after=2023-05-27T01:26:25.605964+00:00
[2023-05-26 22:26:25,625] {processor.py:161} INFO - Processing /home/raf/pipeline-transform/.venv/lib/python3.9/site-packages/airflow/example_dags/example_skip_dag.py took 0.075 seconds
[2023-05-26 22:27:02,903] {processor.py:153} INFO - Started process (PID=32002) to work on /home/raf/pipeline-transform/.venv/lib/python3.9/site-packages/airflow/example_dags/example_skip_dag.py
[2023-05-26 22:27:02,920] {processor.py:641} INFO - Processing file /home/raf/pipeline-transform/.venv/lib/python3.9/site-packages/airflow/example_dags/example_skip_dag.py for tasks to queue
[2023-05-26 22:27:02,921] {logging_mixin.py:115} INFO - [2023-05-26 22:27:02,921] {dagbag.py:507} INFO - Filling up the DagBag from /home/raf/pipeline-transform/.venv/lib/python3.9/site-packages/airflow/example_dags/example_skip_dag.py
[2023-05-26 22:27:02,925] {processor.py:651} INFO - DAG(s) dict_keys(['example_skip_dag']) retrieved from /home/raf/pipeline-transform/.venv/lib/python3.9/site-packages/airflow/example_dags/example_skip_dag.py
[2023-05-26 22:27:02,939] {logging_mixin.py:115} INFO - [2023-05-26 22:27:02,939] {dag.py:2379} INFO - Sync 1 DAGs
[2023-05-26 22:27:02,954] {logging_mixin.py:115} INFO - [2023-05-26 22:27:02,954] {dag.py:2927} INFO - Setting next_dagrun for example_skip_dag to 2023-05-26T01:27:02.954259+00:00, run_after=2023-05-27T01:27:02.954259+00:00
[2023-05-26 22:27:02,971] {processor.py:161} INFO - Processing /home/raf/pipeline-transform/.venv/lib/python3.9/site-packages/airflow/example_dags/example_skip_dag.py took 0.071 seconds
[2023-05-26 22:27:40,383] {processor.py:153} INFO - Started process (PID=32145) to work on /home/raf/pipeline-transform/.venv/lib/python3.9/site-packages/airflow/example_dags/example_skip_dag.py
[2023-05-26 22:27:40,387] {processor.py:641} INFO - Processing file /home/raf/pipeline-transform/.venv/lib/python3.9/site-packages/airflow/example_dags/example_skip_dag.py for tasks to queue
[2023-05-26 22:27:40,388] {logging_mixin.py:115} INFO - [2023-05-26 22:27:40,388] {dagbag.py:507} INFO - Filling up the DagBag from /home/raf/pipeline-transform/.venv/lib/python3.9/site-packages/airflow/example_dags/example_skip_dag.py
[2023-05-26 22:27:40,392] {processor.py:651} INFO - DAG(s) dict_keys(['example_skip_dag']) retrieved from /home/raf/pipeline-transform/.venv/lib/python3.9/site-packages/airflow/example_dags/example_skip_dag.py
[2023-05-26 22:27:40,407] {logging_mixin.py:115} INFO - [2023-05-26 22:27:40,406] {dag.py:2379} INFO - Sync 1 DAGs
[2023-05-26 22:27:40,422] {logging_mixin.py:115} INFO - [2023-05-26 22:27:40,422] {dag.py:2927} INFO - Setting next_dagrun for example_skip_dag to 2023-05-26T01:27:40.422357+00:00, run_after=2023-05-27T01:27:40.422357+00:00
[2023-05-26 22:27:40,443] {processor.py:161} INFO - Processing /home/raf/pipeline-transform/.venv/lib/python3.9/site-packages/airflow/example_dags/example_skip_dag.py took 0.062 seconds
[2023-05-26 22:28:13,105] {processor.py:153} INFO - Started process (PID=32255) to work on /home/raf/pipeline-transform/.venv/lib/python3.9/site-packages/airflow/example_dags/example_skip_dag.py
[2023-05-26 22:28:13,126] {processor.py:641} INFO - Processing file /home/raf/pipeline-transform/.venv/lib/python3.9/site-packages/airflow/example_dags/example_skip_dag.py for tasks to queue
[2023-05-26 22:28:13,127] {logging_mixin.py:115} INFO - [2023-05-26 22:28:13,127] {dagbag.py:507} INFO - Filling up the DagBag from /home/raf/pipeline-transform/.venv/lib/python3.9/site-packages/airflow/example_dags/example_skip_dag.py
[2023-05-26 22:28:13,131] {processor.py:651} INFO - DAG(s) dict_keys(['example_skip_dag']) retrieved from /home/raf/pipeline-transform/.venv/lib/python3.9/site-packages/airflow/example_dags/example_skip_dag.py
[2023-05-26 22:28:13,148] {logging_mixin.py:115} INFO - [2023-05-26 22:28:13,148] {dag.py:2379} INFO - Sync 1 DAGs
[2023-05-26 22:28:13,165] {logging_mixin.py:115} INFO - [2023-05-26 22:28:13,165] {dag.py:2927} INFO - Setting next_dagrun for example_skip_dag to 2023-05-26T01:28:13.164900+00:00, run_after=2023-05-27T01:28:13.164900+00:00
[2023-05-26 22:28:13,186] {processor.py:161} INFO - Processing /home/raf/pipeline-transform/.venv/lib/python3.9/site-packages/airflow/example_dags/example_skip_dag.py took 0.084 seconds
[2023-05-26 22:28:50,975] {processor.py:153} INFO - Started process (PID=32350) to work on /home/raf/pipeline-transform/.venv/lib/python3.9/site-packages/airflow/example_dags/example_skip_dag.py
[2023-05-26 22:28:50,997] {processor.py:641} INFO - Processing file /home/raf/pipeline-transform/.venv/lib/python3.9/site-packages/airflow/example_dags/example_skip_dag.py for tasks to queue
[2023-05-26 22:28:50,998] {logging_mixin.py:115} INFO - [2023-05-26 22:28:50,998] {dagbag.py:507} INFO - Filling up the DagBag from /home/raf/pipeline-transform/.venv/lib/python3.9/site-packages/airflow/example_dags/example_skip_dag.py
[2023-05-26 22:28:51,003] {processor.py:651} INFO - DAG(s) dict_keys(['example_skip_dag']) retrieved from /home/raf/pipeline-transform/.venv/lib/python3.9/site-packages/airflow/example_dags/example_skip_dag.py
[2023-05-26 22:28:51,020] {logging_mixin.py:115} INFO - [2023-05-26 22:28:51,020] {dag.py:2379} INFO - Sync 1 DAGs
[2023-05-26 22:28:51,040] {logging_mixin.py:115} INFO - [2023-05-26 22:28:51,040] {dag.py:2927} INFO - Setting next_dagrun for example_skip_dag to 2023-05-26T01:28:51.040344+00:00, run_after=2023-05-27T01:28:51.040344+00:00
[2023-05-26 22:28:51,060] {processor.py:161} INFO - Processing /home/raf/pipeline-transform/.venv/lib/python3.9/site-packages/airflow/example_dags/example_skip_dag.py took 0.088 seconds
[2023-05-26 22:29:24,107] {processor.py:153} INFO - Started process (PID=32434) to work on /home/raf/pipeline-transform/.venv/lib/python3.9/site-packages/airflow/example_dags/example_skip_dag.py
[2023-05-26 22:29:24,130] {processor.py:641} INFO - Processing file /home/raf/pipeline-transform/.venv/lib/python3.9/site-packages/airflow/example_dags/example_skip_dag.py for tasks to queue
[2023-05-26 22:29:24,131] {logging_mixin.py:115} INFO - [2023-05-26 22:29:24,131] {dagbag.py:507} INFO - Filling up the DagBag from /home/raf/pipeline-transform/.venv/lib/python3.9/site-packages/airflow/example_dags/example_skip_dag.py
[2023-05-26 22:29:24,135] {processor.py:651} INFO - DAG(s) dict_keys(['example_skip_dag']) retrieved from /home/raf/pipeline-transform/.venv/lib/python3.9/site-packages/airflow/example_dags/example_skip_dag.py
[2023-05-26 22:29:24,149] {logging_mixin.py:115} INFO - [2023-05-26 22:29:24,149] {dag.py:2379} INFO - Sync 1 DAGs
[2023-05-26 22:29:24,164] {logging_mixin.py:115} INFO - [2023-05-26 22:29:24,164] {dag.py:2927} INFO - Setting next_dagrun for example_skip_dag to 2023-05-26T01:29:24.164514+00:00, run_after=2023-05-27T01:29:24.164514+00:00
[2023-05-26 22:29:24,182] {processor.py:161} INFO - Processing /home/raf/pipeline-transform/.venv/lib/python3.9/site-packages/airflow/example_dags/example_skip_dag.py took 0.078 seconds
[2023-05-26 22:30:00,050] {processor.py:153} INFO - Started process (PID=32526) to work on /home/raf/pipeline-transform/.venv/lib/python3.9/site-packages/airflow/example_dags/example_skip_dag.py
[2023-05-26 22:30:00,051] {processor.py:641} INFO - Processing file /home/raf/pipeline-transform/.venv/lib/python3.9/site-packages/airflow/example_dags/example_skip_dag.py for tasks to queue
[2023-05-26 22:30:00,051] {logging_mixin.py:115} INFO - [2023-05-26 22:30:00,051] {dagbag.py:507} INFO - Filling up the DagBag from /home/raf/pipeline-transform/.venv/lib/python3.9/site-packages/airflow/example_dags/example_skip_dag.py
[2023-05-26 22:30:00,056] {processor.py:651} INFO - DAG(s) dict_keys(['example_skip_dag']) retrieved from /home/raf/pipeline-transform/.venv/lib/python3.9/site-packages/airflow/example_dags/example_skip_dag.py
[2023-05-26 22:30:00,073] {logging_mixin.py:115} INFO - [2023-05-26 22:30:00,073] {dag.py:2379} INFO - Sync 1 DAGs
[2023-05-26 22:30:00,094] {logging_mixin.py:115} INFO - [2023-05-26 22:30:00,094] {dag.py:2927} INFO - Setting next_dagrun for example_skip_dag to 2023-05-26T01:30:00.094256+00:00, run_after=2023-05-27T01:30:00.094256+00:00
[2023-05-26 22:30:00,114] {processor.py:161} INFO - Processing /home/raf/pipeline-transform/.venv/lib/python3.9/site-packages/airflow/example_dags/example_skip_dag.py took 0.067 seconds
[2023-05-26 22:30:35,486] {processor.py:153} INFO - Started process (PID=32738) to work on /home/raf/pipeline-transform/.venv/lib/python3.9/site-packages/airflow/example_dags/example_skip_dag.py
[2023-05-26 22:30:35,511] {processor.py:641} INFO - Processing file /home/raf/pipeline-transform/.venv/lib/python3.9/site-packages/airflow/example_dags/example_skip_dag.py for tasks to queue
[2023-05-26 22:30:35,512] {logging_mixin.py:115} INFO - [2023-05-26 22:30:35,512] {dagbag.py:507} INFO - Filling up the DagBag from /home/raf/pipeline-transform/.venv/lib/python3.9/site-packages/airflow/example_dags/example_skip_dag.py
[2023-05-26 22:30:35,516] {processor.py:651} INFO - DAG(s) dict_keys(['example_skip_dag']) retrieved from /home/raf/pipeline-transform/.venv/lib/python3.9/site-packages/airflow/example_dags/example_skip_dag.py
[2023-05-26 22:30:35,530] {logging_mixin.py:115} INFO - [2023-05-26 22:30:35,530] {dag.py:2379} INFO - Sync 1 DAGs
[2023-05-26 22:30:35,547] {logging_mixin.py:115} INFO - [2023-05-26 22:30:35,547] {dag.py:2927} INFO - Setting next_dagrun for example_skip_dag to 2023-05-26T01:30:35.545683+00:00, run_after=2023-05-27T01:30:35.545683+00:00
[2023-05-26 22:30:35,567] {processor.py:161} INFO - Processing /home/raf/pipeline-transform/.venv/lib/python3.9/site-packages/airflow/example_dags/example_skip_dag.py took 0.084 seconds
[2023-05-26 22:31:09,229] {processor.py:153} INFO - Started process (PID=389) to work on /home/raf/pipeline-transform/.venv/lib/python3.9/site-packages/airflow/example_dags/example_skip_dag.py
[2023-05-26 22:31:09,229] {processor.py:641} INFO - Processing file /home/raf/pipeline-transform/.venv/lib/python3.9/site-packages/airflow/example_dags/example_skip_dag.py for tasks to queue
[2023-05-26 22:31:09,230] {logging_mixin.py:115} INFO - [2023-05-26 22:31:09,230] {dagbag.py:507} INFO - Filling up the DagBag from /home/raf/pipeline-transform/.venv/lib/python3.9/site-packages/airflow/example_dags/example_skip_dag.py
[2023-05-26 22:31:09,234] {processor.py:651} INFO - DAG(s) dict_keys(['example_skip_dag']) retrieved from /home/raf/pipeline-transform/.venv/lib/python3.9/site-packages/airflow/example_dags/example_skip_dag.py
[2023-05-26 22:31:09,249] {logging_mixin.py:115} INFO - [2023-05-26 22:31:09,248] {dag.py:2379} INFO - Sync 1 DAGs
[2023-05-26 22:31:09,265] {logging_mixin.py:115} INFO - [2023-05-26 22:31:09,265] {dag.py:2927} INFO - Setting next_dagrun for example_skip_dag to 2023-05-26T01:31:09.263177+00:00, run_after=2023-05-27T01:31:09.263177+00:00
[2023-05-26 22:31:09,297] {processor.py:161} INFO - Processing /home/raf/pipeline-transform/.venv/lib/python3.9/site-packages/airflow/example_dags/example_skip_dag.py took 0.071 seconds
[2023-05-26 22:31:42,207] {processor.py:153} INFO - Started process (PID=470) to work on /home/raf/pipeline-transform/.venv/lib/python3.9/site-packages/airflow/example_dags/example_skip_dag.py
[2023-05-26 22:31:42,211] {processor.py:641} INFO - Processing file /home/raf/pipeline-transform/.venv/lib/python3.9/site-packages/airflow/example_dags/example_skip_dag.py for tasks to queue
[2023-05-26 22:31:42,212] {logging_mixin.py:115} INFO - [2023-05-26 22:31:42,212] {dagbag.py:507} INFO - Filling up the DagBag from /home/raf/pipeline-transform/.venv/lib/python3.9/site-packages/airflow/example_dags/example_skip_dag.py
[2023-05-26 22:31:42,216] {processor.py:651} INFO - DAG(s) dict_keys(['example_skip_dag']) retrieved from /home/raf/pipeline-transform/.venv/lib/python3.9/site-packages/airflow/example_dags/example_skip_dag.py
[2023-05-26 22:31:42,230] {logging_mixin.py:115} INFO - [2023-05-26 22:31:42,230] {dag.py:2379} INFO - Sync 1 DAGs
[2023-05-26 22:31:42,247] {logging_mixin.py:115} INFO - [2023-05-26 22:31:42,247] {dag.py:2927} INFO - Setting next_dagrun for example_skip_dag to 2023-05-26T01:31:42.245311+00:00, run_after=2023-05-27T01:31:42.245311+00:00
[2023-05-26 22:31:42,267] {processor.py:161} INFO - Processing /home/raf/pipeline-transform/.venv/lib/python3.9/site-packages/airflow/example_dags/example_skip_dag.py took 0.062 seconds
