[2023-05-26 22:03:45,124] {processor.py:153} INFO - Started process (PID=26102) to work on /home/raf/pipeline-transform/.venv/lib/python3.9/site-packages/airflow/example_dags/example_trigger_controller_dag.py
[2023-05-26 22:03:45,125] {processor.py:641} INFO - Processing file /home/raf/pipeline-transform/.venv/lib/python3.9/site-packages/airflow/example_dags/example_trigger_controller_dag.py for tasks to queue
[2023-05-26 22:03:45,125] {logging_mixin.py:115} INFO - [2023-05-26 22:03:45,125] {dagbag.py:507} INFO - Filling up the DagBag from /home/raf/pipeline-transform/.venv/lib/python3.9/site-packages/airflow/example_dags/example_trigger_controller_dag.py
[2023-05-26 22:03:45,129] {processor.py:651} INFO - DAG(s) dict_keys(['example_trigger_controller_dag']) retrieved from /home/raf/pipeline-transform/.venv/lib/python3.9/site-packages/airflow/example_dags/example_trigger_controller_dag.py
[2023-05-26 22:03:45,176] {logging_mixin.py:115} INFO - [2023-05-26 22:03:45,176] {dag.py:2379} INFO - Sync 1 DAGs
[2023-05-26 22:03:45,190] {logging_mixin.py:115} INFO - [2023-05-26 22:03:45,190] {dag.py:2927} INFO - Setting next_dagrun for example_trigger_controller_dag to 2021-01-01T00:00:00+00:00, run_after=2021-01-01T00:00:00+00:00
[2023-05-26 22:03:45,232] {processor.py:161} INFO - Processing /home/raf/pipeline-transform/.venv/lib/python3.9/site-packages/airflow/example_dags/example_trigger_controller_dag.py took 0.110 seconds
[2023-05-26 22:04:18,604] {processor.py:153} INFO - Started process (PID=26287) to work on /home/raf/pipeline-transform/.venv/lib/python3.9/site-packages/airflow/example_dags/example_trigger_controller_dag.py
[2023-05-26 22:04:18,604] {processor.py:641} INFO - Processing file /home/raf/pipeline-transform/.venv/lib/python3.9/site-packages/airflow/example_dags/example_trigger_controller_dag.py for tasks to queue
[2023-05-26 22:04:18,605] {logging_mixin.py:115} INFO - [2023-05-26 22:04:18,605] {dagbag.py:507} INFO - Filling up the DagBag from /home/raf/pipeline-transform/.venv/lib/python3.9/site-packages/airflow/example_dags/example_trigger_controller_dag.py
[2023-05-26 22:04:18,608] {processor.py:651} INFO - DAG(s) dict_keys(['example_trigger_controller_dag']) retrieved from /home/raf/pipeline-transform/.venv/lib/python3.9/site-packages/airflow/example_dags/example_trigger_controller_dag.py
[2023-05-26 22:04:18,621] {logging_mixin.py:115} INFO - [2023-05-26 22:04:18,621] {dag.py:2379} INFO - Sync 1 DAGs
[2023-05-26 22:04:18,636] {logging_mixin.py:115} INFO - [2023-05-26 22:04:18,636] {dag.py:2927} INFO - Setting next_dagrun for example_trigger_controller_dag to 2021-01-01T00:00:00+00:00, run_after=2021-01-01T00:00:00+00:00
[2023-05-26 22:04:18,657] {processor.py:161} INFO - Processing /home/raf/pipeline-transform/.venv/lib/python3.9/site-packages/airflow/example_dags/example_trigger_controller_dag.py took 0.056 seconds
[2023-05-26 22:04:53,724] {processor.py:153} INFO - Started process (PID=26577) to work on /home/raf/pipeline-transform/.venv/lib/python3.9/site-packages/airflow/example_dags/example_trigger_controller_dag.py
[2023-05-26 22:04:53,733] {processor.py:641} INFO - Processing file /home/raf/pipeline-transform/.venv/lib/python3.9/site-packages/airflow/example_dags/example_trigger_controller_dag.py for tasks to queue
[2023-05-26 22:04:53,734] {logging_mixin.py:115} INFO - [2023-05-26 22:04:53,734] {dagbag.py:507} INFO - Filling up the DagBag from /home/raf/pipeline-transform/.venv/lib/python3.9/site-packages/airflow/example_dags/example_trigger_controller_dag.py
[2023-05-26 22:04:53,736] {processor.py:651} INFO - DAG(s) dict_keys(['example_trigger_controller_dag']) retrieved from /home/raf/pipeline-transform/.venv/lib/python3.9/site-packages/airflow/example_dags/example_trigger_controller_dag.py
[2023-05-26 22:04:53,751] {logging_mixin.py:115} INFO - [2023-05-26 22:04:53,751] {dag.py:2379} INFO - Sync 1 DAGs
[2023-05-26 22:04:53,766] {logging_mixin.py:115} INFO - [2023-05-26 22:04:53,766] {dag.py:2927} INFO - Setting next_dagrun for example_trigger_controller_dag to 2021-01-01T00:00:00+00:00, run_after=2021-01-01T00:00:00+00:00
[2023-05-26 22:04:53,783] {processor.py:161} INFO - Processing /home/raf/pipeline-transform/.venv/lib/python3.9/site-packages/airflow/example_dags/example_trigger_controller_dag.py took 0.061 seconds
[2023-05-26 22:05:30,373] {processor.py:153} INFO - Started process (PID=26835) to work on /home/raf/pipeline-transform/.venv/lib/python3.9/site-packages/airflow/example_dags/example_trigger_controller_dag.py
[2023-05-26 22:05:30,382] {processor.py:641} INFO - Processing file /home/raf/pipeline-transform/.venv/lib/python3.9/site-packages/airflow/example_dags/example_trigger_controller_dag.py for tasks to queue
[2023-05-26 22:05:30,383] {logging_mixin.py:115} INFO - [2023-05-26 22:05:30,383] {dagbag.py:507} INFO - Filling up the DagBag from /home/raf/pipeline-transform/.venv/lib/python3.9/site-packages/airflow/example_dags/example_trigger_controller_dag.py
[2023-05-26 22:05:30,385] {processor.py:651} INFO - DAG(s) dict_keys(['example_trigger_controller_dag']) retrieved from /home/raf/pipeline-transform/.venv/lib/python3.9/site-packages/airflow/example_dags/example_trigger_controller_dag.py
[2023-05-26 22:05:30,399] {logging_mixin.py:115} INFO - [2023-05-26 22:05:30,398] {dag.py:2379} INFO - Sync 1 DAGs
[2023-05-26 22:05:30,413] {logging_mixin.py:115} INFO - [2023-05-26 22:05:30,412] {dag.py:2927} INFO - Setting next_dagrun for example_trigger_controller_dag to 2021-01-01T00:00:00+00:00, run_after=2021-01-01T00:00:00+00:00
[2023-05-26 22:05:30,431] {processor.py:161} INFO - Processing /home/raf/pipeline-transform/.venv/lib/python3.9/site-packages/airflow/example_dags/example_trigger_controller_dag.py took 0.061 seconds
[2023-05-26 22:06:06,147] {processor.py:153} INFO - Started process (PID=26976) to work on /home/raf/pipeline-transform/.venv/lib/python3.9/site-packages/airflow/example_dags/example_trigger_controller_dag.py
[2023-05-26 22:06:06,150] {processor.py:641} INFO - Processing file /home/raf/pipeline-transform/.venv/lib/python3.9/site-packages/airflow/example_dags/example_trigger_controller_dag.py for tasks to queue
[2023-05-26 22:06:06,150] {logging_mixin.py:115} INFO - [2023-05-26 22:06:06,150] {dagbag.py:507} INFO - Filling up the DagBag from /home/raf/pipeline-transform/.venv/lib/python3.9/site-packages/airflow/example_dags/example_trigger_controller_dag.py
[2023-05-26 22:06:06,153] {processor.py:651} INFO - DAG(s) dict_keys(['example_trigger_controller_dag']) retrieved from /home/raf/pipeline-transform/.venv/lib/python3.9/site-packages/airflow/example_dags/example_trigger_controller_dag.py
[2023-05-26 22:06:06,166] {logging_mixin.py:115} INFO - [2023-05-26 22:06:06,166] {dag.py:2379} INFO - Sync 1 DAGs
[2023-05-26 22:06:06,180] {logging_mixin.py:115} INFO - [2023-05-26 22:06:06,180] {dag.py:2927} INFO - Setting next_dagrun for example_trigger_controller_dag to 2021-01-01T00:00:00+00:00, run_after=2021-01-01T00:00:00+00:00
[2023-05-26 22:06:06,199] {processor.py:161} INFO - Processing /home/raf/pipeline-transform/.venv/lib/python3.9/site-packages/airflow/example_dags/example_trigger_controller_dag.py took 0.054 seconds
[2023-05-26 22:06:43,432] {processor.py:153} INFO - Started process (PID=27177) to work on /home/raf/pipeline-transform/.venv/lib/python3.9/site-packages/airflow/example_dags/example_trigger_controller_dag.py
[2023-05-26 22:06:43,447] {processor.py:641} INFO - Processing file /home/raf/pipeline-transform/.venv/lib/python3.9/site-packages/airflow/example_dags/example_trigger_controller_dag.py for tasks to queue
[2023-05-26 22:06:43,448] {logging_mixin.py:115} INFO - [2023-05-26 22:06:43,447] {dagbag.py:507} INFO - Filling up the DagBag from /home/raf/pipeline-transform/.venv/lib/python3.9/site-packages/airflow/example_dags/example_trigger_controller_dag.py
[2023-05-26 22:06:43,451] {processor.py:651} INFO - DAG(s) dict_keys(['example_trigger_controller_dag']) retrieved from /home/raf/pipeline-transform/.venv/lib/python3.9/site-packages/airflow/example_dags/example_trigger_controller_dag.py
[2023-05-26 22:06:43,468] {logging_mixin.py:115} INFO - [2023-05-26 22:06:43,468] {dag.py:2379} INFO - Sync 1 DAGs
[2023-05-26 22:06:43,487] {logging_mixin.py:115} INFO - [2023-05-26 22:06:43,486] {dag.py:2927} INFO - Setting next_dagrun for example_trigger_controller_dag to 2021-01-01T00:00:00+00:00, run_after=2021-01-01T00:00:00+00:00
[2023-05-26 22:06:43,508] {processor.py:161} INFO - Processing /home/raf/pipeline-transform/.venv/lib/python3.9/site-packages/airflow/example_dags/example_trigger_controller_dag.py took 0.078 seconds
[2023-05-26 22:07:18,375] {processor.py:153} INFO - Started process (PID=27268) to work on /home/raf/pipeline-transform/.venv/lib/python3.9/site-packages/airflow/example_dags/example_trigger_controller_dag.py
[2023-05-26 22:07:18,388] {processor.py:641} INFO - Processing file /home/raf/pipeline-transform/.venv/lib/python3.9/site-packages/airflow/example_dags/example_trigger_controller_dag.py for tasks to queue
[2023-05-26 22:07:18,388] {logging_mixin.py:115} INFO - [2023-05-26 22:07:18,388] {dagbag.py:507} INFO - Filling up the DagBag from /home/raf/pipeline-transform/.venv/lib/python3.9/site-packages/airflow/example_dags/example_trigger_controller_dag.py
[2023-05-26 22:07:18,392] {processor.py:651} INFO - DAG(s) dict_keys(['example_trigger_controller_dag']) retrieved from /home/raf/pipeline-transform/.venv/lib/python3.9/site-packages/airflow/example_dags/example_trigger_controller_dag.py
[2023-05-26 22:07:18,415] {logging_mixin.py:115} INFO - [2023-05-26 22:07:18,415] {dag.py:2379} INFO - Sync 1 DAGs
[2023-05-26 22:07:18,442] {logging_mixin.py:115} INFO - [2023-05-26 22:07:18,442] {dag.py:2927} INFO - Setting next_dagrun for example_trigger_controller_dag to 2021-01-01T00:00:00+00:00, run_after=2021-01-01T00:00:00+00:00
[2023-05-26 22:07:18,462] {processor.py:161} INFO - Processing /home/raf/pipeline-transform/.venv/lib/python3.9/site-packages/airflow/example_dags/example_trigger_controller_dag.py took 0.090 seconds
[2023-05-26 22:07:53,289] {processor.py:153} INFO - Started process (PID=27354) to work on /home/raf/pipeline-transform/.venv/lib/python3.9/site-packages/airflow/example_dags/example_trigger_controller_dag.py
[2023-05-26 22:07:53,303] {processor.py:641} INFO - Processing file /home/raf/pipeline-transform/.venv/lib/python3.9/site-packages/airflow/example_dags/example_trigger_controller_dag.py for tasks to queue
[2023-05-26 22:07:53,304] {logging_mixin.py:115} INFO - [2023-05-26 22:07:53,304] {dagbag.py:507} INFO - Filling up the DagBag from /home/raf/pipeline-transform/.venv/lib/python3.9/site-packages/airflow/example_dags/example_trigger_controller_dag.py
[2023-05-26 22:07:53,306] {processor.py:651} INFO - DAG(s) dict_keys(['example_trigger_controller_dag']) retrieved from /home/raf/pipeline-transform/.venv/lib/python3.9/site-packages/airflow/example_dags/example_trigger_controller_dag.py
[2023-05-26 22:07:53,320] {logging_mixin.py:115} INFO - [2023-05-26 22:07:53,320] {dag.py:2379} INFO - Sync 1 DAGs
[2023-05-26 22:07:53,336] {logging_mixin.py:115} INFO - [2023-05-26 22:07:53,335] {dag.py:2927} INFO - Setting next_dagrun for example_trigger_controller_dag to 2021-01-01T00:00:00+00:00, run_after=2021-01-01T00:00:00+00:00
[2023-05-26 22:07:53,356] {processor.py:161} INFO - Processing /home/raf/pipeline-transform/.venv/lib/python3.9/site-packages/airflow/example_dags/example_trigger_controller_dag.py took 0.069 seconds
[2023-05-26 22:08:26,794] {processor.py:153} INFO - Started process (PID=27493) to work on /home/raf/pipeline-transform/.venv/lib/python3.9/site-packages/airflow/example_dags/example_trigger_controller_dag.py
[2023-05-26 22:08:26,794] {processor.py:641} INFO - Processing file /home/raf/pipeline-transform/.venv/lib/python3.9/site-packages/airflow/example_dags/example_trigger_controller_dag.py for tasks to queue
[2023-05-26 22:08:26,796] {logging_mixin.py:115} INFO - [2023-05-26 22:08:26,796] {dagbag.py:507} INFO - Filling up the DagBag from /home/raf/pipeline-transform/.venv/lib/python3.9/site-packages/airflow/example_dags/example_trigger_controller_dag.py
[2023-05-26 22:08:26,800] {processor.py:651} INFO - DAG(s) dict_keys(['example_trigger_controller_dag']) retrieved from /home/raf/pipeline-transform/.venv/lib/python3.9/site-packages/airflow/example_dags/example_trigger_controller_dag.py
[2023-05-26 22:08:26,828] {logging_mixin.py:115} INFO - [2023-05-26 22:08:26,828] {dag.py:2379} INFO - Sync 1 DAGs
[2023-05-26 22:08:26,849] {logging_mixin.py:115} INFO - [2023-05-26 22:08:26,849] {dag.py:2927} INFO - Setting next_dagrun for example_trigger_controller_dag to 2021-01-01T00:00:00+00:00, run_after=2021-01-01T00:00:00+00:00
[2023-05-26 22:08:26,870] {processor.py:161} INFO - Processing /home/raf/pipeline-transform/.venv/lib/python3.9/site-packages/airflow/example_dags/example_trigger_controller_dag.py took 0.081 seconds
[2023-05-26 22:09:04,811] {processor.py:153} INFO - Started process (PID=27589) to work on /home/raf/pipeline-transform/.venv/lib/python3.9/site-packages/airflow/example_dags/example_trigger_controller_dag.py
[2023-05-26 22:09:04,815] {processor.py:641} INFO - Processing file /home/raf/pipeline-transform/.venv/lib/python3.9/site-packages/airflow/example_dags/example_trigger_controller_dag.py for tasks to queue
[2023-05-26 22:09:04,815] {logging_mixin.py:115} INFO - [2023-05-26 22:09:04,815] {dagbag.py:507} INFO - Filling up the DagBag from /home/raf/pipeline-transform/.venv/lib/python3.9/site-packages/airflow/example_dags/example_trigger_controller_dag.py
[2023-05-26 22:09:04,818] {processor.py:651} INFO - DAG(s) dict_keys(['example_trigger_controller_dag']) retrieved from /home/raf/pipeline-transform/.venv/lib/python3.9/site-packages/airflow/example_dags/example_trigger_controller_dag.py
[2023-05-26 22:09:04,831] {logging_mixin.py:115} INFO - [2023-05-26 22:09:04,831] {dag.py:2379} INFO - Sync 1 DAGs
[2023-05-26 22:09:04,846] {logging_mixin.py:115} INFO - [2023-05-26 22:09:04,846] {dag.py:2927} INFO - Setting next_dagrun for example_trigger_controller_dag to 2021-01-01T00:00:00+00:00, run_after=2021-01-01T00:00:00+00:00
[2023-05-26 22:09:04,865] {processor.py:161} INFO - Processing /home/raf/pipeline-transform/.venv/lib/python3.9/site-packages/airflow/example_dags/example_trigger_controller_dag.py took 0.056 seconds
[2023-05-26 22:09:40,128] {processor.py:153} INFO - Started process (PID=27779) to work on /home/raf/pipeline-transform/.venv/lib/python3.9/site-packages/airflow/example_dags/example_trigger_controller_dag.py
[2023-05-26 22:09:40,136] {processor.py:641} INFO - Processing file /home/raf/pipeline-transform/.venv/lib/python3.9/site-packages/airflow/example_dags/example_trigger_controller_dag.py for tasks to queue
[2023-05-26 22:09:40,136] {logging_mixin.py:115} INFO - [2023-05-26 22:09:40,136] {dagbag.py:507} INFO - Filling up the DagBag from /home/raf/pipeline-transform/.venv/lib/python3.9/site-packages/airflow/example_dags/example_trigger_controller_dag.py
[2023-05-26 22:09:40,139] {processor.py:651} INFO - DAG(s) dict_keys(['example_trigger_controller_dag']) retrieved from /home/raf/pipeline-transform/.venv/lib/python3.9/site-packages/airflow/example_dags/example_trigger_controller_dag.py
[2023-05-26 22:09:40,152] {logging_mixin.py:115} INFO - [2023-05-26 22:09:40,152] {dag.py:2379} INFO - Sync 1 DAGs
[2023-05-26 22:09:40,167] {logging_mixin.py:115} INFO - [2023-05-26 22:09:40,167] {dag.py:2927} INFO - Setting next_dagrun for example_trigger_controller_dag to 2021-01-01T00:00:00+00:00, run_after=2021-01-01T00:00:00+00:00
[2023-05-26 22:09:40,189] {processor.py:161} INFO - Processing /home/raf/pipeline-transform/.venv/lib/python3.9/site-packages/airflow/example_dags/example_trigger_controller_dag.py took 0.063 seconds
[2023-05-26 22:10:16,039] {processor.py:153} INFO - Started process (PID=27867) to work on /home/raf/pipeline-transform/.venv/lib/python3.9/site-packages/airflow/example_dags/example_trigger_controller_dag.py
[2023-05-26 22:10:16,060] {processor.py:641} INFO - Processing file /home/raf/pipeline-transform/.venv/lib/python3.9/site-packages/airflow/example_dags/example_trigger_controller_dag.py for tasks to queue
[2023-05-26 22:10:16,061] {logging_mixin.py:115} INFO - [2023-05-26 22:10:16,061] {dagbag.py:507} INFO - Filling up the DagBag from /home/raf/pipeline-transform/.venv/lib/python3.9/site-packages/airflow/example_dags/example_trigger_controller_dag.py
[2023-05-26 22:10:16,063] {processor.py:651} INFO - DAG(s) dict_keys(['example_trigger_controller_dag']) retrieved from /home/raf/pipeline-transform/.venv/lib/python3.9/site-packages/airflow/example_dags/example_trigger_controller_dag.py
[2023-05-26 22:10:16,077] {logging_mixin.py:115} INFO - [2023-05-26 22:10:16,077] {dag.py:2379} INFO - Sync 1 DAGs
[2023-05-26 22:10:16,091] {logging_mixin.py:115} INFO - [2023-05-26 22:10:16,091] {dag.py:2927} INFO - Setting next_dagrun for example_trigger_controller_dag to 2021-01-01T00:00:00+00:00, run_after=2021-01-01T00:00:00+00:00
[2023-05-26 22:10:16,110] {processor.py:161} INFO - Processing /home/raf/pipeline-transform/.venv/lib/python3.9/site-packages/airflow/example_dags/example_trigger_controller_dag.py took 0.074 seconds
[2023-05-26 22:10:51,352] {processor.py:153} INFO - Started process (PID=27958) to work on /home/raf/pipeline-transform/.venv/lib/python3.9/site-packages/airflow/example_dags/example_trigger_controller_dag.py
[2023-05-26 22:10:51,355] {processor.py:641} INFO - Processing file /home/raf/pipeline-transform/.venv/lib/python3.9/site-packages/airflow/example_dags/example_trigger_controller_dag.py for tasks to queue
[2023-05-26 22:10:51,356] {logging_mixin.py:115} INFO - [2023-05-26 22:10:51,356] {dagbag.py:507} INFO - Filling up the DagBag from /home/raf/pipeline-transform/.venv/lib/python3.9/site-packages/airflow/example_dags/example_trigger_controller_dag.py
[2023-05-26 22:10:51,359] {processor.py:651} INFO - DAG(s) dict_keys(['example_trigger_controller_dag']) retrieved from /home/raf/pipeline-transform/.venv/lib/python3.9/site-packages/airflow/example_dags/example_trigger_controller_dag.py
[2023-05-26 22:10:51,375] {logging_mixin.py:115} INFO - [2023-05-26 22:10:51,375] {dag.py:2379} INFO - Sync 1 DAGs
[2023-05-26 22:10:51,392] {logging_mixin.py:115} INFO - [2023-05-26 22:10:51,392] {dag.py:2927} INFO - Setting next_dagrun for example_trigger_controller_dag to 2021-01-01T00:00:00+00:00, run_after=2021-01-01T00:00:00+00:00
[2023-05-26 22:10:51,411] {processor.py:161} INFO - Processing /home/raf/pipeline-transform/.venv/lib/python3.9/site-packages/airflow/example_dags/example_trigger_controller_dag.py took 0.062 seconds
[2023-05-26 22:11:29,772] {processor.py:153} INFO - Started process (PID=28050) to work on /home/raf/pipeline-transform/.venv/lib/python3.9/site-packages/airflow/example_dags/example_trigger_controller_dag.py
[2023-05-26 22:11:29,774] {processor.py:641} INFO - Processing file /home/raf/pipeline-transform/.venv/lib/python3.9/site-packages/airflow/example_dags/example_trigger_controller_dag.py for tasks to queue
[2023-05-26 22:11:29,775] {logging_mixin.py:115} INFO - [2023-05-26 22:11:29,775] {dagbag.py:507} INFO - Filling up the DagBag from /home/raf/pipeline-transform/.venv/lib/python3.9/site-packages/airflow/example_dags/example_trigger_controller_dag.py
[2023-05-26 22:11:29,777] {processor.py:651} INFO - DAG(s) dict_keys(['example_trigger_controller_dag']) retrieved from /home/raf/pipeline-transform/.venv/lib/python3.9/site-packages/airflow/example_dags/example_trigger_controller_dag.py
[2023-05-26 22:11:29,791] {logging_mixin.py:115} INFO - [2023-05-26 22:11:29,791] {dag.py:2379} INFO - Sync 1 DAGs
[2023-05-26 22:11:29,807] {logging_mixin.py:115} INFO - [2023-05-26 22:11:29,806] {dag.py:2927} INFO - Setting next_dagrun for example_trigger_controller_dag to 2021-01-01T00:00:00+00:00, run_after=2021-01-01T00:00:00+00:00
[2023-05-26 22:11:29,828] {processor.py:161} INFO - Processing /home/raf/pipeline-transform/.venv/lib/python3.9/site-packages/airflow/example_dags/example_trigger_controller_dag.py took 0.059 seconds
[2023-05-26 22:12:07,328] {processor.py:153} INFO - Started process (PID=28156) to work on /home/raf/pipeline-transform/.venv/lib/python3.9/site-packages/airflow/example_dags/example_trigger_controller_dag.py
[2023-05-26 22:12:07,342] {processor.py:641} INFO - Processing file /home/raf/pipeline-transform/.venv/lib/python3.9/site-packages/airflow/example_dags/example_trigger_controller_dag.py for tasks to queue
[2023-05-26 22:12:07,343] {logging_mixin.py:115} INFO - [2023-05-26 22:12:07,343] {dagbag.py:507} INFO - Filling up the DagBag from /home/raf/pipeline-transform/.venv/lib/python3.9/site-packages/airflow/example_dags/example_trigger_controller_dag.py
[2023-05-26 22:12:07,360] {processor.py:651} INFO - DAG(s) dict_keys(['example_trigger_controller_dag']) retrieved from /home/raf/pipeline-transform/.venv/lib/python3.9/site-packages/airflow/example_dags/example_trigger_controller_dag.py
[2023-05-26 22:12:07,385] {logging_mixin.py:115} INFO - [2023-05-26 22:12:07,385] {dag.py:2379} INFO - Sync 1 DAGs
[2023-05-26 22:12:07,419] {logging_mixin.py:115} INFO - [2023-05-26 22:12:07,419] {dag.py:2927} INFO - Setting next_dagrun for example_trigger_controller_dag to 2021-01-01T00:00:00+00:00, run_after=2021-01-01T00:00:00+00:00
[2023-05-26 22:12:07,457] {processor.py:161} INFO - Processing /home/raf/pipeline-transform/.venv/lib/python3.9/site-packages/airflow/example_dags/example_trigger_controller_dag.py took 0.133 seconds
[2023-05-26 22:12:43,583] {processor.py:153} INFO - Started process (PID=28401) to work on /home/raf/pipeline-transform/.venv/lib/python3.9/site-packages/airflow/example_dags/example_trigger_controller_dag.py
[2023-05-26 22:12:43,589] {processor.py:641} INFO - Processing file /home/raf/pipeline-transform/.venv/lib/python3.9/site-packages/airflow/example_dags/example_trigger_controller_dag.py for tasks to queue
[2023-05-26 22:12:43,590] {logging_mixin.py:115} INFO - [2023-05-26 22:12:43,590] {dagbag.py:507} INFO - Filling up the DagBag from /home/raf/pipeline-transform/.venv/lib/python3.9/site-packages/airflow/example_dags/example_trigger_controller_dag.py
[2023-05-26 22:12:43,593] {processor.py:651} INFO - DAG(s) dict_keys(['example_trigger_controller_dag']) retrieved from /home/raf/pipeline-transform/.venv/lib/python3.9/site-packages/airflow/example_dags/example_trigger_controller_dag.py
[2023-05-26 22:12:43,606] {logging_mixin.py:115} INFO - [2023-05-26 22:12:43,606] {dag.py:2379} INFO - Sync 1 DAGs
[2023-05-26 22:12:43,621] {logging_mixin.py:115} INFO - [2023-05-26 22:12:43,621] {dag.py:2927} INFO - Setting next_dagrun for example_trigger_controller_dag to 2021-01-01T00:00:00+00:00, run_after=2021-01-01T00:00:00+00:00
[2023-05-26 22:12:43,640] {processor.py:161} INFO - Processing /home/raf/pipeline-transform/.venv/lib/python3.9/site-packages/airflow/example_dags/example_trigger_controller_dag.py took 0.059 seconds
[2023-05-26 22:13:19,303] {processor.py:153} INFO - Started process (PID=28540) to work on /home/raf/pipeline-transform/.venv/lib/python3.9/site-packages/airflow/example_dags/example_trigger_controller_dag.py
[2023-05-26 22:13:19,310] {processor.py:641} INFO - Processing file /home/raf/pipeline-transform/.venv/lib/python3.9/site-packages/airflow/example_dags/example_trigger_controller_dag.py for tasks to queue
[2023-05-26 22:13:19,311] {logging_mixin.py:115} INFO - [2023-05-26 22:13:19,311] {dagbag.py:507} INFO - Filling up the DagBag from /home/raf/pipeline-transform/.venv/lib/python3.9/site-packages/airflow/example_dags/example_trigger_controller_dag.py
[2023-05-26 22:13:19,314] {processor.py:651} INFO - DAG(s) dict_keys(['example_trigger_controller_dag']) retrieved from /home/raf/pipeline-transform/.venv/lib/python3.9/site-packages/airflow/example_dags/example_trigger_controller_dag.py
[2023-05-26 22:13:19,328] {logging_mixin.py:115} INFO - [2023-05-26 22:13:19,327] {dag.py:2379} INFO - Sync 1 DAGs
[2023-05-26 22:13:19,344] {logging_mixin.py:115} INFO - [2023-05-26 22:13:19,344] {dag.py:2927} INFO - Setting next_dagrun for example_trigger_controller_dag to 2021-01-01T00:00:00+00:00, run_after=2021-01-01T00:00:00+00:00
[2023-05-26 22:13:19,364] {processor.py:161} INFO - Processing /home/raf/pipeline-transform/.venv/lib/python3.9/site-packages/airflow/example_dags/example_trigger_controller_dag.py took 0.064 seconds
[2023-05-26 22:13:54,624] {processor.py:153} INFO - Started process (PID=28631) to work on /home/raf/pipeline-transform/.venv/lib/python3.9/site-packages/airflow/example_dags/example_trigger_controller_dag.py
[2023-05-26 22:13:54,642] {processor.py:641} INFO - Processing file /home/raf/pipeline-transform/.venv/lib/python3.9/site-packages/airflow/example_dags/example_trigger_controller_dag.py for tasks to queue
[2023-05-26 22:13:54,643] {logging_mixin.py:115} INFO - [2023-05-26 22:13:54,642] {dagbag.py:507} INFO - Filling up the DagBag from /home/raf/pipeline-transform/.venv/lib/python3.9/site-packages/airflow/example_dags/example_trigger_controller_dag.py
[2023-05-26 22:13:54,645] {processor.py:651} INFO - DAG(s) dict_keys(['example_trigger_controller_dag']) retrieved from /home/raf/pipeline-transform/.venv/lib/python3.9/site-packages/airflow/example_dags/example_trigger_controller_dag.py
[2023-05-26 22:13:54,660] {logging_mixin.py:115} INFO - [2023-05-26 22:13:54,660] {dag.py:2379} INFO - Sync 1 DAGs
[2023-05-26 22:13:54,676] {logging_mixin.py:115} INFO - [2023-05-26 22:13:54,675] {dag.py:2927} INFO - Setting next_dagrun for example_trigger_controller_dag to 2021-01-01T00:00:00+00:00, run_after=2021-01-01T00:00:00+00:00
[2023-05-26 22:13:54,694] {processor.py:161} INFO - Processing /home/raf/pipeline-transform/.venv/lib/python3.9/site-packages/airflow/example_dags/example_trigger_controller_dag.py took 0.073 seconds
[2023-05-26 22:14:31,871] {processor.py:153} INFO - Started process (PID=28722) to work on /home/raf/pipeline-transform/.venv/lib/python3.9/site-packages/airflow/example_dags/example_trigger_controller_dag.py
[2023-05-26 22:14:31,875] {processor.py:641} INFO - Processing file /home/raf/pipeline-transform/.venv/lib/python3.9/site-packages/airflow/example_dags/example_trigger_controller_dag.py for tasks to queue
[2023-05-26 22:14:31,876] {logging_mixin.py:115} INFO - [2023-05-26 22:14:31,876] {dagbag.py:507} INFO - Filling up the DagBag from /home/raf/pipeline-transform/.venv/lib/python3.9/site-packages/airflow/example_dags/example_trigger_controller_dag.py
[2023-05-26 22:14:31,881] {processor.py:651} INFO - DAG(s) dict_keys(['example_trigger_controller_dag']) retrieved from /home/raf/pipeline-transform/.venv/lib/python3.9/site-packages/airflow/example_dags/example_trigger_controller_dag.py
[2023-05-26 22:14:31,898] {logging_mixin.py:115} INFO - [2023-05-26 22:14:31,897] {dag.py:2379} INFO - Sync 1 DAGs
[2023-05-26 22:14:31,914] {logging_mixin.py:115} INFO - [2023-05-26 22:14:31,914] {dag.py:2927} INFO - Setting next_dagrun for example_trigger_controller_dag to 2021-01-01T00:00:00+00:00, run_after=2021-01-01T00:00:00+00:00
[2023-05-26 22:14:31,934] {processor.py:161} INFO - Processing /home/raf/pipeline-transform/.venv/lib/python3.9/site-packages/airflow/example_dags/example_trigger_controller_dag.py took 0.066 seconds
[2023-05-26 22:15:06,345] {processor.py:153} INFO - Started process (PID=28809) to work on /home/raf/pipeline-transform/.venv/lib/python3.9/site-packages/airflow/example_dags/example_trigger_controller_dag.py
[2023-05-26 22:15:06,366] {processor.py:641} INFO - Processing file /home/raf/pipeline-transform/.venv/lib/python3.9/site-packages/airflow/example_dags/example_trigger_controller_dag.py for tasks to queue
[2023-05-26 22:15:06,367] {logging_mixin.py:115} INFO - [2023-05-26 22:15:06,367] {dagbag.py:507} INFO - Filling up the DagBag from /home/raf/pipeline-transform/.venv/lib/python3.9/site-packages/airflow/example_dags/example_trigger_controller_dag.py
[2023-05-26 22:15:06,369] {processor.py:651} INFO - DAG(s) dict_keys(['example_trigger_controller_dag']) retrieved from /home/raf/pipeline-transform/.venv/lib/python3.9/site-packages/airflow/example_dags/example_trigger_controller_dag.py
[2023-05-26 22:15:06,383] {logging_mixin.py:115} INFO - [2023-05-26 22:15:06,383] {dag.py:2379} INFO - Sync 1 DAGs
[2023-05-26 22:15:06,397] {logging_mixin.py:115} INFO - [2023-05-26 22:15:06,397] {dag.py:2927} INFO - Setting next_dagrun for example_trigger_controller_dag to 2021-01-01T00:00:00+00:00, run_after=2021-01-01T00:00:00+00:00
[2023-05-26 22:15:06,416] {processor.py:161} INFO - Processing /home/raf/pipeline-transform/.venv/lib/python3.9/site-packages/airflow/example_dags/example_trigger_controller_dag.py took 0.073 seconds
[2023-05-26 22:15:43,299] {processor.py:153} INFO - Started process (PID=28900) to work on /home/raf/pipeline-transform/.venv/lib/python3.9/site-packages/airflow/example_dags/example_trigger_controller_dag.py
[2023-05-26 22:15:43,314] {processor.py:641} INFO - Processing file /home/raf/pipeline-transform/.venv/lib/python3.9/site-packages/airflow/example_dags/example_trigger_controller_dag.py for tasks to queue
[2023-05-26 22:15:43,315] {logging_mixin.py:115} INFO - [2023-05-26 22:15:43,315] {dagbag.py:507} INFO - Filling up the DagBag from /home/raf/pipeline-transform/.venv/lib/python3.9/site-packages/airflow/example_dags/example_trigger_controller_dag.py
[2023-05-26 22:15:43,319] {processor.py:651} INFO - DAG(s) dict_keys(['example_trigger_controller_dag']) retrieved from /home/raf/pipeline-transform/.venv/lib/python3.9/site-packages/airflow/example_dags/example_trigger_controller_dag.py
[2023-05-26 22:15:43,359] {logging_mixin.py:115} INFO - [2023-05-26 22:15:43,358] {dag.py:2379} INFO - Sync 1 DAGs
[2023-05-26 22:15:43,397] {logging_mixin.py:115} INFO - [2023-05-26 22:15:43,397] {dag.py:2927} INFO - Setting next_dagrun for example_trigger_controller_dag to 2021-01-01T00:00:00+00:00, run_after=2021-01-01T00:00:00+00:00
[2023-05-26 22:15:43,460] {processor.py:161} INFO - Processing /home/raf/pipeline-transform/.venv/lib/python3.9/site-packages/airflow/example_dags/example_trigger_controller_dag.py took 0.164 seconds
[2023-05-26 22:16:19,858] {processor.py:153} INFO - Started process (PID=28991) to work on /home/raf/pipeline-transform/.venv/lib/python3.9/site-packages/airflow/example_dags/example_trigger_controller_dag.py
[2023-05-26 22:16:19,882] {processor.py:641} INFO - Processing file /home/raf/pipeline-transform/.venv/lib/python3.9/site-packages/airflow/example_dags/example_trigger_controller_dag.py for tasks to queue
[2023-05-26 22:16:19,882] {logging_mixin.py:115} INFO - [2023-05-26 22:16:19,882] {dagbag.py:507} INFO - Filling up the DagBag from /home/raf/pipeline-transform/.venv/lib/python3.9/site-packages/airflow/example_dags/example_trigger_controller_dag.py
[2023-05-26 22:16:19,885] {processor.py:651} INFO - DAG(s) dict_keys(['example_trigger_controller_dag']) retrieved from /home/raf/pipeline-transform/.venv/lib/python3.9/site-packages/airflow/example_dags/example_trigger_controller_dag.py
[2023-05-26 22:16:19,899] {logging_mixin.py:115} INFO - [2023-05-26 22:16:19,899] {dag.py:2379} INFO - Sync 1 DAGs
[2023-05-26 22:16:19,914] {logging_mixin.py:115} INFO - [2023-05-26 22:16:19,914] {dag.py:2927} INFO - Setting next_dagrun for example_trigger_controller_dag to 2021-01-01T00:00:00+00:00, run_after=2021-01-01T00:00:00+00:00
[2023-05-26 22:16:19,931] {processor.py:161} INFO - Processing /home/raf/pipeline-transform/.venv/lib/python3.9/site-packages/airflow/example_dags/example_trigger_controller_dag.py took 0.075 seconds
[2023-05-26 22:16:56,166] {processor.py:153} INFO - Started process (PID=29079) to work on /home/raf/pipeline-transform/.venv/lib/python3.9/site-packages/airflow/example_dags/example_trigger_controller_dag.py
[2023-05-26 22:16:56,191] {processor.py:641} INFO - Processing file /home/raf/pipeline-transform/.venv/lib/python3.9/site-packages/airflow/example_dags/example_trigger_controller_dag.py for tasks to queue
[2023-05-26 22:16:56,191] {logging_mixin.py:115} INFO - [2023-05-26 22:16:56,191] {dagbag.py:507} INFO - Filling up the DagBag from /home/raf/pipeline-transform/.venv/lib/python3.9/site-packages/airflow/example_dags/example_trigger_controller_dag.py
[2023-05-26 22:16:56,195] {processor.py:651} INFO - DAG(s) dict_keys(['example_trigger_controller_dag']) retrieved from /home/raf/pipeline-transform/.venv/lib/python3.9/site-packages/airflow/example_dags/example_trigger_controller_dag.py
[2023-05-26 22:16:56,216] {logging_mixin.py:115} INFO - [2023-05-26 22:16:56,216] {dag.py:2379} INFO - Sync 1 DAGs
[2023-05-26 22:16:56,232] {logging_mixin.py:115} INFO - [2023-05-26 22:16:56,232] {dag.py:2927} INFO - Setting next_dagrun for example_trigger_controller_dag to 2021-01-01T00:00:00+00:00, run_after=2021-01-01T00:00:00+00:00
[2023-05-26 22:16:56,250] {processor.py:161} INFO - Processing /home/raf/pipeline-transform/.venv/lib/python3.9/site-packages/airflow/example_dags/example_trigger_controller_dag.py took 0.086 seconds
[2023-05-26 22:17:32,964] {processor.py:153} INFO - Started process (PID=29170) to work on /home/raf/pipeline-transform/.venv/lib/python3.9/site-packages/airflow/example_dags/example_trigger_controller_dag.py
[2023-05-26 22:17:32,990] {processor.py:641} INFO - Processing file /home/raf/pipeline-transform/.venv/lib/python3.9/site-packages/airflow/example_dags/example_trigger_controller_dag.py for tasks to queue
[2023-05-26 22:17:32,991] {logging_mixin.py:115} INFO - [2023-05-26 22:17:32,991] {dagbag.py:507} INFO - Filling up the DagBag from /home/raf/pipeline-transform/.venv/lib/python3.9/site-packages/airflow/example_dags/example_trigger_controller_dag.py
[2023-05-26 22:17:32,993] {processor.py:651} INFO - DAG(s) dict_keys(['example_trigger_controller_dag']) retrieved from /home/raf/pipeline-transform/.venv/lib/python3.9/site-packages/airflow/example_dags/example_trigger_controller_dag.py
[2023-05-26 22:17:33,008] {logging_mixin.py:115} INFO - [2023-05-26 22:17:33,008] {dag.py:2379} INFO - Sync 1 DAGs
[2023-05-26 22:17:33,023] {logging_mixin.py:115} INFO - [2023-05-26 22:17:33,023] {dag.py:2927} INFO - Setting next_dagrun for example_trigger_controller_dag to 2021-01-01T00:00:00+00:00, run_after=2021-01-01T00:00:00+00:00
[2023-05-26 22:17:33,043] {processor.py:161} INFO - Processing /home/raf/pipeline-transform/.venv/lib/python3.9/site-packages/airflow/example_dags/example_trigger_controller_dag.py took 0.081 seconds
[2023-05-26 22:18:09,994] {processor.py:153} INFO - Started process (PID=29261) to work on /home/raf/pipeline-transform/.venv/lib/python3.9/site-packages/airflow/example_dags/example_trigger_controller_dag.py
[2023-05-26 22:18:09,997] {processor.py:641} INFO - Processing file /home/raf/pipeline-transform/.venv/lib/python3.9/site-packages/airflow/example_dags/example_trigger_controller_dag.py for tasks to queue
[2023-05-26 22:18:09,998] {logging_mixin.py:115} INFO - [2023-05-26 22:18:09,998] {dagbag.py:507} INFO - Filling up the DagBag from /home/raf/pipeline-transform/.venv/lib/python3.9/site-packages/airflow/example_dags/example_trigger_controller_dag.py
[2023-05-26 22:18:10,000] {processor.py:651} INFO - DAG(s) dict_keys(['example_trigger_controller_dag']) retrieved from /home/raf/pipeline-transform/.venv/lib/python3.9/site-packages/airflow/example_dags/example_trigger_controller_dag.py
[2023-05-26 22:18:10,014] {logging_mixin.py:115} INFO - [2023-05-26 22:18:10,014] {dag.py:2379} INFO - Sync 1 DAGs
[2023-05-26 22:18:10,029] {logging_mixin.py:115} INFO - [2023-05-26 22:18:10,029] {dag.py:2927} INFO - Setting next_dagrun for example_trigger_controller_dag to 2021-01-01T00:00:00+00:00, run_after=2021-01-01T00:00:00+00:00
[2023-05-26 22:18:10,047] {processor.py:161} INFO - Processing /home/raf/pipeline-transform/.venv/lib/python3.9/site-packages/airflow/example_dags/example_trigger_controller_dag.py took 0.055 seconds
[2023-05-26 22:18:45,577] {processor.py:153} INFO - Started process (PID=29401) to work on /home/raf/pipeline-transform/.venv/lib/python3.9/site-packages/airflow/example_dags/example_trigger_controller_dag.py
[2023-05-26 22:18:45,585] {processor.py:641} INFO - Processing file /home/raf/pipeline-transform/.venv/lib/python3.9/site-packages/airflow/example_dags/example_trigger_controller_dag.py for tasks to queue
[2023-05-26 22:18:45,586] {logging_mixin.py:115} INFO - [2023-05-26 22:18:45,586] {dagbag.py:507} INFO - Filling up the DagBag from /home/raf/pipeline-transform/.venv/lib/python3.9/site-packages/airflow/example_dags/example_trigger_controller_dag.py
[2023-05-26 22:18:45,589] {processor.py:651} INFO - DAG(s) dict_keys(['example_trigger_controller_dag']) retrieved from /home/raf/pipeline-transform/.venv/lib/python3.9/site-packages/airflow/example_dags/example_trigger_controller_dag.py
[2023-05-26 22:18:45,603] {logging_mixin.py:115} INFO - [2023-05-26 22:18:45,603] {dag.py:2379} INFO - Sync 1 DAGs
[2023-05-26 22:18:45,619] {logging_mixin.py:115} INFO - [2023-05-26 22:18:45,618] {dag.py:2927} INFO - Setting next_dagrun for example_trigger_controller_dag to 2021-01-01T00:00:00+00:00, run_after=2021-01-01T00:00:00+00:00
[2023-05-26 22:18:45,638] {processor.py:161} INFO - Processing /home/raf/pipeline-transform/.venv/lib/python3.9/site-packages/airflow/example_dags/example_trigger_controller_dag.py took 0.063 seconds
[2023-05-26 22:19:23,493] {processor.py:153} INFO - Started process (PID=29659) to work on /home/raf/pipeline-transform/.venv/lib/python3.9/site-packages/airflow/example_dags/example_trigger_controller_dag.py
[2023-05-26 22:19:23,496] {processor.py:641} INFO - Processing file /home/raf/pipeline-transform/.venv/lib/python3.9/site-packages/airflow/example_dags/example_trigger_controller_dag.py for tasks to queue
[2023-05-26 22:19:23,497] {logging_mixin.py:115} INFO - [2023-05-26 22:19:23,497] {dagbag.py:507} INFO - Filling up the DagBag from /home/raf/pipeline-transform/.venv/lib/python3.9/site-packages/airflow/example_dags/example_trigger_controller_dag.py
[2023-05-26 22:19:23,500] {processor.py:651} INFO - DAG(s) dict_keys(['example_trigger_controller_dag']) retrieved from /home/raf/pipeline-transform/.venv/lib/python3.9/site-packages/airflow/example_dags/example_trigger_controller_dag.py
[2023-05-26 22:19:23,515] {logging_mixin.py:115} INFO - [2023-05-26 22:19:23,515] {dag.py:2379} INFO - Sync 1 DAGs
[2023-05-26 22:19:23,530] {logging_mixin.py:115} INFO - [2023-05-26 22:19:23,530] {dag.py:2927} INFO - Setting next_dagrun for example_trigger_controller_dag to 2021-01-01T00:00:00+00:00, run_after=2021-01-01T00:00:00+00:00
[2023-05-26 22:19:23,552] {processor.py:161} INFO - Processing /home/raf/pipeline-transform/.venv/lib/python3.9/site-packages/airflow/example_dags/example_trigger_controller_dag.py took 0.062 seconds
[2023-05-26 22:20:01,424] {processor.py:153} INFO - Started process (PID=29857) to work on /home/raf/pipeline-transform/.venv/lib/python3.9/site-packages/airflow/example_dags/example_trigger_controller_dag.py
[2023-05-26 22:20:01,434] {processor.py:641} INFO - Processing file /home/raf/pipeline-transform/.venv/lib/python3.9/site-packages/airflow/example_dags/example_trigger_controller_dag.py for tasks to queue
[2023-05-26 22:20:01,434] {logging_mixin.py:115} INFO - [2023-05-26 22:20:01,434] {dagbag.py:507} INFO - Filling up the DagBag from /home/raf/pipeline-transform/.venv/lib/python3.9/site-packages/airflow/example_dags/example_trigger_controller_dag.py
[2023-05-26 22:20:01,439] {processor.py:651} INFO - DAG(s) dict_keys(['example_trigger_controller_dag']) retrieved from /home/raf/pipeline-transform/.venv/lib/python3.9/site-packages/airflow/example_dags/example_trigger_controller_dag.py
[2023-05-26 22:20:01,456] {logging_mixin.py:115} INFO - [2023-05-26 22:20:01,456] {dag.py:2379} INFO - Sync 1 DAGs
[2023-05-26 22:20:01,473] {logging_mixin.py:115} INFO - [2023-05-26 22:20:01,473] {dag.py:2927} INFO - Setting next_dagrun for example_trigger_controller_dag to 2021-01-01T00:00:00+00:00, run_after=2021-01-01T00:00:00+00:00
[2023-05-26 22:20:01,503] {processor.py:161} INFO - Processing /home/raf/pipeline-transform/.venv/lib/python3.9/site-packages/airflow/example_dags/example_trigger_controller_dag.py took 0.083 seconds
[2023-05-26 22:20:46,057] {processor.py:153} INFO - Started process (PID=30267) to work on /home/raf/pipeline-transform/.venv/lib/python3.9/site-packages/airflow/example_dags/example_trigger_controller_dag.py
[2023-05-26 22:20:46,068] {processor.py:641} INFO - Processing file /home/raf/pipeline-transform/.venv/lib/python3.9/site-packages/airflow/example_dags/example_trigger_controller_dag.py for tasks to queue
[2023-05-26 22:20:46,069] {logging_mixin.py:115} INFO - [2023-05-26 22:20:46,068] {dagbag.py:507} INFO - Filling up the DagBag from /home/raf/pipeline-transform/.venv/lib/python3.9/site-packages/airflow/example_dags/example_trigger_controller_dag.py
[2023-05-26 22:20:46,073] {processor.py:651} INFO - DAG(s) dict_keys(['example_trigger_controller_dag']) retrieved from /home/raf/pipeline-transform/.venv/lib/python3.9/site-packages/airflow/example_dags/example_trigger_controller_dag.py
[2023-05-26 22:20:46,091] {logging_mixin.py:115} INFO - [2023-05-26 22:20:46,091] {dag.py:2379} INFO - Sync 1 DAGs
[2023-05-26 22:20:46,124] {logging_mixin.py:115} INFO - [2023-05-26 22:20:46,123] {dag.py:2927} INFO - Setting next_dagrun for example_trigger_controller_dag to 2021-01-01T00:00:00+00:00, run_after=2021-01-01T00:00:00+00:00
[2023-05-26 22:20:46,149] {processor.py:161} INFO - Processing /home/raf/pipeline-transform/.venv/lib/python3.9/site-packages/airflow/example_dags/example_trigger_controller_dag.py took 0.096 seconds
[2023-05-26 22:21:20,120] {processor.py:153} INFO - Started process (PID=30557) to work on /home/raf/pipeline-transform/.venv/lib/python3.9/site-packages/airflow/example_dags/example_trigger_controller_dag.py
[2023-05-26 22:21:20,124] {processor.py:641} INFO - Processing file /home/raf/pipeline-transform/.venv/lib/python3.9/site-packages/airflow/example_dags/example_trigger_controller_dag.py for tasks to queue
[2023-05-26 22:21:20,125] {logging_mixin.py:115} INFO - [2023-05-26 22:21:20,125] {dagbag.py:507} INFO - Filling up the DagBag from /home/raf/pipeline-transform/.venv/lib/python3.9/site-packages/airflow/example_dags/example_trigger_controller_dag.py
[2023-05-26 22:21:20,127] {processor.py:651} INFO - DAG(s) dict_keys(['example_trigger_controller_dag']) retrieved from /home/raf/pipeline-transform/.venv/lib/python3.9/site-packages/airflow/example_dags/example_trigger_controller_dag.py
[2023-05-26 22:21:20,141] {logging_mixin.py:115} INFO - [2023-05-26 22:21:20,140] {dag.py:2379} INFO - Sync 1 DAGs
[2023-05-26 22:21:20,155] {logging_mixin.py:115} INFO - [2023-05-26 22:21:20,155] {dag.py:2927} INFO - Setting next_dagrun for example_trigger_controller_dag to 2021-01-01T00:00:00+00:00, run_after=2021-01-01T00:00:00+00:00
[2023-05-26 22:21:20,174] {processor.py:161} INFO - Processing /home/raf/pipeline-transform/.venv/lib/python3.9/site-packages/airflow/example_dags/example_trigger_controller_dag.py took 0.056 seconds
[2023-05-26 22:21:58,164] {processor.py:153} INFO - Started process (PID=30784) to work on /home/raf/pipeline-transform/.venv/lib/python3.9/site-packages/airflow/example_dags/example_trigger_controller_dag.py
[2023-05-26 22:21:58,179] {processor.py:641} INFO - Processing file /home/raf/pipeline-transform/.venv/lib/python3.9/site-packages/airflow/example_dags/example_trigger_controller_dag.py for tasks to queue
[2023-05-26 22:21:58,180] {logging_mixin.py:115} INFO - [2023-05-26 22:21:58,180] {dagbag.py:507} INFO - Filling up the DagBag from /home/raf/pipeline-transform/.venv/lib/python3.9/site-packages/airflow/example_dags/example_trigger_controller_dag.py
[2023-05-26 22:21:58,184] {processor.py:651} INFO - DAG(s) dict_keys(['example_trigger_controller_dag']) retrieved from /home/raf/pipeline-transform/.venv/lib/python3.9/site-packages/airflow/example_dags/example_trigger_controller_dag.py
[2023-05-26 22:21:58,207] {logging_mixin.py:115} INFO - [2023-05-26 22:21:58,207] {dag.py:2379} INFO - Sync 1 DAGs
[2023-05-26 22:21:58,232] {logging_mixin.py:115} INFO - [2023-05-26 22:21:58,232] {dag.py:2927} INFO - Setting next_dagrun for example_trigger_controller_dag to 2021-01-01T00:00:00+00:00, run_after=2021-01-01T00:00:00+00:00
[2023-05-26 22:21:58,255] {processor.py:161} INFO - Processing /home/raf/pipeline-transform/.venv/lib/python3.9/site-packages/airflow/example_dags/example_trigger_controller_dag.py took 0.095 seconds
[2023-05-26 22:22:36,327] {processor.py:153} INFO - Started process (PID=31059) to work on /home/raf/pipeline-transform/.venv/lib/python3.9/site-packages/airflow/example_dags/example_trigger_controller_dag.py
[2023-05-26 22:22:36,346] {processor.py:641} INFO - Processing file /home/raf/pipeline-transform/.venv/lib/python3.9/site-packages/airflow/example_dags/example_trigger_controller_dag.py for tasks to queue
[2023-05-26 22:22:36,347] {logging_mixin.py:115} INFO - [2023-05-26 22:22:36,346] {dagbag.py:507} INFO - Filling up the DagBag from /home/raf/pipeline-transform/.venv/lib/python3.9/site-packages/airflow/example_dags/example_trigger_controller_dag.py
[2023-05-26 22:22:36,349] {processor.py:651} INFO - DAG(s) dict_keys(['example_trigger_controller_dag']) retrieved from /home/raf/pipeline-transform/.venv/lib/python3.9/site-packages/airflow/example_dags/example_trigger_controller_dag.py
[2023-05-26 22:22:36,363] {logging_mixin.py:115} INFO - [2023-05-26 22:22:36,362] {dag.py:2379} INFO - Sync 1 DAGs
[2023-05-26 22:22:36,377] {logging_mixin.py:115} INFO - [2023-05-26 22:22:36,377] {dag.py:2927} INFO - Setting next_dagrun for example_trigger_controller_dag to 2021-01-01T00:00:00+00:00, run_after=2021-01-01T00:00:00+00:00
[2023-05-26 22:22:36,397] {processor.py:161} INFO - Processing /home/raf/pipeline-transform/.venv/lib/python3.9/site-packages/airflow/example_dags/example_trigger_controller_dag.py took 0.072 seconds
[2023-05-26 22:23:12,491] {processor.py:153} INFO - Started process (PID=31155) to work on /home/raf/pipeline-transform/.venv/lib/python3.9/site-packages/airflow/example_dags/example_trigger_controller_dag.py
[2023-05-26 22:23:12,512] {processor.py:641} INFO - Processing file /home/raf/pipeline-transform/.venv/lib/python3.9/site-packages/airflow/example_dags/example_trigger_controller_dag.py for tasks to queue
[2023-05-26 22:23:12,512] {logging_mixin.py:115} INFO - [2023-05-26 22:23:12,512] {dagbag.py:507} INFO - Filling up the DagBag from /home/raf/pipeline-transform/.venv/lib/python3.9/site-packages/airflow/example_dags/example_trigger_controller_dag.py
[2023-05-26 22:23:12,515] {processor.py:651} INFO - DAG(s) dict_keys(['example_trigger_controller_dag']) retrieved from /home/raf/pipeline-transform/.venv/lib/python3.9/site-packages/airflow/example_dags/example_trigger_controller_dag.py
[2023-05-26 22:23:12,529] {logging_mixin.py:115} INFO - [2023-05-26 22:23:12,529] {dag.py:2379} INFO - Sync 1 DAGs
[2023-05-26 22:23:12,544] {logging_mixin.py:115} INFO - [2023-05-26 22:23:12,543] {dag.py:2927} INFO - Setting next_dagrun for example_trigger_controller_dag to 2021-01-01T00:00:00+00:00, run_after=2021-01-01T00:00:00+00:00
[2023-05-26 22:23:12,562] {processor.py:161} INFO - Processing /home/raf/pipeline-transform/.venv/lib/python3.9/site-packages/airflow/example_dags/example_trigger_controller_dag.py took 0.073 seconds
[2023-05-26 22:23:47,046] {processor.py:153} INFO - Started process (PID=31242) to work on /home/raf/pipeline-transform/.venv/lib/python3.9/site-packages/airflow/example_dags/example_trigger_controller_dag.py
[2023-05-26 22:23:47,052] {processor.py:641} INFO - Processing file /home/raf/pipeline-transform/.venv/lib/python3.9/site-packages/airflow/example_dags/example_trigger_controller_dag.py for tasks to queue
[2023-05-26 22:23:47,052] {logging_mixin.py:115} INFO - [2023-05-26 22:23:47,052] {dagbag.py:507} INFO - Filling up the DagBag from /home/raf/pipeline-transform/.venv/lib/python3.9/site-packages/airflow/example_dags/example_trigger_controller_dag.py
[2023-05-26 22:23:47,055] {processor.py:651} INFO - DAG(s) dict_keys(['example_trigger_controller_dag']) retrieved from /home/raf/pipeline-transform/.venv/lib/python3.9/site-packages/airflow/example_dags/example_trigger_controller_dag.py
[2023-05-26 22:23:47,069] {logging_mixin.py:115} INFO - [2023-05-26 22:23:47,069] {dag.py:2379} INFO - Sync 1 DAGs
[2023-05-26 22:23:47,085] {logging_mixin.py:115} INFO - [2023-05-26 22:23:47,085] {dag.py:2927} INFO - Setting next_dagrun for example_trigger_controller_dag to 2021-01-01T00:00:00+00:00, run_after=2021-01-01T00:00:00+00:00
[2023-05-26 22:23:47,103] {processor.py:161} INFO - Processing /home/raf/pipeline-transform/.venv/lib/python3.9/site-packages/airflow/example_dags/example_trigger_controller_dag.py took 0.059 seconds
[2023-05-26 22:24:24,146] {processor.py:153} INFO - Started process (PID=31336) to work on /home/raf/pipeline-transform/.venv/lib/python3.9/site-packages/airflow/example_dags/example_trigger_controller_dag.py
[2023-05-26 22:24:24,168] {processor.py:641} INFO - Processing file /home/raf/pipeline-transform/.venv/lib/python3.9/site-packages/airflow/example_dags/example_trigger_controller_dag.py for tasks to queue
[2023-05-26 22:24:24,169] {logging_mixin.py:115} INFO - [2023-05-26 22:24:24,169] {dagbag.py:507} INFO - Filling up the DagBag from /home/raf/pipeline-transform/.venv/lib/python3.9/site-packages/airflow/example_dags/example_trigger_controller_dag.py
[2023-05-26 22:24:24,171] {processor.py:651} INFO - DAG(s) dict_keys(['example_trigger_controller_dag']) retrieved from /home/raf/pipeline-transform/.venv/lib/python3.9/site-packages/airflow/example_dags/example_trigger_controller_dag.py
[2023-05-26 22:24:24,187] {logging_mixin.py:115} INFO - [2023-05-26 22:24:24,187] {dag.py:2379} INFO - Sync 1 DAGs
[2023-05-26 22:24:24,205] {logging_mixin.py:115} INFO - [2023-05-26 22:24:24,205] {dag.py:2927} INFO - Setting next_dagrun for example_trigger_controller_dag to 2021-01-01T00:00:00+00:00, run_after=2021-01-01T00:00:00+00:00
[2023-05-26 22:24:24,229] {processor.py:161} INFO - Processing /home/raf/pipeline-transform/.venv/lib/python3.9/site-packages/airflow/example_dags/example_trigger_controller_dag.py took 0.087 seconds
[2023-05-26 22:24:59,548] {processor.py:153} INFO - Started process (PID=31422) to work on /home/raf/pipeline-transform/.venv/lib/python3.9/site-packages/airflow/example_dags/example_trigger_controller_dag.py
[2023-05-26 22:24:59,572] {processor.py:641} INFO - Processing file /home/raf/pipeline-transform/.venv/lib/python3.9/site-packages/airflow/example_dags/example_trigger_controller_dag.py for tasks to queue
[2023-05-26 22:24:59,573] {logging_mixin.py:115} INFO - [2023-05-26 22:24:59,573] {dagbag.py:507} INFO - Filling up the DagBag from /home/raf/pipeline-transform/.venv/lib/python3.9/site-packages/airflow/example_dags/example_trigger_controller_dag.py
[2023-05-26 22:24:59,576] {processor.py:651} INFO - DAG(s) dict_keys(['example_trigger_controller_dag']) retrieved from /home/raf/pipeline-transform/.venv/lib/python3.9/site-packages/airflow/example_dags/example_trigger_controller_dag.py
[2023-05-26 22:24:59,591] {logging_mixin.py:115} INFO - [2023-05-26 22:24:59,591] {dag.py:2379} INFO - Sync 1 DAGs
[2023-05-26 22:24:59,607] {logging_mixin.py:115} INFO - [2023-05-26 22:24:59,607] {dag.py:2927} INFO - Setting next_dagrun for example_trigger_controller_dag to 2021-01-01T00:00:00+00:00, run_after=2021-01-01T00:00:00+00:00
[2023-05-26 22:24:59,625] {processor.py:161} INFO - Processing /home/raf/pipeline-transform/.venv/lib/python3.9/site-packages/airflow/example_dags/example_trigger_controller_dag.py took 0.080 seconds
[2023-05-26 22:25:37,829] {processor.py:153} INFO - Started process (PID=31659) to work on /home/raf/pipeline-transform/.venv/lib/python3.9/site-packages/airflow/example_dags/example_trigger_controller_dag.py
[2023-05-26 22:25:37,834] {processor.py:641} INFO - Processing file /home/raf/pipeline-transform/.venv/lib/python3.9/site-packages/airflow/example_dags/example_trigger_controller_dag.py for tasks to queue
[2023-05-26 22:25:37,835] {logging_mixin.py:115} INFO - [2023-05-26 22:25:37,835] {dagbag.py:507} INFO - Filling up the DagBag from /home/raf/pipeline-transform/.venv/lib/python3.9/site-packages/airflow/example_dags/example_trigger_controller_dag.py
[2023-05-26 22:25:37,839] {processor.py:651} INFO - DAG(s) dict_keys(['example_trigger_controller_dag']) retrieved from /home/raf/pipeline-transform/.venv/lib/python3.9/site-packages/airflow/example_dags/example_trigger_controller_dag.py
[2023-05-26 22:25:37,856] {logging_mixin.py:115} INFO - [2023-05-26 22:25:37,856] {dag.py:2379} INFO - Sync 1 DAGs
[2023-05-26 22:25:37,874] {logging_mixin.py:115} INFO - [2023-05-26 22:25:37,874] {dag.py:2927} INFO - Setting next_dagrun for example_trigger_controller_dag to 2021-01-01T00:00:00+00:00, run_after=2021-01-01T00:00:00+00:00
[2023-05-26 22:25:37,897] {processor.py:161} INFO - Processing /home/raf/pipeline-transform/.venv/lib/python3.9/site-packages/airflow/example_dags/example_trigger_controller_dag.py took 0.071 seconds
[2023-05-26 22:26:19,219] {processor.py:153} INFO - Started process (PID=31881) to work on /home/raf/pipeline-transform/.venv/lib/python3.9/site-packages/airflow/example_dags/example_trigger_controller_dag.py
[2023-05-26 22:26:19,222] {processor.py:641} INFO - Processing file /home/raf/pipeline-transform/.venv/lib/python3.9/site-packages/airflow/example_dags/example_trigger_controller_dag.py for tasks to queue
[2023-05-26 22:26:19,223] {logging_mixin.py:115} INFO - [2023-05-26 22:26:19,222] {dagbag.py:507} INFO - Filling up the DagBag from /home/raf/pipeline-transform/.venv/lib/python3.9/site-packages/airflow/example_dags/example_trigger_controller_dag.py
[2023-05-26 22:26:19,226] {processor.py:651} INFO - DAG(s) dict_keys(['example_trigger_controller_dag']) retrieved from /home/raf/pipeline-transform/.venv/lib/python3.9/site-packages/airflow/example_dags/example_trigger_controller_dag.py
[2023-05-26 22:26:19,242] {logging_mixin.py:115} INFO - [2023-05-26 22:26:19,242] {dag.py:2379} INFO - Sync 1 DAGs
[2023-05-26 22:26:19,258] {logging_mixin.py:115} INFO - [2023-05-26 22:26:19,258] {dag.py:2927} INFO - Setting next_dagrun for example_trigger_controller_dag to 2021-01-01T00:00:00+00:00, run_after=2021-01-01T00:00:00+00:00
[2023-05-26 22:26:19,279] {processor.py:161} INFO - Processing /home/raf/pipeline-transform/.venv/lib/python3.9/site-packages/airflow/example_dags/example_trigger_controller_dag.py took 0.063 seconds
[2023-05-26 22:26:57,519] {processor.py:153} INFO - Started process (PID=31988) to work on /home/raf/pipeline-transform/.venv/lib/python3.9/site-packages/airflow/example_dags/example_trigger_controller_dag.py
[2023-05-26 22:26:57,537] {processor.py:641} INFO - Processing file /home/raf/pipeline-transform/.venv/lib/python3.9/site-packages/airflow/example_dags/example_trigger_controller_dag.py for tasks to queue
[2023-05-26 22:26:57,538] {logging_mixin.py:115} INFO - [2023-05-26 22:26:57,538] {dagbag.py:507} INFO - Filling up the DagBag from /home/raf/pipeline-transform/.venv/lib/python3.9/site-packages/airflow/example_dags/example_trigger_controller_dag.py
[2023-05-26 22:26:57,541] {processor.py:651} INFO - DAG(s) dict_keys(['example_trigger_controller_dag']) retrieved from /home/raf/pipeline-transform/.venv/lib/python3.9/site-packages/airflow/example_dags/example_trigger_controller_dag.py
[2023-05-26 22:26:57,555] {logging_mixin.py:115} INFO - [2023-05-26 22:26:57,555] {dag.py:2379} INFO - Sync 1 DAGs
[2023-05-26 22:26:57,569] {logging_mixin.py:115} INFO - [2023-05-26 22:26:57,569] {dag.py:2927} INFO - Setting next_dagrun for example_trigger_controller_dag to 2021-01-01T00:00:00+00:00, run_after=2021-01-01T00:00:00+00:00
[2023-05-26 22:26:57,588] {processor.py:161} INFO - Processing /home/raf/pipeline-transform/.venv/lib/python3.9/site-packages/airflow/example_dags/example_trigger_controller_dag.py took 0.071 seconds
[2023-05-26 22:27:34,538] {processor.py:153} INFO - Started process (PID=32119) to work on /home/raf/pipeline-transform/.venv/lib/python3.9/site-packages/airflow/example_dags/example_trigger_controller_dag.py
[2023-05-26 22:27:34,541] {processor.py:641} INFO - Processing file /home/raf/pipeline-transform/.venv/lib/python3.9/site-packages/airflow/example_dags/example_trigger_controller_dag.py for tasks to queue
[2023-05-26 22:27:34,542] {logging_mixin.py:115} INFO - [2023-05-26 22:27:34,541] {dagbag.py:507} INFO - Filling up the DagBag from /home/raf/pipeline-transform/.venv/lib/python3.9/site-packages/airflow/example_dags/example_trigger_controller_dag.py
[2023-05-26 22:27:34,546] {processor.py:651} INFO - DAG(s) dict_keys(['example_trigger_controller_dag']) retrieved from /home/raf/pipeline-transform/.venv/lib/python3.9/site-packages/airflow/example_dags/example_trigger_controller_dag.py
[2023-05-26 22:27:34,562] {logging_mixin.py:115} INFO - [2023-05-26 22:27:34,562] {dag.py:2379} INFO - Sync 1 DAGs
[2023-05-26 22:27:34,578] {logging_mixin.py:115} INFO - [2023-05-26 22:27:34,578] {dag.py:2927} INFO - Setting next_dagrun for example_trigger_controller_dag to 2021-01-01T00:00:00+00:00, run_after=2021-01-01T00:00:00+00:00
[2023-05-26 22:27:34,600] {processor.py:161} INFO - Processing /home/raf/pipeline-transform/.venv/lib/python3.9/site-packages/airflow/example_dags/example_trigger_controller_dag.py took 0.064 seconds
[2023-05-26 22:28:15,187] {processor.py:153} INFO - Started process (PID=32260) to work on /home/raf/pipeline-transform/.venv/lib/python3.9/site-packages/airflow/example_dags/example_trigger_controller_dag.py
[2023-05-26 22:28:15,208] {processor.py:641} INFO - Processing file /home/raf/pipeline-transform/.venv/lib/python3.9/site-packages/airflow/example_dags/example_trigger_controller_dag.py for tasks to queue
[2023-05-26 22:28:15,209] {logging_mixin.py:115} INFO - [2023-05-26 22:28:15,208] {dagbag.py:507} INFO - Filling up the DagBag from /home/raf/pipeline-transform/.venv/lib/python3.9/site-packages/airflow/example_dags/example_trigger_controller_dag.py
[2023-05-26 22:28:15,211] {processor.py:651} INFO - DAG(s) dict_keys(['example_trigger_controller_dag']) retrieved from /home/raf/pipeline-transform/.venv/lib/python3.9/site-packages/airflow/example_dags/example_trigger_controller_dag.py
[2023-05-26 22:28:15,226] {logging_mixin.py:115} INFO - [2023-05-26 22:28:15,226] {dag.py:2379} INFO - Sync 1 DAGs
[2023-05-26 22:28:15,241] {logging_mixin.py:115} INFO - [2023-05-26 22:28:15,241] {dag.py:2927} INFO - Setting next_dagrun for example_trigger_controller_dag to 2021-01-01T00:00:00+00:00, run_after=2021-01-01T00:00:00+00:00
[2023-05-26 22:28:15,261] {processor.py:161} INFO - Processing /home/raf/pipeline-transform/.venv/lib/python3.9/site-packages/airflow/example_dags/example_trigger_controller_dag.py took 0.077 seconds
[2023-05-26 22:28:52,756] {processor.py:153} INFO - Started process (PID=32355) to work on /home/raf/pipeline-transform/.venv/lib/python3.9/site-packages/airflow/example_dags/example_trigger_controller_dag.py
[2023-05-26 22:28:52,778] {processor.py:641} INFO - Processing file /home/raf/pipeline-transform/.venv/lib/python3.9/site-packages/airflow/example_dags/example_trigger_controller_dag.py for tasks to queue
[2023-05-26 22:28:52,778] {logging_mixin.py:115} INFO - [2023-05-26 22:28:52,778] {dagbag.py:507} INFO - Filling up the DagBag from /home/raf/pipeline-transform/.venv/lib/python3.9/site-packages/airflow/example_dags/example_trigger_controller_dag.py
[2023-05-26 22:28:52,781] {processor.py:651} INFO - DAG(s) dict_keys(['example_trigger_controller_dag']) retrieved from /home/raf/pipeline-transform/.venv/lib/python3.9/site-packages/airflow/example_dags/example_trigger_controller_dag.py
[2023-05-26 22:28:52,800] {logging_mixin.py:115} INFO - [2023-05-26 22:28:52,800] {dag.py:2379} INFO - Sync 1 DAGs
[2023-05-26 22:28:52,823] {logging_mixin.py:115} INFO - [2023-05-26 22:28:52,823] {dag.py:2927} INFO - Setting next_dagrun for example_trigger_controller_dag to 2021-01-01T00:00:00+00:00, run_after=2021-01-01T00:00:00+00:00
[2023-05-26 22:28:52,848] {processor.py:161} INFO - Processing /home/raf/pipeline-transform/.venv/lib/python3.9/site-packages/airflow/example_dags/example_trigger_controller_dag.py took 0.097 seconds
[2023-05-26 22:29:32,733] {processor.py:153} INFO - Started process (PID=32457) to work on /home/raf/pipeline-transform/.venv/lib/python3.9/site-packages/airflow/example_dags/example_trigger_controller_dag.py
[2023-05-26 22:29:32,756] {processor.py:641} INFO - Processing file /home/raf/pipeline-transform/.venv/lib/python3.9/site-packages/airflow/example_dags/example_trigger_controller_dag.py for tasks to queue
[2023-05-26 22:29:32,757] {logging_mixin.py:115} INFO - [2023-05-26 22:29:32,756] {dagbag.py:507} INFO - Filling up the DagBag from /home/raf/pipeline-transform/.venv/lib/python3.9/site-packages/airflow/example_dags/example_trigger_controller_dag.py
[2023-05-26 22:29:32,761] {processor.py:651} INFO - DAG(s) dict_keys(['example_trigger_controller_dag']) retrieved from /home/raf/pipeline-transform/.venv/lib/python3.9/site-packages/airflow/example_dags/example_trigger_controller_dag.py
[2023-05-26 22:29:32,776] {logging_mixin.py:115} INFO - [2023-05-26 22:29:32,776] {dag.py:2379} INFO - Sync 1 DAGs
[2023-05-26 22:29:32,792] {logging_mixin.py:115} INFO - [2023-05-26 22:29:32,792] {dag.py:2927} INFO - Setting next_dagrun for example_trigger_controller_dag to 2021-01-01T00:00:00+00:00, run_after=2021-01-01T00:00:00+00:00
[2023-05-26 22:29:32,815] {processor.py:161} INFO - Processing /home/raf/pipeline-transform/.venv/lib/python3.9/site-packages/airflow/example_dags/example_trigger_controller_dag.py took 0.086 seconds
[2023-05-26 22:30:09,353] {processor.py:153} INFO - Started process (PID=32547) to work on /home/raf/pipeline-transform/.venv/lib/python3.9/site-packages/airflow/example_dags/example_trigger_controller_dag.py
[2023-05-26 22:30:09,365] {processor.py:641} INFO - Processing file /home/raf/pipeline-transform/.venv/lib/python3.9/site-packages/airflow/example_dags/example_trigger_controller_dag.py for tasks to queue
[2023-05-26 22:30:09,366] {logging_mixin.py:115} INFO - [2023-05-26 22:30:09,366] {dagbag.py:507} INFO - Filling up the DagBag from /home/raf/pipeline-transform/.venv/lib/python3.9/site-packages/airflow/example_dags/example_trigger_controller_dag.py
[2023-05-26 22:30:09,372] {processor.py:651} INFO - DAG(s) dict_keys(['example_trigger_controller_dag']) retrieved from /home/raf/pipeline-transform/.venv/lib/python3.9/site-packages/airflow/example_dags/example_trigger_controller_dag.py
[2023-05-26 22:30:09,449] {logging_mixin.py:115} INFO - [2023-05-26 22:30:09,448] {dag.py:2379} INFO - Sync 1 DAGs
[2023-05-26 22:30:09,474] {logging_mixin.py:115} INFO - [2023-05-26 22:30:09,474] {dag.py:2927} INFO - Setting next_dagrun for example_trigger_controller_dag to 2021-01-01T00:00:00+00:00, run_after=2021-01-01T00:00:00+00:00
[2023-05-26 22:30:09,548] {processor.py:161} INFO - Processing /home/raf/pipeline-transform/.venv/lib/python3.9/site-packages/airflow/example_dags/example_trigger_controller_dag.py took 0.200 seconds
[2023-05-26 22:30:47,197] {processor.py:153} INFO - Started process (PID=32766) to work on /home/raf/pipeline-transform/.venv/lib/python3.9/site-packages/airflow/example_dags/example_trigger_controller_dag.py
[2023-05-26 22:30:47,223] {processor.py:641} INFO - Processing file /home/raf/pipeline-transform/.venv/lib/python3.9/site-packages/airflow/example_dags/example_trigger_controller_dag.py for tasks to queue
[2023-05-26 22:30:47,224] {logging_mixin.py:115} INFO - [2023-05-26 22:30:47,224] {dagbag.py:507} INFO - Filling up the DagBag from /home/raf/pipeline-transform/.venv/lib/python3.9/site-packages/airflow/example_dags/example_trigger_controller_dag.py
[2023-05-26 22:30:47,227] {processor.py:651} INFO - DAG(s) dict_keys(['example_trigger_controller_dag']) retrieved from /home/raf/pipeline-transform/.venv/lib/python3.9/site-packages/airflow/example_dags/example_trigger_controller_dag.py
[2023-05-26 22:30:47,241] {logging_mixin.py:115} INFO - [2023-05-26 22:30:47,241] {dag.py:2379} INFO - Sync 1 DAGs
[2023-05-26 22:30:47,255] {logging_mixin.py:115} INFO - [2023-05-26 22:30:47,255] {dag.py:2927} INFO - Setting next_dagrun for example_trigger_controller_dag to 2021-01-01T00:00:00+00:00, run_after=2021-01-01T00:00:00+00:00
[2023-05-26 22:30:47,277] {processor.py:161} INFO - Processing /home/raf/pipeline-transform/.venv/lib/python3.9/site-packages/airflow/example_dags/example_trigger_controller_dag.py took 0.082 seconds
[2023-05-26 22:31:28,464] {processor.py:153} INFO - Started process (PID=434) to work on /home/raf/pipeline-transform/.venv/lib/python3.9/site-packages/airflow/example_dags/example_trigger_controller_dag.py
[2023-05-26 22:31:28,468] {processor.py:641} INFO - Processing file /home/raf/pipeline-transform/.venv/lib/python3.9/site-packages/airflow/example_dags/example_trigger_controller_dag.py for tasks to queue
[2023-05-26 22:31:28,468] {logging_mixin.py:115} INFO - [2023-05-26 22:31:28,468] {dagbag.py:507} INFO - Filling up the DagBag from /home/raf/pipeline-transform/.venv/lib/python3.9/site-packages/airflow/example_dags/example_trigger_controller_dag.py
[2023-05-26 22:31:28,471] {processor.py:651} INFO - DAG(s) dict_keys(['example_trigger_controller_dag']) retrieved from /home/raf/pipeline-transform/.venv/lib/python3.9/site-packages/airflow/example_dags/example_trigger_controller_dag.py
[2023-05-26 22:31:28,485] {logging_mixin.py:115} INFO - [2023-05-26 22:31:28,485] {dag.py:2379} INFO - Sync 1 DAGs
[2023-05-26 22:31:28,500] {logging_mixin.py:115} INFO - [2023-05-26 22:31:28,500] {dag.py:2927} INFO - Setting next_dagrun for example_trigger_controller_dag to 2021-01-01T00:00:00+00:00, run_after=2021-01-01T00:00:00+00:00
[2023-05-26 22:31:28,524] {processor.py:161} INFO - Processing /home/raf/pipeline-transform/.venv/lib/python3.9/site-packages/airflow/example_dags/example_trigger_controller_dag.py took 0.063 seconds
[2023-05-26 22:32:02,931] {processor.py:153} INFO - Started process (PID=620) to work on /home/raf/pipeline-transform/.venv/lib/python3.9/site-packages/airflow/example_dags/example_trigger_controller_dag.py
[2023-05-26 22:32:02,936] {processor.py:641} INFO - Processing file /home/raf/pipeline-transform/.venv/lib/python3.9/site-packages/airflow/example_dags/example_trigger_controller_dag.py for tasks to queue
[2023-05-26 22:32:02,937] {logging_mixin.py:115} INFO - [2023-05-26 22:32:02,937] {dagbag.py:507} INFO - Filling up the DagBag from /home/raf/pipeline-transform/.venv/lib/python3.9/site-packages/airflow/example_dags/example_trigger_controller_dag.py
[2023-05-26 22:32:02,939] {processor.py:651} INFO - DAG(s) dict_keys(['example_trigger_controller_dag']) retrieved from /home/raf/pipeline-transform/.venv/lib/python3.9/site-packages/airflow/example_dags/example_trigger_controller_dag.py
[2023-05-26 22:32:02,953] {logging_mixin.py:115} INFO - [2023-05-26 22:32:02,953] {dag.py:2379} INFO - Sync 1 DAGs
[2023-05-26 22:32:02,970] {logging_mixin.py:115} INFO - [2023-05-26 22:32:02,970] {dag.py:2927} INFO - Setting next_dagrun for example_trigger_controller_dag to 2021-01-01T00:00:00+00:00, run_after=2021-01-01T00:00:00+00:00
[2023-05-26 22:32:02,991] {processor.py:161} INFO - Processing /home/raf/pipeline-transform/.venv/lib/python3.9/site-packages/airflow/example_dags/example_trigger_controller_dag.py took 0.062 seconds
