[2023-05-26 22:03:33,269] {processor.py:153} INFO - Started process (PID=25969) to work on /home/raf/pipeline-transform/.venv/lib/python3.9/site-packages/airflow/example_dags/example_python_operator.py
[2023-05-26 22:03:33,270] {processor.py:641} INFO - Processing file /home/raf/pipeline-transform/.venv/lib/python3.9/site-packages/airflow/example_dags/example_python_operator.py for tasks to queue
[2023-05-26 22:03:33,270] {logging_mixin.py:115} INFO - [2023-05-26 22:03:33,270] {dagbag.py:507} INFO - Filling up the DagBag from /home/raf/pipeline-transform/.venv/lib/python3.9/site-packages/airflow/example_dags/example_python_operator.py
[2023-05-26 22:03:33,288] {processor.py:651} INFO - DAG(s) dict_keys(['example_python_operator']) retrieved from /home/raf/pipeline-transform/.venv/lib/python3.9/site-packages/airflow/example_dags/example_python_operator.py
[2023-05-26 22:03:33,328] {logging_mixin.py:115} INFO - [2023-05-26 22:03:33,328] {dag.py:2379} INFO - Sync 1 DAGs
[2023-05-26 22:03:33,348] {logging_mixin.py:115} INFO - [2023-05-26 22:03:33,348] {dag.py:2927} INFO - Setting next_dagrun for example_python_operator to None, run_after=None
[2023-05-26 22:03:33,537] {processor.py:161} INFO - Processing /home/raf/pipeline-transform/.venv/lib/python3.9/site-packages/airflow/example_dags/example_python_operator.py took 0.270 seconds
[2023-05-26 22:04:08,174] {processor.py:153} INFO - Started process (PID=26261) to work on /home/raf/pipeline-transform/.venv/lib/python3.9/site-packages/airflow/example_dags/example_python_operator.py
[2023-05-26 22:04:08,178] {processor.py:641} INFO - Processing file /home/raf/pipeline-transform/.venv/lib/python3.9/site-packages/airflow/example_dags/example_python_operator.py for tasks to queue
[2023-05-26 22:04:08,179] {logging_mixin.py:115} INFO - [2023-05-26 22:04:08,179] {dagbag.py:507} INFO - Filling up the DagBag from /home/raf/pipeline-transform/.venv/lib/python3.9/site-packages/airflow/example_dags/example_python_operator.py
[2023-05-26 22:04:08,193] {processor.py:651} INFO - DAG(s) dict_keys(['example_python_operator']) retrieved from /home/raf/pipeline-transform/.venv/lib/python3.9/site-packages/airflow/example_dags/example_python_operator.py
[2023-05-26 22:04:08,206] {logging_mixin.py:115} INFO - [2023-05-26 22:04:08,206] {dag.py:2379} INFO - Sync 1 DAGs
[2023-05-26 22:04:08,221] {logging_mixin.py:115} INFO - [2023-05-26 22:04:08,221] {dag.py:2927} INFO - Setting next_dagrun for example_python_operator to None, run_after=None
[2023-05-26 22:04:08,240] {processor.py:161} INFO - Processing /home/raf/pipeline-transform/.venv/lib/python3.9/site-packages/airflow/example_dags/example_python_operator.py took 0.069 seconds
[2023-05-26 22:04:43,400] {processor.py:153} INFO - Started process (PID=26449) to work on /home/raf/pipeline-transform/.venv/lib/python3.9/site-packages/airflow/example_dags/example_python_operator.py
[2023-05-26 22:04:43,405] {processor.py:641} INFO - Processing file /home/raf/pipeline-transform/.venv/lib/python3.9/site-packages/airflow/example_dags/example_python_operator.py for tasks to queue
[2023-05-26 22:04:43,405] {logging_mixin.py:115} INFO - [2023-05-26 22:04:43,405] {dagbag.py:507} INFO - Filling up the DagBag from /home/raf/pipeline-transform/.venv/lib/python3.9/site-packages/airflow/example_dags/example_python_operator.py
[2023-05-26 22:04:43,421] {processor.py:651} INFO - DAG(s) dict_keys(['example_python_operator']) retrieved from /home/raf/pipeline-transform/.venv/lib/python3.9/site-packages/airflow/example_dags/example_python_operator.py
[2023-05-26 22:04:43,436] {logging_mixin.py:115} INFO - [2023-05-26 22:04:43,435] {dag.py:2379} INFO - Sync 1 DAGs
[2023-05-26 22:04:43,454] {logging_mixin.py:115} INFO - [2023-05-26 22:04:43,454] {dag.py:2927} INFO - Setting next_dagrun for example_python_operator to None, run_after=None
[2023-05-26 22:04:43,474] {processor.py:161} INFO - Processing /home/raf/pipeline-transform/.venv/lib/python3.9/site-packages/airflow/example_dags/example_python_operator.py took 0.077 seconds
[2023-05-26 22:05:17,506] {processor.py:153} INFO - Started process (PID=26714) to work on /home/raf/pipeline-transform/.venv/lib/python3.9/site-packages/airflow/example_dags/example_python_operator.py
[2023-05-26 22:05:17,514] {processor.py:641} INFO - Processing file /home/raf/pipeline-transform/.venv/lib/python3.9/site-packages/airflow/example_dags/example_python_operator.py for tasks to queue
[2023-05-26 22:05:17,515] {logging_mixin.py:115} INFO - [2023-05-26 22:05:17,514] {dagbag.py:507} INFO - Filling up the DagBag from /home/raf/pipeline-transform/.venv/lib/python3.9/site-packages/airflow/example_dags/example_python_operator.py
[2023-05-26 22:05:17,533] {processor.py:651} INFO - DAG(s) dict_keys(['example_python_operator']) retrieved from /home/raf/pipeline-transform/.venv/lib/python3.9/site-packages/airflow/example_dags/example_python_operator.py
[2023-05-26 22:05:17,548] {logging_mixin.py:115} INFO - [2023-05-26 22:05:17,547] {dag.py:2379} INFO - Sync 1 DAGs
[2023-05-26 22:05:17,566] {logging_mixin.py:115} INFO - [2023-05-26 22:05:17,566] {dag.py:2927} INFO - Setting next_dagrun for example_python_operator to None, run_after=None
[2023-05-26 22:05:17,583] {processor.py:161} INFO - Processing /home/raf/pipeline-transform/.venv/lib/python3.9/site-packages/airflow/example_dags/example_python_operator.py took 0.080 seconds
[2023-05-26 22:05:54,027] {processor.py:153} INFO - Started process (PID=26945) to work on /home/raf/pipeline-transform/.venv/lib/python3.9/site-packages/airflow/example_dags/example_python_operator.py
[2023-05-26 22:05:54,037] {processor.py:641} INFO - Processing file /home/raf/pipeline-transform/.venv/lib/python3.9/site-packages/airflow/example_dags/example_python_operator.py for tasks to queue
[2023-05-26 22:05:54,038] {logging_mixin.py:115} INFO - [2023-05-26 22:05:54,038] {dagbag.py:507} INFO - Filling up the DagBag from /home/raf/pipeline-transform/.venv/lib/python3.9/site-packages/airflow/example_dags/example_python_operator.py
[2023-05-26 22:05:54,052] {processor.py:651} INFO - DAG(s) dict_keys(['example_python_operator']) retrieved from /home/raf/pipeline-transform/.venv/lib/python3.9/site-packages/airflow/example_dags/example_python_operator.py
[2023-05-26 22:05:54,066] {logging_mixin.py:115} INFO - [2023-05-26 22:05:54,065] {dag.py:2379} INFO - Sync 1 DAGs
[2023-05-26 22:05:54,081] {logging_mixin.py:115} INFO - [2023-05-26 22:05:54,081] {dag.py:2927} INFO - Setting next_dagrun for example_python_operator to None, run_after=None
[2023-05-26 22:05:54,100] {processor.py:161} INFO - Processing /home/raf/pipeline-transform/.venv/lib/python3.9/site-packages/airflow/example_dags/example_python_operator.py took 0.075 seconds
[2023-05-26 22:06:27,532] {processor.py:153} INFO - Started process (PID=27037) to work on /home/raf/pipeline-transform/.venv/lib/python3.9/site-packages/airflow/example_dags/example_python_operator.py
[2023-05-26 22:06:27,542] {processor.py:641} INFO - Processing file /home/raf/pipeline-transform/.venv/lib/python3.9/site-packages/airflow/example_dags/example_python_operator.py for tasks to queue
[2023-05-26 22:06:27,542] {logging_mixin.py:115} INFO - [2023-05-26 22:06:27,542] {dagbag.py:507} INFO - Filling up the DagBag from /home/raf/pipeline-transform/.venv/lib/python3.9/site-packages/airflow/example_dags/example_python_operator.py
[2023-05-26 22:06:27,556] {processor.py:651} INFO - DAG(s) dict_keys(['example_python_operator']) retrieved from /home/raf/pipeline-transform/.venv/lib/python3.9/site-packages/airflow/example_dags/example_python_operator.py
[2023-05-26 22:06:27,568] {logging_mixin.py:115} INFO - [2023-05-26 22:06:27,568] {dag.py:2379} INFO - Sync 1 DAGs
[2023-05-26 22:06:27,584] {logging_mixin.py:115} INFO - [2023-05-26 22:06:27,584] {dag.py:2927} INFO - Setting next_dagrun for example_python_operator to None, run_after=None
[2023-05-26 22:06:27,602] {processor.py:161} INFO - Processing /home/raf/pipeline-transform/.venv/lib/python3.9/site-packages/airflow/example_dags/example_python_operator.py took 0.073 seconds
[2023-05-26 22:07:02,856] {processor.py:153} INFO - Started process (PID=27231) to work on /home/raf/pipeline-transform/.venv/lib/python3.9/site-packages/airflow/example_dags/example_python_operator.py
[2023-05-26 22:07:02,867] {processor.py:641} INFO - Processing file /home/raf/pipeline-transform/.venv/lib/python3.9/site-packages/airflow/example_dags/example_python_operator.py for tasks to queue
[2023-05-26 22:07:02,868] {logging_mixin.py:115} INFO - [2023-05-26 22:07:02,868] {dagbag.py:507} INFO - Filling up the DagBag from /home/raf/pipeline-transform/.venv/lib/python3.9/site-packages/airflow/example_dags/example_python_operator.py
[2023-05-26 22:07:02,888] {processor.py:651} INFO - DAG(s) dict_keys(['example_python_operator']) retrieved from /home/raf/pipeline-transform/.venv/lib/python3.9/site-packages/airflow/example_dags/example_python_operator.py
[2023-05-26 22:07:02,903] {logging_mixin.py:115} INFO - [2023-05-26 22:07:02,903] {dag.py:2379} INFO - Sync 1 DAGs
[2023-05-26 22:07:02,919] {logging_mixin.py:115} INFO - [2023-05-26 22:07:02,919] {dag.py:2927} INFO - Setting next_dagrun for example_python_operator to None, run_after=None
[2023-05-26 22:07:02,936] {processor.py:161} INFO - Processing /home/raf/pipeline-transform/.venv/lib/python3.9/site-packages/airflow/example_dags/example_python_operator.py took 0.082 seconds
[2023-05-26 22:07:38,635] {processor.py:153} INFO - Started process (PID=27318) to work on /home/raf/pipeline-transform/.venv/lib/python3.9/site-packages/airflow/example_dags/example_python_operator.py
[2023-05-26 22:07:38,648] {processor.py:641} INFO - Processing file /home/raf/pipeline-transform/.venv/lib/python3.9/site-packages/airflow/example_dags/example_python_operator.py for tasks to queue
[2023-05-26 22:07:38,648] {logging_mixin.py:115} INFO - [2023-05-26 22:07:38,648] {dagbag.py:507} INFO - Filling up the DagBag from /home/raf/pipeline-transform/.venv/lib/python3.9/site-packages/airflow/example_dags/example_python_operator.py
[2023-05-26 22:07:38,662] {processor.py:651} INFO - DAG(s) dict_keys(['example_python_operator']) retrieved from /home/raf/pipeline-transform/.venv/lib/python3.9/site-packages/airflow/example_dags/example_python_operator.py
[2023-05-26 22:07:38,675] {logging_mixin.py:115} INFO - [2023-05-26 22:07:38,675] {dag.py:2379} INFO - Sync 1 DAGs
[2023-05-26 22:07:38,692] {logging_mixin.py:115} INFO - [2023-05-26 22:07:38,692] {dag.py:2927} INFO - Setting next_dagrun for example_python_operator to None, run_after=None
[2023-05-26 22:07:38,712] {processor.py:161} INFO - Processing /home/raf/pipeline-transform/.venv/lib/python3.9/site-packages/airflow/example_dags/example_python_operator.py took 0.079 seconds
[2023-05-26 22:08:12,617] {processor.py:153} INFO - Started process (PID=27404) to work on /home/raf/pipeline-transform/.venv/lib/python3.9/site-packages/airflow/example_dags/example_python_operator.py
[2023-05-26 22:08:12,632] {processor.py:641} INFO - Processing file /home/raf/pipeline-transform/.venv/lib/python3.9/site-packages/airflow/example_dags/example_python_operator.py for tasks to queue
[2023-05-26 22:08:12,632] {logging_mixin.py:115} INFO - [2023-05-26 22:08:12,632] {dagbag.py:507} INFO - Filling up the DagBag from /home/raf/pipeline-transform/.venv/lib/python3.9/site-packages/airflow/example_dags/example_python_operator.py
[2023-05-26 22:08:12,646] {processor.py:651} INFO - DAG(s) dict_keys(['example_python_operator']) retrieved from /home/raf/pipeline-transform/.venv/lib/python3.9/site-packages/airflow/example_dags/example_python_operator.py
[2023-05-26 22:08:12,658] {logging_mixin.py:115} INFO - [2023-05-26 22:08:12,658] {dag.py:2379} INFO - Sync 1 DAGs
[2023-05-26 22:08:12,678] {logging_mixin.py:115} INFO - [2023-05-26 22:08:12,678] {dag.py:2927} INFO - Setting next_dagrun for example_python_operator to None, run_after=None
[2023-05-26 22:08:12,696] {processor.py:161} INFO - Processing /home/raf/pipeline-transform/.venv/lib/python3.9/site-packages/airflow/example_dags/example_python_operator.py took 0.081 seconds
[2023-05-26 22:08:46,237] {processor.py:153} INFO - Started process (PID=27544) to work on /home/raf/pipeline-transform/.venv/lib/python3.9/site-packages/airflow/example_dags/example_python_operator.py
[2023-05-26 22:08:46,257] {processor.py:641} INFO - Processing file /home/raf/pipeline-transform/.venv/lib/python3.9/site-packages/airflow/example_dags/example_python_operator.py for tasks to queue
[2023-05-26 22:08:46,257] {logging_mixin.py:115} INFO - [2023-05-26 22:08:46,257] {dagbag.py:507} INFO - Filling up the DagBag from /home/raf/pipeline-transform/.venv/lib/python3.9/site-packages/airflow/example_dags/example_python_operator.py
[2023-05-26 22:08:46,274] {processor.py:651} INFO - DAG(s) dict_keys(['example_python_operator']) retrieved from /home/raf/pipeline-transform/.venv/lib/python3.9/site-packages/airflow/example_dags/example_python_operator.py
[2023-05-26 22:08:46,289] {logging_mixin.py:115} INFO - [2023-05-26 22:08:46,289] {dag.py:2379} INFO - Sync 1 DAGs
[2023-05-26 22:08:46,307] {logging_mixin.py:115} INFO - [2023-05-26 22:08:46,307] {dag.py:2927} INFO - Setting next_dagrun for example_python_operator to None, run_after=None
[2023-05-26 22:08:46,327] {processor.py:161} INFO - Processing /home/raf/pipeline-transform/.venv/lib/python3.9/site-packages/airflow/example_dags/example_python_operator.py took 0.092 seconds
[2023-05-26 22:09:22,432] {processor.py:153} INFO - Started process (PID=27683) to work on /home/raf/pipeline-transform/.venv/lib/python3.9/site-packages/airflow/example_dags/example_python_operator.py
[2023-05-26 22:09:22,452] {processor.py:641} INFO - Processing file /home/raf/pipeline-transform/.venv/lib/python3.9/site-packages/airflow/example_dags/example_python_operator.py for tasks to queue
[2023-05-26 22:09:22,453] {logging_mixin.py:115} INFO - [2023-05-26 22:09:22,452] {dagbag.py:507} INFO - Filling up the DagBag from /home/raf/pipeline-transform/.venv/lib/python3.9/site-packages/airflow/example_dags/example_python_operator.py
[2023-05-26 22:09:22,466] {processor.py:651} INFO - DAG(s) dict_keys(['example_python_operator']) retrieved from /home/raf/pipeline-transform/.venv/lib/python3.9/site-packages/airflow/example_dags/example_python_operator.py
[2023-05-26 22:09:22,479] {logging_mixin.py:115} INFO - [2023-05-26 22:09:22,479] {dag.py:2379} INFO - Sync 1 DAGs
[2023-05-26 22:09:22,494] {logging_mixin.py:115} INFO - [2023-05-26 22:09:22,494] {dag.py:2927} INFO - Setting next_dagrun for example_python_operator to None, run_after=None
[2023-05-26 22:09:22,517] {processor.py:161} INFO - Processing /home/raf/pipeline-transform/.venv/lib/python3.9/site-packages/airflow/example_dags/example_python_operator.py took 0.087 seconds
[2023-05-26 22:09:55,506] {processor.py:153} INFO - Started process (PID=27817) to work on /home/raf/pipeline-transform/.venv/lib/python3.9/site-packages/airflow/example_dags/example_python_operator.py
[2023-05-26 22:09:55,527] {processor.py:641} INFO - Processing file /home/raf/pipeline-transform/.venv/lib/python3.9/site-packages/airflow/example_dags/example_python_operator.py for tasks to queue
[2023-05-26 22:09:55,528] {logging_mixin.py:115} INFO - [2023-05-26 22:09:55,528] {dagbag.py:507} INFO - Filling up the DagBag from /home/raf/pipeline-transform/.venv/lib/python3.9/site-packages/airflow/example_dags/example_python_operator.py
[2023-05-26 22:09:55,558] {processor.py:651} INFO - DAG(s) dict_keys(['example_python_operator']) retrieved from /home/raf/pipeline-transform/.venv/lib/python3.9/site-packages/airflow/example_dags/example_python_operator.py
[2023-05-26 22:09:55,580] {logging_mixin.py:115} INFO - [2023-05-26 22:09:55,580] {dag.py:2379} INFO - Sync 1 DAGs
[2023-05-26 22:09:55,600] {logging_mixin.py:115} INFO - [2023-05-26 22:09:55,600] {dag.py:2927} INFO - Setting next_dagrun for example_python_operator to None, run_after=None
[2023-05-26 22:09:55,623] {processor.py:161} INFO - Processing /home/raf/pipeline-transform/.venv/lib/python3.9/site-packages/airflow/example_dags/example_python_operator.py took 0.121 seconds
[2023-05-26 22:10:30,413] {processor.py:153} INFO - Started process (PID=27903) to work on /home/raf/pipeline-transform/.venv/lib/python3.9/site-packages/airflow/example_dags/example_python_operator.py
[2023-05-26 22:10:30,417] {processor.py:641} INFO - Processing file /home/raf/pipeline-transform/.venv/lib/python3.9/site-packages/airflow/example_dags/example_python_operator.py for tasks to queue
[2023-05-26 22:10:30,418] {logging_mixin.py:115} INFO - [2023-05-26 22:10:30,417] {dagbag.py:507} INFO - Filling up the DagBag from /home/raf/pipeline-transform/.venv/lib/python3.9/site-packages/airflow/example_dags/example_python_operator.py
[2023-05-26 22:10:30,432] {processor.py:651} INFO - DAG(s) dict_keys(['example_python_operator']) retrieved from /home/raf/pipeline-transform/.venv/lib/python3.9/site-packages/airflow/example_dags/example_python_operator.py
[2023-05-26 22:10:30,445] {logging_mixin.py:115} INFO - [2023-05-26 22:10:30,445] {dag.py:2379} INFO - Sync 1 DAGs
[2023-05-26 22:10:30,461] {logging_mixin.py:115} INFO - [2023-05-26 22:10:30,461] {dag.py:2927} INFO - Setting next_dagrun for example_python_operator to None, run_after=None
[2023-05-26 22:10:30,481] {processor.py:161} INFO - Processing /home/raf/pipeline-transform/.venv/lib/python3.9/site-packages/airflow/example_dags/example_python_operator.py took 0.070 seconds
[2023-05-26 22:11:05,456] {processor.py:153} INFO - Started process (PID=27990) to work on /home/raf/pipeline-transform/.venv/lib/python3.9/site-packages/airflow/example_dags/example_python_operator.py
[2023-05-26 22:11:05,461] {processor.py:641} INFO - Processing file /home/raf/pipeline-transform/.venv/lib/python3.9/site-packages/airflow/example_dags/example_python_operator.py for tasks to queue
[2023-05-26 22:11:05,461] {logging_mixin.py:115} INFO - [2023-05-26 22:11:05,461] {dagbag.py:507} INFO - Filling up the DagBag from /home/raf/pipeline-transform/.venv/lib/python3.9/site-packages/airflow/example_dags/example_python_operator.py
[2023-05-26 22:11:05,483] {processor.py:651} INFO - DAG(s) dict_keys(['example_python_operator']) retrieved from /home/raf/pipeline-transform/.venv/lib/python3.9/site-packages/airflow/example_dags/example_python_operator.py
[2023-05-26 22:11:05,503] {logging_mixin.py:115} INFO - [2023-05-26 22:11:05,503] {dag.py:2379} INFO - Sync 1 DAGs
[2023-05-26 22:11:05,529] {logging_mixin.py:115} INFO - [2023-05-26 22:11:05,529] {dag.py:2927} INFO - Setting next_dagrun for example_python_operator to None, run_after=None
[2023-05-26 22:11:05,549] {processor.py:161} INFO - Processing /home/raf/pipeline-transform/.venv/lib/python3.9/site-packages/airflow/example_dags/example_python_operator.py took 0.095 seconds
[2023-05-26 22:11:40,197] {processor.py:153} INFO - Started process (PID=28081) to work on /home/raf/pipeline-transform/.venv/lib/python3.9/site-packages/airflow/example_dags/example_python_operator.py
[2023-05-26 22:11:40,199] {processor.py:641} INFO - Processing file /home/raf/pipeline-transform/.venv/lib/python3.9/site-packages/airflow/example_dags/example_python_operator.py for tasks to queue
[2023-05-26 22:11:40,200] {logging_mixin.py:115} INFO - [2023-05-26 22:11:40,200] {dagbag.py:507} INFO - Filling up the DagBag from /home/raf/pipeline-transform/.venv/lib/python3.9/site-packages/airflow/example_dags/example_python_operator.py
[2023-05-26 22:11:40,216] {processor.py:651} INFO - DAG(s) dict_keys(['example_python_operator']) retrieved from /home/raf/pipeline-transform/.venv/lib/python3.9/site-packages/airflow/example_dags/example_python_operator.py
[2023-05-26 22:11:40,232] {logging_mixin.py:115} INFO - [2023-05-26 22:11:40,232] {dag.py:2379} INFO - Sync 1 DAGs
[2023-05-26 22:11:40,251] {logging_mixin.py:115} INFO - [2023-05-26 22:11:40,251] {dag.py:2927} INFO - Setting next_dagrun for example_python_operator to None, run_after=None
[2023-05-26 22:11:40,272] {processor.py:161} INFO - Processing /home/raf/pipeline-transform/.venv/lib/python3.9/site-packages/airflow/example_dags/example_python_operator.py took 0.077 seconds
[2023-05-26 22:12:17,742] {processor.py:153} INFO - Started process (PID=28206) to work on /home/raf/pipeline-transform/.venv/lib/python3.9/site-packages/airflow/example_dags/example_python_operator.py
[2023-05-26 22:12:17,752] {processor.py:641} INFO - Processing file /home/raf/pipeline-transform/.venv/lib/python3.9/site-packages/airflow/example_dags/example_python_operator.py for tasks to queue
[2023-05-26 22:12:17,752] {logging_mixin.py:115} INFO - [2023-05-26 22:12:17,752] {dagbag.py:507} INFO - Filling up the DagBag from /home/raf/pipeline-transform/.venv/lib/python3.9/site-packages/airflow/example_dags/example_python_operator.py
[2023-05-26 22:12:17,775] {processor.py:651} INFO - DAG(s) dict_keys(['example_python_operator']) retrieved from /home/raf/pipeline-transform/.venv/lib/python3.9/site-packages/airflow/example_dags/example_python_operator.py
[2023-05-26 22:12:17,795] {logging_mixin.py:115} INFO - [2023-05-26 22:12:17,795] {dag.py:2379} INFO - Sync 1 DAGs
[2023-05-26 22:12:17,824] {logging_mixin.py:115} INFO - [2023-05-26 22:12:17,824] {dag.py:2927} INFO - Setting next_dagrun for example_python_operator to None, run_after=None
[2023-05-26 22:12:17,846] {processor.py:161} INFO - Processing /home/raf/pipeline-transform/.venv/lib/python3.9/site-packages/airflow/example_dags/example_python_operator.py took 0.106 seconds
[2023-05-26 22:12:50,957] {processor.py:153} INFO - Started process (PID=28418) to work on /home/raf/pipeline-transform/.venv/lib/python3.9/site-packages/airflow/example_dags/example_python_operator.py
[2023-05-26 22:12:50,977] {processor.py:641} INFO - Processing file /home/raf/pipeline-transform/.venv/lib/python3.9/site-packages/airflow/example_dags/example_python_operator.py for tasks to queue
[2023-05-26 22:12:50,977] {logging_mixin.py:115} INFO - [2023-05-26 22:12:50,977] {dagbag.py:507} INFO - Filling up the DagBag from /home/raf/pipeline-transform/.venv/lib/python3.9/site-packages/airflow/example_dags/example_python_operator.py
[2023-05-26 22:12:51,001] {processor.py:651} INFO - DAG(s) dict_keys(['example_python_operator']) retrieved from /home/raf/pipeline-transform/.venv/lib/python3.9/site-packages/airflow/example_dags/example_python_operator.py
[2023-05-26 22:12:51,020] {logging_mixin.py:115} INFO - [2023-05-26 22:12:51,020] {dag.py:2379} INFO - Sync 1 DAGs
[2023-05-26 22:12:51,045] {logging_mixin.py:115} INFO - [2023-05-26 22:12:51,045] {dag.py:2927} INFO - Setting next_dagrun for example_python_operator to None, run_after=None
[2023-05-26 22:12:51,194] {processor.py:161} INFO - Processing /home/raf/pipeline-transform/.venv/lib/python3.9/site-packages/airflow/example_dags/example_python_operator.py took 0.240 seconds
[2023-05-26 22:13:24,040] {processor.py:153} INFO - Started process (PID=28552) to work on /home/raf/pipeline-transform/.venv/lib/python3.9/site-packages/airflow/example_dags/example_python_operator.py
[2023-05-26 22:13:24,041] {processor.py:641} INFO - Processing file /home/raf/pipeline-transform/.venv/lib/python3.9/site-packages/airflow/example_dags/example_python_operator.py for tasks to queue
[2023-05-26 22:13:24,041] {logging_mixin.py:115} INFO - [2023-05-26 22:13:24,041] {dagbag.py:507} INFO - Filling up the DagBag from /home/raf/pipeline-transform/.venv/lib/python3.9/site-packages/airflow/example_dags/example_python_operator.py
[2023-05-26 22:13:24,063] {processor.py:651} INFO - DAG(s) dict_keys(['example_python_operator']) retrieved from /home/raf/pipeline-transform/.venv/lib/python3.9/site-packages/airflow/example_dags/example_python_operator.py
[2023-05-26 22:13:24,092] {logging_mixin.py:115} INFO - [2023-05-26 22:13:24,092] {dag.py:2379} INFO - Sync 1 DAGs
[2023-05-26 22:13:24,131] {logging_mixin.py:115} INFO - [2023-05-26 22:13:24,131] {dag.py:2927} INFO - Setting next_dagrun for example_python_operator to None, run_after=None
[2023-05-26 22:13:24,187] {processor.py:161} INFO - Processing /home/raf/pipeline-transform/.venv/lib/python3.9/site-packages/airflow/example_dags/example_python_operator.py took 0.151 seconds
[2023-05-26 22:13:56,359] {processor.py:153} INFO - Started process (PID=28636) to work on /home/raf/pipeline-transform/.venv/lib/python3.9/site-packages/airflow/example_dags/example_python_operator.py
[2023-05-26 22:13:56,378] {processor.py:641} INFO - Processing file /home/raf/pipeline-transform/.venv/lib/python3.9/site-packages/airflow/example_dags/example_python_operator.py for tasks to queue
[2023-05-26 22:13:56,379] {logging_mixin.py:115} INFO - [2023-05-26 22:13:56,379] {dagbag.py:507} INFO - Filling up the DagBag from /home/raf/pipeline-transform/.venv/lib/python3.9/site-packages/airflow/example_dags/example_python_operator.py
[2023-05-26 22:13:56,397] {processor.py:651} INFO - DAG(s) dict_keys(['example_python_operator']) retrieved from /home/raf/pipeline-transform/.venv/lib/python3.9/site-packages/airflow/example_dags/example_python_operator.py
[2023-05-26 22:13:56,411] {logging_mixin.py:115} INFO - [2023-05-26 22:13:56,411] {dag.py:2379} INFO - Sync 1 DAGs
[2023-05-26 22:13:56,429] {logging_mixin.py:115} INFO - [2023-05-26 22:13:56,429] {dag.py:2927} INFO - Setting next_dagrun for example_python_operator to None, run_after=None
[2023-05-26 22:13:56,453] {processor.py:161} INFO - Processing /home/raf/pipeline-transform/.venv/lib/python3.9/site-packages/airflow/example_dags/example_python_operator.py took 0.096 seconds
[2023-05-26 22:14:29,603] {processor.py:153} INFO - Started process (PID=28717) to work on /home/raf/pipeline-transform/.venv/lib/python3.9/site-packages/airflow/example_dags/example_python_operator.py
[2023-05-26 22:14:29,604] {processor.py:641} INFO - Processing file /home/raf/pipeline-transform/.venv/lib/python3.9/site-packages/airflow/example_dags/example_python_operator.py for tasks to queue
[2023-05-26 22:14:29,604] {logging_mixin.py:115} INFO - [2023-05-26 22:14:29,604] {dagbag.py:507} INFO - Filling up the DagBag from /home/raf/pipeline-transform/.venv/lib/python3.9/site-packages/airflow/example_dags/example_python_operator.py
[2023-05-26 22:14:29,621] {processor.py:651} INFO - DAG(s) dict_keys(['example_python_operator']) retrieved from /home/raf/pipeline-transform/.venv/lib/python3.9/site-packages/airflow/example_dags/example_python_operator.py
[2023-05-26 22:14:29,636] {logging_mixin.py:115} INFO - [2023-05-26 22:14:29,636] {dag.py:2379} INFO - Sync 1 DAGs
[2023-05-26 22:14:29,654] {logging_mixin.py:115} INFO - [2023-05-26 22:14:29,654] {dag.py:2927} INFO - Setting next_dagrun for example_python_operator to None, run_after=None
[2023-05-26 22:14:29,687] {processor.py:161} INFO - Processing /home/raf/pipeline-transform/.venv/lib/python3.9/site-packages/airflow/example_dags/example_python_operator.py took 0.086 seconds
[2023-05-26 22:15:04,624] {processor.py:153} INFO - Started process (PID=28804) to work on /home/raf/pipeline-transform/.venv/lib/python3.9/site-packages/airflow/example_dags/example_python_operator.py
[2023-05-26 22:15:04,644] {processor.py:641} INFO - Processing file /home/raf/pipeline-transform/.venv/lib/python3.9/site-packages/airflow/example_dags/example_python_operator.py for tasks to queue
[2023-05-26 22:15:04,645] {logging_mixin.py:115} INFO - [2023-05-26 22:15:04,645] {dagbag.py:507} INFO - Filling up the DagBag from /home/raf/pipeline-transform/.venv/lib/python3.9/site-packages/airflow/example_dags/example_python_operator.py
[2023-05-26 22:15:04,659] {processor.py:651} INFO - DAG(s) dict_keys(['example_python_operator']) retrieved from /home/raf/pipeline-transform/.venv/lib/python3.9/site-packages/airflow/example_dags/example_python_operator.py
[2023-05-26 22:15:04,673] {logging_mixin.py:115} INFO - [2023-05-26 22:15:04,672] {dag.py:2379} INFO - Sync 1 DAGs
[2023-05-26 22:15:04,690] {logging_mixin.py:115} INFO - [2023-05-26 22:15:04,690] {dag.py:2927} INFO - Setting next_dagrun for example_python_operator to None, run_after=None
[2023-05-26 22:15:04,712] {processor.py:161} INFO - Processing /home/raf/pipeline-transform/.venv/lib/python3.9/site-packages/airflow/example_dags/example_python_operator.py took 0.091 seconds
[2023-05-26 22:15:39,754] {processor.py:153} INFO - Started process (PID=28891) to work on /home/raf/pipeline-transform/.venv/lib/python3.9/site-packages/airflow/example_dags/example_python_operator.py
[2023-05-26 22:15:39,760] {processor.py:641} INFO - Processing file /home/raf/pipeline-transform/.venv/lib/python3.9/site-packages/airflow/example_dags/example_python_operator.py for tasks to queue
[2023-05-26 22:15:39,760] {logging_mixin.py:115} INFO - [2023-05-26 22:15:39,760] {dagbag.py:507} INFO - Filling up the DagBag from /home/raf/pipeline-transform/.venv/lib/python3.9/site-packages/airflow/example_dags/example_python_operator.py
[2023-05-26 22:15:39,799] {processor.py:651} INFO - DAG(s) dict_keys(['example_python_operator']) retrieved from /home/raf/pipeline-transform/.venv/lib/python3.9/site-packages/airflow/example_dags/example_python_operator.py
[2023-05-26 22:15:39,812] {logging_mixin.py:115} INFO - [2023-05-26 22:15:39,812] {dag.py:2379} INFO - Sync 1 DAGs
[2023-05-26 22:15:39,829] {logging_mixin.py:115} INFO - [2023-05-26 22:15:39,829] {dag.py:2927} INFO - Setting next_dagrun for example_python_operator to None, run_after=None
[2023-05-26 22:15:39,883] {processor.py:161} INFO - Processing /home/raf/pipeline-transform/.venv/lib/python3.9/site-packages/airflow/example_dags/example_python_operator.py took 0.131 seconds
[2023-05-26 22:16:13,104] {processor.py:153} INFO - Started process (PID=28975) to work on /home/raf/pipeline-transform/.venv/lib/python3.9/site-packages/airflow/example_dags/example_python_operator.py
[2023-05-26 22:16:13,107] {processor.py:641} INFO - Processing file /home/raf/pipeline-transform/.venv/lib/python3.9/site-packages/airflow/example_dags/example_python_operator.py for tasks to queue
[2023-05-26 22:16:13,107] {logging_mixin.py:115} INFO - [2023-05-26 22:16:13,107] {dagbag.py:507} INFO - Filling up the DagBag from /home/raf/pipeline-transform/.venv/lib/python3.9/site-packages/airflow/example_dags/example_python_operator.py
[2023-05-26 22:16:13,124] {processor.py:651} INFO - DAG(s) dict_keys(['example_python_operator']) retrieved from /home/raf/pipeline-transform/.venv/lib/python3.9/site-packages/airflow/example_dags/example_python_operator.py
[2023-05-26 22:16:13,139] {logging_mixin.py:115} INFO - [2023-05-26 22:16:13,139] {dag.py:2379} INFO - Sync 1 DAGs
[2023-05-26 22:16:13,157] {logging_mixin.py:115} INFO - [2023-05-26 22:16:13,157] {dag.py:2927} INFO - Setting next_dagrun for example_python_operator to None, run_after=None
[2023-05-26 22:16:13,174] {processor.py:161} INFO - Processing /home/raf/pipeline-transform/.venv/lib/python3.9/site-packages/airflow/example_dags/example_python_operator.py took 0.072 seconds
[2023-05-26 22:16:47,039] {processor.py:153} INFO - Started process (PID=29058) to work on /home/raf/pipeline-transform/.venv/lib/python3.9/site-packages/airflow/example_dags/example_python_operator.py
[2023-05-26 22:16:47,064] {processor.py:641} INFO - Processing file /home/raf/pipeline-transform/.venv/lib/python3.9/site-packages/airflow/example_dags/example_python_operator.py for tasks to queue
[2023-05-26 22:16:47,065] {logging_mixin.py:115} INFO - [2023-05-26 22:16:47,065] {dagbag.py:507} INFO - Filling up the DagBag from /home/raf/pipeline-transform/.venv/lib/python3.9/site-packages/airflow/example_dags/example_python_operator.py
[2023-05-26 22:16:47,097] {processor.py:651} INFO - DAG(s) dict_keys(['example_python_operator']) retrieved from /home/raf/pipeline-transform/.venv/lib/python3.9/site-packages/airflow/example_dags/example_python_operator.py
[2023-05-26 22:16:47,127] {logging_mixin.py:115} INFO - [2023-05-26 22:16:47,126] {dag.py:2379} INFO - Sync 1 DAGs
[2023-05-26 22:16:47,172] {logging_mixin.py:115} INFO - [2023-05-26 22:16:47,172] {dag.py:2927} INFO - Setting next_dagrun for example_python_operator to None, run_after=None
[2023-05-26 22:16:47,248] {processor.py:161} INFO - Processing /home/raf/pipeline-transform/.venv/lib/python3.9/site-packages/airflow/example_dags/example_python_operator.py took 0.213 seconds
[2023-05-26 22:17:21,511] {processor.py:153} INFO - Started process (PID=29143) to work on /home/raf/pipeline-transform/.venv/lib/python3.9/site-packages/airflow/example_dags/example_python_operator.py
[2023-05-26 22:17:21,511] {processor.py:641} INFO - Processing file /home/raf/pipeline-transform/.venv/lib/python3.9/site-packages/airflow/example_dags/example_python_operator.py for tasks to queue
[2023-05-26 22:17:21,512] {logging_mixin.py:115} INFO - [2023-05-26 22:17:21,512] {dagbag.py:507} INFO - Filling up the DagBag from /home/raf/pipeline-transform/.venv/lib/python3.9/site-packages/airflow/example_dags/example_python_operator.py
[2023-05-26 22:17:21,526] {processor.py:651} INFO - DAG(s) dict_keys(['example_python_operator']) retrieved from /home/raf/pipeline-transform/.venv/lib/python3.9/site-packages/airflow/example_dags/example_python_operator.py
[2023-05-26 22:17:21,540] {logging_mixin.py:115} INFO - [2023-05-26 22:17:21,540] {dag.py:2379} INFO - Sync 1 DAGs
[2023-05-26 22:17:21,557] {logging_mixin.py:115} INFO - [2023-05-26 22:17:21,557] {dag.py:2927} INFO - Setting next_dagrun for example_python_operator to None, run_after=None
[2023-05-26 22:17:21,588] {processor.py:161} INFO - Processing /home/raf/pipeline-transform/.venv/lib/python3.9/site-packages/airflow/example_dags/example_python_operator.py took 0.079 seconds
[2023-05-26 22:17:58,138] {processor.py:153} INFO - Started process (PID=29234) to work on /home/raf/pipeline-transform/.venv/lib/python3.9/site-packages/airflow/example_dags/example_python_operator.py
[2023-05-26 22:17:58,232] {processor.py:641} INFO - Processing file /home/raf/pipeline-transform/.venv/lib/python3.9/site-packages/airflow/example_dags/example_python_operator.py for tasks to queue
[2023-05-26 22:17:58,233] {logging_mixin.py:115} INFO - [2023-05-26 22:17:58,233] {dagbag.py:507} INFO - Filling up the DagBag from /home/raf/pipeline-transform/.venv/lib/python3.9/site-packages/airflow/example_dags/example_python_operator.py
[2023-05-26 22:17:58,279] {processor.py:651} INFO - DAG(s) dict_keys(['example_python_operator']) retrieved from /home/raf/pipeline-transform/.venv/lib/python3.9/site-packages/airflow/example_dags/example_python_operator.py
[2023-05-26 22:17:58,298] {logging_mixin.py:115} INFO - [2023-05-26 22:17:58,298] {dag.py:2379} INFO - Sync 1 DAGs
[2023-05-26 22:17:58,317] {logging_mixin.py:115} INFO - [2023-05-26 22:17:58,317] {dag.py:2927} INFO - Setting next_dagrun for example_python_operator to None, run_after=None
[2023-05-26 22:17:58,505] {processor.py:161} INFO - Processing /home/raf/pipeline-transform/.venv/lib/python3.9/site-packages/airflow/example_dags/example_python_operator.py took 0.370 seconds
[2023-05-26 22:18:35,167] {processor.py:153} INFO - Started process (PID=29375) to work on /home/raf/pipeline-transform/.venv/lib/python3.9/site-packages/airflow/example_dags/example_python_operator.py
[2023-05-26 22:18:35,175] {processor.py:641} INFO - Processing file /home/raf/pipeline-transform/.venv/lib/python3.9/site-packages/airflow/example_dags/example_python_operator.py for tasks to queue
[2023-05-26 22:18:35,175] {logging_mixin.py:115} INFO - [2023-05-26 22:18:35,175] {dagbag.py:507} INFO - Filling up the DagBag from /home/raf/pipeline-transform/.venv/lib/python3.9/site-packages/airflow/example_dags/example_python_operator.py
[2023-05-26 22:18:35,191] {processor.py:651} INFO - DAG(s) dict_keys(['example_python_operator']) retrieved from /home/raf/pipeline-transform/.venv/lib/python3.9/site-packages/airflow/example_dags/example_python_operator.py
[2023-05-26 22:18:35,204] {logging_mixin.py:115} INFO - [2023-05-26 22:18:35,204] {dag.py:2379} INFO - Sync 1 DAGs
[2023-05-26 22:18:35,220] {logging_mixin.py:115} INFO - [2023-05-26 22:18:35,220] {dag.py:2927} INFO - Setting next_dagrun for example_python_operator to None, run_after=None
[2023-05-26 22:18:35,236] {processor.py:161} INFO - Processing /home/raf/pipeline-transform/.venv/lib/python3.9/site-packages/airflow/example_dags/example_python_operator.py took 0.072 seconds
[2023-05-26 22:19:09,436] {processor.py:153} INFO - Started process (PID=29482) to work on /home/raf/pipeline-transform/.venv/lib/python3.9/site-packages/airflow/example_dags/example_python_operator.py
[2023-05-26 22:19:09,452] {processor.py:641} INFO - Processing file /home/raf/pipeline-transform/.venv/lib/python3.9/site-packages/airflow/example_dags/example_python_operator.py for tasks to queue
[2023-05-26 22:19:09,452] {logging_mixin.py:115} INFO - [2023-05-26 22:19:09,452] {dagbag.py:507} INFO - Filling up the DagBag from /home/raf/pipeline-transform/.venv/lib/python3.9/site-packages/airflow/example_dags/example_python_operator.py
[2023-05-26 22:19:09,488] {processor.py:651} INFO - DAG(s) dict_keys(['example_python_operator']) retrieved from /home/raf/pipeline-transform/.venv/lib/python3.9/site-packages/airflow/example_dags/example_python_operator.py
[2023-05-26 22:19:09,506] {logging_mixin.py:115} INFO - [2023-05-26 22:19:09,506] {dag.py:2379} INFO - Sync 1 DAGs
[2023-05-26 22:19:09,528] {logging_mixin.py:115} INFO - [2023-05-26 22:19:09,528] {dag.py:2927} INFO - Setting next_dagrun for example_python_operator to None, run_after=None
[2023-05-26 22:19:09,550] {processor.py:161} INFO - Processing /home/raf/pipeline-transform/.venv/lib/python3.9/site-packages/airflow/example_dags/example_python_operator.py took 0.119 seconds
[2023-05-26 22:19:44,227] {processor.py:153} INFO - Started process (PID=29710) to work on /home/raf/pipeline-transform/.venv/lib/python3.9/site-packages/airflow/example_dags/example_python_operator.py
[2023-05-26 22:19:44,236] {processor.py:641} INFO - Processing file /home/raf/pipeline-transform/.venv/lib/python3.9/site-packages/airflow/example_dags/example_python_operator.py for tasks to queue
[2023-05-26 22:19:44,237] {logging_mixin.py:115} INFO - [2023-05-26 22:19:44,237] {dagbag.py:507} INFO - Filling up the DagBag from /home/raf/pipeline-transform/.venv/lib/python3.9/site-packages/airflow/example_dags/example_python_operator.py
[2023-05-26 22:19:44,252] {processor.py:651} INFO - DAG(s) dict_keys(['example_python_operator']) retrieved from /home/raf/pipeline-transform/.venv/lib/python3.9/site-packages/airflow/example_dags/example_python_operator.py
[2023-05-26 22:19:44,268] {logging_mixin.py:115} INFO - [2023-05-26 22:19:44,268] {dag.py:2379} INFO - Sync 1 DAGs
[2023-05-26 22:19:44,285] {logging_mixin.py:115} INFO - [2023-05-26 22:19:44,285] {dag.py:2927} INFO - Setting next_dagrun for example_python_operator to None, run_after=None
[2023-05-26 22:19:44,305] {processor.py:161} INFO - Processing /home/raf/pipeline-transform/.venv/lib/python3.9/site-packages/airflow/example_dags/example_python_operator.py took 0.081 seconds
[2023-05-26 22:20:34,798] {processor.py:153} INFO - Started process (PID=30233) to work on /home/raf/pipeline-transform/.venv/lib/python3.9/site-packages/airflow/example_dags/example_python_operator.py
[2023-05-26 22:20:34,809] {processor.py:641} INFO - Processing file /home/raf/pipeline-transform/.venv/lib/python3.9/site-packages/airflow/example_dags/example_python_operator.py for tasks to queue
[2023-05-26 22:20:34,810] {logging_mixin.py:115} INFO - [2023-05-26 22:20:34,810] {dagbag.py:507} INFO - Filling up the DagBag from /home/raf/pipeline-transform/.venv/lib/python3.9/site-packages/airflow/example_dags/example_python_operator.py
[2023-05-26 22:20:34,828] {processor.py:651} INFO - DAG(s) dict_keys(['example_python_operator']) retrieved from /home/raf/pipeline-transform/.venv/lib/python3.9/site-packages/airflow/example_dags/example_python_operator.py
[2023-05-26 22:20:34,844] {logging_mixin.py:115} INFO - [2023-05-26 22:20:34,844] {dag.py:2379} INFO - Sync 1 DAGs
[2023-05-26 22:20:34,864] {logging_mixin.py:115} INFO - [2023-05-26 22:20:34,864] {dag.py:2927} INFO - Setting next_dagrun for example_python_operator to None, run_after=None
[2023-05-26 22:20:34,890] {processor.py:161} INFO - Processing /home/raf/pipeline-transform/.venv/lib/python3.9/site-packages/airflow/example_dags/example_python_operator.py took 0.095 seconds
[2023-05-26 22:21:09,653] {processor.py:153} INFO - Started process (PID=30429) to work on /home/raf/pipeline-transform/.venv/lib/python3.9/site-packages/airflow/example_dags/example_python_operator.py
[2023-05-26 22:21:09,667] {processor.py:641} INFO - Processing file /home/raf/pipeline-transform/.venv/lib/python3.9/site-packages/airflow/example_dags/example_python_operator.py for tasks to queue
[2023-05-26 22:21:09,670] {logging_mixin.py:115} INFO - [2023-05-26 22:21:09,669] {dagbag.py:507} INFO - Filling up the DagBag from /home/raf/pipeline-transform/.venv/lib/python3.9/site-packages/airflow/example_dags/example_python_operator.py
[2023-05-26 22:21:09,760] {processor.py:651} INFO - DAG(s) dict_keys(['example_python_operator']) retrieved from /home/raf/pipeline-transform/.venv/lib/python3.9/site-packages/airflow/example_dags/example_python_operator.py
[2023-05-26 22:21:09,794] {logging_mixin.py:115} INFO - [2023-05-26 22:21:09,794] {dag.py:2379} INFO - Sync 1 DAGs
[2023-05-26 22:21:09,832] {logging_mixin.py:115} INFO - [2023-05-26 22:21:09,832] {dag.py:2927} INFO - Setting next_dagrun for example_python_operator to None, run_after=None
[2023-05-26 22:21:09,874] {processor.py:161} INFO - Processing /home/raf/pipeline-transform/.venv/lib/python3.9/site-packages/airflow/example_dags/example_python_operator.py took 0.224 seconds
[2023-05-26 22:21:45,309] {processor.py:153} INFO - Started process (PID=30627) to work on /home/raf/pipeline-transform/.venv/lib/python3.9/site-packages/airflow/example_dags/example_python_operator.py
[2023-05-26 22:21:45,323] {processor.py:641} INFO - Processing file /home/raf/pipeline-transform/.venv/lib/python3.9/site-packages/airflow/example_dags/example_python_operator.py for tasks to queue
[2023-05-26 22:21:45,323] {logging_mixin.py:115} INFO - [2023-05-26 22:21:45,323] {dagbag.py:507} INFO - Filling up the DagBag from /home/raf/pipeline-transform/.venv/lib/python3.9/site-packages/airflow/example_dags/example_python_operator.py
[2023-05-26 22:21:45,339] {processor.py:651} INFO - DAG(s) dict_keys(['example_python_operator']) retrieved from /home/raf/pipeline-transform/.venv/lib/python3.9/site-packages/airflow/example_dags/example_python_operator.py
[2023-05-26 22:21:45,358] {logging_mixin.py:115} INFO - [2023-05-26 22:21:45,358] {dag.py:2379} INFO - Sync 1 DAGs
[2023-05-26 22:21:45,382] {logging_mixin.py:115} INFO - [2023-05-26 22:21:45,382] {dag.py:2927} INFO - Setting next_dagrun for example_python_operator to None, run_after=None
[2023-05-26 22:21:45,404] {processor.py:161} INFO - Processing /home/raf/pipeline-transform/.venv/lib/python3.9/site-packages/airflow/example_dags/example_python_operator.py took 0.097 seconds
[2023-05-26 22:22:23,133] {processor.py:153} INFO - Started process (PID=31028) to work on /home/raf/pipeline-transform/.venv/lib/python3.9/site-packages/airflow/example_dags/example_python_operator.py
[2023-05-26 22:22:23,154] {processor.py:641} INFO - Processing file /home/raf/pipeline-transform/.venv/lib/python3.9/site-packages/airflow/example_dags/example_python_operator.py for tasks to queue
[2023-05-26 22:22:23,155] {logging_mixin.py:115} INFO - [2023-05-26 22:22:23,155] {dagbag.py:507} INFO - Filling up the DagBag from /home/raf/pipeline-transform/.venv/lib/python3.9/site-packages/airflow/example_dags/example_python_operator.py
[2023-05-26 22:22:23,172] {processor.py:651} INFO - DAG(s) dict_keys(['example_python_operator']) retrieved from /home/raf/pipeline-transform/.venv/lib/python3.9/site-packages/airflow/example_dags/example_python_operator.py
[2023-05-26 22:22:23,188] {logging_mixin.py:115} INFO - [2023-05-26 22:22:23,188] {dag.py:2379} INFO - Sync 1 DAGs
[2023-05-26 22:22:23,209] {logging_mixin.py:115} INFO - [2023-05-26 22:22:23,209] {dag.py:2927} INFO - Setting next_dagrun for example_python_operator to None, run_after=None
[2023-05-26 22:22:23,227] {processor.py:161} INFO - Processing /home/raf/pipeline-transform/.venv/lib/python3.9/site-packages/airflow/example_dags/example_python_operator.py took 0.097 seconds
[2023-05-26 22:22:56,998] {processor.py:153} INFO - Started process (PID=31111) to work on /home/raf/pipeline-transform/.venv/lib/python3.9/site-packages/airflow/example_dags/example_python_operator.py
[2023-05-26 22:22:57,018] {processor.py:641} INFO - Processing file /home/raf/pipeline-transform/.venv/lib/python3.9/site-packages/airflow/example_dags/example_python_operator.py for tasks to queue
[2023-05-26 22:22:57,019] {logging_mixin.py:115} INFO - [2023-05-26 22:22:57,019] {dagbag.py:507} INFO - Filling up the DagBag from /home/raf/pipeline-transform/.venv/lib/python3.9/site-packages/airflow/example_dags/example_python_operator.py
[2023-05-26 22:22:57,038] {processor.py:651} INFO - DAG(s) dict_keys(['example_python_operator']) retrieved from /home/raf/pipeline-transform/.venv/lib/python3.9/site-packages/airflow/example_dags/example_python_operator.py
[2023-05-26 22:22:57,055] {logging_mixin.py:115} INFO - [2023-05-26 22:22:57,055] {dag.py:2379} INFO - Sync 1 DAGs
[2023-05-26 22:22:57,076] {logging_mixin.py:115} INFO - [2023-05-26 22:22:57,076] {dag.py:2927} INFO - Setting next_dagrun for example_python_operator to None, run_after=None
[2023-05-26 22:22:57,127] {processor.py:161} INFO - Processing /home/raf/pipeline-transform/.venv/lib/python3.9/site-packages/airflow/example_dags/example_python_operator.py took 0.132 seconds
[2023-05-26 22:23:32,863] {processor.py:153} INFO - Started process (PID=31206) to work on /home/raf/pipeline-transform/.venv/lib/python3.9/site-packages/airflow/example_dags/example_python_operator.py
[2023-05-26 22:23:32,886] {processor.py:641} INFO - Processing file /home/raf/pipeline-transform/.venv/lib/python3.9/site-packages/airflow/example_dags/example_python_operator.py for tasks to queue
[2023-05-26 22:23:32,887] {logging_mixin.py:115} INFO - [2023-05-26 22:23:32,887] {dagbag.py:507} INFO - Filling up the DagBag from /home/raf/pipeline-transform/.venv/lib/python3.9/site-packages/airflow/example_dags/example_python_operator.py
[2023-05-26 22:23:32,917] {processor.py:651} INFO - DAG(s) dict_keys(['example_python_operator']) retrieved from /home/raf/pipeline-transform/.venv/lib/python3.9/site-packages/airflow/example_dags/example_python_operator.py
[2023-05-26 22:23:32,944] {logging_mixin.py:115} INFO - [2023-05-26 22:23:32,944] {dag.py:2379} INFO - Sync 1 DAGs
[2023-05-26 22:23:32,972] {logging_mixin.py:115} INFO - [2023-05-26 22:23:32,971] {dag.py:2927} INFO - Setting next_dagrun for example_python_operator to None, run_after=None
[2023-05-26 22:23:33,029] {processor.py:161} INFO - Processing /home/raf/pipeline-transform/.venv/lib/python3.9/site-packages/airflow/example_dags/example_python_operator.py took 0.169 seconds
[2023-05-26 22:24:07,740] {processor.py:153} INFO - Started process (PID=31292) to work on /home/raf/pipeline-transform/.venv/lib/python3.9/site-packages/airflow/example_dags/example_python_operator.py
[2023-05-26 22:24:07,744] {processor.py:641} INFO - Processing file /home/raf/pipeline-transform/.venv/lib/python3.9/site-packages/airflow/example_dags/example_python_operator.py for tasks to queue
[2023-05-26 22:24:07,745] {logging_mixin.py:115} INFO - [2023-05-26 22:24:07,745] {dagbag.py:507} INFO - Filling up the DagBag from /home/raf/pipeline-transform/.venv/lib/python3.9/site-packages/airflow/example_dags/example_python_operator.py
[2023-05-26 22:24:07,758] {processor.py:651} INFO - DAG(s) dict_keys(['example_python_operator']) retrieved from /home/raf/pipeline-transform/.venv/lib/python3.9/site-packages/airflow/example_dags/example_python_operator.py
[2023-05-26 22:24:07,771] {logging_mixin.py:115} INFO - [2023-05-26 22:24:07,771] {dag.py:2379} INFO - Sync 1 DAGs
[2023-05-26 22:24:07,787] {logging_mixin.py:115} INFO - [2023-05-26 22:24:07,787] {dag.py:2927} INFO - Setting next_dagrun for example_python_operator to None, run_after=None
[2023-05-26 22:24:07,806] {processor.py:161} INFO - Processing /home/raf/pipeline-transform/.venv/lib/python3.9/site-packages/airflow/example_dags/example_python_operator.py took 0.069 seconds
[2023-05-26 22:24:42,045] {processor.py:153} INFO - Started process (PID=31382) to work on /home/raf/pipeline-transform/.venv/lib/python3.9/site-packages/airflow/example_dags/example_python_operator.py
[2023-05-26 22:24:42,069] {processor.py:641} INFO - Processing file /home/raf/pipeline-transform/.venv/lib/python3.9/site-packages/airflow/example_dags/example_python_operator.py for tasks to queue
[2023-05-26 22:24:42,069] {logging_mixin.py:115} INFO - [2023-05-26 22:24:42,069] {dagbag.py:507} INFO - Filling up the DagBag from /home/raf/pipeline-transform/.venv/lib/python3.9/site-packages/airflow/example_dags/example_python_operator.py
[2023-05-26 22:24:42,084] {processor.py:651} INFO - DAG(s) dict_keys(['example_python_operator']) retrieved from /home/raf/pipeline-transform/.venv/lib/python3.9/site-packages/airflow/example_dags/example_python_operator.py
[2023-05-26 22:24:42,097] {logging_mixin.py:115} INFO - [2023-05-26 22:24:42,097] {dag.py:2379} INFO - Sync 1 DAGs
[2023-05-26 22:24:42,113] {logging_mixin.py:115} INFO - [2023-05-26 22:24:42,113] {dag.py:2927} INFO - Setting next_dagrun for example_python_operator to None, run_after=None
[2023-05-26 22:24:42,135] {processor.py:161} INFO - Processing /home/raf/pipeline-transform/.venv/lib/python3.9/site-packages/airflow/example_dags/example_python_operator.py took 0.092 seconds
[2023-05-26 22:25:18,938] {processor.py:153} INFO - Started process (PID=31544) to work on /home/raf/pipeline-transform/.venv/lib/python3.9/site-packages/airflow/example_dags/example_python_operator.py
[2023-05-26 22:25:18,968] {processor.py:641} INFO - Processing file /home/raf/pipeline-transform/.venv/lib/python3.9/site-packages/airflow/example_dags/example_python_operator.py for tasks to queue
[2023-05-26 22:25:18,968] {logging_mixin.py:115} INFO - [2023-05-26 22:25:18,968] {dagbag.py:507} INFO - Filling up the DagBag from /home/raf/pipeline-transform/.venv/lib/python3.9/site-packages/airflow/example_dags/example_python_operator.py
[2023-05-26 22:25:18,986] {processor.py:651} INFO - DAG(s) dict_keys(['example_python_operator']) retrieved from /home/raf/pipeline-transform/.venv/lib/python3.9/site-packages/airflow/example_dags/example_python_operator.py
[2023-05-26 22:25:19,005] {logging_mixin.py:115} INFO - [2023-05-26 22:25:19,005] {dag.py:2379} INFO - Sync 1 DAGs
[2023-05-26 22:25:19,031] {logging_mixin.py:115} INFO - [2023-05-26 22:25:19,031] {dag.py:2927} INFO - Setting next_dagrun for example_python_operator to None, run_after=None
[2023-05-26 22:25:19,097] {processor.py:161} INFO - Processing /home/raf/pipeline-transform/.venv/lib/python3.9/site-packages/airflow/example_dags/example_python_operator.py took 0.163 seconds
[2023-05-26 22:25:58,448] {processor.py:153} INFO - Started process (PID=31822) to work on /home/raf/pipeline-transform/.venv/lib/python3.9/site-packages/airflow/example_dags/example_python_operator.py
[2023-05-26 22:25:58,451] {processor.py:641} INFO - Processing file /home/raf/pipeline-transform/.venv/lib/python3.9/site-packages/airflow/example_dags/example_python_operator.py for tasks to queue
[2023-05-26 22:25:58,452] {logging_mixin.py:115} INFO - [2023-05-26 22:25:58,452] {dagbag.py:507} INFO - Filling up the DagBag from /home/raf/pipeline-transform/.venv/lib/python3.9/site-packages/airflow/example_dags/example_python_operator.py
[2023-05-26 22:25:58,468] {processor.py:651} INFO - DAG(s) dict_keys(['example_python_operator']) retrieved from /home/raf/pipeline-transform/.venv/lib/python3.9/site-packages/airflow/example_dags/example_python_operator.py
[2023-05-26 22:25:58,483] {logging_mixin.py:115} INFO - [2023-05-26 22:25:58,483] {dag.py:2379} INFO - Sync 1 DAGs
[2023-05-26 22:25:58,503] {logging_mixin.py:115} INFO - [2023-05-26 22:25:58,503] {dag.py:2927} INFO - Setting next_dagrun for example_python_operator to None, run_after=None
[2023-05-26 22:25:58,524] {processor.py:161} INFO - Processing /home/raf/pipeline-transform/.venv/lib/python3.9/site-packages/airflow/example_dags/example_python_operator.py took 0.078 seconds
[2023-05-26 22:26:34,771] {processor.py:153} INFO - Started process (PID=31923) to work on /home/raf/pipeline-transform/.venv/lib/python3.9/site-packages/airflow/example_dags/example_python_operator.py
[2023-05-26 22:26:34,789] {processor.py:641} INFO - Processing file /home/raf/pipeline-transform/.venv/lib/python3.9/site-packages/airflow/example_dags/example_python_operator.py for tasks to queue
[2023-05-26 22:26:34,790] {logging_mixin.py:115} INFO - [2023-05-26 22:26:34,790] {dagbag.py:507} INFO - Filling up the DagBag from /home/raf/pipeline-transform/.venv/lib/python3.9/site-packages/airflow/example_dags/example_python_operator.py
[2023-05-26 22:26:34,806] {processor.py:651} INFO - DAG(s) dict_keys(['example_python_operator']) retrieved from /home/raf/pipeline-transform/.venv/lib/python3.9/site-packages/airflow/example_dags/example_python_operator.py
[2023-05-26 22:26:34,819] {logging_mixin.py:115} INFO - [2023-05-26 22:26:34,819] {dag.py:2379} INFO - Sync 1 DAGs
[2023-05-26 22:26:34,837] {logging_mixin.py:115} INFO - [2023-05-26 22:26:34,837] {dag.py:2927} INFO - Setting next_dagrun for example_python_operator to None, run_after=None
[2023-05-26 22:26:34,860] {processor.py:161} INFO - Processing /home/raf/pipeline-transform/.venv/lib/python3.9/site-packages/airflow/example_dags/example_python_operator.py took 0.092 seconds
[2023-05-26 22:27:13,044] {processor.py:153} INFO - Started process (PID=32062) to work on /home/raf/pipeline-transform/.venv/lib/python3.9/site-packages/airflow/example_dags/example_python_operator.py
[2023-05-26 22:27:13,062] {processor.py:641} INFO - Processing file /home/raf/pipeline-transform/.venv/lib/python3.9/site-packages/airflow/example_dags/example_python_operator.py for tasks to queue
[2023-05-26 22:27:13,063] {logging_mixin.py:115} INFO - [2023-05-26 22:27:13,063] {dagbag.py:507} INFO - Filling up the DagBag from /home/raf/pipeline-transform/.venv/lib/python3.9/site-packages/airflow/example_dags/example_python_operator.py
[2023-05-26 22:27:13,092] {processor.py:651} INFO - DAG(s) dict_keys(['example_python_operator']) retrieved from /home/raf/pipeline-transform/.venv/lib/python3.9/site-packages/airflow/example_dags/example_python_operator.py
[2023-05-26 22:27:13,125] {logging_mixin.py:115} INFO - [2023-05-26 22:27:13,125] {dag.py:2379} INFO - Sync 1 DAGs
[2023-05-26 22:27:13,162] {logging_mixin.py:115} INFO - [2023-05-26 22:27:13,162] {dag.py:2927} INFO - Setting next_dagrun for example_python_operator to None, run_after=None
[2023-05-26 22:27:13,208] {processor.py:161} INFO - Processing /home/raf/pipeline-transform/.venv/lib/python3.9/site-packages/airflow/example_dags/example_python_operator.py took 0.168 seconds
[2023-05-26 22:27:50,754] {processor.py:153} INFO - Started process (PID=32200) to work on /home/raf/pipeline-transform/.venv/lib/python3.9/site-packages/airflow/example_dags/example_python_operator.py
[2023-05-26 22:27:50,777] {processor.py:641} INFO - Processing file /home/raf/pipeline-transform/.venv/lib/python3.9/site-packages/airflow/example_dags/example_python_operator.py for tasks to queue
[2023-05-26 22:27:50,778] {logging_mixin.py:115} INFO - [2023-05-26 22:27:50,778] {dagbag.py:507} INFO - Filling up the DagBag from /home/raf/pipeline-transform/.venv/lib/python3.9/site-packages/airflow/example_dags/example_python_operator.py
[2023-05-26 22:27:50,809] {processor.py:651} INFO - DAG(s) dict_keys(['example_python_operator']) retrieved from /home/raf/pipeline-transform/.venv/lib/python3.9/site-packages/airflow/example_dags/example_python_operator.py
[2023-05-26 22:27:50,859] {logging_mixin.py:115} INFO - [2023-05-26 22:27:50,858] {dag.py:2379} INFO - Sync 1 DAGs
[2023-05-26 22:27:50,917] {logging_mixin.py:115} INFO - [2023-05-26 22:27:50,916] {dag.py:2927} INFO - Setting next_dagrun for example_python_operator to None, run_after=None
[2023-05-26 22:27:50,966] {processor.py:161} INFO - Processing /home/raf/pipeline-transform/.venv/lib/python3.9/site-packages/airflow/example_dags/example_python_operator.py took 0.216 seconds
[2023-05-26 22:28:32,107] {processor.py:153} INFO - Started process (PID=32302) to work on /home/raf/pipeline-transform/.venv/lib/python3.9/site-packages/airflow/example_dags/example_python_operator.py
[2023-05-26 22:28:32,115] {processor.py:641} INFO - Processing file /home/raf/pipeline-transform/.venv/lib/python3.9/site-packages/airflow/example_dags/example_python_operator.py for tasks to queue
[2023-05-26 22:28:32,115] {logging_mixin.py:115} INFO - [2023-05-26 22:28:32,115] {dagbag.py:507} INFO - Filling up the DagBag from /home/raf/pipeline-transform/.venv/lib/python3.9/site-packages/airflow/example_dags/example_python_operator.py
[2023-05-26 22:28:32,132] {processor.py:651} INFO - DAG(s) dict_keys(['example_python_operator']) retrieved from /home/raf/pipeline-transform/.venv/lib/python3.9/site-packages/airflow/example_dags/example_python_operator.py
[2023-05-26 22:28:32,156] {logging_mixin.py:115} INFO - [2023-05-26 22:28:32,155] {dag.py:2379} INFO - Sync 1 DAGs
[2023-05-26 22:28:32,175] {logging_mixin.py:115} INFO - [2023-05-26 22:28:32,175] {dag.py:2927} INFO - Setting next_dagrun for example_python_operator to None, run_after=None
[2023-05-26 22:28:32,201] {processor.py:161} INFO - Processing /home/raf/pipeline-transform/.venv/lib/python3.9/site-packages/airflow/example_dags/example_python_operator.py took 0.097 seconds
[2023-05-26 22:29:06,604] {processor.py:153} INFO - Started process (PID=32392) to work on /home/raf/pipeline-transform/.venv/lib/python3.9/site-packages/airflow/example_dags/example_python_operator.py
[2023-05-26 22:29:06,629] {processor.py:641} INFO - Processing file /home/raf/pipeline-transform/.venv/lib/python3.9/site-packages/airflow/example_dags/example_python_operator.py for tasks to queue
[2023-05-26 22:29:06,629] {logging_mixin.py:115} INFO - [2023-05-26 22:29:06,629] {dagbag.py:507} INFO - Filling up the DagBag from /home/raf/pipeline-transform/.venv/lib/python3.9/site-packages/airflow/example_dags/example_python_operator.py
[2023-05-26 22:29:06,650] {processor.py:651} INFO - DAG(s) dict_keys(['example_python_operator']) retrieved from /home/raf/pipeline-transform/.venv/lib/python3.9/site-packages/airflow/example_dags/example_python_operator.py
[2023-05-26 22:29:06,669] {logging_mixin.py:115} INFO - [2023-05-26 22:29:06,669] {dag.py:2379} INFO - Sync 1 DAGs
[2023-05-26 22:29:06,710] {logging_mixin.py:115} INFO - [2023-05-26 22:29:06,710] {dag.py:2927} INFO - Setting next_dagrun for example_python_operator to None, run_after=None
[2023-05-26 22:29:06,780] {processor.py:161} INFO - Processing /home/raf/pipeline-transform/.venv/lib/python3.9/site-packages/airflow/example_dags/example_python_operator.py took 0.180 seconds
[2023-05-26 22:29:46,839] {processor.py:153} INFO - Started process (PID=32489) to work on /home/raf/pipeline-transform/.venv/lib/python3.9/site-packages/airflow/example_dags/example_python_operator.py
[2023-05-26 22:29:46,842] {processor.py:641} INFO - Processing file /home/raf/pipeline-transform/.venv/lib/python3.9/site-packages/airflow/example_dags/example_python_operator.py for tasks to queue
[2023-05-26 22:29:46,843] {logging_mixin.py:115} INFO - [2023-05-26 22:29:46,843] {dagbag.py:507} INFO - Filling up the DagBag from /home/raf/pipeline-transform/.venv/lib/python3.9/site-packages/airflow/example_dags/example_python_operator.py
[2023-05-26 22:29:46,858] {processor.py:651} INFO - DAG(s) dict_keys(['example_python_operator']) retrieved from /home/raf/pipeline-transform/.venv/lib/python3.9/site-packages/airflow/example_dags/example_python_operator.py
[2023-05-26 22:29:46,872] {logging_mixin.py:115} INFO - [2023-05-26 22:29:46,872] {dag.py:2379} INFO - Sync 1 DAGs
[2023-05-26 22:29:46,889] {logging_mixin.py:115} INFO - [2023-05-26 22:29:46,889] {dag.py:2927} INFO - Setting next_dagrun for example_python_operator to None, run_after=None
[2023-05-26 22:29:46,908] {processor.py:161} INFO - Processing /home/raf/pipeline-transform/.venv/lib/python3.9/site-packages/airflow/example_dags/example_python_operator.py took 0.071 seconds
[2023-05-26 22:30:22,388] {processor.py:153} INFO - Started process (PID=32633) to work on /home/raf/pipeline-transform/.venv/lib/python3.9/site-packages/airflow/example_dags/example_python_operator.py
[2023-05-26 22:30:22,414] {processor.py:641} INFO - Processing file /home/raf/pipeline-transform/.venv/lib/python3.9/site-packages/airflow/example_dags/example_python_operator.py for tasks to queue
[2023-05-26 22:30:22,414] {logging_mixin.py:115} INFO - [2023-05-26 22:30:22,414] {dagbag.py:507} INFO - Filling up the DagBag from /home/raf/pipeline-transform/.venv/lib/python3.9/site-packages/airflow/example_dags/example_python_operator.py
[2023-05-26 22:30:22,428] {processor.py:651} INFO - DAG(s) dict_keys(['example_python_operator']) retrieved from /home/raf/pipeline-transform/.venv/lib/python3.9/site-packages/airflow/example_dags/example_python_operator.py
[2023-05-26 22:30:22,442] {logging_mixin.py:115} INFO - [2023-05-26 22:30:22,442] {dag.py:2379} INFO - Sync 1 DAGs
[2023-05-26 22:30:22,466] {logging_mixin.py:115} INFO - [2023-05-26 22:30:22,466] {dag.py:2927} INFO - Setting next_dagrun for example_python_operator to None, run_after=None
[2023-05-26 22:30:22,487] {processor.py:161} INFO - Processing /home/raf/pipeline-transform/.venv/lib/python3.9/site-packages/airflow/example_dags/example_python_operator.py took 0.101 seconds
[2023-05-26 22:30:58,594] {processor.py:153} INFO - Started process (PID=328) to work on /home/raf/pipeline-transform/.venv/lib/python3.9/site-packages/airflow/example_dags/example_python_operator.py
[2023-05-26 22:30:58,597] {processor.py:641} INFO - Processing file /home/raf/pipeline-transform/.venv/lib/python3.9/site-packages/airflow/example_dags/example_python_operator.py for tasks to queue
[2023-05-26 22:30:58,598] {logging_mixin.py:115} INFO - [2023-05-26 22:30:58,597] {dagbag.py:507} INFO - Filling up the DagBag from /home/raf/pipeline-transform/.venv/lib/python3.9/site-packages/airflow/example_dags/example_python_operator.py
[2023-05-26 22:30:58,620] {processor.py:651} INFO - DAG(s) dict_keys(['example_python_operator']) retrieved from /home/raf/pipeline-transform/.venv/lib/python3.9/site-packages/airflow/example_dags/example_python_operator.py
[2023-05-26 22:30:58,653] {logging_mixin.py:115} INFO - [2023-05-26 22:30:58,653] {dag.py:2379} INFO - Sync 1 DAGs
[2023-05-26 22:30:58,707] {logging_mixin.py:115} INFO - [2023-05-26 22:30:58,707] {dag.py:2927} INFO - Setting next_dagrun for example_python_operator to None, run_after=None
[2023-05-26 22:30:58,772] {processor.py:161} INFO - Processing /home/raf/pipeline-transform/.venv/lib/python3.9/site-packages/airflow/example_dags/example_python_operator.py took 0.182 seconds
[2023-05-26 22:31:38,209] {processor.py:153} INFO - Started process (PID=458) to work on /home/raf/pipeline-transform/.venv/lib/python3.9/site-packages/airflow/example_dags/example_python_operator.py
[2023-05-26 22:31:38,214] {processor.py:641} INFO - Processing file /home/raf/pipeline-transform/.venv/lib/python3.9/site-packages/airflow/example_dags/example_python_operator.py for tasks to queue
[2023-05-26 22:31:38,214] {logging_mixin.py:115} INFO - [2023-05-26 22:31:38,214] {dagbag.py:507} INFO - Filling up the DagBag from /home/raf/pipeline-transform/.venv/lib/python3.9/site-packages/airflow/example_dags/example_python_operator.py
[2023-05-26 22:31:38,230] {processor.py:651} INFO - DAG(s) dict_keys(['example_python_operator']) retrieved from /home/raf/pipeline-transform/.venv/lib/python3.9/site-packages/airflow/example_dags/example_python_operator.py
[2023-05-26 22:31:38,245] {logging_mixin.py:115} INFO - [2023-05-26 22:31:38,245] {dag.py:2379} INFO - Sync 1 DAGs
[2023-05-26 22:31:38,263] {logging_mixin.py:115} INFO - [2023-05-26 22:31:38,263] {dag.py:2927} INFO - Setting next_dagrun for example_python_operator to None, run_after=None
[2023-05-26 22:31:38,283] {processor.py:161} INFO - Processing /home/raf/pipeline-transform/.venv/lib/python3.9/site-packages/airflow/example_dags/example_python_operator.py took 0.077 seconds
[2023-05-26 22:32:13,246] {processor.py:153} INFO - Started process (PID=646) to work on /home/raf/pipeline-transform/.venv/lib/python3.9/site-packages/airflow/example_dags/example_python_operator.py
[2023-05-26 22:32:13,251] {processor.py:641} INFO - Processing file /home/raf/pipeline-transform/.venv/lib/python3.9/site-packages/airflow/example_dags/example_python_operator.py for tasks to queue
[2023-05-26 22:32:13,252] {logging_mixin.py:115} INFO - [2023-05-26 22:32:13,252] {dagbag.py:507} INFO - Filling up the DagBag from /home/raf/pipeline-transform/.venv/lib/python3.9/site-packages/airflow/example_dags/example_python_operator.py
[2023-05-26 22:32:13,266] {processor.py:651} INFO - DAG(s) dict_keys(['example_python_operator']) retrieved from /home/raf/pipeline-transform/.venv/lib/python3.9/site-packages/airflow/example_dags/example_python_operator.py
[2023-05-26 22:32:13,280] {logging_mixin.py:115} INFO - [2023-05-26 22:32:13,280] {dag.py:2379} INFO - Sync 1 DAGs
[2023-05-26 22:32:13,296] {logging_mixin.py:115} INFO - [2023-05-26 22:32:13,296] {dag.py:2927} INFO - Setting next_dagrun for example_python_operator to None, run_after=None
[2023-05-26 22:32:13,315] {processor.py:161} INFO - Processing /home/raf/pipeline-transform/.venv/lib/python3.9/site-packages/airflow/example_dags/example_python_operator.py took 0.072 seconds
