[2023-05-26 22:03:29,117] {processor.py:153} INFO - Started process (PID=25930) to work on /home/raf/pipeline-transform/.venv/lib/python3.9/site-packages/airflow/example_dags/tutorial_taskflow_api_etl.py
[2023-05-26 22:03:29,118] {processor.py:641} INFO - Processing file /home/raf/pipeline-transform/.venv/lib/python3.9/site-packages/airflow/example_dags/tutorial_taskflow_api_etl.py for tasks to queue
[2023-05-26 22:03:29,119] {logging_mixin.py:115} INFO - [2023-05-26 22:03:29,118] {dagbag.py:507} INFO - Filling up the DagBag from /home/raf/pipeline-transform/.venv/lib/python3.9/site-packages/airflow/example_dags/tutorial_taskflow_api_etl.py
[2023-05-26 22:03:29,141] {processor.py:651} INFO - DAG(s) dict_keys(['tutorial_taskflow_api_etl']) retrieved from /home/raf/pipeline-transform/.venv/lib/python3.9/site-packages/airflow/example_dags/tutorial_taskflow_api_etl.py
[2023-05-26 22:03:29,188] {logging_mixin.py:115} INFO - [2023-05-26 22:03:29,188] {dag.py:2379} INFO - Sync 1 DAGs
[2023-05-26 22:03:29,206] {logging_mixin.py:115} INFO - [2023-05-26 22:03:29,206] {dag.py:2927} INFO - Setting next_dagrun for tutorial_taskflow_api_etl to None, run_after=None
[2023-05-26 22:03:29,262] {processor.py:161} INFO - Processing /home/raf/pipeline-transform/.venv/lib/python3.9/site-packages/airflow/example_dags/tutorial_taskflow_api_etl.py took 0.149 seconds
[2023-05-26 22:04:05,264] {processor.py:153} INFO - Started process (PID=26254) to work on /home/raf/pipeline-transform/.venv/lib/python3.9/site-packages/airflow/example_dags/tutorial_taskflow_api_etl.py
[2023-05-26 22:04:05,270] {processor.py:641} INFO - Processing file /home/raf/pipeline-transform/.venv/lib/python3.9/site-packages/airflow/example_dags/tutorial_taskflow_api_etl.py for tasks to queue
[2023-05-26 22:04:05,271] {logging_mixin.py:115} INFO - [2023-05-26 22:04:05,271] {dagbag.py:507} INFO - Filling up the DagBag from /home/raf/pipeline-transform/.venv/lib/python3.9/site-packages/airflow/example_dags/tutorial_taskflow_api_etl.py
[2023-05-26 22:04:05,285] {processor.py:651} INFO - DAG(s) dict_keys(['tutorial_taskflow_api_etl']) retrieved from /home/raf/pipeline-transform/.venv/lib/python3.9/site-packages/airflow/example_dags/tutorial_taskflow_api_etl.py
[2023-05-26 22:04:05,322] {logging_mixin.py:115} INFO - [2023-05-26 22:04:05,322] {dag.py:2379} INFO - Sync 1 DAGs
[2023-05-26 22:04:05,334] {logging_mixin.py:115} INFO - [2023-05-26 22:04:05,334] {dag.py:2927} INFO - Setting next_dagrun for tutorial_taskflow_api_etl to None, run_after=None
[2023-05-26 22:04:05,355] {processor.py:161} INFO - Processing /home/raf/pipeline-transform/.venv/lib/python3.9/site-packages/airflow/example_dags/tutorial_taskflow_api_etl.py took 0.093 seconds
[2023-05-26 22:04:39,254] {processor.py:153} INFO - Started process (PID=26388) to work on /home/raf/pipeline-transform/.venv/lib/python3.9/site-packages/airflow/example_dags/tutorial_taskflow_api_etl.py
[2023-05-26 22:04:39,261] {processor.py:641} INFO - Processing file /home/raf/pipeline-transform/.venv/lib/python3.9/site-packages/airflow/example_dags/tutorial_taskflow_api_etl.py for tasks to queue
[2023-05-26 22:04:39,262] {logging_mixin.py:115} INFO - [2023-05-26 22:04:39,262] {dagbag.py:507} INFO - Filling up the DagBag from /home/raf/pipeline-transform/.venv/lib/python3.9/site-packages/airflow/example_dags/tutorial_taskflow_api_etl.py
[2023-05-26 22:04:39,277] {processor.py:651} INFO - DAG(s) dict_keys(['tutorial_taskflow_api_etl']) retrieved from /home/raf/pipeline-transform/.venv/lib/python3.9/site-packages/airflow/example_dags/tutorial_taskflow_api_etl.py
[2023-05-26 22:04:39,315] {logging_mixin.py:115} INFO - [2023-05-26 22:04:39,315] {dag.py:2379} INFO - Sync 1 DAGs
[2023-05-26 22:04:39,328] {logging_mixin.py:115} INFO - [2023-05-26 22:04:39,327] {dag.py:2927} INFO - Setting next_dagrun for tutorial_taskflow_api_etl to None, run_after=None
[2023-05-26 22:04:39,349] {processor.py:161} INFO - Processing /home/raf/pipeline-transform/.venv/lib/python3.9/site-packages/airflow/example_dags/tutorial_taskflow_api_etl.py took 0.098 seconds
[2023-05-26 22:05:13,309] {processor.py:153} INFO - Started process (PID=26678) to work on /home/raf/pipeline-transform/.venv/lib/python3.9/site-packages/airflow/example_dags/tutorial_taskflow_api_etl.py
[2023-05-26 22:05:13,317] {processor.py:641} INFO - Processing file /home/raf/pipeline-transform/.venv/lib/python3.9/site-packages/airflow/example_dags/tutorial_taskflow_api_etl.py for tasks to queue
[2023-05-26 22:05:13,318] {logging_mixin.py:115} INFO - [2023-05-26 22:05:13,317] {dagbag.py:507} INFO - Filling up the DagBag from /home/raf/pipeline-transform/.venv/lib/python3.9/site-packages/airflow/example_dags/tutorial_taskflow_api_etl.py
[2023-05-26 22:05:13,331] {processor.py:651} INFO - DAG(s) dict_keys(['tutorial_taskflow_api_etl']) retrieved from /home/raf/pipeline-transform/.venv/lib/python3.9/site-packages/airflow/example_dags/tutorial_taskflow_api_etl.py
[2023-05-26 22:05:13,343] {logging_mixin.py:115} INFO - [2023-05-26 22:05:13,343] {dag.py:2379} INFO - Sync 1 DAGs
[2023-05-26 22:05:13,359] {logging_mixin.py:115} INFO - [2023-05-26 22:05:13,359] {dag.py:2927} INFO - Setting next_dagrun for tutorial_taskflow_api_etl to None, run_after=None
[2023-05-26 22:05:13,377] {processor.py:161} INFO - Processing /home/raf/pipeline-transform/.venv/lib/python3.9/site-packages/airflow/example_dags/tutorial_taskflow_api_etl.py took 0.070 seconds
[2023-05-26 22:05:49,378] {processor.py:153} INFO - Started process (PID=26934) to work on /home/raf/pipeline-transform/.venv/lib/python3.9/site-packages/airflow/example_dags/tutorial_taskflow_api_etl.py
[2023-05-26 22:05:49,388] {processor.py:641} INFO - Processing file /home/raf/pipeline-transform/.venv/lib/python3.9/site-packages/airflow/example_dags/tutorial_taskflow_api_etl.py for tasks to queue
[2023-05-26 22:05:49,388] {logging_mixin.py:115} INFO - [2023-05-26 22:05:49,388] {dagbag.py:507} INFO - Filling up the DagBag from /home/raf/pipeline-transform/.venv/lib/python3.9/site-packages/airflow/example_dags/tutorial_taskflow_api_etl.py
[2023-05-26 22:05:49,401] {processor.py:651} INFO - DAG(s) dict_keys(['tutorial_taskflow_api_etl']) retrieved from /home/raf/pipeline-transform/.venv/lib/python3.9/site-packages/airflow/example_dags/tutorial_taskflow_api_etl.py
[2023-05-26 22:05:49,439] {logging_mixin.py:115} INFO - [2023-05-26 22:05:49,438] {dag.py:2379} INFO - Sync 1 DAGs
[2023-05-26 22:05:49,451] {logging_mixin.py:115} INFO - [2023-05-26 22:05:49,451] {dag.py:2927} INFO - Setting next_dagrun for tutorial_taskflow_api_etl to None, run_after=None
[2023-05-26 22:05:49,474] {processor.py:161} INFO - Processing /home/raf/pipeline-transform/.venv/lib/python3.9/site-packages/airflow/example_dags/tutorial_taskflow_api_etl.py took 0.098 seconds
[2023-05-26 22:06:23,872] {processor.py:153} INFO - Started process (PID=27027) to work on /home/raf/pipeline-transform/.venv/lib/python3.9/site-packages/airflow/example_dags/tutorial_taskflow_api_etl.py
[2023-05-26 22:06:23,883] {processor.py:641} INFO - Processing file /home/raf/pipeline-transform/.venv/lib/python3.9/site-packages/airflow/example_dags/tutorial_taskflow_api_etl.py for tasks to queue
[2023-05-26 22:06:23,883] {logging_mixin.py:115} INFO - [2023-05-26 22:06:23,883] {dagbag.py:507} INFO - Filling up the DagBag from /home/raf/pipeline-transform/.venv/lib/python3.9/site-packages/airflow/example_dags/tutorial_taskflow_api_etl.py
[2023-05-26 22:06:23,899] {processor.py:651} INFO - DAG(s) dict_keys(['tutorial_taskflow_api_etl']) retrieved from /home/raf/pipeline-transform/.venv/lib/python3.9/site-packages/airflow/example_dags/tutorial_taskflow_api_etl.py
[2023-05-26 22:06:23,937] {logging_mixin.py:115} INFO - [2023-05-26 22:06:23,937] {dag.py:2379} INFO - Sync 1 DAGs
[2023-05-26 22:06:23,950] {logging_mixin.py:115} INFO - [2023-05-26 22:06:23,950] {dag.py:2927} INFO - Setting next_dagrun for tutorial_taskflow_api_etl to None, run_after=None
[2023-05-26 22:06:23,970] {processor.py:161} INFO - Processing /home/raf/pipeline-transform/.venv/lib/python3.9/site-packages/airflow/example_dags/tutorial_taskflow_api_etl.py took 0.100 seconds
[2023-05-26 22:06:59,255] {processor.py:153} INFO - Started process (PID=27221) to work on /home/raf/pipeline-transform/.venv/lib/python3.9/site-packages/airflow/example_dags/tutorial_taskflow_api_etl.py
[2023-05-26 22:06:59,267] {processor.py:641} INFO - Processing file /home/raf/pipeline-transform/.venv/lib/python3.9/site-packages/airflow/example_dags/tutorial_taskflow_api_etl.py for tasks to queue
[2023-05-26 22:06:59,267] {logging_mixin.py:115} INFO - [2023-05-26 22:06:59,267] {dagbag.py:507} INFO - Filling up the DagBag from /home/raf/pipeline-transform/.venv/lib/python3.9/site-packages/airflow/example_dags/tutorial_taskflow_api_etl.py
[2023-05-26 22:06:59,280] {processor.py:651} INFO - DAG(s) dict_keys(['tutorial_taskflow_api_etl']) retrieved from /home/raf/pipeline-transform/.venv/lib/python3.9/site-packages/airflow/example_dags/tutorial_taskflow_api_etl.py
[2023-05-26 22:06:59,317] {logging_mixin.py:115} INFO - [2023-05-26 22:06:59,317] {dag.py:2379} INFO - Sync 1 DAGs
[2023-05-26 22:06:59,329] {logging_mixin.py:115} INFO - [2023-05-26 22:06:59,329] {dag.py:2927} INFO - Setting next_dagrun for tutorial_taskflow_api_etl to None, run_after=None
[2023-05-26 22:06:59,350] {processor.py:161} INFO - Processing /home/raf/pipeline-transform/.venv/lib/python3.9/site-packages/airflow/example_dags/tutorial_taskflow_api_etl.py took 0.097 seconds
[2023-05-26 22:07:35,436] {processor.py:153} INFO - Started process (PID=27311) to work on /home/raf/pipeline-transform/.venv/lib/python3.9/site-packages/airflow/example_dags/tutorial_taskflow_api_etl.py
[2023-05-26 22:07:35,437] {processor.py:641} INFO - Processing file /home/raf/pipeline-transform/.venv/lib/python3.9/site-packages/airflow/example_dags/tutorial_taskflow_api_etl.py for tasks to queue
[2023-05-26 22:07:35,437] {logging_mixin.py:115} INFO - [2023-05-26 22:07:35,437] {dagbag.py:507} INFO - Filling up the DagBag from /home/raf/pipeline-transform/.venv/lib/python3.9/site-packages/airflow/example_dags/tutorial_taskflow_api_etl.py
[2023-05-26 22:07:35,457] {processor.py:651} INFO - DAG(s) dict_keys(['tutorial_taskflow_api_etl']) retrieved from /home/raf/pipeline-transform/.venv/lib/python3.9/site-packages/airflow/example_dags/tutorial_taskflow_api_etl.py
[2023-05-26 22:07:35,515] {logging_mixin.py:115} INFO - [2023-05-26 22:07:35,515] {dag.py:2379} INFO - Sync 1 DAGs
[2023-05-26 22:07:35,550] {logging_mixin.py:115} INFO - [2023-05-26 22:07:35,550] {dag.py:2927} INFO - Setting next_dagrun for tutorial_taskflow_api_etl to None, run_after=None
[2023-05-26 22:07:35,597] {processor.py:161} INFO - Processing /home/raf/pipeline-transform/.venv/lib/python3.9/site-packages/airflow/example_dags/tutorial_taskflow_api_etl.py took 0.165 seconds
[2023-05-26 22:08:09,048] {processor.py:153} INFO - Started process (PID=27394) to work on /home/raf/pipeline-transform/.venv/lib/python3.9/site-packages/airflow/example_dags/tutorial_taskflow_api_etl.py
[2023-05-26 22:08:09,062] {processor.py:641} INFO - Processing file /home/raf/pipeline-transform/.venv/lib/python3.9/site-packages/airflow/example_dags/tutorial_taskflow_api_etl.py for tasks to queue
[2023-05-26 22:08:09,063] {logging_mixin.py:115} INFO - [2023-05-26 22:08:09,063] {dagbag.py:507} INFO - Filling up the DagBag from /home/raf/pipeline-transform/.venv/lib/python3.9/site-packages/airflow/example_dags/tutorial_taskflow_api_etl.py
[2023-05-26 22:08:09,076] {processor.py:651} INFO - DAG(s) dict_keys(['tutorial_taskflow_api_etl']) retrieved from /home/raf/pipeline-transform/.venv/lib/python3.9/site-packages/airflow/example_dags/tutorial_taskflow_api_etl.py
[2023-05-26 22:08:09,088] {logging_mixin.py:115} INFO - [2023-05-26 22:08:09,088] {dag.py:2379} INFO - Sync 1 DAGs
[2023-05-26 22:08:09,103] {logging_mixin.py:115} INFO - [2023-05-26 22:08:09,103] {dag.py:2927} INFO - Setting next_dagrun for tutorial_taskflow_api_etl to None, run_after=None
[2023-05-26 22:08:09,122] {processor.py:161} INFO - Processing /home/raf/pipeline-transform/.venv/lib/python3.9/site-packages/airflow/example_dags/tutorial_taskflow_api_etl.py took 0.077 seconds
[2023-05-26 22:08:42,253] {processor.py:153} INFO - Started process (PID=27533) to work on /home/raf/pipeline-transform/.venv/lib/python3.9/site-packages/airflow/example_dags/tutorial_taskflow_api_etl.py
[2023-05-26 22:08:42,253] {processor.py:641} INFO - Processing file /home/raf/pipeline-transform/.venv/lib/python3.9/site-packages/airflow/example_dags/tutorial_taskflow_api_etl.py for tasks to queue
[2023-05-26 22:08:42,254] {logging_mixin.py:115} INFO - [2023-05-26 22:08:42,254] {dagbag.py:507} INFO - Filling up the DagBag from /home/raf/pipeline-transform/.venv/lib/python3.9/site-packages/airflow/example_dags/tutorial_taskflow_api_etl.py
[2023-05-26 22:08:42,267] {processor.py:651} INFO - DAG(s) dict_keys(['tutorial_taskflow_api_etl']) retrieved from /home/raf/pipeline-transform/.venv/lib/python3.9/site-packages/airflow/example_dags/tutorial_taskflow_api_etl.py
[2023-05-26 22:08:42,303] {logging_mixin.py:115} INFO - [2023-05-26 22:08:42,303] {dag.py:2379} INFO - Sync 1 DAGs
[2023-05-26 22:08:42,315] {logging_mixin.py:115} INFO - [2023-05-26 22:08:42,315] {dag.py:2927} INFO - Setting next_dagrun for tutorial_taskflow_api_etl to None, run_after=None
[2023-05-26 22:08:42,344] {processor.py:161} INFO - Processing /home/raf/pipeline-transform/.venv/lib/python3.9/site-packages/airflow/example_dags/tutorial_taskflow_api_etl.py took 0.094 seconds
[2023-05-26 22:09:17,277] {processor.py:153} INFO - Started process (PID=27621) to work on /home/raf/pipeline-transform/.venv/lib/python3.9/site-packages/airflow/example_dags/tutorial_taskflow_api_etl.py
[2023-05-26 22:09:17,297] {processor.py:641} INFO - Processing file /home/raf/pipeline-transform/.venv/lib/python3.9/site-packages/airflow/example_dags/tutorial_taskflow_api_etl.py for tasks to queue
[2023-05-26 22:09:17,298] {logging_mixin.py:115} INFO - [2023-05-26 22:09:17,298] {dagbag.py:507} INFO - Filling up the DagBag from /home/raf/pipeline-transform/.venv/lib/python3.9/site-packages/airflow/example_dags/tutorial_taskflow_api_etl.py
[2023-05-26 22:09:17,322] {processor.py:651} INFO - DAG(s) dict_keys(['tutorial_taskflow_api_etl']) retrieved from /home/raf/pipeline-transform/.venv/lib/python3.9/site-packages/airflow/example_dags/tutorial_taskflow_api_etl.py
[2023-05-26 22:09:17,350] {logging_mixin.py:115} INFO - [2023-05-26 22:09:17,350] {dag.py:2379} INFO - Sync 1 DAGs
[2023-05-26 22:09:17,379] {logging_mixin.py:115} INFO - [2023-05-26 22:09:17,379] {dag.py:2927} INFO - Setting next_dagrun for tutorial_taskflow_api_etl to None, run_after=None
[2023-05-26 22:09:17,399] {processor.py:161} INFO - Processing /home/raf/pipeline-transform/.venv/lib/python3.9/site-packages/airflow/example_dags/tutorial_taskflow_api_etl.py took 0.124 seconds
[2023-05-26 22:09:50,461] {processor.py:153} INFO - Started process (PID=27806) to work on /home/raf/pipeline-transform/.venv/lib/python3.9/site-packages/airflow/example_dags/tutorial_taskflow_api_etl.py
[2023-05-26 22:09:50,481] {processor.py:641} INFO - Processing file /home/raf/pipeline-transform/.venv/lib/python3.9/site-packages/airflow/example_dags/tutorial_taskflow_api_etl.py for tasks to queue
[2023-05-26 22:09:50,482] {logging_mixin.py:115} INFO - [2023-05-26 22:09:50,482] {dagbag.py:507} INFO - Filling up the DagBag from /home/raf/pipeline-transform/.venv/lib/python3.9/site-packages/airflow/example_dags/tutorial_taskflow_api_etl.py
[2023-05-26 22:09:50,495] {processor.py:651} INFO - DAG(s) dict_keys(['tutorial_taskflow_api_etl']) retrieved from /home/raf/pipeline-transform/.venv/lib/python3.9/site-packages/airflow/example_dags/tutorial_taskflow_api_etl.py
[2023-05-26 22:09:50,507] {logging_mixin.py:115} INFO - [2023-05-26 22:09:50,507] {dag.py:2379} INFO - Sync 1 DAGs
[2023-05-26 22:09:50,524] {logging_mixin.py:115} INFO - [2023-05-26 22:09:50,524] {dag.py:2927} INFO - Setting next_dagrun for tutorial_taskflow_api_etl to None, run_after=None
[2023-05-26 22:09:50,545] {processor.py:161} INFO - Processing /home/raf/pipeline-transform/.venv/lib/python3.9/site-packages/airflow/example_dags/tutorial_taskflow_api_etl.py took 0.087 seconds
[2023-05-26 22:10:24,106] {processor.py:153} INFO - Started process (PID=27888) to work on /home/raf/pipeline-transform/.venv/lib/python3.9/site-packages/airflow/example_dags/tutorial_taskflow_api_etl.py
[2023-05-26 22:10:24,128] {processor.py:641} INFO - Processing file /home/raf/pipeline-transform/.venv/lib/python3.9/site-packages/airflow/example_dags/tutorial_taskflow_api_etl.py for tasks to queue
[2023-05-26 22:10:24,130] {logging_mixin.py:115} INFO - [2023-05-26 22:10:24,129] {dagbag.py:507} INFO - Filling up the DagBag from /home/raf/pipeline-transform/.venv/lib/python3.9/site-packages/airflow/example_dags/tutorial_taskflow_api_etl.py
[2023-05-26 22:10:24,143] {processor.py:651} INFO - DAG(s) dict_keys(['tutorial_taskflow_api_etl']) retrieved from /home/raf/pipeline-transform/.venv/lib/python3.9/site-packages/airflow/example_dags/tutorial_taskflow_api_etl.py
[2023-05-26 22:10:24,185] {logging_mixin.py:115} INFO - [2023-05-26 22:10:24,185] {dag.py:2379} INFO - Sync 1 DAGs
[2023-05-26 22:10:24,198] {logging_mixin.py:115} INFO - [2023-05-26 22:10:24,198] {dag.py:2927} INFO - Setting next_dagrun for tutorial_taskflow_api_etl to None, run_after=None
[2023-05-26 22:10:24,218] {processor.py:161} INFO - Processing /home/raf/pipeline-transform/.venv/lib/python3.9/site-packages/airflow/example_dags/tutorial_taskflow_api_etl.py took 0.114 seconds
[2023-05-26 22:10:58,983] {processor.py:153} INFO - Started process (PID=27975) to work on /home/raf/pipeline-transform/.venv/lib/python3.9/site-packages/airflow/example_dags/tutorial_taskflow_api_etl.py
[2023-05-26 22:10:59,006] {processor.py:641} INFO - Processing file /home/raf/pipeline-transform/.venv/lib/python3.9/site-packages/airflow/example_dags/tutorial_taskflow_api_etl.py for tasks to queue
[2023-05-26 22:10:59,007] {logging_mixin.py:115} INFO - [2023-05-26 22:10:59,006] {dagbag.py:507} INFO - Filling up the DagBag from /home/raf/pipeline-transform/.venv/lib/python3.9/site-packages/airflow/example_dags/tutorial_taskflow_api_etl.py
[2023-05-26 22:10:59,021] {processor.py:651} INFO - DAG(s) dict_keys(['tutorial_taskflow_api_etl']) retrieved from /home/raf/pipeline-transform/.venv/lib/python3.9/site-packages/airflow/example_dags/tutorial_taskflow_api_etl.py
[2023-05-26 22:10:59,066] {logging_mixin.py:115} INFO - [2023-05-26 22:10:59,066] {dag.py:2379} INFO - Sync 1 DAGs
[2023-05-26 22:10:59,079] {logging_mixin.py:115} INFO - [2023-05-26 22:10:59,079] {dag.py:2927} INFO - Setting next_dagrun for tutorial_taskflow_api_etl to None, run_after=None
[2023-05-26 22:10:59,102] {processor.py:161} INFO - Processing /home/raf/pipeline-transform/.venv/lib/python3.9/site-packages/airflow/example_dags/tutorial_taskflow_api_etl.py took 0.121 seconds
[2023-05-26 22:11:31,994] {processor.py:153} INFO - Started process (PID=28059) to work on /home/raf/pipeline-transform/.venv/lib/python3.9/site-packages/airflow/example_dags/tutorial_taskflow_api_etl.py
[2023-05-26 22:11:31,995] {processor.py:641} INFO - Processing file /home/raf/pipeline-transform/.venv/lib/python3.9/site-packages/airflow/example_dags/tutorial_taskflow_api_etl.py for tasks to queue
[2023-05-26 22:11:31,995] {logging_mixin.py:115} INFO - [2023-05-26 22:11:31,995] {dagbag.py:507} INFO - Filling up the DagBag from /home/raf/pipeline-transform/.venv/lib/python3.9/site-packages/airflow/example_dags/tutorial_taskflow_api_etl.py
[2023-05-26 22:11:32,012] {processor.py:651} INFO - DAG(s) dict_keys(['tutorial_taskflow_api_etl']) retrieved from /home/raf/pipeline-transform/.venv/lib/python3.9/site-packages/airflow/example_dags/tutorial_taskflow_api_etl.py
[2023-05-26 22:11:32,027] {logging_mixin.py:115} INFO - [2023-05-26 22:11:32,027] {dag.py:2379} INFO - Sync 1 DAGs
[2023-05-26 22:11:32,044] {logging_mixin.py:115} INFO - [2023-05-26 22:11:32,044] {dag.py:2927} INFO - Setting next_dagrun for tutorial_taskflow_api_etl to None, run_after=None
[2023-05-26 22:11:32,072] {processor.py:161} INFO - Processing /home/raf/pipeline-transform/.venv/lib/python3.9/site-packages/airflow/example_dags/tutorial_taskflow_api_etl.py took 0.080 seconds
[2023-05-26 22:12:04,290] {processor.py:153} INFO - Started process (PID=28148) to work on /home/raf/pipeline-transform/.venv/lib/python3.9/site-packages/airflow/example_dags/tutorial_taskflow_api_etl.py
[2023-05-26 22:12:04,295] {processor.py:641} INFO - Processing file /home/raf/pipeline-transform/.venv/lib/python3.9/site-packages/airflow/example_dags/tutorial_taskflow_api_etl.py for tasks to queue
[2023-05-26 22:12:04,296] {logging_mixin.py:115} INFO - [2023-05-26 22:12:04,295] {dagbag.py:507} INFO - Filling up the DagBag from /home/raf/pipeline-transform/.venv/lib/python3.9/site-packages/airflow/example_dags/tutorial_taskflow_api_etl.py
[2023-05-26 22:12:04,309] {processor.py:651} INFO - DAG(s) dict_keys(['tutorial_taskflow_api_etl']) retrieved from /home/raf/pipeline-transform/.venv/lib/python3.9/site-packages/airflow/example_dags/tutorial_taskflow_api_etl.py
[2023-05-26 22:12:04,346] {logging_mixin.py:115} INFO - [2023-05-26 22:12:04,346] {dag.py:2379} INFO - Sync 1 DAGs
[2023-05-26 22:12:04,359] {logging_mixin.py:115} INFO - [2023-05-26 22:12:04,359] {dag.py:2927} INFO - Setting next_dagrun for tutorial_taskflow_api_etl to None, run_after=None
[2023-05-26 22:12:04,400] {processor.py:161} INFO - Processing /home/raf/pipeline-transform/.venv/lib/python3.9/site-packages/airflow/example_dags/tutorial_taskflow_api_etl.py took 0.113 seconds
[2023-05-26 22:12:38,587] {processor.py:153} INFO - Started process (PID=28387) to work on /home/raf/pipeline-transform/.venv/lib/python3.9/site-packages/airflow/example_dags/tutorial_taskflow_api_etl.py
[2023-05-26 22:12:38,590] {processor.py:641} INFO - Processing file /home/raf/pipeline-transform/.venv/lib/python3.9/site-packages/airflow/example_dags/tutorial_taskflow_api_etl.py for tasks to queue
[2023-05-26 22:12:38,591] {logging_mixin.py:115} INFO - [2023-05-26 22:12:38,591] {dagbag.py:507} INFO - Filling up the DagBag from /home/raf/pipeline-transform/.venv/lib/python3.9/site-packages/airflow/example_dags/tutorial_taskflow_api_etl.py
[2023-05-26 22:12:38,606] {processor.py:651} INFO - DAG(s) dict_keys(['tutorial_taskflow_api_etl']) retrieved from /home/raf/pipeline-transform/.venv/lib/python3.9/site-packages/airflow/example_dags/tutorial_taskflow_api_etl.py
[2023-05-26 22:12:38,620] {logging_mixin.py:115} INFO - [2023-05-26 22:12:38,620] {dag.py:2379} INFO - Sync 1 DAGs
[2023-05-26 22:12:38,637] {logging_mixin.py:115} INFO - [2023-05-26 22:12:38,637] {dag.py:2927} INFO - Setting next_dagrun for tutorial_taskflow_api_etl to None, run_after=None
[2023-05-26 22:12:38,656] {processor.py:161} INFO - Processing /home/raf/pipeline-transform/.venv/lib/python3.9/site-packages/airflow/example_dags/tutorial_taskflow_api_etl.py took 0.071 seconds
[2023-05-26 22:13:13,004] {processor.py:153} INFO - Started process (PID=28473) to work on /home/raf/pipeline-transform/.venv/lib/python3.9/site-packages/airflow/example_dags/tutorial_taskflow_api_etl.py
[2023-05-26 22:13:13,008] {processor.py:641} INFO - Processing file /home/raf/pipeline-transform/.venv/lib/python3.9/site-packages/airflow/example_dags/tutorial_taskflow_api_etl.py for tasks to queue
[2023-05-26 22:13:13,008] {logging_mixin.py:115} INFO - [2023-05-26 22:13:13,008] {dagbag.py:507} INFO - Filling up the DagBag from /home/raf/pipeline-transform/.venv/lib/python3.9/site-packages/airflow/example_dags/tutorial_taskflow_api_etl.py
[2023-05-26 22:13:13,022] {processor.py:651} INFO - DAG(s) dict_keys(['tutorial_taskflow_api_etl']) retrieved from /home/raf/pipeline-transform/.venv/lib/python3.9/site-packages/airflow/example_dags/tutorial_taskflow_api_etl.py
[2023-05-26 22:13:13,035] {logging_mixin.py:115} INFO - [2023-05-26 22:13:13,035] {dag.py:2379} INFO - Sync 1 DAGs
[2023-05-26 22:13:13,052] {logging_mixin.py:115} INFO - [2023-05-26 22:13:13,052] {dag.py:2927} INFO - Setting next_dagrun for tutorial_taskflow_api_etl to None, run_after=None
[2023-05-26 22:13:13,071] {processor.py:161} INFO - Processing /home/raf/pipeline-transform/.venv/lib/python3.9/site-packages/airflow/example_dags/tutorial_taskflow_api_etl.py took 0.070 seconds
[2023-05-26 22:13:44,424] {processor.py:153} INFO - Started process (PID=28603) to work on /home/raf/pipeline-transform/.venv/lib/python3.9/site-packages/airflow/example_dags/tutorial_taskflow_api_etl.py
[2023-05-26 22:13:44,425] {processor.py:641} INFO - Processing file /home/raf/pipeline-transform/.venv/lib/python3.9/site-packages/airflow/example_dags/tutorial_taskflow_api_etl.py for tasks to queue
[2023-05-26 22:13:44,425] {logging_mixin.py:115} INFO - [2023-05-26 22:13:44,425] {dagbag.py:507} INFO - Filling up the DagBag from /home/raf/pipeline-transform/.venv/lib/python3.9/site-packages/airflow/example_dags/tutorial_taskflow_api_etl.py
[2023-05-26 22:13:44,451] {processor.py:651} INFO - DAG(s) dict_keys(['tutorial_taskflow_api_etl']) retrieved from /home/raf/pipeline-transform/.venv/lib/python3.9/site-packages/airflow/example_dags/tutorial_taskflow_api_etl.py
[2023-05-26 22:13:44,508] {logging_mixin.py:115} INFO - [2023-05-26 22:13:44,508] {dag.py:2379} INFO - Sync 1 DAGs
[2023-05-26 22:13:44,527] {logging_mixin.py:115} INFO - [2023-05-26 22:13:44,526] {dag.py:2927} INFO - Setting next_dagrun for tutorial_taskflow_api_etl to None, run_after=None
[2023-05-26 22:13:44,579] {processor.py:161} INFO - Processing /home/raf/pipeline-transform/.venv/lib/python3.9/site-packages/airflow/example_dags/tutorial_taskflow_api_etl.py took 0.158 seconds
[2023-05-26 22:14:19,338] {processor.py:153} INFO - Started process (PID=28691) to work on /home/raf/pipeline-transform/.venv/lib/python3.9/site-packages/airflow/example_dags/tutorial_taskflow_api_etl.py
[2023-05-26 22:14:19,358] {processor.py:641} INFO - Processing file /home/raf/pipeline-transform/.venv/lib/python3.9/site-packages/airflow/example_dags/tutorial_taskflow_api_etl.py for tasks to queue
[2023-05-26 22:14:19,359] {logging_mixin.py:115} INFO - [2023-05-26 22:14:19,359] {dagbag.py:507} INFO - Filling up the DagBag from /home/raf/pipeline-transform/.venv/lib/python3.9/site-packages/airflow/example_dags/tutorial_taskflow_api_etl.py
[2023-05-26 22:14:19,374] {processor.py:651} INFO - DAG(s) dict_keys(['tutorial_taskflow_api_etl']) retrieved from /home/raf/pipeline-transform/.venv/lib/python3.9/site-packages/airflow/example_dags/tutorial_taskflow_api_etl.py
[2023-05-26 22:14:19,387] {logging_mixin.py:115} INFO - [2023-05-26 22:14:19,387] {dag.py:2379} INFO - Sync 1 DAGs
[2023-05-26 22:14:19,405] {logging_mixin.py:115} INFO - [2023-05-26 22:14:19,405] {dag.py:2927} INFO - Setting next_dagrun for tutorial_taskflow_api_etl to None, run_after=None
[2023-05-26 22:14:19,425] {processor.py:161} INFO - Processing /home/raf/pipeline-transform/.venv/lib/python3.9/site-packages/airflow/example_dags/tutorial_taskflow_api_etl.py took 0.089 seconds
[2023-05-26 22:14:52,346] {processor.py:153} INFO - Started process (PID=28774) to work on /home/raf/pipeline-transform/.venv/lib/python3.9/site-packages/airflow/example_dags/tutorial_taskflow_api_etl.py
[2023-05-26 22:14:52,366] {processor.py:641} INFO - Processing file /home/raf/pipeline-transform/.venv/lib/python3.9/site-packages/airflow/example_dags/tutorial_taskflow_api_etl.py for tasks to queue
[2023-05-26 22:14:52,366] {logging_mixin.py:115} INFO - [2023-05-26 22:14:52,366] {dagbag.py:507} INFO - Filling up the DagBag from /home/raf/pipeline-transform/.venv/lib/python3.9/site-packages/airflow/example_dags/tutorial_taskflow_api_etl.py
[2023-05-26 22:14:52,381] {processor.py:651} INFO - DAG(s) dict_keys(['tutorial_taskflow_api_etl']) retrieved from /home/raf/pipeline-transform/.venv/lib/python3.9/site-packages/airflow/example_dags/tutorial_taskflow_api_etl.py
[2023-05-26 22:14:52,394] {logging_mixin.py:115} INFO - [2023-05-26 22:14:52,394] {dag.py:2379} INFO - Sync 1 DAGs
[2023-05-26 22:14:52,412] {logging_mixin.py:115} INFO - [2023-05-26 22:14:52,412] {dag.py:2927} INFO - Setting next_dagrun for tutorial_taskflow_api_etl to None, run_after=None
[2023-05-26 22:14:52,431] {processor.py:161} INFO - Processing /home/raf/pipeline-transform/.venv/lib/python3.9/site-packages/airflow/example_dags/tutorial_taskflow_api_etl.py took 0.088 seconds
[2023-05-26 22:15:26,943] {processor.py:153} INFO - Started process (PID=28860) to work on /home/raf/pipeline-transform/.venv/lib/python3.9/site-packages/airflow/example_dags/tutorial_taskflow_api_etl.py
[2023-05-26 22:15:26,964] {processor.py:641} INFO - Processing file /home/raf/pipeline-transform/.venv/lib/python3.9/site-packages/airflow/example_dags/tutorial_taskflow_api_etl.py for tasks to queue
[2023-05-26 22:15:26,965] {logging_mixin.py:115} INFO - [2023-05-26 22:15:26,964] {dagbag.py:507} INFO - Filling up the DagBag from /home/raf/pipeline-transform/.venv/lib/python3.9/site-packages/airflow/example_dags/tutorial_taskflow_api_etl.py
[2023-05-26 22:15:26,978] {processor.py:651} INFO - DAG(s) dict_keys(['tutorial_taskflow_api_etl']) retrieved from /home/raf/pipeline-transform/.venv/lib/python3.9/site-packages/airflow/example_dags/tutorial_taskflow_api_etl.py
[2023-05-26 22:15:26,990] {logging_mixin.py:115} INFO - [2023-05-26 22:15:26,990] {dag.py:2379} INFO - Sync 1 DAGs
[2023-05-26 22:15:27,007] {logging_mixin.py:115} INFO - [2023-05-26 22:15:27,007] {dag.py:2927} INFO - Setting next_dagrun for tutorial_taskflow_api_etl to None, run_after=None
[2023-05-26 22:15:27,024] {processor.py:161} INFO - Processing /home/raf/pipeline-transform/.venv/lib/python3.9/site-packages/airflow/example_dags/tutorial_taskflow_api_etl.py took 0.083 seconds
[2023-05-26 22:16:03,942] {processor.py:153} INFO - Started process (PID=28950) to work on /home/raf/pipeline-transform/.venv/lib/python3.9/site-packages/airflow/example_dags/tutorial_taskflow_api_etl.py
[2023-05-26 22:16:03,951] {processor.py:641} INFO - Processing file /home/raf/pipeline-transform/.venv/lib/python3.9/site-packages/airflow/example_dags/tutorial_taskflow_api_etl.py for tasks to queue
[2023-05-26 22:16:03,951] {logging_mixin.py:115} INFO - [2023-05-26 22:16:03,951] {dagbag.py:507} INFO - Filling up the DagBag from /home/raf/pipeline-transform/.venv/lib/python3.9/site-packages/airflow/example_dags/tutorial_taskflow_api_etl.py
[2023-05-26 22:16:03,966] {processor.py:651} INFO - DAG(s) dict_keys(['tutorial_taskflow_api_etl']) retrieved from /home/raf/pipeline-transform/.venv/lib/python3.9/site-packages/airflow/example_dags/tutorial_taskflow_api_etl.py
[2023-05-26 22:16:03,979] {logging_mixin.py:115} INFO - [2023-05-26 22:16:03,979] {dag.py:2379} INFO - Sync 1 DAGs
[2023-05-26 22:16:03,997] {logging_mixin.py:115} INFO - [2023-05-26 22:16:03,997] {dag.py:2927} INFO - Setting next_dagrun for tutorial_taskflow_api_etl to None, run_after=None
[2023-05-26 22:16:04,015] {processor.py:161} INFO - Processing /home/raf/pipeline-transform/.venv/lib/python3.9/site-packages/airflow/example_dags/tutorial_taskflow_api_etl.py took 0.076 seconds
[2023-05-26 22:16:37,447] {processor.py:153} INFO - Started process (PID=29034) to work on /home/raf/pipeline-transform/.venv/lib/python3.9/site-packages/airflow/example_dags/tutorial_taskflow_api_etl.py
[2023-05-26 22:16:37,471] {processor.py:641} INFO - Processing file /home/raf/pipeline-transform/.venv/lib/python3.9/site-packages/airflow/example_dags/tutorial_taskflow_api_etl.py for tasks to queue
[2023-05-26 22:16:37,472] {logging_mixin.py:115} INFO - [2023-05-26 22:16:37,472] {dagbag.py:507} INFO - Filling up the DagBag from /home/raf/pipeline-transform/.venv/lib/python3.9/site-packages/airflow/example_dags/tutorial_taskflow_api_etl.py
[2023-05-26 22:16:37,486] {processor.py:651} INFO - DAG(s) dict_keys(['tutorial_taskflow_api_etl']) retrieved from /home/raf/pipeline-transform/.venv/lib/python3.9/site-packages/airflow/example_dags/tutorial_taskflow_api_etl.py
[2023-05-26 22:16:37,499] {logging_mixin.py:115} INFO - [2023-05-26 22:16:37,499] {dag.py:2379} INFO - Sync 1 DAGs
[2023-05-26 22:16:37,515] {logging_mixin.py:115} INFO - [2023-05-26 22:16:37,515] {dag.py:2927} INFO - Setting next_dagrun for tutorial_taskflow_api_etl to None, run_after=None
[2023-05-26 22:16:37,533] {processor.py:161} INFO - Processing /home/raf/pipeline-transform/.venv/lib/python3.9/site-packages/airflow/example_dags/tutorial_taskflow_api_etl.py took 0.088 seconds
[2023-05-26 22:17:14,101] {processor.py:153} INFO - Started process (PID=29124) to work on /home/raf/pipeline-transform/.venv/lib/python3.9/site-packages/airflow/example_dags/tutorial_taskflow_api_etl.py
[2023-05-26 22:17:14,111] {processor.py:641} INFO - Processing file /home/raf/pipeline-transform/.venv/lib/python3.9/site-packages/airflow/example_dags/tutorial_taskflow_api_etl.py for tasks to queue
[2023-05-26 22:17:14,111] {logging_mixin.py:115} INFO - [2023-05-26 22:17:14,111] {dagbag.py:507} INFO - Filling up the DagBag from /home/raf/pipeline-transform/.venv/lib/python3.9/site-packages/airflow/example_dags/tutorial_taskflow_api_etl.py
[2023-05-26 22:17:14,126] {processor.py:651} INFO - DAG(s) dict_keys(['tutorial_taskflow_api_etl']) retrieved from /home/raf/pipeline-transform/.venv/lib/python3.9/site-packages/airflow/example_dags/tutorial_taskflow_api_etl.py
[2023-05-26 22:17:14,165] {logging_mixin.py:115} INFO - [2023-05-26 22:17:14,165] {dag.py:2379} INFO - Sync 1 DAGs
[2023-05-26 22:17:14,180] {logging_mixin.py:115} INFO - [2023-05-26 22:17:14,180] {dag.py:2927} INFO - Setting next_dagrun for tutorial_taskflow_api_etl to None, run_after=None
[2023-05-26 22:17:14,202] {processor.py:161} INFO - Processing /home/raf/pipeline-transform/.venv/lib/python3.9/site-packages/airflow/example_dags/tutorial_taskflow_api_etl.py took 0.104 seconds
[2023-05-26 22:17:50,435] {processor.py:153} INFO - Started process (PID=29214) to work on /home/raf/pipeline-transform/.venv/lib/python3.9/site-packages/airflow/example_dags/tutorial_taskflow_api_etl.py
[2023-05-26 22:17:50,444] {processor.py:641} INFO - Processing file /home/raf/pipeline-transform/.venv/lib/python3.9/site-packages/airflow/example_dags/tutorial_taskflow_api_etl.py for tasks to queue
[2023-05-26 22:17:50,445] {logging_mixin.py:115} INFO - [2023-05-26 22:17:50,445] {dagbag.py:507} INFO - Filling up the DagBag from /home/raf/pipeline-transform/.venv/lib/python3.9/site-packages/airflow/example_dags/tutorial_taskflow_api_etl.py
[2023-05-26 22:17:50,460] {processor.py:651} INFO - DAG(s) dict_keys(['tutorial_taskflow_api_etl']) retrieved from /home/raf/pipeline-transform/.venv/lib/python3.9/site-packages/airflow/example_dags/tutorial_taskflow_api_etl.py
[2023-05-26 22:17:50,475] {logging_mixin.py:115} INFO - [2023-05-26 22:17:50,475] {dag.py:2379} INFO - Sync 1 DAGs
[2023-05-26 22:17:50,493] {logging_mixin.py:115} INFO - [2023-05-26 22:17:50,493] {dag.py:2927} INFO - Setting next_dagrun for tutorial_taskflow_api_etl to None, run_after=None
[2023-05-26 22:17:50,516] {processor.py:161} INFO - Processing /home/raf/pipeline-transform/.venv/lib/python3.9/site-packages/airflow/example_dags/tutorial_taskflow_api_etl.py took 0.083 seconds
[2023-05-26 22:18:27,765] {processor.py:153} INFO - Started process (PID=29356) to work on /home/raf/pipeline-transform/.venv/lib/python3.9/site-packages/airflow/example_dags/tutorial_taskflow_api_etl.py
[2023-05-26 22:18:27,773] {processor.py:641} INFO - Processing file /home/raf/pipeline-transform/.venv/lib/python3.9/site-packages/airflow/example_dags/tutorial_taskflow_api_etl.py for tasks to queue
[2023-05-26 22:18:27,773] {logging_mixin.py:115} INFO - [2023-05-26 22:18:27,773] {dagbag.py:507} INFO - Filling up the DagBag from /home/raf/pipeline-transform/.venv/lib/python3.9/site-packages/airflow/example_dags/tutorial_taskflow_api_etl.py
[2023-05-26 22:18:27,787] {processor.py:651} INFO - DAG(s) dict_keys(['tutorial_taskflow_api_etl']) retrieved from /home/raf/pipeline-transform/.venv/lib/python3.9/site-packages/airflow/example_dags/tutorial_taskflow_api_etl.py
[2023-05-26 22:18:27,823] {logging_mixin.py:115} INFO - [2023-05-26 22:18:27,823] {dag.py:2379} INFO - Sync 1 DAGs
[2023-05-26 22:18:27,836] {logging_mixin.py:115} INFO - [2023-05-26 22:18:27,836] {dag.py:2927} INFO - Setting next_dagrun for tutorial_taskflow_api_etl to None, run_after=None
[2023-05-26 22:18:27,858] {processor.py:161} INFO - Processing /home/raf/pipeline-transform/.venv/lib/python3.9/site-packages/airflow/example_dags/tutorial_taskflow_api_etl.py took 0.095 seconds
[2023-05-26 22:19:02,735] {processor.py:153} INFO - Started process (PID=29454) to work on /home/raf/pipeline-transform/.venv/lib/python3.9/site-packages/airflow/example_dags/tutorial_taskflow_api_etl.py
[2023-05-26 22:19:02,743] {processor.py:641} INFO - Processing file /home/raf/pipeline-transform/.venv/lib/python3.9/site-packages/airflow/example_dags/tutorial_taskflow_api_etl.py for tasks to queue
[2023-05-26 22:19:02,744] {logging_mixin.py:115} INFO - [2023-05-26 22:19:02,744] {dagbag.py:507} INFO - Filling up the DagBag from /home/raf/pipeline-transform/.venv/lib/python3.9/site-packages/airflow/example_dags/tutorial_taskflow_api_etl.py
[2023-05-26 22:19:02,757] {processor.py:651} INFO - DAG(s) dict_keys(['tutorial_taskflow_api_etl']) retrieved from /home/raf/pipeline-transform/.venv/lib/python3.9/site-packages/airflow/example_dags/tutorial_taskflow_api_etl.py
[2023-05-26 22:19:02,795] {logging_mixin.py:115} INFO - [2023-05-26 22:19:02,794] {dag.py:2379} INFO - Sync 1 DAGs
[2023-05-26 22:19:02,807] {logging_mixin.py:115} INFO - [2023-05-26 22:19:02,807] {dag.py:2927} INFO - Setting next_dagrun for tutorial_taskflow_api_etl to None, run_after=None
[2023-05-26 22:19:02,832] {processor.py:161} INFO - Processing /home/raf/pipeline-transform/.venv/lib/python3.9/site-packages/airflow/example_dags/tutorial_taskflow_api_etl.py took 0.099 seconds
[2023-05-26 22:19:37,408] {processor.py:153} INFO - Started process (PID=29694) to work on /home/raf/pipeline-transform/.venv/lib/python3.9/site-packages/airflow/example_dags/tutorial_taskflow_api_etl.py
[2023-05-26 22:19:37,411] {processor.py:641} INFO - Processing file /home/raf/pipeline-transform/.venv/lib/python3.9/site-packages/airflow/example_dags/tutorial_taskflow_api_etl.py for tasks to queue
[2023-05-26 22:19:37,412] {logging_mixin.py:115} INFO - [2023-05-26 22:19:37,412] {dagbag.py:507} INFO - Filling up the DagBag from /home/raf/pipeline-transform/.venv/lib/python3.9/site-packages/airflow/example_dags/tutorial_taskflow_api_etl.py
[2023-05-26 22:19:37,426] {processor.py:651} INFO - DAG(s) dict_keys(['tutorial_taskflow_api_etl']) retrieved from /home/raf/pipeline-transform/.venv/lib/python3.9/site-packages/airflow/example_dags/tutorial_taskflow_api_etl.py
[2023-05-26 22:19:37,469] {logging_mixin.py:115} INFO - [2023-05-26 22:19:37,469] {dag.py:2379} INFO - Sync 1 DAGs
[2023-05-26 22:19:37,484] {logging_mixin.py:115} INFO - [2023-05-26 22:19:37,484] {dag.py:2927} INFO - Setting next_dagrun for tutorial_taskflow_api_etl to None, run_after=None
[2023-05-26 22:19:37,509] {processor.py:161} INFO - Processing /home/raf/pipeline-transform/.venv/lib/python3.9/site-packages/airflow/example_dags/tutorial_taskflow_api_etl.py took 0.104 seconds
[2023-05-26 22:20:30,820] {processor.py:153} INFO - Started process (PID=30172) to work on /home/raf/pipeline-transform/.venv/lib/python3.9/site-packages/airflow/example_dags/tutorial_taskflow_api_etl.py
[2023-05-26 22:20:30,832] {processor.py:641} INFO - Processing file /home/raf/pipeline-transform/.venv/lib/python3.9/site-packages/airflow/example_dags/tutorial_taskflow_api_etl.py for tasks to queue
[2023-05-26 22:20:30,832] {logging_mixin.py:115} INFO - [2023-05-26 22:20:30,832] {dagbag.py:507} INFO - Filling up the DagBag from /home/raf/pipeline-transform/.venv/lib/python3.9/site-packages/airflow/example_dags/tutorial_taskflow_api_etl.py
[2023-05-26 22:20:30,846] {processor.py:651} INFO - DAG(s) dict_keys(['tutorial_taskflow_api_etl']) retrieved from /home/raf/pipeline-transform/.venv/lib/python3.9/site-packages/airflow/example_dags/tutorial_taskflow_api_etl.py
[2023-05-26 22:20:30,884] {logging_mixin.py:115} INFO - [2023-05-26 22:20:30,883] {dag.py:2379} INFO - Sync 1 DAGs
[2023-05-26 22:20:30,903] {logging_mixin.py:115} INFO - [2023-05-26 22:20:30,903] {dag.py:2927} INFO - Setting next_dagrun for tutorial_taskflow_api_etl to None, run_after=None
[2023-05-26 22:20:30,941] {processor.py:161} INFO - Processing /home/raf/pipeline-transform/.venv/lib/python3.9/site-packages/airflow/example_dags/tutorial_taskflow_api_etl.py took 0.123 seconds
[2023-05-26 22:21:06,846] {processor.py:153} INFO - Started process (PID=30422) to work on /home/raf/pipeline-transform/.venv/lib/python3.9/site-packages/airflow/example_dags/tutorial_taskflow_api_etl.py
[2023-05-26 22:21:06,859] {processor.py:641} INFO - Processing file /home/raf/pipeline-transform/.venv/lib/python3.9/site-packages/airflow/example_dags/tutorial_taskflow_api_etl.py for tasks to queue
[2023-05-26 22:21:06,859] {logging_mixin.py:115} INFO - [2023-05-26 22:21:06,859] {dagbag.py:507} INFO - Filling up the DagBag from /home/raf/pipeline-transform/.venv/lib/python3.9/site-packages/airflow/example_dags/tutorial_taskflow_api_etl.py
[2023-05-26 22:21:06,873] {processor.py:651} INFO - DAG(s) dict_keys(['tutorial_taskflow_api_etl']) retrieved from /home/raf/pipeline-transform/.venv/lib/python3.9/site-packages/airflow/example_dags/tutorial_taskflow_api_etl.py
[2023-05-26 22:21:06,973] {logging_mixin.py:115} INFO - [2023-05-26 22:21:06,973] {dag.py:2379} INFO - Sync 1 DAGs
[2023-05-26 22:21:06,987] {logging_mixin.py:115} INFO - [2023-05-26 22:21:06,987] {dag.py:2927} INFO - Setting next_dagrun for tutorial_taskflow_api_etl to None, run_after=None
[2023-05-26 22:21:07,026] {processor.py:161} INFO - Processing /home/raf/pipeline-transform/.venv/lib/python3.9/site-packages/airflow/example_dags/tutorial_taskflow_api_etl.py took 0.183 seconds
[2023-05-26 22:21:41,193] {processor.py:153} INFO - Started process (PID=30617) to work on /home/raf/pipeline-transform/.venv/lib/python3.9/site-packages/airflow/example_dags/tutorial_taskflow_api_etl.py
[2023-05-26 22:21:41,196] {processor.py:641} INFO - Processing file /home/raf/pipeline-transform/.venv/lib/python3.9/site-packages/airflow/example_dags/tutorial_taskflow_api_etl.py for tasks to queue
[2023-05-26 22:21:41,197] {logging_mixin.py:115} INFO - [2023-05-26 22:21:41,197] {dagbag.py:507} INFO - Filling up the DagBag from /home/raf/pipeline-transform/.venv/lib/python3.9/site-packages/airflow/example_dags/tutorial_taskflow_api_etl.py
[2023-05-26 22:21:41,214] {processor.py:651} INFO - DAG(s) dict_keys(['tutorial_taskflow_api_etl']) retrieved from /home/raf/pipeline-transform/.venv/lib/python3.9/site-packages/airflow/example_dags/tutorial_taskflow_api_etl.py
[2023-05-26 22:21:41,261] {logging_mixin.py:115} INFO - [2023-05-26 22:21:41,261] {dag.py:2379} INFO - Sync 1 DAGs
[2023-05-26 22:21:41,278] {logging_mixin.py:115} INFO - [2023-05-26 22:21:41,278] {dag.py:2927} INFO - Setting next_dagrun for tutorial_taskflow_api_etl to None, run_after=None
[2023-05-26 22:21:41,299] {processor.py:161} INFO - Processing /home/raf/pipeline-transform/.venv/lib/python3.9/site-packages/airflow/example_dags/tutorial_taskflow_api_etl.py took 0.109 seconds
[2023-05-26 22:22:18,453] {processor.py:153} INFO - Started process (PID=31013) to work on /home/raf/pipeline-transform/.venv/lib/python3.9/site-packages/airflow/example_dags/tutorial_taskflow_api_etl.py
[2023-05-26 22:22:18,460] {processor.py:641} INFO - Processing file /home/raf/pipeline-transform/.venv/lib/python3.9/site-packages/airflow/example_dags/tutorial_taskflow_api_etl.py for tasks to queue
[2023-05-26 22:22:18,461] {logging_mixin.py:115} INFO - [2023-05-26 22:22:18,461] {dagbag.py:507} INFO - Filling up the DagBag from /home/raf/pipeline-transform/.venv/lib/python3.9/site-packages/airflow/example_dags/tutorial_taskflow_api_etl.py
[2023-05-26 22:22:18,477] {processor.py:651} INFO - DAG(s) dict_keys(['tutorial_taskflow_api_etl']) retrieved from /home/raf/pipeline-transform/.venv/lib/python3.9/site-packages/airflow/example_dags/tutorial_taskflow_api_etl.py
[2023-05-26 22:22:18,518] {logging_mixin.py:115} INFO - [2023-05-26 22:22:18,518] {dag.py:2379} INFO - Sync 1 DAGs
[2023-05-26 22:22:18,532] {logging_mixin.py:115} INFO - [2023-05-26 22:22:18,532] {dag.py:2927} INFO - Setting next_dagrun for tutorial_taskflow_api_etl to None, run_after=None
[2023-05-26 22:22:18,599] {processor.py:161} INFO - Processing /home/raf/pipeline-transform/.venv/lib/python3.9/site-packages/airflow/example_dags/tutorial_taskflow_api_etl.py took 0.149 seconds
[2023-05-26 22:22:52,998] {processor.py:153} INFO - Started process (PID=31101) to work on /home/raf/pipeline-transform/.venv/lib/python3.9/site-packages/airflow/example_dags/tutorial_taskflow_api_etl.py
[2023-05-26 22:22:53,017] {processor.py:641} INFO - Processing file /home/raf/pipeline-transform/.venv/lib/python3.9/site-packages/airflow/example_dags/tutorial_taskflow_api_etl.py for tasks to queue
[2023-05-26 22:22:53,018] {logging_mixin.py:115} INFO - [2023-05-26 22:22:53,017] {dagbag.py:507} INFO - Filling up the DagBag from /home/raf/pipeline-transform/.venv/lib/python3.9/site-packages/airflow/example_dags/tutorial_taskflow_api_etl.py
[2023-05-26 22:22:53,031] {processor.py:651} INFO - DAG(s) dict_keys(['tutorial_taskflow_api_etl']) retrieved from /home/raf/pipeline-transform/.venv/lib/python3.9/site-packages/airflow/example_dags/tutorial_taskflow_api_etl.py
[2023-05-26 22:22:53,044] {logging_mixin.py:115} INFO - [2023-05-26 22:22:53,044] {dag.py:2379} INFO - Sync 1 DAGs
[2023-05-26 22:22:53,060] {logging_mixin.py:115} INFO - [2023-05-26 22:22:53,060] {dag.py:2927} INFO - Setting next_dagrun for tutorial_taskflow_api_etl to None, run_after=None
[2023-05-26 22:22:53,080] {processor.py:161} INFO - Processing /home/raf/pipeline-transform/.venv/lib/python3.9/site-packages/airflow/example_dags/tutorial_taskflow_api_etl.py took 0.085 seconds
[2023-05-26 22:23:29,192] {processor.py:153} INFO - Started process (PID=31199) to work on /home/raf/pipeline-transform/.venv/lib/python3.9/site-packages/airflow/example_dags/tutorial_taskflow_api_etl.py
[2023-05-26 22:23:29,197] {processor.py:641} INFO - Processing file /home/raf/pipeline-transform/.venv/lib/python3.9/site-packages/airflow/example_dags/tutorial_taskflow_api_etl.py for tasks to queue
[2023-05-26 22:23:29,198] {logging_mixin.py:115} INFO - [2023-05-26 22:23:29,198] {dagbag.py:507} INFO - Filling up the DagBag from /home/raf/pipeline-transform/.venv/lib/python3.9/site-packages/airflow/example_dags/tutorial_taskflow_api_etl.py
[2023-05-26 22:23:29,214] {processor.py:651} INFO - DAG(s) dict_keys(['tutorial_taskflow_api_etl']) retrieved from /home/raf/pipeline-transform/.venv/lib/python3.9/site-packages/airflow/example_dags/tutorial_taskflow_api_etl.py
[2023-05-26 22:23:29,258] {logging_mixin.py:115} INFO - [2023-05-26 22:23:29,258] {dag.py:2379} INFO - Sync 1 DAGs
[2023-05-26 22:23:29,273] {logging_mixin.py:115} INFO - [2023-05-26 22:23:29,273] {dag.py:2927} INFO - Setting next_dagrun for tutorial_taskflow_api_etl to None, run_after=None
[2023-05-26 22:23:29,299] {processor.py:161} INFO - Processing /home/raf/pipeline-transform/.venv/lib/python3.9/site-packages/airflow/example_dags/tutorial_taskflow_api_etl.py took 0.110 seconds
[2023-05-26 22:24:03,237] {processor.py:153} INFO - Started process (PID=31282) to work on /home/raf/pipeline-transform/.venv/lib/python3.9/site-packages/airflow/example_dags/tutorial_taskflow_api_etl.py
[2023-05-26 22:24:03,260] {processor.py:641} INFO - Processing file /home/raf/pipeline-transform/.venv/lib/python3.9/site-packages/airflow/example_dags/tutorial_taskflow_api_etl.py for tasks to queue
[2023-05-26 22:24:03,260] {logging_mixin.py:115} INFO - [2023-05-26 22:24:03,260] {dagbag.py:507} INFO - Filling up the DagBag from /home/raf/pipeline-transform/.venv/lib/python3.9/site-packages/airflow/example_dags/tutorial_taskflow_api_etl.py
[2023-05-26 22:24:03,274] {processor.py:651} INFO - DAG(s) dict_keys(['tutorial_taskflow_api_etl']) retrieved from /home/raf/pipeline-transform/.venv/lib/python3.9/site-packages/airflow/example_dags/tutorial_taskflow_api_etl.py
[2023-05-26 22:24:03,311] {logging_mixin.py:115} INFO - [2023-05-26 22:24:03,311] {dag.py:2379} INFO - Sync 1 DAGs
[2023-05-26 22:24:03,324] {logging_mixin.py:115} INFO - [2023-05-26 22:24:03,324] {dag.py:2927} INFO - Setting next_dagrun for tutorial_taskflow_api_etl to None, run_after=None
[2023-05-26 22:24:03,346] {processor.py:161} INFO - Processing /home/raf/pipeline-transform/.venv/lib/python3.9/site-packages/airflow/example_dags/tutorial_taskflow_api_etl.py took 0.111 seconds
[2023-05-26 22:24:39,003] {processor.py:153} INFO - Started process (PID=31372) to work on /home/raf/pipeline-transform/.venv/lib/python3.9/site-packages/airflow/example_dags/tutorial_taskflow_api_etl.py
[2023-05-26 22:24:39,026] {processor.py:641} INFO - Processing file /home/raf/pipeline-transform/.venv/lib/python3.9/site-packages/airflow/example_dags/tutorial_taskflow_api_etl.py for tasks to queue
[2023-05-26 22:24:39,027] {logging_mixin.py:115} INFO - [2023-05-26 22:24:39,027] {dagbag.py:507} INFO - Filling up the DagBag from /home/raf/pipeline-transform/.venv/lib/python3.9/site-packages/airflow/example_dags/tutorial_taskflow_api_etl.py
[2023-05-26 22:24:39,040] {processor.py:651} INFO - DAG(s) dict_keys(['tutorial_taskflow_api_etl']) retrieved from /home/raf/pipeline-transform/.venv/lib/python3.9/site-packages/airflow/example_dags/tutorial_taskflow_api_etl.py
[2023-05-26 22:24:39,078] {logging_mixin.py:115} INFO - [2023-05-26 22:24:39,078] {dag.py:2379} INFO - Sync 1 DAGs
[2023-05-26 22:24:39,095] {logging_mixin.py:115} INFO - [2023-05-26 22:24:39,094] {dag.py:2927} INFO - Setting next_dagrun for tutorial_taskflow_api_etl to None, run_after=None
[2023-05-26 22:24:39,119] {processor.py:161} INFO - Processing /home/raf/pipeline-transform/.venv/lib/python3.9/site-packages/airflow/example_dags/tutorial_taskflow_api_etl.py took 0.118 seconds
[2023-05-26 22:25:12,646] {processor.py:153} INFO - Started process (PID=31457) to work on /home/raf/pipeline-transform/.venv/lib/python3.9/site-packages/airflow/example_dags/tutorial_taskflow_api_etl.py
[2023-05-26 22:25:12,671] {processor.py:641} INFO - Processing file /home/raf/pipeline-transform/.venv/lib/python3.9/site-packages/airflow/example_dags/tutorial_taskflow_api_etl.py for tasks to queue
[2023-05-26 22:25:12,672] {logging_mixin.py:115} INFO - [2023-05-26 22:25:12,672] {dagbag.py:507} INFO - Filling up the DagBag from /home/raf/pipeline-transform/.venv/lib/python3.9/site-packages/airflow/example_dags/tutorial_taskflow_api_etl.py
[2023-05-26 22:25:12,685] {processor.py:651} INFO - DAG(s) dict_keys(['tutorial_taskflow_api_etl']) retrieved from /home/raf/pipeline-transform/.venv/lib/python3.9/site-packages/airflow/example_dags/tutorial_taskflow_api_etl.py
[2023-05-26 22:25:12,698] {logging_mixin.py:115} INFO - [2023-05-26 22:25:12,697] {dag.py:2379} INFO - Sync 1 DAGs
[2023-05-26 22:25:12,714] {logging_mixin.py:115} INFO - [2023-05-26 22:25:12,714] {dag.py:2927} INFO - Setting next_dagrun for tutorial_taskflow_api_etl to None, run_after=None
[2023-05-26 22:25:12,735] {processor.py:161} INFO - Processing /home/raf/pipeline-transform/.venv/lib/python3.9/site-packages/airflow/example_dags/tutorial_taskflow_api_etl.py took 0.091 seconds
[2023-05-26 22:25:50,789] {processor.py:153} INFO - Started process (PID=31756) to work on /home/raf/pipeline-transform/.venv/lib/python3.9/site-packages/airflow/example_dags/tutorial_taskflow_api_etl.py
[2023-05-26 22:25:50,795] {processor.py:641} INFO - Processing file /home/raf/pipeline-transform/.venv/lib/python3.9/site-packages/airflow/example_dags/tutorial_taskflow_api_etl.py for tasks to queue
[2023-05-26 22:25:50,796] {logging_mixin.py:115} INFO - [2023-05-26 22:25:50,796] {dagbag.py:507} INFO - Filling up the DagBag from /home/raf/pipeline-transform/.venv/lib/python3.9/site-packages/airflow/example_dags/tutorial_taskflow_api_etl.py
[2023-05-26 22:25:50,815] {processor.py:651} INFO - DAG(s) dict_keys(['tutorial_taskflow_api_etl']) retrieved from /home/raf/pipeline-transform/.venv/lib/python3.9/site-packages/airflow/example_dags/tutorial_taskflow_api_etl.py
[2023-05-26 22:25:50,871] {logging_mixin.py:115} INFO - [2023-05-26 22:25:50,871] {dag.py:2379} INFO - Sync 1 DAGs
[2023-05-26 22:25:50,893] {logging_mixin.py:115} INFO - [2023-05-26 22:25:50,893] {dag.py:2927} INFO - Setting next_dagrun for tutorial_taskflow_api_etl to None, run_after=None
[2023-05-26 22:25:50,916] {processor.py:161} INFO - Processing /home/raf/pipeline-transform/.venv/lib/python3.9/site-packages/airflow/example_dags/tutorial_taskflow_api_etl.py took 0.130 seconds
[2023-05-26 22:26:26,696] {processor.py:153} INFO - Started process (PID=31899) to work on /home/raf/pipeline-transform/.venv/lib/python3.9/site-packages/airflow/example_dags/tutorial_taskflow_api_etl.py
[2023-05-26 22:26:26,707] {processor.py:641} INFO - Processing file /home/raf/pipeline-transform/.venv/lib/python3.9/site-packages/airflow/example_dags/tutorial_taskflow_api_etl.py for tasks to queue
[2023-05-26 22:26:26,708] {logging_mixin.py:115} INFO - [2023-05-26 22:26:26,708] {dagbag.py:507} INFO - Filling up the DagBag from /home/raf/pipeline-transform/.venv/lib/python3.9/site-packages/airflow/example_dags/tutorial_taskflow_api_etl.py
[2023-05-26 22:26:26,729] {processor.py:651} INFO - DAG(s) dict_keys(['tutorial_taskflow_api_etl']) retrieved from /home/raf/pipeline-transform/.venv/lib/python3.9/site-packages/airflow/example_dags/tutorial_taskflow_api_etl.py
[2023-05-26 22:26:26,755] {logging_mixin.py:115} INFO - [2023-05-26 22:26:26,755] {dag.py:2379} INFO - Sync 1 DAGs
[2023-05-26 22:26:26,784] {logging_mixin.py:115} INFO - [2023-05-26 22:26:26,783] {dag.py:2927} INFO - Setting next_dagrun for tutorial_taskflow_api_etl to None, run_after=None
[2023-05-26 22:26:26,813] {processor.py:161} INFO - Processing /home/raf/pipeline-transform/.venv/lib/python3.9/site-packages/airflow/example_dags/tutorial_taskflow_api_etl.py took 0.120 seconds
[2023-05-26 22:27:04,040] {processor.py:153} INFO - Started process (PID=32003) to work on /home/raf/pipeline-transform/.venv/lib/python3.9/site-packages/airflow/example_dags/tutorial_taskflow_api_etl.py
[2023-05-26 22:27:04,058] {processor.py:641} INFO - Processing file /home/raf/pipeline-transform/.venv/lib/python3.9/site-packages/airflow/example_dags/tutorial_taskflow_api_etl.py for tasks to queue
[2023-05-26 22:27:04,058] {logging_mixin.py:115} INFO - [2023-05-26 22:27:04,058] {dagbag.py:507} INFO - Filling up the DagBag from /home/raf/pipeline-transform/.venv/lib/python3.9/site-packages/airflow/example_dags/tutorial_taskflow_api_etl.py
[2023-05-26 22:27:04,073] {processor.py:651} INFO - DAG(s) dict_keys(['tutorial_taskflow_api_etl']) retrieved from /home/raf/pipeline-transform/.venv/lib/python3.9/site-packages/airflow/example_dags/tutorial_taskflow_api_etl.py
[2023-05-26 22:27:04,087] {logging_mixin.py:115} INFO - [2023-05-26 22:27:04,087] {dag.py:2379} INFO - Sync 1 DAGs
[2023-05-26 22:27:04,103] {logging_mixin.py:115} INFO - [2023-05-26 22:27:04,103] {dag.py:2927} INFO - Setting next_dagrun for tutorial_taskflow_api_etl to None, run_after=None
[2023-05-26 22:27:04,120] {processor.py:161} INFO - Processing /home/raf/pipeline-transform/.venv/lib/python3.9/site-packages/airflow/example_dags/tutorial_taskflow_api_etl.py took 0.083 seconds
[2023-05-26 22:27:41,516] {processor.py:153} INFO - Started process (PID=32151) to work on /home/raf/pipeline-transform/.venv/lib/python3.9/site-packages/airflow/example_dags/tutorial_taskflow_api_etl.py
[2023-05-26 22:27:41,529] {processor.py:641} INFO - Processing file /home/raf/pipeline-transform/.venv/lib/python3.9/site-packages/airflow/example_dags/tutorial_taskflow_api_etl.py for tasks to queue
[2023-05-26 22:27:41,529] {logging_mixin.py:115} INFO - [2023-05-26 22:27:41,529] {dagbag.py:507} INFO - Filling up the DagBag from /home/raf/pipeline-transform/.venv/lib/python3.9/site-packages/airflow/example_dags/tutorial_taskflow_api_etl.py
[2023-05-26 22:27:41,548] {processor.py:651} INFO - DAG(s) dict_keys(['tutorial_taskflow_api_etl']) retrieved from /home/raf/pipeline-transform/.venv/lib/python3.9/site-packages/airflow/example_dags/tutorial_taskflow_api_etl.py
[2023-05-26 22:27:41,603] {logging_mixin.py:115} INFO - [2023-05-26 22:27:41,603] {dag.py:2379} INFO - Sync 1 DAGs
[2023-05-26 22:27:41,626] {logging_mixin.py:115} INFO - [2023-05-26 22:27:41,626] {dag.py:2927} INFO - Setting next_dagrun for tutorial_taskflow_api_etl to None, run_after=None
[2023-05-26 22:27:41,680] {processor.py:161} INFO - Processing /home/raf/pipeline-transform/.venv/lib/python3.9/site-packages/airflow/example_dags/tutorial_taskflow_api_etl.py took 0.166 seconds
[2023-05-26 22:28:22,484] {processor.py:153} INFO - Started process (PID=32279) to work on /home/raf/pipeline-transform/.venv/lib/python3.9/site-packages/airflow/example_dags/tutorial_taskflow_api_etl.py
[2023-05-26 22:28:22,488] {processor.py:641} INFO - Processing file /home/raf/pipeline-transform/.venv/lib/python3.9/site-packages/airflow/example_dags/tutorial_taskflow_api_etl.py for tasks to queue
[2023-05-26 22:28:22,489] {logging_mixin.py:115} INFO - [2023-05-26 22:28:22,489] {dagbag.py:507} INFO - Filling up the DagBag from /home/raf/pipeline-transform/.venv/lib/python3.9/site-packages/airflow/example_dags/tutorial_taskflow_api_etl.py
[2023-05-26 22:28:22,507] {processor.py:651} INFO - DAG(s) dict_keys(['tutorial_taskflow_api_etl']) retrieved from /home/raf/pipeline-transform/.venv/lib/python3.9/site-packages/airflow/example_dags/tutorial_taskflow_api_etl.py
[2023-05-26 22:28:22,523] {logging_mixin.py:115} INFO - [2023-05-26 22:28:22,523] {dag.py:2379} INFO - Sync 1 DAGs
[2023-05-26 22:28:22,540] {logging_mixin.py:115} INFO - [2023-05-26 22:28:22,540] {dag.py:2927} INFO - Setting next_dagrun for tutorial_taskflow_api_etl to None, run_after=None
[2023-05-26 22:28:22,557] {processor.py:161} INFO - Processing /home/raf/pipeline-transform/.venv/lib/python3.9/site-packages/airflow/example_dags/tutorial_taskflow_api_etl.py took 0.075 seconds
[2023-05-26 22:28:58,594] {processor.py:153} INFO - Started process (PID=32370) to work on /home/raf/pipeline-transform/.venv/lib/python3.9/site-packages/airflow/example_dags/tutorial_taskflow_api_etl.py
[2023-05-26 22:28:58,617] {processor.py:641} INFO - Processing file /home/raf/pipeline-transform/.venv/lib/python3.9/site-packages/airflow/example_dags/tutorial_taskflow_api_etl.py for tasks to queue
[2023-05-26 22:28:58,617] {logging_mixin.py:115} INFO - [2023-05-26 22:28:58,617] {dagbag.py:507} INFO - Filling up the DagBag from /home/raf/pipeline-transform/.venv/lib/python3.9/site-packages/airflow/example_dags/tutorial_taskflow_api_etl.py
[2023-05-26 22:28:58,632] {processor.py:651} INFO - DAG(s) dict_keys(['tutorial_taskflow_api_etl']) retrieved from /home/raf/pipeline-transform/.venv/lib/python3.9/site-packages/airflow/example_dags/tutorial_taskflow_api_etl.py
[2023-05-26 22:28:58,646] {logging_mixin.py:115} INFO - [2023-05-26 22:28:58,646] {dag.py:2379} INFO - Sync 1 DAGs
[2023-05-26 22:28:58,665] {logging_mixin.py:115} INFO - [2023-05-26 22:28:58,665] {dag.py:2927} INFO - Setting next_dagrun for tutorial_taskflow_api_etl to None, run_after=None
[2023-05-26 22:28:58,719] {processor.py:161} INFO - Processing /home/raf/pipeline-transform/.venv/lib/python3.9/site-packages/airflow/example_dags/tutorial_taskflow_api_etl.py took 0.128 seconds
[2023-05-26 22:29:31,451] {processor.py:153} INFO - Started process (PID=32453) to work on /home/raf/pipeline-transform/.venv/lib/python3.9/site-packages/airflow/example_dags/tutorial_taskflow_api_etl.py
[2023-05-26 22:29:31,475] {processor.py:641} INFO - Processing file /home/raf/pipeline-transform/.venv/lib/python3.9/site-packages/airflow/example_dags/tutorial_taskflow_api_etl.py for tasks to queue
[2023-05-26 22:29:31,475] {logging_mixin.py:115} INFO - [2023-05-26 22:29:31,475] {dagbag.py:507} INFO - Filling up the DagBag from /home/raf/pipeline-transform/.venv/lib/python3.9/site-packages/airflow/example_dags/tutorial_taskflow_api_etl.py
[2023-05-26 22:29:31,489] {processor.py:651} INFO - DAG(s) dict_keys(['tutorial_taskflow_api_etl']) retrieved from /home/raf/pipeline-transform/.venv/lib/python3.9/site-packages/airflow/example_dags/tutorial_taskflow_api_etl.py
[2023-05-26 22:29:31,529] {logging_mixin.py:115} INFO - [2023-05-26 22:29:31,529] {dag.py:2379} INFO - Sync 1 DAGs
[2023-05-26 22:29:31,543] {logging_mixin.py:115} INFO - [2023-05-26 22:29:31,543] {dag.py:2927} INFO - Setting next_dagrun for tutorial_taskflow_api_etl to None, run_after=None
[2023-05-26 22:29:31,567] {processor.py:161} INFO - Processing /home/raf/pipeline-transform/.venv/lib/python3.9/site-packages/airflow/example_dags/tutorial_taskflow_api_etl.py took 0.118 seconds
[2023-05-26 22:30:07,258] {processor.py:153} INFO - Started process (PID=32542) to work on /home/raf/pipeline-transform/.venv/lib/python3.9/site-packages/airflow/example_dags/tutorial_taskflow_api_etl.py
[2023-05-26 22:30:07,269] {processor.py:641} INFO - Processing file /home/raf/pipeline-transform/.venv/lib/python3.9/site-packages/airflow/example_dags/tutorial_taskflow_api_etl.py for tasks to queue
[2023-05-26 22:30:07,270] {logging_mixin.py:115} INFO - [2023-05-26 22:30:07,270] {dagbag.py:507} INFO - Filling up the DagBag from /home/raf/pipeline-transform/.venv/lib/python3.9/site-packages/airflow/example_dags/tutorial_taskflow_api_etl.py
[2023-05-26 22:30:07,284] {processor.py:651} INFO - DAG(s) dict_keys(['tutorial_taskflow_api_etl']) retrieved from /home/raf/pipeline-transform/.venv/lib/python3.9/site-packages/airflow/example_dags/tutorial_taskflow_api_etl.py
[2023-05-26 22:30:07,298] {logging_mixin.py:115} INFO - [2023-05-26 22:30:07,298] {dag.py:2379} INFO - Sync 1 DAGs
[2023-05-26 22:30:07,314] {logging_mixin.py:115} INFO - [2023-05-26 22:30:07,314] {dag.py:2927} INFO - Setting next_dagrun for tutorial_taskflow_api_etl to None, run_after=None
[2023-05-26 22:30:07,334] {processor.py:161} INFO - Processing /home/raf/pipeline-transform/.venv/lib/python3.9/site-packages/airflow/example_dags/tutorial_taskflow_api_etl.py took 0.079 seconds
[2023-05-26 22:30:41,766] {processor.py:153} INFO - Started process (PID=32754) to work on /home/raf/pipeline-transform/.venv/lib/python3.9/site-packages/airflow/example_dags/tutorial_taskflow_api_etl.py
[2023-05-26 22:30:41,770] {processor.py:641} INFO - Processing file /home/raf/pipeline-transform/.venv/lib/python3.9/site-packages/airflow/example_dags/tutorial_taskflow_api_etl.py for tasks to queue
[2023-05-26 22:30:41,771] {logging_mixin.py:115} INFO - [2023-05-26 22:30:41,771] {dagbag.py:507} INFO - Filling up the DagBag from /home/raf/pipeline-transform/.venv/lib/python3.9/site-packages/airflow/example_dags/tutorial_taskflow_api_etl.py
[2023-05-26 22:30:41,785] {processor.py:651} INFO - DAG(s) dict_keys(['tutorial_taskflow_api_etl']) retrieved from /home/raf/pipeline-transform/.venv/lib/python3.9/site-packages/airflow/example_dags/tutorial_taskflow_api_etl.py
[2023-05-26 22:30:41,828] {logging_mixin.py:115} INFO - [2023-05-26 22:30:41,828] {dag.py:2379} INFO - Sync 1 DAGs
[2023-05-26 22:30:41,843] {logging_mixin.py:115} INFO - [2023-05-26 22:30:41,843] {dag.py:2927} INFO - Setting next_dagrun for tutorial_taskflow_api_etl to None, run_after=None
[2023-05-26 22:30:41,872] {processor.py:161} INFO - Processing /home/raf/pipeline-transform/.venv/lib/python3.9/site-packages/airflow/example_dags/tutorial_taskflow_api_etl.py took 0.108 seconds
[2023-05-26 22:31:17,934] {processor.py:153} INFO - Started process (PID=409) to work on /home/raf/pipeline-transform/.venv/lib/python3.9/site-packages/airflow/example_dags/tutorial_taskflow_api_etl.py
[2023-05-26 22:31:18,098] {processor.py:641} INFO - Processing file /home/raf/pipeline-transform/.venv/lib/python3.9/site-packages/airflow/example_dags/tutorial_taskflow_api_etl.py for tasks to queue
[2023-05-26 22:31:18,098] {logging_mixin.py:115} INFO - [2023-05-26 22:31:18,098] {dagbag.py:507} INFO - Filling up the DagBag from /home/raf/pipeline-transform/.venv/lib/python3.9/site-packages/airflow/example_dags/tutorial_taskflow_api_etl.py
[2023-05-26 22:31:18,116] {processor.py:651} INFO - DAG(s) dict_keys(['tutorial_taskflow_api_etl']) retrieved from /home/raf/pipeline-transform/.venv/lib/python3.9/site-packages/airflow/example_dags/tutorial_taskflow_api_etl.py
[2023-05-26 22:31:18,135] {logging_mixin.py:115} INFO - [2023-05-26 22:31:18,134] {dag.py:2379} INFO - Sync 1 DAGs
[2023-05-26 22:31:18,156] {logging_mixin.py:115} INFO - [2023-05-26 22:31:18,156] {dag.py:2927} INFO - Setting next_dagrun for tutorial_taskflow_api_etl to None, run_after=None
[2023-05-26 22:31:18,344] {processor.py:161} INFO - Processing /home/raf/pipeline-transform/.venv/lib/python3.9/site-packages/airflow/example_dags/tutorial_taskflow_api_etl.py took 0.414 seconds
[2023-05-26 22:31:52,513] {processor.py:153} INFO - Started process (PID=493) to work on /home/raf/pipeline-transform/.venv/lib/python3.9/site-packages/airflow/example_dags/tutorial_taskflow_api_etl.py
[2023-05-26 22:31:52,519] {processor.py:641} INFO - Processing file /home/raf/pipeline-transform/.venv/lib/python3.9/site-packages/airflow/example_dags/tutorial_taskflow_api_etl.py for tasks to queue
[2023-05-26 22:31:52,519] {logging_mixin.py:115} INFO - [2023-05-26 22:31:52,519] {dagbag.py:507} INFO - Filling up the DagBag from /home/raf/pipeline-transform/.venv/lib/python3.9/site-packages/airflow/example_dags/tutorial_taskflow_api_etl.py
[2023-05-26 22:31:52,539] {processor.py:651} INFO - DAG(s) dict_keys(['tutorial_taskflow_api_etl']) retrieved from /home/raf/pipeline-transform/.venv/lib/python3.9/site-packages/airflow/example_dags/tutorial_taskflow_api_etl.py
[2023-05-26 22:31:52,557] {logging_mixin.py:115} INFO - [2023-05-26 22:31:52,557] {dag.py:2379} INFO - Sync 1 DAGs
[2023-05-26 22:31:52,586] {logging_mixin.py:115} INFO - [2023-05-26 22:31:52,586] {dag.py:2927} INFO - Setting next_dagrun for tutorial_taskflow_api_etl to None, run_after=None
[2023-05-26 22:31:52,613] {processor.py:161} INFO - Processing /home/raf/pipeline-transform/.venv/lib/python3.9/site-packages/airflow/example_dags/tutorial_taskflow_api_etl.py took 0.103 seconds
