[2023-05-26 22:03:36,133] {processor.py:153} INFO - Started process (PID=26030) to work on /home/raf/pipeline-transform/.venv/lib/python3.9/site-packages/airflow/example_dags/tutorial_taskflow_api_etl_virtualenv.py
[2023-05-26 22:03:36,134] {processor.py:641} INFO - Processing file /home/raf/pipeline-transform/.venv/lib/python3.9/site-packages/airflow/example_dags/tutorial_taskflow_api_etl_virtualenv.py for tasks to queue
[2023-05-26 22:03:36,135] {logging_mixin.py:115} INFO - [2023-05-26 22:03:36,134] {dagbag.py:507} INFO - Filling up the DagBag from /home/raf/pipeline-transform/.venv/lib/python3.9/site-packages/airflow/example_dags/tutorial_taskflow_api_etl_virtualenv.py
[2023-05-26 22:03:36,158] {processor.py:651} INFO - DAG(s) dict_keys(['tutorial_taskflow_api_etl_virtualenv']) retrieved from /home/raf/pipeline-transform/.venv/lib/python3.9/site-packages/airflow/example_dags/tutorial_taskflow_api_etl_virtualenv.py
[2023-05-26 22:03:36,247] {logging_mixin.py:115} INFO - [2023-05-26 22:03:36,247] {dag.py:2379} INFO - Sync 1 DAGs
[2023-05-26 22:03:36,266] {logging_mixin.py:115} INFO - [2023-05-26 22:03:36,266] {dag.py:2927} INFO - Setting next_dagrun for tutorial_taskflow_api_etl_virtualenv to None, run_after=None
[2023-05-26 22:03:36,297] {processor.py:161} INFO - Processing /home/raf/pipeline-transform/.venv/lib/python3.9/site-packages/airflow/example_dags/tutorial_taskflow_api_etl_virtualenv.py took 0.169 seconds
[2023-05-26 22:04:10,438] {processor.py:153} INFO - Started process (PID=26266) to work on /home/raf/pipeline-transform/.venv/lib/python3.9/site-packages/airflow/example_dags/tutorial_taskflow_api_etl_virtualenv.py
[2023-05-26 22:04:10,445] {processor.py:641} INFO - Processing file /home/raf/pipeline-transform/.venv/lib/python3.9/site-packages/airflow/example_dags/tutorial_taskflow_api_etl_virtualenv.py for tasks to queue
[2023-05-26 22:04:10,446] {logging_mixin.py:115} INFO - [2023-05-26 22:04:10,446] {dagbag.py:507} INFO - Filling up the DagBag from /home/raf/pipeline-transform/.venv/lib/python3.9/site-packages/airflow/example_dags/tutorial_taskflow_api_etl_virtualenv.py
[2023-05-26 22:04:10,463] {processor.py:651} INFO - DAG(s) dict_keys(['tutorial_taskflow_api_etl_virtualenv']) retrieved from /home/raf/pipeline-transform/.venv/lib/python3.9/site-packages/airflow/example_dags/tutorial_taskflow_api_etl_virtualenv.py
[2023-05-26 22:04:10,512] {logging_mixin.py:115} INFO - [2023-05-26 22:04:10,512] {dag.py:2379} INFO - Sync 1 DAGs
[2023-05-26 22:04:10,529] {logging_mixin.py:115} INFO - [2023-05-26 22:04:10,529] {dag.py:2927} INFO - Setting next_dagrun for tutorial_taskflow_api_etl_virtualenv to None, run_after=None
[2023-05-26 22:04:10,551] {processor.py:161} INFO - Processing /home/raf/pipeline-transform/.venv/lib/python3.9/site-packages/airflow/example_dags/tutorial_taskflow_api_etl_virtualenv.py took 0.116 seconds
[2023-05-26 22:04:44,978] {processor.py:153} INFO - Started process (PID=26454) to work on /home/raf/pipeline-transform/.venv/lib/python3.9/site-packages/airflow/example_dags/tutorial_taskflow_api_etl_virtualenv.py
[2023-05-26 22:04:44,986] {processor.py:641} INFO - Processing file /home/raf/pipeline-transform/.venv/lib/python3.9/site-packages/airflow/example_dags/tutorial_taskflow_api_etl_virtualenv.py for tasks to queue
[2023-05-26 22:04:44,986] {logging_mixin.py:115} INFO - [2023-05-26 22:04:44,986] {dagbag.py:507} INFO - Filling up the DagBag from /home/raf/pipeline-transform/.venv/lib/python3.9/site-packages/airflow/example_dags/tutorial_taskflow_api_etl_virtualenv.py
[2023-05-26 22:04:45,002] {processor.py:651} INFO - DAG(s) dict_keys(['tutorial_taskflow_api_etl_virtualenv']) retrieved from /home/raf/pipeline-transform/.venv/lib/python3.9/site-packages/airflow/example_dags/tutorial_taskflow_api_etl_virtualenv.py
[2023-05-26 22:04:45,042] {logging_mixin.py:115} INFO - [2023-05-26 22:04:45,042] {dag.py:2379} INFO - Sync 1 DAGs
[2023-05-26 22:04:45,055] {logging_mixin.py:115} INFO - [2023-05-26 22:04:45,055] {dag.py:2927} INFO - Setting next_dagrun for tutorial_taskflow_api_etl_virtualenv to None, run_after=None
[2023-05-26 22:04:45,077] {processor.py:161} INFO - Processing /home/raf/pipeline-transform/.venv/lib/python3.9/site-packages/airflow/example_dags/tutorial_taskflow_api_etl_virtualenv.py took 0.101 seconds
[2023-05-26 22:05:19,631] {processor.py:153} INFO - Started process (PID=26743) to work on /home/raf/pipeline-transform/.venv/lib/python3.9/site-packages/airflow/example_dags/tutorial_taskflow_api_etl_virtualenv.py
[2023-05-26 22:05:19,639] {processor.py:641} INFO - Processing file /home/raf/pipeline-transform/.venv/lib/python3.9/site-packages/airflow/example_dags/tutorial_taskflow_api_etl_virtualenv.py for tasks to queue
[2023-05-26 22:05:19,640] {logging_mixin.py:115} INFO - [2023-05-26 22:05:19,640] {dagbag.py:507} INFO - Filling up the DagBag from /home/raf/pipeline-transform/.venv/lib/python3.9/site-packages/airflow/example_dags/tutorial_taskflow_api_etl_virtualenv.py
[2023-05-26 22:05:19,654] {processor.py:651} INFO - DAG(s) dict_keys(['tutorial_taskflow_api_etl_virtualenv']) retrieved from /home/raf/pipeline-transform/.venv/lib/python3.9/site-packages/airflow/example_dags/tutorial_taskflow_api_etl_virtualenv.py
[2023-05-26 22:05:19,691] {logging_mixin.py:115} INFO - [2023-05-26 22:05:19,691] {dag.py:2379} INFO - Sync 1 DAGs
[2023-05-26 22:05:19,703] {logging_mixin.py:115} INFO - [2023-05-26 22:05:19,703] {dag.py:2927} INFO - Setting next_dagrun for tutorial_taskflow_api_etl_virtualenv to None, run_after=None
[2023-05-26 22:05:19,725] {processor.py:161} INFO - Processing /home/raf/pipeline-transform/.venv/lib/python3.9/site-packages/airflow/example_dags/tutorial_taskflow_api_etl_virtualenv.py took 0.097 seconds
[2023-05-26 22:05:55,808] {processor.py:153} INFO - Started process (PID=26950) to work on /home/raf/pipeline-transform/.venv/lib/python3.9/site-packages/airflow/example_dags/tutorial_taskflow_api_etl_virtualenv.py
[2023-05-26 22:05:55,815] {processor.py:641} INFO - Processing file /home/raf/pipeline-transform/.venv/lib/python3.9/site-packages/airflow/example_dags/tutorial_taskflow_api_etl_virtualenv.py for tasks to queue
[2023-05-26 22:05:55,815] {logging_mixin.py:115} INFO - [2023-05-26 22:05:55,815] {dagbag.py:507} INFO - Filling up the DagBag from /home/raf/pipeline-transform/.venv/lib/python3.9/site-packages/airflow/example_dags/tutorial_taskflow_api_etl_virtualenv.py
[2023-05-26 22:05:55,829] {processor.py:651} INFO - DAG(s) dict_keys(['tutorial_taskflow_api_etl_virtualenv']) retrieved from /home/raf/pipeline-transform/.venv/lib/python3.9/site-packages/airflow/example_dags/tutorial_taskflow_api_etl_virtualenv.py
[2023-05-26 22:05:55,842] {logging_mixin.py:115} INFO - [2023-05-26 22:05:55,842] {dag.py:2379} INFO - Sync 1 DAGs
[2023-05-26 22:05:55,859] {logging_mixin.py:115} INFO - [2023-05-26 22:05:55,859] {dag.py:2927} INFO - Setting next_dagrun for tutorial_taskflow_api_etl_virtualenv to None, run_after=None
[2023-05-26 22:05:55,877] {processor.py:161} INFO - Processing /home/raf/pipeline-transform/.venv/lib/python3.9/site-packages/airflow/example_dags/tutorial_taskflow_api_etl_virtualenv.py took 0.071 seconds
[2023-05-26 22:06:29,797] {processor.py:153} INFO - Started process (PID=27042) to work on /home/raf/pipeline-transform/.venv/lib/python3.9/site-packages/airflow/example_dags/tutorial_taskflow_api_etl_virtualenv.py
[2023-05-26 22:06:29,808] {processor.py:641} INFO - Processing file /home/raf/pipeline-transform/.venv/lib/python3.9/site-packages/airflow/example_dags/tutorial_taskflow_api_etl_virtualenv.py for tasks to queue
[2023-05-26 22:06:29,809] {logging_mixin.py:115} INFO - [2023-05-26 22:06:29,809] {dagbag.py:507} INFO - Filling up the DagBag from /home/raf/pipeline-transform/.venv/lib/python3.9/site-packages/airflow/example_dags/tutorial_taskflow_api_etl_virtualenv.py
[2023-05-26 22:06:29,828] {processor.py:651} INFO - DAG(s) dict_keys(['tutorial_taskflow_api_etl_virtualenv']) retrieved from /home/raf/pipeline-transform/.venv/lib/python3.9/site-packages/airflow/example_dags/tutorial_taskflow_api_etl_virtualenv.py
[2023-05-26 22:06:29,874] {logging_mixin.py:115} INFO - [2023-05-26 22:06:29,874] {dag.py:2379} INFO - Sync 1 DAGs
[2023-05-26 22:06:29,891] {logging_mixin.py:115} INFO - [2023-05-26 22:06:29,891] {dag.py:2927} INFO - Setting next_dagrun for tutorial_taskflow_api_etl_virtualenv to None, run_after=None
[2023-05-26 22:06:29,911] {processor.py:161} INFO - Processing /home/raf/pipeline-transform/.venv/lib/python3.9/site-packages/airflow/example_dags/tutorial_taskflow_api_etl_virtualenv.py took 0.116 seconds
[2023-05-26 22:07:05,115] {processor.py:153} INFO - Started process (PID=27236) to work on /home/raf/pipeline-transform/.venv/lib/python3.9/site-packages/airflow/example_dags/tutorial_taskflow_api_etl_virtualenv.py
[2023-05-26 22:07:05,119] {processor.py:641} INFO - Processing file /home/raf/pipeline-transform/.venv/lib/python3.9/site-packages/airflow/example_dags/tutorial_taskflow_api_etl_virtualenv.py for tasks to queue
[2023-05-26 22:07:05,120] {logging_mixin.py:115} INFO - [2023-05-26 22:07:05,120] {dagbag.py:507} INFO - Filling up the DagBag from /home/raf/pipeline-transform/.venv/lib/python3.9/site-packages/airflow/example_dags/tutorial_taskflow_api_etl_virtualenv.py
[2023-05-26 22:07:05,137] {processor.py:651} INFO - DAG(s) dict_keys(['tutorial_taskflow_api_etl_virtualenv']) retrieved from /home/raf/pipeline-transform/.venv/lib/python3.9/site-packages/airflow/example_dags/tutorial_taskflow_api_etl_virtualenv.py
[2023-05-26 22:07:05,175] {logging_mixin.py:115} INFO - [2023-05-26 22:07:05,175] {dag.py:2379} INFO - Sync 1 DAGs
[2023-05-26 22:07:05,187] {logging_mixin.py:115} INFO - [2023-05-26 22:07:05,187] {dag.py:2927} INFO - Setting next_dagrun for tutorial_taskflow_api_etl_virtualenv to None, run_after=None
[2023-05-26 22:07:05,207] {processor.py:161} INFO - Processing /home/raf/pipeline-transform/.venv/lib/python3.9/site-packages/airflow/example_dags/tutorial_taskflow_api_etl_virtualenv.py took 0.094 seconds
[2023-05-26 22:07:40,903] {processor.py:153} INFO - Started process (PID=27323) to work on /home/raf/pipeline-transform/.venv/lib/python3.9/site-packages/airflow/example_dags/tutorial_taskflow_api_etl_virtualenv.py
[2023-05-26 22:07:40,917] {processor.py:641} INFO - Processing file /home/raf/pipeline-transform/.venv/lib/python3.9/site-packages/airflow/example_dags/tutorial_taskflow_api_etl_virtualenv.py for tasks to queue
[2023-05-26 22:07:40,917] {logging_mixin.py:115} INFO - [2023-05-26 22:07:40,917] {dagbag.py:507} INFO - Filling up the DagBag from /home/raf/pipeline-transform/.venv/lib/python3.9/site-packages/airflow/example_dags/tutorial_taskflow_api_etl_virtualenv.py
[2023-05-26 22:07:40,930] {processor.py:651} INFO - DAG(s) dict_keys(['tutorial_taskflow_api_etl_virtualenv']) retrieved from /home/raf/pipeline-transform/.venv/lib/python3.9/site-packages/airflow/example_dags/tutorial_taskflow_api_etl_virtualenv.py
[2023-05-26 22:07:40,966] {logging_mixin.py:115} INFO - [2023-05-26 22:07:40,966] {dag.py:2379} INFO - Sync 1 DAGs
[2023-05-26 22:07:40,978] {logging_mixin.py:115} INFO - [2023-05-26 22:07:40,978] {dag.py:2927} INFO - Setting next_dagrun for tutorial_taskflow_api_etl_virtualenv to None, run_after=None
[2023-05-26 22:07:41,020] {processor.py:161} INFO - Processing /home/raf/pipeline-transform/.venv/lib/python3.9/site-packages/airflow/example_dags/tutorial_taskflow_api_etl_virtualenv.py took 0.119 seconds
[2023-05-26 22:08:14,131] {processor.py:153} INFO - Started process (PID=27406) to work on /home/raf/pipeline-transform/.venv/lib/python3.9/site-packages/airflow/example_dags/tutorial_taskflow_api_etl_virtualenv.py
[2023-05-26 22:08:14,146] {processor.py:641} INFO - Processing file /home/raf/pipeline-transform/.venv/lib/python3.9/site-packages/airflow/example_dags/tutorial_taskflow_api_etl_virtualenv.py for tasks to queue
[2023-05-26 22:08:14,146] {logging_mixin.py:115} INFO - [2023-05-26 22:08:14,146] {dagbag.py:507} INFO - Filling up the DagBag from /home/raf/pipeline-transform/.venv/lib/python3.9/site-packages/airflow/example_dags/tutorial_taskflow_api_etl_virtualenv.py
[2023-05-26 22:08:14,159] {processor.py:651} INFO - DAG(s) dict_keys(['tutorial_taskflow_api_etl_virtualenv']) retrieved from /home/raf/pipeline-transform/.venv/lib/python3.9/site-packages/airflow/example_dags/tutorial_taskflow_api_etl_virtualenv.py
[2023-05-26 22:08:14,195] {logging_mixin.py:115} INFO - [2023-05-26 22:08:14,195] {dag.py:2379} INFO - Sync 1 DAGs
[2023-05-26 22:08:14,208] {logging_mixin.py:115} INFO - [2023-05-26 22:08:14,207] {dag.py:2927} INFO - Setting next_dagrun for tutorial_taskflow_api_etl_virtualenv to None, run_after=None
[2023-05-26 22:08:14,228] {processor.py:161} INFO - Processing /home/raf/pipeline-transform/.venv/lib/python3.9/site-packages/airflow/example_dags/tutorial_taskflow_api_etl_virtualenv.py took 0.100 seconds
[2023-05-26 22:08:48,541] {processor.py:153} INFO - Started process (PID=27549) to work on /home/raf/pipeline-transform/.venv/lib/python3.9/site-packages/airflow/example_dags/tutorial_taskflow_api_etl_virtualenv.py
[2023-05-26 22:08:48,560] {processor.py:641} INFO - Processing file /home/raf/pipeline-transform/.venv/lib/python3.9/site-packages/airflow/example_dags/tutorial_taskflow_api_etl_virtualenv.py for tasks to queue
[2023-05-26 22:08:48,561] {logging_mixin.py:115} INFO - [2023-05-26 22:08:48,560] {dagbag.py:507} INFO - Filling up the DagBag from /home/raf/pipeline-transform/.venv/lib/python3.9/site-packages/airflow/example_dags/tutorial_taskflow_api_etl_virtualenv.py
[2023-05-26 22:08:48,576] {processor.py:651} INFO - DAG(s) dict_keys(['tutorial_taskflow_api_etl_virtualenv']) retrieved from /home/raf/pipeline-transform/.venv/lib/python3.9/site-packages/airflow/example_dags/tutorial_taskflow_api_etl_virtualenv.py
[2023-05-26 22:08:48,590] {logging_mixin.py:115} INFO - [2023-05-26 22:08:48,590] {dag.py:2379} INFO - Sync 1 DAGs
[2023-05-26 22:08:48,609] {logging_mixin.py:115} INFO - [2023-05-26 22:08:48,609] {dag.py:2927} INFO - Setting next_dagrun for tutorial_taskflow_api_etl_virtualenv to None, run_after=None
[2023-05-26 22:08:48,628] {processor.py:161} INFO - Processing /home/raf/pipeline-transform/.venv/lib/python3.9/site-packages/airflow/example_dags/tutorial_taskflow_api_etl_virtualenv.py took 0.091 seconds
[2023-05-26 22:09:24,714] {processor.py:153} INFO - Started process (PID=27742) to work on /home/raf/pipeline-transform/.venv/lib/python3.9/site-packages/airflow/example_dags/tutorial_taskflow_api_etl_virtualenv.py
[2023-05-26 22:09:24,722] {processor.py:641} INFO - Processing file /home/raf/pipeline-transform/.venv/lib/python3.9/site-packages/airflow/example_dags/tutorial_taskflow_api_etl_virtualenv.py for tasks to queue
[2023-05-26 22:09:24,722] {logging_mixin.py:115} INFO - [2023-05-26 22:09:24,722] {dagbag.py:507} INFO - Filling up the DagBag from /home/raf/pipeline-transform/.venv/lib/python3.9/site-packages/airflow/example_dags/tutorial_taskflow_api_etl_virtualenv.py
[2023-05-26 22:09:24,735] {processor.py:651} INFO - DAG(s) dict_keys(['tutorial_taskflow_api_etl_virtualenv']) retrieved from /home/raf/pipeline-transform/.venv/lib/python3.9/site-packages/airflow/example_dags/tutorial_taskflow_api_etl_virtualenv.py
[2023-05-26 22:09:24,748] {logging_mixin.py:115} INFO - [2023-05-26 22:09:24,748] {dag.py:2379} INFO - Sync 1 DAGs
[2023-05-26 22:09:24,764] {logging_mixin.py:115} INFO - [2023-05-26 22:09:24,764] {dag.py:2927} INFO - Setting next_dagrun for tutorial_taskflow_api_etl_virtualenv to None, run_after=None
[2023-05-26 22:09:24,783] {processor.py:161} INFO - Processing /home/raf/pipeline-transform/.venv/lib/python3.9/site-packages/airflow/example_dags/tutorial_taskflow_api_etl_virtualenv.py took 0.071 seconds
[2023-05-26 22:09:59,487] {processor.py:153} INFO - Started process (PID=27827) to work on /home/raf/pipeline-transform/.venv/lib/python3.9/site-packages/airflow/example_dags/tutorial_taskflow_api_etl_virtualenv.py
[2023-05-26 22:09:59,491] {processor.py:641} INFO - Processing file /home/raf/pipeline-transform/.venv/lib/python3.9/site-packages/airflow/example_dags/tutorial_taskflow_api_etl_virtualenv.py for tasks to queue
[2023-05-26 22:09:59,491] {logging_mixin.py:115} INFO - [2023-05-26 22:09:59,491] {dagbag.py:507} INFO - Filling up the DagBag from /home/raf/pipeline-transform/.venv/lib/python3.9/site-packages/airflow/example_dags/tutorial_taskflow_api_etl_virtualenv.py
[2023-05-26 22:09:59,505] {processor.py:651} INFO - DAG(s) dict_keys(['tutorial_taskflow_api_etl_virtualenv']) retrieved from /home/raf/pipeline-transform/.venv/lib/python3.9/site-packages/airflow/example_dags/tutorial_taskflow_api_etl_virtualenv.py
[2023-05-26 22:09:59,517] {logging_mixin.py:115} INFO - [2023-05-26 22:09:59,517] {dag.py:2379} INFO - Sync 1 DAGs
[2023-05-26 22:09:59,533] {logging_mixin.py:115} INFO - [2023-05-26 22:09:59,533] {dag.py:2927} INFO - Setting next_dagrun for tutorial_taskflow_api_etl_virtualenv to None, run_after=None
[2023-05-26 22:09:59,552] {processor.py:161} INFO - Processing /home/raf/pipeline-transform/.venv/lib/python3.9/site-packages/airflow/example_dags/tutorial_taskflow_api_etl_virtualenv.py took 0.068 seconds
[2023-05-26 22:10:35,670] {processor.py:153} INFO - Started process (PID=27917) to work on /home/raf/pipeline-transform/.venv/lib/python3.9/site-packages/airflow/example_dags/tutorial_taskflow_api_etl_virtualenv.py
[2023-05-26 22:10:35,674] {processor.py:641} INFO - Processing file /home/raf/pipeline-transform/.venv/lib/python3.9/site-packages/airflow/example_dags/tutorial_taskflow_api_etl_virtualenv.py for tasks to queue
[2023-05-26 22:10:35,675] {logging_mixin.py:115} INFO - [2023-05-26 22:10:35,675] {dagbag.py:507} INFO - Filling up the DagBag from /home/raf/pipeline-transform/.venv/lib/python3.9/site-packages/airflow/example_dags/tutorial_taskflow_api_etl_virtualenv.py
[2023-05-26 22:10:35,689] {processor.py:651} INFO - DAG(s) dict_keys(['tutorial_taskflow_api_etl_virtualenv']) retrieved from /home/raf/pipeline-transform/.venv/lib/python3.9/site-packages/airflow/example_dags/tutorial_taskflow_api_etl_virtualenv.py
[2023-05-26 22:10:35,726] {logging_mixin.py:115} INFO - [2023-05-26 22:10:35,726] {dag.py:2379} INFO - Sync 1 DAGs
[2023-05-26 22:10:35,738] {logging_mixin.py:115} INFO - [2023-05-26 22:10:35,738] {dag.py:2927} INFO - Setting next_dagrun for tutorial_taskflow_api_etl_virtualenv to None, run_after=None
[2023-05-26 22:10:35,760] {processor.py:161} INFO - Processing /home/raf/pipeline-transform/.venv/lib/python3.9/site-packages/airflow/example_dags/tutorial_taskflow_api_etl_virtualenv.py took 0.092 seconds
[2023-05-26 22:11:09,455] {processor.py:153} INFO - Started process (PID=28000) to work on /home/raf/pipeline-transform/.venv/lib/python3.9/site-packages/airflow/example_dags/tutorial_taskflow_api_etl_virtualenv.py
[2023-05-26 22:11:09,477] {processor.py:641} INFO - Processing file /home/raf/pipeline-transform/.venv/lib/python3.9/site-packages/airflow/example_dags/tutorial_taskflow_api_etl_virtualenv.py for tasks to queue
[2023-05-26 22:11:09,478] {logging_mixin.py:115} INFO - [2023-05-26 22:11:09,478] {dagbag.py:507} INFO - Filling up the DagBag from /home/raf/pipeline-transform/.venv/lib/python3.9/site-packages/airflow/example_dags/tutorial_taskflow_api_etl_virtualenv.py
[2023-05-26 22:11:09,492] {processor.py:651} INFO - DAG(s) dict_keys(['tutorial_taskflow_api_etl_virtualenv']) retrieved from /home/raf/pipeline-transform/.venv/lib/python3.9/site-packages/airflow/example_dags/tutorial_taskflow_api_etl_virtualenv.py
[2023-05-26 22:11:09,529] {logging_mixin.py:115} INFO - [2023-05-26 22:11:09,529] {dag.py:2379} INFO - Sync 1 DAGs
[2023-05-26 22:11:09,542] {logging_mixin.py:115} INFO - [2023-05-26 22:11:09,542] {dag.py:2927} INFO - Setting next_dagrun for tutorial_taskflow_api_etl_virtualenv to None, run_after=None
[2023-05-26 22:11:09,563] {processor.py:161} INFO - Processing /home/raf/pipeline-transform/.venv/lib/python3.9/site-packages/airflow/example_dags/tutorial_taskflow_api_etl_virtualenv.py took 0.110 seconds
[2023-05-26 22:11:46,070] {processor.py:153} INFO - Started process (PID=28100) to work on /home/raf/pipeline-transform/.venv/lib/python3.9/site-packages/airflow/example_dags/tutorial_taskflow_api_etl_virtualenv.py
[2023-05-26 22:11:46,232] {processor.py:641} INFO - Processing file /home/raf/pipeline-transform/.venv/lib/python3.9/site-packages/airflow/example_dags/tutorial_taskflow_api_etl_virtualenv.py for tasks to queue
[2023-05-26 22:11:46,232] {logging_mixin.py:115} INFO - [2023-05-26 22:11:46,232] {dagbag.py:507} INFO - Filling up the DagBag from /home/raf/pipeline-transform/.venv/lib/python3.9/site-packages/airflow/example_dags/tutorial_taskflow_api_etl_virtualenv.py
[2023-05-26 22:11:46,248] {processor.py:651} INFO - DAG(s) dict_keys(['tutorial_taskflow_api_etl_virtualenv']) retrieved from /home/raf/pipeline-transform/.venv/lib/python3.9/site-packages/airflow/example_dags/tutorial_taskflow_api_etl_virtualenv.py
[2023-05-26 22:11:46,287] {logging_mixin.py:115} INFO - [2023-05-26 22:11:46,287] {dag.py:2379} INFO - Sync 1 DAGs
[2023-05-26 22:11:46,299] {logging_mixin.py:115} INFO - [2023-05-26 22:11:46,299] {dag.py:2927} INFO - Setting next_dagrun for tutorial_taskflow_api_etl_virtualenv to None, run_after=None
[2023-05-26 22:11:46,481] {processor.py:161} INFO - Processing /home/raf/pipeline-transform/.venv/lib/python3.9/site-packages/airflow/example_dags/tutorial_taskflow_api_etl_virtualenv.py took 0.414 seconds
[2023-05-26 22:12:22,747] {processor.py:153} INFO - Started process (PID=28271) to work on /home/raf/pipeline-transform/.venv/lib/python3.9/site-packages/airflow/example_dags/tutorial_taskflow_api_etl_virtualenv.py
[2023-05-26 22:12:22,752] {processor.py:641} INFO - Processing file /home/raf/pipeline-transform/.venv/lib/python3.9/site-packages/airflow/example_dags/tutorial_taskflow_api_etl_virtualenv.py for tasks to queue
[2023-05-26 22:12:22,753] {logging_mixin.py:115} INFO - [2023-05-26 22:12:22,752] {dagbag.py:507} INFO - Filling up the DagBag from /home/raf/pipeline-transform/.venv/lib/python3.9/site-packages/airflow/example_dags/tutorial_taskflow_api_etl_virtualenv.py
[2023-05-26 22:12:22,771] {processor.py:651} INFO - DAG(s) dict_keys(['tutorial_taskflow_api_etl_virtualenv']) retrieved from /home/raf/pipeline-transform/.venv/lib/python3.9/site-packages/airflow/example_dags/tutorial_taskflow_api_etl_virtualenv.py
[2023-05-26 22:12:22,788] {logging_mixin.py:115} INFO - [2023-05-26 22:12:22,788] {dag.py:2379} INFO - Sync 1 DAGs
[2023-05-26 22:12:22,808] {logging_mixin.py:115} INFO - [2023-05-26 22:12:22,808] {dag.py:2927} INFO - Setting next_dagrun for tutorial_taskflow_api_etl_virtualenv to None, run_after=None
[2023-05-26 22:12:22,834] {processor.py:161} INFO - Processing /home/raf/pipeline-transform/.venv/lib/python3.9/site-packages/airflow/example_dags/tutorial_taskflow_api_etl_virtualenv.py took 0.091 seconds
[2023-05-26 22:12:55,225] {processor.py:153} INFO - Started process (PID=28429) to work on /home/raf/pipeline-transform/.venv/lib/python3.9/site-packages/airflow/example_dags/tutorial_taskflow_api_etl_virtualenv.py
[2023-05-26 22:12:55,232] {processor.py:641} INFO - Processing file /home/raf/pipeline-transform/.venv/lib/python3.9/site-packages/airflow/example_dags/tutorial_taskflow_api_etl_virtualenv.py for tasks to queue
[2023-05-26 22:12:55,232] {logging_mixin.py:115} INFO - [2023-05-26 22:12:55,232] {dagbag.py:507} INFO - Filling up the DagBag from /home/raf/pipeline-transform/.venv/lib/python3.9/site-packages/airflow/example_dags/tutorial_taskflow_api_etl_virtualenv.py
[2023-05-26 22:12:55,246] {processor.py:651} INFO - DAG(s) dict_keys(['tutorial_taskflow_api_etl_virtualenv']) retrieved from /home/raf/pipeline-transform/.venv/lib/python3.9/site-packages/airflow/example_dags/tutorial_taskflow_api_etl_virtualenv.py
[2023-05-26 22:12:55,259] {logging_mixin.py:115} INFO - [2023-05-26 22:12:55,259] {dag.py:2379} INFO - Sync 1 DAGs
[2023-05-26 22:12:55,280] {logging_mixin.py:115} INFO - [2023-05-26 22:12:55,280] {dag.py:2927} INFO - Setting next_dagrun for tutorial_taskflow_api_etl_virtualenv to None, run_after=None
[2023-05-26 22:12:55,299] {processor.py:161} INFO - Processing /home/raf/pipeline-transform/.venv/lib/python3.9/site-packages/airflow/example_dags/tutorial_taskflow_api_etl_virtualenv.py took 0.076 seconds
[2023-05-26 22:13:29,716] {processor.py:153} INFO - Started process (PID=28566) to work on /home/raf/pipeline-transform/.venv/lib/python3.9/site-packages/airflow/example_dags/tutorial_taskflow_api_etl_virtualenv.py
[2023-05-26 22:13:29,717] {processor.py:641} INFO - Processing file /home/raf/pipeline-transform/.venv/lib/python3.9/site-packages/airflow/example_dags/tutorial_taskflow_api_etl_virtualenv.py for tasks to queue
[2023-05-26 22:13:29,717] {logging_mixin.py:115} INFO - [2023-05-26 22:13:29,717] {dagbag.py:507} INFO - Filling up the DagBag from /home/raf/pipeline-transform/.venv/lib/python3.9/site-packages/airflow/example_dags/tutorial_taskflow_api_etl_virtualenv.py
[2023-05-26 22:13:29,731] {processor.py:651} INFO - DAG(s) dict_keys(['tutorial_taskflow_api_etl_virtualenv']) retrieved from /home/raf/pipeline-transform/.venv/lib/python3.9/site-packages/airflow/example_dags/tutorial_taskflow_api_etl_virtualenv.py
[2023-05-26 22:13:29,768] {logging_mixin.py:115} INFO - [2023-05-26 22:13:29,768] {dag.py:2379} INFO - Sync 1 DAGs
[2023-05-26 22:13:29,781] {logging_mixin.py:115} INFO - [2023-05-26 22:13:29,781] {dag.py:2927} INFO - Setting next_dagrun for tutorial_taskflow_api_etl_virtualenv to None, run_after=None
[2023-05-26 22:13:29,820] {processor.py:161} INFO - Processing /home/raf/pipeline-transform/.venv/lib/python3.9/site-packages/airflow/example_dags/tutorial_taskflow_api_etl_virtualenv.py took 0.106 seconds
[2023-05-26 22:14:02,712] {processor.py:153} INFO - Started process (PID=28651) to work on /home/raf/pipeline-transform/.venv/lib/python3.9/site-packages/airflow/example_dags/tutorial_taskflow_api_etl_virtualenv.py
[2023-05-26 22:14:02,734] {processor.py:641} INFO - Processing file /home/raf/pipeline-transform/.venv/lib/python3.9/site-packages/airflow/example_dags/tutorial_taskflow_api_etl_virtualenv.py for tasks to queue
[2023-05-26 22:14:02,736] {logging_mixin.py:115} INFO - [2023-05-26 22:14:02,736] {dagbag.py:507} INFO - Filling up the DagBag from /home/raf/pipeline-transform/.venv/lib/python3.9/site-packages/airflow/example_dags/tutorial_taskflow_api_etl_virtualenv.py
[2023-05-26 22:14:02,768] {processor.py:651} INFO - DAG(s) dict_keys(['tutorial_taskflow_api_etl_virtualenv']) retrieved from /home/raf/pipeline-transform/.venv/lib/python3.9/site-packages/airflow/example_dags/tutorial_taskflow_api_etl_virtualenv.py
[2023-05-26 22:14:02,784] {logging_mixin.py:115} INFO - [2023-05-26 22:14:02,784] {dag.py:2379} INFO - Sync 1 DAGs
[2023-05-26 22:14:02,807] {logging_mixin.py:115} INFO - [2023-05-26 22:14:02,806] {dag.py:2927} INFO - Setting next_dagrun for tutorial_taskflow_api_etl_virtualenv to None, run_after=None
[2023-05-26 22:14:02,830] {processor.py:161} INFO - Processing /home/raf/pipeline-transform/.venv/lib/python3.9/site-packages/airflow/example_dags/tutorial_taskflow_api_etl_virtualenv.py took 0.132 seconds
[2023-05-26 22:14:38,794] {processor.py:153} INFO - Started process (PID=28742) to work on /home/raf/pipeline-transform/.venv/lib/python3.9/site-packages/airflow/example_dags/tutorial_taskflow_api_etl_virtualenv.py
[2023-05-26 22:14:38,814] {processor.py:641} INFO - Processing file /home/raf/pipeline-transform/.venv/lib/python3.9/site-packages/airflow/example_dags/tutorial_taskflow_api_etl_virtualenv.py for tasks to queue
[2023-05-26 22:14:38,814] {logging_mixin.py:115} INFO - [2023-05-26 22:14:38,814] {dagbag.py:507} INFO - Filling up the DagBag from /home/raf/pipeline-transform/.venv/lib/python3.9/site-packages/airflow/example_dags/tutorial_taskflow_api_etl_virtualenv.py
[2023-05-26 22:14:38,828] {processor.py:651} INFO - DAG(s) dict_keys(['tutorial_taskflow_api_etl_virtualenv']) retrieved from /home/raf/pipeline-transform/.venv/lib/python3.9/site-packages/airflow/example_dags/tutorial_taskflow_api_etl_virtualenv.py
[2023-05-26 22:14:38,840] {logging_mixin.py:115} INFO - [2023-05-26 22:14:38,840] {dag.py:2379} INFO - Sync 1 DAGs
[2023-05-26 22:14:38,857] {logging_mixin.py:115} INFO - [2023-05-26 22:14:38,857] {dag.py:2927} INFO - Setting next_dagrun for tutorial_taskflow_api_etl_virtualenv to None, run_after=None
[2023-05-26 22:14:38,874] {processor.py:161} INFO - Processing /home/raf/pipeline-transform/.venv/lib/python3.9/site-packages/airflow/example_dags/tutorial_taskflow_api_etl_virtualenv.py took 0.083 seconds
[2023-05-26 22:15:15,677] {processor.py:153} INFO - Started process (PID=28833) to work on /home/raf/pipeline-transform/.venv/lib/python3.9/site-packages/airflow/example_dags/tutorial_taskflow_api_etl_virtualenv.py
[2023-05-26 22:15:15,698] {processor.py:641} INFO - Processing file /home/raf/pipeline-transform/.venv/lib/python3.9/site-packages/airflow/example_dags/tutorial_taskflow_api_etl_virtualenv.py for tasks to queue
[2023-05-26 22:15:15,698] {logging_mixin.py:115} INFO - [2023-05-26 22:15:15,698] {dagbag.py:507} INFO - Filling up the DagBag from /home/raf/pipeline-transform/.venv/lib/python3.9/site-packages/airflow/example_dags/tutorial_taskflow_api_etl_virtualenv.py
[2023-05-26 22:15:15,712] {processor.py:651} INFO - DAG(s) dict_keys(['tutorial_taskflow_api_etl_virtualenv']) retrieved from /home/raf/pipeline-transform/.venv/lib/python3.9/site-packages/airflow/example_dags/tutorial_taskflow_api_etl_virtualenv.py
[2023-05-26 22:15:15,724] {logging_mixin.py:115} INFO - [2023-05-26 22:15:15,724] {dag.py:2379} INFO - Sync 1 DAGs
[2023-05-26 22:15:15,740] {logging_mixin.py:115} INFO - [2023-05-26 22:15:15,740] {dag.py:2927} INFO - Setting next_dagrun for tutorial_taskflow_api_etl_virtualenv to None, run_after=None
[2023-05-26 22:15:15,760] {processor.py:161} INFO - Processing /home/raf/pipeline-transform/.venv/lib/python3.9/site-packages/airflow/example_dags/tutorial_taskflow_api_etl_virtualenv.py took 0.086 seconds
[2023-05-26 22:15:51,361] {processor.py:153} INFO - Started process (PID=28920) to work on /home/raf/pipeline-transform/.venv/lib/python3.9/site-packages/airflow/example_dags/tutorial_taskflow_api_etl_virtualenv.py
[2023-05-26 22:15:51,384] {processor.py:641} INFO - Processing file /home/raf/pipeline-transform/.venv/lib/python3.9/site-packages/airflow/example_dags/tutorial_taskflow_api_etl_virtualenv.py for tasks to queue
[2023-05-26 22:15:51,384] {logging_mixin.py:115} INFO - [2023-05-26 22:15:51,384] {dagbag.py:507} INFO - Filling up the DagBag from /home/raf/pipeline-transform/.venv/lib/python3.9/site-packages/airflow/example_dags/tutorial_taskflow_api_etl_virtualenv.py
[2023-05-26 22:15:51,400] {processor.py:651} INFO - DAG(s) dict_keys(['tutorial_taskflow_api_etl_virtualenv']) retrieved from /home/raf/pipeline-transform/.venv/lib/python3.9/site-packages/airflow/example_dags/tutorial_taskflow_api_etl_virtualenv.py
[2023-05-26 22:15:51,414] {logging_mixin.py:115} INFO - [2023-05-26 22:15:51,414] {dag.py:2379} INFO - Sync 1 DAGs
[2023-05-26 22:15:51,432] {logging_mixin.py:115} INFO - [2023-05-26 22:15:51,432] {dag.py:2927} INFO - Setting next_dagrun for tutorial_taskflow_api_etl_virtualenv to None, run_after=None
[2023-05-26 22:15:51,449] {processor.py:161} INFO - Processing /home/raf/pipeline-transform/.venv/lib/python3.9/site-packages/airflow/example_dags/tutorial_taskflow_api_etl_virtualenv.py took 0.091 seconds
[2023-05-26 22:16:27,932] {processor.py:153} INFO - Started process (PID=29011) to work on /home/raf/pipeline-transform/.venv/lib/python3.9/site-packages/airflow/example_dags/tutorial_taskflow_api_etl_virtualenv.py
[2023-05-26 22:16:27,935] {processor.py:641} INFO - Processing file /home/raf/pipeline-transform/.venv/lib/python3.9/site-packages/airflow/example_dags/tutorial_taskflow_api_etl_virtualenv.py for tasks to queue
[2023-05-26 22:16:27,936] {logging_mixin.py:115} INFO - [2023-05-26 22:16:27,936] {dagbag.py:507} INFO - Filling up the DagBag from /home/raf/pipeline-transform/.venv/lib/python3.9/site-packages/airflow/example_dags/tutorial_taskflow_api_etl_virtualenv.py
[2023-05-26 22:16:27,949] {processor.py:651} INFO - DAG(s) dict_keys(['tutorial_taskflow_api_etl_virtualenv']) retrieved from /home/raf/pipeline-transform/.venv/lib/python3.9/site-packages/airflow/example_dags/tutorial_taskflow_api_etl_virtualenv.py
[2023-05-26 22:16:27,962] {logging_mixin.py:115} INFO - [2023-05-26 22:16:27,962] {dag.py:2379} INFO - Sync 1 DAGs
[2023-05-26 22:16:27,979] {logging_mixin.py:115} INFO - [2023-05-26 22:16:27,979] {dag.py:2927} INFO - Setting next_dagrun for tutorial_taskflow_api_etl_virtualenv to None, run_after=None
[2023-05-26 22:16:27,997] {processor.py:161} INFO - Processing /home/raf/pipeline-transform/.venv/lib/python3.9/site-packages/airflow/example_dags/tutorial_taskflow_api_etl_virtualenv.py took 0.068 seconds
[2023-05-26 22:17:03,895] {processor.py:153} INFO - Started process (PID=29099) to work on /home/raf/pipeline-transform/.venv/lib/python3.9/site-packages/airflow/example_dags/tutorial_taskflow_api_etl_virtualenv.py
[2023-05-26 22:17:03,920] {processor.py:641} INFO - Processing file /home/raf/pipeline-transform/.venv/lib/python3.9/site-packages/airflow/example_dags/tutorial_taskflow_api_etl_virtualenv.py for tasks to queue
[2023-05-26 22:17:03,921] {logging_mixin.py:115} INFO - [2023-05-26 22:17:03,921] {dagbag.py:507} INFO - Filling up the DagBag from /home/raf/pipeline-transform/.venv/lib/python3.9/site-packages/airflow/example_dags/tutorial_taskflow_api_etl_virtualenv.py
[2023-05-26 22:17:03,938] {processor.py:651} INFO - DAG(s) dict_keys(['tutorial_taskflow_api_etl_virtualenv']) retrieved from /home/raf/pipeline-transform/.venv/lib/python3.9/site-packages/airflow/example_dags/tutorial_taskflow_api_etl_virtualenv.py
[2023-05-26 22:17:03,992] {logging_mixin.py:115} INFO - [2023-05-26 22:17:03,992] {dag.py:2379} INFO - Sync 1 DAGs
[2023-05-26 22:17:04,010] {logging_mixin.py:115} INFO - [2023-05-26 22:17:04,010] {dag.py:2927} INFO - Setting next_dagrun for tutorial_taskflow_api_etl_virtualenv to None, run_after=None
[2023-05-26 22:17:04,047] {processor.py:161} INFO - Processing /home/raf/pipeline-transform/.venv/lib/python3.9/site-packages/airflow/example_dags/tutorial_taskflow_api_etl_virtualenv.py took 0.155 seconds
[2023-05-26 22:17:41,164] {processor.py:153} INFO - Started process (PID=29190) to work on /home/raf/pipeline-transform/.venv/lib/python3.9/site-packages/airflow/example_dags/tutorial_taskflow_api_etl_virtualenv.py
[2023-05-26 22:17:41,191] {processor.py:641} INFO - Processing file /home/raf/pipeline-transform/.venv/lib/python3.9/site-packages/airflow/example_dags/tutorial_taskflow_api_etl_virtualenv.py for tasks to queue
[2023-05-26 22:17:41,191] {logging_mixin.py:115} INFO - [2023-05-26 22:17:41,191] {dagbag.py:507} INFO - Filling up the DagBag from /home/raf/pipeline-transform/.venv/lib/python3.9/site-packages/airflow/example_dags/tutorial_taskflow_api_etl_virtualenv.py
[2023-05-26 22:17:41,205] {processor.py:651} INFO - DAG(s) dict_keys(['tutorial_taskflow_api_etl_virtualenv']) retrieved from /home/raf/pipeline-transform/.venv/lib/python3.9/site-packages/airflow/example_dags/tutorial_taskflow_api_etl_virtualenv.py
[2023-05-26 22:17:41,218] {logging_mixin.py:115} INFO - [2023-05-26 22:17:41,218] {dag.py:2379} INFO - Sync 1 DAGs
[2023-05-26 22:17:41,234] {logging_mixin.py:115} INFO - [2023-05-26 22:17:41,234] {dag.py:2927} INFO - Setting next_dagrun for tutorial_taskflow_api_etl_virtualenv to None, run_after=None
[2023-05-26 22:17:41,252] {processor.py:161} INFO - Processing /home/raf/pipeline-transform/.venv/lib/python3.9/site-packages/airflow/example_dags/tutorial_taskflow_api_etl_virtualenv.py took 0.090 seconds
[2023-05-26 22:18:17,434] {processor.py:153} INFO - Started process (PID=29331) to work on /home/raf/pipeline-transform/.venv/lib/python3.9/site-packages/airflow/example_dags/tutorial_taskflow_api_etl_virtualenv.py
[2023-05-26 22:18:17,442] {processor.py:641} INFO - Processing file /home/raf/pipeline-transform/.venv/lib/python3.9/site-packages/airflow/example_dags/tutorial_taskflow_api_etl_virtualenv.py for tasks to queue
[2023-05-26 22:18:17,442] {logging_mixin.py:115} INFO - [2023-05-26 22:18:17,442] {dagbag.py:507} INFO - Filling up the DagBag from /home/raf/pipeline-transform/.venv/lib/python3.9/site-packages/airflow/example_dags/tutorial_taskflow_api_etl_virtualenv.py
[2023-05-26 22:18:17,456] {processor.py:651} INFO - DAG(s) dict_keys(['tutorial_taskflow_api_etl_virtualenv']) retrieved from /home/raf/pipeline-transform/.venv/lib/python3.9/site-packages/airflow/example_dags/tutorial_taskflow_api_etl_virtualenv.py
[2023-05-26 22:18:17,494] {logging_mixin.py:115} INFO - [2023-05-26 22:18:17,494] {dag.py:2379} INFO - Sync 1 DAGs
[2023-05-26 22:18:17,507] {logging_mixin.py:115} INFO - [2023-05-26 22:18:17,507] {dag.py:2927} INFO - Setting next_dagrun for tutorial_taskflow_api_etl_virtualenv to None, run_after=None
[2023-05-26 22:18:17,528] {processor.py:161} INFO - Processing /home/raf/pipeline-transform/.venv/lib/python3.9/site-packages/airflow/example_dags/tutorial_taskflow_api_etl_virtualenv.py took 0.097 seconds
[2023-05-26 22:18:53,565] {processor.py:153} INFO - Started process (PID=29418) to work on /home/raf/pipeline-transform/.venv/lib/python3.9/site-packages/airflow/example_dags/tutorial_taskflow_api_etl_virtualenv.py
[2023-05-26 22:18:53,572] {processor.py:641} INFO - Processing file /home/raf/pipeline-transform/.venv/lib/python3.9/site-packages/airflow/example_dags/tutorial_taskflow_api_etl_virtualenv.py for tasks to queue
[2023-05-26 22:18:53,573] {logging_mixin.py:115} INFO - [2023-05-26 22:18:53,573] {dagbag.py:507} INFO - Filling up the DagBag from /home/raf/pipeline-transform/.venv/lib/python3.9/site-packages/airflow/example_dags/tutorial_taskflow_api_etl_virtualenv.py
[2023-05-26 22:18:53,588] {processor.py:651} INFO - DAG(s) dict_keys(['tutorial_taskflow_api_etl_virtualenv']) retrieved from /home/raf/pipeline-transform/.venv/lib/python3.9/site-packages/airflow/example_dags/tutorial_taskflow_api_etl_virtualenv.py
[2023-05-26 22:18:53,643] {logging_mixin.py:115} INFO - [2023-05-26 22:18:53,643] {dag.py:2379} INFO - Sync 1 DAGs
[2023-05-26 22:18:53,658] {logging_mixin.py:115} INFO - [2023-05-26 22:18:53,658] {dag.py:2927} INFO - Setting next_dagrun for tutorial_taskflow_api_etl_virtualenv to None, run_after=None
[2023-05-26 22:18:53,679] {processor.py:161} INFO - Processing /home/raf/pipeline-transform/.venv/lib/python3.9/site-packages/airflow/example_dags/tutorial_taskflow_api_etl_virtualenv.py took 0.117 seconds
[2023-05-26 22:19:26,190] {processor.py:153} INFO - Started process (PID=29665) to work on /home/raf/pipeline-transform/.venv/lib/python3.9/site-packages/airflow/example_dags/tutorial_taskflow_api_etl_virtualenv.py
[2023-05-26 22:19:26,190] {processor.py:641} INFO - Processing file /home/raf/pipeline-transform/.venv/lib/python3.9/site-packages/airflow/example_dags/tutorial_taskflow_api_etl_virtualenv.py for tasks to queue
[2023-05-26 22:19:26,191] {logging_mixin.py:115} INFO - [2023-05-26 22:19:26,191] {dagbag.py:507} INFO - Filling up the DagBag from /home/raf/pipeline-transform/.venv/lib/python3.9/site-packages/airflow/example_dags/tutorial_taskflow_api_etl_virtualenv.py
[2023-05-26 22:19:26,208] {processor.py:651} INFO - DAG(s) dict_keys(['tutorial_taskflow_api_etl_virtualenv']) retrieved from /home/raf/pipeline-transform/.venv/lib/python3.9/site-packages/airflow/example_dags/tutorial_taskflow_api_etl_virtualenv.py
[2023-05-26 22:19:26,224] {logging_mixin.py:115} INFO - [2023-05-26 22:19:26,224] {dag.py:2379} INFO - Sync 1 DAGs
[2023-05-26 22:19:26,242] {logging_mixin.py:115} INFO - [2023-05-26 22:19:26,242] {dag.py:2927} INFO - Setting next_dagrun for tutorial_taskflow_api_etl_virtualenv to None, run_after=None
[2023-05-26 22:19:26,275] {processor.py:161} INFO - Processing /home/raf/pipeline-transform/.venv/lib/python3.9/site-packages/airflow/example_dags/tutorial_taskflow_api_etl_virtualenv.py took 0.088 seconds
[2023-05-26 22:20:00,190] {processor.py:153} INFO - Started process (PID=29824) to work on /home/raf/pipeline-transform/.venv/lib/python3.9/site-packages/airflow/example_dags/tutorial_taskflow_api_etl_virtualenv.py
[2023-05-26 22:20:00,200] {processor.py:641} INFO - Processing file /home/raf/pipeline-transform/.venv/lib/python3.9/site-packages/airflow/example_dags/tutorial_taskflow_api_etl_virtualenv.py for tasks to queue
[2023-05-26 22:20:00,201] {logging_mixin.py:115} INFO - [2023-05-26 22:20:00,201] {dagbag.py:507} INFO - Filling up the DagBag from /home/raf/pipeline-transform/.venv/lib/python3.9/site-packages/airflow/example_dags/tutorial_taskflow_api_etl_virtualenv.py
[2023-05-26 22:20:00,215] {processor.py:651} INFO - DAG(s) dict_keys(['tutorial_taskflow_api_etl_virtualenv']) retrieved from /home/raf/pipeline-transform/.venv/lib/python3.9/site-packages/airflow/example_dags/tutorial_taskflow_api_etl_virtualenv.py
[2023-05-26 22:20:00,252] {logging_mixin.py:115} INFO - [2023-05-26 22:20:00,252] {dag.py:2379} INFO - Sync 1 DAGs
[2023-05-26 22:20:00,266] {logging_mixin.py:115} INFO - [2023-05-26 22:20:00,266] {dag.py:2927} INFO - Setting next_dagrun for tutorial_taskflow_api_etl_virtualenv to None, run_after=None
[2023-05-26 22:20:00,306] {processor.py:161} INFO - Processing /home/raf/pipeline-transform/.venv/lib/python3.9/site-packages/airflow/example_dags/tutorial_taskflow_api_etl_virtualenv.py took 0.118 seconds
[2023-05-26 22:20:36,256] {processor.py:153} INFO - Started process (PID=30238) to work on /home/raf/pipeline-transform/.venv/lib/python3.9/site-packages/airflow/example_dags/tutorial_taskflow_api_etl_virtualenv.py
[2023-05-26 22:20:36,269] {processor.py:641} INFO - Processing file /home/raf/pipeline-transform/.venv/lib/python3.9/site-packages/airflow/example_dags/tutorial_taskflow_api_etl_virtualenv.py for tasks to queue
[2023-05-26 22:20:36,270] {logging_mixin.py:115} INFO - [2023-05-26 22:20:36,270] {dagbag.py:507} INFO - Filling up the DagBag from /home/raf/pipeline-transform/.venv/lib/python3.9/site-packages/airflow/example_dags/tutorial_taskflow_api_etl_virtualenv.py
[2023-05-26 22:20:36,300] {processor.py:651} INFO - DAG(s) dict_keys(['tutorial_taskflow_api_etl_virtualenv']) retrieved from /home/raf/pipeline-transform/.venv/lib/python3.9/site-packages/airflow/example_dags/tutorial_taskflow_api_etl_virtualenv.py
[2023-05-26 22:20:36,381] {logging_mixin.py:115} INFO - [2023-05-26 22:20:36,381] {dag.py:2379} INFO - Sync 1 DAGs
[2023-05-26 22:20:36,398] {logging_mixin.py:115} INFO - [2023-05-26 22:20:36,398] {dag.py:2927} INFO - Setting next_dagrun for tutorial_taskflow_api_etl_virtualenv to None, run_after=None
[2023-05-26 22:20:36,444] {processor.py:161} INFO - Processing /home/raf/pipeline-transform/.venv/lib/python3.9/site-packages/airflow/example_dags/tutorial_taskflow_api_etl_virtualenv.py took 0.192 seconds
[2023-05-26 22:21:12,240] {processor.py:153} INFO - Started process (PID=30437) to work on /home/raf/pipeline-transform/.venv/lib/python3.9/site-packages/airflow/example_dags/tutorial_taskflow_api_etl_virtualenv.py
[2023-05-26 22:21:12,241] {processor.py:641} INFO - Processing file /home/raf/pipeline-transform/.venv/lib/python3.9/site-packages/airflow/example_dags/tutorial_taskflow_api_etl_virtualenv.py for tasks to queue
[2023-05-26 22:21:12,242] {logging_mixin.py:115} INFO - [2023-05-26 22:21:12,242] {dagbag.py:507} INFO - Filling up the DagBag from /home/raf/pipeline-transform/.venv/lib/python3.9/site-packages/airflow/example_dags/tutorial_taskflow_api_etl_virtualenv.py
[2023-05-26 22:21:12,268] {processor.py:651} INFO - DAG(s) dict_keys(['tutorial_taskflow_api_etl_virtualenv']) retrieved from /home/raf/pipeline-transform/.venv/lib/python3.9/site-packages/airflow/example_dags/tutorial_taskflow_api_etl_virtualenv.py
[2023-05-26 22:21:12,325] {logging_mixin.py:115} INFO - [2023-05-26 22:21:12,325] {dag.py:2379} INFO - Sync 1 DAGs
[2023-05-26 22:21:12,343] {logging_mixin.py:115} INFO - [2023-05-26 22:21:12,343] {dag.py:2927} INFO - Setting next_dagrun for tutorial_taskflow_api_etl_virtualenv to None, run_after=None
[2023-05-26 22:21:12,395] {processor.py:161} INFO - Processing /home/raf/pipeline-transform/.venv/lib/python3.9/site-packages/airflow/example_dags/tutorial_taskflow_api_etl_virtualenv.py took 0.157 seconds
[2023-05-26 22:21:46,816] {processor.py:153} INFO - Started process (PID=30629) to work on /home/raf/pipeline-transform/.venv/lib/python3.9/site-packages/airflow/example_dags/tutorial_taskflow_api_etl_virtualenv.py
[2023-05-26 22:21:46,829] {processor.py:641} INFO - Processing file /home/raf/pipeline-transform/.venv/lib/python3.9/site-packages/airflow/example_dags/tutorial_taskflow_api_etl_virtualenv.py for tasks to queue
[2023-05-26 22:21:46,830] {logging_mixin.py:115} INFO - [2023-05-26 22:21:46,830] {dagbag.py:507} INFO - Filling up the DagBag from /home/raf/pipeline-transform/.venv/lib/python3.9/site-packages/airflow/example_dags/tutorial_taskflow_api_etl_virtualenv.py
[2023-05-26 22:21:46,859] {processor.py:651} INFO - DAG(s) dict_keys(['tutorial_taskflow_api_etl_virtualenv']) retrieved from /home/raf/pipeline-transform/.venv/lib/python3.9/site-packages/airflow/example_dags/tutorial_taskflow_api_etl_virtualenv.py
[2023-05-26 22:21:46,990] {logging_mixin.py:115} INFO - [2023-05-26 22:21:46,990] {dag.py:2379} INFO - Sync 1 DAGs
[2023-05-26 22:21:47,055] {logging_mixin.py:115} INFO - [2023-05-26 22:21:47,055] {dag.py:2927} INFO - Setting next_dagrun for tutorial_taskflow_api_etl_virtualenv to None, run_after=None
[2023-05-26 22:21:47,118] {processor.py:161} INFO - Processing /home/raf/pipeline-transform/.venv/lib/python3.9/site-packages/airflow/example_dags/tutorial_taskflow_api_etl_virtualenv.py took 0.312 seconds
[2023-05-26 22:22:25,401] {processor.py:153} INFO - Started process (PID=31033) to work on /home/raf/pipeline-transform/.venv/lib/python3.9/site-packages/airflow/example_dags/tutorial_taskflow_api_etl_virtualenv.py
[2023-05-26 22:22:25,420] {processor.py:641} INFO - Processing file /home/raf/pipeline-transform/.venv/lib/python3.9/site-packages/airflow/example_dags/tutorial_taskflow_api_etl_virtualenv.py for tasks to queue
[2023-05-26 22:22:25,422] {logging_mixin.py:115} INFO - [2023-05-26 22:22:25,422] {dagbag.py:507} INFO - Filling up the DagBag from /home/raf/pipeline-transform/.venv/lib/python3.9/site-packages/airflow/example_dags/tutorial_taskflow_api_etl_virtualenv.py
[2023-05-26 22:22:25,444] {processor.py:651} INFO - DAG(s) dict_keys(['tutorial_taskflow_api_etl_virtualenv']) retrieved from /home/raf/pipeline-transform/.venv/lib/python3.9/site-packages/airflow/example_dags/tutorial_taskflow_api_etl_virtualenv.py
[2023-05-26 22:22:25,464] {logging_mixin.py:115} INFO - [2023-05-26 22:22:25,464] {dag.py:2379} INFO - Sync 1 DAGs
[2023-05-26 22:22:25,486] {logging_mixin.py:115} INFO - [2023-05-26 22:22:25,486] {dag.py:2927} INFO - Setting next_dagrun for tutorial_taskflow_api_etl_virtualenv to None, run_after=None
[2023-05-26 22:22:25,512] {processor.py:161} INFO - Processing /home/raf/pipeline-transform/.venv/lib/python3.9/site-packages/airflow/example_dags/tutorial_taskflow_api_etl_virtualenv.py took 0.114 seconds
[2023-05-26 22:22:59,160] {processor.py:153} INFO - Started process (PID=31119) to work on /home/raf/pipeline-transform/.venv/lib/python3.9/site-packages/airflow/example_dags/tutorial_taskflow_api_etl_virtualenv.py
[2023-05-26 22:22:59,181] {processor.py:641} INFO - Processing file /home/raf/pipeline-transform/.venv/lib/python3.9/site-packages/airflow/example_dags/tutorial_taskflow_api_etl_virtualenv.py for tasks to queue
[2023-05-26 22:22:59,182] {logging_mixin.py:115} INFO - [2023-05-26 22:22:59,181] {dagbag.py:507} INFO - Filling up the DagBag from /home/raf/pipeline-transform/.venv/lib/python3.9/site-packages/airflow/example_dags/tutorial_taskflow_api_etl_virtualenv.py
[2023-05-26 22:22:59,209] {processor.py:651} INFO - DAG(s) dict_keys(['tutorial_taskflow_api_etl_virtualenv']) retrieved from /home/raf/pipeline-transform/.venv/lib/python3.9/site-packages/airflow/example_dags/tutorial_taskflow_api_etl_virtualenv.py
[2023-05-26 22:22:59,237] {logging_mixin.py:115} INFO - [2023-05-26 22:22:59,237] {dag.py:2379} INFO - Sync 1 DAGs
[2023-05-26 22:22:59,285] {logging_mixin.py:115} INFO - [2023-05-26 22:22:59,284] {dag.py:2927} INFO - Setting next_dagrun for tutorial_taskflow_api_etl_virtualenv to None, run_after=None
[2023-05-26 22:22:59,354] {processor.py:161} INFO - Processing /home/raf/pipeline-transform/.venv/lib/python3.9/site-packages/airflow/example_dags/tutorial_taskflow_api_etl_virtualenv.py took 0.197 seconds
[2023-05-26 22:23:34,337] {processor.py:153} INFO - Started process (PID=31211) to work on /home/raf/pipeline-transform/.venv/lib/python3.9/site-packages/airflow/example_dags/tutorial_taskflow_api_etl_virtualenv.py
[2023-05-26 22:23:34,359] {processor.py:641} INFO - Processing file /home/raf/pipeline-transform/.venv/lib/python3.9/site-packages/airflow/example_dags/tutorial_taskflow_api_etl_virtualenv.py for tasks to queue
[2023-05-26 22:23:34,359] {logging_mixin.py:115} INFO - [2023-05-26 22:23:34,359] {dagbag.py:507} INFO - Filling up the DagBag from /home/raf/pipeline-transform/.venv/lib/python3.9/site-packages/airflow/example_dags/tutorial_taskflow_api_etl_virtualenv.py
[2023-05-26 22:23:34,373] {processor.py:651} INFO - DAG(s) dict_keys(['tutorial_taskflow_api_etl_virtualenv']) retrieved from /home/raf/pipeline-transform/.venv/lib/python3.9/site-packages/airflow/example_dags/tutorial_taskflow_api_etl_virtualenv.py
[2023-05-26 22:23:34,386] {logging_mixin.py:115} INFO - [2023-05-26 22:23:34,386] {dag.py:2379} INFO - Sync 1 DAGs
[2023-05-26 22:23:34,402] {logging_mixin.py:115} INFO - [2023-05-26 22:23:34,402] {dag.py:2927} INFO - Setting next_dagrun for tutorial_taskflow_api_etl_virtualenv to None, run_after=None
[2023-05-26 22:23:34,419] {processor.py:161} INFO - Processing /home/raf/pipeline-transform/.venv/lib/python3.9/site-packages/airflow/example_dags/tutorial_taskflow_api_etl_virtualenv.py took 0.084 seconds
[2023-05-26 22:24:09,472] {processor.py:153} INFO - Started process (PID=31297) to work on /home/raf/pipeline-transform/.venv/lib/python3.9/site-packages/airflow/example_dags/tutorial_taskflow_api_etl_virtualenv.py
[2023-05-26 22:24:09,494] {processor.py:641} INFO - Processing file /home/raf/pipeline-transform/.venv/lib/python3.9/site-packages/airflow/example_dags/tutorial_taskflow_api_etl_virtualenv.py for tasks to queue
[2023-05-26 22:24:09,495] {logging_mixin.py:115} INFO - [2023-05-26 22:24:09,495] {dagbag.py:507} INFO - Filling up the DagBag from /home/raf/pipeline-transform/.venv/lib/python3.9/site-packages/airflow/example_dags/tutorial_taskflow_api_etl_virtualenv.py
[2023-05-26 22:24:09,511] {processor.py:651} INFO - DAG(s) dict_keys(['tutorial_taskflow_api_etl_virtualenv']) retrieved from /home/raf/pipeline-transform/.venv/lib/python3.9/site-packages/airflow/example_dags/tutorial_taskflow_api_etl_virtualenv.py
[2023-05-26 22:24:09,552] {logging_mixin.py:115} INFO - [2023-05-26 22:24:09,552] {dag.py:2379} INFO - Sync 1 DAGs
[2023-05-26 22:24:09,567] {logging_mixin.py:115} INFO - [2023-05-26 22:24:09,567] {dag.py:2927} INFO - Setting next_dagrun for tutorial_taskflow_api_etl_virtualenv to None, run_after=None
[2023-05-26 22:24:09,589] {processor.py:161} INFO - Processing /home/raf/pipeline-transform/.venv/lib/python3.9/site-packages/airflow/example_dags/tutorial_taskflow_api_etl_virtualenv.py took 0.119 seconds
[2023-05-26 22:24:44,327] {processor.py:153} INFO - Started process (PID=31387) to work on /home/raf/pipeline-transform/.venv/lib/python3.9/site-packages/airflow/example_dags/tutorial_taskflow_api_etl_virtualenv.py
[2023-05-26 22:24:44,329] {processor.py:641} INFO - Processing file /home/raf/pipeline-transform/.venv/lib/python3.9/site-packages/airflow/example_dags/tutorial_taskflow_api_etl_virtualenv.py for tasks to queue
[2023-05-26 22:24:44,330] {logging_mixin.py:115} INFO - [2023-05-26 22:24:44,329] {dagbag.py:507} INFO - Filling up the DagBag from /home/raf/pipeline-transform/.venv/lib/python3.9/site-packages/airflow/example_dags/tutorial_taskflow_api_etl_virtualenv.py
[2023-05-26 22:24:44,379] {processor.py:651} INFO - DAG(s) dict_keys(['tutorial_taskflow_api_etl_virtualenv']) retrieved from /home/raf/pipeline-transform/.venv/lib/python3.9/site-packages/airflow/example_dags/tutorial_taskflow_api_etl_virtualenv.py
[2023-05-26 22:24:44,466] {logging_mixin.py:115} INFO - [2023-05-26 22:24:44,466] {dag.py:2379} INFO - Sync 1 DAGs
[2023-05-26 22:24:44,497] {logging_mixin.py:115} INFO - [2023-05-26 22:24:44,497] {dag.py:2927} INFO - Setting next_dagrun for tutorial_taskflow_api_etl_virtualenv to None, run_after=None
[2023-05-26 22:24:44,539] {processor.py:161} INFO - Processing /home/raf/pipeline-transform/.venv/lib/python3.9/site-packages/airflow/example_dags/tutorial_taskflow_api_etl_virtualenv.py took 0.222 seconds
[2023-05-26 22:25:20,415] {processor.py:153} INFO - Started process (PID=31549) to work on /home/raf/pipeline-transform/.venv/lib/python3.9/site-packages/airflow/example_dags/tutorial_taskflow_api_etl_virtualenv.py
[2023-05-26 22:25:20,440] {processor.py:641} INFO - Processing file /home/raf/pipeline-transform/.venv/lib/python3.9/site-packages/airflow/example_dags/tutorial_taskflow_api_etl_virtualenv.py for tasks to queue
[2023-05-26 22:25:20,441] {logging_mixin.py:115} INFO - [2023-05-26 22:25:20,441] {dagbag.py:507} INFO - Filling up the DagBag from /home/raf/pipeline-transform/.venv/lib/python3.9/site-packages/airflow/example_dags/tutorial_taskflow_api_etl_virtualenv.py
[2023-05-26 22:25:20,461] {processor.py:651} INFO - DAG(s) dict_keys(['tutorial_taskflow_api_etl_virtualenv']) retrieved from /home/raf/pipeline-transform/.venv/lib/python3.9/site-packages/airflow/example_dags/tutorial_taskflow_api_etl_virtualenv.py
[2023-05-26 22:25:20,507] {logging_mixin.py:115} INFO - [2023-05-26 22:25:20,506] {dag.py:2379} INFO - Sync 1 DAGs
[2023-05-26 22:25:20,527] {logging_mixin.py:115} INFO - [2023-05-26 22:25:20,527] {dag.py:2927} INFO - Setting next_dagrun for tutorial_taskflow_api_etl_virtualenv to None, run_after=None
[2023-05-26 22:25:20,555] {processor.py:161} INFO - Processing /home/raf/pipeline-transform/.venv/lib/python3.9/site-packages/airflow/example_dags/tutorial_taskflow_api_etl_virtualenv.py took 0.143 seconds
[2023-05-26 22:26:01,099] {processor.py:153} INFO - Started process (PID=31829) to work on /home/raf/pipeline-transform/.venv/lib/python3.9/site-packages/airflow/example_dags/tutorial_taskflow_api_etl_virtualenv.py
[2023-05-26 22:26:01,106] {processor.py:641} INFO - Processing file /home/raf/pipeline-transform/.venv/lib/python3.9/site-packages/airflow/example_dags/tutorial_taskflow_api_etl_virtualenv.py for tasks to queue
[2023-05-26 22:26:01,106] {logging_mixin.py:115} INFO - [2023-05-26 22:26:01,106] {dagbag.py:507} INFO - Filling up the DagBag from /home/raf/pipeline-transform/.venv/lib/python3.9/site-packages/airflow/example_dags/tutorial_taskflow_api_etl_virtualenv.py
[2023-05-26 22:26:01,120] {processor.py:651} INFO - DAG(s) dict_keys(['tutorial_taskflow_api_etl_virtualenv']) retrieved from /home/raf/pipeline-transform/.venv/lib/python3.9/site-packages/airflow/example_dags/tutorial_taskflow_api_etl_virtualenv.py
[2023-05-26 22:26:01,134] {logging_mixin.py:115} INFO - [2023-05-26 22:26:01,133] {dag.py:2379} INFO - Sync 1 DAGs
[2023-05-26 22:26:01,150] {logging_mixin.py:115} INFO - [2023-05-26 22:26:01,150] {dag.py:2927} INFO - Setting next_dagrun for tutorial_taskflow_api_etl_virtualenv to None, run_after=None
[2023-05-26 22:26:01,169] {processor.py:161} INFO - Processing /home/raf/pipeline-transform/.venv/lib/python3.9/site-packages/airflow/example_dags/tutorial_taskflow_api_etl_virtualenv.py took 0.072 seconds
[2023-05-26 22:26:36,180] {processor.py:153} INFO - Started process (PID=31928) to work on /home/raf/pipeline-transform/.venv/lib/python3.9/site-packages/airflow/example_dags/tutorial_taskflow_api_etl_virtualenv.py
[2023-05-26 22:26:36,181] {processor.py:641} INFO - Processing file /home/raf/pipeline-transform/.venv/lib/python3.9/site-packages/airflow/example_dags/tutorial_taskflow_api_etl_virtualenv.py for tasks to queue
[2023-05-26 22:26:36,182] {logging_mixin.py:115} INFO - [2023-05-26 22:26:36,182] {dagbag.py:507} INFO - Filling up the DagBag from /home/raf/pipeline-transform/.venv/lib/python3.9/site-packages/airflow/example_dags/tutorial_taskflow_api_etl_virtualenv.py
[2023-05-26 22:26:36,196] {processor.py:651} INFO - DAG(s) dict_keys(['tutorial_taskflow_api_etl_virtualenv']) retrieved from /home/raf/pipeline-transform/.venv/lib/python3.9/site-packages/airflow/example_dags/tutorial_taskflow_api_etl_virtualenv.py
[2023-05-26 22:26:36,209] {logging_mixin.py:115} INFO - [2023-05-26 22:26:36,209] {dag.py:2379} INFO - Sync 1 DAGs
[2023-05-26 22:26:36,226] {logging_mixin.py:115} INFO - [2023-05-26 22:26:36,225] {dag.py:2927} INFO - Setting next_dagrun for tutorial_taskflow_api_etl_virtualenv to None, run_after=None
[2023-05-26 22:26:36,243] {processor.py:161} INFO - Processing /home/raf/pipeline-transform/.venv/lib/python3.9/site-packages/airflow/example_dags/tutorial_taskflow_api_etl_virtualenv.py took 0.066 seconds
[2023-05-26 22:27:15,401] {processor.py:153} INFO - Started process (PID=32073) to work on /home/raf/pipeline-transform/.venv/lib/python3.9/site-packages/airflow/example_dags/tutorial_taskflow_api_etl_virtualenv.py
[2023-05-26 22:27:15,402] {processor.py:641} INFO - Processing file /home/raf/pipeline-transform/.venv/lib/python3.9/site-packages/airflow/example_dags/tutorial_taskflow_api_etl_virtualenv.py for tasks to queue
[2023-05-26 22:27:15,402] {logging_mixin.py:115} INFO - [2023-05-26 22:27:15,402] {dagbag.py:507} INFO - Filling up the DagBag from /home/raf/pipeline-transform/.venv/lib/python3.9/site-packages/airflow/example_dags/tutorial_taskflow_api_etl_virtualenv.py
[2023-05-26 22:27:15,416] {processor.py:651} INFO - DAG(s) dict_keys(['tutorial_taskflow_api_etl_virtualenv']) retrieved from /home/raf/pipeline-transform/.venv/lib/python3.9/site-packages/airflow/example_dags/tutorial_taskflow_api_etl_virtualenv.py
[2023-05-26 22:27:15,429] {logging_mixin.py:115} INFO - [2023-05-26 22:27:15,429] {dag.py:2379} INFO - Sync 1 DAGs
[2023-05-26 22:27:15,446] {logging_mixin.py:115} INFO - [2023-05-26 22:27:15,446] {dag.py:2927} INFO - Setting next_dagrun for tutorial_taskflow_api_etl_virtualenv to None, run_after=None
[2023-05-26 22:27:15,465] {processor.py:161} INFO - Processing /home/raf/pipeline-transform/.venv/lib/python3.9/site-packages/airflow/example_dags/tutorial_taskflow_api_etl_virtualenv.py took 0.067 seconds
[2023-05-26 22:27:53,362] {processor.py:153} INFO - Started process (PID=32205) to work on /home/raf/pipeline-transform/.venv/lib/python3.9/site-packages/airflow/example_dags/tutorial_taskflow_api_etl_virtualenv.py
[2023-05-26 22:27:53,382] {processor.py:641} INFO - Processing file /home/raf/pipeline-transform/.venv/lib/python3.9/site-packages/airflow/example_dags/tutorial_taskflow_api_etl_virtualenv.py for tasks to queue
[2023-05-26 22:27:53,382] {logging_mixin.py:115} INFO - [2023-05-26 22:27:53,382] {dagbag.py:507} INFO - Filling up the DagBag from /home/raf/pipeline-transform/.venv/lib/python3.9/site-packages/airflow/example_dags/tutorial_taskflow_api_etl_virtualenv.py
[2023-05-26 22:27:53,396] {processor.py:651} INFO - DAG(s) dict_keys(['tutorial_taskflow_api_etl_virtualenv']) retrieved from /home/raf/pipeline-transform/.venv/lib/python3.9/site-packages/airflow/example_dags/tutorial_taskflow_api_etl_virtualenv.py
[2023-05-26 22:27:53,442] {logging_mixin.py:115} INFO - [2023-05-26 22:27:53,441] {dag.py:2379} INFO - Sync 1 DAGs
[2023-05-26 22:27:53,455] {logging_mixin.py:115} INFO - [2023-05-26 22:27:53,455] {dag.py:2927} INFO - Setting next_dagrun for tutorial_taskflow_api_etl_virtualenv to None, run_after=None
[2023-05-26 22:27:53,476] {processor.py:161} INFO - Processing /home/raf/pipeline-transform/.venv/lib/python3.9/site-packages/airflow/example_dags/tutorial_taskflow_api_etl_virtualenv.py took 0.116 seconds
[2023-05-26 22:28:33,834] {processor.py:153} INFO - Started process (PID=32307) to work on /home/raf/pipeline-transform/.venv/lib/python3.9/site-packages/airflow/example_dags/tutorial_taskflow_api_etl_virtualenv.py
[2023-05-26 22:28:33,835] {processor.py:641} INFO - Processing file /home/raf/pipeline-transform/.venv/lib/python3.9/site-packages/airflow/example_dags/tutorial_taskflow_api_etl_virtualenv.py for tasks to queue
[2023-05-26 22:28:33,835] {logging_mixin.py:115} INFO - [2023-05-26 22:28:33,835] {dagbag.py:507} INFO - Filling up the DagBag from /home/raf/pipeline-transform/.venv/lib/python3.9/site-packages/airflow/example_dags/tutorial_taskflow_api_etl_virtualenv.py
[2023-05-26 22:28:33,857] {processor.py:651} INFO - DAG(s) dict_keys(['tutorial_taskflow_api_etl_virtualenv']) retrieved from /home/raf/pipeline-transform/.venv/lib/python3.9/site-packages/airflow/example_dags/tutorial_taskflow_api_etl_virtualenv.py
[2023-05-26 22:28:33,881] {logging_mixin.py:115} INFO - [2023-05-26 22:28:33,881] {dag.py:2379} INFO - Sync 1 DAGs
[2023-05-26 22:28:33,911] {logging_mixin.py:115} INFO - [2023-05-26 22:28:33,911] {dag.py:2927} INFO - Setting next_dagrun for tutorial_taskflow_api_etl_virtualenv to None, run_after=None
[2023-05-26 22:28:33,968] {processor.py:161} INFO - Processing /home/raf/pipeline-transform/.venv/lib/python3.9/site-packages/airflow/example_dags/tutorial_taskflow_api_etl_virtualenv.py took 0.137 seconds
[2023-05-26 22:29:12,875] {processor.py:153} INFO - Started process (PID=32407) to work on /home/raf/pipeline-transform/.venv/lib/python3.9/site-packages/airflow/example_dags/tutorial_taskflow_api_etl_virtualenv.py
[2023-05-26 22:29:12,898] {processor.py:641} INFO - Processing file /home/raf/pipeline-transform/.venv/lib/python3.9/site-packages/airflow/example_dags/tutorial_taskflow_api_etl_virtualenv.py for tasks to queue
[2023-05-26 22:29:12,899] {logging_mixin.py:115} INFO - [2023-05-26 22:29:12,899] {dagbag.py:507} INFO - Filling up the DagBag from /home/raf/pipeline-transform/.venv/lib/python3.9/site-packages/airflow/example_dags/tutorial_taskflow_api_etl_virtualenv.py
[2023-05-26 22:29:12,917] {processor.py:651} INFO - DAG(s) dict_keys(['tutorial_taskflow_api_etl_virtualenv']) retrieved from /home/raf/pipeline-transform/.venv/lib/python3.9/site-packages/airflow/example_dags/tutorial_taskflow_api_etl_virtualenv.py
[2023-05-26 22:29:12,969] {logging_mixin.py:115} INFO - [2023-05-26 22:29:12,969] {dag.py:2379} INFO - Sync 1 DAGs
[2023-05-26 22:29:12,990] {logging_mixin.py:115} INFO - [2023-05-26 22:29:12,990] {dag.py:2927} INFO - Setting next_dagrun for tutorial_taskflow_api_etl_virtualenv to None, run_after=None
[2023-05-26 22:29:13,068] {processor.py:161} INFO - Processing /home/raf/pipeline-transform/.venv/lib/python3.9/site-packages/airflow/example_dags/tutorial_taskflow_api_etl_virtualenv.py took 0.196 seconds
[2023-05-26 22:29:48,480] {processor.py:153} INFO - Started process (PID=32494) to work on /home/raf/pipeline-transform/.venv/lib/python3.9/site-packages/airflow/example_dags/tutorial_taskflow_api_etl_virtualenv.py
[2023-05-26 22:29:48,503] {processor.py:641} INFO - Processing file /home/raf/pipeline-transform/.venv/lib/python3.9/site-packages/airflow/example_dags/tutorial_taskflow_api_etl_virtualenv.py for tasks to queue
[2023-05-26 22:29:48,504] {logging_mixin.py:115} INFO - [2023-05-26 22:29:48,504] {dagbag.py:507} INFO - Filling up the DagBag from /home/raf/pipeline-transform/.venv/lib/python3.9/site-packages/airflow/example_dags/tutorial_taskflow_api_etl_virtualenv.py
[2023-05-26 22:29:48,519] {processor.py:651} INFO - DAG(s) dict_keys(['tutorial_taskflow_api_etl_virtualenv']) retrieved from /home/raf/pipeline-transform/.venv/lib/python3.9/site-packages/airflow/example_dags/tutorial_taskflow_api_etl_virtualenv.py
[2023-05-26 22:29:48,534] {logging_mixin.py:115} INFO - [2023-05-26 22:29:48,534] {dag.py:2379} INFO - Sync 1 DAGs
[2023-05-26 22:29:48,562] {logging_mixin.py:115} INFO - [2023-05-26 22:29:48,562] {dag.py:2927} INFO - Setting next_dagrun for tutorial_taskflow_api_etl_virtualenv to None, run_after=None
[2023-05-26 22:29:48,591] {processor.py:161} INFO - Processing /home/raf/pipeline-transform/.venv/lib/python3.9/site-packages/airflow/example_dags/tutorial_taskflow_api_etl_virtualenv.py took 0.114 seconds
[2023-05-26 22:30:24,905] {processor.py:153} INFO - Started process (PID=32641) to work on /home/raf/pipeline-transform/.venv/lib/python3.9/site-packages/airflow/example_dags/tutorial_taskflow_api_etl_virtualenv.py
[2023-05-26 22:30:24,931] {processor.py:641} INFO - Processing file /home/raf/pipeline-transform/.venv/lib/python3.9/site-packages/airflow/example_dags/tutorial_taskflow_api_etl_virtualenv.py for tasks to queue
[2023-05-26 22:30:24,932] {logging_mixin.py:115} INFO - [2023-05-26 22:30:24,932] {dagbag.py:507} INFO - Filling up the DagBag from /home/raf/pipeline-transform/.venv/lib/python3.9/site-packages/airflow/example_dags/tutorial_taskflow_api_etl_virtualenv.py
[2023-05-26 22:30:24,947] {processor.py:651} INFO - DAG(s) dict_keys(['tutorial_taskflow_api_etl_virtualenv']) retrieved from /home/raf/pipeline-transform/.venv/lib/python3.9/site-packages/airflow/example_dags/tutorial_taskflow_api_etl_virtualenv.py
[2023-05-26 22:30:24,990] {logging_mixin.py:115} INFO - [2023-05-26 22:30:24,990] {dag.py:2379} INFO - Sync 1 DAGs
[2023-05-26 22:30:25,004] {logging_mixin.py:115} INFO - [2023-05-26 22:30:25,004] {dag.py:2927} INFO - Setting next_dagrun for tutorial_taskflow_api_etl_virtualenv to None, run_after=None
[2023-05-26 22:30:25,027] {processor.py:161} INFO - Processing /home/raf/pipeline-transform/.venv/lib/python3.9/site-packages/airflow/example_dags/tutorial_taskflow_api_etl_virtualenv.py took 0.124 seconds
[2023-05-26 22:31:04,778] {processor.py:153} INFO - Started process (PID=378) to work on /home/raf/pipeline-transform/.venv/lib/python3.9/site-packages/airflow/example_dags/tutorial_taskflow_api_etl_virtualenv.py
[2023-05-26 22:31:04,779] {processor.py:641} INFO - Processing file /home/raf/pipeline-transform/.venv/lib/python3.9/site-packages/airflow/example_dags/tutorial_taskflow_api_etl_virtualenv.py for tasks to queue
[2023-05-26 22:31:04,779] {logging_mixin.py:115} INFO - [2023-05-26 22:31:04,779] {dagbag.py:507} INFO - Filling up the DagBag from /home/raf/pipeline-transform/.venv/lib/python3.9/site-packages/airflow/example_dags/tutorial_taskflow_api_etl_virtualenv.py
[2023-05-26 22:31:04,793] {processor.py:651} INFO - DAG(s) dict_keys(['tutorial_taskflow_api_etl_virtualenv']) retrieved from /home/raf/pipeline-transform/.venv/lib/python3.9/site-packages/airflow/example_dags/tutorial_taskflow_api_etl_virtualenv.py
[2023-05-26 22:31:04,806] {logging_mixin.py:115} INFO - [2023-05-26 22:31:04,806] {dag.py:2379} INFO - Sync 1 DAGs
[2023-05-26 22:31:04,822] {logging_mixin.py:115} INFO - [2023-05-26 22:31:04,822] {dag.py:2927} INFO - Setting next_dagrun for tutorial_taskflow_api_etl_virtualenv to None, run_after=None
[2023-05-26 22:31:04,842] {processor.py:161} INFO - Processing /home/raf/pipeline-transform/.venv/lib/python3.9/site-packages/airflow/example_dags/tutorial_taskflow_api_etl_virtualenv.py took 0.067 seconds
[2023-05-26 22:31:43,369] {processor.py:153} INFO - Started process (PID=471) to work on /home/raf/pipeline-transform/.venv/lib/python3.9/site-packages/airflow/example_dags/tutorial_taskflow_api_etl_virtualenv.py
[2023-05-26 22:31:43,381] {processor.py:641} INFO - Processing file /home/raf/pipeline-transform/.venv/lib/python3.9/site-packages/airflow/example_dags/tutorial_taskflow_api_etl_virtualenv.py for tasks to queue
[2023-05-26 22:31:43,382] {logging_mixin.py:115} INFO - [2023-05-26 22:31:43,382] {dagbag.py:507} INFO - Filling up the DagBag from /home/raf/pipeline-transform/.venv/lib/python3.9/site-packages/airflow/example_dags/tutorial_taskflow_api_etl_virtualenv.py
[2023-05-26 22:31:43,395] {processor.py:651} INFO - DAG(s) dict_keys(['tutorial_taskflow_api_etl_virtualenv']) retrieved from /home/raf/pipeline-transform/.venv/lib/python3.9/site-packages/airflow/example_dags/tutorial_taskflow_api_etl_virtualenv.py
[2023-05-26 22:31:43,408] {logging_mixin.py:115} INFO - [2023-05-26 22:31:43,408] {dag.py:2379} INFO - Sync 1 DAGs
[2023-05-26 22:31:43,424] {logging_mixin.py:115} INFO - [2023-05-26 22:31:43,424] {dag.py:2927} INFO - Setting next_dagrun for tutorial_taskflow_api_etl_virtualenv to None, run_after=None
[2023-05-26 22:31:43,442] {processor.py:161} INFO - Processing /home/raf/pipeline-transform/.venv/lib/python3.9/site-packages/airflow/example_dags/tutorial_taskflow_api_etl_virtualenv.py took 0.075 seconds
