[2023-05-26 22:21:56,707] {taskinstance.py:1159} INFO - Dependencies all met for <TaskInstance: TwitterDAG.twitter_datascience scheduled__2023-05-26T00:00:00+00:00 [queued]>
[2023-05-26 22:21:56,717] {taskinstance.py:1159} INFO - Dependencies all met for <TaskInstance: TwitterDAG.twitter_datascience scheduled__2023-05-26T00:00:00+00:00 [queued]>
[2023-05-26 22:21:56,717] {taskinstance.py:1356} INFO - 
--------------------------------------------------------------------------------
[2023-05-26 22:21:56,717] {taskinstance.py:1357} INFO - Starting attempt 1 of 1
[2023-05-26 22:21:56,717] {taskinstance.py:1358} INFO - 
--------------------------------------------------------------------------------
[2023-05-26 22:21:56,738] {taskinstance.py:1377} INFO - Executing <Task(TwitterOperator): twitter_datascience> on 2023-05-26 00:00:00+00:00
[2023-05-26 22:21:56,740] {standard_task_runner.py:52} INFO - Started process 30757 to run task
[2023-05-26 22:21:56,745] {standard_task_runner.py:79} INFO - Running: ['airflow', 'tasks', 'run', 'TwitterDAG', 'twitter_datascience', 'scheduled__2023-05-26T00:00:00+00:00', '--job-id', '10', '--raw', '--subdir', 'DAGS_FOLDER/twitter_dag.py', '--cfg-path', '/tmp/tmp1m1gpkfu', '--error-file', '/tmp/tmp9bbl9lre']
[2023-05-26 22:21:56,746] {standard_task_runner.py:80} INFO - Job 10: Subtask twitter_datascience
[2023-05-26 22:21:56,790] {task_command.py:370} INFO - Running <TaskInstance: TwitterDAG.twitter_datascience scheduled__2023-05-26T00:00:00+00:00 [running]> on host BIRIBA.localdomain
[2023-05-26 22:21:56,849] {taskinstance.py:1569} INFO - Exporting the following env vars:
AIRFLOW_CTX_DAG_OWNER=airflow
AIRFLOW_CTX_DAG_ID=TwitterDAG
AIRFLOW_CTX_TASK_ID=twitter_datascience
AIRFLOW_CTX_EXECUTION_DATE=2023-05-26T00:00:00+00:00
AIRFLOW_CTX_TRY_NUMBER=1
AIRFLOW_CTX_DAG_RUN_ID=scheduled__2023-05-26T00:00:00+00:00
[2023-05-26 22:21:56,854] {base.py:68} INFO - Using connection ID 'twitter_default' for task execution.
[2023-05-26 22:21:56,855] {twitter_hook.py:34} INFO - URL: https://labdados.com/2/tweets/search/recent?query=datascience&tweet.fields=author_id,conversation_id,created_at,id,in_reply_to_user_id,public_metrics,lang,text&expansions=author_id&user.fields=id,name,username,created_at&start_time=2023-05-26T00:00:00.00Z&end_time=2023-05-27T00:00:00.00Z
[2023-05-26 22:21:57,451] {taskinstance.py:1395} INFO - Marking task as SUCCESS. dag_id=TwitterDAG, task_id=twitter_datascience, execution_date=20230526T000000, start_date=20230527T012156, end_date=20230527T012157
[2023-05-26 22:21:57,522] {local_task_job.py:156} INFO - Task exited with return code 0
[2023-05-26 22:21:57,539] {local_task_job.py:273} INFO - 0 downstream tasks scheduled from follow-on schedule check
[2023-05-30 15:06:28,209] {taskinstance.py:1159} INFO - Dependencies all met for <TaskInstance: TwitterDAG.twitter_datascience scheduled__2023-05-26T00:00:00+00:00 [queued]>
[2023-05-30 15:06:28,219] {taskinstance.py:1159} INFO - Dependencies all met for <TaskInstance: TwitterDAG.twitter_datascience scheduled__2023-05-26T00:00:00+00:00 [queued]>
[2023-05-30 15:06:28,219] {taskinstance.py:1356} INFO - 
--------------------------------------------------------------------------------
[2023-05-30 15:06:28,219] {taskinstance.py:1357} INFO - Starting attempt 1 of 1
[2023-05-30 15:06:28,221] {taskinstance.py:1358} INFO - 
--------------------------------------------------------------------------------
[2023-05-30 15:06:28,245] {taskinstance.py:1377} INFO - Executing <Task(TwitterOperator): twitter_datascience> on 2023-05-26 00:00:00+00:00
[2023-05-30 15:06:28,247] {standard_task_runner.py:52} INFO - Started process 14957 to run task
[2023-05-30 15:06:28,251] {standard_task_runner.py:79} INFO - Running: ['airflow', 'tasks', 'run', 'TwitterDAG', 'twitter_datascience', 'scheduled__2023-05-26T00:00:00+00:00', '--job-id', '25', '--raw', '--subdir', 'DAGS_FOLDER/twitter_dag.py', '--cfg-path', '/tmp/tmp5ns2esxt', '--error-file', '/tmp/tmp7ph_rabo']
[2023-05-30 15:06:28,251] {standard_task_runner.py:80} INFO - Job 25: Subtask twitter_datascience
[2023-05-30 15:06:28,289] {task_command.py:370} INFO - Running <TaskInstance: TwitterDAG.twitter_datascience scheduled__2023-05-26T00:00:00+00:00 [running]> on host BIRIBA.localdomain
[2023-05-30 15:06:28,350] {taskinstance.py:1569} INFO - Exporting the following env vars:
AIRFLOW_CTX_DAG_OWNER=airflow
AIRFLOW_CTX_DAG_ID=TwitterDAG
AIRFLOW_CTX_TASK_ID=twitter_datascience
AIRFLOW_CTX_EXECUTION_DATE=2023-05-26T00:00:00+00:00
AIRFLOW_CTX_TRY_NUMBER=1
AIRFLOW_CTX_DAG_RUN_ID=scheduled__2023-05-26T00:00:00+00:00
[2023-05-30 15:06:28,355] {base.py:68} INFO - Using connection ID 'twitter_default' for task execution.
[2023-05-30 15:06:28,357] {twitter_hook.py:34} INFO - URL: https://labdados.com/2/tweets/search/recent?query=datascience&tweet.fields=author_id,conversation_id,created_at,id,in_reply_to_user_id,public_metrics,lang,text&expansions=author_id&user.fields=id,name,username,created_at&start_time=2023-05-26T00:00:00.00Z&end_time=2023-05-27T00:00:00.00Z
[2023-05-30 15:06:28,971] {taskinstance.py:1395} INFO - Marking task as SUCCESS. dag_id=TwitterDAG, task_id=twitter_datascience, execution_date=20230526T000000, start_date=20230530T180628, end_date=20230530T180628
[2023-05-30 15:06:29,029] {local_task_job.py:156} INFO - Task exited with return code 0
[2023-05-30 15:06:29,062] {local_task_job.py:273} INFO - 1 downstream tasks scheduled from follow-on schedule check
[2023-05-30 15:11:38,395] {taskinstance.py:1159} INFO - Dependencies all met for <TaskInstance: TwitterDAG.twitter_datascience scheduled__2023-05-26T00:00:00+00:00 [queued]>
[2023-05-30 15:11:38,401] {taskinstance.py:1159} INFO - Dependencies all met for <TaskInstance: TwitterDAG.twitter_datascience scheduled__2023-05-26T00:00:00+00:00 [queued]>
[2023-05-30 15:11:38,401] {taskinstance.py:1356} INFO - 
--------------------------------------------------------------------------------
[2023-05-30 15:11:38,401] {taskinstance.py:1357} INFO - Starting attempt 1 of 1
[2023-05-30 15:11:38,401] {taskinstance.py:1358} INFO - 
--------------------------------------------------------------------------------
[2023-05-30 15:11:38,423] {taskinstance.py:1377} INFO - Executing <Task(TwitterOperator): twitter_datascience> on 2023-05-26 00:00:00+00:00
[2023-05-30 15:11:38,425] {standard_task_runner.py:52} INFO - Started process 17496 to run task
[2023-05-30 15:11:38,428] {standard_task_runner.py:79} INFO - Running: ['airflow', 'tasks', 'run', 'TwitterDAG', 'twitter_datascience', 'scheduled__2023-05-26T00:00:00+00:00', '--job-id', '25', '--raw', '--subdir', 'DAGS_FOLDER/twitter_dag.py', '--cfg-path', '/tmp/tmp9du7g4x8', '--error-file', '/tmp/tmp6mf1z4_m']
[2023-05-30 15:11:38,429] {standard_task_runner.py:80} INFO - Job 25: Subtask twitter_datascience
[2023-05-30 15:11:38,477] {task_command.py:370} INFO - Running <TaskInstance: TwitterDAG.twitter_datascience scheduled__2023-05-26T00:00:00+00:00 [running]> on host BIRIBA.localdomain
[2023-05-30 15:11:38,575] {taskinstance.py:1569} INFO - Exporting the following env vars:
AIRFLOW_CTX_DAG_OWNER=airflow
AIRFLOW_CTX_DAG_ID=TwitterDAG
AIRFLOW_CTX_TASK_ID=twitter_datascience
AIRFLOW_CTX_EXECUTION_DATE=2023-05-26T00:00:00+00:00
AIRFLOW_CTX_TRY_NUMBER=1
AIRFLOW_CTX_DAG_RUN_ID=scheduled__2023-05-26T00:00:00+00:00
[2023-05-30 15:11:38,581] {base.py:68} INFO - Using connection ID 'twitter_default' for task execution.
[2023-05-30 15:11:38,583] {twitter_hook.py:34} INFO - URL: https://labdados.com/2/tweets/search/recent?query=datascience&tweet.fields=author_id,conversation_id,created_at,id,in_reply_to_user_id,public_metrics,lang,text&expansions=author_id&user.fields=id,name,username,created_at&start_time=2023-05-26T00:00:00.00Z&end_time=2023-05-27T00:00:00.00Z
[2023-05-30 15:11:39,139] {taskinstance.py:1395} INFO - Marking task as SUCCESS. dag_id=TwitterDAG, task_id=twitter_datascience, execution_date=20230526T000000, start_date=20230530T181138, end_date=20230530T181139
[2023-05-30 15:11:39,203] {local_task_job.py:156} INFO - Task exited with return code 0
[2023-05-30 15:11:39,265] {local_task_job.py:273} INFO - 1 downstream tasks scheduled from follow-on schedule check
[2023-05-30 15:23:22,452] {taskinstance.py:1159} INFO - Dependencies all met for <TaskInstance: TwitterDAG.twitter_datascience scheduled__2023-05-26T00:00:00+00:00 [queued]>
[2023-05-30 15:23:22,458] {taskinstance.py:1159} INFO - Dependencies all met for <TaskInstance: TwitterDAG.twitter_datascience scheduled__2023-05-26T00:00:00+00:00 [queued]>
[2023-05-30 15:23:22,458] {taskinstance.py:1356} INFO - 
--------------------------------------------------------------------------------
[2023-05-30 15:23:22,459] {taskinstance.py:1357} INFO - Starting attempt 1 of 1
[2023-05-30 15:23:22,459] {taskinstance.py:1358} INFO - 
--------------------------------------------------------------------------------
[2023-05-30 15:23:22,479] {taskinstance.py:1377} INFO - Executing <Task(TwitterOperator): twitter_datascience> on 2023-05-26 00:00:00+00:00
[2023-05-30 15:23:22,480] {standard_task_runner.py:52} INFO - Started process 21103 to run task
[2023-05-30 15:23:22,483] {standard_task_runner.py:79} INFO - Running: ['airflow', 'tasks', 'run', 'TwitterDAG', 'twitter_datascience', 'scheduled__2023-05-26T00:00:00+00:00', '--job-id', '39', '--raw', '--subdir', 'DAGS_FOLDER/twitter_dag.py', '--cfg-path', '/tmp/tmpm8nx5s2j', '--error-file', '/tmp/tmpifin0guy']
[2023-05-30 15:23:22,484] {standard_task_runner.py:80} INFO - Job 39: Subtask twitter_datascience
[2023-05-30 15:23:22,525] {task_command.py:370} INFO - Running <TaskInstance: TwitterDAG.twitter_datascience scheduled__2023-05-26T00:00:00+00:00 [running]> on host BIRIBA.localdomain
[2023-05-30 15:23:22,585] {taskinstance.py:1569} INFO - Exporting the following env vars:
AIRFLOW_CTX_DAG_OWNER=airflow
AIRFLOW_CTX_DAG_ID=TwitterDAG
AIRFLOW_CTX_TASK_ID=twitter_datascience
AIRFLOW_CTX_EXECUTION_DATE=2023-05-26T00:00:00+00:00
AIRFLOW_CTX_TRY_NUMBER=1
AIRFLOW_CTX_DAG_RUN_ID=scheduled__2023-05-26T00:00:00+00:00
[2023-05-30 15:23:22,593] {base.py:68} INFO - Using connection ID 'twitter_default' for task execution.
[2023-05-30 15:23:22,595] {twitter_hook.py:34} INFO - URL: https://labdados.com/2/tweets/search/recent?query=datascience&tweet.fields=author_id,conversation_id,created_at,id,in_reply_to_user_id,public_metrics,lang,text&expansions=author_id&user.fields=id,name,username,created_at&start_time=2023-05-26T00:00:00.00Z&end_time=2023-05-27T00:00:00.00Z
[2023-05-30 15:23:23,113] {twitter_hook.py:34} INFO - URL: https://labdados.com/2/tweets/search/recent?query=datascience&tweet.fields=author_id,conversation_id,created_at,id,in_reply_to_user_id,public_metrics,lang,text&expansions=author_id&user.fields=id,name,username,created_at&start_time=2023-05-26T00:00:00.00Z&end_time=2023-05-27T00:00:00.00Z&next_token=1234567890abcdef
[2023-05-30 15:23:23,271] {twitter_hook.py:34} INFO - URL: https://labdados.com/2/tweets/search/recent?query=datascience&tweet.fields=author_id,conversation_id,created_at,id,in_reply_to_user_id,public_metrics,lang,text&expansions=author_id&user.fields=id,name,username,created_at&start_time=2023-05-26T00:00:00.00Z&end_time=2023-05-27T00:00:00.00Z&next_token=1234567890abcdef
[2023-05-30 15:23:23,428] {twitter_hook.py:34} INFO - URL: https://labdados.com/2/tweets/search/recent?query=datascience&tweet.fields=author_id,conversation_id,created_at,id,in_reply_to_user_id,public_metrics,lang,text&expansions=author_id&user.fields=id,name,username,created_at&start_time=2023-05-26T00:00:00.00Z&end_time=2023-05-27T00:00:00.00Z&next_token=1234567890abcdef
[2023-05-30 15:23:23,575] {twitter_hook.py:34} INFO - URL: https://labdados.com/2/tweets/search/recent?query=datascience&tweet.fields=author_id,conversation_id,created_at,id,in_reply_to_user_id,public_metrics,lang,text&expansions=author_id&user.fields=id,name,username,created_at&start_time=2023-05-26T00:00:00.00Z&end_time=2023-05-27T00:00:00.00Z&next_token=1234567890abcdef
[2023-05-30 15:23:23,750] {taskinstance.py:1395} INFO - Marking task as SUCCESS. dag_id=TwitterDAG, task_id=twitter_datascience, execution_date=20230526T000000, start_date=20230530T182322, end_date=20230530T182323
[2023-05-30 15:23:23,781] {local_task_job.py:156} INFO - Task exited with return code 0
[2023-05-30 15:23:23,865] {local_task_job.py:273} INFO - 1 downstream tasks scheduled from follow-on schedule check
[2023-05-30 15:54:05,005] {taskinstance.py:1159} INFO - Dependencies all met for <TaskInstance: TwitterDAG.twitter_datascience scheduled__2023-05-26T00:00:00+00:00 [queued]>
[2023-05-30 15:54:05,015] {taskinstance.py:1159} INFO - Dependencies all met for <TaskInstance: TwitterDAG.twitter_datascience scheduled__2023-05-26T00:00:00+00:00 [queued]>
[2023-05-30 15:54:05,016] {taskinstance.py:1356} INFO - 
--------------------------------------------------------------------------------
[2023-05-30 15:54:05,016] {taskinstance.py:1357} INFO - Starting attempt 1 of 1
[2023-05-30 15:54:05,016] {taskinstance.py:1358} INFO - 
--------------------------------------------------------------------------------
[2023-05-30 15:54:05,040] {taskinstance.py:1377} INFO - Executing <Task(TwitterOperator): twitter_datascience> on 2023-05-26 00:00:00+00:00
[2023-05-30 15:54:05,043] {standard_task_runner.py:52} INFO - Started process 26094 to run task
[2023-05-30 15:54:05,048] {standard_task_runner.py:79} INFO - Running: ['airflow', 'tasks', 'run', 'TwitterDAG', 'twitter_datascience', 'scheduled__2023-05-26T00:00:00+00:00', '--job-id', '39', '--raw', '--subdir', 'DAGS_FOLDER/twitter_dag.py', '--cfg-path', '/tmp/tmpu2q281eg', '--error-file', '/tmp/tmpcusuc6p5']
[2023-05-30 15:54:05,049] {standard_task_runner.py:80} INFO - Job 39: Subtask twitter_datascience
[2023-05-30 15:54:05,107] {task_command.py:370} INFO - Running <TaskInstance: TwitterDAG.twitter_datascience scheduled__2023-05-26T00:00:00+00:00 [running]> on host BIRIBA.localdomain
[2023-05-30 15:54:05,175] {taskinstance.py:1569} INFO - Exporting the following env vars:
AIRFLOW_CTX_DAG_OWNER=airflow
AIRFLOW_CTX_DAG_ID=TwitterDAG
AIRFLOW_CTX_TASK_ID=twitter_datascience
AIRFLOW_CTX_EXECUTION_DATE=2023-05-26T00:00:00+00:00
AIRFLOW_CTX_TRY_NUMBER=1
AIRFLOW_CTX_DAG_RUN_ID=scheduled__2023-05-26T00:00:00+00:00
[2023-05-30 15:54:05,184] {base.py:68} INFO - Using connection ID 'twitter_default' for task execution.
[2023-05-30 15:54:05,186] {twitter_hook.py:34} INFO - URL: https://labdados.com/2/tweets/search/recent?query=datascience&tweet.fields=author_id,conversation_id,created_at,id,in_reply_to_user_id,public_metrics,lang,text&expansions=author_id&user.fields=id,name,username,created_at&start_time=2023-05-26T00:00:00.00Z&end_time=2023-05-27T00:00:00.00Z
[2023-05-30 15:54:05,875] {taskinstance.py:1395} INFO - Marking task as SUCCESS. dag_id=TwitterDAG, task_id=twitter_datascience, execution_date=20230526T000000, start_date=20230530T185405, end_date=20230530T185405
[2023-05-30 15:54:05,947] {local_task_job.py:156} INFO - Task exited with return code 0
[2023-05-30 15:54:06,012] {local_task_job.py:273} INFO - 1 downstream tasks scheduled from follow-on schedule check
