[2023-05-26 22:03:15,381] {processor.py:153} INFO - Started process (PID=25776) to work on /home/raf/pipeline-transform/.venv/lib/python3.9/site-packages/airflow/example_dags/subdags/subdag.py
[2023-05-26 22:03:15,383] {processor.py:641} INFO - Processing file /home/raf/pipeline-transform/.venv/lib/python3.9/site-packages/airflow/example_dags/subdags/subdag.py for tasks to queue
[2023-05-26 22:03:15,383] {logging_mixin.py:115} INFO - [2023-05-26 22:03:15,383] {dagbag.py:507} INFO - Filling up the DagBag from /home/raf/pipeline-transform/.venv/lib/python3.9/site-packages/airflow/example_dags/subdags/subdag.py
[2023-05-26 22:03:15,385] {processor.py:653} WARNING - No viable dags retrieved from /home/raf/pipeline-transform/.venv/lib/python3.9/site-packages/airflow/example_dags/subdags/subdag.py
[2023-05-26 22:03:15,411] {processor.py:161} INFO - Processing /home/raf/pipeline-transform/.venv/lib/python3.9/site-packages/airflow/example_dags/subdags/subdag.py took 0.043 seconds
[2023-05-26 22:03:53,887] {processor.py:153} INFO - Started process (PID=26195) to work on /home/raf/pipeline-transform/.venv/lib/python3.9/site-packages/airflow/example_dags/subdags/subdag.py
[2023-05-26 22:03:53,889] {processor.py:641} INFO - Processing file /home/raf/pipeline-transform/.venv/lib/python3.9/site-packages/airflow/example_dags/subdags/subdag.py for tasks to queue
[2023-05-26 22:03:53,890] {logging_mixin.py:115} INFO - [2023-05-26 22:03:53,890] {dagbag.py:507} INFO - Filling up the DagBag from /home/raf/pipeline-transform/.venv/lib/python3.9/site-packages/airflow/example_dags/subdags/subdag.py
[2023-05-26 22:03:53,891] {processor.py:653} WARNING - No viable dags retrieved from /home/raf/pipeline-transform/.venv/lib/python3.9/site-packages/airflow/example_dags/subdags/subdag.py
[2023-05-26 22:03:53,900] {processor.py:161} INFO - Processing /home/raf/pipeline-transform/.venv/lib/python3.9/site-packages/airflow/example_dags/subdags/subdag.py took 0.016 seconds
[2023-05-26 22:04:26,641] {processor.py:153} INFO - Started process (PID=26307) to work on /home/raf/pipeline-transform/.venv/lib/python3.9/site-packages/airflow/example_dags/subdags/subdag.py
[2023-05-26 22:04:26,649] {processor.py:641} INFO - Processing file /home/raf/pipeline-transform/.venv/lib/python3.9/site-packages/airflow/example_dags/subdags/subdag.py for tasks to queue
[2023-05-26 22:04:26,649] {logging_mixin.py:115} INFO - [2023-05-26 22:04:26,649] {dagbag.py:507} INFO - Filling up the DagBag from /home/raf/pipeline-transform/.venv/lib/python3.9/site-packages/airflow/example_dags/subdags/subdag.py
[2023-05-26 22:04:26,650] {processor.py:653} WARNING - No viable dags retrieved from /home/raf/pipeline-transform/.venv/lib/python3.9/site-packages/airflow/example_dags/subdags/subdag.py
[2023-05-26 22:04:26,660] {processor.py:161} INFO - Processing /home/raf/pipeline-transform/.venv/lib/python3.9/site-packages/airflow/example_dags/subdags/subdag.py took 0.021 seconds
[2023-05-26 22:04:57,722] {processor.py:153} INFO - Started process (PID=26610) to work on /home/raf/pipeline-transform/.venv/lib/python3.9/site-packages/airflow/example_dags/subdags/subdag.py
[2023-05-26 22:04:57,731] {processor.py:641} INFO - Processing file /home/raf/pipeline-transform/.venv/lib/python3.9/site-packages/airflow/example_dags/subdags/subdag.py for tasks to queue
[2023-05-26 22:04:57,731] {logging_mixin.py:115} INFO - [2023-05-26 22:04:57,731] {dagbag.py:507} INFO - Filling up the DagBag from /home/raf/pipeline-transform/.venv/lib/python3.9/site-packages/airflow/example_dags/subdags/subdag.py
[2023-05-26 22:04:57,732] {processor.py:653} WARNING - No viable dags retrieved from /home/raf/pipeline-transform/.venv/lib/python3.9/site-packages/airflow/example_dags/subdags/subdag.py
[2023-05-26 22:04:57,741] {processor.py:161} INFO - Processing /home/raf/pipeline-transform/.venv/lib/python3.9/site-packages/airflow/example_dags/subdags/subdag.py took 0.021 seconds
[2023-05-26 22:05:29,964] {processor.py:153} INFO - Started process (PID=26834) to work on /home/raf/pipeline-transform/.venv/lib/python3.9/site-packages/airflow/example_dags/subdags/subdag.py
[2023-05-26 22:05:29,973] {processor.py:641} INFO - Processing file /home/raf/pipeline-transform/.venv/lib/python3.9/site-packages/airflow/example_dags/subdags/subdag.py for tasks to queue
[2023-05-26 22:05:29,974] {logging_mixin.py:115} INFO - [2023-05-26 22:05:29,974] {dagbag.py:507} INFO - Filling up the DagBag from /home/raf/pipeline-transform/.venv/lib/python3.9/site-packages/airflow/example_dags/subdags/subdag.py
[2023-05-26 22:05:29,975] {processor.py:653} WARNING - No viable dags retrieved from /home/raf/pipeline-transform/.venv/lib/python3.9/site-packages/airflow/example_dags/subdags/subdag.py
[2023-05-26 22:05:29,984] {processor.py:161} INFO - Processing /home/raf/pipeline-transform/.venv/lib/python3.9/site-packages/airflow/example_dags/subdags/subdag.py took 0.022 seconds
[2023-05-26 22:06:04,145] {processor.py:153} INFO - Started process (PID=26971) to work on /home/raf/pipeline-transform/.venv/lib/python3.9/site-packages/airflow/example_dags/subdags/subdag.py
[2023-05-26 22:06:04,155] {processor.py:641} INFO - Processing file /home/raf/pipeline-transform/.venv/lib/python3.9/site-packages/airflow/example_dags/subdags/subdag.py for tasks to queue
[2023-05-26 22:06:04,155] {logging_mixin.py:115} INFO - [2023-05-26 22:06:04,155] {dagbag.py:507} INFO - Filling up the DagBag from /home/raf/pipeline-transform/.venv/lib/python3.9/site-packages/airflow/example_dags/subdags/subdag.py
[2023-05-26 22:06:04,156] {processor.py:653} WARNING - No viable dags retrieved from /home/raf/pipeline-transform/.venv/lib/python3.9/site-packages/airflow/example_dags/subdags/subdag.py
[2023-05-26 22:06:04,165] {processor.py:161} INFO - Processing /home/raf/pipeline-transform/.venv/lib/python3.9/site-packages/airflow/example_dags/subdags/subdag.py took 0.022 seconds
[2023-05-26 22:06:36,073] {processor.py:153} INFO - Started process (PID=27108) to work on /home/raf/pipeline-transform/.venv/lib/python3.9/site-packages/airflow/example_dags/subdags/subdag.py
[2023-05-26 22:06:36,073] {processor.py:641} INFO - Processing file /home/raf/pipeline-transform/.venv/lib/python3.9/site-packages/airflow/example_dags/subdags/subdag.py for tasks to queue
[2023-05-26 22:06:36,074] {logging_mixin.py:115} INFO - [2023-05-26 22:06:36,074] {dagbag.py:507} INFO - Filling up the DagBag from /home/raf/pipeline-transform/.venv/lib/python3.9/site-packages/airflow/example_dags/subdags/subdag.py
[2023-05-26 22:06:36,075] {processor.py:653} WARNING - No viable dags retrieved from /home/raf/pipeline-transform/.venv/lib/python3.9/site-packages/airflow/example_dags/subdags/subdag.py
[2023-05-26 22:06:36,084] {processor.py:161} INFO - Processing /home/raf/pipeline-transform/.venv/lib/python3.9/site-packages/airflow/example_dags/subdags/subdag.py took 0.013 seconds
[2023-05-26 22:07:10,485] {processor.py:153} INFO - Started process (PID=27250) to work on /home/raf/pipeline-transform/.venv/lib/python3.9/site-packages/airflow/example_dags/subdags/subdag.py
[2023-05-26 22:07:10,497] {processor.py:641} INFO - Processing file /home/raf/pipeline-transform/.venv/lib/python3.9/site-packages/airflow/example_dags/subdags/subdag.py for tasks to queue
[2023-05-26 22:07:10,497] {logging_mixin.py:115} INFO - [2023-05-26 22:07:10,497] {dagbag.py:507} INFO - Filling up the DagBag from /home/raf/pipeline-transform/.venv/lib/python3.9/site-packages/airflow/example_dags/subdags/subdag.py
[2023-05-26 22:07:10,498] {processor.py:653} WARNING - No viable dags retrieved from /home/raf/pipeline-transform/.venv/lib/python3.9/site-packages/airflow/example_dags/subdags/subdag.py
[2023-05-26 22:07:10,507] {processor.py:161} INFO - Processing /home/raf/pipeline-transform/.venv/lib/python3.9/site-packages/airflow/example_dags/subdags/subdag.py took 0.025 seconds
[2023-05-26 22:07:46,692] {processor.py:153} INFO - Started process (PID=27337) to work on /home/raf/pipeline-transform/.venv/lib/python3.9/site-packages/airflow/example_dags/subdags/subdag.py
[2023-05-26 22:07:46,705] {processor.py:641} INFO - Processing file /home/raf/pipeline-transform/.venv/lib/python3.9/site-packages/airflow/example_dags/subdags/subdag.py for tasks to queue
[2023-05-26 22:07:46,706] {logging_mixin.py:115} INFO - [2023-05-26 22:07:46,706] {dagbag.py:507} INFO - Filling up the DagBag from /home/raf/pipeline-transform/.venv/lib/python3.9/site-packages/airflow/example_dags/subdags/subdag.py
[2023-05-26 22:07:46,707] {processor.py:653} WARNING - No viable dags retrieved from /home/raf/pipeline-transform/.venv/lib/python3.9/site-packages/airflow/example_dags/subdags/subdag.py
[2023-05-26 22:07:46,716] {processor.py:161} INFO - Processing /home/raf/pipeline-transform/.venv/lib/python3.9/site-packages/airflow/example_dags/subdags/subdag.py took 0.026 seconds
[2023-05-26 22:08:19,179] {processor.py:153} INFO - Started process (PID=27473) to work on /home/raf/pipeline-transform/.venv/lib/python3.9/site-packages/airflow/example_dags/subdags/subdag.py
[2023-05-26 22:08:19,193] {processor.py:641} INFO - Processing file /home/raf/pipeline-transform/.venv/lib/python3.9/site-packages/airflow/example_dags/subdags/subdag.py for tasks to queue
[2023-05-26 22:08:19,194] {logging_mixin.py:115} INFO - [2023-05-26 22:08:19,194] {dagbag.py:507} INFO - Filling up the DagBag from /home/raf/pipeline-transform/.venv/lib/python3.9/site-packages/airflow/example_dags/subdags/subdag.py
[2023-05-26 22:08:19,195] {processor.py:653} WARNING - No viable dags retrieved from /home/raf/pipeline-transform/.venv/lib/python3.9/site-packages/airflow/example_dags/subdags/subdag.py
[2023-05-26 22:08:19,204] {processor.py:161} INFO - Processing /home/raf/pipeline-transform/.venv/lib/python3.9/site-packages/airflow/example_dags/subdags/subdag.py took 0.027 seconds
[2023-05-26 22:08:50,235] {processor.py:153} INFO - Started process (PID=27554) to work on /home/raf/pipeline-transform/.venv/lib/python3.9/site-packages/airflow/example_dags/subdags/subdag.py
[2023-05-26 22:08:50,235] {processor.py:641} INFO - Processing file /home/raf/pipeline-transform/.venv/lib/python3.9/site-packages/airflow/example_dags/subdags/subdag.py for tasks to queue
[2023-05-26 22:08:50,236] {logging_mixin.py:115} INFO - [2023-05-26 22:08:50,236] {dagbag.py:507} INFO - Filling up the DagBag from /home/raf/pipeline-transform/.venv/lib/python3.9/site-packages/airflow/example_dags/subdags/subdag.py
[2023-05-26 22:08:50,237] {processor.py:653} WARNING - No viable dags retrieved from /home/raf/pipeline-transform/.venv/lib/python3.9/site-packages/airflow/example_dags/subdags/subdag.py
[2023-05-26 22:08:50,245] {processor.py:161} INFO - Processing /home/raf/pipeline-transform/.venv/lib/python3.9/site-packages/airflow/example_dags/subdags/subdag.py took 0.013 seconds
[2023-05-26 22:09:26,432] {processor.py:153} INFO - Started process (PID=27744) to work on /home/raf/pipeline-transform/.venv/lib/python3.9/site-packages/airflow/example_dags/subdags/subdag.py
[2023-05-26 22:09:26,452] {processor.py:641} INFO - Processing file /home/raf/pipeline-transform/.venv/lib/python3.9/site-packages/airflow/example_dags/subdags/subdag.py for tasks to queue
[2023-05-26 22:09:26,453] {logging_mixin.py:115} INFO - [2023-05-26 22:09:26,453] {dagbag.py:507} INFO - Filling up the DagBag from /home/raf/pipeline-transform/.venv/lib/python3.9/site-packages/airflow/example_dags/subdags/subdag.py
[2023-05-26 22:09:26,454] {processor.py:653} WARNING - No viable dags retrieved from /home/raf/pipeline-transform/.venv/lib/python3.9/site-packages/airflow/example_dags/subdags/subdag.py
[2023-05-26 22:09:26,465] {processor.py:161} INFO - Processing /home/raf/pipeline-transform/.venv/lib/python3.9/site-packages/airflow/example_dags/subdags/subdag.py took 0.035 seconds
[2023-05-26 22:09:58,359] {processor.py:153} INFO - Started process (PID=27826) to work on /home/raf/pipeline-transform/.venv/lib/python3.9/site-packages/airflow/example_dags/subdags/subdag.py
[2023-05-26 22:09:58,380] {processor.py:641} INFO - Processing file /home/raf/pipeline-transform/.venv/lib/python3.9/site-packages/airflow/example_dags/subdags/subdag.py for tasks to queue
[2023-05-26 22:09:58,381] {logging_mixin.py:115} INFO - [2023-05-26 22:09:58,381] {dagbag.py:507} INFO - Filling up the DagBag from /home/raf/pipeline-transform/.venv/lib/python3.9/site-packages/airflow/example_dags/subdags/subdag.py
[2023-05-26 22:09:58,382] {processor.py:653} WARNING - No viable dags retrieved from /home/raf/pipeline-transform/.venv/lib/python3.9/site-packages/airflow/example_dags/subdags/subdag.py
[2023-05-26 22:09:58,391] {processor.py:161} INFO - Processing /home/raf/pipeline-transform/.venv/lib/python3.9/site-packages/airflow/example_dags/subdags/subdag.py took 0.034 seconds
[2023-05-26 22:10:33,273] {processor.py:153} INFO - Started process (PID=27912) to work on /home/raf/pipeline-transform/.venv/lib/python3.9/site-packages/airflow/example_dags/subdags/subdag.py
[2023-05-26 22:10:33,295] {processor.py:641} INFO - Processing file /home/raf/pipeline-transform/.venv/lib/python3.9/site-packages/airflow/example_dags/subdags/subdag.py for tasks to queue
[2023-05-26 22:10:33,296] {logging_mixin.py:115} INFO - [2023-05-26 22:10:33,296] {dagbag.py:507} INFO - Filling up the DagBag from /home/raf/pipeline-transform/.venv/lib/python3.9/site-packages/airflow/example_dags/subdags/subdag.py
[2023-05-26 22:10:33,297] {processor.py:653} WARNING - No viable dags retrieved from /home/raf/pipeline-transform/.venv/lib/python3.9/site-packages/airflow/example_dags/subdags/subdag.py
[2023-05-26 22:10:33,305] {processor.py:161} INFO - Processing /home/raf/pipeline-transform/.venv/lib/python3.9/site-packages/airflow/example_dags/subdags/subdag.py took 0.035 seconds
[2023-05-26 22:11:03,567] {processor.py:153} INFO - Started process (PID=27988) to work on /home/raf/pipeline-transform/.venv/lib/python3.9/site-packages/airflow/example_dags/subdags/subdag.py
[2023-05-26 22:11:03,567] {processor.py:641} INFO - Processing file /home/raf/pipeline-transform/.venv/lib/python3.9/site-packages/airflow/example_dags/subdags/subdag.py for tasks to queue
[2023-05-26 22:11:03,567] {logging_mixin.py:115} INFO - [2023-05-26 22:11:03,567] {dagbag.py:507} INFO - Filling up the DagBag from /home/raf/pipeline-transform/.venv/lib/python3.9/site-packages/airflow/example_dags/subdags/subdag.py
[2023-05-26 22:11:03,568] {processor.py:653} WARNING - No viable dags retrieved from /home/raf/pipeline-transform/.venv/lib/python3.9/site-packages/airflow/example_dags/subdags/subdag.py
[2023-05-26 22:11:03,578] {processor.py:161} INFO - Processing /home/raf/pipeline-transform/.venv/lib/python3.9/site-packages/airflow/example_dags/subdags/subdag.py took 0.013 seconds
[2023-05-26 22:11:37,938] {processor.py:153} INFO - Started process (PID=28075) to work on /home/raf/pipeline-transform/.venv/lib/python3.9/site-packages/airflow/example_dags/subdags/subdag.py
[2023-05-26 22:11:37,941] {processor.py:641} INFO - Processing file /home/raf/pipeline-transform/.venv/lib/python3.9/site-packages/airflow/example_dags/subdags/subdag.py for tasks to queue
[2023-05-26 22:11:37,942] {logging_mixin.py:115} INFO - [2023-05-26 22:11:37,942] {dagbag.py:507} INFO - Filling up the DagBag from /home/raf/pipeline-transform/.venv/lib/python3.9/site-packages/airflow/example_dags/subdags/subdag.py
[2023-05-26 22:11:37,943] {processor.py:653} WARNING - No viable dags retrieved from /home/raf/pipeline-transform/.venv/lib/python3.9/site-packages/airflow/example_dags/subdags/subdag.py
[2023-05-26 22:11:37,951] {processor.py:161} INFO - Processing /home/raf/pipeline-transform/.venv/lib/python3.9/site-packages/airflow/example_dags/subdags/subdag.py took 0.016 seconds
[2023-05-26 22:12:09,728] {processor.py:153} INFO - Started process (PID=28166) to work on /home/raf/pipeline-transform/.venv/lib/python3.9/site-packages/airflow/example_dags/subdags/subdag.py
[2023-05-26 22:12:09,734] {processor.py:641} INFO - Processing file /home/raf/pipeline-transform/.venv/lib/python3.9/site-packages/airflow/example_dags/subdags/subdag.py for tasks to queue
[2023-05-26 22:12:09,734] {logging_mixin.py:115} INFO - [2023-05-26 22:12:09,734] {dagbag.py:507} INFO - Filling up the DagBag from /home/raf/pipeline-transform/.venv/lib/python3.9/site-packages/airflow/example_dags/subdags/subdag.py
[2023-05-26 22:12:09,736] {processor.py:653} WARNING - No viable dags retrieved from /home/raf/pipeline-transform/.venv/lib/python3.9/site-packages/airflow/example_dags/subdags/subdag.py
[2023-05-26 22:12:09,748] {processor.py:161} INFO - Processing /home/raf/pipeline-transform/.venv/lib/python3.9/site-packages/airflow/example_dags/subdags/subdag.py took 0.023 seconds
[2023-05-26 22:12:43,748] {processor.py:153} INFO - Started process (PID=28402) to work on /home/raf/pipeline-transform/.venv/lib/python3.9/site-packages/airflow/example_dags/subdags/subdag.py
[2023-05-26 22:12:43,748] {processor.py:641} INFO - Processing file /home/raf/pipeline-transform/.venv/lib/python3.9/site-packages/airflow/example_dags/subdags/subdag.py for tasks to queue
[2023-05-26 22:12:43,749] {logging_mixin.py:115} INFO - [2023-05-26 22:12:43,749] {dagbag.py:507} INFO - Filling up the DagBag from /home/raf/pipeline-transform/.venv/lib/python3.9/site-packages/airflow/example_dags/subdags/subdag.py
[2023-05-26 22:12:43,750] {processor.py:653} WARNING - No viable dags retrieved from /home/raf/pipeline-transform/.venv/lib/python3.9/site-packages/airflow/example_dags/subdags/subdag.py
[2023-05-26 22:12:43,759] {processor.py:161} INFO - Processing /home/raf/pipeline-transform/.venv/lib/python3.9/site-packages/airflow/example_dags/subdags/subdag.py took 0.013 seconds
[2023-05-26 22:13:15,929] {processor.py:153} INFO - Started process (PID=28505) to work on /home/raf/pipeline-transform/.venv/lib/python3.9/site-packages/airflow/example_dags/subdags/subdag.py
[2023-05-26 22:13:15,940] {processor.py:641} INFO - Processing file /home/raf/pipeline-transform/.venv/lib/python3.9/site-packages/airflow/example_dags/subdags/subdag.py for tasks to queue
[2023-05-26 22:13:15,940] {logging_mixin.py:115} INFO - [2023-05-26 22:13:15,940] {dagbag.py:507} INFO - Filling up the DagBag from /home/raf/pipeline-transform/.venv/lib/python3.9/site-packages/airflow/example_dags/subdags/subdag.py
[2023-05-26 22:13:15,942] {processor.py:653} WARNING - No viable dags retrieved from /home/raf/pipeline-transform/.venv/lib/python3.9/site-packages/airflow/example_dags/subdags/subdag.py
[2023-05-26 22:13:15,952] {processor.py:161} INFO - Processing /home/raf/pipeline-transform/.venv/lib/python3.9/site-packages/airflow/example_dags/subdags/subdag.py took 0.027 seconds
[2023-05-26 22:13:47,207] {processor.py:153} INFO - Started process (PID=28615) to work on /home/raf/pipeline-transform/.venv/lib/python3.9/site-packages/airflow/example_dags/subdags/subdag.py
[2023-05-26 22:13:47,207] {processor.py:641} INFO - Processing file /home/raf/pipeline-transform/.venv/lib/python3.9/site-packages/airflow/example_dags/subdags/subdag.py for tasks to queue
[2023-05-26 22:13:47,208] {logging_mixin.py:115} INFO - [2023-05-26 22:13:47,208] {dagbag.py:507} INFO - Filling up the DagBag from /home/raf/pipeline-transform/.venv/lib/python3.9/site-packages/airflow/example_dags/subdags/subdag.py
[2023-05-26 22:13:47,209] {processor.py:653} WARNING - No viable dags retrieved from /home/raf/pipeline-transform/.venv/lib/python3.9/site-packages/airflow/example_dags/subdags/subdag.py
[2023-05-26 22:13:47,218] {processor.py:161} INFO - Processing /home/raf/pipeline-transform/.venv/lib/python3.9/site-packages/airflow/example_dags/subdags/subdag.py took 0.013 seconds
[2023-05-26 22:14:22,203] {processor.py:153} INFO - Started process (PID=28701) to work on /home/raf/pipeline-transform/.venv/lib/python3.9/site-packages/airflow/example_dags/subdags/subdag.py
[2023-05-26 22:14:22,221] {processor.py:641} INFO - Processing file /home/raf/pipeline-transform/.venv/lib/python3.9/site-packages/airflow/example_dags/subdags/subdag.py for tasks to queue
[2023-05-26 22:14:22,222] {logging_mixin.py:115} INFO - [2023-05-26 22:14:22,222] {dagbag.py:507} INFO - Filling up the DagBag from /home/raf/pipeline-transform/.venv/lib/python3.9/site-packages/airflow/example_dags/subdags/subdag.py
[2023-05-26 22:14:22,223] {processor.py:653} WARNING - No viable dags retrieved from /home/raf/pipeline-transform/.venv/lib/python3.9/site-packages/airflow/example_dags/subdags/subdag.py
[2023-05-26 22:14:22,234] {processor.py:161} INFO - Processing /home/raf/pipeline-transform/.venv/lib/python3.9/site-packages/airflow/example_dags/subdags/subdag.py took 0.034 seconds
[2023-05-26 22:14:53,124] {processor.py:153} INFO - Started process (PID=28778) to work on /home/raf/pipeline-transform/.venv/lib/python3.9/site-packages/airflow/example_dags/subdags/subdag.py
[2023-05-26 22:14:53,124] {processor.py:641} INFO - Processing file /home/raf/pipeline-transform/.venv/lib/python3.9/site-packages/airflow/example_dags/subdags/subdag.py for tasks to queue
[2023-05-26 22:14:53,124] {logging_mixin.py:115} INFO - [2023-05-26 22:14:53,124] {dagbag.py:507} INFO - Filling up the DagBag from /home/raf/pipeline-transform/.venv/lib/python3.9/site-packages/airflow/example_dags/subdags/subdag.py
[2023-05-26 22:14:53,126] {processor.py:653} WARNING - No viable dags retrieved from /home/raf/pipeline-transform/.venv/lib/python3.9/site-packages/airflow/example_dags/subdags/subdag.py
[2023-05-26 22:14:53,135] {processor.py:161} INFO - Processing /home/raf/pipeline-transform/.venv/lib/python3.9/site-packages/airflow/example_dags/subdags/subdag.py took 0.013 seconds
[2023-05-26 22:15:24,046] {processor.py:153} INFO - Started process (PID=28854) to work on /home/raf/pipeline-transform/.venv/lib/python3.9/site-packages/airflow/example_dags/subdags/subdag.py
[2023-05-26 22:15:24,049] {processor.py:641} INFO - Processing file /home/raf/pipeline-transform/.venv/lib/python3.9/site-packages/airflow/example_dags/subdags/subdag.py for tasks to queue
[2023-05-26 22:15:24,050] {logging_mixin.py:115} INFO - [2023-05-26 22:15:24,050] {dagbag.py:507} INFO - Filling up the DagBag from /home/raf/pipeline-transform/.venv/lib/python3.9/site-packages/airflow/example_dags/subdags/subdag.py
[2023-05-26 22:15:24,051] {processor.py:653} WARNING - No viable dags retrieved from /home/raf/pipeline-transform/.venv/lib/python3.9/site-packages/airflow/example_dags/subdags/subdag.py
[2023-05-26 22:15:24,060] {processor.py:161} INFO - Processing /home/raf/pipeline-transform/.venv/lib/python3.9/site-packages/airflow/example_dags/subdags/subdag.py took 0.016 seconds
[2023-05-26 22:15:54,210] {processor.py:153} INFO - Started process (PID=28926) to work on /home/raf/pipeline-transform/.venv/lib/python3.9/site-packages/airflow/example_dags/subdags/subdag.py
[2023-05-26 22:15:54,210] {processor.py:641} INFO - Processing file /home/raf/pipeline-transform/.venv/lib/python3.9/site-packages/airflow/example_dags/subdags/subdag.py for tasks to queue
[2023-05-26 22:15:54,211] {logging_mixin.py:115} INFO - [2023-05-26 22:15:54,211] {dagbag.py:507} INFO - Filling up the DagBag from /home/raf/pipeline-transform/.venv/lib/python3.9/site-packages/airflow/example_dags/subdags/subdag.py
[2023-05-26 22:15:54,212] {processor.py:653} WARNING - No viable dags retrieved from /home/raf/pipeline-transform/.venv/lib/python3.9/site-packages/airflow/example_dags/subdags/subdag.py
[2023-05-26 22:15:54,221] {processor.py:161} INFO - Processing /home/raf/pipeline-transform/.venv/lib/python3.9/site-packages/airflow/example_dags/subdags/subdag.py took 0.013 seconds
[2023-05-26 22:16:26,273] {processor.py:153} INFO - Started process (PID=29006) to work on /home/raf/pipeline-transform/.venv/lib/python3.9/site-packages/airflow/example_dags/subdags/subdag.py
[2023-05-26 22:16:26,297] {processor.py:641} INFO - Processing file /home/raf/pipeline-transform/.venv/lib/python3.9/site-packages/airflow/example_dags/subdags/subdag.py for tasks to queue
[2023-05-26 22:16:26,297] {logging_mixin.py:115} INFO - [2023-05-26 22:16:26,297] {dagbag.py:507} INFO - Filling up the DagBag from /home/raf/pipeline-transform/.venv/lib/python3.9/site-packages/airflow/example_dags/subdags/subdag.py
[2023-05-26 22:16:26,298] {processor.py:653} WARNING - No viable dags retrieved from /home/raf/pipeline-transform/.venv/lib/python3.9/site-packages/airflow/example_dags/subdags/subdag.py
[2023-05-26 22:16:26,308] {processor.py:161} INFO - Processing /home/raf/pipeline-transform/.venv/lib/python3.9/site-packages/airflow/example_dags/subdags/subdag.py took 0.037 seconds
[2023-05-26 22:16:57,298] {processor.py:153} INFO - Started process (PID=29083) to work on /home/raf/pipeline-transform/.venv/lib/python3.9/site-packages/airflow/example_dags/subdags/subdag.py
[2023-05-26 22:16:57,323] {processor.py:641} INFO - Processing file /home/raf/pipeline-transform/.venv/lib/python3.9/site-packages/airflow/example_dags/subdags/subdag.py for tasks to queue
[2023-05-26 22:16:57,323] {logging_mixin.py:115} INFO - [2023-05-26 22:16:57,323] {dagbag.py:507} INFO - Filling up the DagBag from /home/raf/pipeline-transform/.venv/lib/python3.9/site-packages/airflow/example_dags/subdags/subdag.py
[2023-05-26 22:16:57,324] {processor.py:653} WARNING - No viable dags retrieved from /home/raf/pipeline-transform/.venv/lib/python3.9/site-packages/airflow/example_dags/subdags/subdag.py
[2023-05-26 22:16:57,334] {processor.py:161} INFO - Processing /home/raf/pipeline-transform/.venv/lib/python3.9/site-packages/airflow/example_dags/subdags/subdag.py took 0.039 seconds
[2023-05-26 22:17:28,394] {processor.py:153} INFO - Started process (PID=29160) to work on /home/raf/pipeline-transform/.venv/lib/python3.9/site-packages/airflow/example_dags/subdags/subdag.py
[2023-05-26 22:17:28,394] {processor.py:641} INFO - Processing file /home/raf/pipeline-transform/.venv/lib/python3.9/site-packages/airflow/example_dags/subdags/subdag.py for tasks to queue
[2023-05-26 22:17:28,394] {logging_mixin.py:115} INFO - [2023-05-26 22:17:28,394] {dagbag.py:507} INFO - Filling up the DagBag from /home/raf/pipeline-transform/.venv/lib/python3.9/site-packages/airflow/example_dags/subdags/subdag.py
[2023-05-26 22:17:28,395] {processor.py:653} WARNING - No viable dags retrieved from /home/raf/pipeline-transform/.venv/lib/python3.9/site-packages/airflow/example_dags/subdags/subdag.py
[2023-05-26 22:17:28,405] {processor.py:161} INFO - Processing /home/raf/pipeline-transform/.venv/lib/python3.9/site-packages/airflow/example_dags/subdags/subdag.py took 0.014 seconds
[2023-05-26 22:18:00,837] {processor.py:153} INFO - Started process (PID=29239) to work on /home/raf/pipeline-transform/.venv/lib/python3.9/site-packages/airflow/example_dags/subdags/subdag.py
[2023-05-26 22:18:00,840] {processor.py:641} INFO - Processing file /home/raf/pipeline-transform/.venv/lib/python3.9/site-packages/airflow/example_dags/subdags/subdag.py for tasks to queue
[2023-05-26 22:18:00,841] {logging_mixin.py:115} INFO - [2023-05-26 22:18:00,841] {dagbag.py:507} INFO - Filling up the DagBag from /home/raf/pipeline-transform/.venv/lib/python3.9/site-packages/airflow/example_dags/subdags/subdag.py
[2023-05-26 22:18:00,842] {processor.py:653} WARNING - No viable dags retrieved from /home/raf/pipeline-transform/.venv/lib/python3.9/site-packages/airflow/example_dags/subdags/subdag.py
[2023-05-26 22:18:00,852] {processor.py:161} INFO - Processing /home/raf/pipeline-transform/.venv/lib/python3.9/site-packages/airflow/example_dags/subdags/subdag.py took 0.017 seconds
[2023-05-26 22:18:31,782] {processor.py:153} INFO - Started process (PID=29366) to work on /home/raf/pipeline-transform/.venv/lib/python3.9/site-packages/airflow/example_dags/subdags/subdag.py
[2023-05-26 22:18:31,783] {processor.py:641} INFO - Processing file /home/raf/pipeline-transform/.venv/lib/python3.9/site-packages/airflow/example_dags/subdags/subdag.py for tasks to queue
[2023-05-26 22:18:31,783] {logging_mixin.py:115} INFO - [2023-05-26 22:18:31,783] {dagbag.py:507} INFO - Filling up the DagBag from /home/raf/pipeline-transform/.venv/lib/python3.9/site-packages/airflow/example_dags/subdags/subdag.py
[2023-05-26 22:18:31,785] {processor.py:653} WARNING - No viable dags retrieved from /home/raf/pipeline-transform/.venv/lib/python3.9/site-packages/airflow/example_dags/subdags/subdag.py
[2023-05-26 22:18:31,814] {processor.py:161} INFO - Processing /home/raf/pipeline-transform/.venv/lib/python3.9/site-packages/airflow/example_dags/subdags/subdag.py took 0.035 seconds
[2023-05-26 22:19:06,735] {processor.py:153} INFO - Started process (PID=29464) to work on /home/raf/pipeline-transform/.venv/lib/python3.9/site-packages/airflow/example_dags/subdags/subdag.py
[2023-05-26 22:19:06,743] {processor.py:641} INFO - Processing file /home/raf/pipeline-transform/.venv/lib/python3.9/site-packages/airflow/example_dags/subdags/subdag.py for tasks to queue
[2023-05-26 22:19:06,744] {logging_mixin.py:115} INFO - [2023-05-26 22:19:06,743] {dagbag.py:507} INFO - Filling up the DagBag from /home/raf/pipeline-transform/.venv/lib/python3.9/site-packages/airflow/example_dags/subdags/subdag.py
[2023-05-26 22:19:06,745] {processor.py:653} WARNING - No viable dags retrieved from /home/raf/pipeline-transform/.venv/lib/python3.9/site-packages/airflow/example_dags/subdags/subdag.py
[2023-05-26 22:19:06,754] {processor.py:161} INFO - Processing /home/raf/pipeline-transform/.venv/lib/python3.9/site-packages/airflow/example_dags/subdags/subdag.py took 0.021 seconds
[2023-05-26 22:19:41,062] {processor.py:153} INFO - Started process (PID=29701) to work on /home/raf/pipeline-transform/.venv/lib/python3.9/site-packages/airflow/example_dags/subdags/subdag.py
[2023-05-26 22:19:41,068] {processor.py:641} INFO - Processing file /home/raf/pipeline-transform/.venv/lib/python3.9/site-packages/airflow/example_dags/subdags/subdag.py for tasks to queue
[2023-05-26 22:19:41,069] {logging_mixin.py:115} INFO - [2023-05-26 22:19:41,069] {dagbag.py:507} INFO - Filling up the DagBag from /home/raf/pipeline-transform/.venv/lib/python3.9/site-packages/airflow/example_dags/subdags/subdag.py
[2023-05-26 22:19:41,070] {processor.py:653} WARNING - No viable dags retrieved from /home/raf/pipeline-transform/.venv/lib/python3.9/site-packages/airflow/example_dags/subdags/subdag.py
[2023-05-26 22:19:41,079] {processor.py:161} INFO - Processing /home/raf/pipeline-transform/.venv/lib/python3.9/site-packages/airflow/example_dags/subdags/subdag.py took 0.020 seconds
[2023-05-26 22:20:17,149] {processor.py:153} INFO - Started process (PID=29988) to work on /home/raf/pipeline-transform/.venv/lib/python3.9/site-packages/airflow/example_dags/subdags/subdag.py
[2023-05-26 22:20:17,162] {processor.py:641} INFO - Processing file /home/raf/pipeline-transform/.venv/lib/python3.9/site-packages/airflow/example_dags/subdags/subdag.py for tasks to queue
[2023-05-26 22:20:17,162] {logging_mixin.py:115} INFO - [2023-05-26 22:20:17,162] {dagbag.py:507} INFO - Filling up the DagBag from /home/raf/pipeline-transform/.venv/lib/python3.9/site-packages/airflow/example_dags/subdags/subdag.py
[2023-05-26 22:20:17,164] {processor.py:653} WARNING - No viable dags retrieved from /home/raf/pipeline-transform/.venv/lib/python3.9/site-packages/airflow/example_dags/subdags/subdag.py
[2023-05-26 22:20:17,189] {processor.py:161} INFO - Processing /home/raf/pipeline-transform/.venv/lib/python3.9/site-packages/airflow/example_dags/subdags/subdag.py took 0.044 seconds
[2023-05-26 22:20:54,178] {processor.py:153} INFO - Started process (PID=30288) to work on /home/raf/pipeline-transform/.venv/lib/python3.9/site-packages/airflow/example_dags/subdags/subdag.py
[2023-05-26 22:20:54,190] {processor.py:641} INFO - Processing file /home/raf/pipeline-transform/.venv/lib/python3.9/site-packages/airflow/example_dags/subdags/subdag.py for tasks to queue
[2023-05-26 22:20:54,191] {logging_mixin.py:115} INFO - [2023-05-26 22:20:54,191] {dagbag.py:507} INFO - Filling up the DagBag from /home/raf/pipeline-transform/.venv/lib/python3.9/site-packages/airflow/example_dags/subdags/subdag.py
[2023-05-26 22:20:54,192] {processor.py:653} WARNING - No viable dags retrieved from /home/raf/pipeline-transform/.venv/lib/python3.9/site-packages/airflow/example_dags/subdags/subdag.py
[2023-05-26 22:20:54,200] {processor.py:161} INFO - Processing /home/raf/pipeline-transform/.venv/lib/python3.9/site-packages/airflow/example_dags/subdags/subdag.py took 0.025 seconds
[2023-05-26 22:21:26,881] {processor.py:153} INFO - Started process (PID=30579) to work on /home/raf/pipeline-transform/.venv/lib/python3.9/site-packages/airflow/example_dags/subdags/subdag.py
[2023-05-26 22:21:26,881] {processor.py:641} INFO - Processing file /home/raf/pipeline-transform/.venv/lib/python3.9/site-packages/airflow/example_dags/subdags/subdag.py for tasks to queue
[2023-05-26 22:21:26,882] {logging_mixin.py:115} INFO - [2023-05-26 22:21:26,881] {dagbag.py:507} INFO - Filling up the DagBag from /home/raf/pipeline-transform/.venv/lib/python3.9/site-packages/airflow/example_dags/subdags/subdag.py
[2023-05-26 22:21:26,883] {processor.py:653} WARNING - No viable dags retrieved from /home/raf/pipeline-transform/.venv/lib/python3.9/site-packages/airflow/example_dags/subdags/subdag.py
[2023-05-26 22:21:26,891] {processor.py:161} INFO - Processing /home/raf/pipeline-transform/.venv/lib/python3.9/site-packages/airflow/example_dags/subdags/subdag.py took 0.013 seconds
[2023-05-26 22:22:01,417] {processor.py:153} INFO - Started process (PID=30819) to work on /home/raf/pipeline-transform/.venv/lib/python3.9/site-packages/airflow/example_dags/subdags/subdag.py
[2023-05-26 22:22:01,431] {processor.py:641} INFO - Processing file /home/raf/pipeline-transform/.venv/lib/python3.9/site-packages/airflow/example_dags/subdags/subdag.py for tasks to queue
[2023-05-26 22:22:01,431] {logging_mixin.py:115} INFO - [2023-05-26 22:22:01,431] {dagbag.py:507} INFO - Filling up the DagBag from /home/raf/pipeline-transform/.venv/lib/python3.9/site-packages/airflow/example_dags/subdags/subdag.py
[2023-05-26 22:22:01,433] {processor.py:653} WARNING - No viable dags retrieved from /home/raf/pipeline-transform/.venv/lib/python3.9/site-packages/airflow/example_dags/subdags/subdag.py
[2023-05-26 22:22:01,444] {processor.py:161} INFO - Processing /home/raf/pipeline-transform/.venv/lib/python3.9/site-packages/airflow/example_dags/subdags/subdag.py took 0.031 seconds
[2023-05-26 22:22:33,565] {processor.py:153} INFO - Started process (PID=31053) to work on /home/raf/pipeline-transform/.venv/lib/python3.9/site-packages/airflow/example_dags/subdags/subdag.py
[2023-05-26 22:22:33,566] {processor.py:641} INFO - Processing file /home/raf/pipeline-transform/.venv/lib/python3.9/site-packages/airflow/example_dags/subdags/subdag.py for tasks to queue
[2023-05-26 22:22:33,566] {logging_mixin.py:115} INFO - [2023-05-26 22:22:33,566] {dagbag.py:507} INFO - Filling up the DagBag from /home/raf/pipeline-transform/.venv/lib/python3.9/site-packages/airflow/example_dags/subdags/subdag.py
[2023-05-26 22:22:33,567] {processor.py:653} WARNING - No viable dags retrieved from /home/raf/pipeline-transform/.venv/lib/python3.9/site-packages/airflow/example_dags/subdags/subdag.py
[2023-05-26 22:22:33,576] {processor.py:161} INFO - Processing /home/raf/pipeline-transform/.venv/lib/python3.9/site-packages/airflow/example_dags/subdags/subdag.py took 0.014 seconds
[2023-05-26 22:23:07,337] {processor.py:153} INFO - Started process (PID=31141) to work on /home/raf/pipeline-transform/.venv/lib/python3.9/site-packages/airflow/example_dags/subdags/subdag.py
[2023-05-26 22:23:07,357] {processor.py:641} INFO - Processing file /home/raf/pipeline-transform/.venv/lib/python3.9/site-packages/airflow/example_dags/subdags/subdag.py for tasks to queue
[2023-05-26 22:23:07,357] {logging_mixin.py:115} INFO - [2023-05-26 22:23:07,357] {dagbag.py:507} INFO - Filling up the DagBag from /home/raf/pipeline-transform/.venv/lib/python3.9/site-packages/airflow/example_dags/subdags/subdag.py
[2023-05-26 22:23:07,358] {processor.py:653} WARNING - No viable dags retrieved from /home/raf/pipeline-transform/.venv/lib/python3.9/site-packages/airflow/example_dags/subdags/subdag.py
[2023-05-26 22:23:07,367] {processor.py:161} INFO - Processing /home/raf/pipeline-transform/.venv/lib/python3.9/site-packages/airflow/example_dags/subdags/subdag.py took 0.033 seconds
[2023-05-26 22:23:39,870] {processor.py:153} INFO - Started process (PID=31226) to work on /home/raf/pipeline-transform/.venv/lib/python3.9/site-packages/airflow/example_dags/subdags/subdag.py
[2023-05-26 22:23:39,870] {processor.py:641} INFO - Processing file /home/raf/pipeline-transform/.venv/lib/python3.9/site-packages/airflow/example_dags/subdags/subdag.py for tasks to queue
[2023-05-26 22:23:39,871] {logging_mixin.py:115} INFO - [2023-05-26 22:23:39,871] {dagbag.py:507} INFO - Filling up the DagBag from /home/raf/pipeline-transform/.venv/lib/python3.9/site-packages/airflow/example_dags/subdags/subdag.py
[2023-05-26 22:23:39,872] {processor.py:653} WARNING - No viable dags retrieved from /home/raf/pipeline-transform/.venv/lib/python3.9/site-packages/airflow/example_dags/subdags/subdag.py
[2023-05-26 22:23:39,882] {processor.py:161} INFO - Processing /home/raf/pipeline-transform/.venv/lib/python3.9/site-packages/airflow/example_dags/subdags/subdag.py took 0.016 seconds
[2023-05-26 22:24:16,042] {processor.py:153} INFO - Started process (PID=31312) to work on /home/raf/pipeline-transform/.venv/lib/python3.9/site-packages/airflow/example_dags/subdags/subdag.py
[2023-05-26 22:24:16,065] {processor.py:641} INFO - Processing file /home/raf/pipeline-transform/.venv/lib/python3.9/site-packages/airflow/example_dags/subdags/subdag.py for tasks to queue
[2023-05-26 22:24:16,065] {logging_mixin.py:115} INFO - [2023-05-26 22:24:16,065] {dagbag.py:507} INFO - Filling up the DagBag from /home/raf/pipeline-transform/.venv/lib/python3.9/site-packages/airflow/example_dags/subdags/subdag.py
[2023-05-26 22:24:16,066] {processor.py:653} WARNING - No viable dags retrieved from /home/raf/pipeline-transform/.venv/lib/python3.9/site-packages/airflow/example_dags/subdags/subdag.py
[2023-05-26 22:24:16,075] {processor.py:161} INFO - Processing /home/raf/pipeline-transform/.venv/lib/python3.9/site-packages/airflow/example_dags/subdags/subdag.py took 0.036 seconds
[2023-05-26 22:24:49,953] {processor.py:153} INFO - Started process (PID=31401) to work on /home/raf/pipeline-transform/.venv/lib/python3.9/site-packages/airflow/example_dags/subdags/subdag.py
[2023-05-26 22:24:49,977] {processor.py:641} INFO - Processing file /home/raf/pipeline-transform/.venv/lib/python3.9/site-packages/airflow/example_dags/subdags/subdag.py for tasks to queue
[2023-05-26 22:24:49,977] {logging_mixin.py:115} INFO - [2023-05-26 22:24:49,977] {dagbag.py:507} INFO - Filling up the DagBag from /home/raf/pipeline-transform/.venv/lib/python3.9/site-packages/airflow/example_dags/subdags/subdag.py
[2023-05-26 22:24:49,978] {processor.py:653} WARNING - No viable dags retrieved from /home/raf/pipeline-transform/.venv/lib/python3.9/site-packages/airflow/example_dags/subdags/subdag.py
[2023-05-26 22:24:49,987] {processor.py:161} INFO - Processing /home/raf/pipeline-transform/.venv/lib/python3.9/site-packages/airflow/example_dags/subdags/subdag.py took 0.037 seconds
[2023-05-26 22:25:24,197] {processor.py:153} INFO - Started process (PID=31585) to work on /home/raf/pipeline-transform/.venv/lib/python3.9/site-packages/airflow/example_dags/subdags/subdag.py
[2023-05-26 22:25:24,210] {processor.py:641} INFO - Processing file /home/raf/pipeline-transform/.venv/lib/python3.9/site-packages/airflow/example_dags/subdags/subdag.py for tasks to queue
[2023-05-26 22:25:24,211] {logging_mixin.py:115} INFO - [2023-05-26 22:25:24,211] {dagbag.py:507} INFO - Filling up the DagBag from /home/raf/pipeline-transform/.venv/lib/python3.9/site-packages/airflow/example_dags/subdags/subdag.py
[2023-05-26 22:25:24,212] {processor.py:653} WARNING - No viable dags retrieved from /home/raf/pipeline-transform/.venv/lib/python3.9/site-packages/airflow/example_dags/subdags/subdag.py
[2023-05-26 22:25:24,223] {processor.py:161} INFO - Processing /home/raf/pipeline-transform/.venv/lib/python3.9/site-packages/airflow/example_dags/subdags/subdag.py took 0.028 seconds
[2023-05-26 22:25:58,005] {processor.py:153} INFO - Started process (PID=31821) to work on /home/raf/pipeline-transform/.venv/lib/python3.9/site-packages/airflow/example_dags/subdags/subdag.py
[2023-05-26 22:25:58,008] {processor.py:641} INFO - Processing file /home/raf/pipeline-transform/.venv/lib/python3.9/site-packages/airflow/example_dags/subdags/subdag.py for tasks to queue
[2023-05-26 22:25:58,008] {logging_mixin.py:115} INFO - [2023-05-26 22:25:58,008] {dagbag.py:507} INFO - Filling up the DagBag from /home/raf/pipeline-transform/.venv/lib/python3.9/site-packages/airflow/example_dags/subdags/subdag.py
[2023-05-26 22:25:58,009] {processor.py:653} WARNING - No viable dags retrieved from /home/raf/pipeline-transform/.venv/lib/python3.9/site-packages/airflow/example_dags/subdags/subdag.py
[2023-05-26 22:25:58,018] {processor.py:161} INFO - Processing /home/raf/pipeline-transform/.venv/lib/python3.9/site-packages/airflow/example_dags/subdags/subdag.py took 0.015 seconds
[2023-05-26 22:26:32,508] {processor.py:153} INFO - Started process (PID=31918) to work on /home/raf/pipeline-transform/.venv/lib/python3.9/site-packages/airflow/example_dags/subdags/subdag.py
[2023-05-26 22:26:32,512] {processor.py:641} INFO - Processing file /home/raf/pipeline-transform/.venv/lib/python3.9/site-packages/airflow/example_dags/subdags/subdag.py for tasks to queue
[2023-05-26 22:26:32,512] {logging_mixin.py:115} INFO - [2023-05-26 22:26:32,512] {dagbag.py:507} INFO - Filling up the DagBag from /home/raf/pipeline-transform/.venv/lib/python3.9/site-packages/airflow/example_dags/subdags/subdag.py
[2023-05-26 22:26:32,513] {processor.py:653} WARNING - No viable dags retrieved from /home/raf/pipeline-transform/.venv/lib/python3.9/site-packages/airflow/example_dags/subdags/subdag.py
[2023-05-26 22:26:32,523] {processor.py:161} INFO - Processing /home/raf/pipeline-transform/.venv/lib/python3.9/site-packages/airflow/example_dags/subdags/subdag.py took 0.017 seconds
[2023-05-26 22:27:10,411] {processor.py:153} INFO - Started process (PID=32047) to work on /home/raf/pipeline-transform/.venv/lib/python3.9/site-packages/airflow/example_dags/subdags/subdag.py
[2023-05-26 22:27:10,413] {processor.py:641} INFO - Processing file /home/raf/pipeline-transform/.venv/lib/python3.9/site-packages/airflow/example_dags/subdags/subdag.py for tasks to queue
[2023-05-26 22:27:10,414] {logging_mixin.py:115} INFO - [2023-05-26 22:27:10,413] {dagbag.py:507} INFO - Filling up the DagBag from /home/raf/pipeline-transform/.venv/lib/python3.9/site-packages/airflow/example_dags/subdags/subdag.py
[2023-05-26 22:27:10,415] {processor.py:653} WARNING - No viable dags retrieved from /home/raf/pipeline-transform/.venv/lib/python3.9/site-packages/airflow/example_dags/subdags/subdag.py
[2023-05-26 22:27:10,431] {processor.py:161} INFO - Processing /home/raf/pipeline-transform/.venv/lib/python3.9/site-packages/airflow/example_dags/subdags/subdag.py took 0.022 seconds
[2023-05-26 22:27:47,095] {processor.py:153} INFO - Started process (PID=32179) to work on /home/raf/pipeline-transform/.venv/lib/python3.9/site-packages/airflow/example_dags/subdags/subdag.py
[2023-05-26 22:27:47,119] {processor.py:641} INFO - Processing file /home/raf/pipeline-transform/.venv/lib/python3.9/site-packages/airflow/example_dags/subdags/subdag.py for tasks to queue
[2023-05-26 22:27:47,119] {logging_mixin.py:115} INFO - [2023-05-26 22:27:47,119] {dagbag.py:507} INFO - Filling up the DagBag from /home/raf/pipeline-transform/.venv/lib/python3.9/site-packages/airflow/example_dags/subdags/subdag.py
[2023-05-26 22:27:47,120] {processor.py:653} WARNING - No viable dags retrieved from /home/raf/pipeline-transform/.venv/lib/python3.9/site-packages/airflow/example_dags/subdags/subdag.py
[2023-05-26 22:27:47,134] {processor.py:161} INFO - Processing /home/raf/pipeline-transform/.venv/lib/python3.9/site-packages/airflow/example_dags/subdags/subdag.py took 0.042 seconds
[2023-05-26 22:28:20,675] {processor.py:153} INFO - Started process (PID=32274) to work on /home/raf/pipeline-transform/.venv/lib/python3.9/site-packages/airflow/example_dags/subdags/subdag.py
[2023-05-26 22:28:20,696] {processor.py:641} INFO - Processing file /home/raf/pipeline-transform/.venv/lib/python3.9/site-packages/airflow/example_dags/subdags/subdag.py for tasks to queue
[2023-05-26 22:28:20,697] {logging_mixin.py:115} INFO - [2023-05-26 22:28:20,697] {dagbag.py:507} INFO - Filling up the DagBag from /home/raf/pipeline-transform/.venv/lib/python3.9/site-packages/airflow/example_dags/subdags/subdag.py
[2023-05-26 22:28:20,699] {processor.py:653} WARNING - No viable dags retrieved from /home/raf/pipeline-transform/.venv/lib/python3.9/site-packages/airflow/example_dags/subdags/subdag.py
[2023-05-26 22:28:20,715] {processor.py:161} INFO - Processing /home/raf/pipeline-transform/.venv/lib/python3.9/site-packages/airflow/example_dags/subdags/subdag.py took 0.043 seconds
[2023-05-26 22:28:56,232] {processor.py:153} INFO - Started process (PID=32365) to work on /home/raf/pipeline-transform/.venv/lib/python3.9/site-packages/airflow/example_dags/subdags/subdag.py
[2023-05-26 22:28:56,233] {processor.py:641} INFO - Processing file /home/raf/pipeline-transform/.venv/lib/python3.9/site-packages/airflow/example_dags/subdags/subdag.py for tasks to queue
[2023-05-26 22:28:56,233] {logging_mixin.py:115} INFO - [2023-05-26 22:28:56,233] {dagbag.py:507} INFO - Filling up the DagBag from /home/raf/pipeline-transform/.venv/lib/python3.9/site-packages/airflow/example_dags/subdags/subdag.py
[2023-05-26 22:28:56,235] {processor.py:653} WARNING - No viable dags retrieved from /home/raf/pipeline-transform/.venv/lib/python3.9/site-packages/airflow/example_dags/subdags/subdag.py
[2023-05-26 22:28:56,258] {processor.py:161} INFO - Processing /home/raf/pipeline-transform/.venv/lib/python3.9/site-packages/airflow/example_dags/subdags/subdag.py took 0.028 seconds
[2023-05-26 22:29:29,713] {processor.py:153} INFO - Started process (PID=32448) to work on /home/raf/pipeline-transform/.venv/lib/python3.9/site-packages/airflow/example_dags/subdags/subdag.py
[2023-05-26 22:29:29,737] {processor.py:641} INFO - Processing file /home/raf/pipeline-transform/.venv/lib/python3.9/site-packages/airflow/example_dags/subdags/subdag.py for tasks to queue
[2023-05-26 22:29:29,737] {logging_mixin.py:115} INFO - [2023-05-26 22:29:29,737] {dagbag.py:507} INFO - Filling up the DagBag from /home/raf/pipeline-transform/.venv/lib/python3.9/site-packages/airflow/example_dags/subdags/subdag.py
[2023-05-26 22:29:29,738] {processor.py:653} WARNING - No viable dags retrieved from /home/raf/pipeline-transform/.venv/lib/python3.9/site-packages/airflow/example_dags/subdags/subdag.py
[2023-05-26 22:29:29,748] {processor.py:161} INFO - Processing /home/raf/pipeline-transform/.venv/lib/python3.9/site-packages/airflow/example_dags/subdags/subdag.py took 0.037 seconds
[2023-05-26 22:30:05,330] {processor.py:153} INFO - Started process (PID=32537) to work on /home/raf/pipeline-transform/.venv/lib/python3.9/site-packages/airflow/example_dags/subdags/subdag.py
[2023-05-26 22:30:05,355] {processor.py:641} INFO - Processing file /home/raf/pipeline-transform/.venv/lib/python3.9/site-packages/airflow/example_dags/subdags/subdag.py for tasks to queue
[2023-05-26 22:30:05,355] {logging_mixin.py:115} INFO - [2023-05-26 22:30:05,355] {dagbag.py:507} INFO - Filling up the DagBag from /home/raf/pipeline-transform/.venv/lib/python3.9/site-packages/airflow/example_dags/subdags/subdag.py
[2023-05-26 22:30:05,356] {processor.py:653} WARNING - No viable dags retrieved from /home/raf/pipeline-transform/.venv/lib/python3.9/site-packages/airflow/example_dags/subdags/subdag.py
[2023-05-26 22:30:05,368] {processor.py:161} INFO - Processing /home/raf/pipeline-transform/.venv/lib/python3.9/site-packages/airflow/example_dags/subdags/subdag.py took 0.041 seconds
[2023-05-26 22:30:39,489] {processor.py:153} INFO - Started process (PID=32749) to work on /home/raf/pipeline-transform/.venv/lib/python3.9/site-packages/airflow/example_dags/subdags/subdag.py
[2023-05-26 22:30:39,515] {processor.py:641} INFO - Processing file /home/raf/pipeline-transform/.venv/lib/python3.9/site-packages/airflow/example_dags/subdags/subdag.py for tasks to queue
[2023-05-26 22:30:39,516] {logging_mixin.py:115} INFO - [2023-05-26 22:30:39,516] {dagbag.py:507} INFO - Filling up the DagBag from /home/raf/pipeline-transform/.venv/lib/python3.9/site-packages/airflow/example_dags/subdags/subdag.py
[2023-05-26 22:30:39,517] {processor.py:653} WARNING - No viable dags retrieved from /home/raf/pipeline-transform/.venv/lib/python3.9/site-packages/airflow/example_dags/subdags/subdag.py
[2023-05-26 22:30:39,526] {processor.py:161} INFO - Processing /home/raf/pipeline-transform/.venv/lib/python3.9/site-packages/airflow/example_dags/subdags/subdag.py took 0.041 seconds
[2023-05-26 22:31:15,400] {processor.py:153} INFO - Started process (PID=403) to work on /home/raf/pipeline-transform/.venv/lib/python3.9/site-packages/airflow/example_dags/subdags/subdag.py
[2023-05-26 22:31:15,404] {processor.py:641} INFO - Processing file /home/raf/pipeline-transform/.venv/lib/python3.9/site-packages/airflow/example_dags/subdags/subdag.py for tasks to queue
[2023-05-26 22:31:15,404] {logging_mixin.py:115} INFO - [2023-05-26 22:31:15,404] {dagbag.py:507} INFO - Filling up the DagBag from /home/raf/pipeline-transform/.venv/lib/python3.9/site-packages/airflow/example_dags/subdags/subdag.py
[2023-05-26 22:31:15,405] {processor.py:653} WARNING - No viable dags retrieved from /home/raf/pipeline-transform/.venv/lib/python3.9/site-packages/airflow/example_dags/subdags/subdag.py
[2023-05-26 22:31:15,415] {processor.py:161} INFO - Processing /home/raf/pipeline-transform/.venv/lib/python3.9/site-packages/airflow/example_dags/subdags/subdag.py took 0.018 seconds
[2023-05-26 22:31:46,756] {processor.py:153} INFO - Started process (PID=480) to work on /home/raf/pipeline-transform/.venv/lib/python3.9/site-packages/airflow/example_dags/subdags/subdag.py
[2023-05-26 22:31:46,756] {processor.py:641} INFO - Processing file /home/raf/pipeline-transform/.venv/lib/python3.9/site-packages/airflow/example_dags/subdags/subdag.py for tasks to queue
[2023-05-26 22:31:46,756] {logging_mixin.py:115} INFO - [2023-05-26 22:31:46,756] {dagbag.py:507} INFO - Filling up the DagBag from /home/raf/pipeline-transform/.venv/lib/python3.9/site-packages/airflow/example_dags/subdags/subdag.py
[2023-05-26 22:31:46,758] {processor.py:653} WARNING - No viable dags retrieved from /home/raf/pipeline-transform/.venv/lib/python3.9/site-packages/airflow/example_dags/subdags/subdag.py
[2023-05-26 22:31:46,768] {processor.py:161} INFO - Processing /home/raf/pipeline-transform/.venv/lib/python3.9/site-packages/airflow/example_dags/subdags/subdag.py took 0.015 seconds
