[2023-05-30 15:55:07,314] {taskinstance.py:1159} INFO - Dependencies all met for <TaskInstance: TwitterDAG.insight_twitter scheduled__2023-05-25T00:00:00+00:00 [queued]>
[2023-05-30 15:55:07,323] {taskinstance.py:1159} INFO - Dependencies all met for <TaskInstance: TwitterDAG.insight_twitter scheduled__2023-05-25T00:00:00+00:00 [queued]>
[2023-05-30 15:55:07,323] {taskinstance.py:1356} INFO - 
--------------------------------------------------------------------------------
[2023-05-30 15:55:07,324] {taskinstance.py:1357} INFO - Starting attempt 1 of 1
[2023-05-30 15:55:07,324] {taskinstance.py:1358} INFO - 
--------------------------------------------------------------------------------
[2023-05-30 15:55:07,390] {taskinstance.py:1377} INFO - Executing <Task(SparkSubmitOperator): insight_twitter> on 2023-05-25 00:00:00+00:00
[2023-05-30 15:55:07,394] {standard_task_runner.py:52} INFO - Started process 27248 to run task
[2023-05-30 15:55:07,398] {standard_task_runner.py:79} INFO - Running: ['airflow', 'tasks', 'run', 'TwitterDAG', 'insight_twitter', 'scheduled__2023-05-25T00:00:00+00:00', '--job-id', '44', '--raw', '--subdir', 'DAGS_FOLDER/twitter_dag.py', '--cfg-path', '/tmp/tmpk04fdjpj', '--error-file', '/tmp/tmphq1xta1k']
[2023-05-30 15:55:07,399] {standard_task_runner.py:80} INFO - Job 44: Subtask insight_twitter
[2023-05-30 15:55:07,453] {task_command.py:370} INFO - Running <TaskInstance: TwitterDAG.insight_twitter scheduled__2023-05-25T00:00:00+00:00 [running]> on host BIRIBA.localdomain
[2023-05-30 15:55:07,507] {taskinstance.py:1569} INFO - Exporting the following env vars:
AIRFLOW_CTX_DAG_OWNER=airflow
AIRFLOW_CTX_DAG_ID=TwitterDAG
AIRFLOW_CTX_TASK_ID=insight_twitter
AIRFLOW_CTX_EXECUTION_DATE=2023-05-25T00:00:00+00:00
AIRFLOW_CTX_TRY_NUMBER=1
AIRFLOW_CTX_DAG_RUN_ID=scheduled__2023-05-25T00:00:00+00:00
[2023-05-30 15:55:07,513] {base.py:68} INFO - Using connection ID 'spark_default' for task execution.
[2023-05-30 15:55:07,514] {spark_submit.py:344} INFO - Spark-Submit cmd: spark-submit --master local --name insight_twitter --queue root.default /home/raf/pipeline-transform/src/spark/insight_tweet.py --src /home/raf/pipeline-transform/datalake/silver/twitter_datascience/ --dest /home/raf/pipeline-transform/datalake/gold/twitter_datascience/ --process-date 2023-05-25
[2023-05-30 15:55:09,561] {spark_submit.py:495} INFO - 23/05/30 15:55:09 WARN Utils: Your hostname, BIRIBA resolves to a loopback address: 127.0.1.1; using 172.19.51.55 instead (on interface eth0)
[2023-05-30 15:55:09,563] {spark_submit.py:495} INFO - 23/05/30 15:55:09 WARN Utils: Set SPARK_LOCAL_IP if you need to bind to another address
[2023-05-30 15:55:11,476] {spark_submit.py:495} INFO - 23/05/30 15:55:11 INFO SparkContext: Running Spark version 3.3.1
[2023-05-30 15:55:11,561] {spark_submit.py:495} INFO - 23/05/30 15:55:11 WARN NativeCodeLoader: Unable to load native-hadoop library for your platform... using builtin-java classes where applicable
[2023-05-30 15:55:11,655] {spark_submit.py:495} INFO - 23/05/30 15:55:11 INFO ResourceUtils: ==============================================================
[2023-05-30 15:55:11,655] {spark_submit.py:495} INFO - 23/05/30 15:55:11 INFO ResourceUtils: No custom resources configured for spark.driver.
[2023-05-30 15:55:11,656] {spark_submit.py:495} INFO - 23/05/30 15:55:11 INFO ResourceUtils: ==============================================================
[2023-05-30 15:55:11,656] {spark_submit.py:495} INFO - 23/05/30 15:55:11 INFO SparkContext: Submitted application: twitter_transformation
[2023-05-30 15:55:11,686] {spark_submit.py:495} INFO - 23/05/30 15:55:11 INFO ResourceProfile: Default ResourceProfile created, executor resources: Map(cores -> name: cores, amount: 1, script: , vendor: , memory -> name: memory, amount: 1024, script: , vendor: , offHeap -> name: offHeap, amount: 0, script: , vendor: ), task resources: Map(cpus -> name: cpus, amount: 1.0)
[2023-05-30 15:55:11,702] {spark_submit.py:495} INFO - 23/05/30 15:55:11 INFO ResourceProfile: Limiting resource is cpu
[2023-05-30 15:55:11,703] {spark_submit.py:495} INFO - 23/05/30 15:55:11 INFO ResourceProfileManager: Added ResourceProfile id: 0
[2023-05-30 15:55:11,765] {spark_submit.py:495} INFO - 23/05/30 15:55:11 INFO SecurityManager: Changing view acls to: raf
[2023-05-30 15:55:11,765] {spark_submit.py:495} INFO - 23/05/30 15:55:11 INFO SecurityManager: Changing modify acls to: raf
[2023-05-30 15:55:11,767] {spark_submit.py:495} INFO - 23/05/30 15:55:11 INFO SecurityManager: Changing view acls groups to:
[2023-05-30 15:55:11,768] {spark_submit.py:495} INFO - 23/05/30 15:55:11 INFO SecurityManager: Changing modify acls groups to:
[2023-05-30 15:55:11,769] {spark_submit.py:495} INFO - 23/05/30 15:55:11 INFO SecurityManager: SecurityManager: authentication disabled; ui acls disabled; users  with view permissions: Set(raf); groups with view permissions: Set(); users  with modify permissions: Set(raf); groups with modify permissions: Set()
[2023-05-30 15:55:12,050] {spark_submit.py:495} INFO - 23/05/30 15:55:12 INFO Utils: Successfully started service 'sparkDriver' on port 41335.
[2023-05-30 15:55:12,091] {spark_submit.py:495} INFO - 23/05/30 15:55:12 INFO SparkEnv: Registering MapOutputTracker
[2023-05-30 15:55:12,158] {spark_submit.py:495} INFO - 23/05/30 15:55:12 INFO SparkEnv: Registering BlockManagerMaster
[2023-05-30 15:55:12,192] {spark_submit.py:495} INFO - 23/05/30 15:55:12 INFO BlockManagerMasterEndpoint: Using org.apache.spark.storage.DefaultTopologyMapper for getting topology information
[2023-05-30 15:55:12,193] {spark_submit.py:495} INFO - 23/05/30 15:55:12 INFO BlockManagerMasterEndpoint: BlockManagerMasterEndpoint up
[2023-05-30 15:55:12,199] {spark_submit.py:495} INFO - 23/05/30 15:55:12 INFO SparkEnv: Registering BlockManagerMasterHeartbeat
[2023-05-30 15:55:12,287] {spark_submit.py:495} INFO - 23/05/30 15:55:12 INFO DiskBlockManager: Created local directory at /tmp/blockmgr-a470f678-657c-4439-b29a-f3f5897b798c
[2023-05-30 15:55:12,313] {spark_submit.py:495} INFO - 23/05/30 15:55:12 INFO MemoryStore: MemoryStore started with capacity 366.3 MiB
[2023-05-30 15:55:12,348] {spark_submit.py:495} INFO - 23/05/30 15:55:12 INFO SparkEnv: Registering OutputCommitCoordinator
[2023-05-30 15:55:12,650] {spark_submit.py:495} INFO - 23/05/30 15:55:12 INFO Utils: Successfully started service 'SparkUI' on port 4040.
[2023-05-30 15:55:12,843] {spark_submit.py:495} INFO - 23/05/30 15:55:12 INFO Executor: Starting executor ID driver on host 172.19.51.55
[2023-05-30 15:55:12,853] {spark_submit.py:495} INFO - 23/05/30 15:55:12 INFO Executor: Starting executor with user classpath (userClassPathFirst = false): ''
[2023-05-30 15:55:12,884] {spark_submit.py:495} INFO - 23/05/30 15:55:12 INFO Utils: Successfully started service 'org.apache.spark.network.netty.NettyBlockTransferService' on port 39389.
[2023-05-30 15:55:12,884] {spark_submit.py:495} INFO - 23/05/30 15:55:12 INFO NettyBlockTransferService: Server created on 172.19.51.55:39389
[2023-05-30 15:55:12,887] {spark_submit.py:495} INFO - 23/05/30 15:55:12 INFO BlockManager: Using org.apache.spark.storage.RandomBlockReplicationPolicy for block replication policy
[2023-05-30 15:55:12,893] {spark_submit.py:495} INFO - 23/05/30 15:55:12 INFO BlockManagerMaster: Registering BlockManager BlockManagerId(driver, 172.19.51.55, 39389, None)
[2023-05-30 15:55:12,901] {spark_submit.py:495} INFO - 23/05/30 15:55:12 INFO BlockManagerMasterEndpoint: Registering block manager 172.19.51.55:39389 with 366.3 MiB RAM, BlockManagerId(driver, 172.19.51.55, 39389, None)
[2023-05-30 15:55:12,902] {spark_submit.py:495} INFO - 23/05/30 15:55:12 INFO BlockManagerMaster: Registered BlockManager BlockManagerId(driver, 172.19.51.55, 39389, None)
[2023-05-30 15:55:12,904] {spark_submit.py:495} INFO - 23/05/30 15:55:12 INFO BlockManager: Initialized BlockManager: BlockManagerId(driver, 172.19.51.55, 39389, None)
[2023-05-30 15:55:13,608] {spark_submit.py:495} INFO - 23/05/30 15:55:13 INFO SharedState: Setting hive.metastore.warehouse.dir ('null') to the value of spark.sql.warehouse.dir.
[2023-05-30 15:55:13,616] {spark_submit.py:495} INFO - 23/05/30 15:55:13 INFO SharedState: Warehouse path is 'file:/home/raf/pipeline-transform/airflow_pipeline/spark-warehouse'.
[2023-05-30 15:55:14,786] {spark_submit.py:495} INFO - 23/05/30 15:55:14 INFO InMemoryFileIndex: It took 71 ms to list leaf files for 1 paths.
[2023-05-30 15:55:14,927] {spark_submit.py:495} INFO - 23/05/30 15:55:14 INFO InMemoryFileIndex: It took 13 ms to list leaf files for 6 paths.
[2023-05-30 15:55:17,566] {spark_submit.py:495} INFO - 23/05/30 15:55:17 INFO FileSourceStrategy: Pushed Filters:
[2023-05-30 15:55:17,568] {spark_submit.py:495} INFO - 23/05/30 15:55:17 INFO FileSourceStrategy: Post-Scan Filters:
[2023-05-30 15:55:17,573] {spark_submit.py:495} INFO - 23/05/30 15:55:17 INFO FileSourceStrategy: Output Data Schema: struct<value: string>
[2023-05-30 15:55:17,946] {spark_submit.py:495} INFO - 23/05/30 15:55:17 INFO MemoryStore: Block broadcast_0 stored as values in memory (estimated size 349.6 KiB, free 366.0 MiB)
[2023-05-30 15:55:18,035] {spark_submit.py:495} INFO - 23/05/30 15:55:18 INFO MemoryStore: Block broadcast_0_piece0 stored as bytes in memory (estimated size 33.9 KiB, free 365.9 MiB)
[2023-05-30 15:55:18,040] {spark_submit.py:495} INFO - 23/05/30 15:55:18 INFO BlockManagerInfo: Added broadcast_0_piece0 in memory on 172.19.51.55:39389 (size: 33.9 KiB, free: 366.3 MiB)
[2023-05-30 15:55:18,047] {spark_submit.py:495} INFO - 23/05/30 15:55:18 INFO SparkContext: Created broadcast 0 from json at NativeMethodAccessorImpl.java:0
[2023-05-30 15:55:18,188] {spark_submit.py:495} INFO - 23/05/30 15:55:18 INFO FileSourceScanExec: Planning scan with bin packing, max size: 25328590 bytes, open cost is considered as scanning 4194304 bytes.
[2023-05-30 15:55:18,414] {spark_submit.py:495} INFO - 23/05/30 15:55:18 INFO SparkContext: Starting job: json at NativeMethodAccessorImpl.java:0
[2023-05-30 15:55:18,439] {spark_submit.py:495} INFO - 23/05/30 15:55:18 INFO DAGScheduler: Got job 0 (json at NativeMethodAccessorImpl.java:0) with 1 output partitions
[2023-05-30 15:55:18,440] {spark_submit.py:495} INFO - 23/05/30 15:55:18 INFO DAGScheduler: Final stage: ResultStage 0 (json at NativeMethodAccessorImpl.java:0)
[2023-05-30 15:55:18,440] {spark_submit.py:495} INFO - 23/05/30 15:55:18 INFO DAGScheduler: Parents of final stage: List()
[2023-05-30 15:55:18,442] {spark_submit.py:495} INFO - 23/05/30 15:55:18 INFO DAGScheduler: Missing parents: List()
[2023-05-30 15:55:18,446] {spark_submit.py:495} INFO - 23/05/30 15:55:18 INFO DAGScheduler: Submitting ResultStage 0 (MapPartitionsRDD[3] at json at NativeMethodAccessorImpl.java:0), which has no missing parents
[2023-05-30 15:55:18,551] {spark_submit.py:495} INFO - 23/05/30 15:55:18 INFO MemoryStore: Block broadcast_1 stored as values in memory (estimated size 14.5 KiB, free 365.9 MiB)
[2023-05-30 15:55:18,554] {spark_submit.py:495} INFO - 23/05/30 15:55:18 INFO MemoryStore: Block broadcast_1_piece0 stored as bytes in memory (estimated size 7.0 KiB, free 365.9 MiB)
[2023-05-30 15:55:18,555] {spark_submit.py:495} INFO - 23/05/30 15:55:18 INFO BlockManagerInfo: Added broadcast_1_piece0 in memory on 172.19.51.55:39389 (size: 7.0 KiB, free: 366.3 MiB)
[2023-05-30 15:55:18,556] {spark_submit.py:495} INFO - 23/05/30 15:55:18 INFO SparkContext: Created broadcast 1 from broadcast at DAGScheduler.scala:1513
[2023-05-30 15:55:18,570] {spark_submit.py:495} INFO - 23/05/30 15:55:18 INFO DAGScheduler: Submitting 1 missing tasks from ResultStage 0 (MapPartitionsRDD[3] at json at NativeMethodAccessorImpl.java:0) (first 15 tasks are for partitions Vector(0))
[2023-05-30 15:55:18,572] {spark_submit.py:495} INFO - 23/05/30 15:55:18 INFO TaskSchedulerImpl: Adding task set 0.0 with 1 tasks resource profile 0
[2023-05-30 15:55:18,628] {spark_submit.py:495} INFO - 23/05/30 15:55:18 INFO TaskSetManager: Starting task 0.0 in stage 0.0 (TID 0) (172.19.51.55, executor driver, partition 0, PROCESS_LOCAL, 6055 bytes) taskResourceAssignments Map()
[2023-05-30 15:55:18,644] {spark_submit.py:495} INFO - 23/05/30 15:55:18 INFO Executor: Running task 0.0 in stage 0.0 (TID 0)
[2023-05-30 15:55:19,053] {spark_submit.py:495} INFO - 23/05/30 15:55:19 INFO FileScanRDD: Reading File path: file:///home/raf/pipeline-transform/datalake/silver/twitter_datascience/tweet/process_date=2023-05-29/part-00000-212e89e0-53fd-4b13-b988-36aaa4604c59-c000.json, range: 0-39545, partition values: [empty row]
[2023-05-30 15:55:19,342] {spark_submit.py:495} INFO - 23/05/30 15:55:19 INFO CodeGenerator: Code generated in 217.0562 ms
[2023-05-30 15:55:19,419] {spark_submit.py:495} INFO - 23/05/30 15:55:19 INFO FileScanRDD: Reading File path: file:///home/raf/pipeline-transform/datalake/silver/twitter_datascience/tweet/process_date=2023-05-28/part-00000-3b6cce90-a15a-44cb-81b5-8d62f8d6c5d1-c000.json, range: 0-39545, partition values: [empty row]
[2023-05-30 15:55:19,438] {spark_submit.py:495} INFO - 23/05/30 15:55:19 INFO FileScanRDD: Reading File path: file:///home/raf/pipeline-transform/datalake/silver/twitter_datascience/tweet/process_date=2023-05-27/part-00000-1f0ede4d-c8e2-4c36-bf2b-db255cd85426-c000.json, range: 0-32543, partition values: [empty row]
[2023-05-30 15:55:19,450] {spark_submit.py:495} INFO - 23/05/30 15:55:19 INFO FileScanRDD: Reading File path: file:///home/raf/pipeline-transform/datalake/silver/twitter_datascience/tweet/process_date=2023-05-25/part-00000-1f9d6160-8705-4ac4-9995-ad59ce0a5248-c000.json, range: 0-21040, partition values: [empty row]
[2023-05-30 15:55:19,459] {spark_submit.py:495} INFO - 23/05/30 15:55:19 INFO FileScanRDD: Reading File path: file:///home/raf/pipeline-transform/datalake/silver/twitter_datascience/tweet/process_date=2023-05-26/part-00000-145be944-f076-4385-92e9-fab354eb6809-c000.json, range: 0-21040, partition values: [empty row]
[2023-05-30 15:55:19,467] {spark_submit.py:495} INFO - 23/05/30 15:55:19 INFO FileScanRDD: Reading File path: file:///home/raf/pipeline-transform/datalake/silver/twitter_datascience/tweet/process_date=2023-05-24/part-00000-bfcd664e-79e8-4f86-8b13-8e31b3fb8408-c000.json, range: 0-9053, partition values: [empty row]
[2023-05-30 15:55:19,499] {spark_submit.py:495} INFO - 23/05/30 15:55:19 INFO Executor: Finished task 0.0 in stage 0.0 (TID 0). 2240 bytes result sent to driver
[2023-05-30 15:55:19,515] {spark_submit.py:495} INFO - 23/05/30 15:55:19 INFO TaskSetManager: Finished task 0.0 in stage 0.0 (TID 0) in 898 ms on 172.19.51.55 (executor driver) (1/1)
[2023-05-30 15:55:19,519] {spark_submit.py:495} INFO - 23/05/30 15:55:19 INFO TaskSchedulerImpl: Removed TaskSet 0.0, whose tasks have all completed, from pool
[2023-05-30 15:55:19,536] {spark_submit.py:495} INFO - 23/05/30 15:55:19 INFO DAGScheduler: ResultStage 0 (json at NativeMethodAccessorImpl.java:0) finished in 1.072 s
[2023-05-30 15:55:19,542] {spark_submit.py:495} INFO - 23/05/30 15:55:19 INFO DAGScheduler: Job 0 is finished. Cancelling potential speculative or zombie tasks for this job
[2023-05-30 15:55:19,543] {spark_submit.py:495} INFO - 23/05/30 15:55:19 INFO TaskSchedulerImpl: Killing all running tasks in stage 0: Stage finished
[2023-05-30 15:55:19,554] {spark_submit.py:495} INFO - 23/05/30 15:55:19 INFO DAGScheduler: Job 0 finished: json at NativeMethodAccessorImpl.java:0, took 1.131260 s
[2023-05-30 15:55:19,927] {spark_submit.py:495} INFO - 23/05/30 15:55:19 INFO BlockManagerInfo: Removed broadcast_1_piece0 on 172.19.51.55:39389 in memory (size: 7.0 KiB, free: 366.3 MiB)
[2023-05-30 15:55:20,122] {spark_submit.py:495} INFO - 23/05/30 15:55:20 INFO DataSourceStrategy: Pruning directories with:
[2023-05-30 15:55:20,123] {spark_submit.py:495} INFO - 23/05/30 15:55:20 INFO FileSourceStrategy: Pushed Filters:
[2023-05-30 15:55:20,123] {spark_submit.py:495} INFO - 23/05/30 15:55:20 INFO FileSourceStrategy: Post-Scan Filters:
[2023-05-30 15:55:20,124] {spark_submit.py:495} INFO - 23/05/30 15:55:20 INFO FileSourceStrategy: Output Data Schema: struct<author_id: string, created_at: string, like_count: bigint, quote_count: bigint, reply_count: bigint ... 1 more field>
[2023-05-30 15:55:20,292] {spark_submit.py:495} INFO - 23/05/30 15:55:20 INFO FileOutputCommitter: File Output Committer Algorithm version is 1
[2023-05-30 15:55:20,293] {spark_submit.py:495} INFO - 23/05/30 15:55:20 INFO FileOutputCommitter: FileOutputCommitter skip cleanup _temporary folders under output directory:false, ignore cleanup failures: false
[2023-05-30 15:55:20,294] {spark_submit.py:495} INFO - 23/05/30 15:55:20 INFO SQLHadoopMapReduceCommitProtocol: Using output committer class org.apache.hadoop.mapreduce.lib.output.FileOutputCommitter
[2023-05-30 15:55:20,656] {spark_submit.py:495} INFO - 23/05/30 15:55:20 INFO CodeGenerator: Code generated in 142.5422 ms
[2023-05-30 15:55:20,662] {spark_submit.py:495} INFO - 23/05/30 15:55:20 INFO MemoryStore: Block broadcast_2 stored as values in memory (estimated size 349.5 KiB, free 365.6 MiB)
[2023-05-30 15:55:20,675] {spark_submit.py:495} INFO - 23/05/30 15:55:20 INFO MemoryStore: Block broadcast_2_piece0 stored as bytes in memory (estimated size 33.8 KiB, free 365.6 MiB)
[2023-05-30 15:55:20,677] {spark_submit.py:495} INFO - 23/05/30 15:55:20 INFO BlockManagerInfo: Added broadcast_2_piece0 in memory on 172.19.51.55:39389 (size: 33.8 KiB, free: 366.2 MiB)
[2023-05-30 15:55:20,680] {spark_submit.py:495} INFO - 23/05/30 15:55:20 INFO SparkContext: Created broadcast 2 from json at NativeMethodAccessorImpl.java:0
[2023-05-30 15:55:20,686] {spark_submit.py:495} INFO - 23/05/30 15:55:20 INFO FileSourceScanExec: Planning scan with bin packing, max size: 25328590 bytes, open cost is considered as scanning 4194304 bytes.
[2023-05-30 15:55:20,803] {spark_submit.py:495} INFO - 23/05/30 15:55:20 INFO DAGScheduler: Registering RDD 7 (json at NativeMethodAccessorImpl.java:0) as input to shuffle 0
[2023-05-30 15:55:20,809] {spark_submit.py:495} INFO - 23/05/30 15:55:20 INFO DAGScheduler: Got map stage job 1 (json at NativeMethodAccessorImpl.java:0) with 1 output partitions
[2023-05-30 15:55:20,810] {spark_submit.py:495} INFO - 23/05/30 15:55:20 INFO DAGScheduler: Final stage: ShuffleMapStage 1 (json at NativeMethodAccessorImpl.java:0)
[2023-05-30 15:55:20,811] {spark_submit.py:495} INFO - 23/05/30 15:55:20 INFO DAGScheduler: Parents of final stage: List()
[2023-05-30 15:55:20,812] {spark_submit.py:495} INFO - 23/05/30 15:55:20 INFO DAGScheduler: Missing parents: List()
[2023-05-30 15:55:20,815] {spark_submit.py:495} INFO - 23/05/30 15:55:20 INFO DAGScheduler: Submitting ShuffleMapStage 1 (MapPartitionsRDD[7] at json at NativeMethodAccessorImpl.java:0), which has no missing parents
[2023-05-30 15:55:20,844] {spark_submit.py:495} INFO - 23/05/30 15:55:20 INFO MemoryStore: Block broadcast_3 stored as values in memory (estimated size 50.8 KiB, free 365.5 MiB)
[2023-05-30 15:55:20,847] {spark_submit.py:495} INFO - 23/05/30 15:55:20 INFO MemoryStore: Block broadcast_3_piece0 stored as bytes in memory (estimated size 21.6 KiB, free 365.5 MiB)
[2023-05-30 15:55:20,849] {spark_submit.py:495} INFO - 23/05/30 15:55:20 INFO BlockManagerInfo: Added broadcast_3_piece0 in memory on 172.19.51.55:39389 (size: 21.6 KiB, free: 366.2 MiB)
[2023-05-30 15:55:20,850] {spark_submit.py:495} INFO - 23/05/30 15:55:20 INFO SparkContext: Created broadcast 3 from broadcast at DAGScheduler.scala:1513
[2023-05-30 15:55:20,852] {spark_submit.py:495} INFO - 23/05/30 15:55:20 INFO DAGScheduler: Submitting 1 missing tasks from ShuffleMapStage 1 (MapPartitionsRDD[7] at json at NativeMethodAccessorImpl.java:0) (first 15 tasks are for partitions Vector(0))
[2023-05-30 15:55:20,853] {spark_submit.py:495} INFO - 23/05/30 15:55:20 INFO TaskSchedulerImpl: Adding task set 1.0 with 1 tasks resource profile 0
[2023-05-30 15:55:20,857] {spark_submit.py:495} INFO - 23/05/30 15:55:20 INFO TaskSetManager: Starting task 0.0 in stage 1.0 (TID 1) (172.19.51.55, executor driver, partition 0, PROCESS_LOCAL, 6159 bytes) taskResourceAssignments Map()
[2023-05-30 15:55:20,858] {spark_submit.py:495} INFO - 23/05/30 15:55:20 INFO Executor: Running task 0.0 in stage 1.0 (TID 1)
[2023-05-30 15:55:20,927] {spark_submit.py:495} INFO - 23/05/30 15:55:20 INFO CodeGenerator: Code generated in 20.804 ms
[2023-05-30 15:55:20,968] {spark_submit.py:495} INFO - 23/05/30 15:55:20 INFO CodeGenerator: Code generated in 12.2539 ms
[2023-05-30 15:55:20,995] {spark_submit.py:495} INFO - 23/05/30 15:55:20 INFO CodeGenerator: Code generated in 12.8331 ms
[2023-05-30 15:55:21,017] {spark_submit.py:495} INFO - 23/05/30 15:55:21 INFO CodeGenerator: Code generated in 10.9884 ms
[2023-05-30 15:55:21,028] {spark_submit.py:495} INFO - 23/05/30 15:55:21 INFO FileScanRDD: Reading File path: file:///home/raf/pipeline-transform/datalake/silver/twitter_datascience/tweet/process_date=2023-05-28/part-00000-3b6cce90-a15a-44cb-81b5-8d62f8d6c5d1-c000.json, range: 0-39545, partition values: [19505]
[2023-05-30 15:55:21,057] {spark_submit.py:495} INFO - 23/05/30 15:55:21 INFO CodeGenerator: Code generated in 18.3704 ms
[2023-05-30 15:55:21,126] {spark_submit.py:495} INFO - 23/05/30 15:55:21 INFO FileScanRDD: Reading File path: file:///home/raf/pipeline-transform/datalake/silver/twitter_datascience/tweet/process_date=2023-05-29/part-00000-212e89e0-53fd-4b13-b988-36aaa4604c59-c000.json, range: 0-39545, partition values: [19506]
[2023-05-30 15:55:21,147] {spark_submit.py:495} INFO - 23/05/30 15:55:21 INFO FileScanRDD: Reading File path: file:///home/raf/pipeline-transform/datalake/silver/twitter_datascience/tweet/process_date=2023-05-27/part-00000-1f0ede4d-c8e2-4c36-bf2b-db255cd85426-c000.json, range: 0-32543, partition values: [19504]
[2023-05-30 15:55:21,163] {spark_submit.py:495} INFO - 23/05/30 15:55:21 INFO FileScanRDD: Reading File path: file:///home/raf/pipeline-transform/datalake/silver/twitter_datascience/tweet/process_date=2023-05-25/part-00000-1f9d6160-8705-4ac4-9995-ad59ce0a5248-c000.json, range: 0-21040, partition values: [19502]
[2023-05-30 15:55:21,174] {spark_submit.py:495} INFO - 23/05/30 15:55:21 INFO FileScanRDD: Reading File path: file:///home/raf/pipeline-transform/datalake/silver/twitter_datascience/tweet/process_date=2023-05-26/part-00000-145be944-f076-4385-92e9-fab354eb6809-c000.json, range: 0-21040, partition values: [19503]
[2023-05-30 15:55:21,182] {spark_submit.py:495} INFO - 23/05/30 15:55:21 INFO FileScanRDD: Reading File path: file:///home/raf/pipeline-transform/datalake/silver/twitter_datascience/tweet/process_date=2023-05-24/part-00000-bfcd664e-79e8-4f86-8b13-8e31b3fb8408-c000.json, range: 0-9053, partition values: [19501]
[2023-05-30 15:55:21,285] {spark_submit.py:495} INFO - 23/05/30 15:55:21 INFO Executor: Finished task 0.0 in stage 1.0 (TID 1). 2945 bytes result sent to driver
[2023-05-30 15:55:21,292] {spark_submit.py:495} INFO - 23/05/30 15:55:21 INFO TaskSetManager: Finished task 0.0 in stage 1.0 (TID 1) in 436 ms on 172.19.51.55 (executor driver) (1/1)
[2023-05-30 15:55:21,292] {spark_submit.py:495} INFO - 23/05/30 15:55:21 INFO TaskSchedulerImpl: Removed TaskSet 1.0, whose tasks have all completed, from pool
[2023-05-30 15:55:21,294] {spark_submit.py:495} INFO - 23/05/30 15:55:21 INFO DAGScheduler: ShuffleMapStage 1 (json at NativeMethodAccessorImpl.java:0) finished in 0.473 s
[2023-05-30 15:55:21,295] {spark_submit.py:495} INFO - 23/05/30 15:55:21 INFO DAGScheduler: looking for newly runnable stages
[2023-05-30 15:55:21,296] {spark_submit.py:495} INFO - 23/05/30 15:55:21 INFO DAGScheduler: running: Set()
[2023-05-30 15:55:21,296] {spark_submit.py:495} INFO - 23/05/30 15:55:21 INFO DAGScheduler: waiting: Set()
[2023-05-30 15:55:21,297] {spark_submit.py:495} INFO - 23/05/30 15:55:21 INFO DAGScheduler: failed: Set()
[2023-05-30 15:55:21,337] {spark_submit.py:495} INFO - 23/05/30 15:55:21 INFO ShufflePartitionsUtil: For shuffle(0), advisory target size: 67108864, actual target size 1048576, minimum partition size: 1048576
[2023-05-30 15:55:21,536] {spark_submit.py:495} INFO - 23/05/30 15:55:21 INFO CodeGenerator: Code generated in 121.9468 ms
[2023-05-30 15:55:21,585] {spark_submit.py:495} INFO - 23/05/30 15:55:21 INFO DAGScheduler: Registering RDD 10 (json at NativeMethodAccessorImpl.java:0) as input to shuffle 1
[2023-05-30 15:55:21,586] {spark_submit.py:495} INFO - 23/05/30 15:55:21 INFO DAGScheduler: Got map stage job 2 (json at NativeMethodAccessorImpl.java:0) with 1 output partitions
[2023-05-30 15:55:21,589] {spark_submit.py:495} INFO - 23/05/30 15:55:21 INFO DAGScheduler: Final stage: ShuffleMapStage 3 (json at NativeMethodAccessorImpl.java:0)
[2023-05-30 15:55:21,589] {spark_submit.py:495} INFO - 23/05/30 15:55:21 INFO DAGScheduler: Parents of final stage: List(ShuffleMapStage 2)
[2023-05-30 15:55:21,589] {spark_submit.py:495} INFO - 23/05/30 15:55:21 INFO DAGScheduler: Missing parents: List()
[2023-05-30 15:55:21,594] {spark_submit.py:495} INFO - 23/05/30 15:55:21 INFO DAGScheduler: Submitting ShuffleMapStage 3 (MapPartitionsRDD[10] at json at NativeMethodAccessorImpl.java:0), which has no missing parents
[2023-05-30 15:55:21,634] {spark_submit.py:495} INFO - 23/05/30 15:55:21 INFO MemoryStore: Block broadcast_4 stored as values in memory (estimated size 80.2 KiB, free 365.4 MiB)
[2023-05-30 15:55:21,636] {spark_submit.py:495} INFO - 23/05/30 15:55:21 INFO MemoryStore: Block broadcast_4_piece0 stored as bytes in memory (estimated size 29.3 KiB, free 365.4 MiB)
[2023-05-30 15:55:21,637] {spark_submit.py:495} INFO - 23/05/30 15:55:21 INFO BlockManagerInfo: Added broadcast_4_piece0 in memory on 172.19.51.55:39389 (size: 29.3 KiB, free: 366.2 MiB)
[2023-05-30 15:55:21,639] {spark_submit.py:495} INFO - 23/05/30 15:55:21 INFO SparkContext: Created broadcast 4 from broadcast at DAGScheduler.scala:1513
[2023-05-30 15:55:21,640] {spark_submit.py:495} INFO - 23/05/30 15:55:21 INFO DAGScheduler: Submitting 1 missing tasks from ShuffleMapStage 3 (MapPartitionsRDD[10] at json at NativeMethodAccessorImpl.java:0) (first 15 tasks are for partitions Vector(0))
[2023-05-30 15:55:21,641] {spark_submit.py:495} INFO - 23/05/30 15:55:21 INFO TaskSchedulerImpl: Adding task set 3.0 with 1 tasks resource profile 0
[2023-05-30 15:55:21,646] {spark_submit.py:495} INFO - 23/05/30 15:55:21 INFO TaskSetManager: Starting task 0.0 in stage 3.0 (TID 2) (172.19.51.55, executor driver, partition 0, NODE_LOCAL, 4442 bytes) taskResourceAssignments Map()
[2023-05-30 15:55:21,647] {spark_submit.py:495} INFO - 23/05/30 15:55:21 INFO Executor: Running task 0.0 in stage 3.0 (TID 2)
[2023-05-30 15:55:21,693] {spark_submit.py:495} INFO - 23/05/30 15:55:21 INFO ShuffleBlockFetcherIterator: Getting 1 (11.1 KiB) non-empty blocks including 1 (11.1 KiB) local and 0 (0.0 B) host-local and 0 (0.0 B) push-merged-local and 0 (0.0 B) remote blocks
[2023-05-30 15:55:21,697] {spark_submit.py:495} INFO - 23/05/30 15:55:21 INFO ShuffleBlockFetcherIterator: Started 0 remote fetches in 13 ms
[2023-05-30 15:55:21,718] {spark_submit.py:495} INFO - 23/05/30 15:55:21 INFO CodeGenerator: Code generated in 12.5652 ms
[2023-05-30 15:55:21,731] {spark_submit.py:495} INFO - 23/05/30 15:55:21 INFO CodeGenerator: Code generated in 8.795 ms
[2023-05-30 15:55:21,751] {spark_submit.py:495} INFO - 23/05/30 15:55:21 INFO CodeGenerator: Code generated in 12.166 ms
[2023-05-30 15:55:21,765] {spark_submit.py:495} INFO - 23/05/30 15:55:21 INFO CodeGenerator: Code generated in 7.2991 ms
[2023-05-30 15:55:21,834] {spark_submit.py:495} INFO - 23/05/30 15:55:21 INFO Executor: Finished task 0.0 in stage 3.0 (TID 2). 4689 bytes result sent to driver
[2023-05-30 15:55:21,837] {spark_submit.py:495} INFO - 23/05/30 15:55:21 INFO TaskSetManager: Finished task 0.0 in stage 3.0 (TID 2) in 192 ms on 172.19.51.55 (executor driver) (1/1)
[2023-05-30 15:55:21,837] {spark_submit.py:495} INFO - 23/05/30 15:55:21 INFO TaskSchedulerImpl: Removed TaskSet 3.0, whose tasks have all completed, from pool
[2023-05-30 15:55:21,841] {spark_submit.py:495} INFO - 23/05/30 15:55:21 INFO DAGScheduler: ShuffleMapStage 3 (json at NativeMethodAccessorImpl.java:0) finished in 0.213 s
[2023-05-30 15:55:21,842] {spark_submit.py:495} INFO - 23/05/30 15:55:21 INFO DAGScheduler: looking for newly runnable stages
[2023-05-30 15:55:21,842] {spark_submit.py:495} INFO - 23/05/30 15:55:21 INFO DAGScheduler: running: Set()
[2023-05-30 15:55:21,842] {spark_submit.py:495} INFO - 23/05/30 15:55:21 INFO DAGScheduler: waiting: Set()
[2023-05-30 15:55:21,842] {spark_submit.py:495} INFO - 23/05/30 15:55:21 INFO DAGScheduler: failed: Set()
[2023-05-30 15:55:21,850] {spark_submit.py:495} INFO - 23/05/30 15:55:21 INFO ShufflePartitionsUtil: For shuffle(1), advisory target size: 67108864, actual target size 1048576, minimum partition size: 1048576
[2023-05-30 15:55:21,869] {spark_submit.py:495} INFO - 23/05/30 15:55:21 INFO HashAggregateExec: spark.sql.codegen.aggregate.map.twolevel.enabled is set to true, but current version of codegened fast hashmap does not support this aggregate.
[2023-05-30 15:55:21,946] {spark_submit.py:495} INFO - 23/05/30 15:55:21 INFO CodeGenerator: Code generated in 49.0949 ms
[2023-05-30 15:55:22,028] {spark_submit.py:495} INFO - 23/05/30 15:55:22 INFO SparkContext: Starting job: json at NativeMethodAccessorImpl.java:0
[2023-05-30 15:55:22,032] {spark_submit.py:495} INFO - 23/05/30 15:55:22 INFO DAGScheduler: Got job 3 (json at NativeMethodAccessorImpl.java:0) with 1 output partitions
[2023-05-30 15:55:22,032] {spark_submit.py:495} INFO - 23/05/30 15:55:22 INFO DAGScheduler: Final stage: ResultStage 6 (json at NativeMethodAccessorImpl.java:0)
[2023-05-30 15:55:22,033] {spark_submit.py:495} INFO - 23/05/30 15:55:22 INFO DAGScheduler: Parents of final stage: List(ShuffleMapStage 5)
[2023-05-30 15:55:22,033] {spark_submit.py:495} INFO - 23/05/30 15:55:22 INFO DAGScheduler: Missing parents: List()
[2023-05-30 15:55:22,036] {spark_submit.py:495} INFO - 23/05/30 15:55:22 INFO DAGScheduler: Submitting ResultStage 6 (CoalescedRDD[13] at json at NativeMethodAccessorImpl.java:0), which has no missing parents
[2023-05-30 15:55:22,092] {spark_submit.py:495} INFO - 23/05/30 15:55:22 INFO BlockManagerInfo: Removed broadcast_4_piece0 on 172.19.51.55:39389 in memory (size: 29.3 KiB, free: 366.2 MiB)
[2023-05-30 15:55:22,096] {spark_submit.py:495} INFO - 23/05/30 15:55:22 INFO MemoryStore: Block broadcast_5 stored as values in memory (estimated size 264.7 KiB, free 365.2 MiB)
[2023-05-30 15:55:22,099] {spark_submit.py:495} INFO - 23/05/30 15:55:22 INFO MemoryStore: Block broadcast_5_piece0 stored as bytes in memory (estimated size 95.0 KiB, free 365.1 MiB)
[2023-05-30 15:55:22,101] {spark_submit.py:495} INFO - 23/05/30 15:55:22 INFO BlockManagerInfo: Added broadcast_5_piece0 in memory on 172.19.51.55:39389 (size: 95.0 KiB, free: 366.1 MiB)
[2023-05-30 15:55:22,101] {spark_submit.py:495} INFO - 23/05/30 15:55:22 INFO SparkContext: Created broadcast 5 from broadcast at DAGScheduler.scala:1513
[2023-05-30 15:55:22,103] {spark_submit.py:495} INFO - 23/05/30 15:55:22 INFO DAGScheduler: Submitting 1 missing tasks from ResultStage 6 (CoalescedRDD[13] at json at NativeMethodAccessorImpl.java:0) (first 15 tasks are for partitions Vector(0))
[2023-05-30 15:55:22,106] {spark_submit.py:495} INFO - 23/05/30 15:55:22 INFO TaskSchedulerImpl: Adding task set 6.0 with 1 tasks resource profile 0
[2023-05-30 15:55:22,109] {spark_submit.py:495} INFO - 23/05/30 15:55:22 INFO BlockManagerInfo: Removed broadcast_3_piece0 on 172.19.51.55:39389 in memory (size: 21.6 KiB, free: 366.1 MiB)
[2023-05-30 15:55:22,115] {spark_submit.py:495} INFO - 23/05/30 15:55:22 INFO TaskSetManager: Starting task 0.0 in stage 6.0 (TID 3) (172.19.51.55, executor driver, partition 0, NODE_LOCAL, 4729 bytes) taskResourceAssignments Map()
[2023-05-30 15:55:22,116] {spark_submit.py:495} INFO - 23/05/30 15:55:22 INFO Executor: Running task 0.0 in stage 6.0 (TID 3)
[2023-05-30 15:55:22,199] {spark_submit.py:495} INFO - 23/05/30 15:55:22 INFO FileOutputCommitter: File Output Committer Algorithm version is 1
[2023-05-30 15:55:22,200] {spark_submit.py:495} INFO - 23/05/30 15:55:22 INFO FileOutputCommitter: FileOutputCommitter skip cleanup _temporary folders under output directory:false, ignore cleanup failures: false
[2023-05-30 15:55:22,201] {spark_submit.py:495} INFO - 23/05/30 15:55:22 INFO SQLHadoopMapReduceCommitProtocol: Using output committer class org.apache.hadoop.mapreduce.lib.output.FileOutputCommitter
[2023-05-30 15:55:22,265] {spark_submit.py:495} INFO - 23/05/30 15:55:22 INFO ShuffleBlockFetcherIterator: Getting 1 (528.0 B) non-empty blocks including 1 (528.0 B) local and 0 (0.0 B) host-local and 0 (0.0 B) push-merged-local and 0 (0.0 B) remote blocks
[2023-05-30 15:55:22,266] {spark_submit.py:495} INFO - 23/05/30 15:55:22 INFO ShuffleBlockFetcherIterator: Started 0 remote fetches in 1 ms
[2023-05-30 15:55:22,302] {spark_submit.py:495} INFO - 23/05/30 15:55:22 INFO FileOutputCommitter: Saved output of task 'attempt_202305301555212153929748685337498_0006_m_000000_3' to file:/home/raf/pipeline-transform/datalake/gold/twitter_datascience/process_date=2023-05-25/_temporary/0/task_202305301555212153929748685337498_0006_m_000000
[2023-05-30 15:55:22,304] {spark_submit.py:495} INFO - 23/05/30 15:55:22 INFO SparkHadoopMapRedUtil: attempt_202305301555212153929748685337498_0006_m_000000_3: Committed. Elapsed time: 1 ms.
[2023-05-30 15:55:22,314] {spark_submit.py:495} INFO - 23/05/30 15:55:22 INFO Executor: Finished task 0.0 in stage 6.0 (TID 3). 6429 bytes result sent to driver
[2023-05-30 15:55:22,317] {spark_submit.py:495} INFO - 23/05/30 15:55:22 INFO TaskSetManager: Finished task 0.0 in stage 6.0 (TID 3) in 206 ms on 172.19.51.55 (executor driver) (1/1)
[2023-05-30 15:55:22,317] {spark_submit.py:495} INFO - 23/05/30 15:55:22 INFO TaskSchedulerImpl: Removed TaskSet 6.0, whose tasks have all completed, from pool
[2023-05-30 15:55:22,320] {spark_submit.py:495} INFO - 23/05/30 15:55:22 INFO DAGScheduler: ResultStage 6 (json at NativeMethodAccessorImpl.java:0) finished in 0.284 s
[2023-05-30 15:55:22,321] {spark_submit.py:495} INFO - 23/05/30 15:55:22 INFO DAGScheduler: Job 3 is finished. Cancelling potential speculative or zombie tasks for this job
[2023-05-30 15:55:22,321] {spark_submit.py:495} INFO - 23/05/30 15:55:22 INFO TaskSchedulerImpl: Killing all running tasks in stage 6: Stage finished
[2023-05-30 15:55:22,322] {spark_submit.py:495} INFO - 23/05/30 15:55:22 INFO DAGScheduler: Job 3 finished: json at NativeMethodAccessorImpl.java:0, took 0.293537 s
[2023-05-30 15:55:22,326] {spark_submit.py:495} INFO - 23/05/30 15:55:22 INFO FileFormatWriter: Start to commit write Job a9b111ac-f990-4bc3-9be1-49e11e4db1a6.
[2023-05-30 15:55:22,358] {spark_submit.py:495} INFO - 23/05/30 15:55:22 INFO FileFormatWriter: Write Job a9b111ac-f990-4bc3-9be1-49e11e4db1a6 committed. Elapsed time: 32 ms.
[2023-05-30 15:55:22,363] {spark_submit.py:495} INFO - 23/05/30 15:55:22 INFO FileFormatWriter: Finished processing stats for write job a9b111ac-f990-4bc3-9be1-49e11e4db1a6.
[2023-05-30 15:55:22,424] {spark_submit.py:495} INFO - 23/05/30 15:55:22 INFO SparkContext: Invoking stop() from shutdown hook
[2023-05-30 15:55:22,444] {spark_submit.py:495} INFO - 23/05/30 15:55:22 INFO SparkUI: Stopped Spark web UI at http://172.19.51.55:4040
[2023-05-30 15:55:22,477] {spark_submit.py:495} INFO - 23/05/30 15:55:22 INFO MapOutputTrackerMasterEndpoint: MapOutputTrackerMasterEndpoint stopped!
[2023-05-30 15:55:22,504] {spark_submit.py:495} INFO - 23/05/30 15:55:22 INFO MemoryStore: MemoryStore cleared
[2023-05-30 15:55:22,514] {spark_submit.py:495} INFO - 23/05/30 15:55:22 INFO BlockManager: BlockManager stopped
[2023-05-30 15:55:22,514] {spark_submit.py:495} INFO - 23/05/30 15:55:22 INFO BlockManagerMaster: BlockManagerMaster stopped
[2023-05-30 15:55:22,516] {spark_submit.py:495} INFO - 23/05/30 15:55:22 INFO OutputCommitCoordinator$OutputCommitCoordinatorEndpoint: OutputCommitCoordinator stopped!
[2023-05-30 15:55:22,523] {spark_submit.py:495} INFO - 23/05/30 15:55:22 INFO SparkContext: Successfully stopped SparkContext
[2023-05-30 15:55:22,524] {spark_submit.py:495} INFO - 23/05/30 15:55:22 INFO ShutdownHookManager: Shutdown hook called
[2023-05-30 15:55:22,525] {spark_submit.py:495} INFO - 23/05/30 15:55:22 INFO ShutdownHookManager: Deleting directory /tmp/spark-aedef46a-e0e9-47d7-b157-7e35b4c35d7d
[2023-05-30 15:55:22,529] {spark_submit.py:495} INFO - 23/05/30 15:55:22 INFO ShutdownHookManager: Deleting directory /tmp/spark-576f4a7a-d2fa-44a3-80f7-f44594d39b9d/pyspark-f32b1438-7de3-4cbc-a7fb-9a656038fb42
[2023-05-30 15:55:22,533] {spark_submit.py:495} INFO - 23/05/30 15:55:22 INFO ShutdownHookManager: Deleting directory /tmp/spark-576f4a7a-d2fa-44a3-80f7-f44594d39b9d
[2023-05-30 15:55:22,582] {taskinstance.py:1395} INFO - Marking task as SUCCESS. dag_id=TwitterDAG, task_id=insight_twitter, execution_date=20230525T000000, start_date=20230530T185507, end_date=20230530T185522
[2023-05-30 15:55:22,629] {local_task_job.py:156} INFO - Task exited with return code 0
[2023-05-30 15:55:22,639] {local_task_job.py:273} INFO - 0 downstream tasks scheduled from follow-on schedule check
