[2023-05-26 15:08:30,166] {processor.py:153} INFO - Started process (PID=8272) to work on /home/raf/pipeline/lib/python3.9/site-packages/airflow/example_dags/example_skip_dag.py
[2023-05-26 15:08:30,180] {processor.py:641} INFO - Processing file /home/raf/pipeline/lib/python3.9/site-packages/airflow/example_dags/example_skip_dag.py for tasks to queue
[2023-05-26 15:08:30,181] {logging_mixin.py:115} INFO - [2023-05-26 15:08:30,181] {dagbag.py:507} INFO - Filling up the DagBag from /home/raf/pipeline/lib/python3.9/site-packages/airflow/example_dags/example_skip_dag.py
[2023-05-26 15:08:30,188] {processor.py:651} INFO - DAG(s) dict_keys(['example_skip_dag']) retrieved from /home/raf/pipeline/lib/python3.9/site-packages/airflow/example_dags/example_skip_dag.py
[2023-05-26 15:08:30,467] {logging_mixin.py:115} INFO - [2023-05-26 15:08:30,467] {manager.py:508} INFO - Created Permission View: can delete on DAG:example_skip_dag
[2023-05-26 15:08:30,528] {logging_mixin.py:115} INFO - [2023-05-26 15:08:30,528] {manager.py:508} INFO - Created Permission View: can read on DAG:example_skip_dag
[2023-05-26 15:08:30,573] {logging_mixin.py:115} INFO - [2023-05-26 15:08:30,572] {manager.py:508} INFO - Created Permission View: can edit on DAG:example_skip_dag
[2023-05-26 15:08:30,573] {logging_mixin.py:115} INFO - [2023-05-26 15:08:30,573] {dag.py:2379} INFO - Sync 1 DAGs
[2023-05-26 15:08:30,586] {logging_mixin.py:115} INFO - [2023-05-26 15:08:30,586] {dag.py:2398} INFO - Creating ORM DAG for example_skip_dag
[2023-05-26 15:08:30,601] {logging_mixin.py:115} INFO - [2023-05-26 15:08:30,600] {dag.py:2927} INFO - Setting next_dagrun for example_skip_dag to 2023-05-25T18:08:30.600230+00:00, run_after=2023-05-26T18:08:30.600230+00:00
[2023-05-26 15:08:30,699] {processor.py:161} INFO - Processing /home/raf/pipeline/lib/python3.9/site-packages/airflow/example_dags/example_skip_dag.py took 0.536 seconds
[2023-05-26 15:09:23,147] {processor.py:153} INFO - Started process (PID=8345) to work on /home/raf/pipeline/lib/python3.9/site-packages/airflow/example_dags/example_skip_dag.py
[2023-05-26 15:09:23,172] {processor.py:641} INFO - Processing file /home/raf/pipeline/lib/python3.9/site-packages/airflow/example_dags/example_skip_dag.py for tasks to queue
[2023-05-26 15:09:23,173] {logging_mixin.py:115} INFO - [2023-05-26 15:09:23,173] {dagbag.py:507} INFO - Filling up the DagBag from /home/raf/pipeline/lib/python3.9/site-packages/airflow/example_dags/example_skip_dag.py
[2023-05-26 15:09:23,181] {processor.py:651} INFO - DAG(s) dict_keys(['example_skip_dag']) retrieved from /home/raf/pipeline/lib/python3.9/site-packages/airflow/example_dags/example_skip_dag.py
[2023-05-26 15:09:23,232] {logging_mixin.py:115} INFO - [2023-05-26 15:09:23,232] {dag.py:2379} INFO - Sync 1 DAGs
[2023-05-26 15:09:23,291] {logging_mixin.py:115} INFO - [2023-05-26 15:09:23,291] {dag.py:2927} INFO - Setting next_dagrun for example_skip_dag to 2023-05-25T18:09:23.291113+00:00, run_after=2023-05-26T18:09:23.291113+00:00
[2023-05-26 15:09:23,388] {processor.py:161} INFO - Processing /home/raf/pipeline/lib/python3.9/site-packages/airflow/example_dags/example_skip_dag.py took 0.245 seconds
[2023-05-26 15:12:14,226] {processor.py:153} INFO - Started process (PID=8822) to work on /home/raf/pipeline/lib/python3.9/site-packages/airflow/example_dags/example_skip_dag.py
[2023-05-26 15:12:14,242] {processor.py:641} INFO - Processing file /home/raf/pipeline/lib/python3.9/site-packages/airflow/example_dags/example_skip_dag.py for tasks to queue
[2023-05-26 15:12:14,243] {logging_mixin.py:115} INFO - [2023-05-26 15:12:14,243] {dagbag.py:507} INFO - Filling up the DagBag from /home/raf/pipeline/lib/python3.9/site-packages/airflow/example_dags/example_skip_dag.py
[2023-05-26 15:12:14,251] {processor.py:651} INFO - DAG(s) dict_keys(['example_skip_dag']) retrieved from /home/raf/pipeline/lib/python3.9/site-packages/airflow/example_dags/example_skip_dag.py
[2023-05-26 15:12:14,292] {logging_mixin.py:115} INFO - [2023-05-26 15:12:14,292] {dag.py:2379} INFO - Sync 1 DAGs
[2023-05-26 15:12:14,319] {logging_mixin.py:115} INFO - [2023-05-26 15:12:14,318] {dag.py:2927} INFO - Setting next_dagrun for example_skip_dag to 2023-05-25T18:12:14.318288+00:00, run_after=2023-05-26T18:12:14.318288+00:00
[2023-05-26 15:12:14,349] {processor.py:161} INFO - Processing /home/raf/pipeline/lib/python3.9/site-packages/airflow/example_dags/example_skip_dag.py took 0.126 seconds
[2023-05-26 15:12:56,758] {processor.py:153} INFO - Started process (PID=8892) to work on /home/raf/pipeline/lib/python3.9/site-packages/airflow/example_dags/example_skip_dag.py
[2023-05-26 15:12:56,780] {processor.py:641} INFO - Processing file /home/raf/pipeline/lib/python3.9/site-packages/airflow/example_dags/example_skip_dag.py for tasks to queue
[2023-05-26 15:12:56,781] {logging_mixin.py:115} INFO - [2023-05-26 15:12:56,780] {dagbag.py:507} INFO - Filling up the DagBag from /home/raf/pipeline/lib/python3.9/site-packages/airflow/example_dags/example_skip_dag.py
[2023-05-26 15:12:56,789] {processor.py:651} INFO - DAG(s) dict_keys(['example_skip_dag']) retrieved from /home/raf/pipeline/lib/python3.9/site-packages/airflow/example_dags/example_skip_dag.py
[2023-05-26 15:12:56,855] {logging_mixin.py:115} INFO - [2023-05-26 15:12:56,855] {dag.py:2379} INFO - Sync 1 DAGs
[2023-05-26 15:12:56,912] {logging_mixin.py:115} INFO - [2023-05-26 15:12:56,912] {dag.py:2927} INFO - Setting next_dagrun for example_skip_dag to 2023-05-25T18:12:56.911637+00:00, run_after=2023-05-26T18:12:56.911637+00:00
[2023-05-26 15:12:57,014] {processor.py:161} INFO - Processing /home/raf/pipeline/lib/python3.9/site-packages/airflow/example_dags/example_skip_dag.py took 0.270 seconds
[2023-05-26 15:13:40,098] {processor.py:153} INFO - Started process (PID=8962) to work on /home/raf/pipeline/lib/python3.9/site-packages/airflow/example_dags/example_skip_dag.py
[2023-05-26 15:13:40,114] {processor.py:641} INFO - Processing file /home/raf/pipeline/lib/python3.9/site-packages/airflow/example_dags/example_skip_dag.py for tasks to queue
[2023-05-26 15:13:40,114] {logging_mixin.py:115} INFO - [2023-05-26 15:13:40,114] {dagbag.py:507} INFO - Filling up the DagBag from /home/raf/pipeline/lib/python3.9/site-packages/airflow/example_dags/example_skip_dag.py
[2023-05-26 15:13:40,123] {processor.py:651} INFO - DAG(s) dict_keys(['example_skip_dag']) retrieved from /home/raf/pipeline/lib/python3.9/site-packages/airflow/example_dags/example_skip_dag.py
[2023-05-26 15:13:40,172] {logging_mixin.py:115} INFO - [2023-05-26 15:13:40,172] {dag.py:2379} INFO - Sync 1 DAGs
[2023-05-26 15:13:40,259] {logging_mixin.py:115} INFO - [2023-05-26 15:13:40,259] {dag.py:2927} INFO - Setting next_dagrun for example_skip_dag to 2023-05-25T18:13:40.259238+00:00, run_after=2023-05-26T18:13:40.259238+00:00
[2023-05-26 15:13:40,361] {processor.py:161} INFO - Processing /home/raf/pipeline/lib/python3.9/site-packages/airflow/example_dags/example_skip_dag.py took 0.278 seconds
[2023-05-26 15:14:16,937] {processor.py:153} INFO - Started process (PID=9051) to work on /home/raf/pipeline/lib/python3.9/site-packages/airflow/example_dags/example_skip_dag.py
[2023-05-26 15:14:16,949] {processor.py:641} INFO - Processing file /home/raf/pipeline/lib/python3.9/site-packages/airflow/example_dags/example_skip_dag.py for tasks to queue
[2023-05-26 15:14:16,950] {logging_mixin.py:115} INFO - [2023-05-26 15:14:16,950] {dagbag.py:507} INFO - Filling up the DagBag from /home/raf/pipeline/lib/python3.9/site-packages/airflow/example_dags/example_skip_dag.py
[2023-05-26 15:14:16,958] {processor.py:651} INFO - DAG(s) dict_keys(['example_skip_dag']) retrieved from /home/raf/pipeline/lib/python3.9/site-packages/airflow/example_dags/example_skip_dag.py
[2023-05-26 15:14:17,005] {logging_mixin.py:115} INFO - [2023-05-26 15:14:17,005] {dag.py:2379} INFO - Sync 1 DAGs
[2023-05-26 15:14:17,076] {logging_mixin.py:115} INFO - [2023-05-26 15:14:17,076] {dag.py:2927} INFO - Setting next_dagrun for example_skip_dag to 2023-05-25T18:14:17.075877+00:00, run_after=2023-05-26T18:14:17.075877+00:00
[2023-05-26 15:14:17,129] {processor.py:161} INFO - Processing /home/raf/pipeline/lib/python3.9/site-packages/airflow/example_dags/example_skip_dag.py took 0.196 seconds
[2023-05-26 15:14:54,365] {processor.py:153} INFO - Started process (PID=9114) to work on /home/raf/pipeline/lib/python3.9/site-packages/airflow/example_dags/example_skip_dag.py
[2023-05-26 15:14:54,455] {processor.py:641} INFO - Processing file /home/raf/pipeline/lib/python3.9/site-packages/airflow/example_dags/example_skip_dag.py for tasks to queue
[2023-05-26 15:14:54,456] {logging_mixin.py:115} INFO - [2023-05-26 15:14:54,456] {dagbag.py:507} INFO - Filling up the DagBag from /home/raf/pipeline/lib/python3.9/site-packages/airflow/example_dags/example_skip_dag.py
[2023-05-26 15:14:54,465] {processor.py:651} INFO - DAG(s) dict_keys(['example_skip_dag']) retrieved from /home/raf/pipeline/lib/python3.9/site-packages/airflow/example_dags/example_skip_dag.py
[2023-05-26 15:14:54,525] {logging_mixin.py:115} INFO - [2023-05-26 15:14:54,525] {dag.py:2379} INFO - Sync 1 DAGs
[2023-05-26 15:14:54,616] {logging_mixin.py:115} INFO - [2023-05-26 15:14:54,616] {dag.py:2927} INFO - Setting next_dagrun for example_skip_dag to 2023-05-25T18:14:54.615608+00:00, run_after=2023-05-26T18:14:54.615608+00:00
[2023-05-26 15:14:54,729] {processor.py:161} INFO - Processing /home/raf/pipeline/lib/python3.9/site-packages/airflow/example_dags/example_skip_dag.py took 0.368 seconds
