[2023-05-26 15:08:20,202] {processor.py:153} INFO - Started process (PID=8193) to work on /home/raf/pipeline/lib/python3.9/site-packages/airflow/example_dags/example_kubernetes_executor.py
[2023-05-26 15:08:20,203] {processor.py:641} INFO - Processing file /home/raf/pipeline/lib/python3.9/site-packages/airflow/example_dags/example_kubernetes_executor.py for tasks to queue
[2023-05-26 15:08:20,204] {logging_mixin.py:115} INFO - [2023-05-26 15:08:20,204] {dagbag.py:507} INFO - Filling up the DagBag from /home/raf/pipeline/lib/python3.9/site-packages/airflow/example_dags/example_kubernetes_executor.py
[2023-05-26 15:08:20,241] {logging_mixin.py:115} INFO - [2023-05-26 15:08:20,241] {example_kubernetes_executor.py:39} WARNING - The example_kubernetes_executor example DAG requires the kubernetes provider. Please install it with: pip install apache-airflow[cncf.kubernetes]
[2023-05-26 15:08:20,242] {processor.py:653} WARNING - No viable dags retrieved from /home/raf/pipeline/lib/python3.9/site-packages/airflow/example_dags/example_kubernetes_executor.py
[2023-05-26 15:08:20,258] {processor.py:161} INFO - Processing /home/raf/pipeline/lib/python3.9/site-packages/airflow/example_dags/example_kubernetes_executor.py took 0.079 seconds
[2023-05-26 15:09:14,957] {processor.py:153} INFO - Started process (PID=8334) to work on /home/raf/pipeline/lib/python3.9/site-packages/airflow/example_dags/example_kubernetes_executor.py
[2023-05-26 15:09:14,981] {processor.py:641} INFO - Processing file /home/raf/pipeline/lib/python3.9/site-packages/airflow/example_dags/example_kubernetes_executor.py for tasks to queue
[2023-05-26 15:09:14,983] {logging_mixin.py:115} INFO - [2023-05-26 15:09:14,982] {dagbag.py:507} INFO - Filling up the DagBag from /home/raf/pipeline/lib/python3.9/site-packages/airflow/example_dags/example_kubernetes_executor.py
[2023-05-26 15:09:15,024] {logging_mixin.py:115} INFO - [2023-05-26 15:09:15,023] {example_kubernetes_executor.py:39} WARNING - The example_kubernetes_executor example DAG requires the kubernetes provider. Please install it with: pip install apache-airflow[cncf.kubernetes]
[2023-05-26 15:09:15,024] {processor.py:653} WARNING - No viable dags retrieved from /home/raf/pipeline/lib/python3.9/site-packages/airflow/example_dags/example_kubernetes_executor.py
[2023-05-26 15:09:15,052] {processor.py:161} INFO - Processing /home/raf/pipeline/lib/python3.9/site-packages/airflow/example_dags/example_kubernetes_executor.py took 0.098 seconds
[2023-05-26 15:12:05,666] {processor.py:153} INFO - Started process (PID=8740) to work on /home/raf/pipeline/lib/python3.9/site-packages/airflow/example_dags/example_kubernetes_executor.py
[2023-05-26 15:12:05,678] {processor.py:641} INFO - Processing file /home/raf/pipeline/lib/python3.9/site-packages/airflow/example_dags/example_kubernetes_executor.py for tasks to queue
[2023-05-26 15:12:05,679] {logging_mixin.py:115} INFO - [2023-05-26 15:12:05,679] {dagbag.py:507} INFO - Filling up the DagBag from /home/raf/pipeline/lib/python3.9/site-packages/airflow/example_dags/example_kubernetes_executor.py
[2023-05-26 15:12:05,718] {logging_mixin.py:115} INFO - [2023-05-26 15:12:05,718] {example_kubernetes_executor.py:39} WARNING - The example_kubernetes_executor example DAG requires the kubernetes provider. Please install it with: pip install apache-airflow[cncf.kubernetes]
[2023-05-26 15:12:05,719] {processor.py:653} WARNING - No viable dags retrieved from /home/raf/pipeline/lib/python3.9/site-packages/airflow/example_dags/example_kubernetes_executor.py
[2023-05-26 15:12:05,742] {processor.py:161} INFO - Processing /home/raf/pipeline/lib/python3.9/site-packages/airflow/example_dags/example_kubernetes_executor.py took 0.080 seconds
[2023-05-26 15:12:46,970] {processor.py:153} INFO - Started process (PID=8877) to work on /home/raf/pipeline/lib/python3.9/site-packages/airflow/example_dags/example_kubernetes_executor.py
[2023-05-26 15:12:46,992] {processor.py:641} INFO - Processing file /home/raf/pipeline/lib/python3.9/site-packages/airflow/example_dags/example_kubernetes_executor.py for tasks to queue
[2023-05-26 15:12:46,993] {logging_mixin.py:115} INFO - [2023-05-26 15:12:46,993] {dagbag.py:507} INFO - Filling up the DagBag from /home/raf/pipeline/lib/python3.9/site-packages/airflow/example_dags/example_kubernetes_executor.py
[2023-05-26 15:12:47,029] {logging_mixin.py:115} INFO - [2023-05-26 15:12:47,029] {example_kubernetes_executor.py:39} WARNING - The example_kubernetes_executor example DAG requires the kubernetes provider. Please install it with: pip install apache-airflow[cncf.kubernetes]
[2023-05-26 15:12:47,029] {processor.py:653} WARNING - No viable dags retrieved from /home/raf/pipeline/lib/python3.9/site-packages/airflow/example_dags/example_kubernetes_executor.py
[2023-05-26 15:12:47,046] {processor.py:161} INFO - Processing /home/raf/pipeline/lib/python3.9/site-packages/airflow/example_dags/example_kubernetes_executor.py took 0.093 seconds
[2023-05-26 15:13:27,726] {processor.py:153} INFO - Started process (PID=8940) to work on /home/raf/pipeline/lib/python3.9/site-packages/airflow/example_dags/example_kubernetes_executor.py
[2023-05-26 15:13:27,748] {processor.py:641} INFO - Processing file /home/raf/pipeline/lib/python3.9/site-packages/airflow/example_dags/example_kubernetes_executor.py for tasks to queue
[2023-05-26 15:13:27,749] {logging_mixin.py:115} INFO - [2023-05-26 15:13:27,749] {dagbag.py:507} INFO - Filling up the DagBag from /home/raf/pipeline/lib/python3.9/site-packages/airflow/example_dags/example_kubernetes_executor.py
[2023-05-26 15:13:27,791] {logging_mixin.py:115} INFO - [2023-05-26 15:13:27,791] {example_kubernetes_executor.py:39} WARNING - The example_kubernetes_executor example DAG requires the kubernetes provider. Please install it with: pip install apache-airflow[cncf.kubernetes]
[2023-05-26 15:13:27,791] {processor.py:653} WARNING - No viable dags retrieved from /home/raf/pipeline/lib/python3.9/site-packages/airflow/example_dags/example_kubernetes_executor.py
[2023-05-26 15:13:27,814] {processor.py:161} INFO - Processing /home/raf/pipeline/lib/python3.9/site-packages/airflow/example_dags/example_kubernetes_executor.py took 0.092 seconds
[2023-05-26 15:14:05,417] {processor.py:153} INFO - Started process (PID=9033) to work on /home/raf/pipeline/lib/python3.9/site-packages/airflow/example_dags/example_kubernetes_executor.py
[2023-05-26 15:14:05,443] {processor.py:641} INFO - Processing file /home/raf/pipeline/lib/python3.9/site-packages/airflow/example_dags/example_kubernetes_executor.py for tasks to queue
[2023-05-26 15:14:05,443] {logging_mixin.py:115} INFO - [2023-05-26 15:14:05,443] {dagbag.py:507} INFO - Filling up the DagBag from /home/raf/pipeline/lib/python3.9/site-packages/airflow/example_dags/example_kubernetes_executor.py
[2023-05-26 15:14:05,473] {logging_mixin.py:115} INFO - [2023-05-26 15:14:05,472] {example_kubernetes_executor.py:39} WARNING - The example_kubernetes_executor example DAG requires the kubernetes provider. Please install it with: pip install apache-airflow[cncf.kubernetes]
[2023-05-26 15:14:05,488] {processor.py:653} WARNING - No viable dags retrieved from /home/raf/pipeline/lib/python3.9/site-packages/airflow/example_dags/example_kubernetes_executor.py
[2023-05-26 15:14:05,504] {processor.py:161} INFO - Processing /home/raf/pipeline/lib/python3.9/site-packages/airflow/example_dags/example_kubernetes_executor.py took 0.092 seconds
[2023-05-26 15:14:38,166] {processor.py:153} INFO - Started process (PID=9089) to work on /home/raf/pipeline/lib/python3.9/site-packages/airflow/example_dags/example_kubernetes_executor.py
[2023-05-26 15:14:38,175] {processor.py:641} INFO - Processing file /home/raf/pipeline/lib/python3.9/site-packages/airflow/example_dags/example_kubernetes_executor.py for tasks to queue
[2023-05-26 15:14:38,177] {logging_mixin.py:115} INFO - [2023-05-26 15:14:38,176] {dagbag.py:507} INFO - Filling up the DagBag from /home/raf/pipeline/lib/python3.9/site-packages/airflow/example_dags/example_kubernetes_executor.py
[2023-05-26 15:14:38,218] {logging_mixin.py:115} INFO - [2023-05-26 15:14:38,218] {example_kubernetes_executor.py:39} WARNING - The example_kubernetes_executor example DAG requires the kubernetes provider. Please install it with: pip install apache-airflow[cncf.kubernetes]
[2023-05-26 15:14:38,218] {processor.py:653} WARNING - No viable dags retrieved from /home/raf/pipeline/lib/python3.9/site-packages/airflow/example_dags/example_kubernetes_executor.py
[2023-05-26 15:14:38,243] {processor.py:161} INFO - Processing /home/raf/pipeline/lib/python3.9/site-packages/airflow/example_dags/example_kubernetes_executor.py took 0.081 seconds
[2023-05-26 15:15:14,164] {processor.py:153} INFO - Started process (PID=9149) to work on /home/raf/pipeline/lib/python3.9/site-packages/airflow/example_dags/example_kubernetes_executor.py
[2023-05-26 15:15:14,167] {processor.py:641} INFO - Processing file /home/raf/pipeline/lib/python3.9/site-packages/airflow/example_dags/example_kubernetes_executor.py for tasks to queue
[2023-05-26 15:15:14,168] {logging_mixin.py:115} INFO - [2023-05-26 15:15:14,168] {dagbag.py:507} INFO - Filling up the DagBag from /home/raf/pipeline/lib/python3.9/site-packages/airflow/example_dags/example_kubernetes_executor.py
[2023-05-26 15:15:14,234] {logging_mixin.py:115} INFO - [2023-05-26 15:15:14,234] {example_kubernetes_executor.py:39} WARNING - The example_kubernetes_executor example DAG requires the kubernetes provider. Please install it with: pip install apache-airflow[cncf.kubernetes]
[2023-05-26 15:15:14,235] {processor.py:653} WARNING - No viable dags retrieved from /home/raf/pipeline/lib/python3.9/site-packages/airflow/example_dags/example_kubernetes_executor.py
[2023-05-26 15:15:14,319] {processor.py:161} INFO - Processing /home/raf/pipeline/lib/python3.9/site-packages/airflow/example_dags/example_kubernetes_executor.py took 0.160 seconds
