[2023-05-26 15:08:43,204] {processor.py:153} INFO - Started process (PID=8291) to work on /home/raf/pipeline/lib/python3.9/site-packages/airflow/example_dags/example_branch_operator.py
[2023-05-26 15:08:43,205] {processor.py:641} INFO - Processing file /home/raf/pipeline/lib/python3.9/site-packages/airflow/example_dags/example_branch_operator.py for tasks to queue
[2023-05-26 15:08:43,206] {logging_mixin.py:115} INFO - [2023-05-26 15:08:43,205] {dagbag.py:507} INFO - Filling up the DagBag from /home/raf/pipeline/lib/python3.9/site-packages/airflow/example_dags/example_branch_operator.py
[2023-05-26 15:08:43,270] {processor.py:651} INFO - DAG(s) dict_keys(['example_branch_operator']) retrieved from /home/raf/pipeline/lib/python3.9/site-packages/airflow/example_dags/example_branch_operator.py
[2023-05-26 15:08:44,066] {logging_mixin.py:115} INFO - [2023-05-26 15:08:44,066] {manager.py:508} INFO - Created Permission View: can delete on DAG:example_branch_operator
[2023-05-26 15:08:44,310] {logging_mixin.py:115} INFO - [2023-05-26 15:08:44,310] {manager.py:508} INFO - Created Permission View: can read on DAG:example_branch_operator
[2023-05-26 15:08:44,499] {logging_mixin.py:115} INFO - [2023-05-26 15:08:44,499] {manager.py:508} INFO - Created Permission View: can edit on DAG:example_branch_operator
[2023-05-26 15:08:44,499] {logging_mixin.py:115} INFO - [2023-05-26 15:08:44,499] {dag.py:2379} INFO - Sync 1 DAGs
[2023-05-26 15:08:44,539] {logging_mixin.py:115} INFO - [2023-05-26 15:08:44,539] {dag.py:2398} INFO - Creating ORM DAG for example_branch_operator
[2023-05-26 15:08:44,574] {logging_mixin.py:115} INFO - [2023-05-26 15:08:44,574] {dag.py:2927} INFO - Setting next_dagrun for example_branch_operator to 2023-05-25T00:00:00+00:00, run_after=2023-05-26T00:00:00+00:00
[2023-05-26 15:08:44,657] {processor.py:161} INFO - Processing /home/raf/pipeline/lib/python3.9/site-packages/airflow/example_dags/example_branch_operator.py took 1.486 seconds
[2023-05-26 15:12:24,536] {processor.py:153} INFO - Started process (PID=8838) to work on /home/raf/pipeline/lib/python3.9/site-packages/airflow/example_dags/example_branch_operator.py
[2023-05-26 15:12:24,551] {processor.py:641} INFO - Processing file /home/raf/pipeline/lib/python3.9/site-packages/airflow/example_dags/example_branch_operator.py for tasks to queue
[2023-05-26 15:12:24,552] {logging_mixin.py:115} INFO - [2023-05-26 15:12:24,551] {dagbag.py:507} INFO - Filling up the DagBag from /home/raf/pipeline/lib/python3.9/site-packages/airflow/example_dags/example_branch_operator.py
[2023-05-26 15:12:24,566] {processor.py:651} INFO - DAG(s) dict_keys(['example_branch_operator']) retrieved from /home/raf/pipeline/lib/python3.9/site-packages/airflow/example_dags/example_branch_operator.py
[2023-05-26 15:12:24,608] {logging_mixin.py:115} INFO - [2023-05-26 15:12:24,608] {dag.py:2379} INFO - Sync 1 DAGs
[2023-05-26 15:12:24,664] {logging_mixin.py:115} INFO - [2023-05-26 15:12:24,664] {dag.py:2927} INFO - Setting next_dagrun for example_branch_operator to 2023-05-25T00:00:00+00:00, run_after=2023-05-26T00:00:00+00:00
[2023-05-26 15:12:24,722] {processor.py:161} INFO - Processing /home/raf/pipeline/lib/python3.9/site-packages/airflow/example_dags/example_branch_operator.py took 0.189 seconds
[2023-05-26 15:13:07,500] {processor.py:153} INFO - Started process (PID=8908) to work on /home/raf/pipeline/lib/python3.9/site-packages/airflow/example_dags/example_branch_operator.py
[2023-05-26 15:13:07,509] {processor.py:641} INFO - Processing file /home/raf/pipeline/lib/python3.9/site-packages/airflow/example_dags/example_branch_operator.py for tasks to queue
[2023-05-26 15:13:07,510] {logging_mixin.py:115} INFO - [2023-05-26 15:13:07,510] {dagbag.py:507} INFO - Filling up the DagBag from /home/raf/pipeline/lib/python3.9/site-packages/airflow/example_dags/example_branch_operator.py
[2023-05-26 15:13:07,519] {processor.py:651} INFO - DAG(s) dict_keys(['example_branch_operator']) retrieved from /home/raf/pipeline/lib/python3.9/site-packages/airflow/example_dags/example_branch_operator.py
[2023-05-26 15:13:07,539] {logging_mixin.py:115} INFO - [2023-05-26 15:13:07,539] {dag.py:2379} INFO - Sync 1 DAGs
[2023-05-26 15:13:07,567] {logging_mixin.py:115} INFO - [2023-05-26 15:13:07,566] {dag.py:2927} INFO - Setting next_dagrun for example_branch_operator to 2023-05-25T00:00:00+00:00, run_after=2023-05-26T00:00:00+00:00
[2023-05-26 15:13:07,612] {processor.py:161} INFO - Processing /home/raf/pipeline/lib/python3.9/site-packages/airflow/example_dags/example_branch_operator.py took 0.115 seconds
[2023-05-26 15:13:49,627] {processor.py:153} INFO - Started process (PID=8978) to work on /home/raf/pipeline/lib/python3.9/site-packages/airflow/example_dags/example_branch_operator.py
[2023-05-26 15:13:49,660] {processor.py:641} INFO - Processing file /home/raf/pipeline/lib/python3.9/site-packages/airflow/example_dags/example_branch_operator.py for tasks to queue
[2023-05-26 15:13:49,661] {logging_mixin.py:115} INFO - [2023-05-26 15:13:49,661] {dagbag.py:507} INFO - Filling up the DagBag from /home/raf/pipeline/lib/python3.9/site-packages/airflow/example_dags/example_branch_operator.py
[2023-05-26 15:13:49,699] {processor.py:651} INFO - DAG(s) dict_keys(['example_branch_operator']) retrieved from /home/raf/pipeline/lib/python3.9/site-packages/airflow/example_dags/example_branch_operator.py
[2023-05-26 15:13:49,769] {logging_mixin.py:115} INFO - [2023-05-26 15:13:49,768] {dag.py:2379} INFO - Sync 1 DAGs
[2023-05-26 15:13:49,810] {logging_mixin.py:115} INFO - [2023-05-26 15:13:49,809] {dag.py:2927} INFO - Setting next_dagrun for example_branch_operator to 2023-05-25T00:00:00+00:00, run_after=2023-05-26T00:00:00+00:00
[2023-05-26 15:13:49,890] {processor.py:161} INFO - Processing /home/raf/pipeline/lib/python3.9/site-packages/airflow/example_dags/example_branch_operator.py took 0.269 seconds
[2023-05-26 15:14:31,286] {processor.py:153} INFO - Started process (PID=9074) to work on /home/raf/pipeline/lib/python3.9/site-packages/airflow/example_dags/example_branch_operator.py
[2023-05-26 15:14:31,298] {processor.py:641} INFO - Processing file /home/raf/pipeline/lib/python3.9/site-packages/airflow/example_dags/example_branch_operator.py for tasks to queue
[2023-05-26 15:14:31,298] {logging_mixin.py:115} INFO - [2023-05-26 15:14:31,298] {dagbag.py:507} INFO - Filling up the DagBag from /home/raf/pipeline/lib/python3.9/site-packages/airflow/example_dags/example_branch_operator.py
[2023-05-26 15:14:31,323] {processor.py:651} INFO - DAG(s) dict_keys(['example_branch_operator']) retrieved from /home/raf/pipeline/lib/python3.9/site-packages/airflow/example_dags/example_branch_operator.py
[2023-05-26 15:14:31,365] {logging_mixin.py:115} INFO - [2023-05-26 15:14:31,365] {dag.py:2379} INFO - Sync 1 DAGs
[2023-05-26 15:14:31,430] {logging_mixin.py:115} INFO - [2023-05-26 15:14:31,430] {dag.py:2927} INFO - Setting next_dagrun for example_branch_operator to 2023-05-25T00:00:00+00:00, run_after=2023-05-26T00:00:00+00:00
[2023-05-26 15:14:31,507] {processor.py:161} INFO - Processing /home/raf/pipeline/lib/python3.9/site-packages/airflow/example_dags/example_branch_operator.py took 0.224 seconds
[2023-05-26 15:15:17,207] {processor.py:153} INFO - Started process (PID=9152) to work on /home/raf/pipeline/lib/python3.9/site-packages/airflow/example_dags/example_branch_operator.py
[2023-05-26 15:15:17,218] {processor.py:641} INFO - Processing file /home/raf/pipeline/lib/python3.9/site-packages/airflow/example_dags/example_branch_operator.py for tasks to queue
[2023-05-26 15:15:17,219] {logging_mixin.py:115} INFO - [2023-05-26 15:15:17,219] {dagbag.py:507} INFO - Filling up the DagBag from /home/raf/pipeline/lib/python3.9/site-packages/airflow/example_dags/example_branch_operator.py
[2023-05-26 15:15:17,242] {processor.py:651} INFO - DAG(s) dict_keys(['example_branch_operator']) retrieved from /home/raf/pipeline/lib/python3.9/site-packages/airflow/example_dags/example_branch_operator.py
[2023-05-26 15:15:17,285] {logging_mixin.py:115} INFO - [2023-05-26 15:15:17,285] {dag.py:2379} INFO - Sync 1 DAGs
[2023-05-26 15:15:17,342] {logging_mixin.py:115} INFO - [2023-05-26 15:15:17,342] {dag.py:2927} INFO - Setting next_dagrun for example_branch_operator to 2023-05-25T00:00:00+00:00, run_after=2023-05-26T00:00:00+00:00
[2023-05-26 15:15:17,408] {processor.py:161} INFO - Processing /home/raf/pipeline/lib/python3.9/site-packages/airflow/example_dags/example_branch_operator.py took 0.206 seconds
