[2023-05-26 15:08:59,657] {processor.py:153} INFO - Started process (PID=8312) to work on /home/raf/pipeline/lib/python3.9/site-packages/airflow/example_dags/example_latest_only_with_trigger.py
[2023-05-26 15:08:59,658] {processor.py:641} INFO - Processing file /home/raf/pipeline/lib/python3.9/site-packages/airflow/example_dags/example_latest_only_with_trigger.py for tasks to queue
[2023-05-26 15:08:59,669] {logging_mixin.py:115} INFO - [2023-05-26 15:08:59,668] {dagbag.py:507} INFO - Filling up the DagBag from /home/raf/pipeline/lib/python3.9/site-packages/airflow/example_dags/example_latest_only_with_trigger.py
[2023-05-26 15:08:59,677] {processor.py:651} INFO - DAG(s) dict_keys(['latest_only_with_trigger']) retrieved from /home/raf/pipeline/lib/python3.9/site-packages/airflow/example_dags/example_latest_only_with_trigger.py
[2023-05-26 15:08:59,925] {logging_mixin.py:115} INFO - [2023-05-26 15:08:59,925] {manager.py:508} INFO - Created Permission View: can delete on DAG:latest_only_with_trigger
[2023-05-26 15:08:59,979] {logging_mixin.py:115} INFO - [2023-05-26 15:08:59,979] {manager.py:508} INFO - Created Permission View: can read on DAG:latest_only_with_trigger
[2023-05-26 15:09:00,021] {logging_mixin.py:115} INFO - [2023-05-26 15:09:00,021] {manager.py:508} INFO - Created Permission View: can edit on DAG:latest_only_with_trigger
[2023-05-26 15:09:00,021] {logging_mixin.py:115} INFO - [2023-05-26 15:09:00,021] {dag.py:2379} INFO - Sync 1 DAGs
[2023-05-26 15:09:00,050] {logging_mixin.py:115} INFO - [2023-05-26 15:09:00,050] {dag.py:2398} INFO - Creating ORM DAG for latest_only_with_trigger
[2023-05-26 15:09:00,085] {logging_mixin.py:115} INFO - [2023-05-26 15:09:00,085] {dag.py:2927} INFO - Setting next_dagrun for latest_only_with_trigger to 2023-05-26T14:09:00.084750+00:00, run_after=2023-05-26T18:09:00.084750+00:00
[2023-05-26 15:09:00,207] {processor.py:161} INFO - Processing /home/raf/pipeline/lib/python3.9/site-packages/airflow/example_dags/example_latest_only_with_trigger.py took 0.554 seconds
[2023-05-26 15:12:35,268] {processor.py:153} INFO - Started process (PID=8855) to work on /home/raf/pipeline/lib/python3.9/site-packages/airflow/example_dags/example_latest_only_with_trigger.py
[2023-05-26 15:12:35,286] {processor.py:641} INFO - Processing file /home/raf/pipeline/lib/python3.9/site-packages/airflow/example_dags/example_latest_only_with_trigger.py for tasks to queue
[2023-05-26 15:12:35,287] {logging_mixin.py:115} INFO - [2023-05-26 15:12:35,287] {dagbag.py:507} INFO - Filling up the DagBag from /home/raf/pipeline/lib/python3.9/site-packages/airflow/example_dags/example_latest_only_with_trigger.py
[2023-05-26 15:12:35,297] {processor.py:651} INFO - DAG(s) dict_keys(['latest_only_with_trigger']) retrieved from /home/raf/pipeline/lib/python3.9/site-packages/airflow/example_dags/example_latest_only_with_trigger.py
[2023-05-26 15:12:35,368] {logging_mixin.py:115} INFO - [2023-05-26 15:12:35,367] {dag.py:2379} INFO - Sync 1 DAGs
[2023-05-26 15:12:35,418] {logging_mixin.py:115} INFO - [2023-05-26 15:12:35,418] {dag.py:2927} INFO - Setting next_dagrun for latest_only_with_trigger to 2023-05-26T14:12:35.418132+00:00, run_after=2023-05-26T18:12:35.418132+00:00
[2023-05-26 15:12:35,507] {processor.py:161} INFO - Processing /home/raf/pipeline/lib/python3.9/site-packages/airflow/example_dags/example_latest_only_with_trigger.py took 0.253 seconds
[2023-05-26 15:13:17,677] {processor.py:153} INFO - Started process (PID=8925) to work on /home/raf/pipeline/lib/python3.9/site-packages/airflow/example_dags/example_latest_only_with_trigger.py
[2023-05-26 15:13:17,700] {processor.py:641} INFO - Processing file /home/raf/pipeline/lib/python3.9/site-packages/airflow/example_dags/example_latest_only_with_trigger.py for tasks to queue
[2023-05-26 15:13:17,701] {logging_mixin.py:115} INFO - [2023-05-26 15:13:17,701] {dagbag.py:507} INFO - Filling up the DagBag from /home/raf/pipeline/lib/python3.9/site-packages/airflow/example_dags/example_latest_only_with_trigger.py
[2023-05-26 15:13:17,709] {processor.py:651} INFO - DAG(s) dict_keys(['latest_only_with_trigger']) retrieved from /home/raf/pipeline/lib/python3.9/site-packages/airflow/example_dags/example_latest_only_with_trigger.py
[2023-05-26 15:13:17,780] {logging_mixin.py:115} INFO - [2023-05-26 15:13:17,780] {dag.py:2379} INFO - Sync 1 DAGs
[2023-05-26 15:13:17,836] {logging_mixin.py:115} INFO - [2023-05-26 15:13:17,836] {dag.py:2927} INFO - Setting next_dagrun for latest_only_with_trigger to 2023-05-26T14:13:17.836309+00:00, run_after=2023-05-26T18:13:17.836309+00:00
[2023-05-26 15:13:17,914] {processor.py:161} INFO - Processing /home/raf/pipeline/lib/python3.9/site-packages/airflow/example_dags/example_latest_only_with_trigger.py took 0.241 seconds
[2023-05-26 15:14:01,698] {processor.py:153} INFO - Started process (PID=8995) to work on /home/raf/pipeline/lib/python3.9/site-packages/airflow/example_dags/example_latest_only_with_trigger.py
[2023-05-26 15:14:01,734] {processor.py:641} INFO - Processing file /home/raf/pipeline/lib/python3.9/site-packages/airflow/example_dags/example_latest_only_with_trigger.py for tasks to queue
[2023-05-26 15:14:01,734] {logging_mixin.py:115} INFO - [2023-05-26 15:14:01,734] {dagbag.py:507} INFO - Filling up the DagBag from /home/raf/pipeline/lib/python3.9/site-packages/airflow/example_dags/example_latest_only_with_trigger.py
[2023-05-26 15:14:01,742] {processor.py:651} INFO - DAG(s) dict_keys(['latest_only_with_trigger']) retrieved from /home/raf/pipeline/lib/python3.9/site-packages/airflow/example_dags/example_latest_only_with_trigger.py
[2023-05-26 15:14:01,779] {logging_mixin.py:115} INFO - [2023-05-26 15:14:01,779] {dag.py:2379} INFO - Sync 1 DAGs
[2023-05-26 15:14:01,808] {logging_mixin.py:115} INFO - [2023-05-26 15:14:01,807] {dag.py:2927} INFO - Setting next_dagrun for latest_only_with_trigger to 2023-05-26T14:14:01.807605+00:00, run_after=2023-05-26T18:14:01.807605+00:00
[2023-05-26 15:14:01,867] {processor.py:161} INFO - Processing /home/raf/pipeline/lib/python3.9/site-packages/airflow/example_dags/example_latest_only_with_trigger.py took 0.174 seconds
[2023-05-26 15:14:46,356] {processor.py:153} INFO - Started process (PID=9103) to work on /home/raf/pipeline/lib/python3.9/site-packages/airflow/example_dags/example_latest_only_with_trigger.py
[2023-05-26 15:14:46,368] {processor.py:641} INFO - Processing file /home/raf/pipeline/lib/python3.9/site-packages/airflow/example_dags/example_latest_only_with_trigger.py for tasks to queue
[2023-05-26 15:14:46,370] {logging_mixin.py:115} INFO - [2023-05-26 15:14:46,369] {dagbag.py:507} INFO - Filling up the DagBag from /home/raf/pipeline/lib/python3.9/site-packages/airflow/example_dags/example_latest_only_with_trigger.py
[2023-05-26 15:14:46,402] {processor.py:651} INFO - DAG(s) dict_keys(['latest_only_with_trigger']) retrieved from /home/raf/pipeline/lib/python3.9/site-packages/airflow/example_dags/example_latest_only_with_trigger.py
[2023-05-26 15:14:46,447] {logging_mixin.py:115} INFO - [2023-05-26 15:14:46,447] {dag.py:2379} INFO - Sync 1 DAGs
[2023-05-26 15:14:46,509] {logging_mixin.py:115} INFO - [2023-05-26 15:14:46,509] {dag.py:2927} INFO - Setting next_dagrun for latest_only_with_trigger to 2023-05-26T14:14:46.508873+00:00, run_after=2023-05-26T18:14:46.508873+00:00
[2023-05-26 15:14:46,571] {processor.py:161} INFO - Processing /home/raf/pipeline/lib/python3.9/site-packages/airflow/example_dags/example_latest_only_with_trigger.py took 0.218 seconds
