[2023-05-30 15:06:15,618] {taskinstance.py:1159} INFO - Dependencies all met for <TaskInstance: TwitterDAG.twitter_datascience scheduled__2023-05-24T00:00:00+00:00 [queued]>
[2023-05-30 15:06:15,630] {taskinstance.py:1159} INFO - Dependencies all met for <TaskInstance: TwitterDAG.twitter_datascience scheduled__2023-05-24T00:00:00+00:00 [queued]>
[2023-05-30 15:06:15,631] {taskinstance.py:1356} INFO - 
--------------------------------------------------------------------------------
[2023-05-30 15:06:15,631] {taskinstance.py:1357} INFO - Starting attempt 1 of 1
[2023-05-30 15:06:15,631] {taskinstance.py:1358} INFO - 
--------------------------------------------------------------------------------
[2023-05-30 15:06:15,684] {taskinstance.py:1377} INFO - Executing <Task(TwitterOperator): twitter_datascience> on 2023-05-24 00:00:00+00:00
[2023-05-30 15:06:15,686] {standard_task_runner.py:52} INFO - Started process 14757 to run task
[2023-05-30 15:06:15,689] {standard_task_runner.py:79} INFO - Running: ['airflow', 'tasks', 'run', 'TwitterDAG', 'twitter_datascience', 'scheduled__2023-05-24T00:00:00+00:00', '--job-id', '22', '--raw', '--subdir', 'DAGS_FOLDER/twitter_dag.py', '--cfg-path', '/tmp/tmp90dkw8uo', '--error-file', '/tmp/tmptbf_u1bf']
[2023-05-30 15:06:15,690] {standard_task_runner.py:80} INFO - Job 22: Subtask twitter_datascience
[2023-05-30 15:06:15,750] {task_command.py:370} INFO - Running <TaskInstance: TwitterDAG.twitter_datascience scheduled__2023-05-24T00:00:00+00:00 [running]> on host BIRIBA.localdomain
[2023-05-30 15:06:15,813] {taskinstance.py:1569} INFO - Exporting the following env vars:
AIRFLOW_CTX_DAG_OWNER=airflow
AIRFLOW_CTX_DAG_ID=TwitterDAG
AIRFLOW_CTX_TASK_ID=twitter_datascience
AIRFLOW_CTX_EXECUTION_DATE=2023-05-24T00:00:00+00:00
AIRFLOW_CTX_TRY_NUMBER=1
AIRFLOW_CTX_DAG_RUN_ID=scheduled__2023-05-24T00:00:00+00:00
[2023-05-30 15:06:15,818] {base.py:68} INFO - Using connection ID 'twitter_default' for task execution.
[2023-05-30 15:06:15,820] {twitter_hook.py:34} INFO - URL: https://labdados.com/2/tweets/search/recent?query=datascience&tweet.fields=author_id,conversation_id,created_at,id,in_reply_to_user_id,public_metrics,lang,text&expansions=author_id&user.fields=id,name,username,created_at&start_time=2023-05-24T00:00:00.00Z&end_time=2023-05-25T00:00:00.00Z
[2023-05-30 15:06:17,086] {taskinstance.py:1395} INFO - Marking task as SUCCESS. dag_id=TwitterDAG, task_id=twitter_datascience, execution_date=20230524T000000, start_date=20230530T180615, end_date=20230530T180617
[2023-05-30 15:06:17,150] {local_task_job.py:156} INFO - Task exited with return code 0
[2023-05-30 15:06:17,186] {local_task_job.py:273} INFO - 1 downstream tasks scheduled from follow-on schedule check
[2023-05-30 15:11:13,376] {taskinstance.py:1159} INFO - Dependencies all met for <TaskInstance: TwitterDAG.twitter_datascience scheduled__2023-05-24T00:00:00+00:00 [queued]>
[2023-05-30 15:11:13,401] {taskinstance.py:1159} INFO - Dependencies all met for <TaskInstance: TwitterDAG.twitter_datascience scheduled__2023-05-24T00:00:00+00:00 [queued]>
[2023-05-30 15:11:13,401] {taskinstance.py:1356} INFO - 
--------------------------------------------------------------------------------
[2023-05-30 15:11:13,401] {taskinstance.py:1357} INFO - Starting attempt 1 of 1
[2023-05-30 15:11:13,401] {taskinstance.py:1358} INFO - 
--------------------------------------------------------------------------------
[2023-05-30 15:11:13,422] {taskinstance.py:1377} INFO - Executing <Task(TwitterOperator): twitter_datascience> on 2023-05-24 00:00:00+00:00
[2023-05-30 15:11:13,424] {standard_task_runner.py:52} INFO - Started process 17051 to run task
[2023-05-30 15:11:13,429] {standard_task_runner.py:79} INFO - Running: ['airflow', 'tasks', 'run', 'TwitterDAG', 'twitter_datascience', 'scheduled__2023-05-24T00:00:00+00:00', '--job-id', '22', '--raw', '--subdir', 'DAGS_FOLDER/twitter_dag.py', '--cfg-path', '/tmp/tmpdvfxfcu3', '--error-file', '/tmp/tmpo2h4oyle']
[2023-05-30 15:11:13,430] {standard_task_runner.py:80} INFO - Job 22: Subtask twitter_datascience
[2023-05-30 15:11:13,508] {task_command.py:370} INFO - Running <TaskInstance: TwitterDAG.twitter_datascience scheduled__2023-05-24T00:00:00+00:00 [running]> on host BIRIBA.localdomain
[2023-05-30 15:11:13,566] {taskinstance.py:1569} INFO - Exporting the following env vars:
AIRFLOW_CTX_DAG_OWNER=airflow
AIRFLOW_CTX_DAG_ID=TwitterDAG
AIRFLOW_CTX_TASK_ID=twitter_datascience
AIRFLOW_CTX_EXECUTION_DATE=2023-05-24T00:00:00+00:00
AIRFLOW_CTX_TRY_NUMBER=1
AIRFLOW_CTX_DAG_RUN_ID=scheduled__2023-05-24T00:00:00+00:00
[2023-05-30 15:11:13,571] {base.py:68} INFO - Using connection ID 'twitter_default' for task execution.
[2023-05-30 15:11:13,573] {twitter_hook.py:34} INFO - URL: https://labdados.com/2/tweets/search/recent?query=datascience&tweet.fields=author_id,conversation_id,created_at,id,in_reply_to_user_id,public_metrics,lang,text&expansions=author_id&user.fields=id,name,username,created_at&start_time=2023-05-24T00:00:00.00Z&end_time=2023-05-25T00:00:00.00Z
[2023-05-30 15:11:14,242] {twitter_hook.py:34} INFO - URL: https://labdados.com/2/tweets/search/recent?query=datascience&tweet.fields=author_id,conversation_id,created_at,id,in_reply_to_user_id,public_metrics,lang,text&expansions=author_id&user.fields=id,name,username,created_at&start_time=2023-05-24T00:00:00.00Z&end_time=2023-05-25T00:00:00.00Z&next_token=1234567890abcdef
[2023-05-30 15:11:14,390] {twitter_hook.py:34} INFO - URL: https://labdados.com/2/tweets/search/recent?query=datascience&tweet.fields=author_id,conversation_id,created_at,id,in_reply_to_user_id,public_metrics,lang,text&expansions=author_id&user.fields=id,name,username,created_at&start_time=2023-05-24T00:00:00.00Z&end_time=2023-05-25T00:00:00.00Z&next_token=1234567890abcdef
[2023-05-30 15:11:14,539] {twitter_hook.py:34} INFO - URL: https://labdados.com/2/tweets/search/recent?query=datascience&tweet.fields=author_id,conversation_id,created_at,id,in_reply_to_user_id,public_metrics,lang,text&expansions=author_id&user.fields=id,name,username,created_at&start_time=2023-05-24T00:00:00.00Z&end_time=2023-05-25T00:00:00.00Z&next_token=1234567890abcdef
[2023-05-30 15:11:14,687] {twitter_hook.py:34} INFO - URL: https://labdados.com/2/tweets/search/recent?query=datascience&tweet.fields=author_id,conversation_id,created_at,id,in_reply_to_user_id,public_metrics,lang,text&expansions=author_id&user.fields=id,name,username,created_at&start_time=2023-05-24T00:00:00.00Z&end_time=2023-05-25T00:00:00.00Z&next_token=1234567890abcdef
[2023-05-30 15:11:14,843] {taskinstance.py:1395} INFO - Marking task as SUCCESS. dag_id=TwitterDAG, task_id=twitter_datascience, execution_date=20230524T000000, start_date=20230530T181113, end_date=20230530T181114
[2023-05-30 15:11:14,892] {local_task_job.py:156} INFO - Task exited with return code 0
[2023-05-30 15:11:14,925] {local_task_job.py:273} INFO - 1 downstream tasks scheduled from follow-on schedule check
[2023-05-30 15:23:01,565] {taskinstance.py:1159} INFO - Dependencies all met for <TaskInstance: TwitterDAG.twitter_datascience scheduled__2023-05-24T00:00:00+00:00 [queued]>
[2023-05-30 15:23:01,570] {taskinstance.py:1159} INFO - Dependencies all met for <TaskInstance: TwitterDAG.twitter_datascience scheduled__2023-05-24T00:00:00+00:00 [queued]>
[2023-05-30 15:23:01,570] {taskinstance.py:1356} INFO - 
--------------------------------------------------------------------------------
[2023-05-30 15:23:01,570] {taskinstance.py:1357} INFO - Starting attempt 1 of 1
[2023-05-30 15:23:01,570] {taskinstance.py:1358} INFO - 
--------------------------------------------------------------------------------
[2023-05-30 15:23:01,588] {taskinstance.py:1377} INFO - Executing <Task(TwitterOperator): twitter_datascience> on 2023-05-24 00:00:00+00:00
[2023-05-30 15:23:01,590] {standard_task_runner.py:52} INFO - Started process 20746 to run task
[2023-05-30 15:23:01,593] {standard_task_runner.py:79} INFO - Running: ['airflow', 'tasks', 'run', 'TwitterDAG', 'twitter_datascience', 'scheduled__2023-05-24T00:00:00+00:00', '--job-id', '36', '--raw', '--subdir', 'DAGS_FOLDER/twitter_dag.py', '--cfg-path', '/tmp/tmpbfrspt1s', '--error-file', '/tmp/tmpxmkdvarp']
[2023-05-30 15:23:01,593] {standard_task_runner.py:80} INFO - Job 36: Subtask twitter_datascience
[2023-05-30 15:23:01,640] {task_command.py:370} INFO - Running <TaskInstance: TwitterDAG.twitter_datascience scheduled__2023-05-24T00:00:00+00:00 [running]> on host BIRIBA.localdomain
[2023-05-30 15:23:01,702] {taskinstance.py:1569} INFO - Exporting the following env vars:
AIRFLOW_CTX_DAG_OWNER=airflow
AIRFLOW_CTX_DAG_ID=TwitterDAG
AIRFLOW_CTX_TASK_ID=twitter_datascience
AIRFLOW_CTX_EXECUTION_DATE=2023-05-24T00:00:00+00:00
AIRFLOW_CTX_TRY_NUMBER=1
AIRFLOW_CTX_DAG_RUN_ID=scheduled__2023-05-24T00:00:00+00:00
[2023-05-30 15:23:01,708] {base.py:68} INFO - Using connection ID 'twitter_default' for task execution.
[2023-05-30 15:23:01,709] {twitter_hook.py:34} INFO - URL: https://labdados.com/2/tweets/search/recent?query=datascience&tweet.fields=author_id,conversation_id,created_at,id,in_reply_to_user_id,public_metrics,lang,text&expansions=author_id&user.fields=id,name,username,created_at&start_time=2023-05-24T00:00:00.00Z&end_time=2023-05-25T00:00:00.00Z
[2023-05-30 15:23:02,359] {twitter_hook.py:34} INFO - URL: https://labdados.com/2/tweets/search/recent?query=datascience&tweet.fields=author_id,conversation_id,created_at,id,in_reply_to_user_id,public_metrics,lang,text&expansions=author_id&user.fields=id,name,username,created_at&start_time=2023-05-24T00:00:00.00Z&end_time=2023-05-25T00:00:00.00Z&next_token=1234567890abcdef
[2023-05-30 15:23:02,516] {taskinstance.py:1395} INFO - Marking task as SUCCESS. dag_id=TwitterDAG, task_id=twitter_datascience, execution_date=20230524T000000, start_date=20230530T182301, end_date=20230530T182302
[2023-05-30 15:23:02,572] {local_task_job.py:156} INFO - Task exited with return code 0
[2023-05-30 15:23:02,600] {local_task_job.py:273} INFO - 1 downstream tasks scheduled from follow-on schedule check
[2023-05-30 15:53:40,054] {taskinstance.py:1159} INFO - Dependencies all met for <TaskInstance: TwitterDAG.twitter_datascience scheduled__2023-05-24T00:00:00+00:00 [queued]>
[2023-05-30 15:53:40,061] {taskinstance.py:1159} INFO - Dependencies all met for <TaskInstance: TwitterDAG.twitter_datascience scheduled__2023-05-24T00:00:00+00:00 [queued]>
[2023-05-30 15:53:40,061] {taskinstance.py:1356} INFO - 
--------------------------------------------------------------------------------
[2023-05-30 15:53:40,061] {taskinstance.py:1357} INFO - Starting attempt 1 of 1
[2023-05-30 15:53:40,061] {taskinstance.py:1358} INFO - 
--------------------------------------------------------------------------------
[2023-05-30 15:53:40,082] {taskinstance.py:1377} INFO - Executing <Task(TwitterOperator): twitter_datascience> on 2023-05-24 00:00:00+00:00
[2023-05-30 15:53:40,084] {standard_task_runner.py:52} INFO - Started process 25652 to run task
[2023-05-30 15:53:40,088] {standard_task_runner.py:79} INFO - Running: ['airflow', 'tasks', 'run', 'TwitterDAG', 'twitter_datascience', 'scheduled__2023-05-24T00:00:00+00:00', '--job-id', '36', '--raw', '--subdir', 'DAGS_FOLDER/twitter_dag.py', '--cfg-path', '/tmp/tmpxk1j1fyh', '--error-file', '/tmp/tmpf4xxj0aa']
[2023-05-30 15:53:40,088] {standard_task_runner.py:80} INFO - Job 36: Subtask twitter_datascience
[2023-05-30 15:53:40,127] {task_command.py:370} INFO - Running <TaskInstance: TwitterDAG.twitter_datascience scheduled__2023-05-24T00:00:00+00:00 [running]> on host BIRIBA.localdomain
[2023-05-30 15:53:40,183] {taskinstance.py:1569} INFO - Exporting the following env vars:
AIRFLOW_CTX_DAG_OWNER=airflow
AIRFLOW_CTX_DAG_ID=TwitterDAG
AIRFLOW_CTX_TASK_ID=twitter_datascience
AIRFLOW_CTX_EXECUTION_DATE=2023-05-24T00:00:00+00:00
AIRFLOW_CTX_TRY_NUMBER=1
AIRFLOW_CTX_DAG_RUN_ID=scheduled__2023-05-24T00:00:00+00:00
[2023-05-30 15:53:40,190] {base.py:68} INFO - Using connection ID 'twitter_default' for task execution.
[2023-05-30 15:53:40,191] {twitter_hook.py:34} INFO - URL: https://labdados.com/2/tweets/search/recent?query=datascience&tweet.fields=author_id,conversation_id,created_at,id,in_reply_to_user_id,public_metrics,lang,text&expansions=author_id&user.fields=id,name,username,created_at&start_time=2023-05-24T00:00:00.00Z&end_time=2023-05-25T00:00:00.00Z
[2023-05-30 15:53:41,277] {taskinstance.py:1395} INFO - Marking task as SUCCESS. dag_id=TwitterDAG, task_id=twitter_datascience, execution_date=20230524T000000, start_date=20230530T185340, end_date=20230530T185341
[2023-05-30 15:53:41,348] {local_task_job.py:156} INFO - Task exited with return code 0
[2023-05-30 15:53:41,411] {local_task_job.py:273} INFO - 1 downstream tasks scheduled from follow-on schedule check
