[2023-05-30 14:01:14,084] {taskinstance.py:1159} INFO - Dependencies all met for <TaskInstance: TwitterDAG.twitter_datascience scheduled__2023-05-27T00:00:00+00:00 [queued]>
[2023-05-30 14:01:14,094] {taskinstance.py:1159} INFO - Dependencies all met for <TaskInstance: TwitterDAG.twitter_datascience scheduled__2023-05-27T00:00:00+00:00 [queued]>
[2023-05-30 14:01:14,094] {taskinstance.py:1356} INFO - 
--------------------------------------------------------------------------------
[2023-05-30 14:01:14,094] {taskinstance.py:1357} INFO - Starting attempt 1 of 1
[2023-05-30 14:01:14,094] {taskinstance.py:1358} INFO - 
--------------------------------------------------------------------------------
[2023-05-30 14:01:14,154] {taskinstance.py:1377} INFO - Executing <Task(TwitterOperator): twitter_datascience> on 2023-05-27 00:00:00+00:00
[2023-05-30 14:01:14,156] {standard_task_runner.py:52} INFO - Started process 5432 to run task
[2023-05-30 14:01:14,160] {standard_task_runner.py:79} INFO - Running: ['airflow', 'tasks', 'run', 'TwitterDAG', 'twitter_datascience', 'scheduled__2023-05-27T00:00:00+00:00', '--job-id', '13', '--raw', '--subdir', 'DAGS_FOLDER/twitter_dag.py', '--cfg-path', '/tmp/tmphz00hk7a', '--error-file', '/tmp/tmpocfjn46x']
[2023-05-30 14:01:14,161] {standard_task_runner.py:80} INFO - Job 13: Subtask twitter_datascience
[2023-05-30 14:01:14,241] {task_command.py:370} INFO - Running <TaskInstance: TwitterDAG.twitter_datascience scheduled__2023-05-27T00:00:00+00:00 [running]> on host BIRIBA.localdomain
[2023-05-30 14:01:14,376] {taskinstance.py:1569} INFO - Exporting the following env vars:
AIRFLOW_CTX_DAG_OWNER=airflow
AIRFLOW_CTX_DAG_ID=TwitterDAG
AIRFLOW_CTX_TASK_ID=twitter_datascience
AIRFLOW_CTX_EXECUTION_DATE=2023-05-27T00:00:00+00:00
AIRFLOW_CTX_TRY_NUMBER=1
AIRFLOW_CTX_DAG_RUN_ID=scheduled__2023-05-27T00:00:00+00:00
[2023-05-30 14:01:14,389] {base.py:68} INFO - Using connection ID 'twitter_default' for task execution.
[2023-05-30 14:01:14,391] {twitter_hook.py:34} INFO - URL: https://labdados.com/2/tweets/search/recent?query=datascience&tweet.fields=author_id,conversation_id,created_at,id,in_reply_to_user_id,public_metrics,lang,text&expansions=author_id&user.fields=id,name,username,created_at&start_time=2023-05-27T00:00:00.00Z&end_time=2023-05-28T00:00:00.00Z
[2023-05-30 14:01:15,105] {twitter_hook.py:34} INFO - URL: https://labdados.com/2/tweets/search/recent?query=datascience&tweet.fields=author_id,conversation_id,created_at,id,in_reply_to_user_id,public_metrics,lang,text&expansions=author_id&user.fields=id,name,username,created_at&start_time=2023-05-27T00:00:00.00Z&end_time=2023-05-28T00:00:00.00Z&next_token=1234567890abcdef
[2023-05-30 14:01:15,258] {twitter_hook.py:34} INFO - URL: https://labdados.com/2/tweets/search/recent?query=datascience&tweet.fields=author_id,conversation_id,created_at,id,in_reply_to_user_id,public_metrics,lang,text&expansions=author_id&user.fields=id,name,username,created_at&start_time=2023-05-27T00:00:00.00Z&end_time=2023-05-28T00:00:00.00Z&next_token=1234567890abcdef
[2023-05-30 14:01:15,426] {taskinstance.py:1395} INFO - Marking task as SUCCESS. dag_id=TwitterDAG, task_id=twitter_datascience, execution_date=20230527T000000, start_date=20230530T170114, end_date=20230530T170115
[2023-05-30 14:01:15,504] {local_task_job.py:156} INFO - Task exited with return code 0
[2023-05-30 14:01:15,554] {local_task_job.py:273} INFO - 0 downstream tasks scheduled from follow-on schedule check
[2023-05-30 15:06:42,535] {taskinstance.py:1159} INFO - Dependencies all met for <TaskInstance: TwitterDAG.twitter_datascience scheduled__2023-05-27T00:00:00+00:00 [queued]>
[2023-05-30 15:06:42,541] {taskinstance.py:1159} INFO - Dependencies all met for <TaskInstance: TwitterDAG.twitter_datascience scheduled__2023-05-27T00:00:00+00:00 [queued]>
[2023-05-30 15:06:42,541] {taskinstance.py:1356} INFO - 
--------------------------------------------------------------------------------
[2023-05-30 15:06:42,541] {taskinstance.py:1357} INFO - Starting attempt 1 of 1
[2023-05-30 15:06:42,541] {taskinstance.py:1358} INFO - 
--------------------------------------------------------------------------------
[2023-05-30 15:06:42,560] {taskinstance.py:1377} INFO - Executing <Task(TwitterOperator): twitter_datascience> on 2023-05-27 00:00:00+00:00
[2023-05-30 15:06:42,562] {standard_task_runner.py:52} INFO - Started process 15223 to run task
[2023-05-30 15:06:42,566] {standard_task_runner.py:79} INFO - Running: ['airflow', 'tasks', 'run', 'TwitterDAG', 'twitter_datascience', 'scheduled__2023-05-27T00:00:00+00:00', '--job-id', '28', '--raw', '--subdir', 'DAGS_FOLDER/twitter_dag.py', '--cfg-path', '/tmp/tmpeexkw6vp', '--error-file', '/tmp/tmps82ew9qj']
[2023-05-30 15:06:42,567] {standard_task_runner.py:80} INFO - Job 28: Subtask twitter_datascience
[2023-05-30 15:06:42,618] {task_command.py:370} INFO - Running <TaskInstance: TwitterDAG.twitter_datascience scheduled__2023-05-27T00:00:00+00:00 [running]> on host BIRIBA.localdomain
[2023-05-30 15:06:42,692] {taskinstance.py:1569} INFO - Exporting the following env vars:
AIRFLOW_CTX_DAG_OWNER=airflow
AIRFLOW_CTX_DAG_ID=TwitterDAG
AIRFLOW_CTX_TASK_ID=twitter_datascience
AIRFLOW_CTX_EXECUTION_DATE=2023-05-27T00:00:00+00:00
AIRFLOW_CTX_TRY_NUMBER=1
AIRFLOW_CTX_DAG_RUN_ID=scheduled__2023-05-27T00:00:00+00:00
[2023-05-30 15:06:42,697] {base.py:68} INFO - Using connection ID 'twitter_default' for task execution.
[2023-05-30 15:06:42,699] {twitter_hook.py:34} INFO - URL: https://labdados.com/2/tweets/search/recent?query=datascience&tweet.fields=author_id,conversation_id,created_at,id,in_reply_to_user_id,public_metrics,lang,text&expansions=author_id&user.fields=id,name,username,created_at&start_time=2023-05-27T00:00:00.00Z&end_time=2023-05-28T00:00:00.00Z
[2023-05-30 15:06:43,330] {taskinstance.py:1395} INFO - Marking task as SUCCESS. dag_id=TwitterDAG, task_id=twitter_datascience, execution_date=20230527T000000, start_date=20230530T180642, end_date=20230530T180643
[2023-05-30 15:06:43,386] {local_task_job.py:156} INFO - Task exited with return code 0
[2023-05-30 15:06:43,453] {local_task_job.py:273} INFO - 1 downstream tasks scheduled from follow-on schedule check
[2023-05-30 15:12:17,944] {taskinstance.py:1159} INFO - Dependencies all met for <TaskInstance: TwitterDAG.twitter_datascience scheduled__2023-05-27T00:00:00+00:00 [queued]>
[2023-05-30 15:12:17,957] {taskinstance.py:1159} INFO - Dependencies all met for <TaskInstance: TwitterDAG.twitter_datascience scheduled__2023-05-27T00:00:00+00:00 [queued]>
[2023-05-30 15:12:17,957] {taskinstance.py:1356} INFO - 
--------------------------------------------------------------------------------
[2023-05-30 15:12:17,957] {taskinstance.py:1357} INFO - Starting attempt 1 of 1
[2023-05-30 15:12:17,957] {taskinstance.py:1358} INFO - 
--------------------------------------------------------------------------------
[2023-05-30 15:12:17,983] {taskinstance.py:1377} INFO - Executing <Task(TwitterOperator): twitter_datascience> on 2023-05-27 00:00:00+00:00
[2023-05-30 15:12:17,985] {standard_task_runner.py:52} INFO - Started process 18254 to run task
[2023-05-30 15:12:17,989] {standard_task_runner.py:79} INFO - Running: ['airflow', 'tasks', 'run', 'TwitterDAG', 'twitter_datascience', 'scheduled__2023-05-27T00:00:00+00:00', '--job-id', '28', '--raw', '--subdir', 'DAGS_FOLDER/twitter_dag.py', '--cfg-path', '/tmp/tmp686nm56o', '--error-file', '/tmp/tmp7wxy5tx4']
[2023-05-30 15:12:17,990] {standard_task_runner.py:80} INFO - Job 28: Subtask twitter_datascience
[2023-05-30 15:12:18,066] {task_command.py:370} INFO - Running <TaskInstance: TwitterDAG.twitter_datascience scheduled__2023-05-27T00:00:00+00:00 [running]> on host BIRIBA.localdomain
[2023-05-30 15:12:18,148] {taskinstance.py:1569} INFO - Exporting the following env vars:
AIRFLOW_CTX_DAG_OWNER=airflow
AIRFLOW_CTX_DAG_ID=TwitterDAG
AIRFLOW_CTX_TASK_ID=twitter_datascience
AIRFLOW_CTX_EXECUTION_DATE=2023-05-27T00:00:00+00:00
AIRFLOW_CTX_TRY_NUMBER=1
AIRFLOW_CTX_DAG_RUN_ID=scheduled__2023-05-27T00:00:00+00:00
[2023-05-30 15:12:18,154] {base.py:68} INFO - Using connection ID 'twitter_default' for task execution.
[2023-05-30 15:12:18,156] {twitter_hook.py:34} INFO - URL: https://labdados.com/2/tweets/search/recent?query=datascience&tweet.fields=author_id,conversation_id,created_at,id,in_reply_to_user_id,public_metrics,lang,text&expansions=author_id&user.fields=id,name,username,created_at&start_time=2023-05-27T00:00:00.00Z&end_time=2023-05-28T00:00:00.00Z
[2023-05-30 15:12:18,795] {taskinstance.py:1395} INFO - Marking task as SUCCESS. dag_id=TwitterDAG, task_id=twitter_datascience, execution_date=20230527T000000, start_date=20230530T181217, end_date=20230530T181218
[2023-05-30 15:12:18,845] {local_task_job.py:156} INFO - Task exited with return code 0
[2023-05-30 15:12:18,883] {local_task_job.py:273} INFO - 1 downstream tasks scheduled from follow-on schedule check
[2023-05-30 15:24:02,061] {taskinstance.py:1159} INFO - Dependencies all met for <TaskInstance: TwitterDAG.twitter_datascience scheduled__2023-05-27T00:00:00+00:00 [queued]>
[2023-05-30 15:24:02,070] {taskinstance.py:1159} INFO - Dependencies all met for <TaskInstance: TwitterDAG.twitter_datascience scheduled__2023-05-27T00:00:00+00:00 [queued]>
[2023-05-30 15:24:02,070] {taskinstance.py:1356} INFO - 
--------------------------------------------------------------------------------
[2023-05-30 15:24:02,070] {taskinstance.py:1357} INFO - Starting attempt 1 of 1
[2023-05-30 15:24:02,070] {taskinstance.py:1358} INFO - 
--------------------------------------------------------------------------------
[2023-05-30 15:24:02,092] {taskinstance.py:1377} INFO - Executing <Task(TwitterOperator): twitter_datascience> on 2023-05-27 00:00:00+00:00
[2023-05-30 15:24:02,094] {standard_task_runner.py:52} INFO - Started process 21742 to run task
[2023-05-30 15:24:02,097] {standard_task_runner.py:79} INFO - Running: ['airflow', 'tasks', 'run', 'TwitterDAG', 'twitter_datascience', 'scheduled__2023-05-27T00:00:00+00:00', '--job-id', '42', '--raw', '--subdir', 'DAGS_FOLDER/twitter_dag.py', '--cfg-path', '/tmp/tmpkgbsnbhh', '--error-file', '/tmp/tmptulsbp9e']
[2023-05-30 15:24:02,098] {standard_task_runner.py:80} INFO - Job 42: Subtask twitter_datascience
[2023-05-30 15:24:02,165] {task_command.py:370} INFO - Running <TaskInstance: TwitterDAG.twitter_datascience scheduled__2023-05-27T00:00:00+00:00 [running]> on host BIRIBA.localdomain
[2023-05-30 15:24:02,255] {taskinstance.py:1569} INFO - Exporting the following env vars:
AIRFLOW_CTX_DAG_OWNER=airflow
AIRFLOW_CTX_DAG_ID=TwitterDAG
AIRFLOW_CTX_TASK_ID=twitter_datascience
AIRFLOW_CTX_EXECUTION_DATE=2023-05-27T00:00:00+00:00
AIRFLOW_CTX_TRY_NUMBER=1
AIRFLOW_CTX_DAG_RUN_ID=scheduled__2023-05-27T00:00:00+00:00
[2023-05-30 15:24:02,260] {base.py:68} INFO - Using connection ID 'twitter_default' for task execution.
[2023-05-30 15:24:02,262] {twitter_hook.py:34} INFO - URL: https://labdados.com/2/tweets/search/recent?query=datascience&tweet.fields=author_id,conversation_id,created_at,id,in_reply_to_user_id,public_metrics,lang,text&expansions=author_id&user.fields=id,name,username,created_at&start_time=2023-05-27T00:00:00.00Z&end_time=2023-05-28T00:00:00.00Z
[2023-05-30 15:24:02,896] {twitter_hook.py:34} INFO - URL: https://labdados.com/2/tweets/search/recent?query=datascience&tweet.fields=author_id,conversation_id,created_at,id,in_reply_to_user_id,public_metrics,lang,text&expansions=author_id&user.fields=id,name,username,created_at&start_time=2023-05-27T00:00:00.00Z&end_time=2023-05-28T00:00:00.00Z&next_token=1234567890abcdef
[2023-05-30 15:24:03,035] {twitter_hook.py:34} INFO - URL: https://labdados.com/2/tweets/search/recent?query=datascience&tweet.fields=author_id,conversation_id,created_at,id,in_reply_to_user_id,public_metrics,lang,text&expansions=author_id&user.fields=id,name,username,created_at&start_time=2023-05-27T00:00:00.00Z&end_time=2023-05-28T00:00:00.00Z&next_token=1234567890abcdef
[2023-05-30 15:24:03,175] {twitter_hook.py:34} INFO - URL: https://labdados.com/2/tweets/search/recent?query=datascience&tweet.fields=author_id,conversation_id,created_at,id,in_reply_to_user_id,public_metrics,lang,text&expansions=author_id&user.fields=id,name,username,created_at&start_time=2023-05-27T00:00:00.00Z&end_time=2023-05-28T00:00:00.00Z&next_token=1234567890abcdef
[2023-05-30 15:24:03,337] {taskinstance.py:1395} INFO - Marking task as SUCCESS. dag_id=TwitterDAG, task_id=twitter_datascience, execution_date=20230527T000000, start_date=20230530T182402, end_date=20230530T182403
[2023-05-30 15:24:03,436] {local_task_job.py:156} INFO - Task exited with return code 0
[2023-05-30 15:24:03,532] {local_task_job.py:273} INFO - 1 downstream tasks scheduled from follow-on schedule check
[2023-05-30 15:54:47,250] {taskinstance.py:1159} INFO - Dependencies all met for <TaskInstance: TwitterDAG.twitter_datascience scheduled__2023-05-27T00:00:00+00:00 [queued]>
[2023-05-30 15:54:47,257] {taskinstance.py:1159} INFO - Dependencies all met for <TaskInstance: TwitterDAG.twitter_datascience scheduled__2023-05-27T00:00:00+00:00 [queued]>
[2023-05-30 15:54:47,257] {taskinstance.py:1356} INFO - 
--------------------------------------------------------------------------------
[2023-05-30 15:54:47,257] {taskinstance.py:1357} INFO - Starting attempt 1 of 1
[2023-05-30 15:54:47,257] {taskinstance.py:1358} INFO - 
--------------------------------------------------------------------------------
[2023-05-30 15:54:47,279] {taskinstance.py:1377} INFO - Executing <Task(TwitterOperator): twitter_datascience> on 2023-05-27 00:00:00+00:00
[2023-05-30 15:54:47,282] {standard_task_runner.py:52} INFO - Started process 26869 to run task
[2023-05-30 15:54:47,284] {standard_task_runner.py:79} INFO - Running: ['airflow', 'tasks', 'run', 'TwitterDAG', 'twitter_datascience', 'scheduled__2023-05-27T00:00:00+00:00', '--job-id', '42', '--raw', '--subdir', 'DAGS_FOLDER/twitter_dag.py', '--cfg-path', '/tmp/tmp4_mg66mm', '--error-file', '/tmp/tmpivhro_hb']
[2023-05-30 15:54:47,285] {standard_task_runner.py:80} INFO - Job 42: Subtask twitter_datascience
[2023-05-30 15:54:47,329] {task_command.py:370} INFO - Running <TaskInstance: TwitterDAG.twitter_datascience scheduled__2023-05-27T00:00:00+00:00 [running]> on host BIRIBA.localdomain
[2023-05-30 15:54:47,404] {taskinstance.py:1569} INFO - Exporting the following env vars:
AIRFLOW_CTX_DAG_OWNER=airflow
AIRFLOW_CTX_DAG_ID=TwitterDAG
AIRFLOW_CTX_TASK_ID=twitter_datascience
AIRFLOW_CTX_EXECUTION_DATE=2023-05-27T00:00:00+00:00
AIRFLOW_CTX_TRY_NUMBER=1
AIRFLOW_CTX_DAG_RUN_ID=scheduled__2023-05-27T00:00:00+00:00
[2023-05-30 15:54:47,419] {base.py:68} INFO - Using connection ID 'twitter_default' for task execution.
[2023-05-30 15:54:47,421] {twitter_hook.py:34} INFO - URL: https://labdados.com/2/tweets/search/recent?query=datascience&tweet.fields=author_id,conversation_id,created_at,id,in_reply_to_user_id,public_metrics,lang,text&expansions=author_id&user.fields=id,name,username,created_at&start_time=2023-05-27T00:00:00.00Z&end_time=2023-05-28T00:00:00.00Z
[2023-05-30 15:54:48,115] {taskinstance.py:1395} INFO - Marking task as SUCCESS. dag_id=TwitterDAG, task_id=twitter_datascience, execution_date=20230527T000000, start_date=20230530T185447, end_date=20230530T185448
[2023-05-30 15:54:48,180] {local_task_job.py:156} INFO - Task exited with return code 0
[2023-05-30 15:54:48,266] {local_task_job.py:273} INFO - 1 downstream tasks scheduled from follow-on schedule check
