[2023-05-30 14:01:22,818] {taskinstance.py:1159} INFO - Dependencies all met for <TaskInstance: TwitterDAG.twitter_datascience scheduled__2023-05-29T00:00:00+00:00 [queued]>
[2023-05-30 14:01:22,823] {taskinstance.py:1159} INFO - Dependencies all met for <TaskInstance: TwitterDAG.twitter_datascience scheduled__2023-05-29T00:00:00+00:00 [queued]>
[2023-05-30 14:01:22,823] {taskinstance.py:1356} INFO - 
--------------------------------------------------------------------------------
[2023-05-30 14:01:22,823] {taskinstance.py:1357} INFO - Starting attempt 1 of 1
[2023-05-30 14:01:22,823] {taskinstance.py:1358} INFO - 
--------------------------------------------------------------------------------
[2023-05-30 14:01:22,840] {taskinstance.py:1377} INFO - Executing <Task(TwitterOperator): twitter_datascience> on 2023-05-29 00:00:00+00:00
[2023-05-30 14:01:22,841] {standard_task_runner.py:52} INFO - Started process 5516 to run task
[2023-05-30 14:01:22,844] {standard_task_runner.py:79} INFO - Running: ['airflow', 'tasks', 'run', 'TwitterDAG', 'twitter_datascience', 'scheduled__2023-05-29T00:00:00+00:00', '--job-id', '15', '--raw', '--subdir', 'DAGS_FOLDER/twitter_dag.py', '--cfg-path', '/tmp/tmpvb54ghwx', '--error-file', '/tmp/tmpwysuj150']
[2023-05-30 14:01:22,844] {standard_task_runner.py:80} INFO - Job 15: Subtask twitter_datascience
[2023-05-30 14:01:22,893] {task_command.py:370} INFO - Running <TaskInstance: TwitterDAG.twitter_datascience scheduled__2023-05-29T00:00:00+00:00 [running]> on host BIRIBA.localdomain
[2023-05-30 14:01:22,974] {taskinstance.py:1569} INFO - Exporting the following env vars:
AIRFLOW_CTX_DAG_OWNER=airflow
AIRFLOW_CTX_DAG_ID=TwitterDAG
AIRFLOW_CTX_TASK_ID=twitter_datascience
AIRFLOW_CTX_EXECUTION_DATE=2023-05-29T00:00:00+00:00
AIRFLOW_CTX_TRY_NUMBER=1
AIRFLOW_CTX_DAG_RUN_ID=scheduled__2023-05-29T00:00:00+00:00
[2023-05-30 14:01:22,986] {base.py:68} INFO - Using connection ID 'twitter_default' for task execution.
[2023-05-30 14:01:22,989] {twitter_hook.py:34} INFO - URL: https://labdados.com/2/tweets/search/recent?query=datascience&tweet.fields=author_id,conversation_id,created_at,id,in_reply_to_user_id,public_metrics,lang,text&expansions=author_id&user.fields=id,name,username,created_at&start_time=2023-05-29T00:00:00.00Z&end_time=2023-05-30T00:00:00.00Z
[2023-05-30 14:01:23,484] {twitter_hook.py:34} INFO - URL: https://labdados.com/2/tweets/search/recent?query=datascience&tweet.fields=author_id,conversation_id,created_at,id,in_reply_to_user_id,public_metrics,lang,text&expansions=author_id&user.fields=id,name,username,created_at&start_time=2023-05-29T00:00:00.00Z&end_time=2023-05-30T00:00:00.00Z&next_token=1234567890abcdef
[2023-05-30 14:01:23,635] {taskinstance.py:1395} INFO - Marking task as SUCCESS. dag_id=TwitterDAG, task_id=twitter_datascience, execution_date=20230529T000000, start_date=20230530T170122, end_date=20230530T170123
[2023-05-30 14:01:23,700] {local_task_job.py:156} INFO - Task exited with return code 0
[2023-05-30 14:01:23,714] {local_task_job.py:273} INFO - 0 downstream tasks scheduled from follow-on schedule check
[2023-05-30 15:06:53,068] {taskinstance.py:1159} INFO - Dependencies all met for <TaskInstance: TwitterDAG.twitter_datascience scheduled__2023-05-29T00:00:00+00:00 [queued]>
[2023-05-30 15:06:53,076] {taskinstance.py:1159} INFO - Dependencies all met for <TaskInstance: TwitterDAG.twitter_datascience scheduled__2023-05-29T00:00:00+00:00 [queued]>
[2023-05-30 15:06:53,076] {taskinstance.py:1356} INFO - 
--------------------------------------------------------------------------------
[2023-05-30 15:06:53,077] {taskinstance.py:1357} INFO - Starting attempt 1 of 1
[2023-05-30 15:06:53,077] {taskinstance.py:1358} INFO - 
--------------------------------------------------------------------------------
[2023-05-30 15:06:53,102] {taskinstance.py:1377} INFO - Executing <Task(TwitterOperator): twitter_datascience> on 2023-05-29 00:00:00+00:00
[2023-05-30 15:06:53,104] {standard_task_runner.py:52} INFO - Started process 15393 to run task
[2023-05-30 15:06:53,109] {standard_task_runner.py:79} INFO - Running: ['airflow', 'tasks', 'run', 'TwitterDAG', 'twitter_datascience', 'scheduled__2023-05-29T00:00:00+00:00', '--job-id', '31', '--raw', '--subdir', 'DAGS_FOLDER/twitter_dag.py', '--cfg-path', '/tmp/tmpo5gndu98', '--error-file', '/tmp/tmpgejzgmkg']
[2023-05-30 15:06:53,110] {standard_task_runner.py:80} INFO - Job 31: Subtask twitter_datascience
[2023-05-30 15:06:53,190] {task_command.py:370} INFO - Running <TaskInstance: TwitterDAG.twitter_datascience scheduled__2023-05-29T00:00:00+00:00 [running]> on host BIRIBA.localdomain
[2023-05-30 15:06:53,293] {taskinstance.py:1569} INFO - Exporting the following env vars:
AIRFLOW_CTX_DAG_OWNER=airflow
AIRFLOW_CTX_DAG_ID=TwitterDAG
AIRFLOW_CTX_TASK_ID=twitter_datascience
AIRFLOW_CTX_EXECUTION_DATE=2023-05-29T00:00:00+00:00
AIRFLOW_CTX_TRY_NUMBER=1
AIRFLOW_CTX_DAG_RUN_ID=scheduled__2023-05-29T00:00:00+00:00
[2023-05-30 15:06:53,300] {base.py:68} INFO - Using connection ID 'twitter_default' for task execution.
[2023-05-30 15:06:53,302] {twitter_hook.py:34} INFO - URL: https://labdados.com/2/tweets/search/recent?query=datascience&tweet.fields=author_id,conversation_id,created_at,id,in_reply_to_user_id,public_metrics,lang,text&expansions=author_id&user.fields=id,name,username,created_at&start_time=2023-05-29T00:00:00.00Z&end_time=2023-05-30T00:00:00.00Z
[2023-05-30 15:06:53,941] {taskinstance.py:1395} INFO - Marking task as SUCCESS. dag_id=TwitterDAG, task_id=twitter_datascience, execution_date=20230529T000000, start_date=20230530T180653, end_date=20230530T180653
[2023-05-30 15:06:54,007] {local_task_job.py:156} INFO - Task exited with return code 0
[2023-05-30 15:06:54,065] {local_task_job.py:273} INFO - 1 downstream tasks scheduled from follow-on schedule check
[2023-05-30 15:12:41,698] {taskinstance.py:1159} INFO - Dependencies all met for <TaskInstance: TwitterDAG.twitter_datascience scheduled__2023-05-29T00:00:00+00:00 [queued]>
[2023-05-30 15:12:41,706] {taskinstance.py:1159} INFO - Dependencies all met for <TaskInstance: TwitterDAG.twitter_datascience scheduled__2023-05-29T00:00:00+00:00 [queued]>
[2023-05-30 15:12:41,706] {taskinstance.py:1356} INFO - 
--------------------------------------------------------------------------------
[2023-05-30 15:12:41,706] {taskinstance.py:1357} INFO - Starting attempt 1 of 1
[2023-05-30 15:12:41,706] {taskinstance.py:1358} INFO - 
--------------------------------------------------------------------------------
[2023-05-30 15:12:41,732] {taskinstance.py:1377} INFO - Executing <Task(TwitterOperator): twitter_datascience> on 2023-05-29 00:00:00+00:00
[2023-05-30 15:12:41,734] {standard_task_runner.py:52} INFO - Started process 18710 to run task
[2023-05-30 15:12:41,740] {standard_task_runner.py:79} INFO - Running: ['airflow', 'tasks', 'run', 'TwitterDAG', 'twitter_datascience', 'scheduled__2023-05-29T00:00:00+00:00', '--job-id', '31', '--raw', '--subdir', 'DAGS_FOLDER/twitter_dag.py', '--cfg-path', '/tmp/tmp4f0qbpv0', '--error-file', '/tmp/tmpzgor44fr']
[2023-05-30 15:12:41,741] {standard_task_runner.py:80} INFO - Job 31: Subtask twitter_datascience
[2023-05-30 15:12:41,807] {task_command.py:370} INFO - Running <TaskInstance: TwitterDAG.twitter_datascience scheduled__2023-05-29T00:00:00+00:00 [running]> on host BIRIBA.localdomain
[2023-05-30 15:12:41,913] {taskinstance.py:1569} INFO - Exporting the following env vars:
AIRFLOW_CTX_DAG_OWNER=airflow
AIRFLOW_CTX_DAG_ID=TwitterDAG
AIRFLOW_CTX_TASK_ID=twitter_datascience
AIRFLOW_CTX_EXECUTION_DATE=2023-05-29T00:00:00+00:00
AIRFLOW_CTX_TRY_NUMBER=1
AIRFLOW_CTX_DAG_RUN_ID=scheduled__2023-05-29T00:00:00+00:00
[2023-05-30 15:12:41,928] {base.py:68} INFO - Using connection ID 'twitter_default' for task execution.
[2023-05-30 15:12:41,930] {twitter_hook.py:34} INFO - URL: https://labdados.com/2/tweets/search/recent?query=datascience&tweet.fields=author_id,conversation_id,created_at,id,in_reply_to_user_id,public_metrics,lang,text&expansions=author_id&user.fields=id,name,username,created_at&start_time=2023-05-29T00:00:00.00Z&end_time=2023-05-30T00:00:00.00Z
[2023-05-30 15:12:42,614] {taskinstance.py:1395} INFO - Marking task as SUCCESS. dag_id=TwitterDAG, task_id=twitter_datascience, execution_date=20230529T000000, start_date=20230530T181241, end_date=20230530T181242
[2023-05-30 15:12:42,675] {local_task_job.py:156} INFO - Task exited with return code 0
[2023-05-30 15:12:42,708] {local_task_job.py:273} INFO - 1 downstream tasks scheduled from follow-on schedule check
[2023-05-30 15:24:25,552] {taskinstance.py:1159} INFO - Dependencies all met for <TaskInstance: TwitterDAG.twitter_datascience scheduled__2023-05-29T00:00:00+00:00 [queued]>
[2023-05-30 15:24:25,561] {taskinstance.py:1159} INFO - Dependencies all met for <TaskInstance: TwitterDAG.twitter_datascience scheduled__2023-05-29T00:00:00+00:00 [queued]>
[2023-05-30 15:24:25,561] {taskinstance.py:1356} INFO - 
--------------------------------------------------------------------------------
[2023-05-30 15:24:25,561] {taskinstance.py:1357} INFO - Starting attempt 1 of 1
[2023-05-30 15:24:25,561] {taskinstance.py:1358} INFO - 
--------------------------------------------------------------------------------
[2023-05-30 15:24:25,584] {taskinstance.py:1377} INFO - Executing <Task(TwitterOperator): twitter_datascience> on 2023-05-29 00:00:00+00:00
[2023-05-30 15:24:25,586] {standard_task_runner.py:52} INFO - Started process 22158 to run task
[2023-05-30 15:24:25,589] {standard_task_runner.py:79} INFO - Running: ['airflow', 'tasks', 'run', 'TwitterDAG', 'twitter_datascience', 'scheduled__2023-05-29T00:00:00+00:00', '--job-id', '45', '--raw', '--subdir', 'DAGS_FOLDER/twitter_dag.py', '--cfg-path', '/tmp/tmp_adop7us', '--error-file', '/tmp/tmpa1z12892']
[2023-05-30 15:24:25,590] {standard_task_runner.py:80} INFO - Job 45: Subtask twitter_datascience
[2023-05-30 15:24:25,648] {task_command.py:370} INFO - Running <TaskInstance: TwitterDAG.twitter_datascience scheduled__2023-05-29T00:00:00+00:00 [running]> on host BIRIBA.localdomain
[2023-05-30 15:24:25,750] {taskinstance.py:1569} INFO - Exporting the following env vars:
AIRFLOW_CTX_DAG_OWNER=airflow
AIRFLOW_CTX_DAG_ID=TwitterDAG
AIRFLOW_CTX_TASK_ID=twitter_datascience
AIRFLOW_CTX_EXECUTION_DATE=2023-05-29T00:00:00+00:00
AIRFLOW_CTX_TRY_NUMBER=1
AIRFLOW_CTX_DAG_RUN_ID=scheduled__2023-05-29T00:00:00+00:00
[2023-05-30 15:24:25,759] {base.py:68} INFO - Using connection ID 'twitter_default' for task execution.
[2023-05-30 15:24:25,760] {twitter_hook.py:34} INFO - URL: https://labdados.com/2/tweets/search/recent?query=datascience&tweet.fields=author_id,conversation_id,created_at,id,in_reply_to_user_id,public_metrics,lang,text&expansions=author_id&user.fields=id,name,username,created_at&start_time=2023-05-29T00:00:00.00Z&end_time=2023-05-30T00:00:00.00Z
[2023-05-30 15:24:26,420] {twitter_hook.py:34} INFO - URL: https://labdados.com/2/tweets/search/recent?query=datascience&tweet.fields=author_id,conversation_id,created_at,id,in_reply_to_user_id,public_metrics,lang,text&expansions=author_id&user.fields=id,name,username,created_at&start_time=2023-05-29T00:00:00.00Z&end_time=2023-05-30T00:00:00.00Z&next_token=1234567890abcdef
[2023-05-30 15:24:26,568] {twitter_hook.py:34} INFO - URL: https://labdados.com/2/tweets/search/recent?query=datascience&tweet.fields=author_id,conversation_id,created_at,id,in_reply_to_user_id,public_metrics,lang,text&expansions=author_id&user.fields=id,name,username,created_at&start_time=2023-05-29T00:00:00.00Z&end_time=2023-05-30T00:00:00.00Z&next_token=1234567890abcdef
[2023-05-30 15:24:26,725] {taskinstance.py:1395} INFO - Marking task as SUCCESS. dag_id=TwitterDAG, task_id=twitter_datascience, execution_date=20230529T000000, start_date=20230530T182425, end_date=20230530T182426
[2023-05-30 15:24:26,808] {local_task_job.py:156} INFO - Task exited with return code 0
[2023-05-30 15:24:26,838] {local_task_job.py:273} INFO - 1 downstream tasks scheduled from follow-on schedule check
[2023-05-30 15:56:22,521] {taskinstance.py:1159} INFO - Dependencies all met for <TaskInstance: TwitterDAG.twitter_datascience scheduled__2023-05-29T00:00:00+00:00 [queued]>
[2023-05-30 15:56:22,528] {taskinstance.py:1159} INFO - Dependencies all met for <TaskInstance: TwitterDAG.twitter_datascience scheduled__2023-05-29T00:00:00+00:00 [queued]>
[2023-05-30 15:56:22,528] {taskinstance.py:1356} INFO - 
--------------------------------------------------------------------------------
[2023-05-30 15:56:22,528] {taskinstance.py:1357} INFO - Starting attempt 1 of 1
[2023-05-30 15:56:22,528] {taskinstance.py:1358} INFO - 
--------------------------------------------------------------------------------
[2023-05-30 15:56:22,549] {taskinstance.py:1377} INFO - Executing <Task(TwitterOperator): twitter_datascience> on 2023-05-29 00:00:00+00:00
[2023-05-30 15:56:22,552] {standard_task_runner.py:52} INFO - Started process 28351 to run task
[2023-05-30 15:56:22,555] {standard_task_runner.py:79} INFO - Running: ['airflow', 'tasks', 'run', 'TwitterDAG', 'twitter_datascience', 'scheduled__2023-05-29T00:00:00+00:00', '--job-id', '49', '--raw', '--subdir', 'DAGS_FOLDER/twitter_dag.py', '--cfg-path', '/tmp/tmp_axuvi3i', '--error-file', '/tmp/tmp70u1hkz1']
[2023-05-30 15:56:22,555] {standard_task_runner.py:80} INFO - Job 49: Subtask twitter_datascience
[2023-05-30 15:56:22,598] {task_command.py:370} INFO - Running <TaskInstance: TwitterDAG.twitter_datascience scheduled__2023-05-29T00:00:00+00:00 [running]> on host BIRIBA.localdomain
[2023-05-30 15:56:22,658] {taskinstance.py:1569} INFO - Exporting the following env vars:
AIRFLOW_CTX_DAG_OWNER=airflow
AIRFLOW_CTX_DAG_ID=TwitterDAG
AIRFLOW_CTX_TASK_ID=twitter_datascience
AIRFLOW_CTX_EXECUTION_DATE=2023-05-29T00:00:00+00:00
AIRFLOW_CTX_TRY_NUMBER=1
AIRFLOW_CTX_DAG_RUN_ID=scheduled__2023-05-29T00:00:00+00:00
[2023-05-30 15:56:22,663] {base.py:68} INFO - Using connection ID 'twitter_default' for task execution.
[2023-05-30 15:56:22,664] {twitter_hook.py:34} INFO - URL: https://labdados.com/2/tweets/search/recent?query=datascience&tweet.fields=author_id,conversation_id,created_at,id,in_reply_to_user_id,public_metrics,lang,text&expansions=author_id&user.fields=id,name,username,created_at&start_time=2023-05-29T00:00:00.00Z&end_time=2023-05-30T00:00:00.00Z
[2023-05-30 15:56:23,305] {taskinstance.py:1395} INFO - Marking task as SUCCESS. dag_id=TwitterDAG, task_id=twitter_datascience, execution_date=20230529T000000, start_date=20230530T185622, end_date=20230530T185623
[2023-05-30 15:56:23,372] {local_task_job.py:156} INFO - Task exited with return code 0
[2023-05-30 15:56:23,434] {local_task_job.py:273} INFO - 1 downstream tasks scheduled from follow-on schedule check
