[2023-05-26 15:09:08,219] {processor.py:153} INFO - Started process (PID=8321) to work on /home/raf/pipeline/lib/python3.9/site-packages/airflow/example_dags/subdags/subdag.py
[2023-05-26 15:09:08,248] {processor.py:641} INFO - Processing file /home/raf/pipeline/lib/python3.9/site-packages/airflow/example_dags/subdags/subdag.py for tasks to queue
[2023-05-26 15:09:08,250] {logging_mixin.py:115} INFO - [2023-05-26 15:09:08,249] {dagbag.py:507} INFO - Filling up the DagBag from /home/raf/pipeline/lib/python3.9/site-packages/airflow/example_dags/subdags/subdag.py
[2023-05-26 15:09:08,252] {processor.py:653} WARNING - No viable dags retrieved from /home/raf/pipeline/lib/python3.9/site-packages/airflow/example_dags/subdags/subdag.py
[2023-05-26 15:09:08,284] {processor.py:161} INFO - Processing /home/raf/pipeline/lib/python3.9/site-packages/airflow/example_dags/subdags/subdag.py took 0.071 seconds
[2023-05-26 15:12:42,266] {processor.py:153} INFO - Started process (PID=8868) to work on /home/raf/pipeline/lib/python3.9/site-packages/airflow/example_dags/subdags/subdag.py
[2023-05-26 15:12:42,281] {processor.py:641} INFO - Processing file /home/raf/pipeline/lib/python3.9/site-packages/airflow/example_dags/subdags/subdag.py for tasks to queue
[2023-05-26 15:12:42,282] {logging_mixin.py:115} INFO - [2023-05-26 15:12:42,282] {dagbag.py:507} INFO - Filling up the DagBag from /home/raf/pipeline/lib/python3.9/site-packages/airflow/example_dags/subdags/subdag.py
[2023-05-26 15:12:42,284] {processor.py:653} WARNING - No viable dags retrieved from /home/raf/pipeline/lib/python3.9/site-packages/airflow/example_dags/subdags/subdag.py
[2023-05-26 15:12:42,297] {processor.py:161} INFO - Processing /home/raf/pipeline/lib/python3.9/site-packages/airflow/example_dags/subdags/subdag.py took 0.035 seconds
[2023-05-26 15:13:35,699] {processor.py:153} INFO - Started process (PID=8954) to work on /home/raf/pipeline/lib/python3.9/site-packages/airflow/example_dags/subdags/subdag.py
[2023-05-26 15:13:35,710] {processor.py:641} INFO - Processing file /home/raf/pipeline/lib/python3.9/site-packages/airflow/example_dags/subdags/subdag.py for tasks to queue
[2023-05-26 15:13:35,711] {logging_mixin.py:115} INFO - [2023-05-26 15:13:35,711] {dagbag.py:507} INFO - Filling up the DagBag from /home/raf/pipeline/lib/python3.9/site-packages/airflow/example_dags/subdags/subdag.py
[2023-05-26 15:13:35,713] {processor.py:653} WARNING - No viable dags retrieved from /home/raf/pipeline/lib/python3.9/site-packages/airflow/example_dags/subdags/subdag.py
[2023-05-26 15:13:35,740] {processor.py:161} INFO - Processing /home/raf/pipeline/lib/python3.9/site-packages/airflow/example_dags/subdags/subdag.py took 0.056 seconds
[2023-05-26 15:14:21,809] {processor.py:153} INFO - Started process (PID=9059) to work on /home/raf/pipeline/lib/python3.9/site-packages/airflow/example_dags/subdags/subdag.py
[2023-05-26 15:14:21,813] {processor.py:641} INFO - Processing file /home/raf/pipeline/lib/python3.9/site-packages/airflow/example_dags/subdags/subdag.py for tasks to queue
[2023-05-26 15:14:21,814] {logging_mixin.py:115} INFO - [2023-05-26 15:14:21,814] {dagbag.py:507} INFO - Filling up the DagBag from /home/raf/pipeline/lib/python3.9/site-packages/airflow/example_dags/subdags/subdag.py
[2023-05-26 15:14:21,816] {processor.py:653} WARNING - No viable dags retrieved from /home/raf/pipeline/lib/python3.9/site-packages/airflow/example_dags/subdags/subdag.py
[2023-05-26 15:14:21,844] {processor.py:161} INFO - Processing /home/raf/pipeline/lib/python3.9/site-packages/airflow/example_dags/subdags/subdag.py took 0.050 seconds
[2023-05-26 15:15:08,448] {processor.py:153} INFO - Started process (PID=9137) to work on /home/raf/pipeline/lib/python3.9/site-packages/airflow/example_dags/subdags/subdag.py
[2023-05-26 15:15:08,457] {processor.py:641} INFO - Processing file /home/raf/pipeline/lib/python3.9/site-packages/airflow/example_dags/subdags/subdag.py for tasks to queue
[2023-05-26 15:15:08,458] {logging_mixin.py:115} INFO - [2023-05-26 15:15:08,458] {dagbag.py:507} INFO - Filling up the DagBag from /home/raf/pipeline/lib/python3.9/site-packages/airflow/example_dags/subdags/subdag.py
[2023-05-26 15:15:08,462] {processor.py:653} WARNING - No viable dags retrieved from /home/raf/pipeline/lib/python3.9/site-packages/airflow/example_dags/subdags/subdag.py
[2023-05-26 15:15:08,508] {processor.py:161} INFO - Processing /home/raf/pipeline/lib/python3.9/site-packages/airflow/example_dags/subdags/subdag.py took 0.076 seconds
